<?xml version="1.0" encoding="utf-8" standalone="yes"?>
<!--Tiled2Unity generated xml data-->
<!--Do not modify by hand-->
<!--Last exported: 1/17/2017 1:36:06 PM-->
<Tiled2Unity version="1.0.9.4">
  <AssignMaterial mesh="mesh_0001" material="terrain" />
  <AssignMaterial mesh="mesh_0002" material="terrain" />
  <AssignMaterial mesh="mesh_0003" material="terrain" />
  <AssignMaterial mesh="mesh_0004" material="terrain" />
  <AssignMaterial mesh="mesh_0005" material="terrain" />
  <Prefab name="test-map" orientation="Orthogonal" staggerAxis="Y" staggerIndex="Odd" hexSideLength="0" numLayers="5" numTilesWide="100" numTilesHigh="100" tileWidth="32" tileHeight="32" exportScale="1" mapWidthInPixels="3200" mapHeightInPixels="3200">
    <GameObject name="Ash" x="0" y="0" z="0">
      <GameObject name="terrain" copy="mesh_0001" sortingLayerName="" sortingOrder="0" opacity="1" />
      <GameObject name="Collision">
        <PolygonCollider2D>
          <Path>1523,-934 1523,-742 1587,-742 1587,-646 1597,-646 1597,-710 1725,-710 1725,-742 1753,-742 1753,-744 1755,-744 1755,-742 1757,-742 1757,-774 1785,-774 1785,-776 1787,-776 1787,-774 1875,-774 1875,-663 1843,-663 1843,-631 1747,-631 1747,-567 1715,-567 1715,-535 1619,-535 1619,-422 1629,-422 1629,-518 1721,-518 1721,-520 1723,-520 1723,-518 1747,-518 1747,-486 1753,-486 1753,-488 1755,-488 1755,-486 1779,-486 1779,-422 1811,-422 1811,-311 1747,-311 1747,-279 1715,-279 1715,-215 1651,-215 1651,-183 1587,-183 1587,-151 1309,-151 1309,-183 1149,-183 1149,-215 1139,-215 1139,-151 1075,-151 1075,-119 925,-119 925,-247 915,-247 915,-183 883,-183 883,-87 765,-87 765,-262 797,-262 797,-279 669,-279 669,-343 659,-343 659,-311 541,-311 541,-343 445,-343 445,-407 413,-407 413,-710 445,-710 445,-742 477,-742 477,-806 509,-806 509,-838 601,-838 601,-840 603,-840 603,-838 627,-838 627,-806 765,-806 765,-902 797,-902 797,-1030 829,-1030 829,-1094 861,-1094 861,-1126 925,-1126 925,-1158 989,-1158 989,-1190 1171,-1190 1171,-1158 1203,-1158 1203,-1094 1213,-1094 1213,-1158 1273,-1158 1273,-1160 1275,-1160 1275,-1158 1305,-1158 1305,-1160 1307,-1160 1307,-1158 1331,-1158 1331,-1094 1427,-1094 1427,-1062 1491,-1062 1491,-934</Path>
          <Path>1427,-343 1427,-326 1469,-326 1469,-343</Path>
          <Path>851,-375 851,-358 861,-358 861,-375</Path>
          <Path>883,-471 883,-390 893,-390 893,-471</Path>
          <Path>563,-631 531,-631 531,-454 563,-454 563,-422 637,-422 637,-454 669,-454 669,-503 605,-503 605,-614 701,-614 701,-631 637,-631 637,-695 563,-695</Path>
          <Path>603,-549 601,-549 601,-552 603,-552</Path>
          <Path>571,-613 569,-613 569,-616 571,-616</Path>
          <Path>1235,-742 1235,-599 1139,-599 1139,-582 1177,-582 1177,-584 1179,-584 1179,-582 1209,-582 1209,-584 1211,-584 1211,-582 1245,-582 1245,-646 1277,-646 1277,-710 1341,-710 1341,-727 1277,-727 1277,-791 1213,-791 1213,-823 1053,-823 1053,-887 1021,-887 1021,-998 1053,-998 1053,-1062 1085,-1062 1085,-1079 1043,-1079 1043,-1047 979,-1047 979,-1015 947,-1015 947,-983 915,-983 915,-966 921,-966 921,-968 923,-968 923,-966 979,-966 979,-823 915,-823 915,-774 921,-774 921,-776 923,-776 923,-774 979,-774 979,-710 1017,-710 1017,-712 1019,-712 1019,-710 1043,-710 1043,-614 1049,-614 1049,-616 1051,-616 1051,-614 1113,-614 1113,-616 1115,-616 1115,-614 1117,-614 1117,-742</Path>
          <Path>1243,-613 1241,-613 1241,-616 1243,-616</Path>
          <Path>1083,-677 1081,-677 1081,-680 1083,-680</Path>
          <Path>1243,-677 1241,-677 1241,-680 1243,-680</Path>
          <Path>1275,-677 1273,-677 1273,-680 1275,-680</Path>
          <Path>1051,-677 1049,-677 1049,-680 1051,-680</Path>
          <Path>987,-773 985,-773 985,-776 987,-776</Path>
          <Path>1083,-805 1081,-805 1081,-808 1083,-808</Path>
          <Path>1051,-805 1049,-805 1049,-808 1051,-808</Path>
          <Path>1019,-837 1017,-837 1017,-840 1019,-840</Path>
          <Path>1019,-869 1017,-869 1017,-872 1019,-872</Path>
          <Path>987,-1029 985,-1029 985,-1032 987,-1032</Path>
          <Path>1019,-1029 1017,-1029 1017,-1032 1019,-1032</Path>
          <Path>1021,-582 1021,-599 979,-599 979,-582</Path>
          <Path>1401,-614 1401,-616 1403,-616 1403,-614 1437,-614 1437,-695 1395,-695 1395,-614</Path>
          <Path>1435,-677 1433,-677 1433,-680 1435,-680</Path>
          <Path>1395,-838 1395,-806 1405,-806 1405,-887 1331,-887 1331,-838</Path>
          <Path>1277,-919 1267,-919 1267,-902 1277,-902</Path>
          <Path>1277,-1047 1267,-1047 1267,-1030 1273,-1030 1273,-1032 1275,-1032 1275,-1030 1277,-1030</Path>
          <Path>1787,-485 1785,-485 1785,-488 1787,-488</Path>
          <Path>1627,-485 1625,-485 1625,-488 1627,-488</Path>
          <Path>1851,-517 1849,-517 1849,-520 1851,-520</Path>
          <Path>1819,-581 1817,-581 1817,-584 1819,-584</Path>
          <Path>1787,-613 1785,-613 1785,-616 1787,-616</Path>
          <Path>1595,-741 1593,-741 1593,-744 1595,-744</Path>
          <Path>1627,-741 1625,-741 1625,-744 1627,-744</Path>
          <Path>1659,-741 1657,-741 1657,-744 1659,-744</Path>
          <Path>1691,-741 1689,-741 1689,-744 1691,-744</Path>
          <Path>1563,-934 1651,-934 1651,-791 1533,-791 1533,-934 1561,-934 1561,-936 1563,-936</Path>
          <Path>1755,-805 1753,-805 1753,-808 1755,-808</Path>
          <Path>1787,-805 1785,-805 1785,-808 1787,-808</Path>
          <Path>1883,-837 1881,-837 1881,-840 1883,-840</Path>
          <Path>1915,-869 1913,-869 1913,-872 1915,-872</Path>
          <Path>1531,-901 1529,-901 1529,-904 1531,-904</Path>
          <Path>763,-901 761,-901 761,-904 763,-904</Path>
          <Path>635,-901 633,-901 633,-904 635,-904</Path>
          <Path>667,-901 665,-901 665,-904 667,-904</Path>
          <Path>731,-901 729,-901 729,-904 731,-904</Path>
          <Path>667,-933 665,-933 665,-936 667,-936</Path>
          <Path>1563,-997 1561,-997 1561,-1000 1563,-1000</Path>
          <Path>1691,-997 1689,-997 1689,-1000 1691,-1000</Path>
          <Path>1563,-1029 1561,-1029 1561,-1032 1563,-1032</Path>
          <Path>1691,-1029 1689,-1029 1689,-1032 1691,-1032</Path>
          <Path>1435,-1093 1433,-1093 1433,-1096 1435,-1096</Path>
          <Path>1499,-1093 1497,-1093 1497,-1096 1499,-1096</Path>
          <Path>1531,-1093 1529,-1093 1529,-1096 1531,-1096</Path>
          <Path>1435,-1125 1433,-1125 1433,-1128 1435,-1128</Path>
          <Path>1531,-1125 1529,-1125 1529,-1128 1531,-1128</Path>
          <Path>1339,-1125 1337,-1125 1337,-1128 1339,-1128</Path>
          <Path>1435,-1157 1433,-1157 1433,-1160 1435,-1160</Path>
          <Path>1531,-1157 1529,-1157 1529,-1160 1531,-1160</Path>
          <Path>1211,-1157 1209,-1157 1209,-1160 1211,-1160</Path>
          <Path>987,-1189 985,-1189 985,-1192 987,-1192</Path>
          <Path>1467,-1189 1465,-1189 1465,-1192 1467,-1192</Path>
          <Path>1275,-1189 1273,-1189 1273,-1192 1275,-1192</Path>
          <Path>1307,-1189 1305,-1189 1305,-1192 1307,-1192</Path>
          <Path>1019,-1221 1017,-1221 1017,-1224 1019,-1224</Path>
          <Path>1083,-1253 1081,-1253 1081,-1256 1083,-1256</Path>
          <Path>1243,-1253 1241,-1253 1241,-1256 1243,-1256</Path>
          <Path>1371,-1253 1369,-1253 1369,-1256 1371,-1256</Path>
          <Path>1147,-1285 1145,-1285 1145,-1288 1147,-1288</Path>
          <Path>1179,-1285 1177,-1285 1177,-1288 1179,-1288</Path>
          <Path>1211,-1285 1209,-1285 1209,-1288 1211,-1288</Path>
        </PolygonCollider2D>
      </GameObject>
    </GameObject>
    <GameObject name="Path" x="0" y="0" z="0">
      <GameObject name="terrain" copy="mesh_0002" sortingLayerName="" sortingOrder="1" opacity="1" />
    </GameObject>
    <GameObject name="Lava" x="0" y="0" z="0">
      <GameObject name="terrain" copy="mesh_0003" sortingLayerName="" sortingOrder="2" opacity="1" />
    </GameObject>
    <GameObject name="RockBase" x="0" y="0" z="0">
      <GameObject name="terrain" copy="mesh_0004" sortingLayerName="" sortingOrder="3" opacity="1" />
    </GameObject>
    <GameObject name="Rock Top" x="0" y="0" z="0">
      <GameObject name="terrain" copy="mesh_0005" sortingLayerName="" sortingOrder="4" opacity="1" />
    </GameObject>
  </Prefab>
  <ImportMesh filename="test-map.obj">IyBXYXZlZnJvbnQgT0JKIGZpbGUgYXV0b21hdGljYWxseSBnZW5lcmF0ZWQgYnkgVGlsZWQyVW5pdHkKCiMgVmVydGljZXMgKENvdW50ID0gMTAyMDEpCnYgMCAtMzIgMAp2IC0zMiAtMzIgMAp2IC0zMiAwIDAKdiAwIDAgMAp2IC02NCAtMzIgMAp2IC02NCAwIDAKdiAtOTYgLTMyIDAKdiAtOTYgMCAwCnYgLTEyOCAtMzIgMAp2IC0xMjggMCAwCnYgLTE2MCAtMzIgMAp2IC0xNjAgMCAwCnYgLTE5MiAtMzIgMAp2IC0xOTIgMCAwCnYgLTIyNCAtMzIgMAp2IC0yMjQgMCAwCnYgLTI1NiAtMzIgMAp2IC0yNTYgMCAwCnYgLTI4OCAtMzIgMAp2IC0yODggMCAwCnYgLTMyMCAtMzIgMAp2IC0zMjAgMCAwCnYgLTM1MiAtMzIgMAp2IC0zNTIgMCAwCnYgLTM4NCAtMzIgMAp2IC0zODQgMCAwCnYgLTQxNiAtMzIgMAp2IC00MTYgMCAwCnYgLTQ0OCAtMzIgMAp2IC00NDggMCAwCnYgLTQ4MCAtMzIgMAp2IC00ODAgMCAwCnYgLTUxMiAtMzIgMAp2IC01MTIgMCAwCnYgLTU0NCAtMzIgMAp2IC01NDQgMCAwCnYgLTU3NiAtMzIgMAp2IC01NzYgMCAwCnYgLTYwOCAtMzIgMAp2IC02MDggMCAwCnYgLTY0MCAtMzIgMAp2IC02NDAgMCAwCnYgLTY3MiAtMzIgMAp2IC02NzIgMCAwCnYgLTcwNCAtMzIgMAp2IC03MDQgMCAwCnYgLTczNiAtMzIgMAp2IC03MzYgMCAwCnYgLTc2OCAtMzIgMAp2IC03NjggMCAwCnYgLTgwMCAtMzIgMAp2IC04MDAgMCAwCnYgLTgzMiAtMzIgMAp2IC04MzIgMCAwCnYgLTg2NCAtMzIgMAp2IC04NjQgMCAwCnYgLTg5NiAtMzIgMAp2IC04OTYgMCAwCnYgLTkyOCAtMzIgMAp2IC05MjggMCAwCnYgLTk2MCAtMzIgMAp2IC05NjAgMCAwCnYgLTk5MiAtMzIgMAp2IC05OTIgMCAwCnYgLTEwMjQgLTMyIDAKdiAtMTAyNCAwIDAKdiAtMTA1NiAtMzIgMAp2IC0xMDU2IDAgMAp2IC0xMDg4IC0zMiAwCnYgLTEwODggMCAwCnYgLTExMjAgLTMyIDAKdiAtMTEyMCAwIDAKdiAtMTE1MiAtMzIgMAp2IC0xMTUyIDAgMAp2IC0xMTg0IC0zMiAwCnYgLTExODQgMCAwCnYgLTEyMTYgLTMyIDAKdiAtMTIxNiAwIDAKdiAtMTI0OCAtMzIgMAp2IC0xMjQ4IDAgMAp2IC0xMjgwIC0zMiAwCnYgLTEyODAgMCAwCnYgLTEzMTIgLTMyIDAKdiAtMTMxMiAwIDAKdiAtMTM0NCAtMzIgMAp2IC0xMzQ0IDAgMAp2IC0xMzc2IC0zMiAwCnYgLTEzNzYgMCAwCnYgLTE0MDggLTMyIDAKdiAtMTQwOCAwIDAKdiAtMTQ0MCAtMzIgMAp2IC0xNDQwIDAgMAp2IC0xNDcyIC0zMiAwCnYgLTE0NzIgMCAwCnYgLTE1MDQgLTMyIDAKdiAtMTUwNCAwIDAKdiAtMTUzNiAtMzIgMAp2IC0xNTM2IDAgMAp2IC0xNTY4IC0zMiAwCnYgLTE1NjggMCAwCnYgLTE2MDAgLTMyIDAKdiAtMTYwMCAwIDAKdiAtMTYzMiAtMzIgMAp2IC0xNjMyIDAgMAp2IC0xNjY0IC0zMiAwCnYgLTE2NjQgMCAwCnYgLTE2OTYgLTMyIDAKdiAtMTY5NiAwIDAKdiAtMTcyOCAtMzIgMAp2IC0xNzI4IDAgMAp2IC0xNzYwIC0zMiAwCnYgLTE3NjAgMCAwCnYgLTE3OTIgLTMyIDAKdiAtMTc5MiAwIDAKdiAtMTgyNCAtMzIgMAp2IC0xODI0IDAgMAp2IC0xODU2IC0zMiAwCnYgLTE4NTYgMCAwCnYgLTE4ODggLTMyIDAKdiAtMTg4OCAwIDAKdiAtMTkyMCAtMzIgMAp2IC0xOTIwIDAgMAp2IC0xOTUyIC0zMiAwCnYgLTE5NTIgMCAwCnYgLTE5ODQgLTMyIDAKdiAtMTk4NCAwIDAKdiAtMjAxNiAtMzIgMAp2IC0yMDE2IDAgMAp2IC0yMDQ4IC0zMiAwCnYgLTIwNDggMCAwCnYgLTIwODAgLTMyIDAKdiAtMjA4MCAwIDAKdiAtMjExMiAtMzIgMAp2IC0yMTEyIDAgMAp2IC0yMTQ0IC0zMiAwCnYgLTIxNDQgMCAwCnYgLTIxNzYgLTMyIDAKdiAtMjE3NiAwIDAKdiAtMjIwOCAtMzIgMAp2IC0yMjA4IDAgMAp2IC0yMjQwIC0zMiAwCnYgLTIyNDAgMCAwCnYgLTIyNzIgLTMyIDAKdiAtMjI3MiAwIDAKdiAtMjMwNCAtMzIgMAp2IC0yMzA0IDAgMAp2IC0yMzM2IC0zMiAwCnYgLTIzMzYgMCAwCnYgLTIzNjggLTMyIDAKdiAtMjM2OCAwIDAKdiAtMjQwMCAtMzIgMAp2IC0yNDAwIDAgMAp2IC0yNDMyIC0zMiAwCnYgLTI0MzIgMCAwCnYgLTI0NjQgLTMyIDAKdiAtMjQ2NCAwIDAKdiAtMjQ5NiAtMzIgMAp2IC0yNDk2IDAgMAp2IC0yNTI4IC0zMiAwCnYgLTI1MjggMCAwCnYgLTI1NjAgLTMyIDAKdiAtMjU2MCAwIDAKdiAtMjU5MiAtMzIgMAp2IC0yNTkyIDAgMAp2IC0yNjI0IC0zMiAwCnYgLTI2MjQgMCAwCnYgLTI2NTYgLTMyIDAKdiAtMjY1NiAwIDAKdiAtMjY4OCAtMzIgMAp2IC0yNjg4IDAgMAp2IC0yNzIwIC0zMiAwCnYgLTI3MjAgMCAwCnYgLTI3NTIgLTMyIDAKdiAtMjc1MiAwIDAKdiAtMjc4NCAtMzIgMAp2IC0yNzg0IDAgMAp2IC0yODE2IC0zMiAwCnYgLTI4MTYgMCAwCnYgLTI4NDggLTMyIDAKdiAtMjg0OCAwIDAKdiAtMjg4MCAtMzIgMAp2IC0yODgwIDAgMAp2IC0yOTEyIC0zMiAwCnYgLTI5MTIgMCAwCnYgLTI5NDQgLTMyIDAKdiAtMjk0NCAwIDAKdiAtMjk3NiAtMzIgMAp2IC0yOTc2IDAgMAp2IC0zMDA4IC0zMiAwCnYgLTMwMDggMCAwCnYgLTMwNDAgLTMyIDAKdiAtMzA0MCAwIDAKdiAtMzA3MiAtMzIgMAp2IC0zMDcyIDAgMAp2IC0zMTA0IC0zMiAwCnYgLTMxMDQgMCAwCnYgLTMxMzYgLTMyIDAKdiAtMzEzNiAwIDAKdiAtMzE2OCAtMzIgMAp2IC0zMTY4IDAgMAp2IC0zMjAwIC0zMiAwCnYgLTMyMDAgMCAwCnYgMCAtNjQgMAp2IC0zMiAtNjQgMAp2IC02NCAtNjQgMAp2IC05NiAtNjQgMAp2IC0xMjggLTY0IDAKdiAtMTYwIC02NCAwCnYgLTE5MiAtNjQgMAp2IC0yMjQgLTY0IDAKdiAtMjU2IC02NCAwCnYgLTI4OCAtNjQgMAp2IC0zMjAgLTY0IDAKdiAtMzUyIC02NCAwCnYgLTM4NCAtNjQgMAp2IC00MTYgLTY0IDAKdiAtNDQ4IC02NCAwCnYgLTQ4MCAtNjQgMAp2IC01MTIgLTY0IDAKdiAtNTQ0IC02NCAwCnYgLTU3NiAtNjQgMAp2IC02MDggLTY0IDAKdiAtNjQwIC02NCAwCnYgLTY3MiAtNjQgMAp2IC03MDQgLTY0IDAKdiAtNzM2IC02NCAwCnYgLTc2OCAtNjQgMAp2IC04MDAgLTY0IDAKdiAtODMyIC02NCAwCnYgLTg2NCAtNjQgMAp2IC04OTYgLTY0IDAKdiAtOTI4IC02NCAwCnYgLTk2MCAtNjQgMAp2IC05OTIgLTY0IDAKdiAtMTAyNCAtNjQgMAp2IC0xMDU2IC02NCAwCnYgLTEwODggLTY0IDAKdiAtMTEyMCAtNjQgMAp2IC0xMTUyIC02NCAwCnYgLTExODQgLTY0IDAKdiAtMTIxNiAtNjQgMAp2IC0xMjQ4IC02NCAwCnYgLTEyODAgLTY0IDAKdiAtMTMxMiAtNjQgMAp2IC0xMzQ0IC02NCAwCnYgLTEzNzYgLTY0IDAKdiAtMTQwOCAtNjQgMAp2IC0xNDQwIC02NCAwCnYgLTE0NzIgLTY0IDAKdiAtMTUwNCAtNjQgMAp2IC0xNTM2IC02NCAwCnYgLTE1NjggLTY0IDAKdiAtMTYwMCAtNjQgMAp2IC0xNjMyIC02NCAwCnYgLTE2NjQgLTY0IDAKdiAtMTY5NiAtNjQgMAp2IC0xNzI4IC02NCAwCnYgLTE3NjAgLTY0IDAKdiAtMTc5MiAtNjQgMAp2IC0xODI0IC02NCAwCnYgLTE4NTYgLTY0IDAKdiAtMTg4OCAtNjQgMAp2IC0xOTIwIC02NCAwCnYgLTE5NTIgLTY0IDAKdiAtMTk4NCAtNjQgMAp2IC0yMDE2IC02NCAwCnYgLTIwNDggLTY0IDAKdiAtMjA4MCAtNjQgMAp2IC0yMTEyIC02NCAwCnYgLTIxNDQgLTY0IDAKdiAtMjE3NiAtNjQgMAp2IC0yMjA4IC02NCAwCnYgLTIyNDAgLTY0IDAKdiAtMjI3MiAtNjQgMAp2IC0yMzA0IC02NCAwCnYgLTIzMzYgLTY0IDAKdiAtMjM2OCAtNjQgMAp2IC0yNDAwIC02NCAwCnYgLTI0MzIgLTY0IDAKdiAtMjQ2NCAtNjQgMAp2IC0yNDk2IC02NCAwCnYgLTI1MjggLTY0IDAKdiAtMjU2MCAtNjQgMAp2IC0yNTkyIC02NCAwCnYgLTI2MjQgLTY0IDAKdiAtMjY1NiAtNjQgMAp2IC0yNjg4IC02NCAwCnYgLTI3MjAgLTY0IDAKdiAtMjc1MiAtNjQgMAp2IC0yNzg0IC02NCAwCnYgLTI4MTYgLTY0IDAKdiAtMjg0OCAtNjQgMAp2IC0yODgwIC02NCAwCnYgLTI5MTIgLTY0IDAKdiAtMjk0NCAtNjQgMAp2IC0yOTc2IC02NCAwCnYgLTMwMDggLTY0IDAKdiAtMzA0MCAtNjQgMAp2IC0zMDcyIC02NCAwCnYgLTMxMDQgLTY0IDAKdiAtMzEzNiAtNjQgMAp2IC0zMTY4IC02NCAwCnYgLTMyMDAgLTY0IDAKdiAwIC05NiAwCnYgLTMyIC05NiAwCnYgLTY0IC05NiAwCnYgLTk2IC05NiAwCnYgLTEyOCAtOTYgMAp2IC0xNjAgLTk2IDAKdiAtMTkyIC05NiAwCnYgLTIyNCAtOTYgMAp2IC0yNTYgLTk2IDAKdiAtMjg4IC05NiAwCnYgLTMyMCAtOTYgMAp2IC0zNTIgLTk2IDAKdiAtMzg0IC05NiAwCnYgLTQxNiAtOTYgMAp2IC00NDggLTk2IDAKdiAtNDgwIC05NiAwCnYgLTUxMiAtOTYgMAp2IC01NDQgLTk2IDAKdiAtNTc2IC05NiAwCnYgLTYwOCAtOTYgMAp2IC02NDAgLTk2IDAKdiAtNjcyIC05NiAwCnYgLTcwNCAtOTYgMAp2IC03MzYgLTk2IDAKdiAtNzY4IC05NiAwCnYgLTgwMCAtOTYgMAp2IC04MzIgLTk2IDAKdiAtODY0IC05NiAwCnYgLTg5NiAtOTYgMAp2IC05MjggLTk2IDAKdiAtOTYwIC05NiAwCnYgLTk5MiAtOTYgMAp2IC0xMDI0IC05NiAwCnYgLTEwNTYgLTk2IDAKdiAtMTA4OCAtOTYgMAp2IC0xMTIwIC05NiAwCnYgLTExNTIgLTk2IDAKdiAtMTE4NCAtOTYgMAp2IC0xMjE2IC05NiAwCnYgLTEyNDggLTk2IDAKdiAtMTI4MCAtOTYgMAp2IC0xMzEyIC05NiAwCnYgLTEzNDQgLTk2IDAKdiAtMTM3NiAtOTYgMAp2IC0xNDA4IC05NiAwCnYgLTE0NDAgLTk2IDAKdiAtMTQ3MiAtOTYgMAp2IC0xNTA0IC05NiAwCnYgLTE1MzYgLTk2IDAKdiAtMTU2OCAtOTYgMAp2IC0xNjAwIC05NiAwCnYgLTE2MzIgLTk2IDAKdiAtMTY2NCAtOTYgMAp2IC0xNjk2IC05NiAwCnYgLTE3MjggLTk2IDAKdiAtMTc2MCAtOTYgMAp2IC0xNzkyIC05NiAwCnYgLTE4MjQgLTk2IDAKdiAtMTg1NiAtOTYgMAp2IC0xODg4IC05NiAwCnYgLTE5MjAgLTk2IDAKdiAtMTk1MiAtOTYgMAp2IC0xOTg0IC05NiAwCnYgLTIwMTYgLTk2IDAKdiAtMjA0OCAtOTYgMAp2IC0yMDgwIC05NiAwCnYgLTIxMTIgLTk2IDAKdiAtMjE0NCAtOTYgMAp2IC0yMTc2IC05NiAwCnYgLTIyMDggLTk2IDAKdiAtMjI0MCAtOTYgMAp2IC0yMjcyIC05NiAwCnYgLTIzMDQgLTk2IDAKdiAtMjMzNiAtOTYgMAp2IC0yMzY4IC05NiAwCnYgLTI0MDAgLTk2IDAKdiAtMjQzMiAtOTYgMAp2IC0yNDY0IC05NiAwCnYgLTI0OTYgLTk2IDAKdiAtMjUyOCAtOTYgMAp2IC0yNTYwIC05NiAwCnYgLTI1OTIgLTk2IDAKdiAtMjYyNCAtOTYgMAp2IC0yNjU2IC05NiAwCnYgLTI2ODggLTk2IDAKdiAtMjcyMCAtOTYgMAp2IC0yNzUyIC05NiAwCnYgLTI3ODQgLTk2IDAKdiAtMjgxNiAtOTYgMAp2IC0yODQ4IC05NiAwCnYgLTI4ODAgLTk2IDAKdiAtMjkxMiAtOTYgMAp2IC0yOTQ0IC05NiAwCnYgLTI5NzYgLTk2IDAKdiAtMzAwOCAtOTYgMAp2IC0zMDQwIC05NiAwCnYgLTMwNzIgLTk2IDAKdiAtMzEwNCAtOTYgMAp2IC0zMTM2IC05NiAwCnYgLTMxNjggLTk2IDAKdiAtMzIwMCAtOTYgMAp2IDAgLTEyOCAwCnYgLTMyIC0xMjggMAp2IC02NCAtMTI4IDAKdiAtOTYgLTEyOCAwCnYgLTEyOCAtMTI4IDAKdiAtMTYwIC0xMjggMAp2IC0xOTIgLTEyOCAwCnYgLTIyNCAtMTI4IDAKdiAtMjU2IC0xMjggMAp2IC0yODggLTEyOCAwCnYgLTMyMCAtMTI4IDAKdiAtMzUyIC0xMjggMAp2IC0zODQgLTEyOCAwCnYgLTQxNiAtMTI4IDAKdiAtNDQ4IC0xMjggMAp2IC00ODAgLTEyOCAwCnYgLTUxMiAtMTI4IDAKdiAtNTQ0IC0xMjggMAp2IC01NzYgLTEyOCAwCnYgLTYwOCAtMTI4IDAKdiAtNjQwIC0xMjggMAp2IC02NzIgLTEyOCAwCnYgLTcwNCAtMTI4IDAKdiAtNzM2IC0xMjggMAp2IC03NjggLTEyOCAwCnYgLTgwMCAtMTI4IDAKdiAtODMyIC0xMjggMAp2IC04NjQgLTEyOCAwCnYgLTg5NiAtMTI4IDAKdiAtOTI4IC0xMjggMAp2IC05NjAgLTEyOCAwCnYgLTk5MiAtMTI4IDAKdiAtMTAyNCAtMTI4IDAKdiAtMTA1NiAtMTI4IDAKdiAtMTA4OCAtMTI4IDAKdiAtMTEyMCAtMTI4IDAKdiAtMTE1MiAtMTI4IDAKdiAtMTE4NCAtMTI4IDAKdiAtMTIxNiAtMTI4IDAKdiAtMTI0OCAtMTI4IDAKdiAtMTI4MCAtMTI4IDAKdiAtMTMxMiAtMTI4IDAKdiAtMTM0NCAtMTI4IDAKdiAtMTM3NiAtMTI4IDAKdiAtMTQwOCAtMTI4IDAKdiAtMTQ0MCAtMTI4IDAKdiAtMTQ3MiAtMTI4IDAKdiAtMTUwNCAtMTI4IDAKdiAtMTUzNiAtMTI4IDAKdiAtMTU2OCAtMTI4IDAKdiAtMTYwMCAtMTI4IDAKdiAtMTYzMiAtMTI4IDAKdiAtMTY2NCAtMTI4IDAKdiAtMTY5NiAtMTI4IDAKdiAtMTcyOCAtMTI4IDAKdiAtMTc2MCAtMTI4IDAKdiAtMTc5MiAtMTI4IDAKdiAtMTgyNCAtMTI4IDAKdiAtMTg1NiAtMTI4IDAKdiAtMTg4OCAtMTI4IDAKdiAtMTkyMCAtMTI4IDAKdiAtMTk1MiAtMTI4IDAKdiAtMTk4NCAtMTI4IDAKdiAtMjAxNiAtMTI4IDAKdiAtMjA0OCAtMTI4IDAKdiAtMjA4MCAtMTI4IDAKdiAtMjExMiAtMTI4IDAKdiAtMjE0NCAtMTI4IDAKdiAtMjE3NiAtMTI4IDAKdiAtMjIwOCAtMTI4IDAKdiAtMjI0MCAtMTI4IDAKdiAtMjI3MiAtMTI4IDAKdiAtMjMwNCAtMTI4IDAKdiAtMjMzNiAtMTI4IDAKdiAtMjM2OCAtMTI4IDAKdiAtMjQwMCAtMTI4IDAKdiAtMjQzMiAtMTI4IDAKdiAtMjQ2NCAtMTI4IDAKdiAtMjQ5NiAtMTI4IDAKdiAtMjUyOCAtMTI4IDAKdiAtMjU2MCAtMTI4IDAKdiAtMjU5MiAtMTI4IDAKdiAtMjYyNCAtMTI4IDAKdiAtMjY1NiAtMTI4IDAKdiAtMjY4OCAtMTI4IDAKdiAtMjcyMCAtMTI4IDAKdiAtMjc1MiAtMTI4IDAKdiAtMjc4NCAtMTI4IDAKdiAtMjgxNiAtMTI4IDAKdiAtMjg0OCAtMTI4IDAKdiAtMjg4MCAtMTI4IDAKdiAtMjkxMiAtMTI4IDAKdiAtMjk0NCAtMTI4IDAKdiAtMjk3NiAtMTI4IDAKdiAtMzAwOCAtMTI4IDAKdiAtMzA0MCAtMTI4IDAKdiAtMzA3MiAtMTI4IDAKdiAtMzEwNCAtMTI4IDAKdiAtMzEzNiAtMTI4IDAKdiAtMzE2OCAtMTI4IDAKdiAtMzIwMCAtMTI4IDAKdiAwIC0xNjAgMAp2IC0zMiAtMTYwIDAKdiAtNjQgLTE2MCAwCnYgLTk2IC0xNjAgMAp2IC0xMjggLTE2MCAwCnYgLTE2MCAtMTYwIDAKdiAtMTkyIC0xNjAgMAp2IC0yMjQgLTE2MCAwCnYgLTI1NiAtMTYwIDAKdiAtMjg4IC0xNjAgMAp2IC0zMjAgLTE2MCAwCnYgLTM1MiAtMTYwIDAKdiAtMzg0IC0xNjAgMAp2IC00MTYgLTE2MCAwCnYgLTQ0OCAtMTYwIDAKdiAtNDgwIC0xNjAgMAp2IC01MTIgLTE2MCAwCnYgLTU0NCAtMTYwIDAKdiAtNTc2IC0xNjAgMAp2IC02MDggLTE2MCAwCnYgLTY0MCAtMTYwIDAKdiAtNjcyIC0xNjAgMAp2IC03MDQgLTE2MCAwCnYgLTczNiAtMTYwIDAKdiAtNzY4IC0xNjAgMAp2IC04MDAgLTE2MCAwCnYgLTgzMiAtMTYwIDAKdiAtODY0IC0xNjAgMAp2IC04OTYgLTE2MCAwCnYgLTkyOCAtMTYwIDAKdiAtOTYwIC0xNjAgMAp2IC05OTIgLTE2MCAwCnYgLTEwMjQgLTE2MCAwCnYgLTEwNTYgLTE2MCAwCnYgLTEwODggLTE2MCAwCnYgLTExMjAgLTE2MCAwCnYgLTExNTIgLTE2MCAwCnYgLTExODQgLTE2MCAwCnYgLTEyMTYgLTE2MCAwCnYgLTEyNDggLTE2MCAwCnYgLTEyODAgLTE2MCAwCnYgLTEzMTIgLTE2MCAwCnYgLTEzNDQgLTE2MCAwCnYgLTEzNzYgLTE2MCAwCnYgLTE0MDggLTE2MCAwCnYgLTE0NDAgLTE2MCAwCnYgLTE0NzIgLTE2MCAwCnYgLTE1MDQgLTE2MCAwCnYgLTE1MzYgLTE2MCAwCnYgLTE1NjggLTE2MCAwCnYgLTE2MDAgLTE2MCAwCnYgLTE2MzIgLTE2MCAwCnYgLTE2NjQgLTE2MCAwCnYgLTE2OTYgLTE2MCAwCnYgLTE3MjggLTE2MCAwCnYgLTE3NjAgLTE2MCAwCnYgLTE3OTIgLTE2MCAwCnYgLTE4MjQgLTE2MCAwCnYgLTE4NTYgLTE2MCAwCnYgLTE4ODggLTE2MCAwCnYgLTE5MjAgLTE2MCAwCnYgLTE5NTIgLTE2MCAwCnYgLTE5ODQgLTE2MCAwCnYgLTIwMTYgLTE2MCAwCnYgLTIwNDggLTE2MCAwCnYgLTIwODAgLTE2MCAwCnYgLTIxMTIgLTE2MCAwCnYgLTIxNDQgLTE2MCAwCnYgLTIxNzYgLTE2MCAwCnYgLTIyMDggLTE2MCAwCnYgLTIyNDAgLTE2MCAwCnYgLTIyNzIgLTE2MCAwCnYgLTIzMDQgLTE2MCAwCnYgLTIzMzYgLTE2MCAwCnYgLTIzNjggLTE2MCAwCnYgLTI0MDAgLTE2MCAwCnYgLTI0MzIgLTE2MCAwCnYgLTI0NjQgLTE2MCAwCnYgLTI0OTYgLTE2MCAwCnYgLTI1MjggLTE2MCAwCnYgLTI1NjAgLTE2MCAwCnYgLTI1OTIgLTE2MCAwCnYgLTI2MjQgLTE2MCAwCnYgLTI2NTYgLTE2MCAwCnYgLTI2ODggLTE2MCAwCnYgLTI3MjAgLTE2MCAwCnYgLTI3NTIgLTE2MCAwCnYgLTI3ODQgLTE2MCAwCnYgLTI4MTYgLTE2MCAwCnYgLTI4NDggLTE2MCAwCnYgLTI4ODAgLTE2MCAwCnYgLTI5MTIgLTE2MCAwCnYgLTI5NDQgLTE2MCAwCnYgLTI5NzYgLTE2MCAwCnYgLTMwMDggLTE2MCAwCnYgLTMwNDAgLTE2MCAwCnYgLTMwNzIgLTE2MCAwCnYgLTMxMDQgLTE2MCAwCnYgLTMxMzYgLTE2MCAwCnYgLTMxNjggLTE2MCAwCnYgLTMyMDAgLTE2MCAwCnYgMCAtMTkyIDAKdiAtMzIgLTE5MiAwCnYgLTY0IC0xOTIgMAp2IC05NiAtMTkyIDAKdiAtMTI4IC0xOTIgMAp2IC0xNjAgLTE5MiAwCnYgLTE5MiAtMTkyIDAKdiAtMjI0IC0xOTIgMAp2IC0yNTYgLTE5MiAwCnYgLTI4OCAtMTkyIDAKdiAtMzIwIC0xOTIgMAp2IC0zNTIgLTE5MiAwCnYgLTM4NCAtMTkyIDAKdiAtNDE2IC0xOTIgMAp2IC00NDggLTE5MiAwCnYgLTQ4MCAtMTkyIDAKdiAtNTEyIC0xOTIgMAp2IC01NDQgLTE5MiAwCnYgLTU3NiAtMTkyIDAKdiAtNjA4IC0xOTIgMAp2IC02NDAgLTE5MiAwCnYgLTY3MiAtMTkyIDAKdiAtNzA0IC0xOTIgMAp2IC03MzYgLTE5MiAwCnYgLTc2OCAtMTkyIDAKdiAtODAwIC0xOTIgMAp2IC04MzIgLTE5MiAwCnYgLTg2NCAtMTkyIDAKdiAtODk2IC0xOTIgMAp2IC05MjggLTE5MiAwCnYgLTk2MCAtMTkyIDAKdiAtOTkyIC0xOTIgMAp2IC0xMDI0IC0xOTIgMAp2IC0xMDU2IC0xOTIgMAp2IC0xMDg4IC0xOTIgMAp2IC0xMTIwIC0xOTIgMAp2IC0xMTUyIC0xOTIgMAp2IC0xMTg0IC0xOTIgMAp2IC0xMjE2IC0xOTIgMAp2IC0xMjQ4IC0xOTIgMAp2IC0xMjgwIC0xOTIgMAp2IC0xMzEyIC0xOTIgMAp2IC0xMzQ0IC0xOTIgMAp2IC0xMzc2IC0xOTIgMAp2IC0xNDA4IC0xOTIgMAp2IC0xNDQwIC0xOTIgMAp2IC0xNDcyIC0xOTIgMAp2IC0xNTA0IC0xOTIgMAp2IC0xNTM2IC0xOTIgMAp2IC0xNTY4IC0xOTIgMAp2IC0xNjAwIC0xOTIgMAp2IC0xNjMyIC0xOTIgMAp2IC0xNjY0IC0xOTIgMAp2IC0xNjk2IC0xOTIgMAp2IC0xNzI4IC0xOTIgMAp2IC0xNzYwIC0xOTIgMAp2IC0xNzkyIC0xOTIgMAp2IC0xODI0IC0xOTIgMAp2IC0xODU2IC0xOTIgMAp2IC0xODg4IC0xOTIgMAp2IC0xOTIwIC0xOTIgMAp2IC0xOTUyIC0xOTIgMAp2IC0xOTg0IC0xOTIgMAp2IC0yMDE2IC0xOTIgMAp2IC0yMDQ4IC0xOTIgMAp2IC0yMDgwIC0xOTIgMAp2IC0yMTEyIC0xOTIgMAp2IC0yMTQ0IC0xOTIgMAp2IC0yMTc2IC0xOTIgMAp2IC0yMjA4IC0xOTIgMAp2IC0yMjQwIC0xOTIgMAp2IC0yMjcyIC0xOTIgMAp2IC0yMzA0IC0xOTIgMAp2IC0yMzM2IC0xOTIgMAp2IC0yMzY4IC0xOTIgMAp2IC0yNDAwIC0xOTIgMAp2IC0yNDMyIC0xOTIgMAp2IC0yNDY0IC0xOTIgMAp2IC0yNDk2IC0xOTIgMAp2IC0yNTI4IC0xOTIgMAp2IC0yNTYwIC0xOTIgMAp2IC0yNTkyIC0xOTIgMAp2IC0yNjI0IC0xOTIgMAp2IC0yNjU2IC0xOTIgMAp2IC0yNjg4IC0xOTIgMAp2IC0yNzIwIC0xOTIgMAp2IC0yNzUyIC0xOTIgMAp2IC0yNzg0IC0xOTIgMAp2IC0yODE2IC0xOTIgMAp2IC0yODQ4IC0xOTIgMAp2IC0yODgwIC0xOTIgMAp2IC0yOTEyIC0xOTIgMAp2IC0yOTQ0IC0xOTIgMAp2IC0yOTc2IC0xOTIgMAp2IC0zMDA4IC0xOTIgMAp2IC0zMDQwIC0xOTIgMAp2IC0zMDcyIC0xOTIgMAp2IC0zMTA0IC0xOTIgMAp2IC0zMTM2IC0xOTIgMAp2IC0zMTY4IC0xOTIgMAp2IC0zMjAwIC0xOTIgMAp2IDAgLTIyNCAwCnYgLTMyIC0yMjQgMAp2IC02NCAtMjI0IDAKdiAtOTYgLTIyNCAwCnYgLTEyOCAtMjI0IDAKdiAtMTYwIC0yMjQgMAp2IC0xOTIgLTIyNCAwCnYgLTIyNCAtMjI0IDAKdiAtMjU2IC0yMjQgMAp2IC0yODggLTIyNCAwCnYgLTMyMCAtMjI0IDAKdiAtMzUyIC0yMjQgMAp2IC0zODQgLTIyNCAwCnYgLTQxNiAtMjI0IDAKdiAtNDQ4IC0yMjQgMAp2IC00ODAgLTIyNCAwCnYgLTUxMiAtMjI0IDAKdiAtNTQ0IC0yMjQgMAp2IC01NzYgLTIyNCAwCnYgLTYwOCAtMjI0IDAKdiAtNjQwIC0yMjQgMAp2IC02NzIgLTIyNCAwCnYgLTcwNCAtMjI0IDAKdiAtNzM2IC0yMjQgMAp2IC03NjggLTIyNCAwCnYgLTgwMCAtMjI0IDAKdiAtODMyIC0yMjQgMAp2IC04NjQgLTIyNCAwCnYgLTg5NiAtMjI0IDAKdiAtOTI4IC0yMjQgMAp2IC05NjAgLTIyNCAwCnYgLTk5MiAtMjI0IDAKdiAtMTAyNCAtMjI0IDAKdiAtMTA1NiAtMjI0IDAKdiAtMTA4OCAtMjI0IDAKdiAtMTEyMCAtMjI0IDAKdiAtMTE1MiAtMjI0IDAKdiAtMTE4NCAtMjI0IDAKdiAtMTIxNiAtMjI0IDAKdiAtMTI0OCAtMjI0IDAKdiAtMTI4MCAtMjI0IDAKdiAtMTMxMiAtMjI0IDAKdiAtMTM0NCAtMjI0IDAKdiAtMTM3NiAtMjI0IDAKdiAtMTQwOCAtMjI0IDAKdiAtMTQ0MCAtMjI0IDAKdiAtMTQ3MiAtMjI0IDAKdiAtMTUwNCAtMjI0IDAKdiAtMTUzNiAtMjI0IDAKdiAtMTU2OCAtMjI0IDAKdiAtMTYwMCAtMjI0IDAKdiAtMTYzMiAtMjI0IDAKdiAtMTY2NCAtMjI0IDAKdiAtMTY5NiAtMjI0IDAKdiAtMTcyOCAtMjI0IDAKdiAtMTc2MCAtMjI0IDAKdiAtMTc5MiAtMjI0IDAKdiAtMTgyNCAtMjI0IDAKdiAtMTg1NiAtMjI0IDAKdiAtMTg4OCAtMjI0IDAKdiAtMTkyMCAtMjI0IDAKdiAtMTk1MiAtMjI0IDAKdiAtMTk4NCAtMjI0IDAKdiAtMjAxNiAtMjI0IDAKdiAtMjA0OCAtMjI0IDAKdiAtMjA4MCAtMjI0IDAKdiAtMjExMiAtMjI0IDAKdiAtMjE0NCAtMjI0IDAKdiAtMjE3NiAtMjI0IDAKdiAtMjIwOCAtMjI0IDAKdiAtMjI0MCAtMjI0IDAKdiAtMjI3MiAtMjI0IDAKdiAtMjMwNCAtMjI0IDAKdiAtMjMzNiAtMjI0IDAKdiAtMjM2OCAtMjI0IDAKdiAtMjQwMCAtMjI0IDAKdiAtMjQzMiAtMjI0IDAKdiAtMjQ2NCAtMjI0IDAKdiAtMjQ5NiAtMjI0IDAKdiAtMjUyOCAtMjI0IDAKdiAtMjU2MCAtMjI0IDAKdiAtMjU5MiAtMjI0IDAKdiAtMjYyNCAtMjI0IDAKdiAtMjY1NiAtMjI0IDAKdiAtMjY4OCAtMjI0IDAKdiAtMjcyMCAtMjI0IDAKdiAtMjc1MiAtMjI0IDAKdiAtMjc4NCAtMjI0IDAKdiAtMjgxNiAtMjI0IDAKdiAtMjg0OCAtMjI0IDAKdiAtMjg4MCAtMjI0IDAKdiAtMjkxMiAtMjI0IDAKdiAtMjk0NCAtMjI0IDAKdiAtMjk3NiAtMjI0IDAKdiAtMzAwOCAtMjI0IDAKdiAtMzA0MCAtMjI0IDAKdiAtMzA3MiAtMjI0IDAKdiAtMzEwNCAtMjI0IDAKdiAtMzEzNiAtMjI0IDAKdiAtMzE2OCAtMjI0IDAKdiAtMzIwMCAtMjI0IDAKdiAwIC0yNTYgMAp2IC0zMiAtMjU2IDAKdiAtNjQgLTI1NiAwCnYgLTk2IC0yNTYgMAp2IC0xMjggLTI1NiAwCnYgLTE2MCAtMjU2IDAKdiAtMTkyIC0yNTYgMAp2IC0yMjQgLTI1NiAwCnYgLTI1NiAtMjU2IDAKdiAtMjg4IC0yNTYgMAp2IC0zMjAgLTI1NiAwCnYgLTM1MiAtMjU2IDAKdiAtMzg0IC0yNTYgMAp2IC00MTYgLTI1NiAwCnYgLTQ0OCAtMjU2IDAKdiAtNDgwIC0yNTYgMAp2IC01MTIgLTI1NiAwCnYgLTU0NCAtMjU2IDAKdiAtNTc2IC0yNTYgMAp2IC02MDggLTI1NiAwCnYgLTY0MCAtMjU2IDAKdiAtNjcyIC0yNTYgMAp2IC03MDQgLTI1NiAwCnYgLTczNiAtMjU2IDAKdiAtNzY4IC0yNTYgMAp2IC04MDAgLTI1NiAwCnYgLTgzMiAtMjU2IDAKdiAtODY0IC0yNTYgMAp2IC04OTYgLTI1NiAwCnYgLTkyOCAtMjU2IDAKdiAtOTYwIC0yNTYgMAp2IC05OTIgLTI1NiAwCnYgLTEwMjQgLTI1NiAwCnYgLTEwNTYgLTI1NiAwCnYgLTEwODggLTI1NiAwCnYgLTExMjAgLTI1NiAwCnYgLTExNTIgLTI1NiAwCnYgLTExODQgLTI1NiAwCnYgLTEyMTYgLTI1NiAwCnYgLTEyNDggLTI1NiAwCnYgLTEyODAgLTI1NiAwCnYgLTEzMTIgLTI1NiAwCnYgLTEzNDQgLTI1NiAwCnYgLTEzNzYgLTI1NiAwCnYgLTE0MDggLTI1NiAwCnYgLTE0NDAgLTI1NiAwCnYgLTE0NzIgLTI1NiAwCnYgLTE1MDQgLTI1NiAwCnYgLTE1MzYgLTI1NiAwCnYgLTE1NjggLTI1NiAwCnYgLTE2MDAgLTI1NiAwCnYgLTE2MzIgLTI1NiAwCnYgLTE2NjQgLTI1NiAwCnYgLTE2OTYgLTI1NiAwCnYgLTE3MjggLTI1NiAwCnYgLTE3NjAgLTI1NiAwCnYgLTE3OTIgLTI1NiAwCnYgLTE4MjQgLTI1NiAwCnYgLTE4NTYgLTI1NiAwCnYgLTE4ODggLTI1NiAwCnYgLTE5MjAgLTI1NiAwCnYgLTE5NTIgLTI1NiAwCnYgLTE5ODQgLTI1NiAwCnYgLTIwMTYgLTI1NiAwCnYgLTIwNDggLTI1NiAwCnYgLTIwODAgLTI1NiAwCnYgLTIxMTIgLTI1NiAwCnYgLTIxNDQgLTI1NiAwCnYgLTIxNzYgLTI1NiAwCnYgLTIyMDggLTI1NiAwCnYgLTIyNDAgLTI1NiAwCnYgLTIyNzIgLTI1NiAwCnYgLTIzMDQgLTI1NiAwCnYgLTIzMzYgLTI1NiAwCnYgLTIzNjggLTI1NiAwCnYgLTI0MDAgLTI1NiAwCnYgLTI0MzIgLTI1NiAwCnYgLTI0NjQgLTI1NiAwCnYgLTI0OTYgLTI1NiAwCnYgLTI1MjggLTI1NiAwCnYgLTI1NjAgLTI1NiAwCnYgLTI1OTIgLTI1NiAwCnYgLTI2MjQgLTI1NiAwCnYgLTI2NTYgLTI1NiAwCnYgLTI2ODggLTI1NiAwCnYgLTI3MjAgLTI1NiAwCnYgLTI3NTIgLTI1NiAwCnYgLTI3ODQgLTI1NiAwCnYgLTI4MTYgLTI1NiAwCnYgLTI4NDggLTI1NiAwCnYgLTI4ODAgLTI1NiAwCnYgLTI5MTIgLTI1NiAwCnYgLTI5NDQgLTI1NiAwCnYgLTI5NzYgLTI1NiAwCnYgLTMwMDggLTI1NiAwCnYgLTMwNDAgLTI1NiAwCnYgLTMwNzIgLTI1NiAwCnYgLTMxMDQgLTI1NiAwCnYgLTMxMzYgLTI1NiAwCnYgLTMxNjggLTI1NiAwCnYgLTMyMDAgLTI1NiAwCnYgMCAtMjg4IDAKdiAtMzIgLTI4OCAwCnYgLTY0IC0yODggMAp2IC05NiAtMjg4IDAKdiAtMTI4IC0yODggMAp2IC0xNjAgLTI4OCAwCnYgLTE5MiAtMjg4IDAKdiAtMjI0IC0yODggMAp2IC0yNTYgLTI4OCAwCnYgLTI4OCAtMjg4IDAKdiAtMzIwIC0yODggMAp2IC0zNTIgLTI4OCAwCnYgLTM4NCAtMjg4IDAKdiAtNDE2IC0yODggMAp2IC00NDggLTI4OCAwCnYgLTQ4MCAtMjg4IDAKdiAtNTEyIC0yODggMAp2IC01NDQgLTI4OCAwCnYgLTU3NiAtMjg4IDAKdiAtNjA4IC0yODggMAp2IC02NDAgLTI4OCAwCnYgLTY3MiAtMjg4IDAKdiAtNzA0IC0yODggMAp2IC03MzYgLTI4OCAwCnYgLTc2OCAtMjg4IDAKdiAtODAwIC0yODggMAp2IC04MzIgLTI4OCAwCnYgLTg2NCAtMjg4IDAKdiAtODk2IC0yODggMAp2IC05MjggLTI4OCAwCnYgLTk2MCAtMjg4IDAKdiAtOTkyIC0yODggMAp2IC0xMDI0IC0yODggMAp2IC0xMDU2IC0yODggMAp2IC0xMDg4IC0yODggMAp2IC0xMTIwIC0yODggMAp2IC0xMTUyIC0yODggMAp2IC0xMTg0IC0yODggMAp2IC0xMjE2IC0yODggMAp2IC0xMjQ4IC0yODggMAp2IC0xMjgwIC0yODggMAp2IC0xMzEyIC0yODggMAp2IC0xMzQ0IC0yODggMAp2IC0xMzc2IC0yODggMAp2IC0xNDA4IC0yODggMAp2IC0xNDQwIC0yODggMAp2IC0xNDcyIC0yODggMAp2IC0xNTA0IC0yODggMAp2IC0xNTM2IC0yODggMAp2IC0xNTY4IC0yODggMAp2IC0xNjAwIC0yODggMAp2IC0xNjMyIC0yODggMAp2IC0xNjY0IC0yODggMAp2IC0xNjk2IC0yODggMAp2IC0xNzI4IC0yODggMAp2IC0xNzYwIC0yODggMAp2IC0xNzkyIC0yODggMAp2IC0xODI0IC0yODggMAp2IC0xODU2IC0yODggMAp2IC0xODg4IC0yODggMAp2IC0xOTIwIC0yODggMAp2IC0xOTUyIC0yODggMAp2IC0xOTg0IC0yODggMAp2IC0yMDE2IC0yODggMAp2IC0yMDQ4IC0yODggMAp2IC0yMDgwIC0yODggMAp2IC0yMTEyIC0yODggMAp2IC0yMTQ0IC0yODggMAp2IC0yMTc2IC0yODggMAp2IC0yMjA4IC0yODggMAp2IC0yMjQwIC0yODggMAp2IC0yMjcyIC0yODggMAp2IC0yMzA0IC0yODggMAp2IC0yMzM2IC0yODggMAp2IC0yMzY4IC0yODggMAp2IC0yNDAwIC0yODggMAp2IC0yNDMyIC0yODggMAp2IC0yNDY0IC0yODggMAp2IC0yNDk2IC0yODggMAp2IC0yNTI4IC0yODggMAp2IC0yNTYwIC0yODggMAp2IC0yNTkyIC0yODggMAp2IC0yNjI0IC0yODggMAp2IC0yNjU2IC0yODggMAp2IC0yNjg4IC0yODggMAp2IC0yNzIwIC0yODggMAp2IC0yNzUyIC0yODggMAp2IC0yNzg0IC0yODggMAp2IC0yODE2IC0yODggMAp2IC0yODQ4IC0yODggMAp2IC0yODgwIC0yODggMAp2IC0yOTEyIC0yODggMAp2IC0yOTQ0IC0yODggMAp2IC0yOTc2IC0yODggMAp2IC0zMDA4IC0yODggMAp2IC0zMDQwIC0yODggMAp2IC0zMDcyIC0yODggMAp2IC0zMTA0IC0yODggMAp2IC0zMTM2IC0yODggMAp2IC0zMTY4IC0yODggMAp2IC0zMjAwIC0yODggMAp2IDAgLTMyMCAwCnYgLTMyIC0zMjAgMAp2IC02NCAtMzIwIDAKdiAtOTYgLTMyMCAwCnYgLTEyOCAtMzIwIDAKdiAtMTYwIC0zMjAgMAp2IC0xOTIgLTMyMCAwCnYgLTIyNCAtMzIwIDAKdiAtMjU2IC0zMjAgMAp2IC0yODggLTMyMCAwCnYgLTMyMCAtMzIwIDAKdiAtMzUyIC0zMjAgMAp2IC0zODQgLTMyMCAwCnYgLTQxNiAtMzIwIDAKdiAtNDQ4IC0zMjAgMAp2IC00ODAgLTMyMCAwCnYgLTUxMiAtMzIwIDAKdiAtNTQ0IC0zMjAgMAp2IC01NzYgLTMyMCAwCnYgLTYwOCAtMzIwIDAKdiAtNjQwIC0zMjAgMAp2IC02NzIgLTMyMCAwCnYgLTcwNCAtMzIwIDAKdiAtNzM2IC0zMjAgMAp2IC03NjggLTMyMCAwCnYgLTgwMCAtMzIwIDAKdiAtODMyIC0zMjAgMAp2IC04NjQgLTMyMCAwCnYgLTg5NiAtMzIwIDAKdiAtOTI4IC0zMjAgMAp2IC05NjAgLTMyMCAwCnYgLTk5MiAtMzIwIDAKdiAtMTAyNCAtMzIwIDAKdiAtMTA1NiAtMzIwIDAKdiAtMTA4OCAtMzIwIDAKdiAtMTEyMCAtMzIwIDAKdiAtMTE1MiAtMzIwIDAKdiAtMTE4NCAtMzIwIDAKdiAtMTIxNiAtMzIwIDAKdiAtMTI0OCAtMzIwIDAKdiAtMTI4MCAtMzIwIDAKdiAtMTMxMiAtMzIwIDAKdiAtMTM0NCAtMzIwIDAKdiAtMTM3NiAtMzIwIDAKdiAtMTQwOCAtMzIwIDAKdiAtMTQ0MCAtMzIwIDAKdiAtMTQ3MiAtMzIwIDAKdiAtMTUwNCAtMzIwIDAKdiAtMTUzNiAtMzIwIDAKdiAtMTU2OCAtMzIwIDAKdiAtMTYwMCAtMzIwIDAKdiAtMTYzMiAtMzIwIDAKdiAtMTY2NCAtMzIwIDAKdiAtMTY5NiAtMzIwIDAKdiAtMTcyOCAtMzIwIDAKdiAtMTc2MCAtMzIwIDAKdiAtMTc5MiAtMzIwIDAKdiAtMTgyNCAtMzIwIDAKdiAtMTg1NiAtMzIwIDAKdiAtMTg4OCAtMzIwIDAKdiAtMTkyMCAtMzIwIDAKdiAtMTk1MiAtMzIwIDAKdiAtMTk4NCAtMzIwIDAKdiAtMjAxNiAtMzIwIDAKdiAtMjA0OCAtMzIwIDAKdiAtMjA4MCAtMzIwIDAKdiAtMjExMiAtMzIwIDAKdiAtMjE0NCAtMzIwIDAKdiAtMjE3NiAtMzIwIDAKdiAtMjIwOCAtMzIwIDAKdiAtMjI0MCAtMzIwIDAKdiAtMjI3MiAtMzIwIDAKdiAtMjMwNCAtMzIwIDAKdiAtMjMzNiAtMzIwIDAKdiAtMjM2OCAtMzIwIDAKdiAtMjQwMCAtMzIwIDAKdiAtMjQzMiAtMzIwIDAKdiAtMjQ2NCAtMzIwIDAKdiAtMjQ5NiAtMzIwIDAKdiAtMjUyOCAtMzIwIDAKdiAtMjU2MCAtMzIwIDAKdiAtMjU5MiAtMzIwIDAKdiAtMjYyNCAtMzIwIDAKdiAtMjY1NiAtMzIwIDAKdiAtMjY4OCAtMzIwIDAKdiAtMjcyMCAtMzIwIDAKdiAtMjc1MiAtMzIwIDAKdiAtMjc4NCAtMzIwIDAKdiAtMjgxNiAtMzIwIDAKdiAtMjg0OCAtMzIwIDAKdiAtMjg4MCAtMzIwIDAKdiAtMjkxMiAtMzIwIDAKdiAtMjk0NCAtMzIwIDAKdiAtMjk3NiAtMzIwIDAKdiAtMzAwOCAtMzIwIDAKdiAtMzA0MCAtMzIwIDAKdiAtMzA3MiAtMzIwIDAKdiAtMzEwNCAtMzIwIDAKdiAtMzEzNiAtMzIwIDAKdiAtMzE2OCAtMzIwIDAKdiAtMzIwMCAtMzIwIDAKdiAwIC0zNTIgMAp2IC0zMiAtMzUyIDAKdiAtNjQgLTM1MiAwCnYgLTk2IC0zNTIgMAp2IC0xMjggLTM1MiAwCnYgLTE2MCAtMzUyIDAKdiAtMTkyIC0zNTIgMAp2IC0yMjQgLTM1MiAwCnYgLTI1NiAtMzUyIDAKdiAtMjg4IC0zNTIgMAp2IC0zMjAgLTM1MiAwCnYgLTM1MiAtMzUyIDAKdiAtMzg0IC0zNTIgMAp2IC00MTYgLTM1MiAwCnYgLTQ0OCAtMzUyIDAKdiAtNDgwIC0zNTIgMAp2IC01MTIgLTM1MiAwCnYgLTU0NCAtMzUyIDAKdiAtNTc2IC0zNTIgMAp2IC02MDggLTM1MiAwCnYgLTY0MCAtMzUyIDAKdiAtNjcyIC0zNTIgMAp2IC03MDQgLTM1MiAwCnYgLTczNiAtMzUyIDAKdiAtNzY4IC0zNTIgMAp2IC04MDAgLTM1MiAwCnYgLTgzMiAtMzUyIDAKdiAtODY0IC0zNTIgMAp2IC04OTYgLTM1MiAwCnYgLTkyOCAtMzUyIDAKdiAtOTYwIC0zNTIgMAp2IC05OTIgLTM1MiAwCnYgLTEwMjQgLTM1MiAwCnYgLTEwNTYgLTM1MiAwCnYgLTEwODggLTM1MiAwCnYgLTExMjAgLTM1MiAwCnYgLTExNTIgLTM1MiAwCnYgLTExODQgLTM1MiAwCnYgLTEyMTYgLTM1MiAwCnYgLTEyNDggLTM1MiAwCnYgLTEyODAgLTM1MiAwCnYgLTEzMTIgLTM1MiAwCnYgLTEzNDQgLTM1MiAwCnYgLTEzNzYgLTM1MiAwCnYgLTE0MDggLTM1MiAwCnYgLTE0NDAgLTM1MiAwCnYgLTE0NzIgLTM1MiAwCnYgLTE1MDQgLTM1MiAwCnYgLTE1MzYgLTM1MiAwCnYgLTE1NjggLTM1MiAwCnYgLTE2MDAgLTM1MiAwCnYgLTE2MzIgLTM1MiAwCnYgLTE2NjQgLTM1MiAwCnYgLTE2OTYgLTM1MiAwCnYgLTE3MjggLTM1MiAwCnYgLTE3NjAgLTM1MiAwCnYgLTE3OTIgLTM1MiAwCnYgLTE4MjQgLTM1MiAwCnYgLTE4NTYgLTM1MiAwCnYgLTE4ODggLTM1MiAwCnYgLTE5MjAgLTM1MiAwCnYgLTE5NTIgLTM1MiAwCnYgLTE5ODQgLTM1MiAwCnYgLTIwMTYgLTM1MiAwCnYgLTIwNDggLTM1MiAwCnYgLTIwODAgLTM1MiAwCnYgLTIxMTIgLTM1MiAwCnYgLTIxNDQgLTM1MiAwCnYgLTIxNzYgLTM1MiAwCnYgLTIyMDggLTM1MiAwCnYgLTIyNDAgLTM1MiAwCnYgLTIyNzIgLTM1MiAwCnYgLTIzMDQgLTM1MiAwCnYgLTIzMzYgLTM1MiAwCnYgLTIzNjggLTM1MiAwCnYgLTI0MDAgLTM1MiAwCnYgLTI0MzIgLTM1MiAwCnYgLTI0NjQgLTM1MiAwCnYgLTI0OTYgLTM1MiAwCnYgLTI1MjggLTM1MiAwCnYgLTI1NjAgLTM1MiAwCnYgLTI1OTIgLTM1MiAwCnYgLTI2MjQgLTM1MiAwCnYgLTI2NTYgLTM1MiAwCnYgLTI2ODggLTM1MiAwCnYgLTI3MjAgLTM1MiAwCnYgLTI3NTIgLTM1MiAwCnYgLTI3ODQgLTM1MiAwCnYgLTI4MTYgLTM1MiAwCnYgLTI4NDggLTM1MiAwCnYgLTI4ODAgLTM1MiAwCnYgLTI5MTIgLTM1MiAwCnYgLTI5NDQgLTM1MiAwCnYgLTI5NzYgLTM1MiAwCnYgLTMwMDggLTM1MiAwCnYgLTMwNDAgLTM1MiAwCnYgLTMwNzIgLTM1MiAwCnYgLTMxMDQgLTM1MiAwCnYgLTMxMzYgLTM1MiAwCnYgLTMxNjggLTM1MiAwCnYgLTMyMDAgLTM1MiAwCnYgMCAtMzg0IDAKdiAtMzIgLTM4NCAwCnYgLTY0IC0zODQgMAp2IC05NiAtMzg0IDAKdiAtMTI4IC0zODQgMAp2IC0xNjAgLTM4NCAwCnYgLTE5MiAtMzg0IDAKdiAtMjI0IC0zODQgMAp2IC0yNTYgLTM4NCAwCnYgLTI4OCAtMzg0IDAKdiAtMzIwIC0zODQgMAp2IC0zNTIgLTM4NCAwCnYgLTM4NCAtMzg0IDAKdiAtNDE2IC0zODQgMAp2IC00NDggLTM4NCAwCnYgLTQ4MCAtMzg0IDAKdiAtNTEyIC0zODQgMAp2IC01NDQgLTM4NCAwCnYgLTU3NiAtMzg0IDAKdiAtNjA4IC0zODQgMAp2IC02NDAgLTM4NCAwCnYgLTY3MiAtMzg0IDAKdiAtNzA0IC0zODQgMAp2IC03MzYgLTM4NCAwCnYgLTc2OCAtMzg0IDAKdiAtODAwIC0zODQgMAp2IC04MzIgLTM4NCAwCnYgLTg2NCAtMzg0IDAKdiAtODk2IC0zODQgMAp2IC05MjggLTM4NCAwCnYgLTk2MCAtMzg0IDAKdiAtOTkyIC0zODQgMAp2IC0xMDI0IC0zODQgMAp2IC0xMDU2IC0zODQgMAp2IC0xMDg4IC0zODQgMAp2IC0xMTIwIC0zODQgMAp2IC0xMTUyIC0zODQgMAp2IC0xMTg0IC0zODQgMAp2IC0xMjE2IC0zODQgMAp2IC0xMjQ4IC0zODQgMAp2IC0xMjgwIC0zODQgMAp2IC0xMzEyIC0zODQgMAp2IC0xMzQ0IC0zODQgMAp2IC0xMzc2IC0zODQgMAp2IC0xNDA4IC0zODQgMAp2IC0xNDQwIC0zODQgMAp2IC0xNDcyIC0zODQgMAp2IC0xNTA0IC0zODQgMAp2IC0xNTM2IC0zODQgMAp2IC0xNTY4IC0zODQgMAp2IC0xNjAwIC0zODQgMAp2IC0xNjMyIC0zODQgMAp2IC0xNjY0IC0zODQgMAp2IC0xNjk2IC0zODQgMAp2IC0xNzI4IC0zODQgMAp2IC0xNzYwIC0zODQgMAp2IC0xNzkyIC0zODQgMAp2IC0xODI0IC0zODQgMAp2IC0xODU2IC0zODQgMAp2IC0xODg4IC0zODQgMAp2IC0xOTIwIC0zODQgMAp2IC0xOTUyIC0zODQgMAp2IC0xOTg0IC0zODQgMAp2IC0yMDE2IC0zODQgMAp2IC0yMDQ4IC0zODQgMAp2IC0yMDgwIC0zODQgMAp2IC0yMTEyIC0zODQgMAp2IC0yMTQ0IC0zODQgMAp2IC0yMTc2IC0zODQgMAp2IC0yMjA4IC0zODQgMAp2IC0yMjQwIC0zODQgMAp2IC0yMjcyIC0zODQgMAp2IC0yMzA0IC0zODQgMAp2IC0yMzM2IC0zODQgMAp2IC0yMzY4IC0zODQgMAp2IC0yNDAwIC0zODQgMAp2IC0yNDMyIC0zODQgMAp2IC0yNDY0IC0zODQgMAp2IC0yNDk2IC0zODQgMAp2IC0yNTI4IC0zODQgMAp2IC0yNTYwIC0zODQgMAp2IC0yNTkyIC0zODQgMAp2IC0yNjI0IC0zODQgMAp2IC0yNjU2IC0zODQgMAp2IC0yNjg4IC0zODQgMAp2IC0yNzIwIC0zODQgMAp2IC0yNzUyIC0zODQgMAp2IC0yNzg0IC0zODQgMAp2IC0yODE2IC0zODQgMAp2IC0yODQ4IC0zODQgMAp2IC0yODgwIC0zODQgMAp2IC0yOTEyIC0zODQgMAp2IC0yOTQ0IC0zODQgMAp2IC0yOTc2IC0zODQgMAp2IC0zMDA4IC0zODQgMAp2IC0zMDQwIC0zODQgMAp2IC0zMDcyIC0zODQgMAp2IC0zMTA0IC0zODQgMAp2IC0zMTM2IC0zODQgMAp2IC0zMTY4IC0zODQgMAp2IC0zMjAwIC0zODQgMAp2IDAgLTQxNiAwCnYgLTMyIC00MTYgMAp2IC02NCAtNDE2IDAKdiAtOTYgLTQxNiAwCnYgLTEyOCAtNDE2IDAKdiAtMTYwIC00MTYgMAp2IC0xOTIgLTQxNiAwCnYgLTIyNCAtNDE2IDAKdiAtMjU2IC00MTYgMAp2IC0yODggLTQxNiAwCnYgLTMyMCAtNDE2IDAKdiAtMzUyIC00MTYgMAp2IC0zODQgLTQxNiAwCnYgLTQxNiAtNDE2IDAKdiAtNDQ4IC00MTYgMAp2IC00ODAgLTQxNiAwCnYgLTUxMiAtNDE2IDAKdiAtNTQ0IC00MTYgMAp2IC01NzYgLTQxNiAwCnYgLTYwOCAtNDE2IDAKdiAtNjQwIC00MTYgMAp2IC02NzIgLTQxNiAwCnYgLTcwNCAtNDE2IDAKdiAtNzM2IC00MTYgMAp2IC03NjggLTQxNiAwCnYgLTgwMCAtNDE2IDAKdiAtODMyIC00MTYgMAp2IC04NjQgLTQxNiAwCnYgLTg5NiAtNDE2IDAKdiAtOTI4IC00MTYgMAp2IC05NjAgLTQxNiAwCnYgLTk5MiAtNDE2IDAKdiAtMTAyNCAtNDE2IDAKdiAtMTA1NiAtNDE2IDAKdiAtMTA4OCAtNDE2IDAKdiAtMTEyMCAtNDE2IDAKdiAtMTE1MiAtNDE2IDAKdiAtMTE4NCAtNDE2IDAKdiAtMTIxNiAtNDE2IDAKdiAtMTI0OCAtNDE2IDAKdiAtMTI4MCAtNDE2IDAKdiAtMTMxMiAtNDE2IDAKdiAtMTM0NCAtNDE2IDAKdiAtMTM3NiAtNDE2IDAKdiAtMTQwOCAtNDE2IDAKdiAtMTQ0MCAtNDE2IDAKdiAtMTQ3MiAtNDE2IDAKdiAtMTUwNCAtNDE2IDAKdiAtMTUzNiAtNDE2IDAKdiAtMTU2OCAtNDE2IDAKdiAtMTYwMCAtNDE2IDAKdiAtMTYzMiAtNDE2IDAKdiAtMTY2NCAtNDE2IDAKdiAtMTY5NiAtNDE2IDAKdiAtMTcyOCAtNDE2IDAKdiAtMTc2MCAtNDE2IDAKdiAtMTc5MiAtNDE2IDAKdiAtMTgyNCAtNDE2IDAKdiAtMTg1NiAtNDE2IDAKdiAtMTg4OCAtNDE2IDAKdiAtMTkyMCAtNDE2IDAKdiAtMTk1MiAtNDE2IDAKdiAtMTk4NCAtNDE2IDAKdiAtMjAxNiAtNDE2IDAKdiAtMjA0OCAtNDE2IDAKdiAtMjA4MCAtNDE2IDAKdiAtMjExMiAtNDE2IDAKdiAtMjE0NCAtNDE2IDAKdiAtMjE3NiAtNDE2IDAKdiAtMjIwOCAtNDE2IDAKdiAtMjI0MCAtNDE2IDAKdiAtMjI3MiAtNDE2IDAKdiAtMjMwNCAtNDE2IDAKdiAtMjMzNiAtNDE2IDAKdiAtMjM2OCAtNDE2IDAKdiAtMjQwMCAtNDE2IDAKdiAtMjQzMiAtNDE2IDAKdiAtMjQ2NCAtNDE2IDAKdiAtMjQ5NiAtNDE2IDAKdiAtMjUyOCAtNDE2IDAKdiAtMjU2MCAtNDE2IDAKdiAtMjU5MiAtNDE2IDAKdiAtMjYyNCAtNDE2IDAKdiAtMjY1NiAtNDE2IDAKdiAtMjY4OCAtNDE2IDAKdiAtMjcyMCAtNDE2IDAKdiAtMjc1MiAtNDE2IDAKdiAtMjc4NCAtNDE2IDAKdiAtMjgxNiAtNDE2IDAKdiAtMjg0OCAtNDE2IDAKdiAtMjg4MCAtNDE2IDAKdiAtMjkxMiAtNDE2IDAKdiAtMjk0NCAtNDE2IDAKdiAtMjk3NiAtNDE2IDAKdiAtMzAwOCAtNDE2IDAKdiAtMzA0MCAtNDE2IDAKdiAtMzA3MiAtNDE2IDAKdiAtMzEwNCAtNDE2IDAKdiAtMzEzNiAtNDE2IDAKdiAtMzE2OCAtNDE2IDAKdiAtMzIwMCAtNDE2IDAKdiAwIC00NDggMAp2IC0zMiAtNDQ4IDAKdiAtNjQgLTQ0OCAwCnYgLTk2IC00NDggMAp2IC0xMjggLTQ0OCAwCnYgLTE2MCAtNDQ4IDAKdiAtMTkyIC00NDggMAp2IC0yMjQgLTQ0OCAwCnYgLTI1NiAtNDQ4IDAKdiAtMjg4IC00NDggMAp2IC0zMjAgLTQ0OCAwCnYgLTM1MiAtNDQ4IDAKdiAtMzg0IC00NDggMAp2IC00MTYgLTQ0OCAwCnYgLTQ0OCAtNDQ4IDAKdiAtNDgwIC00NDggMAp2IC01MTIgLTQ0OCAwCnYgLTU0NCAtNDQ4IDAKdiAtNTc2IC00NDggMAp2IC02MDggLTQ0OCAwCnYgLTY0MCAtNDQ4IDAKdiAtNjcyIC00NDggMAp2IC03MDQgLTQ0OCAwCnYgLTczNiAtNDQ4IDAKdiAtNzY4IC00NDggMAp2IC04MDAgLTQ0OCAwCnYgLTgzMiAtNDQ4IDAKdiAtODY0IC00NDggMAp2IC04OTYgLTQ0OCAwCnYgLTkyOCAtNDQ4IDAKdiAtOTYwIC00NDggMAp2IC05OTIgLTQ0OCAwCnYgLTEwMjQgLTQ0OCAwCnYgLTEwNTYgLTQ0OCAwCnYgLTEwODggLTQ0OCAwCnYgLTExMjAgLTQ0OCAwCnYgLTExNTIgLTQ0OCAwCnYgLTExODQgLTQ0OCAwCnYgLTEyMTYgLTQ0OCAwCnYgLTEyNDggLTQ0OCAwCnYgLTEyODAgLTQ0OCAwCnYgLTEzMTIgLTQ0OCAwCnYgLTEzNDQgLTQ0OCAwCnYgLTEzNzYgLTQ0OCAwCnYgLTE0MDggLTQ0OCAwCnYgLTE0NDAgLTQ0OCAwCnYgLTE0NzIgLTQ0OCAwCnYgLTE1MDQgLTQ0OCAwCnYgLTE1MzYgLTQ0OCAwCnYgLTE1NjggLTQ0OCAwCnYgLTE2MDAgLTQ0OCAwCnYgLTE2MzIgLTQ0OCAwCnYgLTE2NjQgLTQ0OCAwCnYgLTE2OTYgLTQ0OCAwCnYgLTE3MjggLTQ0OCAwCnYgLTE3NjAgLTQ0OCAwCnYgLTE3OTIgLTQ0OCAwCnYgLTE4MjQgLTQ0OCAwCnYgLTE4NTYgLTQ0OCAwCnYgLTE4ODggLTQ0OCAwCnYgLTE5MjAgLTQ0OCAwCnYgLTE5NTIgLTQ0OCAwCnYgLTE5ODQgLTQ0OCAwCnYgLTIwMTYgLTQ0OCAwCnYgLTIwNDggLTQ0OCAwCnYgLTIwODAgLTQ0OCAwCnYgLTIxMTIgLTQ0OCAwCnYgLTIxNDQgLTQ0OCAwCnYgLTIxNzYgLTQ0OCAwCnYgLTIyMDggLTQ0OCAwCnYgLTIyNDAgLTQ0OCAwCnYgLTIyNzIgLTQ0OCAwCnYgLTIzMDQgLTQ0OCAwCnYgLTIzMzYgLTQ0OCAwCnYgLTIzNjggLTQ0OCAwCnYgLTI0MDAgLTQ0OCAwCnYgLTI0MzIgLTQ0OCAwCnYgLTI0NjQgLTQ0OCAwCnYgLTI0OTYgLTQ0OCAwCnYgLTI1MjggLTQ0OCAwCnYgLTI1NjAgLTQ0OCAwCnYgLTI1OTIgLTQ0OCAwCnYgLTI2MjQgLTQ0OCAwCnYgLTI2NTYgLTQ0OCAwCnYgLTI2ODggLTQ0OCAwCnYgLTI3MjAgLTQ0OCAwCnYgLTI3NTIgLTQ0OCAwCnYgLTI3ODQgLTQ0OCAwCnYgLTI4MTYgLTQ0OCAwCnYgLTI4NDggLTQ0OCAwCnYgLTI4ODAgLTQ0OCAwCnYgLTI5MTIgLTQ0OCAwCnYgLTI5NDQgLTQ0OCAwCnYgLTI5NzYgLTQ0OCAwCnYgLTMwMDggLTQ0OCAwCnYgLTMwNDAgLTQ0OCAwCnYgLTMwNzIgLTQ0OCAwCnYgLTMxMDQgLTQ0OCAwCnYgLTMxMzYgLTQ0OCAwCnYgLTMxNjggLTQ0OCAwCnYgLTMyMDAgLTQ0OCAwCnYgMCAtNDgwIDAKdiAtMzIgLTQ4MCAwCnYgLTY0IC00ODAgMAp2IC05NiAtNDgwIDAKdiAtMTI4IC00ODAgMAp2IC0xNjAgLTQ4MCAwCnYgLTE5MiAtNDgwIDAKdiAtMjI0IC00ODAgMAp2IC0yNTYgLTQ4MCAwCnYgLTI4OCAtNDgwIDAKdiAtMzIwIC00ODAgMAp2IC0zNTIgLTQ4MCAwCnYgLTM4NCAtNDgwIDAKdiAtNDE2IC00ODAgMAp2IC00NDggLTQ4MCAwCnYgLTQ4MCAtNDgwIDAKdiAtNTEyIC00ODAgMAp2IC01NDQgLTQ4MCAwCnYgLTU3NiAtNDgwIDAKdiAtNjA4IC00ODAgMAp2IC02NDAgLTQ4MCAwCnYgLTY3MiAtNDgwIDAKdiAtNzA0IC00ODAgMAp2IC03MzYgLTQ4MCAwCnYgLTc2OCAtNDgwIDAKdiAtODAwIC00ODAgMAp2IC04MzIgLTQ4MCAwCnYgLTg2NCAtNDgwIDAKdiAtODk2IC00ODAgMAp2IC05MjggLTQ4MCAwCnYgLTk2MCAtNDgwIDAKdiAtOTkyIC00ODAgMAp2IC0xMDI0IC00ODAgMAp2IC0xMDU2IC00ODAgMAp2IC0xMDg4IC00ODAgMAp2IC0xMTIwIC00ODAgMAp2IC0xMTUyIC00ODAgMAp2IC0xMTg0IC00ODAgMAp2IC0xMjE2IC00ODAgMAp2IC0xMjQ4IC00ODAgMAp2IC0xMjgwIC00ODAgMAp2IC0xMzEyIC00ODAgMAp2IC0xMzQ0IC00ODAgMAp2IC0xMzc2IC00ODAgMAp2IC0xNDA4IC00ODAgMAp2IC0xNDQwIC00ODAgMAp2IC0xNDcyIC00ODAgMAp2IC0xNTA0IC00ODAgMAp2IC0xNTM2IC00ODAgMAp2IC0xNTY4IC00ODAgMAp2IC0xNjAwIC00ODAgMAp2IC0xNjMyIC00ODAgMAp2IC0xNjY0IC00ODAgMAp2IC0xNjk2IC00ODAgMAp2IC0xNzI4IC00ODAgMAp2IC0xNzYwIC00ODAgMAp2IC0xNzkyIC00ODAgMAp2IC0xODI0IC00ODAgMAp2IC0xODU2IC00ODAgMAp2IC0xODg4IC00ODAgMAp2IC0xOTIwIC00ODAgMAp2IC0xOTUyIC00ODAgMAp2IC0xOTg0IC00ODAgMAp2IC0yMDE2IC00ODAgMAp2IC0yMDQ4IC00ODAgMAp2IC0yMDgwIC00ODAgMAp2IC0yMTEyIC00ODAgMAp2IC0yMTQ0IC00ODAgMAp2IC0yMTc2IC00ODAgMAp2IC0yMjA4IC00ODAgMAp2IC0yMjQwIC00ODAgMAp2IC0yMjcyIC00ODAgMAp2IC0yMzA0IC00ODAgMAp2IC0yMzM2IC00ODAgMAp2IC0yMzY4IC00ODAgMAp2IC0yNDAwIC00ODAgMAp2IC0yNDMyIC00ODAgMAp2IC0yNDY0IC00ODAgMAp2IC0yNDk2IC00ODAgMAp2IC0yNTI4IC00ODAgMAp2IC0yNTYwIC00ODAgMAp2IC0yNTkyIC00ODAgMAp2IC0yNjI0IC00ODAgMAp2IC0yNjU2IC00ODAgMAp2IC0yNjg4IC00ODAgMAp2IC0yNzIwIC00ODAgMAp2IC0yNzUyIC00ODAgMAp2IC0yNzg0IC00ODAgMAp2IC0yODE2IC00ODAgMAp2IC0yODQ4IC00ODAgMAp2IC0yODgwIC00ODAgMAp2IC0yOTEyIC00ODAgMAp2IC0yOTQ0IC00ODAgMAp2IC0yOTc2IC00ODAgMAp2IC0zMDA4IC00ODAgMAp2IC0zMDQwIC00ODAgMAp2IC0zMDcyIC00ODAgMAp2IC0zMTA0IC00ODAgMAp2IC0zMTM2IC00ODAgMAp2IC0zMTY4IC00ODAgMAp2IC0zMjAwIC00ODAgMAp2IDAgLTUxMiAwCnYgLTMyIC01MTIgMAp2IC02NCAtNTEyIDAKdiAtOTYgLTUxMiAwCnYgLTEyOCAtNTEyIDAKdiAtMTYwIC01MTIgMAp2IC0xOTIgLTUxMiAwCnYgLTIyNCAtNTEyIDAKdiAtMjU2IC01MTIgMAp2IC0yODggLTUxMiAwCnYgLTMyMCAtNTEyIDAKdiAtMzUyIC01MTIgMAp2IC0zODQgLTUxMiAwCnYgLTQxNiAtNTEyIDAKdiAtNDQ4IC01MTIgMAp2IC00ODAgLTUxMiAwCnYgLTUxMiAtNTEyIDAKdiAtNTQ0IC01MTIgMAp2IC01NzYgLTUxMiAwCnYgLTYwOCAtNTEyIDAKdiAtNjQwIC01MTIgMAp2IC02NzIgLTUxMiAwCnYgLTcwNCAtNTEyIDAKdiAtNzM2IC01MTIgMAp2IC03NjggLTUxMiAwCnYgLTgwMCAtNTEyIDAKdiAtODMyIC01MTIgMAp2IC04NjQgLTUxMiAwCnYgLTg5NiAtNTEyIDAKdiAtOTI4IC01MTIgMAp2IC05NjAgLTUxMiAwCnYgLTk5MiAtNTEyIDAKdiAtMTAyNCAtNTEyIDAKdiAtMTA1NiAtNTEyIDAKdiAtMTA4OCAtNTEyIDAKdiAtMTEyMCAtNTEyIDAKdiAtMTE1MiAtNTEyIDAKdiAtMTE4NCAtNTEyIDAKdiAtMTIxNiAtNTEyIDAKdiAtMTI0OCAtNTEyIDAKdiAtMTI4MCAtNTEyIDAKdiAtMTMxMiAtNTEyIDAKdiAtMTM0NCAtNTEyIDAKdiAtMTM3NiAtNTEyIDAKdiAtMTQwOCAtNTEyIDAKdiAtMTQ0MCAtNTEyIDAKdiAtMTQ3MiAtNTEyIDAKdiAtMTUwNCAtNTEyIDAKdiAtMTUzNiAtNTEyIDAKdiAtMTU2OCAtNTEyIDAKdiAtMTYwMCAtNTEyIDAKdiAtMTYzMiAtNTEyIDAKdiAtMTY2NCAtNTEyIDAKdiAtMTY5NiAtNTEyIDAKdiAtMTcyOCAtNTEyIDAKdiAtMTc2MCAtNTEyIDAKdiAtMTc5MiAtNTEyIDAKdiAtMTgyNCAtNTEyIDAKdiAtMTg1NiAtNTEyIDAKdiAtMTg4OCAtNTEyIDAKdiAtMTkyMCAtNTEyIDAKdiAtMTk1MiAtNTEyIDAKdiAtMTk4NCAtNTEyIDAKdiAtMjAxNiAtNTEyIDAKdiAtMjA0OCAtNTEyIDAKdiAtMjA4MCAtNTEyIDAKdiAtMjExMiAtNTEyIDAKdiAtMjE0NCAtNTEyIDAKdiAtMjE3NiAtNTEyIDAKdiAtMjIwOCAtNTEyIDAKdiAtMjI0MCAtNTEyIDAKdiAtMjI3MiAtNTEyIDAKdiAtMjMwNCAtNTEyIDAKdiAtMjMzNiAtNTEyIDAKdiAtMjM2OCAtNTEyIDAKdiAtMjQwMCAtNTEyIDAKdiAtMjQzMiAtNTEyIDAKdiAtMjQ2NCAtNTEyIDAKdiAtMjQ5NiAtNTEyIDAKdiAtMjUyOCAtNTEyIDAKdiAtMjU2MCAtNTEyIDAKdiAtMjU5MiAtNTEyIDAKdiAtMjYyNCAtNTEyIDAKdiAtMjY1NiAtNTEyIDAKdiAtMjY4OCAtNTEyIDAKdiAtMjcyMCAtNTEyIDAKdiAtMjc1MiAtNTEyIDAKdiAtMjc4NCAtNTEyIDAKdiAtMjgxNiAtNTEyIDAKdiAtMjg0OCAtNTEyIDAKdiAtMjg4MCAtNTEyIDAKdiAtMjkxMiAtNTEyIDAKdiAtMjk0NCAtNTEyIDAKdiAtMjk3NiAtNTEyIDAKdiAtMzAwOCAtNTEyIDAKdiAtMzA0MCAtNTEyIDAKdiAtMzA3MiAtNTEyIDAKdiAtMzEwNCAtNTEyIDAKdiAtMzEzNiAtNTEyIDAKdiAtMzE2OCAtNTEyIDAKdiAtMzIwMCAtNTEyIDAKdiAwIC01NDQgMAp2IC0zMiAtNTQ0IDAKdiAtNjQgLTU0NCAwCnYgLTk2IC01NDQgMAp2IC0xMjggLTU0NCAwCnYgLTE2MCAtNTQ0IDAKdiAtMTkyIC01NDQgMAp2IC0yMjQgLTU0NCAwCnYgLTI1NiAtNTQ0IDAKdiAtMjg4IC01NDQgMAp2IC0zMjAgLTU0NCAwCnYgLTM1MiAtNTQ0IDAKdiAtMzg0IC01NDQgMAp2IC00MTYgLTU0NCAwCnYgLTQ0OCAtNTQ0IDAKdiAtNDgwIC01NDQgMAp2IC01MTIgLTU0NCAwCnYgLTU0NCAtNTQ0IDAKdiAtNTc2IC01NDQgMAp2IC02MDggLTU0NCAwCnYgLTY0MCAtNTQ0IDAKdiAtNjcyIC01NDQgMAp2IC03MDQgLTU0NCAwCnYgLTczNiAtNTQ0IDAKdiAtNzY4IC01NDQgMAp2IC04MDAgLTU0NCAwCnYgLTgzMiAtNTQ0IDAKdiAtODY0IC01NDQgMAp2IC04OTYgLTU0NCAwCnYgLTkyOCAtNTQ0IDAKdiAtOTYwIC01NDQgMAp2IC05OTIgLTU0NCAwCnYgLTEwMjQgLTU0NCAwCnYgLTEwNTYgLTU0NCAwCnYgLTEwODggLTU0NCAwCnYgLTExMjAgLTU0NCAwCnYgLTExNTIgLTU0NCAwCnYgLTExODQgLTU0NCAwCnYgLTEyMTYgLTU0NCAwCnYgLTEyNDggLTU0NCAwCnYgLTEyODAgLTU0NCAwCnYgLTEzMTIgLTU0NCAwCnYgLTEzNDQgLTU0NCAwCnYgLTEzNzYgLTU0NCAwCnYgLTE0MDggLTU0NCAwCnYgLTE0NDAgLTU0NCAwCnYgLTE0NzIgLTU0NCAwCnYgLTE1MDQgLTU0NCAwCnYgLTE1MzYgLTU0NCAwCnYgLTE1NjggLTU0NCAwCnYgLTE2MDAgLTU0NCAwCnYgLTE2MzIgLTU0NCAwCnYgLTE2NjQgLTU0NCAwCnYgLTE2OTYgLTU0NCAwCnYgLTE3MjggLTU0NCAwCnYgLTE3NjAgLTU0NCAwCnYgLTE3OTIgLTU0NCAwCnYgLTE4MjQgLTU0NCAwCnYgLTE4NTYgLTU0NCAwCnYgLTE4ODggLTU0NCAwCnYgLTE5MjAgLTU0NCAwCnYgLTE5NTIgLTU0NCAwCnYgLTE5ODQgLTU0NCAwCnYgLTIwMTYgLTU0NCAwCnYgLTIwNDggLTU0NCAwCnYgLTIwODAgLTU0NCAwCnYgLTIxMTIgLTU0NCAwCnYgLTIxNDQgLTU0NCAwCnYgLTIxNzYgLTU0NCAwCnYgLTIyMDggLTU0NCAwCnYgLTIyNDAgLTU0NCAwCnYgLTIyNzIgLTU0NCAwCnYgLTIzMDQgLTU0NCAwCnYgLTIzMzYgLTU0NCAwCnYgLTIzNjggLTU0NCAwCnYgLTI0MDAgLTU0NCAwCnYgLTI0MzIgLTU0NCAwCnYgLTI0NjQgLTU0NCAwCnYgLTI0OTYgLTU0NCAwCnYgLTI1MjggLTU0NCAwCnYgLTI1NjAgLTU0NCAwCnYgLTI1OTIgLTU0NCAwCnYgLTI2MjQgLTU0NCAwCnYgLTI2NTYgLTU0NCAwCnYgLTI2ODggLTU0NCAwCnYgLTI3MjAgLTU0NCAwCnYgLTI3NTIgLTU0NCAwCnYgLTI3ODQgLTU0NCAwCnYgLTI4MTYgLTU0NCAwCnYgLTI4NDggLTU0NCAwCnYgLTI4ODAgLTU0NCAwCnYgLTI5MTIgLTU0NCAwCnYgLTI5NDQgLTU0NCAwCnYgLTI5NzYgLTU0NCAwCnYgLTMwMDggLTU0NCAwCnYgLTMwNDAgLTU0NCAwCnYgLTMwNzIgLTU0NCAwCnYgLTMxMDQgLTU0NCAwCnYgLTMxMzYgLTU0NCAwCnYgLTMxNjggLTU0NCAwCnYgLTMyMDAgLTU0NCAwCnYgMCAtNTc2IDAKdiAtMzIgLTU3NiAwCnYgLTY0IC01NzYgMAp2IC05NiAtNTc2IDAKdiAtMTI4IC01NzYgMAp2IC0xNjAgLTU3NiAwCnYgLTE5MiAtNTc2IDAKdiAtMjI0IC01NzYgMAp2IC0yNTYgLTU3NiAwCnYgLTI4OCAtNTc2IDAKdiAtMzIwIC01NzYgMAp2IC0zNTIgLTU3NiAwCnYgLTM4NCAtNTc2IDAKdiAtNDE2IC01NzYgMAp2IC00NDggLTU3NiAwCnYgLTQ4MCAtNTc2IDAKdiAtNTEyIC01NzYgMAp2IC01NDQgLTU3NiAwCnYgLTU3NiAtNTc2IDAKdiAtNjA4IC01NzYgMAp2IC02NDAgLTU3NiAwCnYgLTY3MiAtNTc2IDAKdiAtNzA0IC01NzYgMAp2IC03MzYgLTU3NiAwCnYgLTc2OCAtNTc2IDAKdiAtODAwIC01NzYgMAp2IC04MzIgLTU3NiAwCnYgLTg2NCAtNTc2IDAKdiAtODk2IC01NzYgMAp2IC05MjggLTU3NiAwCnYgLTk2MCAtNTc2IDAKdiAtOTkyIC01NzYgMAp2IC0xMDI0IC01NzYgMAp2IC0xMDU2IC01NzYgMAp2IC0xMDg4IC01NzYgMAp2IC0xMTIwIC01NzYgMAp2IC0xMTUyIC01NzYgMAp2IC0xMTg0IC01NzYgMAp2IC0xMjE2IC01NzYgMAp2IC0xMjQ4IC01NzYgMAp2IC0xMjgwIC01NzYgMAp2IC0xMzEyIC01NzYgMAp2IC0xMzQ0IC01NzYgMAp2IC0xMzc2IC01NzYgMAp2IC0xNDA4IC01NzYgMAp2IC0xNDQwIC01NzYgMAp2IC0xNDcyIC01NzYgMAp2IC0xNTA0IC01NzYgMAp2IC0xNTM2IC01NzYgMAp2IC0xNTY4IC01NzYgMAp2IC0xNjAwIC01NzYgMAp2IC0xNjMyIC01NzYgMAp2IC0xNjY0IC01NzYgMAp2IC0xNjk2IC01NzYgMAp2IC0xNzI4IC01NzYgMAp2IC0xNzYwIC01NzYgMAp2IC0xNzkyIC01NzYgMAp2IC0xODI0IC01NzYgMAp2IC0xODU2IC01NzYgMAp2IC0xODg4IC01NzYgMAp2IC0xOTIwIC01NzYgMAp2IC0xOTUyIC01NzYgMAp2IC0xOTg0IC01NzYgMAp2IC0yMDE2IC01NzYgMAp2IC0yMDQ4IC01NzYgMAp2IC0yMDgwIC01NzYgMAp2IC0yMTEyIC01NzYgMAp2IC0yMTQ0IC01NzYgMAp2IC0yMTc2IC01NzYgMAp2IC0yMjA4IC01NzYgMAp2IC0yMjQwIC01NzYgMAp2IC0yMjcyIC01NzYgMAp2IC0yMzA0IC01NzYgMAp2IC0yMzM2IC01NzYgMAp2IC0yMzY4IC01NzYgMAp2IC0yNDAwIC01NzYgMAp2IC0yNDMyIC01NzYgMAp2IC0yNDY0IC01NzYgMAp2IC0yNDk2IC01NzYgMAp2IC0yNTI4IC01NzYgMAp2IC0yNTYwIC01NzYgMAp2IC0yNTkyIC01NzYgMAp2IC0yNjI0IC01NzYgMAp2IC0yNjU2IC01NzYgMAp2IC0yNjg4IC01NzYgMAp2IC0yNzIwIC01NzYgMAp2IC0yNzUyIC01NzYgMAp2IC0yNzg0IC01NzYgMAp2IC0yODE2IC01NzYgMAp2IC0yODQ4IC01NzYgMAp2IC0yODgwIC01NzYgMAp2IC0yOTEyIC01NzYgMAp2IC0yOTQ0IC01NzYgMAp2IC0yOTc2IC01NzYgMAp2IC0zMDA4IC01NzYgMAp2IC0zMDQwIC01NzYgMAp2IC0zMDcyIC01NzYgMAp2IC0zMTA0IC01NzYgMAp2IC0zMTM2IC01NzYgMAp2IC0zMTY4IC01NzYgMAp2IC0zMjAwIC01NzYgMAp2IDAgLTYwOCAwCnYgLTMyIC02MDggMAp2IC02NCAtNjA4IDAKdiAtOTYgLTYwOCAwCnYgLTEyOCAtNjA4IDAKdiAtMTYwIC02MDggMAp2IC0xOTIgLTYwOCAwCnYgLTIyNCAtNjA4IDAKdiAtMjU2IC02MDggMAp2IC0yODggLTYwOCAwCnYgLTMyMCAtNjA4IDAKdiAtMzUyIC02MDggMAp2IC0zODQgLTYwOCAwCnYgLTQxNiAtNjA4IDAKdiAtNDQ4IC02MDggMAp2IC00ODAgLTYwOCAwCnYgLTUxMiAtNjA4IDAKdiAtNTQ0IC02MDggMAp2IC01NzYgLTYwOCAwCnYgLTYwOCAtNjA4IDAKdiAtNjQwIC02MDggMAp2IC02NzIgLTYwOCAwCnYgLTcwNCAtNjA4IDAKdiAtNzM2IC02MDggMAp2IC03NjggLTYwOCAwCnYgLTgwMCAtNjA4IDAKdiAtODMyIC02MDggMAp2IC04NjQgLTYwOCAwCnYgLTg5NiAtNjA4IDAKdiAtOTI4IC02MDggMAp2IC05NjAgLTYwOCAwCnYgLTk5MiAtNjA4IDAKdiAtMTAyNCAtNjA4IDAKdiAtMTA1NiAtNjA4IDAKdiAtMTA4OCAtNjA4IDAKdiAtMTEyMCAtNjA4IDAKdiAtMTE1MiAtNjA4IDAKdiAtMTE4NCAtNjA4IDAKdiAtMTIxNiAtNjA4IDAKdiAtMTI0OCAtNjA4IDAKdiAtMTI4MCAtNjA4IDAKdiAtMTMxMiAtNjA4IDAKdiAtMTM0NCAtNjA4IDAKdiAtMTM3NiAtNjA4IDAKdiAtMTQwOCAtNjA4IDAKdiAtMTQ0MCAtNjA4IDAKdiAtMTQ3MiAtNjA4IDAKdiAtMTUwNCAtNjA4IDAKdiAtMTUzNiAtNjA4IDAKdiAtMTU2OCAtNjA4IDAKdiAtMTYwMCAtNjA4IDAKdiAtMTYzMiAtNjA4IDAKdiAtMTY2NCAtNjA4IDAKdiAtMTY5NiAtNjA4IDAKdiAtMTcyOCAtNjA4IDAKdiAtMTc2MCAtNjA4IDAKdiAtMTc5MiAtNjA4IDAKdiAtMTgyNCAtNjA4IDAKdiAtMTg1NiAtNjA4IDAKdiAtMTg4OCAtNjA4IDAKdiAtMTkyMCAtNjA4IDAKdiAtMTk1MiAtNjA4IDAKdiAtMTk4NCAtNjA4IDAKdiAtMjAxNiAtNjA4IDAKdiAtMjA0OCAtNjA4IDAKdiAtMjA4MCAtNjA4IDAKdiAtMjExMiAtNjA4IDAKdiAtMjE0NCAtNjA4IDAKdiAtMjE3NiAtNjA4IDAKdiAtMjIwOCAtNjA4IDAKdiAtMjI0MCAtNjA4IDAKdiAtMjI3MiAtNjA4IDAKdiAtMjMwNCAtNjA4IDAKdiAtMjMzNiAtNjA4IDAKdiAtMjM2OCAtNjA4IDAKdiAtMjQwMCAtNjA4IDAKdiAtMjQzMiAtNjA4IDAKdiAtMjQ2NCAtNjA4IDAKdiAtMjQ5NiAtNjA4IDAKdiAtMjUyOCAtNjA4IDAKdiAtMjU2MCAtNjA4IDAKdiAtMjU5MiAtNjA4IDAKdiAtMjYyNCAtNjA4IDAKdiAtMjY1NiAtNjA4IDAKdiAtMjY4OCAtNjA4IDAKdiAtMjcyMCAtNjA4IDAKdiAtMjc1MiAtNjA4IDAKdiAtMjc4NCAtNjA4IDAKdiAtMjgxNiAtNjA4IDAKdiAtMjg0OCAtNjA4IDAKdiAtMjg4MCAtNjA4IDAKdiAtMjkxMiAtNjA4IDAKdiAtMjk0NCAtNjA4IDAKdiAtMjk3NiAtNjA4IDAKdiAtMzAwOCAtNjA4IDAKdiAtMzA0MCAtNjA4IDAKdiAtMzA3MiAtNjA4IDAKdiAtMzEwNCAtNjA4IDAKdiAtMzEzNiAtNjA4IDAKdiAtMzE2OCAtNjA4IDAKdiAtMzIwMCAtNjA4IDAKdiAwIC02NDAgMAp2IC0zMiAtNjQwIDAKdiAtNjQgLTY0MCAwCnYgLTk2IC02NDAgMAp2IC0xMjggLTY0MCAwCnYgLTE2MCAtNjQwIDAKdiAtMTkyIC02NDAgMAp2IC0yMjQgLTY0MCAwCnYgLTI1NiAtNjQwIDAKdiAtMjg4IC02NDAgMAp2IC0zMjAgLTY0MCAwCnYgLTM1MiAtNjQwIDAKdiAtMzg0IC02NDAgMAp2IC00MTYgLTY0MCAwCnYgLTQ0OCAtNjQwIDAKdiAtNDgwIC02NDAgMAp2IC01MTIgLTY0MCAwCnYgLTU0NCAtNjQwIDAKdiAtNTc2IC02NDAgMAp2IC02MDggLTY0MCAwCnYgLTY0MCAtNjQwIDAKdiAtNjcyIC02NDAgMAp2IC03MDQgLTY0MCAwCnYgLTczNiAtNjQwIDAKdiAtNzY4IC02NDAgMAp2IC04MDAgLTY0MCAwCnYgLTgzMiAtNjQwIDAKdiAtODY0IC02NDAgMAp2IC04OTYgLTY0MCAwCnYgLTkyOCAtNjQwIDAKdiAtOTYwIC02NDAgMAp2IC05OTIgLTY0MCAwCnYgLTEwMjQgLTY0MCAwCnYgLTEwNTYgLTY0MCAwCnYgLTEwODggLTY0MCAwCnYgLTExMjAgLTY0MCAwCnYgLTExNTIgLTY0MCAwCnYgLTExODQgLTY0MCAwCnYgLTEyMTYgLTY0MCAwCnYgLTEyNDggLTY0MCAwCnYgLTEyODAgLTY0MCAwCnYgLTEzMTIgLTY0MCAwCnYgLTEzNDQgLTY0MCAwCnYgLTEzNzYgLTY0MCAwCnYgLTE0MDggLTY0MCAwCnYgLTE0NDAgLTY0MCAwCnYgLTE0NzIgLTY0MCAwCnYgLTE1MDQgLTY0MCAwCnYgLTE1MzYgLTY0MCAwCnYgLTE1NjggLTY0MCAwCnYgLTE2MDAgLTY0MCAwCnYgLTE2MzIgLTY0MCAwCnYgLTE2NjQgLTY0MCAwCnYgLTE2OTYgLTY0MCAwCnYgLTE3MjggLTY0MCAwCnYgLTE3NjAgLTY0MCAwCnYgLTE3OTIgLTY0MCAwCnYgLTE4MjQgLTY0MCAwCnYgLTE4NTYgLTY0MCAwCnYgLTE4ODggLTY0MCAwCnYgLTE5MjAgLTY0MCAwCnYgLTE5NTIgLTY0MCAwCnYgLTE5ODQgLTY0MCAwCnYgLTIwMTYgLTY0MCAwCnYgLTIwNDggLTY0MCAwCnYgLTIwODAgLTY0MCAwCnYgLTIxMTIgLTY0MCAwCnYgLTIxNDQgLTY0MCAwCnYgLTIxNzYgLTY0MCAwCnYgLTIyMDggLTY0MCAwCnYgLTIyNDAgLTY0MCAwCnYgLTIyNzIgLTY0MCAwCnYgLTIzMDQgLTY0MCAwCnYgLTIzMzYgLTY0MCAwCnYgLTIzNjggLTY0MCAwCnYgLTI0MDAgLTY0MCAwCnYgLTI0MzIgLTY0MCAwCnYgLTI0NjQgLTY0MCAwCnYgLTI0OTYgLTY0MCAwCnYgLTI1MjggLTY0MCAwCnYgLTI1NjAgLTY0MCAwCnYgLTI1OTIgLTY0MCAwCnYgLTI2MjQgLTY0MCAwCnYgLTI2NTYgLTY0MCAwCnYgLTI2ODggLTY0MCAwCnYgLTI3MjAgLTY0MCAwCnYgLTI3NTIgLTY0MCAwCnYgLTI3ODQgLTY0MCAwCnYgLTI4MTYgLTY0MCAwCnYgLTI4NDggLTY0MCAwCnYgLTI4ODAgLTY0MCAwCnYgLTI5MTIgLTY0MCAwCnYgLTI5NDQgLTY0MCAwCnYgLTI5NzYgLTY0MCAwCnYgLTMwMDggLTY0MCAwCnYgLTMwNDAgLTY0MCAwCnYgLTMwNzIgLTY0MCAwCnYgLTMxMDQgLTY0MCAwCnYgLTMxMzYgLTY0MCAwCnYgLTMxNjggLTY0MCAwCnYgLTMyMDAgLTY0MCAwCnYgMCAtNjcyIDAKdiAtMzIgLTY3MiAwCnYgLTY0IC02NzIgMAp2IC05NiAtNjcyIDAKdiAtMTI4IC02NzIgMAp2IC0xNjAgLTY3MiAwCnYgLTE5MiAtNjcyIDAKdiAtMjI0IC02NzIgMAp2IC0yNTYgLTY3MiAwCnYgLTI4OCAtNjcyIDAKdiAtMzIwIC02NzIgMAp2IC0zNTIgLTY3MiAwCnYgLTM4NCAtNjcyIDAKdiAtNDE2IC02NzIgMAp2IC00NDggLTY3MiAwCnYgLTQ4MCAtNjcyIDAKdiAtNTEyIC02NzIgMAp2IC01NDQgLTY3MiAwCnYgLTU3NiAtNjcyIDAKdiAtNjA4IC02NzIgMAp2IC02NDAgLTY3MiAwCnYgLTY3MiAtNjcyIDAKdiAtNzA0IC02NzIgMAp2IC03MzYgLTY3MiAwCnYgLTc2OCAtNjcyIDAKdiAtODAwIC02NzIgMAp2IC04MzIgLTY3MiAwCnYgLTg2NCAtNjcyIDAKdiAtODk2IC02NzIgMAp2IC05MjggLTY3MiAwCnYgLTk2MCAtNjcyIDAKdiAtOTkyIC02NzIgMAp2IC0xMDI0IC02NzIgMAp2IC0xMDU2IC02NzIgMAp2IC0xMDg4IC02NzIgMAp2IC0xMTIwIC02NzIgMAp2IC0xMTUyIC02NzIgMAp2IC0xMTg0IC02NzIgMAp2IC0xMjE2IC02NzIgMAp2IC0xMjQ4IC02NzIgMAp2IC0xMjgwIC02NzIgMAp2IC0xMzEyIC02NzIgMAp2IC0xMzQ0IC02NzIgMAp2IC0xMzc2IC02NzIgMAp2IC0xNDA4IC02NzIgMAp2IC0xNDQwIC02NzIgMAp2IC0xNDcyIC02NzIgMAp2IC0xNTA0IC02NzIgMAp2IC0xNTM2IC02NzIgMAp2IC0xNTY4IC02NzIgMAp2IC0xNjAwIC02NzIgMAp2IC0xNjMyIC02NzIgMAp2IC0xNjY0IC02NzIgMAp2IC0xNjk2IC02NzIgMAp2IC0xNzI4IC02NzIgMAp2IC0xNzYwIC02NzIgMAp2IC0xNzkyIC02NzIgMAp2IC0xODI0IC02NzIgMAp2IC0xODU2IC02NzIgMAp2IC0xODg4IC02NzIgMAp2IC0xOTIwIC02NzIgMAp2IC0xOTUyIC02NzIgMAp2IC0xOTg0IC02NzIgMAp2IC0yMDE2IC02NzIgMAp2IC0yMDQ4IC02NzIgMAp2IC0yMDgwIC02NzIgMAp2IC0yMTEyIC02NzIgMAp2IC0yMTQ0IC02NzIgMAp2IC0yMTc2IC02NzIgMAp2IC0yMjA4IC02NzIgMAp2IC0yMjQwIC02NzIgMAp2IC0yMjcyIC02NzIgMAp2IC0yMzA0IC02NzIgMAp2IC0yMzM2IC02NzIgMAp2IC0yMzY4IC02NzIgMAp2IC0yNDAwIC02NzIgMAp2IC0yNDMyIC02NzIgMAp2IC0yNDY0IC02NzIgMAp2IC0yNDk2IC02NzIgMAp2IC0yNTI4IC02NzIgMAp2IC0yNTYwIC02NzIgMAp2IC0yNTkyIC02NzIgMAp2IC0yNjI0IC02NzIgMAp2IC0yNjU2IC02NzIgMAp2IC0yNjg4IC02NzIgMAp2IC0yNzIwIC02NzIgMAp2IC0yNzUyIC02NzIgMAp2IC0yNzg0IC02NzIgMAp2IC0yODE2IC02NzIgMAp2IC0yODQ4IC02NzIgMAp2IC0yODgwIC02NzIgMAp2IC0yOTEyIC02NzIgMAp2IC0yOTQ0IC02NzIgMAp2IC0yOTc2IC02NzIgMAp2IC0zMDA4IC02NzIgMAp2IC0zMDQwIC02NzIgMAp2IC0zMDcyIC02NzIgMAp2IC0zMTA0IC02NzIgMAp2IC0zMTM2IC02NzIgMAp2IC0zMTY4IC02NzIgMAp2IC0zMjAwIC02NzIgMAp2IDAgLTcwNCAwCnYgLTMyIC03MDQgMAp2IC02NCAtNzA0IDAKdiAtOTYgLTcwNCAwCnYgLTEyOCAtNzA0IDAKdiAtMTYwIC03MDQgMAp2IC0xOTIgLTcwNCAwCnYgLTIyNCAtNzA0IDAKdiAtMjU2IC03MDQgMAp2IC0yODggLTcwNCAwCnYgLTMyMCAtNzA0IDAKdiAtMzUyIC03MDQgMAp2IC0zODQgLTcwNCAwCnYgLTQxNiAtNzA0IDAKdiAtNDQ4IC03MDQgMAp2IC00ODAgLTcwNCAwCnYgLTUxMiAtNzA0IDAKdiAtNTQ0IC03MDQgMAp2IC01NzYgLTcwNCAwCnYgLTYwOCAtNzA0IDAKdiAtNjQwIC03MDQgMAp2IC02NzIgLTcwNCAwCnYgLTcwNCAtNzA0IDAKdiAtNzM2IC03MDQgMAp2IC03NjggLTcwNCAwCnYgLTgwMCAtNzA0IDAKdiAtODMyIC03MDQgMAp2IC04NjQgLTcwNCAwCnYgLTg5NiAtNzA0IDAKdiAtOTI4IC03MDQgMAp2IC05NjAgLTcwNCAwCnYgLTk5MiAtNzA0IDAKdiAtMTAyNCAtNzA0IDAKdiAtMTA1NiAtNzA0IDAKdiAtMTA4OCAtNzA0IDAKdiAtMTEyMCAtNzA0IDAKdiAtMTE1MiAtNzA0IDAKdiAtMTE4NCAtNzA0IDAKdiAtMTIxNiAtNzA0IDAKdiAtMTI0OCAtNzA0IDAKdiAtMTI4MCAtNzA0IDAKdiAtMTMxMiAtNzA0IDAKdiAtMTM0NCAtNzA0IDAKdiAtMTM3NiAtNzA0IDAKdiAtMTQwOCAtNzA0IDAKdiAtMTQ0MCAtNzA0IDAKdiAtMTQ3MiAtNzA0IDAKdiAtMTUwNCAtNzA0IDAKdiAtMTUzNiAtNzA0IDAKdiAtMTU2OCAtNzA0IDAKdiAtMTYwMCAtNzA0IDAKdiAtMTYzMiAtNzA0IDAKdiAtMTY2NCAtNzA0IDAKdiAtMTY5NiAtNzA0IDAKdiAtMTcyOCAtNzA0IDAKdiAtMTc2MCAtNzA0IDAKdiAtMTc5MiAtNzA0IDAKdiAtMTgyNCAtNzA0IDAKdiAtMTg1NiAtNzA0IDAKdiAtMTg4OCAtNzA0IDAKdiAtMTkyMCAtNzA0IDAKdiAtMTk1MiAtNzA0IDAKdiAtMTk4NCAtNzA0IDAKdiAtMjAxNiAtNzA0IDAKdiAtMjA0OCAtNzA0IDAKdiAtMjA4MCAtNzA0IDAKdiAtMjExMiAtNzA0IDAKdiAtMjE0NCAtNzA0IDAKdiAtMjE3NiAtNzA0IDAKdiAtMjIwOCAtNzA0IDAKdiAtMjI0MCAtNzA0IDAKdiAtMjI3MiAtNzA0IDAKdiAtMjMwNCAtNzA0IDAKdiAtMjMzNiAtNzA0IDAKdiAtMjM2OCAtNzA0IDAKdiAtMjQwMCAtNzA0IDAKdiAtMjQzMiAtNzA0IDAKdiAtMjQ2NCAtNzA0IDAKdiAtMjQ5NiAtNzA0IDAKdiAtMjUyOCAtNzA0IDAKdiAtMjU2MCAtNzA0IDAKdiAtMjU5MiAtNzA0IDAKdiAtMjYyNCAtNzA0IDAKdiAtMjY1NiAtNzA0IDAKdiAtMjY4OCAtNzA0IDAKdiAtMjcyMCAtNzA0IDAKdiAtMjc1MiAtNzA0IDAKdiAtMjc4NCAtNzA0IDAKdiAtMjgxNiAtNzA0IDAKdiAtMjg0OCAtNzA0IDAKdiAtMjg4MCAtNzA0IDAKdiAtMjkxMiAtNzA0IDAKdiAtMjk0NCAtNzA0IDAKdiAtMjk3NiAtNzA0IDAKdiAtMzAwOCAtNzA0IDAKdiAtMzA0MCAtNzA0IDAKdiAtMzA3MiAtNzA0IDAKdiAtMzEwNCAtNzA0IDAKdiAtMzEzNiAtNzA0IDAKdiAtMzE2OCAtNzA0IDAKdiAtMzIwMCAtNzA0IDAKdiAwIC03MzYgMAp2IC0zMiAtNzM2IDAKdiAtNjQgLTczNiAwCnYgLTk2IC03MzYgMAp2IC0xMjggLTczNiAwCnYgLTE2MCAtNzM2IDAKdiAtMTkyIC03MzYgMAp2IC0yMjQgLTczNiAwCnYgLTI1NiAtNzM2IDAKdiAtMjg4IC03MzYgMAp2IC0zMjAgLTczNiAwCnYgLTM1MiAtNzM2IDAKdiAtMzg0IC03MzYgMAp2IC00MTYgLTczNiAwCnYgLTQ0OCAtNzM2IDAKdiAtNDgwIC03MzYgMAp2IC01MTIgLTczNiAwCnYgLTU0NCAtNzM2IDAKdiAtNTc2IC03MzYgMAp2IC02MDggLTczNiAwCnYgLTY0MCAtNzM2IDAKdiAtNjcyIC03MzYgMAp2IC03MDQgLTczNiAwCnYgLTczNiAtNzM2IDAKdiAtNzY4IC03MzYgMAp2IC04MDAgLTczNiAwCnYgLTgzMiAtNzM2IDAKdiAtODY0IC03MzYgMAp2IC04OTYgLTczNiAwCnYgLTkyOCAtNzM2IDAKdiAtOTYwIC03MzYgMAp2IC05OTIgLTczNiAwCnYgLTEwMjQgLTczNiAwCnYgLTEwNTYgLTczNiAwCnYgLTEwODggLTczNiAwCnYgLTExMjAgLTczNiAwCnYgLTExNTIgLTczNiAwCnYgLTExODQgLTczNiAwCnYgLTEyMTYgLTczNiAwCnYgLTEyNDggLTczNiAwCnYgLTEyODAgLTczNiAwCnYgLTEzMTIgLTczNiAwCnYgLTEzNDQgLTczNiAwCnYgLTEzNzYgLTczNiAwCnYgLTE0MDggLTczNiAwCnYgLTE0NDAgLTczNiAwCnYgLTE0NzIgLTczNiAwCnYgLTE1MDQgLTczNiAwCnYgLTE1MzYgLTczNiAwCnYgLTE1NjggLTczNiAwCnYgLTE2MDAgLTczNiAwCnYgLTE2MzIgLTczNiAwCnYgLTE2NjQgLTczNiAwCnYgLTE2OTYgLTczNiAwCnYgLTE3MjggLTczNiAwCnYgLTE3NjAgLTczNiAwCnYgLTE3OTIgLTczNiAwCnYgLTE4MjQgLTczNiAwCnYgLTE4NTYgLTczNiAwCnYgLTE4ODggLTczNiAwCnYgLTE5MjAgLTczNiAwCnYgLTE5NTIgLTczNiAwCnYgLTE5ODQgLTczNiAwCnYgLTIwMTYgLTczNiAwCnYgLTIwNDggLTczNiAwCnYgLTIwODAgLTczNiAwCnYgLTIxMTIgLTczNiAwCnYgLTIxNDQgLTczNiAwCnYgLTIxNzYgLTczNiAwCnYgLTIyMDggLTczNiAwCnYgLTIyNDAgLTczNiAwCnYgLTIyNzIgLTczNiAwCnYgLTIzMDQgLTczNiAwCnYgLTIzMzYgLTczNiAwCnYgLTIzNjggLTczNiAwCnYgLTI0MDAgLTczNiAwCnYgLTI0MzIgLTczNiAwCnYgLTI0NjQgLTczNiAwCnYgLTI0OTYgLTczNiAwCnYgLTI1MjggLTczNiAwCnYgLTI1NjAgLTczNiAwCnYgLTI1OTIgLTczNiAwCnYgLTI2MjQgLTczNiAwCnYgLTI2NTYgLTczNiAwCnYgLTI2ODggLTczNiAwCnYgLTI3MjAgLTczNiAwCnYgLTI3NTIgLTczNiAwCnYgLTI3ODQgLTczNiAwCnYgLTI4MTYgLTczNiAwCnYgLTI4NDggLTczNiAwCnYgLTI4ODAgLTczNiAwCnYgLTI5MTIgLTczNiAwCnYgLTI5NDQgLTczNiAwCnYgLTI5NzYgLTczNiAwCnYgLTMwMDggLTczNiAwCnYgLTMwNDAgLTczNiAwCnYgLTMwNzIgLTczNiAwCnYgLTMxMDQgLTczNiAwCnYgLTMxMzYgLTczNiAwCnYgLTMxNjggLTczNiAwCnYgLTMyMDAgLTczNiAwCnYgMCAtNzY4IDAKdiAtMzIgLTc2OCAwCnYgLTY0IC03NjggMAp2IC05NiAtNzY4IDAKdiAtMTI4IC03NjggMAp2IC0xNjAgLTc2OCAwCnYgLTE5MiAtNzY4IDAKdiAtMjI0IC03NjggMAp2IC0yNTYgLTc2OCAwCnYgLTI4OCAtNzY4IDAKdiAtMzIwIC03NjggMAp2IC0zNTIgLTc2OCAwCnYgLTM4NCAtNzY4IDAKdiAtNDE2IC03NjggMAp2IC00NDggLTc2OCAwCnYgLTQ4MCAtNzY4IDAKdiAtNTEyIC03NjggMAp2IC01NDQgLTc2OCAwCnYgLTU3NiAtNzY4IDAKdiAtNjA4IC03NjggMAp2IC02NDAgLTc2OCAwCnYgLTY3MiAtNzY4IDAKdiAtNzA0IC03NjggMAp2IC03MzYgLTc2OCAwCnYgLTc2OCAtNzY4IDAKdiAtODAwIC03NjggMAp2IC04MzIgLTc2OCAwCnYgLTg2NCAtNzY4IDAKdiAtODk2IC03NjggMAp2IC05MjggLTc2OCAwCnYgLTk2MCAtNzY4IDAKdiAtOTkyIC03NjggMAp2IC0xMDI0IC03NjggMAp2IC0xMDU2IC03NjggMAp2IC0xMDg4IC03NjggMAp2IC0xMTIwIC03NjggMAp2IC0xMTUyIC03NjggMAp2IC0xMTg0IC03NjggMAp2IC0xMjE2IC03NjggMAp2IC0xMjQ4IC03NjggMAp2IC0xMjgwIC03NjggMAp2IC0xMzEyIC03NjggMAp2IC0xMzQ0IC03NjggMAp2IC0xMzc2IC03NjggMAp2IC0xNDA4IC03NjggMAp2IC0xNDQwIC03NjggMAp2IC0xNDcyIC03NjggMAp2IC0xNTA0IC03NjggMAp2IC0xNTM2IC03NjggMAp2IC0xNTY4IC03NjggMAp2IC0xNjAwIC03NjggMAp2IC0xNjMyIC03NjggMAp2IC0xNjY0IC03NjggMAp2IC0xNjk2IC03NjggMAp2IC0xNzI4IC03NjggMAp2IC0xNzYwIC03NjggMAp2IC0xNzkyIC03NjggMAp2IC0xODI0IC03NjggMAp2IC0xODU2IC03NjggMAp2IC0xODg4IC03NjggMAp2IC0xOTIwIC03NjggMAp2IC0xOTUyIC03NjggMAp2IC0xOTg0IC03NjggMAp2IC0yMDE2IC03NjggMAp2IC0yMDQ4IC03NjggMAp2IC0yMDgwIC03NjggMAp2IC0yMTEyIC03NjggMAp2IC0yMTQ0IC03NjggMAp2IC0yMTc2IC03NjggMAp2IC0yMjA4IC03NjggMAp2IC0yMjQwIC03NjggMAp2IC0yMjcyIC03NjggMAp2IC0yMzA0IC03NjggMAp2IC0yMzM2IC03NjggMAp2IC0yMzY4IC03NjggMAp2IC0yNDAwIC03NjggMAp2IC0yNDMyIC03NjggMAp2IC0yNDY0IC03NjggMAp2IC0yNDk2IC03NjggMAp2IC0yNTI4IC03NjggMAp2IC0yNTYwIC03NjggMAp2IC0yNTkyIC03NjggMAp2IC0yNjI0IC03NjggMAp2IC0yNjU2IC03NjggMAp2IC0yNjg4IC03NjggMAp2IC0yNzIwIC03NjggMAp2IC0yNzUyIC03NjggMAp2IC0yNzg0IC03NjggMAp2IC0yODE2IC03NjggMAp2IC0yODQ4IC03NjggMAp2IC0yODgwIC03NjggMAp2IC0yOTEyIC03NjggMAp2IC0yOTQ0IC03NjggMAp2IC0yOTc2IC03NjggMAp2IC0zMDA4IC03NjggMAp2IC0zMDQwIC03NjggMAp2IC0zMDcyIC03NjggMAp2IC0zMTA0IC03NjggMAp2IC0zMTM2IC03NjggMAp2IC0zMTY4IC03NjggMAp2IC0zMjAwIC03NjggMAp2IDAgLTgwMCAwCnYgLTMyIC04MDAgMAp2IC02NCAtODAwIDAKdiAtOTYgLTgwMCAwCnYgLTEyOCAtODAwIDAKdiAtMTYwIC04MDAgMAp2IC0xOTIgLTgwMCAwCnYgLTIyNCAtODAwIDAKdiAtMjU2IC04MDAgMAp2IC0yODggLTgwMCAwCnYgLTMyMCAtODAwIDAKdiAtMzUyIC04MDAgMAp2IC0zODQgLTgwMCAwCnYgLTQxNiAtODAwIDAKdiAtNDQ4IC04MDAgMAp2IC00ODAgLTgwMCAwCnYgLTUxMiAtODAwIDAKdiAtNTQ0IC04MDAgMAp2IC01NzYgLTgwMCAwCnYgLTYwOCAtODAwIDAKdiAtNjQwIC04MDAgMAp2IC02NzIgLTgwMCAwCnYgLTcwNCAtODAwIDAKdiAtNzM2IC04MDAgMAp2IC03NjggLTgwMCAwCnYgLTgwMCAtODAwIDAKdiAtODMyIC04MDAgMAp2IC04NjQgLTgwMCAwCnYgLTg5NiAtODAwIDAKdiAtOTI4IC04MDAgMAp2IC05NjAgLTgwMCAwCnYgLTk5MiAtODAwIDAKdiAtMTAyNCAtODAwIDAKdiAtMTA1NiAtODAwIDAKdiAtMTA4OCAtODAwIDAKdiAtMTEyMCAtODAwIDAKdiAtMTE1MiAtODAwIDAKdiAtMTE4NCAtODAwIDAKdiAtMTIxNiAtODAwIDAKdiAtMTI0OCAtODAwIDAKdiAtMTI4MCAtODAwIDAKdiAtMTMxMiAtODAwIDAKdiAtMTM0NCAtODAwIDAKdiAtMTM3NiAtODAwIDAKdiAtMTQwOCAtODAwIDAKdiAtMTQ0MCAtODAwIDAKdiAtMTQ3MiAtODAwIDAKdiAtMTUwNCAtODAwIDAKdiAtMTUzNiAtODAwIDAKdiAtMTU2OCAtODAwIDAKdiAtMTYwMCAtODAwIDAKdiAtMTYzMiAtODAwIDAKdiAtMTY2NCAtODAwIDAKdiAtMTY5NiAtODAwIDAKdiAtMTcyOCAtODAwIDAKdiAtMTc2MCAtODAwIDAKdiAtMTc5MiAtODAwIDAKdiAtMTgyNCAtODAwIDAKdiAtMTg1NiAtODAwIDAKdiAtMTg4OCAtODAwIDAKdiAtMTkyMCAtODAwIDAKdiAtMTk1MiAtODAwIDAKdiAtMTk4NCAtODAwIDAKdiAtMjAxNiAtODAwIDAKdiAtMjA0OCAtODAwIDAKdiAtMjA4MCAtODAwIDAKdiAtMjExMiAtODAwIDAKdiAtMjE0NCAtODAwIDAKdiAtMjE3NiAtODAwIDAKdiAtMjIwOCAtODAwIDAKdiAtMjI0MCAtODAwIDAKdiAtMjI3MiAtODAwIDAKdiAtMjMwNCAtODAwIDAKdiAtMjMzNiAtODAwIDAKdiAtMjM2OCAtODAwIDAKdiAtMjQwMCAtODAwIDAKdiAtMjQzMiAtODAwIDAKdiAtMjQ2NCAtODAwIDAKdiAtMjQ5NiAtODAwIDAKdiAtMjUyOCAtODAwIDAKdiAtMjU2MCAtODAwIDAKdiAtMjU5MiAtODAwIDAKdiAtMjYyNCAtODAwIDAKdiAtMjY1NiAtODAwIDAKdiAtMjY4OCAtODAwIDAKdiAtMjcyMCAtODAwIDAKdiAtMjc1MiAtODAwIDAKdiAtMjc4NCAtODAwIDAKdiAtMjgxNiAtODAwIDAKdiAtMjg0OCAtODAwIDAKdiAtMjg4MCAtODAwIDAKdiAtMjkxMiAtODAwIDAKdiAtMjk0NCAtODAwIDAKdiAtMjk3NiAtODAwIDAKdiAtMzAwOCAtODAwIDAKdiAtMzA0MCAtODAwIDAKdiAtMzA3MiAtODAwIDAKdiAtMzEwNCAtODAwIDAKdiAtMzEzNiAtODAwIDAKdiAtMzE2OCAtODAwIDAKdiAtMzIwMCAtODAwIDAKdiAwIC04MzIgMAp2IC0zMiAtODMyIDAKdiAtNjQgLTgzMiAwCnYgLTk2IC04MzIgMAp2IC0xMjggLTgzMiAwCnYgLTE2MCAtODMyIDAKdiAtMTkyIC04MzIgMAp2IC0yMjQgLTgzMiAwCnYgLTI1NiAtODMyIDAKdiAtMjg4IC04MzIgMAp2IC0zMjAgLTgzMiAwCnYgLTM1MiAtODMyIDAKdiAtMzg0IC04MzIgMAp2IC00MTYgLTgzMiAwCnYgLTQ0OCAtODMyIDAKdiAtNDgwIC04MzIgMAp2IC01MTIgLTgzMiAwCnYgLTU0NCAtODMyIDAKdiAtNTc2IC04MzIgMAp2IC02MDggLTgzMiAwCnYgLTY0MCAtODMyIDAKdiAtNjcyIC04MzIgMAp2IC03MDQgLTgzMiAwCnYgLTczNiAtODMyIDAKdiAtNzY4IC04MzIgMAp2IC04MDAgLTgzMiAwCnYgLTgzMiAtODMyIDAKdiAtODY0IC04MzIgMAp2IC04OTYgLTgzMiAwCnYgLTkyOCAtODMyIDAKdiAtOTYwIC04MzIgMAp2IC05OTIgLTgzMiAwCnYgLTEwMjQgLTgzMiAwCnYgLTEwNTYgLTgzMiAwCnYgLTEwODggLTgzMiAwCnYgLTExMjAgLTgzMiAwCnYgLTExNTIgLTgzMiAwCnYgLTExODQgLTgzMiAwCnYgLTEyMTYgLTgzMiAwCnYgLTEyNDggLTgzMiAwCnYgLTEyODAgLTgzMiAwCnYgLTEzMTIgLTgzMiAwCnYgLTEzNDQgLTgzMiAwCnYgLTEzNzYgLTgzMiAwCnYgLTE0MDggLTgzMiAwCnYgLTE0NDAgLTgzMiAwCnYgLTE0NzIgLTgzMiAwCnYgLTE1MDQgLTgzMiAwCnYgLTE1MzYgLTgzMiAwCnYgLTE1NjggLTgzMiAwCnYgLTE2MDAgLTgzMiAwCnYgLTE2MzIgLTgzMiAwCnYgLTE2NjQgLTgzMiAwCnYgLTE2OTYgLTgzMiAwCnYgLTE3MjggLTgzMiAwCnYgLTE3NjAgLTgzMiAwCnYgLTE3OTIgLTgzMiAwCnYgLTE4MjQgLTgzMiAwCnYgLTE4NTYgLTgzMiAwCnYgLTE4ODggLTgzMiAwCnYgLTE5MjAgLTgzMiAwCnYgLTE5NTIgLTgzMiAwCnYgLTE5ODQgLTgzMiAwCnYgLTIwMTYgLTgzMiAwCnYgLTIwNDggLTgzMiAwCnYgLTIwODAgLTgzMiAwCnYgLTIxMTIgLTgzMiAwCnYgLTIxNDQgLTgzMiAwCnYgLTIxNzYgLTgzMiAwCnYgLTIyMDggLTgzMiAwCnYgLTIyNDAgLTgzMiAwCnYgLTIyNzIgLTgzMiAwCnYgLTIzMDQgLTgzMiAwCnYgLTIzMzYgLTgzMiAwCnYgLTIzNjggLTgzMiAwCnYgLTI0MDAgLTgzMiAwCnYgLTI0MzIgLTgzMiAwCnYgLTI0NjQgLTgzMiAwCnYgLTI0OTYgLTgzMiAwCnYgLTI1MjggLTgzMiAwCnYgLTI1NjAgLTgzMiAwCnYgLTI1OTIgLTgzMiAwCnYgLTI2MjQgLTgzMiAwCnYgLTI2NTYgLTgzMiAwCnYgLTI2ODggLTgzMiAwCnYgLTI3MjAgLTgzMiAwCnYgLTI3NTIgLTgzMiAwCnYgLTI3ODQgLTgzMiAwCnYgLTI4MTYgLTgzMiAwCnYgLTI4NDggLTgzMiAwCnYgLTI4ODAgLTgzMiAwCnYgLTI5MTIgLTgzMiAwCnYgLTI5NDQgLTgzMiAwCnYgLTI5NzYgLTgzMiAwCnYgLTMwMDggLTgzMiAwCnYgLTMwNDAgLTgzMiAwCnYgLTMwNzIgLTgzMiAwCnYgLTMxMDQgLTgzMiAwCnYgLTMxMzYgLTgzMiAwCnYgLTMxNjggLTgzMiAwCnYgLTMyMDAgLTgzMiAwCnYgMCAtODY0IDAKdiAtMzIgLTg2NCAwCnYgLTY0IC04NjQgMAp2IC05NiAtODY0IDAKdiAtMTI4IC04NjQgMAp2IC0xNjAgLTg2NCAwCnYgLTE5MiAtODY0IDAKdiAtMjI0IC04NjQgMAp2IC0yNTYgLTg2NCAwCnYgLTI4OCAtODY0IDAKdiAtMzIwIC04NjQgMAp2IC0zNTIgLTg2NCAwCnYgLTM4NCAtODY0IDAKdiAtNDE2IC04NjQgMAp2IC00NDggLTg2NCAwCnYgLTQ4MCAtODY0IDAKdiAtNTEyIC04NjQgMAp2IC01NDQgLTg2NCAwCnYgLTU3NiAtODY0IDAKdiAtNjA4IC04NjQgMAp2IC02NDAgLTg2NCAwCnYgLTY3MiAtODY0IDAKdiAtNzA0IC04NjQgMAp2IC03MzYgLTg2NCAwCnYgLTc2OCAtODY0IDAKdiAtODAwIC04NjQgMAp2IC04MzIgLTg2NCAwCnYgLTg2NCAtODY0IDAKdiAtODk2IC04NjQgMAp2IC05MjggLTg2NCAwCnYgLTk2MCAtODY0IDAKdiAtOTkyIC04NjQgMAp2IC0xMDI0IC04NjQgMAp2IC0xMDU2IC04NjQgMAp2IC0xMDg4IC04NjQgMAp2IC0xMTIwIC04NjQgMAp2IC0xMTUyIC04NjQgMAp2IC0xMTg0IC04NjQgMAp2IC0xMjE2IC04NjQgMAp2IC0xMjQ4IC04NjQgMAp2IC0xMjgwIC04NjQgMAp2IC0xMzEyIC04NjQgMAp2IC0xMzQ0IC04NjQgMAp2IC0xMzc2IC04NjQgMAp2IC0xNDA4IC04NjQgMAp2IC0xNDQwIC04NjQgMAp2IC0xNDcyIC04NjQgMAp2IC0xNTA0IC04NjQgMAp2IC0xNTM2IC04NjQgMAp2IC0xNTY4IC04NjQgMAp2IC0xNjAwIC04NjQgMAp2IC0xNjMyIC04NjQgMAp2IC0xNjY0IC04NjQgMAp2IC0xNjk2IC04NjQgMAp2IC0xNzI4IC04NjQgMAp2IC0xNzYwIC04NjQgMAp2IC0xNzkyIC04NjQgMAp2IC0xODI0IC04NjQgMAp2IC0xODU2IC04NjQgMAp2IC0xODg4IC04NjQgMAp2IC0xOTIwIC04NjQgMAp2IC0xOTUyIC04NjQgMAp2IC0xOTg0IC04NjQgMAp2IC0yMDE2IC04NjQgMAp2IC0yMDQ4IC04NjQgMAp2IC0yMDgwIC04NjQgMAp2IC0yMTEyIC04NjQgMAp2IC0yMTQ0IC04NjQgMAp2IC0yMTc2IC04NjQgMAp2IC0yMjA4IC04NjQgMAp2IC0yMjQwIC04NjQgMAp2IC0yMjcyIC04NjQgMAp2IC0yMzA0IC04NjQgMAp2IC0yMzM2IC04NjQgMAp2IC0yMzY4IC04NjQgMAp2IC0yNDAwIC04NjQgMAp2IC0yNDMyIC04NjQgMAp2IC0yNDY0IC04NjQgMAp2IC0yNDk2IC04NjQgMAp2IC0yNTI4IC04NjQgMAp2IC0yNTYwIC04NjQgMAp2IC0yNTkyIC04NjQgMAp2IC0yNjI0IC04NjQgMAp2IC0yNjU2IC04NjQgMAp2IC0yNjg4IC04NjQgMAp2IC0yNzIwIC04NjQgMAp2IC0yNzUyIC04NjQgMAp2IC0yNzg0IC04NjQgMAp2IC0yODE2IC04NjQgMAp2IC0yODQ4IC04NjQgMAp2IC0yODgwIC04NjQgMAp2IC0yOTEyIC04NjQgMAp2IC0yOTQ0IC04NjQgMAp2IC0yOTc2IC04NjQgMAp2IC0zMDA4IC04NjQgMAp2IC0zMDQwIC04NjQgMAp2IC0zMDcyIC04NjQgMAp2IC0zMTA0IC04NjQgMAp2IC0zMTM2IC04NjQgMAp2IC0zMTY4IC04NjQgMAp2IC0zMjAwIC04NjQgMAp2IDAgLTg5NiAwCnYgLTMyIC04OTYgMAp2IC02NCAtODk2IDAKdiAtOTYgLTg5NiAwCnYgLTEyOCAtODk2IDAKdiAtMTYwIC04OTYgMAp2IC0xOTIgLTg5NiAwCnYgLTIyNCAtODk2IDAKdiAtMjU2IC04OTYgMAp2IC0yODggLTg5NiAwCnYgLTMyMCAtODk2IDAKdiAtMzUyIC04OTYgMAp2IC0zODQgLTg5NiAwCnYgLTQxNiAtODk2IDAKdiAtNDQ4IC04OTYgMAp2IC00ODAgLTg5NiAwCnYgLTUxMiAtODk2IDAKdiAtNTQ0IC04OTYgMAp2IC01NzYgLTg5NiAwCnYgLTYwOCAtODk2IDAKdiAtNjQwIC04OTYgMAp2IC02NzIgLTg5NiAwCnYgLTcwNCAtODk2IDAKdiAtNzM2IC04OTYgMAp2IC03NjggLTg5NiAwCnYgLTgwMCAtODk2IDAKdiAtODMyIC04OTYgMAp2IC04NjQgLTg5NiAwCnYgLTg5NiAtODk2IDAKdiAtOTI4IC04OTYgMAp2IC05NjAgLTg5NiAwCnYgLTk5MiAtODk2IDAKdiAtMTAyNCAtODk2IDAKdiAtMTA1NiAtODk2IDAKdiAtMTA4OCAtODk2IDAKdiAtMTEyMCAtODk2IDAKdiAtMTE1MiAtODk2IDAKdiAtMTE4NCAtODk2IDAKdiAtMTIxNiAtODk2IDAKdiAtMTI0OCAtODk2IDAKdiAtMTI4MCAtODk2IDAKdiAtMTMxMiAtODk2IDAKdiAtMTM0NCAtODk2IDAKdiAtMTM3NiAtODk2IDAKdiAtMTQwOCAtODk2IDAKdiAtMTQ0MCAtODk2IDAKdiAtMTQ3MiAtODk2IDAKdiAtMTUwNCAtODk2IDAKdiAtMTUzNiAtODk2IDAKdiAtMTU2OCAtODk2IDAKdiAtMTYwMCAtODk2IDAKdiAtMTYzMiAtODk2IDAKdiAtMTY2NCAtODk2IDAKdiAtMTY5NiAtODk2IDAKdiAtMTcyOCAtODk2IDAKdiAtMTc2MCAtODk2IDAKdiAtMTc5MiAtODk2IDAKdiAtMTgyNCAtODk2IDAKdiAtMTg1NiAtODk2IDAKdiAtMTg4OCAtODk2IDAKdiAtMTkyMCAtODk2IDAKdiAtMTk1MiAtODk2IDAKdiAtMTk4NCAtODk2IDAKdiAtMjAxNiAtODk2IDAKdiAtMjA0OCAtODk2IDAKdiAtMjA4MCAtODk2IDAKdiAtMjExMiAtODk2IDAKdiAtMjE0NCAtODk2IDAKdiAtMjE3NiAtODk2IDAKdiAtMjIwOCAtODk2IDAKdiAtMjI0MCAtODk2IDAKdiAtMjI3MiAtODk2IDAKdiAtMjMwNCAtODk2IDAKdiAtMjMzNiAtODk2IDAKdiAtMjM2OCAtODk2IDAKdiAtMjQwMCAtODk2IDAKdiAtMjQzMiAtODk2IDAKdiAtMjQ2NCAtODk2IDAKdiAtMjQ5NiAtODk2IDAKdiAtMjUyOCAtODk2IDAKdiAtMjU2MCAtODk2IDAKdiAtMjU5MiAtODk2IDAKdiAtMjYyNCAtODk2IDAKdiAtMjY1NiAtODk2IDAKdiAtMjY4OCAtODk2IDAKdiAtMjcyMCAtODk2IDAKdiAtMjc1MiAtODk2IDAKdiAtMjc4NCAtODk2IDAKdiAtMjgxNiAtODk2IDAKdiAtMjg0OCAtODk2IDAKdiAtMjg4MCAtODk2IDAKdiAtMjkxMiAtODk2IDAKdiAtMjk0NCAtODk2IDAKdiAtMjk3NiAtODk2IDAKdiAtMzAwOCAtODk2IDAKdiAtMzA0MCAtODk2IDAKdiAtMzA3MiAtODk2IDAKdiAtMzEwNCAtODk2IDAKdiAtMzEzNiAtODk2IDAKdiAtMzE2OCAtODk2IDAKdiAtMzIwMCAtODk2IDAKdiAwIC05MjggMAp2IC0zMiAtOTI4IDAKdiAtNjQgLTkyOCAwCnYgLTk2IC05MjggMAp2IC0xMjggLTkyOCAwCnYgLTE2MCAtOTI4IDAKdiAtMTkyIC05MjggMAp2IC0yMjQgLTkyOCAwCnYgLTI1NiAtOTI4IDAKdiAtMjg4IC05MjggMAp2IC0zMjAgLTkyOCAwCnYgLTM1MiAtOTI4IDAKdiAtMzg0IC05MjggMAp2IC00MTYgLTkyOCAwCnYgLTQ0OCAtOTI4IDAKdiAtNDgwIC05MjggMAp2IC01MTIgLTkyOCAwCnYgLTU0NCAtOTI4IDAKdiAtNTc2IC05MjggMAp2IC02MDggLTkyOCAwCnYgLTY0MCAtOTI4IDAKdiAtNjcyIC05MjggMAp2IC03MDQgLTkyOCAwCnYgLTczNiAtOTI4IDAKdiAtNzY4IC05MjggMAp2IC04MDAgLTkyOCAwCnYgLTgzMiAtOTI4IDAKdiAtODY0IC05MjggMAp2IC04OTYgLTkyOCAwCnYgLTkyOCAtOTI4IDAKdiAtOTYwIC05MjggMAp2IC05OTIgLTkyOCAwCnYgLTEwMjQgLTkyOCAwCnYgLTEwNTYgLTkyOCAwCnYgLTEwODggLTkyOCAwCnYgLTExMjAgLTkyOCAwCnYgLTExNTIgLTkyOCAwCnYgLTExODQgLTkyOCAwCnYgLTEyMTYgLTkyOCAwCnYgLTEyNDggLTkyOCAwCnYgLTEyODAgLTkyOCAwCnYgLTEzMTIgLTkyOCAwCnYgLTEzNDQgLTkyOCAwCnYgLTEzNzYgLTkyOCAwCnYgLTE0MDggLTkyOCAwCnYgLTE0NDAgLTkyOCAwCnYgLTE0NzIgLTkyOCAwCnYgLTE1MDQgLTkyOCAwCnYgLTE1MzYgLTkyOCAwCnYgLTE1NjggLTkyOCAwCnYgLTE2MDAgLTkyOCAwCnYgLTE2MzIgLTkyOCAwCnYgLTE2NjQgLTkyOCAwCnYgLTE2OTYgLTkyOCAwCnYgLTE3MjggLTkyOCAwCnYgLTE3NjAgLTkyOCAwCnYgLTE3OTIgLTkyOCAwCnYgLTE4MjQgLTkyOCAwCnYgLTE4NTYgLTkyOCAwCnYgLTE4ODggLTkyOCAwCnYgLTE5MjAgLTkyOCAwCnYgLTE5NTIgLTkyOCAwCnYgLTE5ODQgLTkyOCAwCnYgLTIwMTYgLTkyOCAwCnYgLTIwNDggLTkyOCAwCnYgLTIwODAgLTkyOCAwCnYgLTIxMTIgLTkyOCAwCnYgLTIxNDQgLTkyOCAwCnYgLTIxNzYgLTkyOCAwCnYgLTIyMDggLTkyOCAwCnYgLTIyNDAgLTkyOCAwCnYgLTIyNzIgLTkyOCAwCnYgLTIzMDQgLTkyOCAwCnYgLTIzMzYgLTkyOCAwCnYgLTIzNjggLTkyOCAwCnYgLTI0MDAgLTkyOCAwCnYgLTI0MzIgLTkyOCAwCnYgLTI0NjQgLTkyOCAwCnYgLTI0OTYgLTkyOCAwCnYgLTI1MjggLTkyOCAwCnYgLTI1NjAgLTkyOCAwCnYgLTI1OTIgLTkyOCAwCnYgLTI2MjQgLTkyOCAwCnYgLTI2NTYgLTkyOCAwCnYgLTI2ODggLTkyOCAwCnYgLTI3MjAgLTkyOCAwCnYgLTI3NTIgLTkyOCAwCnYgLTI3ODQgLTkyOCAwCnYgLTI4MTYgLTkyOCAwCnYgLTI4NDggLTkyOCAwCnYgLTI4ODAgLTkyOCAwCnYgLTI5MTIgLTkyOCAwCnYgLTI5NDQgLTkyOCAwCnYgLTI5NzYgLTkyOCAwCnYgLTMwMDggLTkyOCAwCnYgLTMwNDAgLTkyOCAwCnYgLTMwNzIgLTkyOCAwCnYgLTMxMDQgLTkyOCAwCnYgLTMxMzYgLTkyOCAwCnYgLTMxNjggLTkyOCAwCnYgLTMyMDAgLTkyOCAwCnYgMCAtOTYwIDAKdiAtMzIgLTk2MCAwCnYgLTY0IC05NjAgMAp2IC05NiAtOTYwIDAKdiAtMTI4IC05NjAgMAp2IC0xNjAgLTk2MCAwCnYgLTE5MiAtOTYwIDAKdiAtMjI0IC05NjAgMAp2IC0yNTYgLTk2MCAwCnYgLTI4OCAtOTYwIDAKdiAtMzIwIC05NjAgMAp2IC0zNTIgLTk2MCAwCnYgLTM4NCAtOTYwIDAKdiAtNDE2IC05NjAgMAp2IC00NDggLTk2MCAwCnYgLTQ4MCAtOTYwIDAKdiAtNTEyIC05NjAgMAp2IC01NDQgLTk2MCAwCnYgLTU3NiAtOTYwIDAKdiAtNjA4IC05NjAgMAp2IC02NDAgLTk2MCAwCnYgLTY3MiAtOTYwIDAKdiAtNzA0IC05NjAgMAp2IC03MzYgLTk2MCAwCnYgLTc2OCAtOTYwIDAKdiAtODAwIC05NjAgMAp2IC04MzIgLTk2MCAwCnYgLTg2NCAtOTYwIDAKdiAtODk2IC05NjAgMAp2IC05MjggLTk2MCAwCnYgLTk2MCAtOTYwIDAKdiAtOTkyIC05NjAgMAp2IC0xMDI0IC05NjAgMAp2IC0xMDU2IC05NjAgMAp2IC0xMDg4IC05NjAgMAp2IC0xMTIwIC05NjAgMAp2IC0xMTUyIC05NjAgMAp2IC0xMTg0IC05NjAgMAp2IC0xMjE2IC05NjAgMAp2IC0xMjQ4IC05NjAgMAp2IC0xMjgwIC05NjAgMAp2IC0xMzEyIC05NjAgMAp2IC0xMzQ0IC05NjAgMAp2IC0xMzc2IC05NjAgMAp2IC0xNDA4IC05NjAgMAp2IC0xNDQwIC05NjAgMAp2IC0xNDcyIC05NjAgMAp2IC0xNTA0IC05NjAgMAp2IC0xNTM2IC05NjAgMAp2IC0xNTY4IC05NjAgMAp2IC0xNjAwIC05NjAgMAp2IC0xNjMyIC05NjAgMAp2IC0xNjY0IC05NjAgMAp2IC0xNjk2IC05NjAgMAp2IC0xNzI4IC05NjAgMAp2IC0xNzYwIC05NjAgMAp2IC0xNzkyIC05NjAgMAp2IC0xODI0IC05NjAgMAp2IC0xODU2IC05NjAgMAp2IC0xODg4IC05NjAgMAp2IC0xOTIwIC05NjAgMAp2IC0xOTUyIC05NjAgMAp2IC0xOTg0IC05NjAgMAp2IC0yMDE2IC05NjAgMAp2IC0yMDQ4IC05NjAgMAp2IC0yMDgwIC05NjAgMAp2IC0yMTEyIC05NjAgMAp2IC0yMTQ0IC05NjAgMAp2IC0yMTc2IC05NjAgMAp2IC0yMjA4IC05NjAgMAp2IC0yMjQwIC05NjAgMAp2IC0yMjcyIC05NjAgMAp2IC0yMzA0IC05NjAgMAp2IC0yMzM2IC05NjAgMAp2IC0yMzY4IC05NjAgMAp2IC0yNDAwIC05NjAgMAp2IC0yNDMyIC05NjAgMAp2IC0yNDY0IC05NjAgMAp2IC0yNDk2IC05NjAgMAp2IC0yNTI4IC05NjAgMAp2IC0yNTYwIC05NjAgMAp2IC0yNTkyIC05NjAgMAp2IC0yNjI0IC05NjAgMAp2IC0yNjU2IC05NjAgMAp2IC0yNjg4IC05NjAgMAp2IC0yNzIwIC05NjAgMAp2IC0yNzUyIC05NjAgMAp2IC0yNzg0IC05NjAgMAp2IC0yODE2IC05NjAgMAp2IC0yODQ4IC05NjAgMAp2IC0yODgwIC05NjAgMAp2IC0yOTEyIC05NjAgMAp2IC0yOTQ0IC05NjAgMAp2IC0yOTc2IC05NjAgMAp2IC0zMDA4IC05NjAgMAp2IC0zMDQwIC05NjAgMAp2IC0zMDcyIC05NjAgMAp2IC0zMTA0IC05NjAgMAp2IC0zMTM2IC05NjAgMAp2IC0zMTY4IC05NjAgMAp2IC0zMjAwIC05NjAgMAp2IDAgLTk5MiAwCnYgLTMyIC05OTIgMAp2IC02NCAtOTkyIDAKdiAtOTYgLTk5MiAwCnYgLTEyOCAtOTkyIDAKdiAtMTYwIC05OTIgMAp2IC0xOTIgLTk5MiAwCnYgLTIyNCAtOTkyIDAKdiAtMjU2IC05OTIgMAp2IC0yODggLTk5MiAwCnYgLTMyMCAtOTkyIDAKdiAtMzUyIC05OTIgMAp2IC0zODQgLTk5MiAwCnYgLTQxNiAtOTkyIDAKdiAtNDQ4IC05OTIgMAp2IC00ODAgLTk5MiAwCnYgLTUxMiAtOTkyIDAKdiAtNTQ0IC05OTIgMAp2IC01NzYgLTk5MiAwCnYgLTYwOCAtOTkyIDAKdiAtNjQwIC05OTIgMAp2IC02NzIgLTk5MiAwCnYgLTcwNCAtOTkyIDAKdiAtNzM2IC05OTIgMAp2IC03NjggLTk5MiAwCnYgLTgwMCAtOTkyIDAKdiAtODMyIC05OTIgMAp2IC04NjQgLTk5MiAwCnYgLTg5NiAtOTkyIDAKdiAtOTI4IC05OTIgMAp2IC05NjAgLTk5MiAwCnYgLTk5MiAtOTkyIDAKdiAtMTAyNCAtOTkyIDAKdiAtMTA1NiAtOTkyIDAKdiAtMTA4OCAtOTkyIDAKdiAtMTEyMCAtOTkyIDAKdiAtMTE1MiAtOTkyIDAKdiAtMTE4NCAtOTkyIDAKdiAtMTIxNiAtOTkyIDAKdiAtMTI0OCAtOTkyIDAKdiAtMTI4MCAtOTkyIDAKdiAtMTMxMiAtOTkyIDAKdiAtMTM0NCAtOTkyIDAKdiAtMTM3NiAtOTkyIDAKdiAtMTQwOCAtOTkyIDAKdiAtMTQ0MCAtOTkyIDAKdiAtMTQ3MiAtOTkyIDAKdiAtMTUwNCAtOTkyIDAKdiAtMTUzNiAtOTkyIDAKdiAtMTU2OCAtOTkyIDAKdiAtMTYwMCAtOTkyIDAKdiAtMTYzMiAtOTkyIDAKdiAtMTY2NCAtOTkyIDAKdiAtMTY5NiAtOTkyIDAKdiAtMTcyOCAtOTkyIDAKdiAtMTc2MCAtOTkyIDAKdiAtMTc5MiAtOTkyIDAKdiAtMTgyNCAtOTkyIDAKdiAtMTg1NiAtOTkyIDAKdiAtMTg4OCAtOTkyIDAKdiAtMTkyMCAtOTkyIDAKdiAtMTk1MiAtOTkyIDAKdiAtMTk4NCAtOTkyIDAKdiAtMjAxNiAtOTkyIDAKdiAtMjA0OCAtOTkyIDAKdiAtMjA4MCAtOTkyIDAKdiAtMjExMiAtOTkyIDAKdiAtMjE0NCAtOTkyIDAKdiAtMjE3NiAtOTkyIDAKdiAtMjIwOCAtOTkyIDAKdiAtMjI0MCAtOTkyIDAKdiAtMjI3MiAtOTkyIDAKdiAtMjMwNCAtOTkyIDAKdiAtMjMzNiAtOTkyIDAKdiAtMjM2OCAtOTkyIDAKdiAtMjQwMCAtOTkyIDAKdiAtMjQzMiAtOTkyIDAKdiAtMjQ2NCAtOTkyIDAKdiAtMjQ5NiAtOTkyIDAKdiAtMjUyOCAtOTkyIDAKdiAtMjU2MCAtOTkyIDAKdiAtMjU5MiAtOTkyIDAKdiAtMjYyNCAtOTkyIDAKdiAtMjY1NiAtOTkyIDAKdiAtMjY4OCAtOTkyIDAKdiAtMjcyMCAtOTkyIDAKdiAtMjc1MiAtOTkyIDAKdiAtMjc4NCAtOTkyIDAKdiAtMjgxNiAtOTkyIDAKdiAtMjg0OCAtOTkyIDAKdiAtMjg4MCAtOTkyIDAKdiAtMjkxMiAtOTkyIDAKdiAtMjk0NCAtOTkyIDAKdiAtMjk3NiAtOTkyIDAKdiAtMzAwOCAtOTkyIDAKdiAtMzA0MCAtOTkyIDAKdiAtMzA3MiAtOTkyIDAKdiAtMzEwNCAtOTkyIDAKdiAtMzEzNiAtOTkyIDAKdiAtMzE2OCAtOTkyIDAKdiAtMzIwMCAtOTkyIDAKdiAwIC0xMDI0IDAKdiAtMzIgLTEwMjQgMAp2IC02NCAtMTAyNCAwCnYgLTk2IC0xMDI0IDAKdiAtMTI4IC0xMDI0IDAKdiAtMTYwIC0xMDI0IDAKdiAtMTkyIC0xMDI0IDAKdiAtMjI0IC0xMDI0IDAKdiAtMjU2IC0xMDI0IDAKdiAtMjg4IC0xMDI0IDAKdiAtMzIwIC0xMDI0IDAKdiAtMzUyIC0xMDI0IDAKdiAtMzg0IC0xMDI0IDAKdiAtNDE2IC0xMDI0IDAKdiAtNDQ4IC0xMDI0IDAKdiAtNDgwIC0xMDI0IDAKdiAtNTEyIC0xMDI0IDAKdiAtNTQ0IC0xMDI0IDAKdiAtNTc2IC0xMDI0IDAKdiAtNjA4IC0xMDI0IDAKdiAtNjQwIC0xMDI0IDAKdiAtNjcyIC0xMDI0IDAKdiAtNzA0IC0xMDI0IDAKdiAtNzM2IC0xMDI0IDAKdiAtNzY4IC0xMDI0IDAKdiAtODAwIC0xMDI0IDAKdiAtODMyIC0xMDI0IDAKdiAtODY0IC0xMDI0IDAKdiAtODk2IC0xMDI0IDAKdiAtOTI4IC0xMDI0IDAKdiAtOTYwIC0xMDI0IDAKdiAtOTkyIC0xMDI0IDAKdiAtMTAyNCAtMTAyNCAwCnYgLTEwNTYgLTEwMjQgMAp2IC0xMDg4IC0xMDI0IDAKdiAtMTEyMCAtMTAyNCAwCnYgLTExNTIgLTEwMjQgMAp2IC0xMTg0IC0xMDI0IDAKdiAtMTIxNiAtMTAyNCAwCnYgLTEyNDggLTEwMjQgMAp2IC0xMjgwIC0xMDI0IDAKdiAtMTMxMiAtMTAyNCAwCnYgLTEzNDQgLTEwMjQgMAp2IC0xMzc2IC0xMDI0IDAKdiAtMTQwOCAtMTAyNCAwCnYgLTE0NDAgLTEwMjQgMAp2IC0xNDcyIC0xMDI0IDAKdiAtMTUwNCAtMTAyNCAwCnYgLTE1MzYgLTEwMjQgMAp2IC0xNTY4IC0xMDI0IDAKdiAtMTYwMCAtMTAyNCAwCnYgLTE2MzIgLTEwMjQgMAp2IC0xNjY0IC0xMDI0IDAKdiAtMTY5NiAtMTAyNCAwCnYgLTE3MjggLTEwMjQgMAp2IC0xNzYwIC0xMDI0IDAKdiAtMTc5MiAtMTAyNCAwCnYgLTE4MjQgLTEwMjQgMAp2IC0xODU2IC0xMDI0IDAKdiAtMTg4OCAtMTAyNCAwCnYgLTE5MjAgLTEwMjQgMAp2IC0xOTUyIC0xMDI0IDAKdiAtMTk4NCAtMTAyNCAwCnYgLTIwMTYgLTEwMjQgMAp2IC0yMDQ4IC0xMDI0IDAKdiAtMjA4MCAtMTAyNCAwCnYgLTIxMTIgLTEwMjQgMAp2IC0yMTQ0IC0xMDI0IDAKdiAtMjE3NiAtMTAyNCAwCnYgLTIyMDggLTEwMjQgMAp2IC0yMjQwIC0xMDI0IDAKdiAtMjI3MiAtMTAyNCAwCnYgLTIzMDQgLTEwMjQgMAp2IC0yMzM2IC0xMDI0IDAKdiAtMjM2OCAtMTAyNCAwCnYgLTI0MDAgLTEwMjQgMAp2IC0yNDMyIC0xMDI0IDAKdiAtMjQ2NCAtMTAyNCAwCnYgLTI0OTYgLTEwMjQgMAp2IC0yNTI4IC0xMDI0IDAKdiAtMjU2MCAtMTAyNCAwCnYgLTI1OTIgLTEwMjQgMAp2IC0yNjI0IC0xMDI0IDAKdiAtMjY1NiAtMTAyNCAwCnYgLTI2ODggLTEwMjQgMAp2IC0yNzIwIC0xMDI0IDAKdiAtMjc1MiAtMTAyNCAwCnYgLTI3ODQgLTEwMjQgMAp2IC0yODE2IC0xMDI0IDAKdiAtMjg0OCAtMTAyNCAwCnYgLTI4ODAgLTEwMjQgMAp2IC0yOTEyIC0xMDI0IDAKdiAtMjk0NCAtMTAyNCAwCnYgLTI5NzYgLTEwMjQgMAp2IC0zMDA4IC0xMDI0IDAKdiAtMzA0MCAtMTAyNCAwCnYgLTMwNzIgLTEwMjQgMAp2IC0zMTA0IC0xMDI0IDAKdiAtMzEzNiAtMTAyNCAwCnYgLTMxNjggLTEwMjQgMAp2IC0zMjAwIC0xMDI0IDAKdiAwIC0xMDU2IDAKdiAtMzIgLTEwNTYgMAp2IC02NCAtMTA1NiAwCnYgLTk2IC0xMDU2IDAKdiAtMTI4IC0xMDU2IDAKdiAtMTYwIC0xMDU2IDAKdiAtMTkyIC0xMDU2IDAKdiAtMjI0IC0xMDU2IDAKdiAtMjU2IC0xMDU2IDAKdiAtMjg4IC0xMDU2IDAKdiAtMzIwIC0xMDU2IDAKdiAtMzUyIC0xMDU2IDAKdiAtMzg0IC0xMDU2IDAKdiAtNDE2IC0xMDU2IDAKdiAtNDQ4IC0xMDU2IDAKdiAtNDgwIC0xMDU2IDAKdiAtNTEyIC0xMDU2IDAKdiAtNTQ0IC0xMDU2IDAKdiAtNTc2IC0xMDU2IDAKdiAtNjA4IC0xMDU2IDAKdiAtNjQwIC0xMDU2IDAKdiAtNjcyIC0xMDU2IDAKdiAtNzA0IC0xMDU2IDAKdiAtNzM2IC0xMDU2IDAKdiAtNzY4IC0xMDU2IDAKdiAtODAwIC0xMDU2IDAKdiAtODMyIC0xMDU2IDAKdiAtODY0IC0xMDU2IDAKdiAtODk2IC0xMDU2IDAKdiAtOTI4IC0xMDU2IDAKdiAtOTYwIC0xMDU2IDAKdiAtOTkyIC0xMDU2IDAKdiAtMTAyNCAtMTA1NiAwCnYgLTEwNTYgLTEwNTYgMAp2IC0xMDg4IC0xMDU2IDAKdiAtMTEyMCAtMTA1NiAwCnYgLTExNTIgLTEwNTYgMAp2IC0xMTg0IC0xMDU2IDAKdiAtMTIxNiAtMTA1NiAwCnYgLTEyNDggLTEwNTYgMAp2IC0xMjgwIC0xMDU2IDAKdiAtMTMxMiAtMTA1NiAwCnYgLTEzNDQgLTEwNTYgMAp2IC0xMzc2IC0xMDU2IDAKdiAtMTQwOCAtMTA1NiAwCnYgLTE0NDAgLTEwNTYgMAp2IC0xNDcyIC0xMDU2IDAKdiAtMTUwNCAtMTA1NiAwCnYgLTE1MzYgLTEwNTYgMAp2IC0xNTY4IC0xMDU2IDAKdiAtMTYwMCAtMTA1NiAwCnYgLTE2MzIgLTEwNTYgMAp2IC0xNjY0IC0xMDU2IDAKdiAtMTY5NiAtMTA1NiAwCnYgLTE3MjggLTEwNTYgMAp2IC0xNzYwIC0xMDU2IDAKdiAtMTc5MiAtMTA1NiAwCnYgLTE4MjQgLTEwNTYgMAp2IC0xODU2IC0xMDU2IDAKdiAtMTg4OCAtMTA1NiAwCnYgLTE5MjAgLTEwNTYgMAp2IC0xOTUyIC0xMDU2IDAKdiAtMTk4NCAtMTA1NiAwCnYgLTIwMTYgLTEwNTYgMAp2IC0yMDQ4IC0xMDU2IDAKdiAtMjA4MCAtMTA1NiAwCnYgLTIxMTIgLTEwNTYgMAp2IC0yMTQ0IC0xMDU2IDAKdiAtMjE3NiAtMTA1NiAwCnYgLTIyMDggLTEwNTYgMAp2IC0yMjQwIC0xMDU2IDAKdiAtMjI3MiAtMTA1NiAwCnYgLTIzMDQgLTEwNTYgMAp2IC0yMzM2IC0xMDU2IDAKdiAtMjM2OCAtMTA1NiAwCnYgLTI0MDAgLTEwNTYgMAp2IC0yNDMyIC0xMDU2IDAKdiAtMjQ2NCAtMTA1NiAwCnYgLTI0OTYgLTEwNTYgMAp2IC0yNTI4IC0xMDU2IDAKdiAtMjU2MCAtMTA1NiAwCnYgLTI1OTIgLTEwNTYgMAp2IC0yNjI0IC0xMDU2IDAKdiAtMjY1NiAtMTA1NiAwCnYgLTI2ODggLTEwNTYgMAp2IC0yNzIwIC0xMDU2IDAKdiAtMjc1MiAtMTA1NiAwCnYgLTI3ODQgLTEwNTYgMAp2IC0yODE2IC0xMDU2IDAKdiAtMjg0OCAtMTA1NiAwCnYgLTI4ODAgLTEwNTYgMAp2IC0yOTEyIC0xMDU2IDAKdiAtMjk0NCAtMTA1NiAwCnYgLTI5NzYgLTEwNTYgMAp2IC0zMDA4IC0xMDU2IDAKdiAtMzA0MCAtMTA1NiAwCnYgLTMwNzIgLTEwNTYgMAp2IC0zMTA0IC0xMDU2IDAKdiAtMzEzNiAtMTA1NiAwCnYgLTMxNjggLTEwNTYgMAp2IC0zMjAwIC0xMDU2IDAKdiAwIC0xMDg4IDAKdiAtMzIgLTEwODggMAp2IC02NCAtMTA4OCAwCnYgLTk2IC0xMDg4IDAKdiAtMTI4IC0xMDg4IDAKdiAtMTYwIC0xMDg4IDAKdiAtMTkyIC0xMDg4IDAKdiAtMjI0IC0xMDg4IDAKdiAtMjU2IC0xMDg4IDAKdiAtMjg4IC0xMDg4IDAKdiAtMzIwIC0xMDg4IDAKdiAtMzUyIC0xMDg4IDAKdiAtMzg0IC0xMDg4IDAKdiAtNDE2IC0xMDg4IDAKdiAtNDQ4IC0xMDg4IDAKdiAtNDgwIC0xMDg4IDAKdiAtNTEyIC0xMDg4IDAKdiAtNTQ0IC0xMDg4IDAKdiAtNTc2IC0xMDg4IDAKdiAtNjA4IC0xMDg4IDAKdiAtNjQwIC0xMDg4IDAKdiAtNjcyIC0xMDg4IDAKdiAtNzA0IC0xMDg4IDAKdiAtNzM2IC0xMDg4IDAKdiAtNzY4IC0xMDg4IDAKdiAtODAwIC0xMDg4IDAKdiAtODMyIC0xMDg4IDAKdiAtODY0IC0xMDg4IDAKdiAtODk2IC0xMDg4IDAKdiAtOTI4IC0xMDg4IDAKdiAtOTYwIC0xMDg4IDAKdiAtOTkyIC0xMDg4IDAKdiAtMTAyNCAtMTA4OCAwCnYgLTEwNTYgLTEwODggMAp2IC0xMDg4IC0xMDg4IDAKdiAtMTEyMCAtMTA4OCAwCnYgLTExNTIgLTEwODggMAp2IC0xMTg0IC0xMDg4IDAKdiAtMTIxNiAtMTA4OCAwCnYgLTEyNDggLTEwODggMAp2IC0xMjgwIC0xMDg4IDAKdiAtMTMxMiAtMTA4OCAwCnYgLTEzNDQgLTEwODggMAp2IC0xMzc2IC0xMDg4IDAKdiAtMTQwOCAtMTA4OCAwCnYgLTE0NDAgLTEwODggMAp2IC0xNDcyIC0xMDg4IDAKdiAtMTUwNCAtMTA4OCAwCnYgLTE1MzYgLTEwODggMAp2IC0xNTY4IC0xMDg4IDAKdiAtMTYwMCAtMTA4OCAwCnYgLTE2MzIgLTEwODggMAp2IC0xNjY0IC0xMDg4IDAKdiAtMTY5NiAtMTA4OCAwCnYgLTE3MjggLTEwODggMAp2IC0xNzYwIC0xMDg4IDAKdiAtMTc5MiAtMTA4OCAwCnYgLTE4MjQgLTEwODggMAp2IC0xODU2IC0xMDg4IDAKdiAtMTg4OCAtMTA4OCAwCnYgLTE5MjAgLTEwODggMAp2IC0xOTUyIC0xMDg4IDAKdiAtMTk4NCAtMTA4OCAwCnYgLTIwMTYgLTEwODggMAp2IC0yMDQ4IC0xMDg4IDAKdiAtMjA4MCAtMTA4OCAwCnYgLTIxMTIgLTEwODggMAp2IC0yMTQ0IC0xMDg4IDAKdiAtMjE3NiAtMTA4OCAwCnYgLTIyMDggLTEwODggMAp2IC0yMjQwIC0xMDg4IDAKdiAtMjI3MiAtMTA4OCAwCnYgLTIzMDQgLTEwODggMAp2IC0yMzM2IC0xMDg4IDAKdiAtMjM2OCAtMTA4OCAwCnYgLTI0MDAgLTEwODggMAp2IC0yNDMyIC0xMDg4IDAKdiAtMjQ2NCAtMTA4OCAwCnYgLTI0OTYgLTEwODggMAp2IC0yNTI4IC0xMDg4IDAKdiAtMjU2MCAtMTA4OCAwCnYgLTI1OTIgLTEwODggMAp2IC0yNjI0IC0xMDg4IDAKdiAtMjY1NiAtMTA4OCAwCnYgLTI2ODggLTEwODggMAp2IC0yNzIwIC0xMDg4IDAKdiAtMjc1MiAtMTA4OCAwCnYgLTI3ODQgLTEwODggMAp2IC0yODE2IC0xMDg4IDAKdiAtMjg0OCAtMTA4OCAwCnYgLTI4ODAgLTEwODggMAp2IC0yOTEyIC0xMDg4IDAKdiAtMjk0NCAtMTA4OCAwCnYgLTI5NzYgLTEwODggMAp2IC0zMDA4IC0xMDg4IDAKdiAtMzA0MCAtMTA4OCAwCnYgLTMwNzIgLTEwODggMAp2IC0zMTA0IC0xMDg4IDAKdiAtMzEzNiAtMTA4OCAwCnYgLTMxNjggLTEwODggMAp2IC0zMjAwIC0xMDg4IDAKdiAwIC0xMTIwIDAKdiAtMzIgLTExMjAgMAp2IC02NCAtMTEyMCAwCnYgLTk2IC0xMTIwIDAKdiAtMTI4IC0xMTIwIDAKdiAtMTYwIC0xMTIwIDAKdiAtMTkyIC0xMTIwIDAKdiAtMjI0IC0xMTIwIDAKdiAtMjU2IC0xMTIwIDAKdiAtMjg4IC0xMTIwIDAKdiAtMzIwIC0xMTIwIDAKdiAtMzUyIC0xMTIwIDAKdiAtMzg0IC0xMTIwIDAKdiAtNDE2IC0xMTIwIDAKdiAtNDQ4IC0xMTIwIDAKdiAtNDgwIC0xMTIwIDAKdiAtNTEyIC0xMTIwIDAKdiAtNTQ0IC0xMTIwIDAKdiAtNTc2IC0xMTIwIDAKdiAtNjA4IC0xMTIwIDAKdiAtNjQwIC0xMTIwIDAKdiAtNjcyIC0xMTIwIDAKdiAtNzA0IC0xMTIwIDAKdiAtNzM2IC0xMTIwIDAKdiAtNzY4IC0xMTIwIDAKdiAtODAwIC0xMTIwIDAKdiAtODMyIC0xMTIwIDAKdiAtODY0IC0xMTIwIDAKdiAtODk2IC0xMTIwIDAKdiAtOTI4IC0xMTIwIDAKdiAtOTYwIC0xMTIwIDAKdiAtOTkyIC0xMTIwIDAKdiAtMTAyNCAtMTEyMCAwCnYgLTEwNTYgLTExMjAgMAp2IC0xMDg4IC0xMTIwIDAKdiAtMTEyMCAtMTEyMCAwCnYgLTExNTIgLTExMjAgMAp2IC0xMTg0IC0xMTIwIDAKdiAtMTIxNiAtMTEyMCAwCnYgLTEyNDggLTExMjAgMAp2IC0xMjgwIC0xMTIwIDAKdiAtMTMxMiAtMTEyMCAwCnYgLTEzNDQgLTExMjAgMAp2IC0xMzc2IC0xMTIwIDAKdiAtMTQwOCAtMTEyMCAwCnYgLTE0NDAgLTExMjAgMAp2IC0xNDcyIC0xMTIwIDAKdiAtMTUwNCAtMTEyMCAwCnYgLTE1MzYgLTExMjAgMAp2IC0xNTY4IC0xMTIwIDAKdiAtMTYwMCAtMTEyMCAwCnYgLTE2MzIgLTExMjAgMAp2IC0xNjY0IC0xMTIwIDAKdiAtMTY5NiAtMTEyMCAwCnYgLTE3MjggLTExMjAgMAp2IC0xNzYwIC0xMTIwIDAKdiAtMTc5MiAtMTEyMCAwCnYgLTE4MjQgLTExMjAgMAp2IC0xODU2IC0xMTIwIDAKdiAtMTg4OCAtMTEyMCAwCnYgLTE5MjAgLTExMjAgMAp2IC0xOTUyIC0xMTIwIDAKdiAtMTk4NCAtMTEyMCAwCnYgLTIwMTYgLTExMjAgMAp2IC0yMDQ4IC0xMTIwIDAKdiAtMjA4MCAtMTEyMCAwCnYgLTIxMTIgLTExMjAgMAp2IC0yMTQ0IC0xMTIwIDAKdiAtMjE3NiAtMTEyMCAwCnYgLTIyMDggLTExMjAgMAp2IC0yMjQwIC0xMTIwIDAKdiAtMjI3MiAtMTEyMCAwCnYgLTIzMDQgLTExMjAgMAp2IC0yMzM2IC0xMTIwIDAKdiAtMjM2OCAtMTEyMCAwCnYgLTI0MDAgLTExMjAgMAp2IC0yNDMyIC0xMTIwIDAKdiAtMjQ2NCAtMTEyMCAwCnYgLTI0OTYgLTExMjAgMAp2IC0yNTI4IC0xMTIwIDAKdiAtMjU2MCAtMTEyMCAwCnYgLTI1OTIgLTExMjAgMAp2IC0yNjI0IC0xMTIwIDAKdiAtMjY1NiAtMTEyMCAwCnYgLTI2ODggLTExMjAgMAp2IC0yNzIwIC0xMTIwIDAKdiAtMjc1MiAtMTEyMCAwCnYgLTI3ODQgLTExMjAgMAp2IC0yODE2IC0xMTIwIDAKdiAtMjg0OCAtMTEyMCAwCnYgLTI4ODAgLTExMjAgMAp2IC0yOTEyIC0xMTIwIDAKdiAtMjk0NCAtMTEyMCAwCnYgLTI5NzYgLTExMjAgMAp2IC0zMDA4IC0xMTIwIDAKdiAtMzA0MCAtMTEyMCAwCnYgLTMwNzIgLTExMjAgMAp2IC0zMTA0IC0xMTIwIDAKdiAtMzEzNiAtMTEyMCAwCnYgLTMxNjggLTExMjAgMAp2IC0zMjAwIC0xMTIwIDAKdiAwIC0xMTUyIDAKdiAtMzIgLTExNTIgMAp2IC02NCAtMTE1MiAwCnYgLTk2IC0xMTUyIDAKdiAtMTI4IC0xMTUyIDAKdiAtMTYwIC0xMTUyIDAKdiAtMTkyIC0xMTUyIDAKdiAtMjI0IC0xMTUyIDAKdiAtMjU2IC0xMTUyIDAKdiAtMjg4IC0xMTUyIDAKdiAtMzIwIC0xMTUyIDAKdiAtMzUyIC0xMTUyIDAKdiAtMzg0IC0xMTUyIDAKdiAtNDE2IC0xMTUyIDAKdiAtNDQ4IC0xMTUyIDAKdiAtNDgwIC0xMTUyIDAKdiAtNTEyIC0xMTUyIDAKdiAtNTQ0IC0xMTUyIDAKdiAtNTc2IC0xMTUyIDAKdiAtNjA4IC0xMTUyIDAKdiAtNjQwIC0xMTUyIDAKdiAtNjcyIC0xMTUyIDAKdiAtNzA0IC0xMTUyIDAKdiAtNzM2IC0xMTUyIDAKdiAtNzY4IC0xMTUyIDAKdiAtODAwIC0xMTUyIDAKdiAtODMyIC0xMTUyIDAKdiAtODY0IC0xMTUyIDAKdiAtODk2IC0xMTUyIDAKdiAtOTI4IC0xMTUyIDAKdiAtOTYwIC0xMTUyIDAKdiAtOTkyIC0xMTUyIDAKdiAtMTAyNCAtMTE1MiAwCnYgLTEwNTYgLTExNTIgMAp2IC0xMDg4IC0xMTUyIDAKdiAtMTEyMCAtMTE1MiAwCnYgLTExNTIgLTExNTIgMAp2IC0xMTg0IC0xMTUyIDAKdiAtMTIxNiAtMTE1MiAwCnYgLTEyNDggLTExNTIgMAp2IC0xMjgwIC0xMTUyIDAKdiAtMTMxMiAtMTE1MiAwCnYgLTEzNDQgLTExNTIgMAp2IC0xMzc2IC0xMTUyIDAKdiAtMTQwOCAtMTE1MiAwCnYgLTE0NDAgLTExNTIgMAp2IC0xNDcyIC0xMTUyIDAKdiAtMTUwNCAtMTE1MiAwCnYgLTE1MzYgLTExNTIgMAp2IC0xNTY4IC0xMTUyIDAKdiAtMTYwMCAtMTE1MiAwCnYgLTE2MzIgLTExNTIgMAp2IC0xNjY0IC0xMTUyIDAKdiAtMTY5NiAtMTE1MiAwCnYgLTE3MjggLTExNTIgMAp2IC0xNzYwIC0xMTUyIDAKdiAtMTc5MiAtMTE1MiAwCnYgLTE4MjQgLTExNTIgMAp2IC0xODU2IC0xMTUyIDAKdiAtMTg4OCAtMTE1MiAwCnYgLTE5MjAgLTExNTIgMAp2IC0xOTUyIC0xMTUyIDAKdiAtMTk4NCAtMTE1MiAwCnYgLTIwMTYgLTExNTIgMAp2IC0yMDQ4IC0xMTUyIDAKdiAtMjA4MCAtMTE1MiAwCnYgLTIxMTIgLTExNTIgMAp2IC0yMTQ0IC0xMTUyIDAKdiAtMjE3NiAtMTE1MiAwCnYgLTIyMDggLTExNTIgMAp2IC0yMjQwIC0xMTUyIDAKdiAtMjI3MiAtMTE1MiAwCnYgLTIzMDQgLTExNTIgMAp2IC0yMzM2IC0xMTUyIDAKdiAtMjM2OCAtMTE1MiAwCnYgLTI0MDAgLTExNTIgMAp2IC0yNDMyIC0xMTUyIDAKdiAtMjQ2NCAtMTE1MiAwCnYgLTI0OTYgLTExNTIgMAp2IC0yNTI4IC0xMTUyIDAKdiAtMjU2MCAtMTE1MiAwCnYgLTI1OTIgLTExNTIgMAp2IC0yNjI0IC0xMTUyIDAKdiAtMjY1NiAtMTE1MiAwCnYgLTI2ODggLTExNTIgMAp2IC0yNzIwIC0xMTUyIDAKdiAtMjc1MiAtMTE1MiAwCnYgLTI3ODQgLTExNTIgMAp2IC0yODE2IC0xMTUyIDAKdiAtMjg0OCAtMTE1MiAwCnYgLTI4ODAgLTExNTIgMAp2IC0yOTEyIC0xMTUyIDAKdiAtMjk0NCAtMTE1MiAwCnYgLTI5NzYgLTExNTIgMAp2IC0zMDA4IC0xMTUyIDAKdiAtMzA0MCAtMTE1MiAwCnYgLTMwNzIgLTExNTIgMAp2IC0zMTA0IC0xMTUyIDAKdiAtMzEzNiAtMTE1MiAwCnYgLTMxNjggLTExNTIgMAp2IC0zMjAwIC0xMTUyIDAKdiAwIC0xMTg0IDAKdiAtMzIgLTExODQgMAp2IC02NCAtMTE4NCAwCnYgLTk2IC0xMTg0IDAKdiAtMTI4IC0xMTg0IDAKdiAtMTYwIC0xMTg0IDAKdiAtMTkyIC0xMTg0IDAKdiAtMjI0IC0xMTg0IDAKdiAtMjU2IC0xMTg0IDAKdiAtMjg4IC0xMTg0IDAKdiAtMzIwIC0xMTg0IDAKdiAtMzUyIC0xMTg0IDAKdiAtMzg0IC0xMTg0IDAKdiAtNDE2IC0xMTg0IDAKdiAtNDQ4IC0xMTg0IDAKdiAtNDgwIC0xMTg0IDAKdiAtNTEyIC0xMTg0IDAKdiAtNTQ0IC0xMTg0IDAKdiAtNTc2IC0xMTg0IDAKdiAtNjA4IC0xMTg0IDAKdiAtNjQwIC0xMTg0IDAKdiAtNjcyIC0xMTg0IDAKdiAtNzA0IC0xMTg0IDAKdiAtNzM2IC0xMTg0IDAKdiAtNzY4IC0xMTg0IDAKdiAtODAwIC0xMTg0IDAKdiAtODMyIC0xMTg0IDAKdiAtODY0IC0xMTg0IDAKdiAtODk2IC0xMTg0IDAKdiAtOTI4IC0xMTg0IDAKdiAtOTYwIC0xMTg0IDAKdiAtOTkyIC0xMTg0IDAKdiAtMTAyNCAtMTE4NCAwCnYgLTEwNTYgLTExODQgMAp2IC0xMDg4IC0xMTg0IDAKdiAtMTEyMCAtMTE4NCAwCnYgLTExNTIgLTExODQgMAp2IC0xMTg0IC0xMTg0IDAKdiAtMTIxNiAtMTE4NCAwCnYgLTEyNDggLTExODQgMAp2IC0xMjgwIC0xMTg0IDAKdiAtMTMxMiAtMTE4NCAwCnYgLTEzNDQgLTExODQgMAp2IC0xMzc2IC0xMTg0IDAKdiAtMTQwOCAtMTE4NCAwCnYgLTE0NDAgLTExODQgMAp2IC0xNDcyIC0xMTg0IDAKdiAtMTUwNCAtMTE4NCAwCnYgLTE1MzYgLTExODQgMAp2IC0xNTY4IC0xMTg0IDAKdiAtMTYwMCAtMTE4NCAwCnYgLTE2MzIgLTExODQgMAp2IC0xNjY0IC0xMTg0IDAKdiAtMTY5NiAtMTE4NCAwCnYgLTE3MjggLTExODQgMAp2IC0xNzYwIC0xMTg0IDAKdiAtMTc5MiAtMTE4NCAwCnYgLTE4MjQgLTExODQgMAp2IC0xODU2IC0xMTg0IDAKdiAtMTg4OCAtMTE4NCAwCnYgLTE5MjAgLTExODQgMAp2IC0xOTUyIC0xMTg0IDAKdiAtMTk4NCAtMTE4NCAwCnYgLTIwMTYgLTExODQgMAp2IC0yMDQ4IC0xMTg0IDAKdiAtMjA4MCAtMTE4NCAwCnYgLTIxMTIgLTExODQgMAp2IC0yMTQ0IC0xMTg0IDAKdiAtMjE3NiAtMTE4NCAwCnYgLTIyMDggLTExODQgMAp2IC0yMjQwIC0xMTg0IDAKdiAtMjI3MiAtMTE4NCAwCnYgLTIzMDQgLTExODQgMAp2IC0yMzM2IC0xMTg0IDAKdiAtMjM2OCAtMTE4NCAwCnYgLTI0MDAgLTExODQgMAp2IC0yNDMyIC0xMTg0IDAKdiAtMjQ2NCAtMTE4NCAwCnYgLTI0OTYgLTExODQgMAp2IC0yNTI4IC0xMTg0IDAKdiAtMjU2MCAtMTE4NCAwCnYgLTI1OTIgLTExODQgMAp2IC0yNjI0IC0xMTg0IDAKdiAtMjY1NiAtMTE4NCAwCnYgLTI2ODggLTExODQgMAp2IC0yNzIwIC0xMTg0IDAKdiAtMjc1MiAtMTE4NCAwCnYgLTI3ODQgLTExODQgMAp2IC0yODE2IC0xMTg0IDAKdiAtMjg0OCAtMTE4NCAwCnYgLTI4ODAgLTExODQgMAp2IC0yOTEyIC0xMTg0IDAKdiAtMjk0NCAtMTE4NCAwCnYgLTI5NzYgLTExODQgMAp2IC0zMDA4IC0xMTg0IDAKdiAtMzA0MCAtMTE4NCAwCnYgLTMwNzIgLTExODQgMAp2IC0zMTA0IC0xMTg0IDAKdiAtMzEzNiAtMTE4NCAwCnYgLTMxNjggLTExODQgMAp2IC0zMjAwIC0xMTg0IDAKdiAwIC0xMjE2IDAKdiAtMzIgLTEyMTYgMAp2IC02NCAtMTIxNiAwCnYgLTk2IC0xMjE2IDAKdiAtMTI4IC0xMjE2IDAKdiAtMTYwIC0xMjE2IDAKdiAtMTkyIC0xMjE2IDAKdiAtMjI0IC0xMjE2IDAKdiAtMjU2IC0xMjE2IDAKdiAtMjg4IC0xMjE2IDAKdiAtMzIwIC0xMjE2IDAKdiAtMzUyIC0xMjE2IDAKdiAtMzg0IC0xMjE2IDAKdiAtNDE2IC0xMjE2IDAKdiAtNDQ4IC0xMjE2IDAKdiAtNDgwIC0xMjE2IDAKdiAtNTEyIC0xMjE2IDAKdiAtNTQ0IC0xMjE2IDAKdiAtNTc2IC0xMjE2IDAKdiAtNjA4IC0xMjE2IDAKdiAtNjQwIC0xMjE2IDAKdiAtNjcyIC0xMjE2IDAKdiAtNzA0IC0xMjE2IDAKdiAtNzM2IC0xMjE2IDAKdiAtNzY4IC0xMjE2IDAKdiAtODAwIC0xMjE2IDAKdiAtODMyIC0xMjE2IDAKdiAtODY0IC0xMjE2IDAKdiAtODk2IC0xMjE2IDAKdiAtOTI4IC0xMjE2IDAKdiAtOTYwIC0xMjE2IDAKdiAtOTkyIC0xMjE2IDAKdiAtMTAyNCAtMTIxNiAwCnYgLTEwNTYgLTEyMTYgMAp2IC0xMDg4IC0xMjE2IDAKdiAtMTEyMCAtMTIxNiAwCnYgLTExNTIgLTEyMTYgMAp2IC0xMTg0IC0xMjE2IDAKdiAtMTIxNiAtMTIxNiAwCnYgLTEyNDggLTEyMTYgMAp2IC0xMjgwIC0xMjE2IDAKdiAtMTMxMiAtMTIxNiAwCnYgLTEzNDQgLTEyMTYgMAp2IC0xMzc2IC0xMjE2IDAKdiAtMTQwOCAtMTIxNiAwCnYgLTE0NDAgLTEyMTYgMAp2IC0xNDcyIC0xMjE2IDAKdiAtMTUwNCAtMTIxNiAwCnYgLTE1MzYgLTEyMTYgMAp2IC0xNTY4IC0xMjE2IDAKdiAtMTYwMCAtMTIxNiAwCnYgLTE2MzIgLTEyMTYgMAp2IC0xNjY0IC0xMjE2IDAKdiAtMTY5NiAtMTIxNiAwCnYgLTE3MjggLTEyMTYgMAp2IC0xNzYwIC0xMjE2IDAKdiAtMTc5MiAtMTIxNiAwCnYgLTE4MjQgLTEyMTYgMAp2IC0xODU2IC0xMjE2IDAKdiAtMTg4OCAtMTIxNiAwCnYgLTE5MjAgLTEyMTYgMAp2IC0xOTUyIC0xMjE2IDAKdiAtMTk4NCAtMTIxNiAwCnYgLTIwMTYgLTEyMTYgMAp2IC0yMDQ4IC0xMjE2IDAKdiAtMjA4MCAtMTIxNiAwCnYgLTIxMTIgLTEyMTYgMAp2IC0yMTQ0IC0xMjE2IDAKdiAtMjE3NiAtMTIxNiAwCnYgLTIyMDggLTEyMTYgMAp2IC0yMjQwIC0xMjE2IDAKdiAtMjI3MiAtMTIxNiAwCnYgLTIzMDQgLTEyMTYgMAp2IC0yMzM2IC0xMjE2IDAKdiAtMjM2OCAtMTIxNiAwCnYgLTI0MDAgLTEyMTYgMAp2IC0yNDMyIC0xMjE2IDAKdiAtMjQ2NCAtMTIxNiAwCnYgLTI0OTYgLTEyMTYgMAp2IC0yNTI4IC0xMjE2IDAKdiAtMjU2MCAtMTIxNiAwCnYgLTI1OTIgLTEyMTYgMAp2IC0yNjI0IC0xMjE2IDAKdiAtMjY1NiAtMTIxNiAwCnYgLTI2ODggLTEyMTYgMAp2IC0yNzIwIC0xMjE2IDAKdiAtMjc1MiAtMTIxNiAwCnYgLTI3ODQgLTEyMTYgMAp2IC0yODE2IC0xMjE2IDAKdiAtMjg0OCAtMTIxNiAwCnYgLTI4ODAgLTEyMTYgMAp2IC0yOTEyIC0xMjE2IDAKdiAtMjk0NCAtMTIxNiAwCnYgLTI5NzYgLTEyMTYgMAp2IC0zMDA4IC0xMjE2IDAKdiAtMzA0MCAtMTIxNiAwCnYgLTMwNzIgLTEyMTYgMAp2IC0zMTA0IC0xMjE2IDAKdiAtMzEzNiAtMTIxNiAwCnYgLTMxNjggLTEyMTYgMAp2IC0zMjAwIC0xMjE2IDAKdiAwIC0xMjQ4IDAKdiAtMzIgLTEyNDggMAp2IC02NCAtMTI0OCAwCnYgLTk2IC0xMjQ4IDAKdiAtMTI4IC0xMjQ4IDAKdiAtMTYwIC0xMjQ4IDAKdiAtMTkyIC0xMjQ4IDAKdiAtMjI0IC0xMjQ4IDAKdiAtMjU2IC0xMjQ4IDAKdiAtMjg4IC0xMjQ4IDAKdiAtMzIwIC0xMjQ4IDAKdiAtMzUyIC0xMjQ4IDAKdiAtMzg0IC0xMjQ4IDAKdiAtNDE2IC0xMjQ4IDAKdiAtNDQ4IC0xMjQ4IDAKdiAtNDgwIC0xMjQ4IDAKdiAtNTEyIC0xMjQ4IDAKdiAtNTQ0IC0xMjQ4IDAKdiAtNTc2IC0xMjQ4IDAKdiAtNjA4IC0xMjQ4IDAKdiAtNjQwIC0xMjQ4IDAKdiAtNjcyIC0xMjQ4IDAKdiAtNzA0IC0xMjQ4IDAKdiAtNzM2IC0xMjQ4IDAKdiAtNzY4IC0xMjQ4IDAKdiAtODAwIC0xMjQ4IDAKdiAtODMyIC0xMjQ4IDAKdiAtODY0IC0xMjQ4IDAKdiAtODk2IC0xMjQ4IDAKdiAtOTI4IC0xMjQ4IDAKdiAtOTYwIC0xMjQ4IDAKdiAtOTkyIC0xMjQ4IDAKdiAtMTAyNCAtMTI0OCAwCnYgLTEwNTYgLTEyNDggMAp2IC0xMDg4IC0xMjQ4IDAKdiAtMTEyMCAtMTI0OCAwCnYgLTExNTIgLTEyNDggMAp2IC0xMTg0IC0xMjQ4IDAKdiAtMTIxNiAtMTI0OCAwCnYgLTEyNDggLTEyNDggMAp2IC0xMjgwIC0xMjQ4IDAKdiAtMTMxMiAtMTI0OCAwCnYgLTEzNDQgLTEyNDggMAp2IC0xMzc2IC0xMjQ4IDAKdiAtMTQwOCAtMTI0OCAwCnYgLTE0NDAgLTEyNDggMAp2IC0xNDcyIC0xMjQ4IDAKdiAtMTUwNCAtMTI0OCAwCnYgLTE1MzYgLTEyNDggMAp2IC0xNTY4IC0xMjQ4IDAKdiAtMTYwMCAtMTI0OCAwCnYgLTE2MzIgLTEyNDggMAp2IC0xNjY0IC0xMjQ4IDAKdiAtMTY5NiAtMTI0OCAwCnYgLTE3MjggLTEyNDggMAp2IC0xNzYwIC0xMjQ4IDAKdiAtMTc5MiAtMTI0OCAwCnYgLTE4MjQgLTEyNDggMAp2IC0xODU2IC0xMjQ4IDAKdiAtMTg4OCAtMTI0OCAwCnYgLTE5MjAgLTEyNDggMAp2IC0xOTUyIC0xMjQ4IDAKdiAtMTk4NCAtMTI0OCAwCnYgLTIwMTYgLTEyNDggMAp2IC0yMDQ4IC0xMjQ4IDAKdiAtMjA4MCAtMTI0OCAwCnYgLTIxMTIgLTEyNDggMAp2IC0yMTQ0IC0xMjQ4IDAKdiAtMjE3NiAtMTI0OCAwCnYgLTIyMDggLTEyNDggMAp2IC0yMjQwIC0xMjQ4IDAKdiAtMjI3MiAtMTI0OCAwCnYgLTIzMDQgLTEyNDggMAp2IC0yMzM2IC0xMjQ4IDAKdiAtMjM2OCAtMTI0OCAwCnYgLTI0MDAgLTEyNDggMAp2IC0yNDMyIC0xMjQ4IDAKdiAtMjQ2NCAtMTI0OCAwCnYgLTI0OTYgLTEyNDggMAp2IC0yNTI4IC0xMjQ4IDAKdiAtMjU2MCAtMTI0OCAwCnYgLTI1OTIgLTEyNDggMAp2IC0yNjI0IC0xMjQ4IDAKdiAtMjY1NiAtMTI0OCAwCnYgLTI2ODggLTEyNDggMAp2IC0yNzIwIC0xMjQ4IDAKdiAtMjc1MiAtMTI0OCAwCnYgLTI3ODQgLTEyNDggMAp2IC0yODE2IC0xMjQ4IDAKdiAtMjg0OCAtMTI0OCAwCnYgLTI4ODAgLTEyNDggMAp2IC0yOTEyIC0xMjQ4IDAKdiAtMjk0NCAtMTI0OCAwCnYgLTI5NzYgLTEyNDggMAp2IC0zMDA4IC0xMjQ4IDAKdiAtMzA0MCAtMTI0OCAwCnYgLTMwNzIgLTEyNDggMAp2IC0zMTA0IC0xMjQ4IDAKdiAtMzEzNiAtMTI0OCAwCnYgLTMxNjggLTEyNDggMAp2IC0zMjAwIC0xMjQ4IDAKdiAwIC0xMjgwIDAKdiAtMzIgLTEyODAgMAp2IC02NCAtMTI4MCAwCnYgLTk2IC0xMjgwIDAKdiAtMTI4IC0xMjgwIDAKdiAtMTYwIC0xMjgwIDAKdiAtMTkyIC0xMjgwIDAKdiAtMjI0IC0xMjgwIDAKdiAtMjU2IC0xMjgwIDAKdiAtMjg4IC0xMjgwIDAKdiAtMzIwIC0xMjgwIDAKdiAtMzUyIC0xMjgwIDAKdiAtMzg0IC0xMjgwIDAKdiAtNDE2IC0xMjgwIDAKdiAtNDQ4IC0xMjgwIDAKdiAtNDgwIC0xMjgwIDAKdiAtNTEyIC0xMjgwIDAKdiAtNTQ0IC0xMjgwIDAKdiAtNTc2IC0xMjgwIDAKdiAtNjA4IC0xMjgwIDAKdiAtNjQwIC0xMjgwIDAKdiAtNjcyIC0xMjgwIDAKdiAtNzA0IC0xMjgwIDAKdiAtNzM2IC0xMjgwIDAKdiAtNzY4IC0xMjgwIDAKdiAtODAwIC0xMjgwIDAKdiAtODMyIC0xMjgwIDAKdiAtODY0IC0xMjgwIDAKdiAtODk2IC0xMjgwIDAKdiAtOTI4IC0xMjgwIDAKdiAtOTYwIC0xMjgwIDAKdiAtOTkyIC0xMjgwIDAKdiAtMTAyNCAtMTI4MCAwCnYgLTEwNTYgLTEyODAgMAp2IC0xMDg4IC0xMjgwIDAKdiAtMTEyMCAtMTI4MCAwCnYgLTExNTIgLTEyODAgMAp2IC0xMTg0IC0xMjgwIDAKdiAtMTIxNiAtMTI4MCAwCnYgLTEyNDggLTEyODAgMAp2IC0xMjgwIC0xMjgwIDAKdiAtMTMxMiAtMTI4MCAwCnYgLTEzNDQgLTEyODAgMAp2IC0xMzc2IC0xMjgwIDAKdiAtMTQwOCAtMTI4MCAwCnYgLTE0NDAgLTEyODAgMAp2IC0xNDcyIC0xMjgwIDAKdiAtMTUwNCAtMTI4MCAwCnYgLTE1MzYgLTEyODAgMAp2IC0xNTY4IC0xMjgwIDAKdiAtMTYwMCAtMTI4MCAwCnYgLTE2MzIgLTEyODAgMAp2IC0xNjY0IC0xMjgwIDAKdiAtMTY5NiAtMTI4MCAwCnYgLTE3MjggLTEyODAgMAp2IC0xNzYwIC0xMjgwIDAKdiAtMTc5MiAtMTI4MCAwCnYgLTE4MjQgLTEyODAgMAp2IC0xODU2IC0xMjgwIDAKdiAtMTg4OCAtMTI4MCAwCnYgLTE5MjAgLTEyODAgMAp2IC0xOTUyIC0xMjgwIDAKdiAtMTk4NCAtMTI4MCAwCnYgLTIwMTYgLTEyODAgMAp2IC0yMDQ4IC0xMjgwIDAKdiAtMjA4MCAtMTI4MCAwCnYgLTIxMTIgLTEyODAgMAp2IC0yMTQ0IC0xMjgwIDAKdiAtMjE3NiAtMTI4MCAwCnYgLTIyMDggLTEyODAgMAp2IC0yMjQwIC0xMjgwIDAKdiAtMjI3MiAtMTI4MCAwCnYgLTIzMDQgLTEyODAgMAp2IC0yMzM2IC0xMjgwIDAKdiAtMjM2OCAtMTI4MCAwCnYgLTI0MDAgLTEyODAgMAp2IC0yNDMyIC0xMjgwIDAKdiAtMjQ2NCAtMTI4MCAwCnYgLTI0OTYgLTEyODAgMAp2IC0yNTI4IC0xMjgwIDAKdiAtMjU2MCAtMTI4MCAwCnYgLTI1OTIgLTEyODAgMAp2IC0yNjI0IC0xMjgwIDAKdiAtMjY1NiAtMTI4MCAwCnYgLTI2ODggLTEyODAgMAp2IC0yNzIwIC0xMjgwIDAKdiAtMjc1MiAtMTI4MCAwCnYgLTI3ODQgLTEyODAgMAp2IC0yODE2IC0xMjgwIDAKdiAtMjg0OCAtMTI4MCAwCnYgLTI4ODAgLTEyODAgMAp2IC0yOTEyIC0xMjgwIDAKdiAtMjk0NCAtMTI4MCAwCnYgLTI5NzYgLTEyODAgMAp2IC0zMDA4IC0xMjgwIDAKdiAtMzA0MCAtMTI4MCAwCnYgLTMwNzIgLTEyODAgMAp2IC0zMTA0IC0xMjgwIDAKdiAtMzEzNiAtMTI4MCAwCnYgLTMxNjggLTEyODAgMAp2IC0zMjAwIC0xMjgwIDAKdiAwIC0xMzEyIDAKdiAtMzIgLTEzMTIgMAp2IC02NCAtMTMxMiAwCnYgLTk2IC0xMzEyIDAKdiAtMTI4IC0xMzEyIDAKdiAtMTYwIC0xMzEyIDAKdiAtMTkyIC0xMzEyIDAKdiAtMjI0IC0xMzEyIDAKdiAtMjU2IC0xMzEyIDAKdiAtMjg4IC0xMzEyIDAKdiAtMzIwIC0xMzEyIDAKdiAtMzUyIC0xMzEyIDAKdiAtMzg0IC0xMzEyIDAKdiAtNDE2IC0xMzEyIDAKdiAtNDQ4IC0xMzEyIDAKdiAtNDgwIC0xMzEyIDAKdiAtNTEyIC0xMzEyIDAKdiAtNTQ0IC0xMzEyIDAKdiAtNTc2IC0xMzEyIDAKdiAtNjA4IC0xMzEyIDAKdiAtNjQwIC0xMzEyIDAKdiAtNjcyIC0xMzEyIDAKdiAtNzA0IC0xMzEyIDAKdiAtNzM2IC0xMzEyIDAKdiAtNzY4IC0xMzEyIDAKdiAtODAwIC0xMzEyIDAKdiAtODMyIC0xMzEyIDAKdiAtODY0IC0xMzEyIDAKdiAtODk2IC0xMzEyIDAKdiAtOTI4IC0xMzEyIDAKdiAtOTYwIC0xMzEyIDAKdiAtOTkyIC0xMzEyIDAKdiAtMTAyNCAtMTMxMiAwCnYgLTEwNTYgLTEzMTIgMAp2IC0xMDg4IC0xMzEyIDAKdiAtMTEyMCAtMTMxMiAwCnYgLTExNTIgLTEzMTIgMAp2IC0xMTg0IC0xMzEyIDAKdiAtMTIxNiAtMTMxMiAwCnYgLTEyNDggLTEzMTIgMAp2IC0xMjgwIC0xMzEyIDAKdiAtMTMxMiAtMTMxMiAwCnYgLTEzNDQgLTEzMTIgMAp2IC0xMzc2IC0xMzEyIDAKdiAtMTQwOCAtMTMxMiAwCnYgLTE0NDAgLTEzMTIgMAp2IC0xNDcyIC0xMzEyIDAKdiAtMTUwNCAtMTMxMiAwCnYgLTE1MzYgLTEzMTIgMAp2IC0xNTY4IC0xMzEyIDAKdiAtMTYwMCAtMTMxMiAwCnYgLTE2MzIgLTEzMTIgMAp2IC0xNjY0IC0xMzEyIDAKdiAtMTY5NiAtMTMxMiAwCnYgLTE3MjggLTEzMTIgMAp2IC0xNzYwIC0xMzEyIDAKdiAtMTc5MiAtMTMxMiAwCnYgLTE4MjQgLTEzMTIgMAp2IC0xODU2IC0xMzEyIDAKdiAtMTg4OCAtMTMxMiAwCnYgLTE5MjAgLTEzMTIgMAp2IC0xOTUyIC0xMzEyIDAKdiAtMTk4NCAtMTMxMiAwCnYgLTIwMTYgLTEzMTIgMAp2IC0yMDQ4IC0xMzEyIDAKdiAtMjA4MCAtMTMxMiAwCnYgLTIxMTIgLTEzMTIgMAp2IC0yMTQ0IC0xMzEyIDAKdiAtMjE3NiAtMTMxMiAwCnYgLTIyMDggLTEzMTIgMAp2IC0yMjQwIC0xMzEyIDAKdiAtMjI3MiAtMTMxMiAwCnYgLTIzMDQgLTEzMTIgMAp2IC0yMzM2IC0xMzEyIDAKdiAtMjM2OCAtMTMxMiAwCnYgLTI0MDAgLTEzMTIgMAp2IC0yNDMyIC0xMzEyIDAKdiAtMjQ2NCAtMTMxMiAwCnYgLTI0OTYgLTEzMTIgMAp2IC0yNTI4IC0xMzEyIDAKdiAtMjU2MCAtMTMxMiAwCnYgLTI1OTIgLTEzMTIgMAp2IC0yNjI0IC0xMzEyIDAKdiAtMjY1NiAtMTMxMiAwCnYgLTI2ODggLTEzMTIgMAp2IC0yNzIwIC0xMzEyIDAKdiAtMjc1MiAtMTMxMiAwCnYgLTI3ODQgLTEzMTIgMAp2IC0yODE2IC0xMzEyIDAKdiAtMjg0OCAtMTMxMiAwCnYgLTI4ODAgLTEzMTIgMAp2IC0yOTEyIC0xMzEyIDAKdiAtMjk0NCAtMTMxMiAwCnYgLTI5NzYgLTEzMTIgMAp2IC0zMDA4IC0xMzEyIDAKdiAtMzA0MCAtMTMxMiAwCnYgLTMwNzIgLTEzMTIgMAp2IC0zMTA0IC0xMzEyIDAKdiAtMzEzNiAtMTMxMiAwCnYgLTMxNjggLTEzMTIgMAp2IC0zMjAwIC0xMzEyIDAKdiAwIC0xMzQ0IDAKdiAtMzIgLTEzNDQgMAp2IC02NCAtMTM0NCAwCnYgLTk2IC0xMzQ0IDAKdiAtMTI4IC0xMzQ0IDAKdiAtMTYwIC0xMzQ0IDAKdiAtMTkyIC0xMzQ0IDAKdiAtMjI0IC0xMzQ0IDAKdiAtMjU2IC0xMzQ0IDAKdiAtMjg4IC0xMzQ0IDAKdiAtMzIwIC0xMzQ0IDAKdiAtMzUyIC0xMzQ0IDAKdiAtMzg0IC0xMzQ0IDAKdiAtNDE2IC0xMzQ0IDAKdiAtNDQ4IC0xMzQ0IDAKdiAtNDgwIC0xMzQ0IDAKdiAtNTEyIC0xMzQ0IDAKdiAtNTQ0IC0xMzQ0IDAKdiAtNTc2IC0xMzQ0IDAKdiAtNjA4IC0xMzQ0IDAKdiAtNjQwIC0xMzQ0IDAKdiAtNjcyIC0xMzQ0IDAKdiAtNzA0IC0xMzQ0IDAKdiAtNzM2IC0xMzQ0IDAKdiAtNzY4IC0xMzQ0IDAKdiAtODAwIC0xMzQ0IDAKdiAtODMyIC0xMzQ0IDAKdiAtODY0IC0xMzQ0IDAKdiAtODk2IC0xMzQ0IDAKdiAtOTI4IC0xMzQ0IDAKdiAtOTYwIC0xMzQ0IDAKdiAtOTkyIC0xMzQ0IDAKdiAtMTAyNCAtMTM0NCAwCnYgLTEwNTYgLTEzNDQgMAp2IC0xMDg4IC0xMzQ0IDAKdiAtMTEyMCAtMTM0NCAwCnYgLTExNTIgLTEzNDQgMAp2IC0xMTg0IC0xMzQ0IDAKdiAtMTIxNiAtMTM0NCAwCnYgLTEyNDggLTEzNDQgMAp2IC0xMjgwIC0xMzQ0IDAKdiAtMTMxMiAtMTM0NCAwCnYgLTEzNDQgLTEzNDQgMAp2IC0xMzc2IC0xMzQ0IDAKdiAtMTQwOCAtMTM0NCAwCnYgLTE0NDAgLTEzNDQgMAp2IC0xNDcyIC0xMzQ0IDAKdiAtMTUwNCAtMTM0NCAwCnYgLTE1MzYgLTEzNDQgMAp2IC0xNTY4IC0xMzQ0IDAKdiAtMTYwMCAtMTM0NCAwCnYgLTE2MzIgLTEzNDQgMAp2IC0xNjY0IC0xMzQ0IDAKdiAtMTY5NiAtMTM0NCAwCnYgLTE3MjggLTEzNDQgMAp2IC0xNzYwIC0xMzQ0IDAKdiAtMTc5MiAtMTM0NCAwCnYgLTE4MjQgLTEzNDQgMAp2IC0xODU2IC0xMzQ0IDAKdiAtMTg4OCAtMTM0NCAwCnYgLTE5MjAgLTEzNDQgMAp2IC0xOTUyIC0xMzQ0IDAKdiAtMTk4NCAtMTM0NCAwCnYgLTIwMTYgLTEzNDQgMAp2IC0yMDQ4IC0xMzQ0IDAKdiAtMjA4MCAtMTM0NCAwCnYgLTIxMTIgLTEzNDQgMAp2IC0yMTQ0IC0xMzQ0IDAKdiAtMjE3NiAtMTM0NCAwCnYgLTIyMDggLTEzNDQgMAp2IC0yMjQwIC0xMzQ0IDAKdiAtMjI3MiAtMTM0NCAwCnYgLTIzMDQgLTEzNDQgMAp2IC0yMzM2IC0xMzQ0IDAKdiAtMjM2OCAtMTM0NCAwCnYgLTI0MDAgLTEzNDQgMAp2IC0yNDMyIC0xMzQ0IDAKdiAtMjQ2NCAtMTM0NCAwCnYgLTI0OTYgLTEzNDQgMAp2IC0yNTI4IC0xMzQ0IDAKdiAtMjU2MCAtMTM0NCAwCnYgLTI1OTIgLTEzNDQgMAp2IC0yNjI0IC0xMzQ0IDAKdiAtMjY1NiAtMTM0NCAwCnYgLTI2ODggLTEzNDQgMAp2IC0yNzIwIC0xMzQ0IDAKdiAtMjc1MiAtMTM0NCAwCnYgLTI3ODQgLTEzNDQgMAp2IC0yODE2IC0xMzQ0IDAKdiAtMjg0OCAtMTM0NCAwCnYgLTI4ODAgLTEzNDQgMAp2IC0yOTEyIC0xMzQ0IDAKdiAtMjk0NCAtMTM0NCAwCnYgLTI5NzYgLTEzNDQgMAp2IC0zMDA4IC0xMzQ0IDAKdiAtMzA0MCAtMTM0NCAwCnYgLTMwNzIgLTEzNDQgMAp2IC0zMTA0IC0xMzQ0IDAKdiAtMzEzNiAtMTM0NCAwCnYgLTMxNjggLTEzNDQgMAp2IC0zMjAwIC0xMzQ0IDAKdiAwIC0xMzc2IDAKdiAtMzIgLTEzNzYgMAp2IC02NCAtMTM3NiAwCnYgLTk2IC0xMzc2IDAKdiAtMTI4IC0xMzc2IDAKdiAtMTYwIC0xMzc2IDAKdiAtMTkyIC0xMzc2IDAKdiAtMjI0IC0xMzc2IDAKdiAtMjU2IC0xMzc2IDAKdiAtMjg4IC0xMzc2IDAKdiAtMzIwIC0xMzc2IDAKdiAtMzUyIC0xMzc2IDAKdiAtMzg0IC0xMzc2IDAKdiAtNDE2IC0xMzc2IDAKdiAtNDQ4IC0xMzc2IDAKdiAtNDgwIC0xMzc2IDAKdiAtNTEyIC0xMzc2IDAKdiAtNTQ0IC0xMzc2IDAKdiAtNTc2IC0xMzc2IDAKdiAtNjA4IC0xMzc2IDAKdiAtNjQwIC0xMzc2IDAKdiAtNjcyIC0xMzc2IDAKdiAtNzA0IC0xMzc2IDAKdiAtNzM2IC0xMzc2IDAKdiAtNzY4IC0xMzc2IDAKdiAtODAwIC0xMzc2IDAKdiAtODMyIC0xMzc2IDAKdiAtODY0IC0xMzc2IDAKdiAtODk2IC0xMzc2IDAKdiAtOTI4IC0xMzc2IDAKdiAtOTYwIC0xMzc2IDAKdiAtOTkyIC0xMzc2IDAKdiAtMTAyNCAtMTM3NiAwCnYgLTEwNTYgLTEzNzYgMAp2IC0xMDg4IC0xMzc2IDAKdiAtMTEyMCAtMTM3NiAwCnYgLTExNTIgLTEzNzYgMAp2IC0xMTg0IC0xMzc2IDAKdiAtMTIxNiAtMTM3NiAwCnYgLTEyNDggLTEzNzYgMAp2IC0xMjgwIC0xMzc2IDAKdiAtMTMxMiAtMTM3NiAwCnYgLTEzNDQgLTEzNzYgMAp2IC0xMzc2IC0xMzc2IDAKdiAtMTQwOCAtMTM3NiAwCnYgLTE0NDAgLTEzNzYgMAp2IC0xNDcyIC0xMzc2IDAKdiAtMTUwNCAtMTM3NiAwCnYgLTE1MzYgLTEzNzYgMAp2IC0xNTY4IC0xMzc2IDAKdiAtMTYwMCAtMTM3NiAwCnYgLTE2MzIgLTEzNzYgMAp2IC0xNjY0IC0xMzc2IDAKdiAtMTY5NiAtMTM3NiAwCnYgLTE3MjggLTEzNzYgMAp2IC0xNzYwIC0xMzc2IDAKdiAtMTc5MiAtMTM3NiAwCnYgLTE4MjQgLTEzNzYgMAp2IC0xODU2IC0xMzc2IDAKdiAtMTg4OCAtMTM3NiAwCnYgLTE5MjAgLTEzNzYgMAp2IC0xOTUyIC0xMzc2IDAKdiAtMTk4NCAtMTM3NiAwCnYgLTIwMTYgLTEzNzYgMAp2IC0yMDQ4IC0xMzc2IDAKdiAtMjA4MCAtMTM3NiAwCnYgLTIxMTIgLTEzNzYgMAp2IC0yMTQ0IC0xMzc2IDAKdiAtMjE3NiAtMTM3NiAwCnYgLTIyMDggLTEzNzYgMAp2IC0yMjQwIC0xMzc2IDAKdiAtMjI3MiAtMTM3NiAwCnYgLTIzMDQgLTEzNzYgMAp2IC0yMzM2IC0xMzc2IDAKdiAtMjM2OCAtMTM3NiAwCnYgLTI0MDAgLTEzNzYgMAp2IC0yNDMyIC0xMzc2IDAKdiAtMjQ2NCAtMTM3NiAwCnYgLTI0OTYgLTEzNzYgMAp2IC0yNTI4IC0xMzc2IDAKdiAtMjU2MCAtMTM3NiAwCnYgLTI1OTIgLTEzNzYgMAp2IC0yNjI0IC0xMzc2IDAKdiAtMjY1NiAtMTM3NiAwCnYgLTI2ODggLTEzNzYgMAp2IC0yNzIwIC0xMzc2IDAKdiAtMjc1MiAtMTM3NiAwCnYgLTI3ODQgLTEzNzYgMAp2IC0yODE2IC0xMzc2IDAKdiAtMjg0OCAtMTM3NiAwCnYgLTI4ODAgLTEzNzYgMAp2IC0yOTEyIC0xMzc2IDAKdiAtMjk0NCAtMTM3NiAwCnYgLTI5NzYgLTEzNzYgMAp2IC0zMDA4IC0xMzc2IDAKdiAtMzA0MCAtMTM3NiAwCnYgLTMwNzIgLTEzNzYgMAp2IC0zMTA0IC0xMzc2IDAKdiAtMzEzNiAtMTM3NiAwCnYgLTMxNjggLTEzNzYgMAp2IC0zMjAwIC0xMzc2IDAKdiAwIC0xNDA4IDAKdiAtMzIgLTE0MDggMAp2IC02NCAtMTQwOCAwCnYgLTk2IC0xNDA4IDAKdiAtMTI4IC0xNDA4IDAKdiAtMTYwIC0xNDA4IDAKdiAtMTkyIC0xNDA4IDAKdiAtMjI0IC0xNDA4IDAKdiAtMjU2IC0xNDA4IDAKdiAtMjg4IC0xNDA4IDAKdiAtMzIwIC0xNDA4IDAKdiAtMzUyIC0xNDA4IDAKdiAtMzg0IC0xNDA4IDAKdiAtNDE2IC0xNDA4IDAKdiAtNDQ4IC0xNDA4IDAKdiAtNDgwIC0xNDA4IDAKdiAtNTEyIC0xNDA4IDAKdiAtNTQ0IC0xNDA4IDAKdiAtNTc2IC0xNDA4IDAKdiAtNjA4IC0xNDA4IDAKdiAtNjQwIC0xNDA4IDAKdiAtNjcyIC0xNDA4IDAKdiAtNzA0IC0xNDA4IDAKdiAtNzM2IC0xNDA4IDAKdiAtNzY4IC0xNDA4IDAKdiAtODAwIC0xNDA4IDAKdiAtODMyIC0xNDA4IDAKdiAtODY0IC0xNDA4IDAKdiAtODk2IC0xNDA4IDAKdiAtOTI4IC0xNDA4IDAKdiAtOTYwIC0xNDA4IDAKdiAtOTkyIC0xNDA4IDAKdiAtMTAyNCAtMTQwOCAwCnYgLTEwNTYgLTE0MDggMAp2IC0xMDg4IC0xNDA4IDAKdiAtMTEyMCAtMTQwOCAwCnYgLTExNTIgLTE0MDggMAp2IC0xMTg0IC0xNDA4IDAKdiAtMTIxNiAtMTQwOCAwCnYgLTEyNDggLTE0MDggMAp2IC0xMjgwIC0xNDA4IDAKdiAtMTMxMiAtMTQwOCAwCnYgLTEzNDQgLTE0MDggMAp2IC0xMzc2IC0xNDA4IDAKdiAtMTQwOCAtMTQwOCAwCnYgLTE0NDAgLTE0MDggMAp2IC0xNDcyIC0xNDA4IDAKdiAtMTUwNCAtMTQwOCAwCnYgLTE1MzYgLTE0MDggMAp2IC0xNTY4IC0xNDA4IDAKdiAtMTYwMCAtMTQwOCAwCnYgLTE2MzIgLTE0MDggMAp2IC0xNjY0IC0xNDA4IDAKdiAtMTY5NiAtMTQwOCAwCnYgLTE3MjggLTE0MDggMAp2IC0xNzYwIC0xNDA4IDAKdiAtMTc5MiAtMTQwOCAwCnYgLTE4MjQgLTE0MDggMAp2IC0xODU2IC0xNDA4IDAKdiAtMTg4OCAtMTQwOCAwCnYgLTE5MjAgLTE0MDggMAp2IC0xOTUyIC0xNDA4IDAKdiAtMTk4NCAtMTQwOCAwCnYgLTIwMTYgLTE0MDggMAp2IC0yMDQ4IC0xNDA4IDAKdiAtMjA4MCAtMTQwOCAwCnYgLTIxMTIgLTE0MDggMAp2IC0yMTQ0IC0xNDA4IDAKdiAtMjE3NiAtMTQwOCAwCnYgLTIyMDggLTE0MDggMAp2IC0yMjQwIC0xNDA4IDAKdiAtMjI3MiAtMTQwOCAwCnYgLTIzMDQgLTE0MDggMAp2IC0yMzM2IC0xNDA4IDAKdiAtMjM2OCAtMTQwOCAwCnYgLTI0MDAgLTE0MDggMAp2IC0yNDMyIC0xNDA4IDAKdiAtMjQ2NCAtMTQwOCAwCnYgLTI0OTYgLTE0MDggMAp2IC0yNTI4IC0xNDA4IDAKdiAtMjU2MCAtMTQwOCAwCnYgLTI1OTIgLTE0MDggMAp2IC0yNjI0IC0xNDA4IDAKdiAtMjY1NiAtMTQwOCAwCnYgLTI2ODggLTE0MDggMAp2IC0yNzIwIC0xNDA4IDAKdiAtMjc1MiAtMTQwOCAwCnYgLTI3ODQgLTE0MDggMAp2IC0yODE2IC0xNDA4IDAKdiAtMjg0OCAtMTQwOCAwCnYgLTI4ODAgLTE0MDggMAp2IC0yOTEyIC0xNDA4IDAKdiAtMjk0NCAtMTQwOCAwCnYgLTI5NzYgLTE0MDggMAp2IC0zMDA4IC0xNDA4IDAKdiAtMzA0MCAtMTQwOCAwCnYgLTMwNzIgLTE0MDggMAp2IC0zMTA0IC0xNDA4IDAKdiAtMzEzNiAtMTQwOCAwCnYgLTMxNjggLTE0MDggMAp2IC0zMjAwIC0xNDA4IDAKdiAwIC0xNDQwIDAKdiAtMzIgLTE0NDAgMAp2IC02NCAtMTQ0MCAwCnYgLTk2IC0xNDQwIDAKdiAtMTI4IC0xNDQwIDAKdiAtMTYwIC0xNDQwIDAKdiAtMTkyIC0xNDQwIDAKdiAtMjI0IC0xNDQwIDAKdiAtMjU2IC0xNDQwIDAKdiAtMjg4IC0xNDQwIDAKdiAtMzIwIC0xNDQwIDAKdiAtMzUyIC0xNDQwIDAKdiAtMzg0IC0xNDQwIDAKdiAtNDE2IC0xNDQwIDAKdiAtNDQ4IC0xNDQwIDAKdiAtNDgwIC0xNDQwIDAKdiAtNTEyIC0xNDQwIDAKdiAtNTQ0IC0xNDQwIDAKdiAtNTc2IC0xNDQwIDAKdiAtNjA4IC0xNDQwIDAKdiAtNjQwIC0xNDQwIDAKdiAtNjcyIC0xNDQwIDAKdiAtNzA0IC0xNDQwIDAKdiAtNzM2IC0xNDQwIDAKdiAtNzY4IC0xNDQwIDAKdiAtODAwIC0xNDQwIDAKdiAtODMyIC0xNDQwIDAKdiAtODY0IC0xNDQwIDAKdiAtODk2IC0xNDQwIDAKdiAtOTI4IC0xNDQwIDAKdiAtOTYwIC0xNDQwIDAKdiAtOTkyIC0xNDQwIDAKdiAtMTAyNCAtMTQ0MCAwCnYgLTEwNTYgLTE0NDAgMAp2IC0xMDg4IC0xNDQwIDAKdiAtMTEyMCAtMTQ0MCAwCnYgLTExNTIgLTE0NDAgMAp2IC0xMTg0IC0xNDQwIDAKdiAtMTIxNiAtMTQ0MCAwCnYgLTEyNDggLTE0NDAgMAp2IC0xMjgwIC0xNDQwIDAKdiAtMTMxMiAtMTQ0MCAwCnYgLTEzNDQgLTE0NDAgMAp2IC0xMzc2IC0xNDQwIDAKdiAtMTQwOCAtMTQ0MCAwCnYgLTE0NDAgLTE0NDAgMAp2IC0xNDcyIC0xNDQwIDAKdiAtMTUwNCAtMTQ0MCAwCnYgLTE1MzYgLTE0NDAgMAp2IC0xNTY4IC0xNDQwIDAKdiAtMTYwMCAtMTQ0MCAwCnYgLTE2MzIgLTE0NDAgMAp2IC0xNjY0IC0xNDQwIDAKdiAtMTY5NiAtMTQ0MCAwCnYgLTE3MjggLTE0NDAgMAp2IC0xNzYwIC0xNDQwIDAKdiAtMTc5MiAtMTQ0MCAwCnYgLTE4MjQgLTE0NDAgMAp2IC0xODU2IC0xNDQwIDAKdiAtMTg4OCAtMTQ0MCAwCnYgLTE5MjAgLTE0NDAgMAp2IC0xOTUyIC0xNDQwIDAKdiAtMTk4NCAtMTQ0MCAwCnYgLTIwMTYgLTE0NDAgMAp2IC0yMDQ4IC0xNDQwIDAKdiAtMjA4MCAtMTQ0MCAwCnYgLTIxMTIgLTE0NDAgMAp2IC0yMTQ0IC0xNDQwIDAKdiAtMjE3NiAtMTQ0MCAwCnYgLTIyMDggLTE0NDAgMAp2IC0yMjQwIC0xNDQwIDAKdiAtMjI3MiAtMTQ0MCAwCnYgLTIzMDQgLTE0NDAgMAp2IC0yMzM2IC0xNDQwIDAKdiAtMjM2OCAtMTQ0MCAwCnYgLTI0MDAgLTE0NDAgMAp2IC0yNDMyIC0xNDQwIDAKdiAtMjQ2NCAtMTQ0MCAwCnYgLTI0OTYgLTE0NDAgMAp2IC0yNTI4IC0xNDQwIDAKdiAtMjU2MCAtMTQ0MCAwCnYgLTI1OTIgLTE0NDAgMAp2IC0yNjI0IC0xNDQwIDAKdiAtMjY1NiAtMTQ0MCAwCnYgLTI2ODggLTE0NDAgMAp2IC0yNzIwIC0xNDQwIDAKdiAtMjc1MiAtMTQ0MCAwCnYgLTI3ODQgLTE0NDAgMAp2IC0yODE2IC0xNDQwIDAKdiAtMjg0OCAtMTQ0MCAwCnYgLTI4ODAgLTE0NDAgMAp2IC0yOTEyIC0xNDQwIDAKdiAtMjk0NCAtMTQ0MCAwCnYgLTI5NzYgLTE0NDAgMAp2IC0zMDA4IC0xNDQwIDAKdiAtMzA0MCAtMTQ0MCAwCnYgLTMwNzIgLTE0NDAgMAp2IC0zMTA0IC0xNDQwIDAKdiAtMzEzNiAtMTQ0MCAwCnYgLTMxNjggLTE0NDAgMAp2IC0zMjAwIC0xNDQwIDAKdiAwIC0xNDcyIDAKdiAtMzIgLTE0NzIgMAp2IC02NCAtMTQ3MiAwCnYgLTk2IC0xNDcyIDAKdiAtMTI4IC0xNDcyIDAKdiAtMTYwIC0xNDcyIDAKdiAtMTkyIC0xNDcyIDAKdiAtMjI0IC0xNDcyIDAKdiAtMjU2IC0xNDcyIDAKdiAtMjg4IC0xNDcyIDAKdiAtMzIwIC0xNDcyIDAKdiAtMzUyIC0xNDcyIDAKdiAtMzg0IC0xNDcyIDAKdiAtNDE2IC0xNDcyIDAKdiAtNDQ4IC0xNDcyIDAKdiAtNDgwIC0xNDcyIDAKdiAtNTEyIC0xNDcyIDAKdiAtNTQ0IC0xNDcyIDAKdiAtNTc2IC0xNDcyIDAKdiAtNjA4IC0xNDcyIDAKdiAtNjQwIC0xNDcyIDAKdiAtNjcyIC0xNDcyIDAKdiAtNzA0IC0xNDcyIDAKdiAtNzM2IC0xNDcyIDAKdiAtNzY4IC0xNDcyIDAKdiAtODAwIC0xNDcyIDAKdiAtODMyIC0xNDcyIDAKdiAtODY0IC0xNDcyIDAKdiAtODk2IC0xNDcyIDAKdiAtOTI4IC0xNDcyIDAKdiAtOTYwIC0xNDcyIDAKdiAtOTkyIC0xNDcyIDAKdiAtMTAyNCAtMTQ3MiAwCnYgLTEwNTYgLTE0NzIgMAp2IC0xMDg4IC0xNDcyIDAKdiAtMTEyMCAtMTQ3MiAwCnYgLTExNTIgLTE0NzIgMAp2IC0xMTg0IC0xNDcyIDAKdiAtMTIxNiAtMTQ3MiAwCnYgLTEyNDggLTE0NzIgMAp2IC0xMjgwIC0xNDcyIDAKdiAtMTMxMiAtMTQ3MiAwCnYgLTEzNDQgLTE0NzIgMAp2IC0xMzc2IC0xNDcyIDAKdiAtMTQwOCAtMTQ3MiAwCnYgLTE0NDAgLTE0NzIgMAp2IC0xNDcyIC0xNDcyIDAKdiAtMTUwNCAtMTQ3MiAwCnYgLTE1MzYgLTE0NzIgMAp2IC0xNTY4IC0xNDcyIDAKdiAtMTYwMCAtMTQ3MiAwCnYgLTE2MzIgLTE0NzIgMAp2IC0xNjY0IC0xNDcyIDAKdiAtMTY5NiAtMTQ3MiAwCnYgLTE3MjggLTE0NzIgMAp2IC0xNzYwIC0xNDcyIDAKdiAtMTc5MiAtMTQ3MiAwCnYgLTE4MjQgLTE0NzIgMAp2IC0xODU2IC0xNDcyIDAKdiAtMTg4OCAtMTQ3MiAwCnYgLTE5MjAgLTE0NzIgMAp2IC0xOTUyIC0xNDcyIDAKdiAtMTk4NCAtMTQ3MiAwCnYgLTIwMTYgLTE0NzIgMAp2IC0yMDQ4IC0xNDcyIDAKdiAtMjA4MCAtMTQ3MiAwCnYgLTIxMTIgLTE0NzIgMAp2IC0yMTQ0IC0xNDcyIDAKdiAtMjE3NiAtMTQ3MiAwCnYgLTIyMDggLTE0NzIgMAp2IC0yMjQwIC0xNDcyIDAKdiAtMjI3MiAtMTQ3MiAwCnYgLTIzMDQgLTE0NzIgMAp2IC0yMzM2IC0xNDcyIDAKdiAtMjM2OCAtMTQ3MiAwCnYgLTI0MDAgLTE0NzIgMAp2IC0yNDMyIC0xNDcyIDAKdiAtMjQ2NCAtMTQ3MiAwCnYgLTI0OTYgLTE0NzIgMAp2IC0yNTI4IC0xNDcyIDAKdiAtMjU2MCAtMTQ3MiAwCnYgLTI1OTIgLTE0NzIgMAp2IC0yNjI0IC0xNDcyIDAKdiAtMjY1NiAtMTQ3MiAwCnYgLTI2ODggLTE0NzIgMAp2IC0yNzIwIC0xNDcyIDAKdiAtMjc1MiAtMTQ3MiAwCnYgLTI3ODQgLTE0NzIgMAp2IC0yODE2IC0xNDcyIDAKdiAtMjg0OCAtMTQ3MiAwCnYgLTI4ODAgLTE0NzIgMAp2IC0yOTEyIC0xNDcyIDAKdiAtMjk0NCAtMTQ3MiAwCnYgLTI5NzYgLTE0NzIgMAp2IC0zMDA4IC0xNDcyIDAKdiAtMzA0MCAtMTQ3MiAwCnYgLTMwNzIgLTE0NzIgMAp2IC0zMTA0IC0xNDcyIDAKdiAtMzEzNiAtMTQ3MiAwCnYgLTMxNjggLTE0NzIgMAp2IC0zMjAwIC0xNDcyIDAKdiAwIC0xNTA0IDAKdiAtMzIgLTE1MDQgMAp2IC02NCAtMTUwNCAwCnYgLTk2IC0xNTA0IDAKdiAtMTI4IC0xNTA0IDAKdiAtMTYwIC0xNTA0IDAKdiAtMTkyIC0xNTA0IDAKdiAtMjI0IC0xNTA0IDAKdiAtMjU2IC0xNTA0IDAKdiAtMjg4IC0xNTA0IDAKdiAtMzIwIC0xNTA0IDAKdiAtMzUyIC0xNTA0IDAKdiAtMzg0IC0xNTA0IDAKdiAtNDE2IC0xNTA0IDAKdiAtNDQ4IC0xNTA0IDAKdiAtNDgwIC0xNTA0IDAKdiAtNTEyIC0xNTA0IDAKdiAtNTQ0IC0xNTA0IDAKdiAtNTc2IC0xNTA0IDAKdiAtNjA4IC0xNTA0IDAKdiAtNjQwIC0xNTA0IDAKdiAtNjcyIC0xNTA0IDAKdiAtNzA0IC0xNTA0IDAKdiAtNzM2IC0xNTA0IDAKdiAtNzY4IC0xNTA0IDAKdiAtODAwIC0xNTA0IDAKdiAtODMyIC0xNTA0IDAKdiAtODY0IC0xNTA0IDAKdiAtODk2IC0xNTA0IDAKdiAtOTI4IC0xNTA0IDAKdiAtOTYwIC0xNTA0IDAKdiAtOTkyIC0xNTA0IDAKdiAtMTAyNCAtMTUwNCAwCnYgLTEwNTYgLTE1MDQgMAp2IC0xMDg4IC0xNTA0IDAKdiAtMTEyMCAtMTUwNCAwCnYgLTExNTIgLTE1MDQgMAp2IC0xMTg0IC0xNTA0IDAKdiAtMTIxNiAtMTUwNCAwCnYgLTEyNDggLTE1MDQgMAp2IC0xMjgwIC0xNTA0IDAKdiAtMTMxMiAtMTUwNCAwCnYgLTEzNDQgLTE1MDQgMAp2IC0xMzc2IC0xNTA0IDAKdiAtMTQwOCAtMTUwNCAwCnYgLTE0NDAgLTE1MDQgMAp2IC0xNDcyIC0xNTA0IDAKdiAtMTUwNCAtMTUwNCAwCnYgLTE1MzYgLTE1MDQgMAp2IC0xNTY4IC0xNTA0IDAKdiAtMTYwMCAtMTUwNCAwCnYgLTE2MzIgLTE1MDQgMAp2IC0xNjY0IC0xNTA0IDAKdiAtMTY5NiAtMTUwNCAwCnYgLTE3MjggLTE1MDQgMAp2IC0xNzYwIC0xNTA0IDAKdiAtMTc5MiAtMTUwNCAwCnYgLTE4MjQgLTE1MDQgMAp2IC0xODU2IC0xNTA0IDAKdiAtMTg4OCAtMTUwNCAwCnYgLTE5MjAgLTE1MDQgMAp2IC0xOTUyIC0xNTA0IDAKdiAtMTk4NCAtMTUwNCAwCnYgLTIwMTYgLTE1MDQgMAp2IC0yMDQ4IC0xNTA0IDAKdiAtMjA4MCAtMTUwNCAwCnYgLTIxMTIgLTE1MDQgMAp2IC0yMTQ0IC0xNTA0IDAKdiAtMjE3NiAtMTUwNCAwCnYgLTIyMDggLTE1MDQgMAp2IC0yMjQwIC0xNTA0IDAKdiAtMjI3MiAtMTUwNCAwCnYgLTIzMDQgLTE1MDQgMAp2IC0yMzM2IC0xNTA0IDAKdiAtMjM2OCAtMTUwNCAwCnYgLTI0MDAgLTE1MDQgMAp2IC0yNDMyIC0xNTA0IDAKdiAtMjQ2NCAtMTUwNCAwCnYgLTI0OTYgLTE1MDQgMAp2IC0yNTI4IC0xNTA0IDAKdiAtMjU2MCAtMTUwNCAwCnYgLTI1OTIgLTE1MDQgMAp2IC0yNjI0IC0xNTA0IDAKdiAtMjY1NiAtMTUwNCAwCnYgLTI2ODggLTE1MDQgMAp2IC0yNzIwIC0xNTA0IDAKdiAtMjc1MiAtMTUwNCAwCnYgLTI3ODQgLTE1MDQgMAp2IC0yODE2IC0xNTA0IDAKdiAtMjg0OCAtMTUwNCAwCnYgLTI4ODAgLTE1MDQgMAp2IC0yOTEyIC0xNTA0IDAKdiAtMjk0NCAtMTUwNCAwCnYgLTI5NzYgLTE1MDQgMAp2IC0zMDA4IC0xNTA0IDAKdiAtMzA0MCAtMTUwNCAwCnYgLTMwNzIgLTE1MDQgMAp2IC0zMTA0IC0xNTA0IDAKdiAtMzEzNiAtMTUwNCAwCnYgLTMxNjggLTE1MDQgMAp2IC0zMjAwIC0xNTA0IDAKdiAwIC0xNTM2IDAKdiAtMzIgLTE1MzYgMAp2IC02NCAtMTUzNiAwCnYgLTk2IC0xNTM2IDAKdiAtMTI4IC0xNTM2IDAKdiAtMTYwIC0xNTM2IDAKdiAtMTkyIC0xNTM2IDAKdiAtMjI0IC0xNTM2IDAKdiAtMjU2IC0xNTM2IDAKdiAtMjg4IC0xNTM2IDAKdiAtMzIwIC0xNTM2IDAKdiAtMzUyIC0xNTM2IDAKdiAtMzg0IC0xNTM2IDAKdiAtNDE2IC0xNTM2IDAKdiAtNDQ4IC0xNTM2IDAKdiAtNDgwIC0xNTM2IDAKdiAtNTEyIC0xNTM2IDAKdiAtNTQ0IC0xNTM2IDAKdiAtNTc2IC0xNTM2IDAKdiAtNjA4IC0xNTM2IDAKdiAtNjQwIC0xNTM2IDAKdiAtNjcyIC0xNTM2IDAKdiAtNzA0IC0xNTM2IDAKdiAtNzM2IC0xNTM2IDAKdiAtNzY4IC0xNTM2IDAKdiAtODAwIC0xNTM2IDAKdiAtODMyIC0xNTM2IDAKdiAtODY0IC0xNTM2IDAKdiAtODk2IC0xNTM2IDAKdiAtOTI4IC0xNTM2IDAKdiAtOTYwIC0xNTM2IDAKdiAtOTkyIC0xNTM2IDAKdiAtMTAyNCAtMTUzNiAwCnYgLTEwNTYgLTE1MzYgMAp2IC0xMDg4IC0xNTM2IDAKdiAtMTEyMCAtMTUzNiAwCnYgLTExNTIgLTE1MzYgMAp2IC0xMTg0IC0xNTM2IDAKdiAtMTIxNiAtMTUzNiAwCnYgLTEyNDggLTE1MzYgMAp2IC0xMjgwIC0xNTM2IDAKdiAtMTMxMiAtMTUzNiAwCnYgLTEzNDQgLTE1MzYgMAp2IC0xMzc2IC0xNTM2IDAKdiAtMTQwOCAtMTUzNiAwCnYgLTE0NDAgLTE1MzYgMAp2IC0xNDcyIC0xNTM2IDAKdiAtMTUwNCAtMTUzNiAwCnYgLTE1MzYgLTE1MzYgMAp2IC0xNTY4IC0xNTM2IDAKdiAtMTYwMCAtMTUzNiAwCnYgLTE2MzIgLTE1MzYgMAp2IC0xNjY0IC0xNTM2IDAKdiAtMTY5NiAtMTUzNiAwCnYgLTE3MjggLTE1MzYgMAp2IC0xNzYwIC0xNTM2IDAKdiAtMTc5MiAtMTUzNiAwCnYgLTE4MjQgLTE1MzYgMAp2IC0xODU2IC0xNTM2IDAKdiAtMTg4OCAtMTUzNiAwCnYgLTE5MjAgLTE1MzYgMAp2IC0xOTUyIC0xNTM2IDAKdiAtMTk4NCAtMTUzNiAwCnYgLTIwMTYgLTE1MzYgMAp2IC0yMDQ4IC0xNTM2IDAKdiAtMjA4MCAtMTUzNiAwCnYgLTIxMTIgLTE1MzYgMAp2IC0yMTQ0IC0xNTM2IDAKdiAtMjE3NiAtMTUzNiAwCnYgLTIyMDggLTE1MzYgMAp2IC0yMjQwIC0xNTM2IDAKdiAtMjI3MiAtMTUzNiAwCnYgLTIzMDQgLTE1MzYgMAp2IC0yMzM2IC0xNTM2IDAKdiAtMjM2OCAtMTUzNiAwCnYgLTI0MDAgLTE1MzYgMAp2IC0yNDMyIC0xNTM2IDAKdiAtMjQ2NCAtMTUzNiAwCnYgLTI0OTYgLTE1MzYgMAp2IC0yNTI4IC0xNTM2IDAKdiAtMjU2MCAtMTUzNiAwCnYgLTI1OTIgLTE1MzYgMAp2IC0yNjI0IC0xNTM2IDAKdiAtMjY1NiAtMTUzNiAwCnYgLTI2ODggLTE1MzYgMAp2IC0yNzIwIC0xNTM2IDAKdiAtMjc1MiAtMTUzNiAwCnYgLTI3ODQgLTE1MzYgMAp2IC0yODE2IC0xNTM2IDAKdiAtMjg0OCAtMTUzNiAwCnYgLTI4ODAgLTE1MzYgMAp2IC0yOTEyIC0xNTM2IDAKdiAtMjk0NCAtMTUzNiAwCnYgLTI5NzYgLTE1MzYgMAp2IC0zMDA4IC0xNTM2IDAKdiAtMzA0MCAtMTUzNiAwCnYgLTMwNzIgLTE1MzYgMAp2IC0zMTA0IC0xNTM2IDAKdiAtMzEzNiAtMTUzNiAwCnYgLTMxNjggLTE1MzYgMAp2IC0zMjAwIC0xNTM2IDAKdiAwIC0xNTY4IDAKdiAtMzIgLTE1NjggMAp2IC02NCAtMTU2OCAwCnYgLTk2IC0xNTY4IDAKdiAtMTI4IC0xNTY4IDAKdiAtMTYwIC0xNTY4IDAKdiAtMTkyIC0xNTY4IDAKdiAtMjI0IC0xNTY4IDAKdiAtMjU2IC0xNTY4IDAKdiAtMjg4IC0xNTY4IDAKdiAtMzIwIC0xNTY4IDAKdiAtMzUyIC0xNTY4IDAKdiAtMzg0IC0xNTY4IDAKdiAtNDE2IC0xNTY4IDAKdiAtNDQ4IC0xNTY4IDAKdiAtNDgwIC0xNTY4IDAKdiAtNTEyIC0xNTY4IDAKdiAtNTQ0IC0xNTY4IDAKdiAtNTc2IC0xNTY4IDAKdiAtNjA4IC0xNTY4IDAKdiAtNjQwIC0xNTY4IDAKdiAtNjcyIC0xNTY4IDAKdiAtNzA0IC0xNTY4IDAKdiAtNzM2IC0xNTY4IDAKdiAtNzY4IC0xNTY4IDAKdiAtODAwIC0xNTY4IDAKdiAtODMyIC0xNTY4IDAKdiAtODY0IC0xNTY4IDAKdiAtODk2IC0xNTY4IDAKdiAtOTI4IC0xNTY4IDAKdiAtOTYwIC0xNTY4IDAKdiAtOTkyIC0xNTY4IDAKdiAtMTAyNCAtMTU2OCAwCnYgLTEwNTYgLTE1NjggMAp2IC0xMDg4IC0xNTY4IDAKdiAtMTEyMCAtMTU2OCAwCnYgLTExNTIgLTE1NjggMAp2IC0xMTg0IC0xNTY4IDAKdiAtMTIxNiAtMTU2OCAwCnYgLTEyNDggLTE1NjggMAp2IC0xMjgwIC0xNTY4IDAKdiAtMTMxMiAtMTU2OCAwCnYgLTEzNDQgLTE1NjggMAp2IC0xMzc2IC0xNTY4IDAKdiAtMTQwOCAtMTU2OCAwCnYgLTE0NDAgLTE1NjggMAp2IC0xNDcyIC0xNTY4IDAKdiAtMTUwNCAtMTU2OCAwCnYgLTE1MzYgLTE1NjggMAp2IC0xNTY4IC0xNTY4IDAKdiAtMTYwMCAtMTU2OCAwCnYgLTE2MzIgLTE1NjggMAp2IC0xNjY0IC0xNTY4IDAKdiAtMTY5NiAtMTU2OCAwCnYgLTE3MjggLTE1NjggMAp2IC0xNzYwIC0xNTY4IDAKdiAtMTc5MiAtMTU2OCAwCnYgLTE4MjQgLTE1NjggMAp2IC0xODU2IC0xNTY4IDAKdiAtMTg4OCAtMTU2OCAwCnYgLTE5MjAgLTE1NjggMAp2IC0xOTUyIC0xNTY4IDAKdiAtMTk4NCAtMTU2OCAwCnYgLTIwMTYgLTE1NjggMAp2IC0yMDQ4IC0xNTY4IDAKdiAtMjA4MCAtMTU2OCAwCnYgLTIxMTIgLTE1NjggMAp2IC0yMTQ0IC0xNTY4IDAKdiAtMjE3NiAtMTU2OCAwCnYgLTIyMDggLTE1NjggMAp2IC0yMjQwIC0xNTY4IDAKdiAtMjI3MiAtMTU2OCAwCnYgLTIzMDQgLTE1NjggMAp2IC0yMzM2IC0xNTY4IDAKdiAtMjM2OCAtMTU2OCAwCnYgLTI0MDAgLTE1NjggMAp2IC0yNDMyIC0xNTY4IDAKdiAtMjQ2NCAtMTU2OCAwCnYgLTI0OTYgLTE1NjggMAp2IC0yNTI4IC0xNTY4IDAKdiAtMjU2MCAtMTU2OCAwCnYgLTI1OTIgLTE1NjggMAp2IC0yNjI0IC0xNTY4IDAKdiAtMjY1NiAtMTU2OCAwCnYgLTI2ODggLTE1NjggMAp2IC0yNzIwIC0xNTY4IDAKdiAtMjc1MiAtMTU2OCAwCnYgLTI3ODQgLTE1NjggMAp2IC0yODE2IC0xNTY4IDAKdiAtMjg0OCAtMTU2OCAwCnYgLTI4ODAgLTE1NjggMAp2IC0yOTEyIC0xNTY4IDAKdiAtMjk0NCAtMTU2OCAwCnYgLTI5NzYgLTE1NjggMAp2IC0zMDA4IC0xNTY4IDAKdiAtMzA0MCAtMTU2OCAwCnYgLTMwNzIgLTE1NjggMAp2IC0zMTA0IC0xNTY4IDAKdiAtMzEzNiAtMTU2OCAwCnYgLTMxNjggLTE1NjggMAp2IC0zMjAwIC0xNTY4IDAKdiAwIC0xNjAwIDAKdiAtMzIgLTE2MDAgMAp2IC02NCAtMTYwMCAwCnYgLTk2IC0xNjAwIDAKdiAtMTI4IC0xNjAwIDAKdiAtMTYwIC0xNjAwIDAKdiAtMTkyIC0xNjAwIDAKdiAtMjI0IC0xNjAwIDAKdiAtMjU2IC0xNjAwIDAKdiAtMjg4IC0xNjAwIDAKdiAtMzIwIC0xNjAwIDAKdiAtMzUyIC0xNjAwIDAKdiAtMzg0IC0xNjAwIDAKdiAtNDE2IC0xNjAwIDAKdiAtNDQ4IC0xNjAwIDAKdiAtNDgwIC0xNjAwIDAKdiAtNTEyIC0xNjAwIDAKdiAtNTQ0IC0xNjAwIDAKdiAtNTc2IC0xNjAwIDAKdiAtNjA4IC0xNjAwIDAKdiAtNjQwIC0xNjAwIDAKdiAtNjcyIC0xNjAwIDAKdiAtNzA0IC0xNjAwIDAKdiAtNzM2IC0xNjAwIDAKdiAtNzY4IC0xNjAwIDAKdiAtODAwIC0xNjAwIDAKdiAtODMyIC0xNjAwIDAKdiAtODY0IC0xNjAwIDAKdiAtODk2IC0xNjAwIDAKdiAtOTI4IC0xNjAwIDAKdiAtOTYwIC0xNjAwIDAKdiAtOTkyIC0xNjAwIDAKdiAtMTAyNCAtMTYwMCAwCnYgLTEwNTYgLTE2MDAgMAp2IC0xMDg4IC0xNjAwIDAKdiAtMTEyMCAtMTYwMCAwCnYgLTExNTIgLTE2MDAgMAp2IC0xMTg0IC0xNjAwIDAKdiAtMTIxNiAtMTYwMCAwCnYgLTEyNDggLTE2MDAgMAp2IC0xMjgwIC0xNjAwIDAKdiAtMTMxMiAtMTYwMCAwCnYgLTEzNDQgLTE2MDAgMAp2IC0xMzc2IC0xNjAwIDAKdiAtMTQwOCAtMTYwMCAwCnYgLTE0NDAgLTE2MDAgMAp2IC0xNDcyIC0xNjAwIDAKdiAtMTUwNCAtMTYwMCAwCnYgLTE1MzYgLTE2MDAgMAp2IC0xNTY4IC0xNjAwIDAKdiAtMTYwMCAtMTYwMCAwCnYgLTE2MzIgLTE2MDAgMAp2IC0xNjY0IC0xNjAwIDAKdiAtMTY5NiAtMTYwMCAwCnYgLTE3MjggLTE2MDAgMAp2IC0xNzYwIC0xNjAwIDAKdiAtMTc5MiAtMTYwMCAwCnYgLTE4MjQgLTE2MDAgMAp2IC0xODU2IC0xNjAwIDAKdiAtMTg4OCAtMTYwMCAwCnYgLTE5MjAgLTE2MDAgMAp2IC0xOTUyIC0xNjAwIDAKdiAtMTk4NCAtMTYwMCAwCnYgLTIwMTYgLTE2MDAgMAp2IC0yMDQ4IC0xNjAwIDAKdiAtMjA4MCAtMTYwMCAwCnYgLTIxMTIgLTE2MDAgMAp2IC0yMTQ0IC0xNjAwIDAKdiAtMjE3NiAtMTYwMCAwCnYgLTIyMDggLTE2MDAgMAp2IC0yMjQwIC0xNjAwIDAKdiAtMjI3MiAtMTYwMCAwCnYgLTIzMDQgLTE2MDAgMAp2IC0yMzM2IC0xNjAwIDAKdiAtMjM2OCAtMTYwMCAwCnYgLTI0MDAgLTE2MDAgMAp2IC0yNDMyIC0xNjAwIDAKdiAtMjQ2NCAtMTYwMCAwCnYgLTI0OTYgLTE2MDAgMAp2IC0yNTI4IC0xNjAwIDAKdiAtMjU2MCAtMTYwMCAwCnYgLTI1OTIgLTE2MDAgMAp2IC0yNjI0IC0xNjAwIDAKdiAtMjY1NiAtMTYwMCAwCnYgLTI2ODggLTE2MDAgMAp2IC0yNzIwIC0xNjAwIDAKdiAtMjc1MiAtMTYwMCAwCnYgLTI3ODQgLTE2MDAgMAp2IC0yODE2IC0xNjAwIDAKdiAtMjg0OCAtMTYwMCAwCnYgLTI4ODAgLTE2MDAgMAp2IC0yOTEyIC0xNjAwIDAKdiAtMjk0NCAtMTYwMCAwCnYgLTI5NzYgLTE2MDAgMAp2IC0zMDA4IC0xNjAwIDAKdiAtMzA0MCAtMTYwMCAwCnYgLTMwNzIgLTE2MDAgMAp2IC0zMTA0IC0xNjAwIDAKdiAtMzEzNiAtMTYwMCAwCnYgLTMxNjggLTE2MDAgMAp2IC0zMjAwIC0xNjAwIDAKdiAwIC0xNjMyIDAKdiAtMzIgLTE2MzIgMAp2IC02NCAtMTYzMiAwCnYgLTk2IC0xNjMyIDAKdiAtMTI4IC0xNjMyIDAKdiAtMTYwIC0xNjMyIDAKdiAtMTkyIC0xNjMyIDAKdiAtMjI0IC0xNjMyIDAKdiAtMjU2IC0xNjMyIDAKdiAtMjg4IC0xNjMyIDAKdiAtMzIwIC0xNjMyIDAKdiAtMzUyIC0xNjMyIDAKdiAtMzg0IC0xNjMyIDAKdiAtNDE2IC0xNjMyIDAKdiAtNDQ4IC0xNjMyIDAKdiAtNDgwIC0xNjMyIDAKdiAtNTEyIC0xNjMyIDAKdiAtNTQ0IC0xNjMyIDAKdiAtNTc2IC0xNjMyIDAKdiAtNjA4IC0xNjMyIDAKdiAtNjQwIC0xNjMyIDAKdiAtNjcyIC0xNjMyIDAKdiAtNzA0IC0xNjMyIDAKdiAtNzM2IC0xNjMyIDAKdiAtNzY4IC0xNjMyIDAKdiAtODAwIC0xNjMyIDAKdiAtODMyIC0xNjMyIDAKdiAtODY0IC0xNjMyIDAKdiAtODk2IC0xNjMyIDAKdiAtOTI4IC0xNjMyIDAKdiAtOTYwIC0xNjMyIDAKdiAtOTkyIC0xNjMyIDAKdiAtMTAyNCAtMTYzMiAwCnYgLTEwNTYgLTE2MzIgMAp2IC0xMDg4IC0xNjMyIDAKdiAtMTEyMCAtMTYzMiAwCnYgLTExNTIgLTE2MzIgMAp2IC0xMTg0IC0xNjMyIDAKdiAtMTIxNiAtMTYzMiAwCnYgLTEyNDggLTE2MzIgMAp2IC0xMjgwIC0xNjMyIDAKdiAtMTMxMiAtMTYzMiAwCnYgLTEzNDQgLTE2MzIgMAp2IC0xMzc2IC0xNjMyIDAKdiAtMTQwOCAtMTYzMiAwCnYgLTE0NDAgLTE2MzIgMAp2IC0xNDcyIC0xNjMyIDAKdiAtMTUwNCAtMTYzMiAwCnYgLTE1MzYgLTE2MzIgMAp2IC0xNTY4IC0xNjMyIDAKdiAtMTYwMCAtMTYzMiAwCnYgLTE2MzIgLTE2MzIgMAp2IC0xNjY0IC0xNjMyIDAKdiAtMTY5NiAtMTYzMiAwCnYgLTE3MjggLTE2MzIgMAp2IC0xNzYwIC0xNjMyIDAKdiAtMTc5MiAtMTYzMiAwCnYgLTE4MjQgLTE2MzIgMAp2IC0xODU2IC0xNjMyIDAKdiAtMTg4OCAtMTYzMiAwCnYgLTE5MjAgLTE2MzIgMAp2IC0xOTUyIC0xNjMyIDAKdiAtMTk4NCAtMTYzMiAwCnYgLTIwMTYgLTE2MzIgMAp2IC0yMDQ4IC0xNjMyIDAKdiAtMjA4MCAtMTYzMiAwCnYgLTIxMTIgLTE2MzIgMAp2IC0yMTQ0IC0xNjMyIDAKdiAtMjE3NiAtMTYzMiAwCnYgLTIyMDggLTE2MzIgMAp2IC0yMjQwIC0xNjMyIDAKdiAtMjI3MiAtMTYzMiAwCnYgLTIzMDQgLTE2MzIgMAp2IC0yMzM2IC0xNjMyIDAKdiAtMjM2OCAtMTYzMiAwCnYgLTI0MDAgLTE2MzIgMAp2IC0yNDMyIC0xNjMyIDAKdiAtMjQ2NCAtMTYzMiAwCnYgLTI0OTYgLTE2MzIgMAp2IC0yNTI4IC0xNjMyIDAKdiAtMjU2MCAtMTYzMiAwCnYgLTI1OTIgLTE2MzIgMAp2IC0yNjI0IC0xNjMyIDAKdiAtMjY1NiAtMTYzMiAwCnYgLTI2ODggLTE2MzIgMAp2IC0yNzIwIC0xNjMyIDAKdiAtMjc1MiAtMTYzMiAwCnYgLTI3ODQgLTE2MzIgMAp2IC0yODE2IC0xNjMyIDAKdiAtMjg0OCAtMTYzMiAwCnYgLTI4ODAgLTE2MzIgMAp2IC0yOTEyIC0xNjMyIDAKdiAtMjk0NCAtMTYzMiAwCnYgLTI5NzYgLTE2MzIgMAp2IC0zMDA4IC0xNjMyIDAKdiAtMzA0MCAtMTYzMiAwCnYgLTMwNzIgLTE2MzIgMAp2IC0zMTA0IC0xNjMyIDAKdiAtMzEzNiAtMTYzMiAwCnYgLTMxNjggLTE2MzIgMAp2IC0zMjAwIC0xNjMyIDAKdiAwIC0xNjY0IDAKdiAtMzIgLTE2NjQgMAp2IC02NCAtMTY2NCAwCnYgLTk2IC0xNjY0IDAKdiAtMTI4IC0xNjY0IDAKdiAtMTYwIC0xNjY0IDAKdiAtMTkyIC0xNjY0IDAKdiAtMjI0IC0xNjY0IDAKdiAtMjU2IC0xNjY0IDAKdiAtMjg4IC0xNjY0IDAKdiAtMzIwIC0xNjY0IDAKdiAtMzUyIC0xNjY0IDAKdiAtMzg0IC0xNjY0IDAKdiAtNDE2IC0xNjY0IDAKdiAtNDQ4IC0xNjY0IDAKdiAtNDgwIC0xNjY0IDAKdiAtNTEyIC0xNjY0IDAKdiAtNTQ0IC0xNjY0IDAKdiAtNTc2IC0xNjY0IDAKdiAtNjA4IC0xNjY0IDAKdiAtNjQwIC0xNjY0IDAKdiAtNjcyIC0xNjY0IDAKdiAtNzA0IC0xNjY0IDAKdiAtNzM2IC0xNjY0IDAKdiAtNzY4IC0xNjY0IDAKdiAtODAwIC0xNjY0IDAKdiAtODMyIC0xNjY0IDAKdiAtODY0IC0xNjY0IDAKdiAtODk2IC0xNjY0IDAKdiAtOTI4IC0xNjY0IDAKdiAtOTYwIC0xNjY0IDAKdiAtOTkyIC0xNjY0IDAKdiAtMTAyNCAtMTY2NCAwCnYgLTEwNTYgLTE2NjQgMAp2IC0xMDg4IC0xNjY0IDAKdiAtMTEyMCAtMTY2NCAwCnYgLTExNTIgLTE2NjQgMAp2IC0xMTg0IC0xNjY0IDAKdiAtMTIxNiAtMTY2NCAwCnYgLTEyNDggLTE2NjQgMAp2IC0xMjgwIC0xNjY0IDAKdiAtMTMxMiAtMTY2NCAwCnYgLTEzNDQgLTE2NjQgMAp2IC0xMzc2IC0xNjY0IDAKdiAtMTQwOCAtMTY2NCAwCnYgLTE0NDAgLTE2NjQgMAp2IC0xNDcyIC0xNjY0IDAKdiAtMTUwNCAtMTY2NCAwCnYgLTE1MzYgLTE2NjQgMAp2IC0xNTY4IC0xNjY0IDAKdiAtMTYwMCAtMTY2NCAwCnYgLTE2MzIgLTE2NjQgMAp2IC0xNjY0IC0xNjY0IDAKdiAtMTY5NiAtMTY2NCAwCnYgLTE3MjggLTE2NjQgMAp2IC0xNzYwIC0xNjY0IDAKdiAtMTc5MiAtMTY2NCAwCnYgLTE4MjQgLTE2NjQgMAp2IC0xODU2IC0xNjY0IDAKdiAtMTg4OCAtMTY2NCAwCnYgLTE5MjAgLTE2NjQgMAp2IC0xOTUyIC0xNjY0IDAKdiAtMTk4NCAtMTY2NCAwCnYgLTIwMTYgLTE2NjQgMAp2IC0yMDQ4IC0xNjY0IDAKdiAtMjA4MCAtMTY2NCAwCnYgLTIxMTIgLTE2NjQgMAp2IC0yMTQ0IC0xNjY0IDAKdiAtMjE3NiAtMTY2NCAwCnYgLTIyMDggLTE2NjQgMAp2IC0yMjQwIC0xNjY0IDAKdiAtMjI3MiAtMTY2NCAwCnYgLTIzMDQgLTE2NjQgMAp2IC0yMzM2IC0xNjY0IDAKdiAtMjM2OCAtMTY2NCAwCnYgLTI0MDAgLTE2NjQgMAp2IC0yNDMyIC0xNjY0IDAKdiAtMjQ2NCAtMTY2NCAwCnYgLTI0OTYgLTE2NjQgMAp2IC0yNTI4IC0xNjY0IDAKdiAtMjU2MCAtMTY2NCAwCnYgLTI1OTIgLTE2NjQgMAp2IC0yNjI0IC0xNjY0IDAKdiAtMjY1NiAtMTY2NCAwCnYgLTI2ODggLTE2NjQgMAp2IC0yNzIwIC0xNjY0IDAKdiAtMjc1MiAtMTY2NCAwCnYgLTI3ODQgLTE2NjQgMAp2IC0yODE2IC0xNjY0IDAKdiAtMjg0OCAtMTY2NCAwCnYgLTI4ODAgLTE2NjQgMAp2IC0yOTEyIC0xNjY0IDAKdiAtMjk0NCAtMTY2NCAwCnYgLTI5NzYgLTE2NjQgMAp2IC0zMDA4IC0xNjY0IDAKdiAtMzA0MCAtMTY2NCAwCnYgLTMwNzIgLTE2NjQgMAp2IC0zMTA0IC0xNjY0IDAKdiAtMzEzNiAtMTY2NCAwCnYgLTMxNjggLTE2NjQgMAp2IC0zMjAwIC0xNjY0IDAKdiAwIC0xNjk2IDAKdiAtMzIgLTE2OTYgMAp2IC02NCAtMTY5NiAwCnYgLTk2IC0xNjk2IDAKdiAtMTI4IC0xNjk2IDAKdiAtMTYwIC0xNjk2IDAKdiAtMTkyIC0xNjk2IDAKdiAtMjI0IC0xNjk2IDAKdiAtMjU2IC0xNjk2IDAKdiAtMjg4IC0xNjk2IDAKdiAtMzIwIC0xNjk2IDAKdiAtMzUyIC0xNjk2IDAKdiAtMzg0IC0xNjk2IDAKdiAtNDE2IC0xNjk2IDAKdiAtNDQ4IC0xNjk2IDAKdiAtNDgwIC0xNjk2IDAKdiAtNTEyIC0xNjk2IDAKdiAtNTQ0IC0xNjk2IDAKdiAtNTc2IC0xNjk2IDAKdiAtNjA4IC0xNjk2IDAKdiAtNjQwIC0xNjk2IDAKdiAtNjcyIC0xNjk2IDAKdiAtNzA0IC0xNjk2IDAKdiAtNzM2IC0xNjk2IDAKdiAtNzY4IC0xNjk2IDAKdiAtODAwIC0xNjk2IDAKdiAtODMyIC0xNjk2IDAKdiAtODY0IC0xNjk2IDAKdiAtODk2IC0xNjk2IDAKdiAtOTI4IC0xNjk2IDAKdiAtOTYwIC0xNjk2IDAKdiAtOTkyIC0xNjk2IDAKdiAtMTAyNCAtMTY5NiAwCnYgLTEwNTYgLTE2OTYgMAp2IC0xMDg4IC0xNjk2IDAKdiAtMTEyMCAtMTY5NiAwCnYgLTExNTIgLTE2OTYgMAp2IC0xMTg0IC0xNjk2IDAKdiAtMTIxNiAtMTY5NiAwCnYgLTEyNDggLTE2OTYgMAp2IC0xMjgwIC0xNjk2IDAKdiAtMTMxMiAtMTY5NiAwCnYgLTEzNDQgLTE2OTYgMAp2IC0xMzc2IC0xNjk2IDAKdiAtMTQwOCAtMTY5NiAwCnYgLTE0NDAgLTE2OTYgMAp2IC0xNDcyIC0xNjk2IDAKdiAtMTUwNCAtMTY5NiAwCnYgLTE1MzYgLTE2OTYgMAp2IC0xNTY4IC0xNjk2IDAKdiAtMTYwMCAtMTY5NiAwCnYgLTE2MzIgLTE2OTYgMAp2IC0xNjY0IC0xNjk2IDAKdiAtMTY5NiAtMTY5NiAwCnYgLTE3MjggLTE2OTYgMAp2IC0xNzYwIC0xNjk2IDAKdiAtMTc5MiAtMTY5NiAwCnYgLTE4MjQgLTE2OTYgMAp2IC0xODU2IC0xNjk2IDAKdiAtMTg4OCAtMTY5NiAwCnYgLTE5MjAgLTE2OTYgMAp2IC0xOTUyIC0xNjk2IDAKdiAtMTk4NCAtMTY5NiAwCnYgLTIwMTYgLTE2OTYgMAp2IC0yMDQ4IC0xNjk2IDAKdiAtMjA4MCAtMTY5NiAwCnYgLTIxMTIgLTE2OTYgMAp2IC0yMTQ0IC0xNjk2IDAKdiAtMjE3NiAtMTY5NiAwCnYgLTIyMDggLTE2OTYgMAp2IC0yMjQwIC0xNjk2IDAKdiAtMjI3MiAtMTY5NiAwCnYgLTIzMDQgLTE2OTYgMAp2IC0yMzM2IC0xNjk2IDAKdiAtMjM2OCAtMTY5NiAwCnYgLTI0MDAgLTE2OTYgMAp2IC0yNDMyIC0xNjk2IDAKdiAtMjQ2NCAtMTY5NiAwCnYgLTI0OTYgLTE2OTYgMAp2IC0yNTI4IC0xNjk2IDAKdiAtMjU2MCAtMTY5NiAwCnYgLTI1OTIgLTE2OTYgMAp2IC0yNjI0IC0xNjk2IDAKdiAtMjY1NiAtMTY5NiAwCnYgLTI2ODggLTE2OTYgMAp2IC0yNzIwIC0xNjk2IDAKdiAtMjc1MiAtMTY5NiAwCnYgLTI3ODQgLTE2OTYgMAp2IC0yODE2IC0xNjk2IDAKdiAtMjg0OCAtMTY5NiAwCnYgLTI4ODAgLTE2OTYgMAp2IC0yOTEyIC0xNjk2IDAKdiAtMjk0NCAtMTY5NiAwCnYgLTI5NzYgLTE2OTYgMAp2IC0zMDA4IC0xNjk2IDAKdiAtMzA0MCAtMTY5NiAwCnYgLTMwNzIgLTE2OTYgMAp2IC0zMTA0IC0xNjk2IDAKdiAtMzEzNiAtMTY5NiAwCnYgLTMxNjggLTE2OTYgMAp2IC0zMjAwIC0xNjk2IDAKdiAwIC0xNzI4IDAKdiAtMzIgLTE3MjggMAp2IC02NCAtMTcyOCAwCnYgLTk2IC0xNzI4IDAKdiAtMTI4IC0xNzI4IDAKdiAtMTYwIC0xNzI4IDAKdiAtMTkyIC0xNzI4IDAKdiAtMjI0IC0xNzI4IDAKdiAtMjU2IC0xNzI4IDAKdiAtMjg4IC0xNzI4IDAKdiAtMzIwIC0xNzI4IDAKdiAtMzUyIC0xNzI4IDAKdiAtMzg0IC0xNzI4IDAKdiAtNDE2IC0xNzI4IDAKdiAtNDQ4IC0xNzI4IDAKdiAtNDgwIC0xNzI4IDAKdiAtNTEyIC0xNzI4IDAKdiAtNTQ0IC0xNzI4IDAKdiAtNTc2IC0xNzI4IDAKdiAtNjA4IC0xNzI4IDAKdiAtNjQwIC0xNzI4IDAKdiAtNjcyIC0xNzI4IDAKdiAtNzA0IC0xNzI4IDAKdiAtNzM2IC0xNzI4IDAKdiAtNzY4IC0xNzI4IDAKdiAtODAwIC0xNzI4IDAKdiAtODMyIC0xNzI4IDAKdiAtODY0IC0xNzI4IDAKdiAtODk2IC0xNzI4IDAKdiAtOTI4IC0xNzI4IDAKdiAtOTYwIC0xNzI4IDAKdiAtOTkyIC0xNzI4IDAKdiAtMTAyNCAtMTcyOCAwCnYgLTEwNTYgLTE3MjggMAp2IC0xMDg4IC0xNzI4IDAKdiAtMTEyMCAtMTcyOCAwCnYgLTExNTIgLTE3MjggMAp2IC0xMTg0IC0xNzI4IDAKdiAtMTIxNiAtMTcyOCAwCnYgLTEyNDggLTE3MjggMAp2IC0xMjgwIC0xNzI4IDAKdiAtMTMxMiAtMTcyOCAwCnYgLTEzNDQgLTE3MjggMAp2IC0xMzc2IC0xNzI4IDAKdiAtMTQwOCAtMTcyOCAwCnYgLTE0NDAgLTE3MjggMAp2IC0xNDcyIC0xNzI4IDAKdiAtMTUwNCAtMTcyOCAwCnYgLTE1MzYgLTE3MjggMAp2IC0xNTY4IC0xNzI4IDAKdiAtMTYwMCAtMTcyOCAwCnYgLTE2MzIgLTE3MjggMAp2IC0xNjY0IC0xNzI4IDAKdiAtMTY5NiAtMTcyOCAwCnYgLTE3MjggLTE3MjggMAp2IC0xNzYwIC0xNzI4IDAKdiAtMTc5MiAtMTcyOCAwCnYgLTE4MjQgLTE3MjggMAp2IC0xODU2IC0xNzI4IDAKdiAtMTg4OCAtMTcyOCAwCnYgLTE5MjAgLTE3MjggMAp2IC0xOTUyIC0xNzI4IDAKdiAtMTk4NCAtMTcyOCAwCnYgLTIwMTYgLTE3MjggMAp2IC0yMDQ4IC0xNzI4IDAKdiAtMjA4MCAtMTcyOCAwCnYgLTIxMTIgLTE3MjggMAp2IC0yMTQ0IC0xNzI4IDAKdiAtMjE3NiAtMTcyOCAwCnYgLTIyMDggLTE3MjggMAp2IC0yMjQwIC0xNzI4IDAKdiAtMjI3MiAtMTcyOCAwCnYgLTIzMDQgLTE3MjggMAp2IC0yMzM2IC0xNzI4IDAKdiAtMjM2OCAtMTcyOCAwCnYgLTI0MDAgLTE3MjggMAp2IC0yNDMyIC0xNzI4IDAKdiAtMjQ2NCAtMTcyOCAwCnYgLTI0OTYgLTE3MjggMAp2IC0yNTI4IC0xNzI4IDAKdiAtMjU2MCAtMTcyOCAwCnYgLTI1OTIgLTE3MjggMAp2IC0yNjI0IC0xNzI4IDAKdiAtMjY1NiAtMTcyOCAwCnYgLTI2ODggLTE3MjggMAp2IC0yNzIwIC0xNzI4IDAKdiAtMjc1MiAtMTcyOCAwCnYgLTI3ODQgLTE3MjggMAp2IC0yODE2IC0xNzI4IDAKdiAtMjg0OCAtMTcyOCAwCnYgLTI4ODAgLTE3MjggMAp2IC0yOTEyIC0xNzI4IDAKdiAtMjk0NCAtMTcyOCAwCnYgLTI5NzYgLTE3MjggMAp2IC0zMDA4IC0xNzI4IDAKdiAtMzA0MCAtMTcyOCAwCnYgLTMwNzIgLTE3MjggMAp2IC0zMTA0IC0xNzI4IDAKdiAtMzEzNiAtMTcyOCAwCnYgLTMxNjggLTE3MjggMAp2IC0zMjAwIC0xNzI4IDAKdiAwIC0xNzYwIDAKdiAtMzIgLTE3NjAgMAp2IC02NCAtMTc2MCAwCnYgLTk2IC0xNzYwIDAKdiAtMTI4IC0xNzYwIDAKdiAtMTYwIC0xNzYwIDAKdiAtMTkyIC0xNzYwIDAKdiAtMjI0IC0xNzYwIDAKdiAtMjU2IC0xNzYwIDAKdiAtMjg4IC0xNzYwIDAKdiAtMzIwIC0xNzYwIDAKdiAtMzUyIC0xNzYwIDAKdiAtMzg0IC0xNzYwIDAKdiAtNDE2IC0xNzYwIDAKdiAtNDQ4IC0xNzYwIDAKdiAtNDgwIC0xNzYwIDAKdiAtNTEyIC0xNzYwIDAKdiAtNTQ0IC0xNzYwIDAKdiAtNTc2IC0xNzYwIDAKdiAtNjA4IC0xNzYwIDAKdiAtNjQwIC0xNzYwIDAKdiAtNjcyIC0xNzYwIDAKdiAtNzA0IC0xNzYwIDAKdiAtNzM2IC0xNzYwIDAKdiAtNzY4IC0xNzYwIDAKdiAtODAwIC0xNzYwIDAKdiAtODMyIC0xNzYwIDAKdiAtODY0IC0xNzYwIDAKdiAtODk2IC0xNzYwIDAKdiAtOTI4IC0xNzYwIDAKdiAtOTYwIC0xNzYwIDAKdiAtOTkyIC0xNzYwIDAKdiAtMTAyNCAtMTc2MCAwCnYgLTEwNTYgLTE3NjAgMAp2IC0xMDg4IC0xNzYwIDAKdiAtMTEyMCAtMTc2MCAwCnYgLTExNTIgLTE3NjAgMAp2IC0xMTg0IC0xNzYwIDAKdiAtMTIxNiAtMTc2MCAwCnYgLTEyNDggLTE3NjAgMAp2IC0xMjgwIC0xNzYwIDAKdiAtMTMxMiAtMTc2MCAwCnYgLTEzNDQgLTE3NjAgMAp2IC0xMzc2IC0xNzYwIDAKdiAtMTQwOCAtMTc2MCAwCnYgLTE0NDAgLTE3NjAgMAp2IC0xNDcyIC0xNzYwIDAKdiAtMTUwNCAtMTc2MCAwCnYgLTE1MzYgLTE3NjAgMAp2IC0xNTY4IC0xNzYwIDAKdiAtMTYwMCAtMTc2MCAwCnYgLTE2MzIgLTE3NjAgMAp2IC0xNjY0IC0xNzYwIDAKdiAtMTY5NiAtMTc2MCAwCnYgLTE3MjggLTE3NjAgMAp2IC0xNzYwIC0xNzYwIDAKdiAtMTc5MiAtMTc2MCAwCnYgLTE4MjQgLTE3NjAgMAp2IC0xODU2IC0xNzYwIDAKdiAtMTg4OCAtMTc2MCAwCnYgLTE5MjAgLTE3NjAgMAp2IC0xOTUyIC0xNzYwIDAKdiAtMTk4NCAtMTc2MCAwCnYgLTIwMTYgLTE3NjAgMAp2IC0yMDQ4IC0xNzYwIDAKdiAtMjA4MCAtMTc2MCAwCnYgLTIxMTIgLTE3NjAgMAp2IC0yMTQ0IC0xNzYwIDAKdiAtMjE3NiAtMTc2MCAwCnYgLTIyMDggLTE3NjAgMAp2IC0yMjQwIC0xNzYwIDAKdiAtMjI3MiAtMTc2MCAwCnYgLTIzMDQgLTE3NjAgMAp2IC0yMzM2IC0xNzYwIDAKdiAtMjM2OCAtMTc2MCAwCnYgLTI0MDAgLTE3NjAgMAp2IC0yNDMyIC0xNzYwIDAKdiAtMjQ2NCAtMTc2MCAwCnYgLTI0OTYgLTE3NjAgMAp2IC0yNTI4IC0xNzYwIDAKdiAtMjU2MCAtMTc2MCAwCnYgLTI1OTIgLTE3NjAgMAp2IC0yNjI0IC0xNzYwIDAKdiAtMjY1NiAtMTc2MCAwCnYgLTI2ODggLTE3NjAgMAp2IC0yNzIwIC0xNzYwIDAKdiAtMjc1MiAtMTc2MCAwCnYgLTI3ODQgLTE3NjAgMAp2IC0yODE2IC0xNzYwIDAKdiAtMjg0OCAtMTc2MCAwCnYgLTI4ODAgLTE3NjAgMAp2IC0yOTEyIC0xNzYwIDAKdiAtMjk0NCAtMTc2MCAwCnYgLTI5NzYgLTE3NjAgMAp2IC0zMDA4IC0xNzYwIDAKdiAtMzA0MCAtMTc2MCAwCnYgLTMwNzIgLTE3NjAgMAp2IC0zMTA0IC0xNzYwIDAKdiAtMzEzNiAtMTc2MCAwCnYgLTMxNjggLTE3NjAgMAp2IC0zMjAwIC0xNzYwIDAKdiAwIC0xNzkyIDAKdiAtMzIgLTE3OTIgMAp2IC02NCAtMTc5MiAwCnYgLTk2IC0xNzkyIDAKdiAtMTI4IC0xNzkyIDAKdiAtMTYwIC0xNzkyIDAKdiAtMTkyIC0xNzkyIDAKdiAtMjI0IC0xNzkyIDAKdiAtMjU2IC0xNzkyIDAKdiAtMjg4IC0xNzkyIDAKdiAtMzIwIC0xNzkyIDAKdiAtMzUyIC0xNzkyIDAKdiAtMzg0IC0xNzkyIDAKdiAtNDE2IC0xNzkyIDAKdiAtNDQ4IC0xNzkyIDAKdiAtNDgwIC0xNzkyIDAKdiAtNTEyIC0xNzkyIDAKdiAtNTQ0IC0xNzkyIDAKdiAtNTc2IC0xNzkyIDAKdiAtNjA4IC0xNzkyIDAKdiAtNjQwIC0xNzkyIDAKdiAtNjcyIC0xNzkyIDAKdiAtNzA0IC0xNzkyIDAKdiAtNzM2IC0xNzkyIDAKdiAtNzY4IC0xNzkyIDAKdiAtODAwIC0xNzkyIDAKdiAtODMyIC0xNzkyIDAKdiAtODY0IC0xNzkyIDAKdiAtODk2IC0xNzkyIDAKdiAtOTI4IC0xNzkyIDAKdiAtOTYwIC0xNzkyIDAKdiAtOTkyIC0xNzkyIDAKdiAtMTAyNCAtMTc5MiAwCnYgLTEwNTYgLTE3OTIgMAp2IC0xMDg4IC0xNzkyIDAKdiAtMTEyMCAtMTc5MiAwCnYgLTExNTIgLTE3OTIgMAp2IC0xMTg0IC0xNzkyIDAKdiAtMTIxNiAtMTc5MiAwCnYgLTEyNDggLTE3OTIgMAp2IC0xMjgwIC0xNzkyIDAKdiAtMTMxMiAtMTc5MiAwCnYgLTEzNDQgLTE3OTIgMAp2IC0xMzc2IC0xNzkyIDAKdiAtMTQwOCAtMTc5MiAwCnYgLTE0NDAgLTE3OTIgMAp2IC0xNDcyIC0xNzkyIDAKdiAtMTUwNCAtMTc5MiAwCnYgLTE1MzYgLTE3OTIgMAp2IC0xNTY4IC0xNzkyIDAKdiAtMTYwMCAtMTc5MiAwCnYgLTE2MzIgLTE3OTIgMAp2IC0xNjY0IC0xNzkyIDAKdiAtMTY5NiAtMTc5MiAwCnYgLTE3MjggLTE3OTIgMAp2IC0xNzYwIC0xNzkyIDAKdiAtMTc5MiAtMTc5MiAwCnYgLTE4MjQgLTE3OTIgMAp2IC0xODU2IC0xNzkyIDAKdiAtMTg4OCAtMTc5MiAwCnYgLTE5MjAgLTE3OTIgMAp2IC0xOTUyIC0xNzkyIDAKdiAtMTk4NCAtMTc5MiAwCnYgLTIwMTYgLTE3OTIgMAp2IC0yMDQ4IC0xNzkyIDAKdiAtMjA4MCAtMTc5MiAwCnYgLTIxMTIgLTE3OTIgMAp2IC0yMTQ0IC0xNzkyIDAKdiAtMjE3NiAtMTc5MiAwCnYgLTIyMDggLTE3OTIgMAp2IC0yMjQwIC0xNzkyIDAKdiAtMjI3MiAtMTc5MiAwCnYgLTIzMDQgLTE3OTIgMAp2IC0yMzM2IC0xNzkyIDAKdiAtMjM2OCAtMTc5MiAwCnYgLTI0MDAgLTE3OTIgMAp2IC0yNDMyIC0xNzkyIDAKdiAtMjQ2NCAtMTc5MiAwCnYgLTI0OTYgLTE3OTIgMAp2IC0yNTI4IC0xNzkyIDAKdiAtMjU2MCAtMTc5MiAwCnYgLTI1OTIgLTE3OTIgMAp2IC0yNjI0IC0xNzkyIDAKdiAtMjY1NiAtMTc5MiAwCnYgLTI2ODggLTE3OTIgMAp2IC0yNzIwIC0xNzkyIDAKdiAtMjc1MiAtMTc5MiAwCnYgLTI3ODQgLTE3OTIgMAp2IC0yODE2IC0xNzkyIDAKdiAtMjg0OCAtMTc5MiAwCnYgLTI4ODAgLTE3OTIgMAp2IC0yOTEyIC0xNzkyIDAKdiAtMjk0NCAtMTc5MiAwCnYgLTI5NzYgLTE3OTIgMAp2IC0zMDA4IC0xNzkyIDAKdiAtMzA0MCAtMTc5MiAwCnYgLTMwNzIgLTE3OTIgMAp2IC0zMTA0IC0xNzkyIDAKdiAtMzEzNiAtMTc5MiAwCnYgLTMxNjggLTE3OTIgMAp2IC0zMjAwIC0xNzkyIDAKdiAwIC0xODI0IDAKdiAtMzIgLTE4MjQgMAp2IC02NCAtMTgyNCAwCnYgLTk2IC0xODI0IDAKdiAtMTI4IC0xODI0IDAKdiAtMTYwIC0xODI0IDAKdiAtMTkyIC0xODI0IDAKdiAtMjI0IC0xODI0IDAKdiAtMjU2IC0xODI0IDAKdiAtMjg4IC0xODI0IDAKdiAtMzIwIC0xODI0IDAKdiAtMzUyIC0xODI0IDAKdiAtMzg0IC0xODI0IDAKdiAtNDE2IC0xODI0IDAKdiAtNDQ4IC0xODI0IDAKdiAtNDgwIC0xODI0IDAKdiAtNTEyIC0xODI0IDAKdiAtNTQ0IC0xODI0IDAKdiAtNTc2IC0xODI0IDAKdiAtNjA4IC0xODI0IDAKdiAtNjQwIC0xODI0IDAKdiAtNjcyIC0xODI0IDAKdiAtNzA0IC0xODI0IDAKdiAtNzM2IC0xODI0IDAKdiAtNzY4IC0xODI0IDAKdiAtODAwIC0xODI0IDAKdiAtODMyIC0xODI0IDAKdiAtODY0IC0xODI0IDAKdiAtODk2IC0xODI0IDAKdiAtOTI4IC0xODI0IDAKdiAtOTYwIC0xODI0IDAKdiAtOTkyIC0xODI0IDAKdiAtMTAyNCAtMTgyNCAwCnYgLTEwNTYgLTE4MjQgMAp2IC0xMDg4IC0xODI0IDAKdiAtMTEyMCAtMTgyNCAwCnYgLTExNTIgLTE4MjQgMAp2IC0xMTg0IC0xODI0IDAKdiAtMTIxNiAtMTgyNCAwCnYgLTEyNDggLTE4MjQgMAp2IC0xMjgwIC0xODI0IDAKdiAtMTMxMiAtMTgyNCAwCnYgLTEzNDQgLTE4MjQgMAp2IC0xMzc2IC0xODI0IDAKdiAtMTQwOCAtMTgyNCAwCnYgLTE0NDAgLTE4MjQgMAp2IC0xNDcyIC0xODI0IDAKdiAtMTUwNCAtMTgyNCAwCnYgLTE1MzYgLTE4MjQgMAp2IC0xNTY4IC0xODI0IDAKdiAtMTYwMCAtMTgyNCAwCnYgLTE2MzIgLTE4MjQgMAp2IC0xNjY0IC0xODI0IDAKdiAtMTY5NiAtMTgyNCAwCnYgLTE3MjggLTE4MjQgMAp2IC0xNzYwIC0xODI0IDAKdiAtMTc5MiAtMTgyNCAwCnYgLTE4MjQgLTE4MjQgMAp2IC0xODU2IC0xODI0IDAKdiAtMTg4OCAtMTgyNCAwCnYgLTE5MjAgLTE4MjQgMAp2IC0xOTUyIC0xODI0IDAKdiAtMTk4NCAtMTgyNCAwCnYgLTIwMTYgLTE4MjQgMAp2IC0yMDQ4IC0xODI0IDAKdiAtMjA4MCAtMTgyNCAwCnYgLTIxMTIgLTE4MjQgMAp2IC0yMTQ0IC0xODI0IDAKdiAtMjE3NiAtMTgyNCAwCnYgLTIyMDggLTE4MjQgMAp2IC0yMjQwIC0xODI0IDAKdiAtMjI3MiAtMTgyNCAwCnYgLTIzMDQgLTE4MjQgMAp2IC0yMzM2IC0xODI0IDAKdiAtMjM2OCAtMTgyNCAwCnYgLTI0MDAgLTE4MjQgMAp2IC0yNDMyIC0xODI0IDAKdiAtMjQ2NCAtMTgyNCAwCnYgLTI0OTYgLTE4MjQgMAp2IC0yNTI4IC0xODI0IDAKdiAtMjU2MCAtMTgyNCAwCnYgLTI1OTIgLTE4MjQgMAp2IC0yNjI0IC0xODI0IDAKdiAtMjY1NiAtMTgyNCAwCnYgLTI2ODggLTE4MjQgMAp2IC0yNzIwIC0xODI0IDAKdiAtMjc1MiAtMTgyNCAwCnYgLTI3ODQgLTE4MjQgMAp2IC0yODE2IC0xODI0IDAKdiAtMjg0OCAtMTgyNCAwCnYgLTI4ODAgLTE4MjQgMAp2IC0yOTEyIC0xODI0IDAKdiAtMjk0NCAtMTgyNCAwCnYgLTI5NzYgLTE4MjQgMAp2IC0zMDA4IC0xODI0IDAKdiAtMzA0MCAtMTgyNCAwCnYgLTMwNzIgLTE4MjQgMAp2IC0zMTA0IC0xODI0IDAKdiAtMzEzNiAtMTgyNCAwCnYgLTMxNjggLTE4MjQgMAp2IC0zMjAwIC0xODI0IDAKdiAwIC0xODU2IDAKdiAtMzIgLTE4NTYgMAp2IC02NCAtMTg1NiAwCnYgLTk2IC0xODU2IDAKdiAtMTI4IC0xODU2IDAKdiAtMTYwIC0xODU2IDAKdiAtMTkyIC0xODU2IDAKdiAtMjI0IC0xODU2IDAKdiAtMjU2IC0xODU2IDAKdiAtMjg4IC0xODU2IDAKdiAtMzIwIC0xODU2IDAKdiAtMzUyIC0xODU2IDAKdiAtMzg0IC0xODU2IDAKdiAtNDE2IC0xODU2IDAKdiAtNDQ4IC0xODU2IDAKdiAtNDgwIC0xODU2IDAKdiAtNTEyIC0xODU2IDAKdiAtNTQ0IC0xODU2IDAKdiAtNTc2IC0xODU2IDAKdiAtNjA4IC0xODU2IDAKdiAtNjQwIC0xODU2IDAKdiAtNjcyIC0xODU2IDAKdiAtNzA0IC0xODU2IDAKdiAtNzM2IC0xODU2IDAKdiAtNzY4IC0xODU2IDAKdiAtODAwIC0xODU2IDAKdiAtODMyIC0xODU2IDAKdiAtODY0IC0xODU2IDAKdiAtODk2IC0xODU2IDAKdiAtOTI4IC0xODU2IDAKdiAtOTYwIC0xODU2IDAKdiAtOTkyIC0xODU2IDAKdiAtMTAyNCAtMTg1NiAwCnYgLTEwNTYgLTE4NTYgMAp2IC0xMDg4IC0xODU2IDAKdiAtMTEyMCAtMTg1NiAwCnYgLTExNTIgLTE4NTYgMAp2IC0xMTg0IC0xODU2IDAKdiAtMTIxNiAtMTg1NiAwCnYgLTEyNDggLTE4NTYgMAp2IC0xMjgwIC0xODU2IDAKdiAtMTMxMiAtMTg1NiAwCnYgLTEzNDQgLTE4NTYgMAp2IC0xMzc2IC0xODU2IDAKdiAtMTQwOCAtMTg1NiAwCnYgLTE0NDAgLTE4NTYgMAp2IC0xNDcyIC0xODU2IDAKdiAtMTUwNCAtMTg1NiAwCnYgLTE1MzYgLTE4NTYgMAp2IC0xNTY4IC0xODU2IDAKdiAtMTYwMCAtMTg1NiAwCnYgLTE2MzIgLTE4NTYgMAp2IC0xNjY0IC0xODU2IDAKdiAtMTY5NiAtMTg1NiAwCnYgLTE3MjggLTE4NTYgMAp2IC0xNzYwIC0xODU2IDAKdiAtMTc5MiAtMTg1NiAwCnYgLTE4MjQgLTE4NTYgMAp2IC0xODU2IC0xODU2IDAKdiAtMTg4OCAtMTg1NiAwCnYgLTE5MjAgLTE4NTYgMAp2IC0xOTUyIC0xODU2IDAKdiAtMTk4NCAtMTg1NiAwCnYgLTIwMTYgLTE4NTYgMAp2IC0yMDQ4IC0xODU2IDAKdiAtMjA4MCAtMTg1NiAwCnYgLTIxMTIgLTE4NTYgMAp2IC0yMTQ0IC0xODU2IDAKdiAtMjE3NiAtMTg1NiAwCnYgLTIyMDggLTE4NTYgMAp2IC0yMjQwIC0xODU2IDAKdiAtMjI3MiAtMTg1NiAwCnYgLTIzMDQgLTE4NTYgMAp2IC0yMzM2IC0xODU2IDAKdiAtMjM2OCAtMTg1NiAwCnYgLTI0MDAgLTE4NTYgMAp2IC0yNDMyIC0xODU2IDAKdiAtMjQ2NCAtMTg1NiAwCnYgLTI0OTYgLTE4NTYgMAp2IC0yNTI4IC0xODU2IDAKdiAtMjU2MCAtMTg1NiAwCnYgLTI1OTIgLTE4NTYgMAp2IC0yNjI0IC0xODU2IDAKdiAtMjY1NiAtMTg1NiAwCnYgLTI2ODggLTE4NTYgMAp2IC0yNzIwIC0xODU2IDAKdiAtMjc1MiAtMTg1NiAwCnYgLTI3ODQgLTE4NTYgMAp2IC0yODE2IC0xODU2IDAKdiAtMjg0OCAtMTg1NiAwCnYgLTI4ODAgLTE4NTYgMAp2IC0yOTEyIC0xODU2IDAKdiAtMjk0NCAtMTg1NiAwCnYgLTI5NzYgLTE4NTYgMAp2IC0zMDA4IC0xODU2IDAKdiAtMzA0MCAtMTg1NiAwCnYgLTMwNzIgLTE4NTYgMAp2IC0zMTA0IC0xODU2IDAKdiAtMzEzNiAtMTg1NiAwCnYgLTMxNjggLTE4NTYgMAp2IC0zMjAwIC0xODU2IDAKdiAwIC0xODg4IDAKdiAtMzIgLTE4ODggMAp2IC02NCAtMTg4OCAwCnYgLTk2IC0xODg4IDAKdiAtMTI4IC0xODg4IDAKdiAtMTYwIC0xODg4IDAKdiAtMTkyIC0xODg4IDAKdiAtMjI0IC0xODg4IDAKdiAtMjU2IC0xODg4IDAKdiAtMjg4IC0xODg4IDAKdiAtMzIwIC0xODg4IDAKdiAtMzUyIC0xODg4IDAKdiAtMzg0IC0xODg4IDAKdiAtNDE2IC0xODg4IDAKdiAtNDQ4IC0xODg4IDAKdiAtNDgwIC0xODg4IDAKdiAtNTEyIC0xODg4IDAKdiAtNTQ0IC0xODg4IDAKdiAtNTc2IC0xODg4IDAKdiAtNjA4IC0xODg4IDAKdiAtNjQwIC0xODg4IDAKdiAtNjcyIC0xODg4IDAKdiAtNzA0IC0xODg4IDAKdiAtNzM2IC0xODg4IDAKdiAtNzY4IC0xODg4IDAKdiAtODAwIC0xODg4IDAKdiAtODMyIC0xODg4IDAKdiAtODY0IC0xODg4IDAKdiAtODk2IC0xODg4IDAKdiAtOTI4IC0xODg4IDAKdiAtOTYwIC0xODg4IDAKdiAtOTkyIC0xODg4IDAKdiAtMTAyNCAtMTg4OCAwCnYgLTEwNTYgLTE4ODggMAp2IC0xMDg4IC0xODg4IDAKdiAtMTEyMCAtMTg4OCAwCnYgLTExNTIgLTE4ODggMAp2IC0xMTg0IC0xODg4IDAKdiAtMTIxNiAtMTg4OCAwCnYgLTEyNDggLTE4ODggMAp2IC0xMjgwIC0xODg4IDAKdiAtMTMxMiAtMTg4OCAwCnYgLTEzNDQgLTE4ODggMAp2IC0xMzc2IC0xODg4IDAKdiAtMTQwOCAtMTg4OCAwCnYgLTE0NDAgLTE4ODggMAp2IC0xNDcyIC0xODg4IDAKdiAtMTUwNCAtMTg4OCAwCnYgLTE1MzYgLTE4ODggMAp2IC0xNTY4IC0xODg4IDAKdiAtMTYwMCAtMTg4OCAwCnYgLTE2MzIgLTE4ODggMAp2IC0xNjY0IC0xODg4IDAKdiAtMTY5NiAtMTg4OCAwCnYgLTE3MjggLTE4ODggMAp2IC0xNzYwIC0xODg4IDAKdiAtMTc5MiAtMTg4OCAwCnYgLTE4MjQgLTE4ODggMAp2IC0xODU2IC0xODg4IDAKdiAtMTg4OCAtMTg4OCAwCnYgLTE5MjAgLTE4ODggMAp2IC0xOTUyIC0xODg4IDAKdiAtMTk4NCAtMTg4OCAwCnYgLTIwMTYgLTE4ODggMAp2IC0yMDQ4IC0xODg4IDAKdiAtMjA4MCAtMTg4OCAwCnYgLTIxMTIgLTE4ODggMAp2IC0yMTQ0IC0xODg4IDAKdiAtMjE3NiAtMTg4OCAwCnYgLTIyMDggLTE4ODggMAp2IC0yMjQwIC0xODg4IDAKdiAtMjI3MiAtMTg4OCAwCnYgLTIzMDQgLTE4ODggMAp2IC0yMzM2IC0xODg4IDAKdiAtMjM2OCAtMTg4OCAwCnYgLTI0MDAgLTE4ODggMAp2IC0yNDMyIC0xODg4IDAKdiAtMjQ2NCAtMTg4OCAwCnYgLTI0OTYgLTE4ODggMAp2IC0yNTI4IC0xODg4IDAKdiAtMjU2MCAtMTg4OCAwCnYgLTI1OTIgLTE4ODggMAp2IC0yNjI0IC0xODg4IDAKdiAtMjY1NiAtMTg4OCAwCnYgLTI2ODggLTE4ODggMAp2IC0yNzIwIC0xODg4IDAKdiAtMjc1MiAtMTg4OCAwCnYgLTI3ODQgLTE4ODggMAp2IC0yODE2IC0xODg4IDAKdiAtMjg0OCAtMTg4OCAwCnYgLTI4ODAgLTE4ODggMAp2IC0yOTEyIC0xODg4IDAKdiAtMjk0NCAtMTg4OCAwCnYgLTI5NzYgLTE4ODggMAp2IC0zMDA4IC0xODg4IDAKdiAtMzA0MCAtMTg4OCAwCnYgLTMwNzIgLTE4ODggMAp2IC0zMTA0IC0xODg4IDAKdiAtMzEzNiAtMTg4OCAwCnYgLTMxNjggLTE4ODggMAp2IC0zMjAwIC0xODg4IDAKdiAwIC0xOTIwIDAKdiAtMzIgLTE5MjAgMAp2IC02NCAtMTkyMCAwCnYgLTk2IC0xOTIwIDAKdiAtMTI4IC0xOTIwIDAKdiAtMTYwIC0xOTIwIDAKdiAtMTkyIC0xOTIwIDAKdiAtMjI0IC0xOTIwIDAKdiAtMjU2IC0xOTIwIDAKdiAtMjg4IC0xOTIwIDAKdiAtMzIwIC0xOTIwIDAKdiAtMzUyIC0xOTIwIDAKdiAtMzg0IC0xOTIwIDAKdiAtNDE2IC0xOTIwIDAKdiAtNDQ4IC0xOTIwIDAKdiAtNDgwIC0xOTIwIDAKdiAtNTEyIC0xOTIwIDAKdiAtNTQ0IC0xOTIwIDAKdiAtNTc2IC0xOTIwIDAKdiAtNjA4IC0xOTIwIDAKdiAtNjQwIC0xOTIwIDAKdiAtNjcyIC0xOTIwIDAKdiAtNzA0IC0xOTIwIDAKdiAtNzM2IC0xOTIwIDAKdiAtNzY4IC0xOTIwIDAKdiAtODAwIC0xOTIwIDAKdiAtODMyIC0xOTIwIDAKdiAtODY0IC0xOTIwIDAKdiAtODk2IC0xOTIwIDAKdiAtOTI4IC0xOTIwIDAKdiAtOTYwIC0xOTIwIDAKdiAtOTkyIC0xOTIwIDAKdiAtMTAyNCAtMTkyMCAwCnYgLTEwNTYgLTE5MjAgMAp2IC0xMDg4IC0xOTIwIDAKdiAtMTEyMCAtMTkyMCAwCnYgLTExNTIgLTE5MjAgMAp2IC0xMTg0IC0xOTIwIDAKdiAtMTIxNiAtMTkyMCAwCnYgLTEyNDggLTE5MjAgMAp2IC0xMjgwIC0xOTIwIDAKdiAtMTMxMiAtMTkyMCAwCnYgLTEzNDQgLTE5MjAgMAp2IC0xMzc2IC0xOTIwIDAKdiAtMTQwOCAtMTkyMCAwCnYgLTE0NDAgLTE5MjAgMAp2IC0xNDcyIC0xOTIwIDAKdiAtMTUwNCAtMTkyMCAwCnYgLTE1MzYgLTE5MjAgMAp2IC0xNTY4IC0xOTIwIDAKdiAtMTYwMCAtMTkyMCAwCnYgLTE2MzIgLTE5MjAgMAp2IC0xNjY0IC0xOTIwIDAKdiAtMTY5NiAtMTkyMCAwCnYgLTE3MjggLTE5MjAgMAp2IC0xNzYwIC0xOTIwIDAKdiAtMTc5MiAtMTkyMCAwCnYgLTE4MjQgLTE5MjAgMAp2IC0xODU2IC0xOTIwIDAKdiAtMTg4OCAtMTkyMCAwCnYgLTE5MjAgLTE5MjAgMAp2IC0xOTUyIC0xOTIwIDAKdiAtMTk4NCAtMTkyMCAwCnYgLTIwMTYgLTE5MjAgMAp2IC0yMDQ4IC0xOTIwIDAKdiAtMjA4MCAtMTkyMCAwCnYgLTIxMTIgLTE5MjAgMAp2IC0yMTQ0IC0xOTIwIDAKdiAtMjE3NiAtMTkyMCAwCnYgLTIyMDggLTE5MjAgMAp2IC0yMjQwIC0xOTIwIDAKdiAtMjI3MiAtMTkyMCAwCnYgLTIzMDQgLTE5MjAgMAp2IC0yMzM2IC0xOTIwIDAKdiAtMjM2OCAtMTkyMCAwCnYgLTI0MDAgLTE5MjAgMAp2IC0yNDMyIC0xOTIwIDAKdiAtMjQ2NCAtMTkyMCAwCnYgLTI0OTYgLTE5MjAgMAp2IC0yNTI4IC0xOTIwIDAKdiAtMjU2MCAtMTkyMCAwCnYgLTI1OTIgLTE5MjAgMAp2IC0yNjI0IC0xOTIwIDAKdiAtMjY1NiAtMTkyMCAwCnYgLTI2ODggLTE5MjAgMAp2IC0yNzIwIC0xOTIwIDAKdiAtMjc1MiAtMTkyMCAwCnYgLTI3ODQgLTE5MjAgMAp2IC0yODE2IC0xOTIwIDAKdiAtMjg0OCAtMTkyMCAwCnYgLTI4ODAgLTE5MjAgMAp2IC0yOTEyIC0xOTIwIDAKdiAtMjk0NCAtMTkyMCAwCnYgLTI5NzYgLTE5MjAgMAp2IC0zMDA4IC0xOTIwIDAKdiAtMzA0MCAtMTkyMCAwCnYgLTMwNzIgLTE5MjAgMAp2IC0zMTA0IC0xOTIwIDAKdiAtMzEzNiAtMTkyMCAwCnYgLTMxNjggLTE5MjAgMAp2IC0zMjAwIC0xOTIwIDAKdiAwIC0xOTUyIDAKdiAtMzIgLTE5NTIgMAp2IC02NCAtMTk1MiAwCnYgLTk2IC0xOTUyIDAKdiAtMTI4IC0xOTUyIDAKdiAtMTYwIC0xOTUyIDAKdiAtMTkyIC0xOTUyIDAKdiAtMjI0IC0xOTUyIDAKdiAtMjU2IC0xOTUyIDAKdiAtMjg4IC0xOTUyIDAKdiAtMzIwIC0xOTUyIDAKdiAtMzUyIC0xOTUyIDAKdiAtMzg0IC0xOTUyIDAKdiAtNDE2IC0xOTUyIDAKdiAtNDQ4IC0xOTUyIDAKdiAtNDgwIC0xOTUyIDAKdiAtNTEyIC0xOTUyIDAKdiAtNTQ0IC0xOTUyIDAKdiAtNTc2IC0xOTUyIDAKdiAtNjA4IC0xOTUyIDAKdiAtNjQwIC0xOTUyIDAKdiAtNjcyIC0xOTUyIDAKdiAtNzA0IC0xOTUyIDAKdiAtNzM2IC0xOTUyIDAKdiAtNzY4IC0xOTUyIDAKdiAtODAwIC0xOTUyIDAKdiAtODMyIC0xOTUyIDAKdiAtODY0IC0xOTUyIDAKdiAtODk2IC0xOTUyIDAKdiAtOTI4IC0xOTUyIDAKdiAtOTYwIC0xOTUyIDAKdiAtOTkyIC0xOTUyIDAKdiAtMTAyNCAtMTk1MiAwCnYgLTEwNTYgLTE5NTIgMAp2IC0xMDg4IC0xOTUyIDAKdiAtMTEyMCAtMTk1MiAwCnYgLTExNTIgLTE5NTIgMAp2IC0xMTg0IC0xOTUyIDAKdiAtMTIxNiAtMTk1MiAwCnYgLTEyNDggLTE5NTIgMAp2IC0xMjgwIC0xOTUyIDAKdiAtMTMxMiAtMTk1MiAwCnYgLTEzNDQgLTE5NTIgMAp2IC0xMzc2IC0xOTUyIDAKdiAtMTQwOCAtMTk1MiAwCnYgLTE0NDAgLTE5NTIgMAp2IC0xNDcyIC0xOTUyIDAKdiAtMTUwNCAtMTk1MiAwCnYgLTE1MzYgLTE5NTIgMAp2IC0xNTY4IC0xOTUyIDAKdiAtMTYwMCAtMTk1MiAwCnYgLTE2MzIgLTE5NTIgMAp2IC0xNjY0IC0xOTUyIDAKdiAtMTY5NiAtMTk1MiAwCnYgLTE3MjggLTE5NTIgMAp2IC0xNzYwIC0xOTUyIDAKdiAtMTc5MiAtMTk1MiAwCnYgLTE4MjQgLTE5NTIgMAp2IC0xODU2IC0xOTUyIDAKdiAtMTg4OCAtMTk1MiAwCnYgLTE5MjAgLTE5NTIgMAp2IC0xOTUyIC0xOTUyIDAKdiAtMTk4NCAtMTk1MiAwCnYgLTIwMTYgLTE5NTIgMAp2IC0yMDQ4IC0xOTUyIDAKdiAtMjA4MCAtMTk1MiAwCnYgLTIxMTIgLTE5NTIgMAp2IC0yMTQ0IC0xOTUyIDAKdiAtMjE3NiAtMTk1MiAwCnYgLTIyMDggLTE5NTIgMAp2IC0yMjQwIC0xOTUyIDAKdiAtMjI3MiAtMTk1MiAwCnYgLTIzMDQgLTE5NTIgMAp2IC0yMzM2IC0xOTUyIDAKdiAtMjM2OCAtMTk1MiAwCnYgLTI0MDAgLTE5NTIgMAp2IC0yNDMyIC0xOTUyIDAKdiAtMjQ2NCAtMTk1MiAwCnYgLTI0OTYgLTE5NTIgMAp2IC0yNTI4IC0xOTUyIDAKdiAtMjU2MCAtMTk1MiAwCnYgLTI1OTIgLTE5NTIgMAp2IC0yNjI0IC0xOTUyIDAKdiAtMjY1NiAtMTk1MiAwCnYgLTI2ODggLTE5NTIgMAp2IC0yNzIwIC0xOTUyIDAKdiAtMjc1MiAtMTk1MiAwCnYgLTI3ODQgLTE5NTIgMAp2IC0yODE2IC0xOTUyIDAKdiAtMjg0OCAtMTk1MiAwCnYgLTI4ODAgLTE5NTIgMAp2IC0yOTEyIC0xOTUyIDAKdiAtMjk0NCAtMTk1MiAwCnYgLTI5NzYgLTE5NTIgMAp2IC0zMDA4IC0xOTUyIDAKdiAtMzA0MCAtMTk1MiAwCnYgLTMwNzIgLTE5NTIgMAp2IC0zMTA0IC0xOTUyIDAKdiAtMzEzNiAtMTk1MiAwCnYgLTMxNjggLTE5NTIgMAp2IC0zMjAwIC0xOTUyIDAKdiAwIC0xOTg0IDAKdiAtMzIgLTE5ODQgMAp2IC02NCAtMTk4NCAwCnYgLTk2IC0xOTg0IDAKdiAtMTI4IC0xOTg0IDAKdiAtMTYwIC0xOTg0IDAKdiAtMTkyIC0xOTg0IDAKdiAtMjI0IC0xOTg0IDAKdiAtMjU2IC0xOTg0IDAKdiAtMjg4IC0xOTg0IDAKdiAtMzIwIC0xOTg0IDAKdiAtMzUyIC0xOTg0IDAKdiAtMzg0IC0xOTg0IDAKdiAtNDE2IC0xOTg0IDAKdiAtNDQ4IC0xOTg0IDAKdiAtNDgwIC0xOTg0IDAKdiAtNTEyIC0xOTg0IDAKdiAtNTQ0IC0xOTg0IDAKdiAtNTc2IC0xOTg0IDAKdiAtNjA4IC0xOTg0IDAKdiAtNjQwIC0xOTg0IDAKdiAtNjcyIC0xOTg0IDAKdiAtNzA0IC0xOTg0IDAKdiAtNzM2IC0xOTg0IDAKdiAtNzY4IC0xOTg0IDAKdiAtODAwIC0xOTg0IDAKdiAtODMyIC0xOTg0IDAKdiAtODY0IC0xOTg0IDAKdiAtODk2IC0xOTg0IDAKdiAtOTI4IC0xOTg0IDAKdiAtOTYwIC0xOTg0IDAKdiAtOTkyIC0xOTg0IDAKdiAtMTAyNCAtMTk4NCAwCnYgLTEwNTYgLTE5ODQgMAp2IC0xMDg4IC0xOTg0IDAKdiAtMTEyMCAtMTk4NCAwCnYgLTExNTIgLTE5ODQgMAp2IC0xMTg0IC0xOTg0IDAKdiAtMTIxNiAtMTk4NCAwCnYgLTEyNDggLTE5ODQgMAp2IC0xMjgwIC0xOTg0IDAKdiAtMTMxMiAtMTk4NCAwCnYgLTEzNDQgLTE5ODQgMAp2IC0xMzc2IC0xOTg0IDAKdiAtMTQwOCAtMTk4NCAwCnYgLTE0NDAgLTE5ODQgMAp2IC0xNDcyIC0xOTg0IDAKdiAtMTUwNCAtMTk4NCAwCnYgLTE1MzYgLTE5ODQgMAp2IC0xNTY4IC0xOTg0IDAKdiAtMTYwMCAtMTk4NCAwCnYgLTE2MzIgLTE5ODQgMAp2IC0xNjY0IC0xOTg0IDAKdiAtMTY5NiAtMTk4NCAwCnYgLTE3MjggLTE5ODQgMAp2IC0xNzYwIC0xOTg0IDAKdiAtMTc5MiAtMTk4NCAwCnYgLTE4MjQgLTE5ODQgMAp2IC0xODU2IC0xOTg0IDAKdiAtMTg4OCAtMTk4NCAwCnYgLTE5MjAgLTE5ODQgMAp2IC0xOTUyIC0xOTg0IDAKdiAtMTk4NCAtMTk4NCAwCnYgLTIwMTYgLTE5ODQgMAp2IC0yMDQ4IC0xOTg0IDAKdiAtMjA4MCAtMTk4NCAwCnYgLTIxMTIgLTE5ODQgMAp2IC0yMTQ0IC0xOTg0IDAKdiAtMjE3NiAtMTk4NCAwCnYgLTIyMDggLTE5ODQgMAp2IC0yMjQwIC0xOTg0IDAKdiAtMjI3MiAtMTk4NCAwCnYgLTIzMDQgLTE5ODQgMAp2IC0yMzM2IC0xOTg0IDAKdiAtMjM2OCAtMTk4NCAwCnYgLTI0MDAgLTE5ODQgMAp2IC0yNDMyIC0xOTg0IDAKdiAtMjQ2NCAtMTk4NCAwCnYgLTI0OTYgLTE5ODQgMAp2IC0yNTI4IC0xOTg0IDAKdiAtMjU2MCAtMTk4NCAwCnYgLTI1OTIgLTE5ODQgMAp2IC0yNjI0IC0xOTg0IDAKdiAtMjY1NiAtMTk4NCAwCnYgLTI2ODggLTE5ODQgMAp2IC0yNzIwIC0xOTg0IDAKdiAtMjc1MiAtMTk4NCAwCnYgLTI3ODQgLTE5ODQgMAp2IC0yODE2IC0xOTg0IDAKdiAtMjg0OCAtMTk4NCAwCnYgLTI4ODAgLTE5ODQgMAp2IC0yOTEyIC0xOTg0IDAKdiAtMjk0NCAtMTk4NCAwCnYgLTI5NzYgLTE5ODQgMAp2IC0zMDA4IC0xOTg0IDAKdiAtMzA0MCAtMTk4NCAwCnYgLTMwNzIgLTE5ODQgMAp2IC0zMTA0IC0xOTg0IDAKdiAtMzEzNiAtMTk4NCAwCnYgLTMxNjggLTE5ODQgMAp2IC0zMjAwIC0xOTg0IDAKdiAwIC0yMDE2IDAKdiAtMzIgLTIwMTYgMAp2IC02NCAtMjAxNiAwCnYgLTk2IC0yMDE2IDAKdiAtMTI4IC0yMDE2IDAKdiAtMTYwIC0yMDE2IDAKdiAtMTkyIC0yMDE2IDAKdiAtMjI0IC0yMDE2IDAKdiAtMjU2IC0yMDE2IDAKdiAtMjg4IC0yMDE2IDAKdiAtMzIwIC0yMDE2IDAKdiAtMzUyIC0yMDE2IDAKdiAtMzg0IC0yMDE2IDAKdiAtNDE2IC0yMDE2IDAKdiAtNDQ4IC0yMDE2IDAKdiAtNDgwIC0yMDE2IDAKdiAtNTEyIC0yMDE2IDAKdiAtNTQ0IC0yMDE2IDAKdiAtNTc2IC0yMDE2IDAKdiAtNjA4IC0yMDE2IDAKdiAtNjQwIC0yMDE2IDAKdiAtNjcyIC0yMDE2IDAKdiAtNzA0IC0yMDE2IDAKdiAtNzM2IC0yMDE2IDAKdiAtNzY4IC0yMDE2IDAKdiAtODAwIC0yMDE2IDAKdiAtODMyIC0yMDE2IDAKdiAtODY0IC0yMDE2IDAKdiAtODk2IC0yMDE2IDAKdiAtOTI4IC0yMDE2IDAKdiAtOTYwIC0yMDE2IDAKdiAtOTkyIC0yMDE2IDAKdiAtMTAyNCAtMjAxNiAwCnYgLTEwNTYgLTIwMTYgMAp2IC0xMDg4IC0yMDE2IDAKdiAtMTEyMCAtMjAxNiAwCnYgLTExNTIgLTIwMTYgMAp2IC0xMTg0IC0yMDE2IDAKdiAtMTIxNiAtMjAxNiAwCnYgLTEyNDggLTIwMTYgMAp2IC0xMjgwIC0yMDE2IDAKdiAtMTMxMiAtMjAxNiAwCnYgLTEzNDQgLTIwMTYgMAp2IC0xMzc2IC0yMDE2IDAKdiAtMTQwOCAtMjAxNiAwCnYgLTE0NDAgLTIwMTYgMAp2IC0xNDcyIC0yMDE2IDAKdiAtMTUwNCAtMjAxNiAwCnYgLTE1MzYgLTIwMTYgMAp2IC0xNTY4IC0yMDE2IDAKdiAtMTYwMCAtMjAxNiAwCnYgLTE2MzIgLTIwMTYgMAp2IC0xNjY0IC0yMDE2IDAKdiAtMTY5NiAtMjAxNiAwCnYgLTE3MjggLTIwMTYgMAp2IC0xNzYwIC0yMDE2IDAKdiAtMTc5MiAtMjAxNiAwCnYgLTE4MjQgLTIwMTYgMAp2IC0xODU2IC0yMDE2IDAKdiAtMTg4OCAtMjAxNiAwCnYgLTE5MjAgLTIwMTYgMAp2IC0xOTUyIC0yMDE2IDAKdiAtMTk4NCAtMjAxNiAwCnYgLTIwMTYgLTIwMTYgMAp2IC0yMDQ4IC0yMDE2IDAKdiAtMjA4MCAtMjAxNiAwCnYgLTIxMTIgLTIwMTYgMAp2IC0yMTQ0IC0yMDE2IDAKdiAtMjE3NiAtMjAxNiAwCnYgLTIyMDggLTIwMTYgMAp2IC0yMjQwIC0yMDE2IDAKdiAtMjI3MiAtMjAxNiAwCnYgLTIzMDQgLTIwMTYgMAp2IC0yMzM2IC0yMDE2IDAKdiAtMjM2OCAtMjAxNiAwCnYgLTI0MDAgLTIwMTYgMAp2IC0yNDMyIC0yMDE2IDAKdiAtMjQ2NCAtMjAxNiAwCnYgLTI0OTYgLTIwMTYgMAp2IC0yNTI4IC0yMDE2IDAKdiAtMjU2MCAtMjAxNiAwCnYgLTI1OTIgLTIwMTYgMAp2IC0yNjI0IC0yMDE2IDAKdiAtMjY1NiAtMjAxNiAwCnYgLTI2ODggLTIwMTYgMAp2IC0yNzIwIC0yMDE2IDAKdiAtMjc1MiAtMjAxNiAwCnYgLTI3ODQgLTIwMTYgMAp2IC0yODE2IC0yMDE2IDAKdiAtMjg0OCAtMjAxNiAwCnYgLTI4ODAgLTIwMTYgMAp2IC0yOTEyIC0yMDE2IDAKdiAtMjk0NCAtMjAxNiAwCnYgLTI5NzYgLTIwMTYgMAp2IC0zMDA4IC0yMDE2IDAKdiAtMzA0MCAtMjAxNiAwCnYgLTMwNzIgLTIwMTYgMAp2IC0zMTA0IC0yMDE2IDAKdiAtMzEzNiAtMjAxNiAwCnYgLTMxNjggLTIwMTYgMAp2IC0zMjAwIC0yMDE2IDAKdiAwIC0yMDQ4IDAKdiAtMzIgLTIwNDggMAp2IC02NCAtMjA0OCAwCnYgLTk2IC0yMDQ4IDAKdiAtMTI4IC0yMDQ4IDAKdiAtMTYwIC0yMDQ4IDAKdiAtMTkyIC0yMDQ4IDAKdiAtMjI0IC0yMDQ4IDAKdiAtMjU2IC0yMDQ4IDAKdiAtMjg4IC0yMDQ4IDAKdiAtMzIwIC0yMDQ4IDAKdiAtMzUyIC0yMDQ4IDAKdiAtMzg0IC0yMDQ4IDAKdiAtNDE2IC0yMDQ4IDAKdiAtNDQ4IC0yMDQ4IDAKdiAtNDgwIC0yMDQ4IDAKdiAtNTEyIC0yMDQ4IDAKdiAtNTQ0IC0yMDQ4IDAKdiAtNTc2IC0yMDQ4IDAKdiAtNjA4IC0yMDQ4IDAKdiAtNjQwIC0yMDQ4IDAKdiAtNjcyIC0yMDQ4IDAKdiAtNzA0IC0yMDQ4IDAKdiAtNzM2IC0yMDQ4IDAKdiAtNzY4IC0yMDQ4IDAKdiAtODAwIC0yMDQ4IDAKdiAtODMyIC0yMDQ4IDAKdiAtODY0IC0yMDQ4IDAKdiAtODk2IC0yMDQ4IDAKdiAtOTI4IC0yMDQ4IDAKdiAtOTYwIC0yMDQ4IDAKdiAtOTkyIC0yMDQ4IDAKdiAtMTAyNCAtMjA0OCAwCnYgLTEwNTYgLTIwNDggMAp2IC0xMDg4IC0yMDQ4IDAKdiAtMTEyMCAtMjA0OCAwCnYgLTExNTIgLTIwNDggMAp2IC0xMTg0IC0yMDQ4IDAKdiAtMTIxNiAtMjA0OCAwCnYgLTEyNDggLTIwNDggMAp2IC0xMjgwIC0yMDQ4IDAKdiAtMTMxMiAtMjA0OCAwCnYgLTEzNDQgLTIwNDggMAp2IC0xMzc2IC0yMDQ4IDAKdiAtMTQwOCAtMjA0OCAwCnYgLTE0NDAgLTIwNDggMAp2IC0xNDcyIC0yMDQ4IDAKdiAtMTUwNCAtMjA0OCAwCnYgLTE1MzYgLTIwNDggMAp2IC0xNTY4IC0yMDQ4IDAKdiAtMTYwMCAtMjA0OCAwCnYgLTE2MzIgLTIwNDggMAp2IC0xNjY0IC0yMDQ4IDAKdiAtMTY5NiAtMjA0OCAwCnYgLTE3MjggLTIwNDggMAp2IC0xNzYwIC0yMDQ4IDAKdiAtMTc5MiAtMjA0OCAwCnYgLTE4MjQgLTIwNDggMAp2IC0xODU2IC0yMDQ4IDAKdiAtMTg4OCAtMjA0OCAwCnYgLTE5MjAgLTIwNDggMAp2IC0xOTUyIC0yMDQ4IDAKdiAtMTk4NCAtMjA0OCAwCnYgLTIwMTYgLTIwNDggMAp2IC0yMDQ4IC0yMDQ4IDAKdiAtMjA4MCAtMjA0OCAwCnYgLTIxMTIgLTIwNDggMAp2IC0yMTQ0IC0yMDQ4IDAKdiAtMjE3NiAtMjA0OCAwCnYgLTIyMDggLTIwNDggMAp2IC0yMjQwIC0yMDQ4IDAKdiAtMjI3MiAtMjA0OCAwCnYgLTIzMDQgLTIwNDggMAp2IC0yMzM2IC0yMDQ4IDAKdiAtMjM2OCAtMjA0OCAwCnYgLTI0MDAgLTIwNDggMAp2IC0yNDMyIC0yMDQ4IDAKdiAtMjQ2NCAtMjA0OCAwCnYgLTI0OTYgLTIwNDggMAp2IC0yNTI4IC0yMDQ4IDAKdiAtMjU2MCAtMjA0OCAwCnYgLTI1OTIgLTIwNDggMAp2IC0yNjI0IC0yMDQ4IDAKdiAtMjY1NiAtMjA0OCAwCnYgLTI2ODggLTIwNDggMAp2IC0yNzIwIC0yMDQ4IDAKdiAtMjc1MiAtMjA0OCAwCnYgLTI3ODQgLTIwNDggMAp2IC0yODE2IC0yMDQ4IDAKdiAtMjg0OCAtMjA0OCAwCnYgLTI4ODAgLTIwNDggMAp2IC0yOTEyIC0yMDQ4IDAKdiAtMjk0NCAtMjA0OCAwCnYgLTI5NzYgLTIwNDggMAp2IC0zMDA4IC0yMDQ4IDAKdiAtMzA0MCAtMjA0OCAwCnYgLTMwNzIgLTIwNDggMAp2IC0zMTA0IC0yMDQ4IDAKdiAtMzEzNiAtMjA0OCAwCnYgLTMxNjggLTIwNDggMAp2IC0zMjAwIC0yMDQ4IDAKdiAwIC0yMDgwIDAKdiAtMzIgLTIwODAgMAp2IC02NCAtMjA4MCAwCnYgLTk2IC0yMDgwIDAKdiAtMTI4IC0yMDgwIDAKdiAtMTYwIC0yMDgwIDAKdiAtMTkyIC0yMDgwIDAKdiAtMjI0IC0yMDgwIDAKdiAtMjU2IC0yMDgwIDAKdiAtMjg4IC0yMDgwIDAKdiAtMzIwIC0yMDgwIDAKdiAtMzUyIC0yMDgwIDAKdiAtMzg0IC0yMDgwIDAKdiAtNDE2IC0yMDgwIDAKdiAtNDQ4IC0yMDgwIDAKdiAtNDgwIC0yMDgwIDAKdiAtNTEyIC0yMDgwIDAKdiAtNTQ0IC0yMDgwIDAKdiAtNTc2IC0yMDgwIDAKdiAtNjA4IC0yMDgwIDAKdiAtNjQwIC0yMDgwIDAKdiAtNjcyIC0yMDgwIDAKdiAtNzA0IC0yMDgwIDAKdiAtNzM2IC0yMDgwIDAKdiAtNzY4IC0yMDgwIDAKdiAtODAwIC0yMDgwIDAKdiAtODMyIC0yMDgwIDAKdiAtODY0IC0yMDgwIDAKdiAtODk2IC0yMDgwIDAKdiAtOTI4IC0yMDgwIDAKdiAtOTYwIC0yMDgwIDAKdiAtOTkyIC0yMDgwIDAKdiAtMTAyNCAtMjA4MCAwCnYgLTEwNTYgLTIwODAgMAp2IC0xMDg4IC0yMDgwIDAKdiAtMTEyMCAtMjA4MCAwCnYgLTExNTIgLTIwODAgMAp2IC0xMTg0IC0yMDgwIDAKdiAtMTIxNiAtMjA4MCAwCnYgLTEyNDggLTIwODAgMAp2IC0xMjgwIC0yMDgwIDAKdiAtMTMxMiAtMjA4MCAwCnYgLTEzNDQgLTIwODAgMAp2IC0xMzc2IC0yMDgwIDAKdiAtMTQwOCAtMjA4MCAwCnYgLTE0NDAgLTIwODAgMAp2IC0xNDcyIC0yMDgwIDAKdiAtMTUwNCAtMjA4MCAwCnYgLTE1MzYgLTIwODAgMAp2IC0xNTY4IC0yMDgwIDAKdiAtMTYwMCAtMjA4MCAwCnYgLTE2MzIgLTIwODAgMAp2IC0xNjY0IC0yMDgwIDAKdiAtMTY5NiAtMjA4MCAwCnYgLTE3MjggLTIwODAgMAp2IC0xNzYwIC0yMDgwIDAKdiAtMTc5MiAtMjA4MCAwCnYgLTE4MjQgLTIwODAgMAp2IC0xODU2IC0yMDgwIDAKdiAtMTg4OCAtMjA4MCAwCnYgLTE5MjAgLTIwODAgMAp2IC0xOTUyIC0yMDgwIDAKdiAtMTk4NCAtMjA4MCAwCnYgLTIwMTYgLTIwODAgMAp2IC0yMDQ4IC0yMDgwIDAKdiAtMjA4MCAtMjA4MCAwCnYgLTIxMTIgLTIwODAgMAp2IC0yMTQ0IC0yMDgwIDAKdiAtMjE3NiAtMjA4MCAwCnYgLTIyMDggLTIwODAgMAp2IC0yMjQwIC0yMDgwIDAKdiAtMjI3MiAtMjA4MCAwCnYgLTIzMDQgLTIwODAgMAp2IC0yMzM2IC0yMDgwIDAKdiAtMjM2OCAtMjA4MCAwCnYgLTI0MDAgLTIwODAgMAp2IC0yNDMyIC0yMDgwIDAKdiAtMjQ2NCAtMjA4MCAwCnYgLTI0OTYgLTIwODAgMAp2IC0yNTI4IC0yMDgwIDAKdiAtMjU2MCAtMjA4MCAwCnYgLTI1OTIgLTIwODAgMAp2IC0yNjI0IC0yMDgwIDAKdiAtMjY1NiAtMjA4MCAwCnYgLTI2ODggLTIwODAgMAp2IC0yNzIwIC0yMDgwIDAKdiAtMjc1MiAtMjA4MCAwCnYgLTI3ODQgLTIwODAgMAp2IC0yODE2IC0yMDgwIDAKdiAtMjg0OCAtMjA4MCAwCnYgLTI4ODAgLTIwODAgMAp2IC0yOTEyIC0yMDgwIDAKdiAtMjk0NCAtMjA4MCAwCnYgLTI5NzYgLTIwODAgMAp2IC0zMDA4IC0yMDgwIDAKdiAtMzA0MCAtMjA4MCAwCnYgLTMwNzIgLTIwODAgMAp2IC0zMTA0IC0yMDgwIDAKdiAtMzEzNiAtMjA4MCAwCnYgLTMxNjggLTIwODAgMAp2IC0zMjAwIC0yMDgwIDAKdiAwIC0yMTEyIDAKdiAtMzIgLTIxMTIgMAp2IC02NCAtMjExMiAwCnYgLTk2IC0yMTEyIDAKdiAtMTI4IC0yMTEyIDAKdiAtMTYwIC0yMTEyIDAKdiAtMTkyIC0yMTEyIDAKdiAtMjI0IC0yMTEyIDAKdiAtMjU2IC0yMTEyIDAKdiAtMjg4IC0yMTEyIDAKdiAtMzIwIC0yMTEyIDAKdiAtMzUyIC0yMTEyIDAKdiAtMzg0IC0yMTEyIDAKdiAtNDE2IC0yMTEyIDAKdiAtNDQ4IC0yMTEyIDAKdiAtNDgwIC0yMTEyIDAKdiAtNTEyIC0yMTEyIDAKdiAtNTQ0IC0yMTEyIDAKdiAtNTc2IC0yMTEyIDAKdiAtNjA4IC0yMTEyIDAKdiAtNjQwIC0yMTEyIDAKdiAtNjcyIC0yMTEyIDAKdiAtNzA0IC0yMTEyIDAKdiAtNzM2IC0yMTEyIDAKdiAtNzY4IC0yMTEyIDAKdiAtODAwIC0yMTEyIDAKdiAtODMyIC0yMTEyIDAKdiAtODY0IC0yMTEyIDAKdiAtODk2IC0yMTEyIDAKdiAtOTI4IC0yMTEyIDAKdiAtOTYwIC0yMTEyIDAKdiAtOTkyIC0yMTEyIDAKdiAtMTAyNCAtMjExMiAwCnYgLTEwNTYgLTIxMTIgMAp2IC0xMDg4IC0yMTEyIDAKdiAtMTEyMCAtMjExMiAwCnYgLTExNTIgLTIxMTIgMAp2IC0xMTg0IC0yMTEyIDAKdiAtMTIxNiAtMjExMiAwCnYgLTEyNDggLTIxMTIgMAp2IC0xMjgwIC0yMTEyIDAKdiAtMTMxMiAtMjExMiAwCnYgLTEzNDQgLTIxMTIgMAp2IC0xMzc2IC0yMTEyIDAKdiAtMTQwOCAtMjExMiAwCnYgLTE0NDAgLTIxMTIgMAp2IC0xNDcyIC0yMTEyIDAKdiAtMTUwNCAtMjExMiAwCnYgLTE1MzYgLTIxMTIgMAp2IC0xNTY4IC0yMTEyIDAKdiAtMTYwMCAtMjExMiAwCnYgLTE2MzIgLTIxMTIgMAp2IC0xNjY0IC0yMTEyIDAKdiAtMTY5NiAtMjExMiAwCnYgLTE3MjggLTIxMTIgMAp2IC0xNzYwIC0yMTEyIDAKdiAtMTc5MiAtMjExMiAwCnYgLTE4MjQgLTIxMTIgMAp2IC0xODU2IC0yMTEyIDAKdiAtMTg4OCAtMjExMiAwCnYgLTE5MjAgLTIxMTIgMAp2IC0xOTUyIC0yMTEyIDAKdiAtMTk4NCAtMjExMiAwCnYgLTIwMTYgLTIxMTIgMAp2IC0yMDQ4IC0yMTEyIDAKdiAtMjA4MCAtMjExMiAwCnYgLTIxMTIgLTIxMTIgMAp2IC0yMTQ0IC0yMTEyIDAKdiAtMjE3NiAtMjExMiAwCnYgLTIyMDggLTIxMTIgMAp2IC0yMjQwIC0yMTEyIDAKdiAtMjI3MiAtMjExMiAwCnYgLTIzMDQgLTIxMTIgMAp2IC0yMzM2IC0yMTEyIDAKdiAtMjM2OCAtMjExMiAwCnYgLTI0MDAgLTIxMTIgMAp2IC0yNDMyIC0yMTEyIDAKdiAtMjQ2NCAtMjExMiAwCnYgLTI0OTYgLTIxMTIgMAp2IC0yNTI4IC0yMTEyIDAKdiAtMjU2MCAtMjExMiAwCnYgLTI1OTIgLTIxMTIgMAp2IC0yNjI0IC0yMTEyIDAKdiAtMjY1NiAtMjExMiAwCnYgLTI2ODggLTIxMTIgMAp2IC0yNzIwIC0yMTEyIDAKdiAtMjc1MiAtMjExMiAwCnYgLTI3ODQgLTIxMTIgMAp2IC0yODE2IC0yMTEyIDAKdiAtMjg0OCAtMjExMiAwCnYgLTI4ODAgLTIxMTIgMAp2IC0yOTEyIC0yMTEyIDAKdiAtMjk0NCAtMjExMiAwCnYgLTI5NzYgLTIxMTIgMAp2IC0zMDA4IC0yMTEyIDAKdiAtMzA0MCAtMjExMiAwCnYgLTMwNzIgLTIxMTIgMAp2IC0zMTA0IC0yMTEyIDAKdiAtMzEzNiAtMjExMiAwCnYgLTMxNjggLTIxMTIgMAp2IC0zMjAwIC0yMTEyIDAKdiAwIC0yMTQ0IDAKdiAtMzIgLTIxNDQgMAp2IC02NCAtMjE0NCAwCnYgLTk2IC0yMTQ0IDAKdiAtMTI4IC0yMTQ0IDAKdiAtMTYwIC0yMTQ0IDAKdiAtMTkyIC0yMTQ0IDAKdiAtMjI0IC0yMTQ0IDAKdiAtMjU2IC0yMTQ0IDAKdiAtMjg4IC0yMTQ0IDAKdiAtMzIwIC0yMTQ0IDAKdiAtMzUyIC0yMTQ0IDAKdiAtMzg0IC0yMTQ0IDAKdiAtNDE2IC0yMTQ0IDAKdiAtNDQ4IC0yMTQ0IDAKdiAtNDgwIC0yMTQ0IDAKdiAtNTEyIC0yMTQ0IDAKdiAtNTQ0IC0yMTQ0IDAKdiAtNTc2IC0yMTQ0IDAKdiAtNjA4IC0yMTQ0IDAKdiAtNjQwIC0yMTQ0IDAKdiAtNjcyIC0yMTQ0IDAKdiAtNzA0IC0yMTQ0IDAKdiAtNzM2IC0yMTQ0IDAKdiAtNzY4IC0yMTQ0IDAKdiAtODAwIC0yMTQ0IDAKdiAtODMyIC0yMTQ0IDAKdiAtODY0IC0yMTQ0IDAKdiAtODk2IC0yMTQ0IDAKdiAtOTI4IC0yMTQ0IDAKdiAtOTYwIC0yMTQ0IDAKdiAtOTkyIC0yMTQ0IDAKdiAtMTAyNCAtMjE0NCAwCnYgLTEwNTYgLTIxNDQgMAp2IC0xMDg4IC0yMTQ0IDAKdiAtMTEyMCAtMjE0NCAwCnYgLTExNTIgLTIxNDQgMAp2IC0xMTg0IC0yMTQ0IDAKdiAtMTIxNiAtMjE0NCAwCnYgLTEyNDggLTIxNDQgMAp2IC0xMjgwIC0yMTQ0IDAKdiAtMTMxMiAtMjE0NCAwCnYgLTEzNDQgLTIxNDQgMAp2IC0xMzc2IC0yMTQ0IDAKdiAtMTQwOCAtMjE0NCAwCnYgLTE0NDAgLTIxNDQgMAp2IC0xNDcyIC0yMTQ0IDAKdiAtMTUwNCAtMjE0NCAwCnYgLTE1MzYgLTIxNDQgMAp2IC0xNTY4IC0yMTQ0IDAKdiAtMTYwMCAtMjE0NCAwCnYgLTE2MzIgLTIxNDQgMAp2IC0xNjY0IC0yMTQ0IDAKdiAtMTY5NiAtMjE0NCAwCnYgLTE3MjggLTIxNDQgMAp2IC0xNzYwIC0yMTQ0IDAKdiAtMTc5MiAtMjE0NCAwCnYgLTE4MjQgLTIxNDQgMAp2IC0xODU2IC0yMTQ0IDAKdiAtMTg4OCAtMjE0NCAwCnYgLTE5MjAgLTIxNDQgMAp2IC0xOTUyIC0yMTQ0IDAKdiAtMTk4NCAtMjE0NCAwCnYgLTIwMTYgLTIxNDQgMAp2IC0yMDQ4IC0yMTQ0IDAKdiAtMjA4MCAtMjE0NCAwCnYgLTIxMTIgLTIxNDQgMAp2IC0yMTQ0IC0yMTQ0IDAKdiAtMjE3NiAtMjE0NCAwCnYgLTIyMDggLTIxNDQgMAp2IC0yMjQwIC0yMTQ0IDAKdiAtMjI3MiAtMjE0NCAwCnYgLTIzMDQgLTIxNDQgMAp2IC0yMzM2IC0yMTQ0IDAKdiAtMjM2OCAtMjE0NCAwCnYgLTI0MDAgLTIxNDQgMAp2IC0yNDMyIC0yMTQ0IDAKdiAtMjQ2NCAtMjE0NCAwCnYgLTI0OTYgLTIxNDQgMAp2IC0yNTI4IC0yMTQ0IDAKdiAtMjU2MCAtMjE0NCAwCnYgLTI1OTIgLTIxNDQgMAp2IC0yNjI0IC0yMTQ0IDAKdiAtMjY1NiAtMjE0NCAwCnYgLTI2ODggLTIxNDQgMAp2IC0yNzIwIC0yMTQ0IDAKdiAtMjc1MiAtMjE0NCAwCnYgLTI3ODQgLTIxNDQgMAp2IC0yODE2IC0yMTQ0IDAKdiAtMjg0OCAtMjE0NCAwCnYgLTI4ODAgLTIxNDQgMAp2IC0yOTEyIC0yMTQ0IDAKdiAtMjk0NCAtMjE0NCAwCnYgLTI5NzYgLTIxNDQgMAp2IC0zMDA4IC0yMTQ0IDAKdiAtMzA0MCAtMjE0NCAwCnYgLTMwNzIgLTIxNDQgMAp2IC0zMTA0IC0yMTQ0IDAKdiAtMzEzNiAtMjE0NCAwCnYgLTMxNjggLTIxNDQgMAp2IC0zMjAwIC0yMTQ0IDAKdiAwIC0yMTc2IDAKdiAtMzIgLTIxNzYgMAp2IC02NCAtMjE3NiAwCnYgLTk2IC0yMTc2IDAKdiAtMTI4IC0yMTc2IDAKdiAtMTYwIC0yMTc2IDAKdiAtMTkyIC0yMTc2IDAKdiAtMjI0IC0yMTc2IDAKdiAtMjU2IC0yMTc2IDAKdiAtMjg4IC0yMTc2IDAKdiAtMzIwIC0yMTc2IDAKdiAtMzUyIC0yMTc2IDAKdiAtMzg0IC0yMTc2IDAKdiAtNDE2IC0yMTc2IDAKdiAtNDQ4IC0yMTc2IDAKdiAtNDgwIC0yMTc2IDAKdiAtNTEyIC0yMTc2IDAKdiAtNTQ0IC0yMTc2IDAKdiAtNTc2IC0yMTc2IDAKdiAtNjA4IC0yMTc2IDAKdiAtNjQwIC0yMTc2IDAKdiAtNjcyIC0yMTc2IDAKdiAtNzA0IC0yMTc2IDAKdiAtNzM2IC0yMTc2IDAKdiAtNzY4IC0yMTc2IDAKdiAtODAwIC0yMTc2IDAKdiAtODMyIC0yMTc2IDAKdiAtODY0IC0yMTc2IDAKdiAtODk2IC0yMTc2IDAKdiAtOTI4IC0yMTc2IDAKdiAtOTYwIC0yMTc2IDAKdiAtOTkyIC0yMTc2IDAKdiAtMTAyNCAtMjE3NiAwCnYgLTEwNTYgLTIxNzYgMAp2IC0xMDg4IC0yMTc2IDAKdiAtMTEyMCAtMjE3NiAwCnYgLTExNTIgLTIxNzYgMAp2IC0xMTg0IC0yMTc2IDAKdiAtMTIxNiAtMjE3NiAwCnYgLTEyNDggLTIxNzYgMAp2IC0xMjgwIC0yMTc2IDAKdiAtMTMxMiAtMjE3NiAwCnYgLTEzNDQgLTIxNzYgMAp2IC0xMzc2IC0yMTc2IDAKdiAtMTQwOCAtMjE3NiAwCnYgLTE0NDAgLTIxNzYgMAp2IC0xNDcyIC0yMTc2IDAKdiAtMTUwNCAtMjE3NiAwCnYgLTE1MzYgLTIxNzYgMAp2IC0xNTY4IC0yMTc2IDAKdiAtMTYwMCAtMjE3NiAwCnYgLTE2MzIgLTIxNzYgMAp2IC0xNjY0IC0yMTc2IDAKdiAtMTY5NiAtMjE3NiAwCnYgLTE3MjggLTIxNzYgMAp2IC0xNzYwIC0yMTc2IDAKdiAtMTc5MiAtMjE3NiAwCnYgLTE4MjQgLTIxNzYgMAp2IC0xODU2IC0yMTc2IDAKdiAtMTg4OCAtMjE3NiAwCnYgLTE5MjAgLTIxNzYgMAp2IC0xOTUyIC0yMTc2IDAKdiAtMTk4NCAtMjE3NiAwCnYgLTIwMTYgLTIxNzYgMAp2IC0yMDQ4IC0yMTc2IDAKdiAtMjA4MCAtMjE3NiAwCnYgLTIxMTIgLTIxNzYgMAp2IC0yMTQ0IC0yMTc2IDAKdiAtMjE3NiAtMjE3NiAwCnYgLTIyMDggLTIxNzYgMAp2IC0yMjQwIC0yMTc2IDAKdiAtMjI3MiAtMjE3NiAwCnYgLTIzMDQgLTIxNzYgMAp2IC0yMzM2IC0yMTc2IDAKdiAtMjM2OCAtMjE3NiAwCnYgLTI0MDAgLTIxNzYgMAp2IC0yNDMyIC0yMTc2IDAKdiAtMjQ2NCAtMjE3NiAwCnYgLTI0OTYgLTIxNzYgMAp2IC0yNTI4IC0yMTc2IDAKdiAtMjU2MCAtMjE3NiAwCnYgLTI1OTIgLTIxNzYgMAp2IC0yNjI0IC0yMTc2IDAKdiAtMjY1NiAtMjE3NiAwCnYgLTI2ODggLTIxNzYgMAp2IC0yNzIwIC0yMTc2IDAKdiAtMjc1MiAtMjE3NiAwCnYgLTI3ODQgLTIxNzYgMAp2IC0yODE2IC0yMTc2IDAKdiAtMjg0OCAtMjE3NiAwCnYgLTI4ODAgLTIxNzYgMAp2IC0yOTEyIC0yMTc2IDAKdiAtMjk0NCAtMjE3NiAwCnYgLTI5NzYgLTIxNzYgMAp2IC0zMDA4IC0yMTc2IDAKdiAtMzA0MCAtMjE3NiAwCnYgLTMwNzIgLTIxNzYgMAp2IC0zMTA0IC0yMTc2IDAKdiAtMzEzNiAtMjE3NiAwCnYgLTMxNjggLTIxNzYgMAp2IC0zMjAwIC0yMTc2IDAKdiAwIC0yMjA4IDAKdiAtMzIgLTIyMDggMAp2IC02NCAtMjIwOCAwCnYgLTk2IC0yMjA4IDAKdiAtMTI4IC0yMjA4IDAKdiAtMTYwIC0yMjA4IDAKdiAtMTkyIC0yMjA4IDAKdiAtMjI0IC0yMjA4IDAKdiAtMjU2IC0yMjA4IDAKdiAtMjg4IC0yMjA4IDAKdiAtMzIwIC0yMjA4IDAKdiAtMzUyIC0yMjA4IDAKdiAtMzg0IC0yMjA4IDAKdiAtNDE2IC0yMjA4IDAKdiAtNDQ4IC0yMjA4IDAKdiAtNDgwIC0yMjA4IDAKdiAtNTEyIC0yMjA4IDAKdiAtNTQ0IC0yMjA4IDAKdiAtNTc2IC0yMjA4IDAKdiAtNjA4IC0yMjA4IDAKdiAtNjQwIC0yMjA4IDAKdiAtNjcyIC0yMjA4IDAKdiAtNzA0IC0yMjA4IDAKdiAtNzM2IC0yMjA4IDAKdiAtNzY4IC0yMjA4IDAKdiAtODAwIC0yMjA4IDAKdiAtODMyIC0yMjA4IDAKdiAtODY0IC0yMjA4IDAKdiAtODk2IC0yMjA4IDAKdiAtOTI4IC0yMjA4IDAKdiAtOTYwIC0yMjA4IDAKdiAtOTkyIC0yMjA4IDAKdiAtMTAyNCAtMjIwOCAwCnYgLTEwNTYgLTIyMDggMAp2IC0xMDg4IC0yMjA4IDAKdiAtMTEyMCAtMjIwOCAwCnYgLTExNTIgLTIyMDggMAp2IC0xMTg0IC0yMjA4IDAKdiAtMTIxNiAtMjIwOCAwCnYgLTEyNDggLTIyMDggMAp2IC0xMjgwIC0yMjA4IDAKdiAtMTMxMiAtMjIwOCAwCnYgLTEzNDQgLTIyMDggMAp2IC0xMzc2IC0yMjA4IDAKdiAtMTQwOCAtMjIwOCAwCnYgLTE0NDAgLTIyMDggMAp2IC0xNDcyIC0yMjA4IDAKdiAtMTUwNCAtMjIwOCAwCnYgLTE1MzYgLTIyMDggMAp2IC0xNTY4IC0yMjA4IDAKdiAtMTYwMCAtMjIwOCAwCnYgLTE2MzIgLTIyMDggMAp2IC0xNjY0IC0yMjA4IDAKdiAtMTY5NiAtMjIwOCAwCnYgLTE3MjggLTIyMDggMAp2IC0xNzYwIC0yMjA4IDAKdiAtMTc5MiAtMjIwOCAwCnYgLTE4MjQgLTIyMDggMAp2IC0xODU2IC0yMjA4IDAKdiAtMTg4OCAtMjIwOCAwCnYgLTE5MjAgLTIyMDggMAp2IC0xOTUyIC0yMjA4IDAKdiAtMTk4NCAtMjIwOCAwCnYgLTIwMTYgLTIyMDggMAp2IC0yMDQ4IC0yMjA4IDAKdiAtMjA4MCAtMjIwOCAwCnYgLTIxMTIgLTIyMDggMAp2IC0yMTQ0IC0yMjA4IDAKdiAtMjE3NiAtMjIwOCAwCnYgLTIyMDggLTIyMDggMAp2IC0yMjQwIC0yMjA4IDAKdiAtMjI3MiAtMjIwOCAwCnYgLTIzMDQgLTIyMDggMAp2IC0yMzM2IC0yMjA4IDAKdiAtMjM2OCAtMjIwOCAwCnYgLTI0MDAgLTIyMDggMAp2IC0yNDMyIC0yMjA4IDAKdiAtMjQ2NCAtMjIwOCAwCnYgLTI0OTYgLTIyMDggMAp2IC0yNTI4IC0yMjA4IDAKdiAtMjU2MCAtMjIwOCAwCnYgLTI1OTIgLTIyMDggMAp2IC0yNjI0IC0yMjA4IDAKdiAtMjY1NiAtMjIwOCAwCnYgLTI2ODggLTIyMDggMAp2IC0yNzIwIC0yMjA4IDAKdiAtMjc1MiAtMjIwOCAwCnYgLTI3ODQgLTIyMDggMAp2IC0yODE2IC0yMjA4IDAKdiAtMjg0OCAtMjIwOCAwCnYgLTI4ODAgLTIyMDggMAp2IC0yOTEyIC0yMjA4IDAKdiAtMjk0NCAtMjIwOCAwCnYgLTI5NzYgLTIyMDggMAp2IC0zMDA4IC0yMjA4IDAKdiAtMzA0MCAtMjIwOCAwCnYgLTMwNzIgLTIyMDggMAp2IC0zMTA0IC0yMjA4IDAKdiAtMzEzNiAtMjIwOCAwCnYgLTMxNjggLTIyMDggMAp2IC0zMjAwIC0yMjA4IDAKdiAwIC0yMjQwIDAKdiAtMzIgLTIyNDAgMAp2IC02NCAtMjI0MCAwCnYgLTk2IC0yMjQwIDAKdiAtMTI4IC0yMjQwIDAKdiAtMTYwIC0yMjQwIDAKdiAtMTkyIC0yMjQwIDAKdiAtMjI0IC0yMjQwIDAKdiAtMjU2IC0yMjQwIDAKdiAtMjg4IC0yMjQwIDAKdiAtMzIwIC0yMjQwIDAKdiAtMzUyIC0yMjQwIDAKdiAtMzg0IC0yMjQwIDAKdiAtNDE2IC0yMjQwIDAKdiAtNDQ4IC0yMjQwIDAKdiAtNDgwIC0yMjQwIDAKdiAtNTEyIC0yMjQwIDAKdiAtNTQ0IC0yMjQwIDAKdiAtNTc2IC0yMjQwIDAKdiAtNjA4IC0yMjQwIDAKdiAtNjQwIC0yMjQwIDAKdiAtNjcyIC0yMjQwIDAKdiAtNzA0IC0yMjQwIDAKdiAtNzM2IC0yMjQwIDAKdiAtNzY4IC0yMjQwIDAKdiAtODAwIC0yMjQwIDAKdiAtODMyIC0yMjQwIDAKdiAtODY0IC0yMjQwIDAKdiAtODk2IC0yMjQwIDAKdiAtOTI4IC0yMjQwIDAKdiAtOTYwIC0yMjQwIDAKdiAtOTkyIC0yMjQwIDAKdiAtMTAyNCAtMjI0MCAwCnYgLTEwNTYgLTIyNDAgMAp2IC0xMDg4IC0yMjQwIDAKdiAtMTEyMCAtMjI0MCAwCnYgLTExNTIgLTIyNDAgMAp2IC0xMTg0IC0yMjQwIDAKdiAtMTIxNiAtMjI0MCAwCnYgLTEyNDggLTIyNDAgMAp2IC0xMjgwIC0yMjQwIDAKdiAtMTMxMiAtMjI0MCAwCnYgLTEzNDQgLTIyNDAgMAp2IC0xMzc2IC0yMjQwIDAKdiAtMTQwOCAtMjI0MCAwCnYgLTE0NDAgLTIyNDAgMAp2IC0xNDcyIC0yMjQwIDAKdiAtMTUwNCAtMjI0MCAwCnYgLTE1MzYgLTIyNDAgMAp2IC0xNTY4IC0yMjQwIDAKdiAtMTYwMCAtMjI0MCAwCnYgLTE2MzIgLTIyNDAgMAp2IC0xNjY0IC0yMjQwIDAKdiAtMTY5NiAtMjI0MCAwCnYgLTE3MjggLTIyNDAgMAp2IC0xNzYwIC0yMjQwIDAKdiAtMTc5MiAtMjI0MCAwCnYgLTE4MjQgLTIyNDAgMAp2IC0xODU2IC0yMjQwIDAKdiAtMTg4OCAtMjI0MCAwCnYgLTE5MjAgLTIyNDAgMAp2IC0xOTUyIC0yMjQwIDAKdiAtMTk4NCAtMjI0MCAwCnYgLTIwMTYgLTIyNDAgMAp2IC0yMDQ4IC0yMjQwIDAKdiAtMjA4MCAtMjI0MCAwCnYgLTIxMTIgLTIyNDAgMAp2IC0yMTQ0IC0yMjQwIDAKdiAtMjE3NiAtMjI0MCAwCnYgLTIyMDggLTIyNDAgMAp2IC0yMjQwIC0yMjQwIDAKdiAtMjI3MiAtMjI0MCAwCnYgLTIzMDQgLTIyNDAgMAp2IC0yMzM2IC0yMjQwIDAKdiAtMjM2OCAtMjI0MCAwCnYgLTI0MDAgLTIyNDAgMAp2IC0yNDMyIC0yMjQwIDAKdiAtMjQ2NCAtMjI0MCAwCnYgLTI0OTYgLTIyNDAgMAp2IC0yNTI4IC0yMjQwIDAKdiAtMjU2MCAtMjI0MCAwCnYgLTI1OTIgLTIyNDAgMAp2IC0yNjI0IC0yMjQwIDAKdiAtMjY1NiAtMjI0MCAwCnYgLTI2ODggLTIyNDAgMAp2IC0yNzIwIC0yMjQwIDAKdiAtMjc1MiAtMjI0MCAwCnYgLTI3ODQgLTIyNDAgMAp2IC0yODE2IC0yMjQwIDAKdiAtMjg0OCAtMjI0MCAwCnYgLTI4ODAgLTIyNDAgMAp2IC0yOTEyIC0yMjQwIDAKdiAtMjk0NCAtMjI0MCAwCnYgLTI5NzYgLTIyNDAgMAp2IC0zMDA4IC0yMjQwIDAKdiAtMzA0MCAtMjI0MCAwCnYgLTMwNzIgLTIyNDAgMAp2IC0zMTA0IC0yMjQwIDAKdiAtMzEzNiAtMjI0MCAwCnYgLTMxNjggLTIyNDAgMAp2IC0zMjAwIC0yMjQwIDAKdiAwIC0yMjcyIDAKdiAtMzIgLTIyNzIgMAp2IC02NCAtMjI3MiAwCnYgLTk2IC0yMjcyIDAKdiAtMTI4IC0yMjcyIDAKdiAtMTYwIC0yMjcyIDAKdiAtMTkyIC0yMjcyIDAKdiAtMjI0IC0yMjcyIDAKdiAtMjU2IC0yMjcyIDAKdiAtMjg4IC0yMjcyIDAKdiAtMzIwIC0yMjcyIDAKdiAtMzUyIC0yMjcyIDAKdiAtMzg0IC0yMjcyIDAKdiAtNDE2IC0yMjcyIDAKdiAtNDQ4IC0yMjcyIDAKdiAtNDgwIC0yMjcyIDAKdiAtNTEyIC0yMjcyIDAKdiAtNTQ0IC0yMjcyIDAKdiAtNTc2IC0yMjcyIDAKdiAtNjA4IC0yMjcyIDAKdiAtNjQwIC0yMjcyIDAKdiAtNjcyIC0yMjcyIDAKdiAtNzA0IC0yMjcyIDAKdiAtNzM2IC0yMjcyIDAKdiAtNzY4IC0yMjcyIDAKdiAtODAwIC0yMjcyIDAKdiAtODMyIC0yMjcyIDAKdiAtODY0IC0yMjcyIDAKdiAtODk2IC0yMjcyIDAKdiAtOTI4IC0yMjcyIDAKdiAtOTYwIC0yMjcyIDAKdiAtOTkyIC0yMjcyIDAKdiAtMTAyNCAtMjI3MiAwCnYgLTEwNTYgLTIyNzIgMAp2IC0xMDg4IC0yMjcyIDAKdiAtMTEyMCAtMjI3MiAwCnYgLTExNTIgLTIyNzIgMAp2IC0xMTg0IC0yMjcyIDAKdiAtMTIxNiAtMjI3MiAwCnYgLTEyNDggLTIyNzIgMAp2IC0xMjgwIC0yMjcyIDAKdiAtMTMxMiAtMjI3MiAwCnYgLTEzNDQgLTIyNzIgMAp2IC0xMzc2IC0yMjcyIDAKdiAtMTQwOCAtMjI3MiAwCnYgLTE0NDAgLTIyNzIgMAp2IC0xNDcyIC0yMjcyIDAKdiAtMTUwNCAtMjI3MiAwCnYgLTE1MzYgLTIyNzIgMAp2IC0xNTY4IC0yMjcyIDAKdiAtMTYwMCAtMjI3MiAwCnYgLTE2MzIgLTIyNzIgMAp2IC0xNjY0IC0yMjcyIDAKdiAtMTY5NiAtMjI3MiAwCnYgLTE3MjggLTIyNzIgMAp2IC0xNzYwIC0yMjcyIDAKdiAtMTc5MiAtMjI3MiAwCnYgLTE4MjQgLTIyNzIgMAp2IC0xODU2IC0yMjcyIDAKdiAtMTg4OCAtMjI3MiAwCnYgLTE5MjAgLTIyNzIgMAp2IC0xOTUyIC0yMjcyIDAKdiAtMTk4NCAtMjI3MiAwCnYgLTIwMTYgLTIyNzIgMAp2IC0yMDQ4IC0yMjcyIDAKdiAtMjA4MCAtMjI3MiAwCnYgLTIxMTIgLTIyNzIgMAp2IC0yMTQ0IC0yMjcyIDAKdiAtMjE3NiAtMjI3MiAwCnYgLTIyMDggLTIyNzIgMAp2IC0yMjQwIC0yMjcyIDAKdiAtMjI3MiAtMjI3MiAwCnYgLTIzMDQgLTIyNzIgMAp2IC0yMzM2IC0yMjcyIDAKdiAtMjM2OCAtMjI3MiAwCnYgLTI0MDAgLTIyNzIgMAp2IC0yNDMyIC0yMjcyIDAKdiAtMjQ2NCAtMjI3MiAwCnYgLTI0OTYgLTIyNzIgMAp2IC0yNTI4IC0yMjcyIDAKdiAtMjU2MCAtMjI3MiAwCnYgLTI1OTIgLTIyNzIgMAp2IC0yNjI0IC0yMjcyIDAKdiAtMjY1NiAtMjI3MiAwCnYgLTI2ODggLTIyNzIgMAp2IC0yNzIwIC0yMjcyIDAKdiAtMjc1MiAtMjI3MiAwCnYgLTI3ODQgLTIyNzIgMAp2IC0yODE2IC0yMjcyIDAKdiAtMjg0OCAtMjI3MiAwCnYgLTI4ODAgLTIyNzIgMAp2IC0yOTEyIC0yMjcyIDAKdiAtMjk0NCAtMjI3MiAwCnYgLTI5NzYgLTIyNzIgMAp2IC0zMDA4IC0yMjcyIDAKdiAtMzA0MCAtMjI3MiAwCnYgLTMwNzIgLTIyNzIgMAp2IC0zMTA0IC0yMjcyIDAKdiAtMzEzNiAtMjI3MiAwCnYgLTMxNjggLTIyNzIgMAp2IC0zMjAwIC0yMjcyIDAKdiAwIC0yMzA0IDAKdiAtMzIgLTIzMDQgMAp2IC02NCAtMjMwNCAwCnYgLTk2IC0yMzA0IDAKdiAtMTI4IC0yMzA0IDAKdiAtMTYwIC0yMzA0IDAKdiAtMTkyIC0yMzA0IDAKdiAtMjI0IC0yMzA0IDAKdiAtMjU2IC0yMzA0IDAKdiAtMjg4IC0yMzA0IDAKdiAtMzIwIC0yMzA0IDAKdiAtMzUyIC0yMzA0IDAKdiAtMzg0IC0yMzA0IDAKdiAtNDE2IC0yMzA0IDAKdiAtNDQ4IC0yMzA0IDAKdiAtNDgwIC0yMzA0IDAKdiAtNTEyIC0yMzA0IDAKdiAtNTQ0IC0yMzA0IDAKdiAtNTc2IC0yMzA0IDAKdiAtNjA4IC0yMzA0IDAKdiAtNjQwIC0yMzA0IDAKdiAtNjcyIC0yMzA0IDAKdiAtNzA0IC0yMzA0IDAKdiAtNzM2IC0yMzA0IDAKdiAtNzY4IC0yMzA0IDAKdiAtODAwIC0yMzA0IDAKdiAtODMyIC0yMzA0IDAKdiAtODY0IC0yMzA0IDAKdiAtODk2IC0yMzA0IDAKdiAtOTI4IC0yMzA0IDAKdiAtOTYwIC0yMzA0IDAKdiAtOTkyIC0yMzA0IDAKdiAtMTAyNCAtMjMwNCAwCnYgLTEwNTYgLTIzMDQgMAp2IC0xMDg4IC0yMzA0IDAKdiAtMTEyMCAtMjMwNCAwCnYgLTExNTIgLTIzMDQgMAp2IC0xMTg0IC0yMzA0IDAKdiAtMTIxNiAtMjMwNCAwCnYgLTEyNDggLTIzMDQgMAp2IC0xMjgwIC0yMzA0IDAKdiAtMTMxMiAtMjMwNCAwCnYgLTEzNDQgLTIzMDQgMAp2IC0xMzc2IC0yMzA0IDAKdiAtMTQwOCAtMjMwNCAwCnYgLTE0NDAgLTIzMDQgMAp2IC0xNDcyIC0yMzA0IDAKdiAtMTUwNCAtMjMwNCAwCnYgLTE1MzYgLTIzMDQgMAp2IC0xNTY4IC0yMzA0IDAKdiAtMTYwMCAtMjMwNCAwCnYgLTE2MzIgLTIzMDQgMAp2IC0xNjY0IC0yMzA0IDAKdiAtMTY5NiAtMjMwNCAwCnYgLTE3MjggLTIzMDQgMAp2IC0xNzYwIC0yMzA0IDAKdiAtMTc5MiAtMjMwNCAwCnYgLTE4MjQgLTIzMDQgMAp2IC0xODU2IC0yMzA0IDAKdiAtMTg4OCAtMjMwNCAwCnYgLTE5MjAgLTIzMDQgMAp2IC0xOTUyIC0yMzA0IDAKdiAtMTk4NCAtMjMwNCAwCnYgLTIwMTYgLTIzMDQgMAp2IC0yMDQ4IC0yMzA0IDAKdiAtMjA4MCAtMjMwNCAwCnYgLTIxMTIgLTIzMDQgMAp2IC0yMTQ0IC0yMzA0IDAKdiAtMjE3NiAtMjMwNCAwCnYgLTIyMDggLTIzMDQgMAp2IC0yMjQwIC0yMzA0IDAKdiAtMjI3MiAtMjMwNCAwCnYgLTIzMDQgLTIzMDQgMAp2IC0yMzM2IC0yMzA0IDAKdiAtMjM2OCAtMjMwNCAwCnYgLTI0MDAgLTIzMDQgMAp2IC0yNDMyIC0yMzA0IDAKdiAtMjQ2NCAtMjMwNCAwCnYgLTI0OTYgLTIzMDQgMAp2IC0yNTI4IC0yMzA0IDAKdiAtMjU2MCAtMjMwNCAwCnYgLTI1OTIgLTIzMDQgMAp2IC0yNjI0IC0yMzA0IDAKdiAtMjY1NiAtMjMwNCAwCnYgLTI2ODggLTIzMDQgMAp2IC0yNzIwIC0yMzA0IDAKdiAtMjc1MiAtMjMwNCAwCnYgLTI3ODQgLTIzMDQgMAp2IC0yODE2IC0yMzA0IDAKdiAtMjg0OCAtMjMwNCAwCnYgLTI4ODAgLTIzMDQgMAp2IC0yOTEyIC0yMzA0IDAKdiAtMjk0NCAtMjMwNCAwCnYgLTI5NzYgLTIzMDQgMAp2IC0zMDA4IC0yMzA0IDAKdiAtMzA0MCAtMjMwNCAwCnYgLTMwNzIgLTIzMDQgMAp2IC0zMTA0IC0yMzA0IDAKdiAtMzEzNiAtMjMwNCAwCnYgLTMxNjggLTIzMDQgMAp2IC0zMjAwIC0yMzA0IDAKdiAwIC0yMzM2IDAKdiAtMzIgLTIzMzYgMAp2IC02NCAtMjMzNiAwCnYgLTk2IC0yMzM2IDAKdiAtMTI4IC0yMzM2IDAKdiAtMTYwIC0yMzM2IDAKdiAtMTkyIC0yMzM2IDAKdiAtMjI0IC0yMzM2IDAKdiAtMjU2IC0yMzM2IDAKdiAtMjg4IC0yMzM2IDAKdiAtMzIwIC0yMzM2IDAKdiAtMzUyIC0yMzM2IDAKdiAtMzg0IC0yMzM2IDAKdiAtNDE2IC0yMzM2IDAKdiAtNDQ4IC0yMzM2IDAKdiAtNDgwIC0yMzM2IDAKdiAtNTEyIC0yMzM2IDAKdiAtNTQ0IC0yMzM2IDAKdiAtNTc2IC0yMzM2IDAKdiAtNjA4IC0yMzM2IDAKdiAtNjQwIC0yMzM2IDAKdiAtNjcyIC0yMzM2IDAKdiAtNzA0IC0yMzM2IDAKdiAtNzM2IC0yMzM2IDAKdiAtNzY4IC0yMzM2IDAKdiAtODAwIC0yMzM2IDAKdiAtODMyIC0yMzM2IDAKdiAtODY0IC0yMzM2IDAKdiAtODk2IC0yMzM2IDAKdiAtOTI4IC0yMzM2IDAKdiAtOTYwIC0yMzM2IDAKdiAtOTkyIC0yMzM2IDAKdiAtMTAyNCAtMjMzNiAwCnYgLTEwNTYgLTIzMzYgMAp2IC0xMDg4IC0yMzM2IDAKdiAtMTEyMCAtMjMzNiAwCnYgLTExNTIgLTIzMzYgMAp2IC0xMTg0IC0yMzM2IDAKdiAtMTIxNiAtMjMzNiAwCnYgLTEyNDggLTIzMzYgMAp2IC0xMjgwIC0yMzM2IDAKdiAtMTMxMiAtMjMzNiAwCnYgLTEzNDQgLTIzMzYgMAp2IC0xMzc2IC0yMzM2IDAKdiAtMTQwOCAtMjMzNiAwCnYgLTE0NDAgLTIzMzYgMAp2IC0xNDcyIC0yMzM2IDAKdiAtMTUwNCAtMjMzNiAwCnYgLTE1MzYgLTIzMzYgMAp2IC0xNTY4IC0yMzM2IDAKdiAtMTYwMCAtMjMzNiAwCnYgLTE2MzIgLTIzMzYgMAp2IC0xNjY0IC0yMzM2IDAKdiAtMTY5NiAtMjMzNiAwCnYgLTE3MjggLTIzMzYgMAp2IC0xNzYwIC0yMzM2IDAKdiAtMTc5MiAtMjMzNiAwCnYgLTE4MjQgLTIzMzYgMAp2IC0xODU2IC0yMzM2IDAKdiAtMTg4OCAtMjMzNiAwCnYgLTE5MjAgLTIzMzYgMAp2IC0xOTUyIC0yMzM2IDAKdiAtMTk4NCAtMjMzNiAwCnYgLTIwMTYgLTIzMzYgMAp2IC0yMDQ4IC0yMzM2IDAKdiAtMjA4MCAtMjMzNiAwCnYgLTIxMTIgLTIzMzYgMAp2IC0yMTQ0IC0yMzM2IDAKdiAtMjE3NiAtMjMzNiAwCnYgLTIyMDggLTIzMzYgMAp2IC0yMjQwIC0yMzM2IDAKdiAtMjI3MiAtMjMzNiAwCnYgLTIzMDQgLTIzMzYgMAp2IC0yMzM2IC0yMzM2IDAKdiAtMjM2OCAtMjMzNiAwCnYgLTI0MDAgLTIzMzYgMAp2IC0yNDMyIC0yMzM2IDAKdiAtMjQ2NCAtMjMzNiAwCnYgLTI0OTYgLTIzMzYgMAp2IC0yNTI4IC0yMzM2IDAKdiAtMjU2MCAtMjMzNiAwCnYgLTI1OTIgLTIzMzYgMAp2IC0yNjI0IC0yMzM2IDAKdiAtMjY1NiAtMjMzNiAwCnYgLTI2ODggLTIzMzYgMAp2IC0yNzIwIC0yMzM2IDAKdiAtMjc1MiAtMjMzNiAwCnYgLTI3ODQgLTIzMzYgMAp2IC0yODE2IC0yMzM2IDAKdiAtMjg0OCAtMjMzNiAwCnYgLTI4ODAgLTIzMzYgMAp2IC0yOTEyIC0yMzM2IDAKdiAtMjk0NCAtMjMzNiAwCnYgLTI5NzYgLTIzMzYgMAp2IC0zMDA4IC0yMzM2IDAKdiAtMzA0MCAtMjMzNiAwCnYgLTMwNzIgLTIzMzYgMAp2IC0zMTA0IC0yMzM2IDAKdiAtMzEzNiAtMjMzNiAwCnYgLTMxNjggLTIzMzYgMAp2IC0zMjAwIC0yMzM2IDAKdiAwIC0yMzY4IDAKdiAtMzIgLTIzNjggMAp2IC02NCAtMjM2OCAwCnYgLTk2IC0yMzY4IDAKdiAtMTI4IC0yMzY4IDAKdiAtMTYwIC0yMzY4IDAKdiAtMTkyIC0yMzY4IDAKdiAtMjI0IC0yMzY4IDAKdiAtMjU2IC0yMzY4IDAKdiAtMjg4IC0yMzY4IDAKdiAtMzIwIC0yMzY4IDAKdiAtMzUyIC0yMzY4IDAKdiAtMzg0IC0yMzY4IDAKdiAtNDE2IC0yMzY4IDAKdiAtNDQ4IC0yMzY4IDAKdiAtNDgwIC0yMzY4IDAKdiAtNTEyIC0yMzY4IDAKdiAtNTQ0IC0yMzY4IDAKdiAtNTc2IC0yMzY4IDAKdiAtNjA4IC0yMzY4IDAKdiAtNjQwIC0yMzY4IDAKdiAtNjcyIC0yMzY4IDAKdiAtNzA0IC0yMzY4IDAKdiAtNzM2IC0yMzY4IDAKdiAtNzY4IC0yMzY4IDAKdiAtODAwIC0yMzY4IDAKdiAtODMyIC0yMzY4IDAKdiAtODY0IC0yMzY4IDAKdiAtODk2IC0yMzY4IDAKdiAtOTI4IC0yMzY4IDAKdiAtOTYwIC0yMzY4IDAKdiAtOTkyIC0yMzY4IDAKdiAtMTAyNCAtMjM2OCAwCnYgLTEwNTYgLTIzNjggMAp2IC0xMDg4IC0yMzY4IDAKdiAtMTEyMCAtMjM2OCAwCnYgLTExNTIgLTIzNjggMAp2IC0xMTg0IC0yMzY4IDAKdiAtMTIxNiAtMjM2OCAwCnYgLTEyNDggLTIzNjggMAp2IC0xMjgwIC0yMzY4IDAKdiAtMTMxMiAtMjM2OCAwCnYgLTEzNDQgLTIzNjggMAp2IC0xMzc2IC0yMzY4IDAKdiAtMTQwOCAtMjM2OCAwCnYgLTE0NDAgLTIzNjggMAp2IC0xNDcyIC0yMzY4IDAKdiAtMTUwNCAtMjM2OCAwCnYgLTE1MzYgLTIzNjggMAp2IC0xNTY4IC0yMzY4IDAKdiAtMTYwMCAtMjM2OCAwCnYgLTE2MzIgLTIzNjggMAp2IC0xNjY0IC0yMzY4IDAKdiAtMTY5NiAtMjM2OCAwCnYgLTE3MjggLTIzNjggMAp2IC0xNzYwIC0yMzY4IDAKdiAtMTc5MiAtMjM2OCAwCnYgLTE4MjQgLTIzNjggMAp2IC0xODU2IC0yMzY4IDAKdiAtMTg4OCAtMjM2OCAwCnYgLTE5MjAgLTIzNjggMAp2IC0xOTUyIC0yMzY4IDAKdiAtMTk4NCAtMjM2OCAwCnYgLTIwMTYgLTIzNjggMAp2IC0yMDQ4IC0yMzY4IDAKdiAtMjA4MCAtMjM2OCAwCnYgLTIxMTIgLTIzNjggMAp2IC0yMTQ0IC0yMzY4IDAKdiAtMjE3NiAtMjM2OCAwCnYgLTIyMDggLTIzNjggMAp2IC0yMjQwIC0yMzY4IDAKdiAtMjI3MiAtMjM2OCAwCnYgLTIzMDQgLTIzNjggMAp2IC0yMzM2IC0yMzY4IDAKdiAtMjM2OCAtMjM2OCAwCnYgLTI0MDAgLTIzNjggMAp2IC0yNDMyIC0yMzY4IDAKdiAtMjQ2NCAtMjM2OCAwCnYgLTI0OTYgLTIzNjggMAp2IC0yNTI4IC0yMzY4IDAKdiAtMjU2MCAtMjM2OCAwCnYgLTI1OTIgLTIzNjggMAp2IC0yNjI0IC0yMzY4IDAKdiAtMjY1NiAtMjM2OCAwCnYgLTI2ODggLTIzNjggMAp2IC0yNzIwIC0yMzY4IDAKdiAtMjc1MiAtMjM2OCAwCnYgLTI3ODQgLTIzNjggMAp2IC0yODE2IC0yMzY4IDAKdiAtMjg0OCAtMjM2OCAwCnYgLTI4ODAgLTIzNjggMAp2IC0yOTEyIC0yMzY4IDAKdiAtMjk0NCAtMjM2OCAwCnYgLTI5NzYgLTIzNjggMAp2IC0zMDA4IC0yMzY4IDAKdiAtMzA0MCAtMjM2OCAwCnYgLTMwNzIgLTIzNjggMAp2IC0zMTA0IC0yMzY4IDAKdiAtMzEzNiAtMjM2OCAwCnYgLTMxNjggLTIzNjggMAp2IC0zMjAwIC0yMzY4IDAKdiAwIC0yNDAwIDAKdiAtMzIgLTI0MDAgMAp2IC02NCAtMjQwMCAwCnYgLTk2IC0yNDAwIDAKdiAtMTI4IC0yNDAwIDAKdiAtMTYwIC0yNDAwIDAKdiAtMTkyIC0yNDAwIDAKdiAtMjI0IC0yNDAwIDAKdiAtMjU2IC0yNDAwIDAKdiAtMjg4IC0yNDAwIDAKdiAtMzIwIC0yNDAwIDAKdiAtMzUyIC0yNDAwIDAKdiAtMzg0IC0yNDAwIDAKdiAtNDE2IC0yNDAwIDAKdiAtNDQ4IC0yNDAwIDAKdiAtNDgwIC0yNDAwIDAKdiAtNTEyIC0yNDAwIDAKdiAtNTQ0IC0yNDAwIDAKdiAtNTc2IC0yNDAwIDAKdiAtNjA4IC0yNDAwIDAKdiAtNjQwIC0yNDAwIDAKdiAtNjcyIC0yNDAwIDAKdiAtNzA0IC0yNDAwIDAKdiAtNzM2IC0yNDAwIDAKdiAtNzY4IC0yNDAwIDAKdiAtODAwIC0yNDAwIDAKdiAtODMyIC0yNDAwIDAKdiAtODY0IC0yNDAwIDAKdiAtODk2IC0yNDAwIDAKdiAtOTI4IC0yNDAwIDAKdiAtOTYwIC0yNDAwIDAKdiAtOTkyIC0yNDAwIDAKdiAtMTAyNCAtMjQwMCAwCnYgLTEwNTYgLTI0MDAgMAp2IC0xMDg4IC0yNDAwIDAKdiAtMTEyMCAtMjQwMCAwCnYgLTExNTIgLTI0MDAgMAp2IC0xMTg0IC0yNDAwIDAKdiAtMTIxNiAtMjQwMCAwCnYgLTEyNDggLTI0MDAgMAp2IC0xMjgwIC0yNDAwIDAKdiAtMTMxMiAtMjQwMCAwCnYgLTEzNDQgLTI0MDAgMAp2IC0xMzc2IC0yNDAwIDAKdiAtMTQwOCAtMjQwMCAwCnYgLTE0NDAgLTI0MDAgMAp2IC0xNDcyIC0yNDAwIDAKdiAtMTUwNCAtMjQwMCAwCnYgLTE1MzYgLTI0MDAgMAp2IC0xNTY4IC0yNDAwIDAKdiAtMTYwMCAtMjQwMCAwCnYgLTE2MzIgLTI0MDAgMAp2IC0xNjY0IC0yNDAwIDAKdiAtMTY5NiAtMjQwMCAwCnYgLTE3MjggLTI0MDAgMAp2IC0xNzYwIC0yNDAwIDAKdiAtMTc5MiAtMjQwMCAwCnYgLTE4MjQgLTI0MDAgMAp2IC0xODU2IC0yNDAwIDAKdiAtMTg4OCAtMjQwMCAwCnYgLTE5MjAgLTI0MDAgMAp2IC0xOTUyIC0yNDAwIDAKdiAtMTk4NCAtMjQwMCAwCnYgLTIwMTYgLTI0MDAgMAp2IC0yMDQ4IC0yNDAwIDAKdiAtMjA4MCAtMjQwMCAwCnYgLTIxMTIgLTI0MDAgMAp2IC0yMTQ0IC0yNDAwIDAKdiAtMjE3NiAtMjQwMCAwCnYgLTIyMDggLTI0MDAgMAp2IC0yMjQwIC0yNDAwIDAKdiAtMjI3MiAtMjQwMCAwCnYgLTIzMDQgLTI0MDAgMAp2IC0yMzM2IC0yNDAwIDAKdiAtMjM2OCAtMjQwMCAwCnYgLTI0MDAgLTI0MDAgMAp2IC0yNDMyIC0yNDAwIDAKdiAtMjQ2NCAtMjQwMCAwCnYgLTI0OTYgLTI0MDAgMAp2IC0yNTI4IC0yNDAwIDAKdiAtMjU2MCAtMjQwMCAwCnYgLTI1OTIgLTI0MDAgMAp2IC0yNjI0IC0yNDAwIDAKdiAtMjY1NiAtMjQwMCAwCnYgLTI2ODggLTI0MDAgMAp2IC0yNzIwIC0yNDAwIDAKdiAtMjc1MiAtMjQwMCAwCnYgLTI3ODQgLTI0MDAgMAp2IC0yODE2IC0yNDAwIDAKdiAtMjg0OCAtMjQwMCAwCnYgLTI4ODAgLTI0MDAgMAp2IC0yOTEyIC0yNDAwIDAKdiAtMjk0NCAtMjQwMCAwCnYgLTI5NzYgLTI0MDAgMAp2IC0zMDA4IC0yNDAwIDAKdiAtMzA0MCAtMjQwMCAwCnYgLTMwNzIgLTI0MDAgMAp2IC0zMTA0IC0yNDAwIDAKdiAtMzEzNiAtMjQwMCAwCnYgLTMxNjggLTI0MDAgMAp2IC0zMjAwIC0yNDAwIDAKdiAwIC0yNDMyIDAKdiAtMzIgLTI0MzIgMAp2IC02NCAtMjQzMiAwCnYgLTk2IC0yNDMyIDAKdiAtMTI4IC0yNDMyIDAKdiAtMTYwIC0yNDMyIDAKdiAtMTkyIC0yNDMyIDAKdiAtMjI0IC0yNDMyIDAKdiAtMjU2IC0yNDMyIDAKdiAtMjg4IC0yNDMyIDAKdiAtMzIwIC0yNDMyIDAKdiAtMzUyIC0yNDMyIDAKdiAtMzg0IC0yNDMyIDAKdiAtNDE2IC0yNDMyIDAKdiAtNDQ4IC0yNDMyIDAKdiAtNDgwIC0yNDMyIDAKdiAtNTEyIC0yNDMyIDAKdiAtNTQ0IC0yNDMyIDAKdiAtNTc2IC0yNDMyIDAKdiAtNjA4IC0yNDMyIDAKdiAtNjQwIC0yNDMyIDAKdiAtNjcyIC0yNDMyIDAKdiAtNzA0IC0yNDMyIDAKdiAtNzM2IC0yNDMyIDAKdiAtNzY4IC0yNDMyIDAKdiAtODAwIC0yNDMyIDAKdiAtODMyIC0yNDMyIDAKdiAtODY0IC0yNDMyIDAKdiAtODk2IC0yNDMyIDAKdiAtOTI4IC0yNDMyIDAKdiAtOTYwIC0yNDMyIDAKdiAtOTkyIC0yNDMyIDAKdiAtMTAyNCAtMjQzMiAwCnYgLTEwNTYgLTI0MzIgMAp2IC0xMDg4IC0yNDMyIDAKdiAtMTEyMCAtMjQzMiAwCnYgLTExNTIgLTI0MzIgMAp2IC0xMTg0IC0yNDMyIDAKdiAtMTIxNiAtMjQzMiAwCnYgLTEyNDggLTI0MzIgMAp2IC0xMjgwIC0yNDMyIDAKdiAtMTMxMiAtMjQzMiAwCnYgLTEzNDQgLTI0MzIgMAp2IC0xMzc2IC0yNDMyIDAKdiAtMTQwOCAtMjQzMiAwCnYgLTE0NDAgLTI0MzIgMAp2IC0xNDcyIC0yNDMyIDAKdiAtMTUwNCAtMjQzMiAwCnYgLTE1MzYgLTI0MzIgMAp2IC0xNTY4IC0yNDMyIDAKdiAtMTYwMCAtMjQzMiAwCnYgLTE2MzIgLTI0MzIgMAp2IC0xNjY0IC0yNDMyIDAKdiAtMTY5NiAtMjQzMiAwCnYgLTE3MjggLTI0MzIgMAp2IC0xNzYwIC0yNDMyIDAKdiAtMTc5MiAtMjQzMiAwCnYgLTE4MjQgLTI0MzIgMAp2IC0xODU2IC0yNDMyIDAKdiAtMTg4OCAtMjQzMiAwCnYgLTE5MjAgLTI0MzIgMAp2IC0xOTUyIC0yNDMyIDAKdiAtMTk4NCAtMjQzMiAwCnYgLTIwMTYgLTI0MzIgMAp2IC0yMDQ4IC0yNDMyIDAKdiAtMjA4MCAtMjQzMiAwCnYgLTIxMTIgLTI0MzIgMAp2IC0yMTQ0IC0yNDMyIDAKdiAtMjE3NiAtMjQzMiAwCnYgLTIyMDggLTI0MzIgMAp2IC0yMjQwIC0yNDMyIDAKdiAtMjI3MiAtMjQzMiAwCnYgLTIzMDQgLTI0MzIgMAp2IC0yMzM2IC0yNDMyIDAKdiAtMjM2OCAtMjQzMiAwCnYgLTI0MDAgLTI0MzIgMAp2IC0yNDMyIC0yNDMyIDAKdiAtMjQ2NCAtMjQzMiAwCnYgLTI0OTYgLTI0MzIgMAp2IC0yNTI4IC0yNDMyIDAKdiAtMjU2MCAtMjQzMiAwCnYgLTI1OTIgLTI0MzIgMAp2IC0yNjI0IC0yNDMyIDAKdiAtMjY1NiAtMjQzMiAwCnYgLTI2ODggLTI0MzIgMAp2IC0yNzIwIC0yNDMyIDAKdiAtMjc1MiAtMjQzMiAwCnYgLTI3ODQgLTI0MzIgMAp2IC0yODE2IC0yNDMyIDAKdiAtMjg0OCAtMjQzMiAwCnYgLTI4ODAgLTI0MzIgMAp2IC0yOTEyIC0yNDMyIDAKdiAtMjk0NCAtMjQzMiAwCnYgLTI5NzYgLTI0MzIgMAp2IC0zMDA4IC0yNDMyIDAKdiAtMzA0MCAtMjQzMiAwCnYgLTMwNzIgLTI0MzIgMAp2IC0zMTA0IC0yNDMyIDAKdiAtMzEzNiAtMjQzMiAwCnYgLTMxNjggLTI0MzIgMAp2IC0zMjAwIC0yNDMyIDAKdiAwIC0yNDY0IDAKdiAtMzIgLTI0NjQgMAp2IC02NCAtMjQ2NCAwCnYgLTk2IC0yNDY0IDAKdiAtMTI4IC0yNDY0IDAKdiAtMTYwIC0yNDY0IDAKdiAtMTkyIC0yNDY0IDAKdiAtMjI0IC0yNDY0IDAKdiAtMjU2IC0yNDY0IDAKdiAtMjg4IC0yNDY0IDAKdiAtMzIwIC0yNDY0IDAKdiAtMzUyIC0yNDY0IDAKdiAtMzg0IC0yNDY0IDAKdiAtNDE2IC0yNDY0IDAKdiAtNDQ4IC0yNDY0IDAKdiAtNDgwIC0yNDY0IDAKdiAtNTEyIC0yNDY0IDAKdiAtNTQ0IC0yNDY0IDAKdiAtNTc2IC0yNDY0IDAKdiAtNjA4IC0yNDY0IDAKdiAtNjQwIC0yNDY0IDAKdiAtNjcyIC0yNDY0IDAKdiAtNzA0IC0yNDY0IDAKdiAtNzM2IC0yNDY0IDAKdiAtNzY4IC0yNDY0IDAKdiAtODAwIC0yNDY0IDAKdiAtODMyIC0yNDY0IDAKdiAtODY0IC0yNDY0IDAKdiAtODk2IC0yNDY0IDAKdiAtOTI4IC0yNDY0IDAKdiAtOTYwIC0yNDY0IDAKdiAtOTkyIC0yNDY0IDAKdiAtMTAyNCAtMjQ2NCAwCnYgLTEwNTYgLTI0NjQgMAp2IC0xMDg4IC0yNDY0IDAKdiAtMTEyMCAtMjQ2NCAwCnYgLTExNTIgLTI0NjQgMAp2IC0xMTg0IC0yNDY0IDAKdiAtMTIxNiAtMjQ2NCAwCnYgLTEyNDggLTI0NjQgMAp2IC0xMjgwIC0yNDY0IDAKdiAtMTMxMiAtMjQ2NCAwCnYgLTEzNDQgLTI0NjQgMAp2IC0xMzc2IC0yNDY0IDAKdiAtMTQwOCAtMjQ2NCAwCnYgLTE0NDAgLTI0NjQgMAp2IC0xNDcyIC0yNDY0IDAKdiAtMTUwNCAtMjQ2NCAwCnYgLTE1MzYgLTI0NjQgMAp2IC0xNTY4IC0yNDY0IDAKdiAtMTYwMCAtMjQ2NCAwCnYgLTE2MzIgLTI0NjQgMAp2IC0xNjY0IC0yNDY0IDAKdiAtMTY5NiAtMjQ2NCAwCnYgLTE3MjggLTI0NjQgMAp2IC0xNzYwIC0yNDY0IDAKdiAtMTc5MiAtMjQ2NCAwCnYgLTE4MjQgLTI0NjQgMAp2IC0xODU2IC0yNDY0IDAKdiAtMTg4OCAtMjQ2NCAwCnYgLTE5MjAgLTI0NjQgMAp2IC0xOTUyIC0yNDY0IDAKdiAtMTk4NCAtMjQ2NCAwCnYgLTIwMTYgLTI0NjQgMAp2IC0yMDQ4IC0yNDY0IDAKdiAtMjA4MCAtMjQ2NCAwCnYgLTIxMTIgLTI0NjQgMAp2IC0yMTQ0IC0yNDY0IDAKdiAtMjE3NiAtMjQ2NCAwCnYgLTIyMDggLTI0NjQgMAp2IC0yMjQwIC0yNDY0IDAKdiAtMjI3MiAtMjQ2NCAwCnYgLTIzMDQgLTI0NjQgMAp2IC0yMzM2IC0yNDY0IDAKdiAtMjM2OCAtMjQ2NCAwCnYgLTI0MDAgLTI0NjQgMAp2IC0yNDMyIC0yNDY0IDAKdiAtMjQ2NCAtMjQ2NCAwCnYgLTI0OTYgLTI0NjQgMAp2IC0yNTI4IC0yNDY0IDAKdiAtMjU2MCAtMjQ2NCAwCnYgLTI1OTIgLTI0NjQgMAp2IC0yNjI0IC0yNDY0IDAKdiAtMjY1NiAtMjQ2NCAwCnYgLTI2ODggLTI0NjQgMAp2IC0yNzIwIC0yNDY0IDAKdiAtMjc1MiAtMjQ2NCAwCnYgLTI3ODQgLTI0NjQgMAp2IC0yODE2IC0yNDY0IDAKdiAtMjg0OCAtMjQ2NCAwCnYgLTI4ODAgLTI0NjQgMAp2IC0yOTEyIC0yNDY0IDAKdiAtMjk0NCAtMjQ2NCAwCnYgLTI5NzYgLTI0NjQgMAp2IC0zMDA4IC0yNDY0IDAKdiAtMzA0MCAtMjQ2NCAwCnYgLTMwNzIgLTI0NjQgMAp2IC0zMTA0IC0yNDY0IDAKdiAtMzEzNiAtMjQ2NCAwCnYgLTMxNjggLTI0NjQgMAp2IC0zMjAwIC0yNDY0IDAKdiAwIC0yNDk2IDAKdiAtMzIgLTI0OTYgMAp2IC02NCAtMjQ5NiAwCnYgLTk2IC0yNDk2IDAKdiAtMTI4IC0yNDk2IDAKdiAtMTYwIC0yNDk2IDAKdiAtMTkyIC0yNDk2IDAKdiAtMjI0IC0yNDk2IDAKdiAtMjU2IC0yNDk2IDAKdiAtMjg4IC0yNDk2IDAKdiAtMzIwIC0yNDk2IDAKdiAtMzUyIC0yNDk2IDAKdiAtMzg0IC0yNDk2IDAKdiAtNDE2IC0yNDk2IDAKdiAtNDQ4IC0yNDk2IDAKdiAtNDgwIC0yNDk2IDAKdiAtNTEyIC0yNDk2IDAKdiAtNTQ0IC0yNDk2IDAKdiAtNTc2IC0yNDk2IDAKdiAtNjA4IC0yNDk2IDAKdiAtNjQwIC0yNDk2IDAKdiAtNjcyIC0yNDk2IDAKdiAtNzA0IC0yNDk2IDAKdiAtNzM2IC0yNDk2IDAKdiAtNzY4IC0yNDk2IDAKdiAtODAwIC0yNDk2IDAKdiAtODMyIC0yNDk2IDAKdiAtODY0IC0yNDk2IDAKdiAtODk2IC0yNDk2IDAKdiAtOTI4IC0yNDk2IDAKdiAtOTYwIC0yNDk2IDAKdiAtOTkyIC0yNDk2IDAKdiAtMTAyNCAtMjQ5NiAwCnYgLTEwNTYgLTI0OTYgMAp2IC0xMDg4IC0yNDk2IDAKdiAtMTEyMCAtMjQ5NiAwCnYgLTExNTIgLTI0OTYgMAp2IC0xMTg0IC0yNDk2IDAKdiAtMTIxNiAtMjQ5NiAwCnYgLTEyNDggLTI0OTYgMAp2IC0xMjgwIC0yNDk2IDAKdiAtMTMxMiAtMjQ5NiAwCnYgLTEzNDQgLTI0OTYgMAp2IC0xMzc2IC0yNDk2IDAKdiAtMTQwOCAtMjQ5NiAwCnYgLTE0NDAgLTI0OTYgMAp2IC0xNDcyIC0yNDk2IDAKdiAtMTUwNCAtMjQ5NiAwCnYgLTE1MzYgLTI0OTYgMAp2IC0xNTY4IC0yNDk2IDAKdiAtMTYwMCAtMjQ5NiAwCnYgLTE2MzIgLTI0OTYgMAp2IC0xNjY0IC0yNDk2IDAKdiAtMTY5NiAtMjQ5NiAwCnYgLTE3MjggLTI0OTYgMAp2IC0xNzYwIC0yNDk2IDAKdiAtMTc5MiAtMjQ5NiAwCnYgLTE4MjQgLTI0OTYgMAp2IC0xODU2IC0yNDk2IDAKdiAtMTg4OCAtMjQ5NiAwCnYgLTE5MjAgLTI0OTYgMAp2IC0xOTUyIC0yNDk2IDAKdiAtMTk4NCAtMjQ5NiAwCnYgLTIwMTYgLTI0OTYgMAp2IC0yMDQ4IC0yNDk2IDAKdiAtMjA4MCAtMjQ5NiAwCnYgLTIxMTIgLTI0OTYgMAp2IC0yMTQ0IC0yNDk2IDAKdiAtMjE3NiAtMjQ5NiAwCnYgLTIyMDggLTI0OTYgMAp2IC0yMjQwIC0yNDk2IDAKdiAtMjI3MiAtMjQ5NiAwCnYgLTIzMDQgLTI0OTYgMAp2IC0yMzM2IC0yNDk2IDAKdiAtMjM2OCAtMjQ5NiAwCnYgLTI0MDAgLTI0OTYgMAp2IC0yNDMyIC0yNDk2IDAKdiAtMjQ2NCAtMjQ5NiAwCnYgLTI0OTYgLTI0OTYgMAp2IC0yNTI4IC0yNDk2IDAKdiAtMjU2MCAtMjQ5NiAwCnYgLTI1OTIgLTI0OTYgMAp2IC0yNjI0IC0yNDk2IDAKdiAtMjY1NiAtMjQ5NiAwCnYgLTI2ODggLTI0OTYgMAp2IC0yNzIwIC0yNDk2IDAKdiAtMjc1MiAtMjQ5NiAwCnYgLTI3ODQgLTI0OTYgMAp2IC0yODE2IC0yNDk2IDAKdiAtMjg0OCAtMjQ5NiAwCnYgLTI4ODAgLTI0OTYgMAp2IC0yOTEyIC0yNDk2IDAKdiAtMjk0NCAtMjQ5NiAwCnYgLTI5NzYgLTI0OTYgMAp2IC0zMDA4IC0yNDk2IDAKdiAtMzA0MCAtMjQ5NiAwCnYgLTMwNzIgLTI0OTYgMAp2IC0zMTA0IC0yNDk2IDAKdiAtMzEzNiAtMjQ5NiAwCnYgLTMxNjggLTI0OTYgMAp2IC0zMjAwIC0yNDk2IDAKdiAwIC0yNTI4IDAKdiAtMzIgLTI1MjggMAp2IC02NCAtMjUyOCAwCnYgLTk2IC0yNTI4IDAKdiAtMTI4IC0yNTI4IDAKdiAtMTYwIC0yNTI4IDAKdiAtMTkyIC0yNTI4IDAKdiAtMjI0IC0yNTI4IDAKdiAtMjU2IC0yNTI4IDAKdiAtMjg4IC0yNTI4IDAKdiAtMzIwIC0yNTI4IDAKdiAtMzUyIC0yNTI4IDAKdiAtMzg0IC0yNTI4IDAKdiAtNDE2IC0yNTI4IDAKdiAtNDQ4IC0yNTI4IDAKdiAtNDgwIC0yNTI4IDAKdiAtNTEyIC0yNTI4IDAKdiAtNTQ0IC0yNTI4IDAKdiAtNTc2IC0yNTI4IDAKdiAtNjA4IC0yNTI4IDAKdiAtNjQwIC0yNTI4IDAKdiAtNjcyIC0yNTI4IDAKdiAtNzA0IC0yNTI4IDAKdiAtNzM2IC0yNTI4IDAKdiAtNzY4IC0yNTI4IDAKdiAtODAwIC0yNTI4IDAKdiAtODMyIC0yNTI4IDAKdiAtODY0IC0yNTI4IDAKdiAtODk2IC0yNTI4IDAKdiAtOTI4IC0yNTI4IDAKdiAtOTYwIC0yNTI4IDAKdiAtOTkyIC0yNTI4IDAKdiAtMTAyNCAtMjUyOCAwCnYgLTEwNTYgLTI1MjggMAp2IC0xMDg4IC0yNTI4IDAKdiAtMTEyMCAtMjUyOCAwCnYgLTExNTIgLTI1MjggMAp2IC0xMTg0IC0yNTI4IDAKdiAtMTIxNiAtMjUyOCAwCnYgLTEyNDggLTI1MjggMAp2IC0xMjgwIC0yNTI4IDAKdiAtMTMxMiAtMjUyOCAwCnYgLTEzNDQgLTI1MjggMAp2IC0xMzc2IC0yNTI4IDAKdiAtMTQwOCAtMjUyOCAwCnYgLTE0NDAgLTI1MjggMAp2IC0xNDcyIC0yNTI4IDAKdiAtMTUwNCAtMjUyOCAwCnYgLTE1MzYgLTI1MjggMAp2IC0xNTY4IC0yNTI4IDAKdiAtMTYwMCAtMjUyOCAwCnYgLTE2MzIgLTI1MjggMAp2IC0xNjY0IC0yNTI4IDAKdiAtMTY5NiAtMjUyOCAwCnYgLTE3MjggLTI1MjggMAp2IC0xNzYwIC0yNTI4IDAKdiAtMTc5MiAtMjUyOCAwCnYgLTE4MjQgLTI1MjggMAp2IC0xODU2IC0yNTI4IDAKdiAtMTg4OCAtMjUyOCAwCnYgLTE5MjAgLTI1MjggMAp2IC0xOTUyIC0yNTI4IDAKdiAtMTk4NCAtMjUyOCAwCnYgLTIwMTYgLTI1MjggMAp2IC0yMDQ4IC0yNTI4IDAKdiAtMjA4MCAtMjUyOCAwCnYgLTIxMTIgLTI1MjggMAp2IC0yMTQ0IC0yNTI4IDAKdiAtMjE3NiAtMjUyOCAwCnYgLTIyMDggLTI1MjggMAp2IC0yMjQwIC0yNTI4IDAKdiAtMjI3MiAtMjUyOCAwCnYgLTIzMDQgLTI1MjggMAp2IC0yMzM2IC0yNTI4IDAKdiAtMjM2OCAtMjUyOCAwCnYgLTI0MDAgLTI1MjggMAp2IC0yNDMyIC0yNTI4IDAKdiAtMjQ2NCAtMjUyOCAwCnYgLTI0OTYgLTI1MjggMAp2IC0yNTI4IC0yNTI4IDAKdiAtMjU2MCAtMjUyOCAwCnYgLTI1OTIgLTI1MjggMAp2IC0yNjI0IC0yNTI4IDAKdiAtMjY1NiAtMjUyOCAwCnYgLTI2ODggLTI1MjggMAp2IC0yNzIwIC0yNTI4IDAKdiAtMjc1MiAtMjUyOCAwCnYgLTI3ODQgLTI1MjggMAp2IC0yODE2IC0yNTI4IDAKdiAtMjg0OCAtMjUyOCAwCnYgLTI4ODAgLTI1MjggMAp2IC0yOTEyIC0yNTI4IDAKdiAtMjk0NCAtMjUyOCAwCnYgLTI5NzYgLTI1MjggMAp2IC0zMDA4IC0yNTI4IDAKdiAtMzA0MCAtMjUyOCAwCnYgLTMwNzIgLTI1MjggMAp2IC0zMTA0IC0yNTI4IDAKdiAtMzEzNiAtMjUyOCAwCnYgLTMxNjggLTI1MjggMAp2IC0zMjAwIC0yNTI4IDAKdiAwIC0yNTYwIDAKdiAtMzIgLTI1NjAgMAp2IC02NCAtMjU2MCAwCnYgLTk2IC0yNTYwIDAKdiAtMTI4IC0yNTYwIDAKdiAtMTYwIC0yNTYwIDAKdiAtMTkyIC0yNTYwIDAKdiAtMjI0IC0yNTYwIDAKdiAtMjU2IC0yNTYwIDAKdiAtMjg4IC0yNTYwIDAKdiAtMzIwIC0yNTYwIDAKdiAtMzUyIC0yNTYwIDAKdiAtMzg0IC0yNTYwIDAKdiAtNDE2IC0yNTYwIDAKdiAtNDQ4IC0yNTYwIDAKdiAtNDgwIC0yNTYwIDAKdiAtNTEyIC0yNTYwIDAKdiAtNTQ0IC0yNTYwIDAKdiAtNTc2IC0yNTYwIDAKdiAtNjA4IC0yNTYwIDAKdiAtNjQwIC0yNTYwIDAKdiAtNjcyIC0yNTYwIDAKdiAtNzA0IC0yNTYwIDAKdiAtNzM2IC0yNTYwIDAKdiAtNzY4IC0yNTYwIDAKdiAtODAwIC0yNTYwIDAKdiAtODMyIC0yNTYwIDAKdiAtODY0IC0yNTYwIDAKdiAtODk2IC0yNTYwIDAKdiAtOTI4IC0yNTYwIDAKdiAtOTYwIC0yNTYwIDAKdiAtOTkyIC0yNTYwIDAKdiAtMTAyNCAtMjU2MCAwCnYgLTEwNTYgLTI1NjAgMAp2IC0xMDg4IC0yNTYwIDAKdiAtMTEyMCAtMjU2MCAwCnYgLTExNTIgLTI1NjAgMAp2IC0xMTg0IC0yNTYwIDAKdiAtMTIxNiAtMjU2MCAwCnYgLTEyNDggLTI1NjAgMAp2IC0xMjgwIC0yNTYwIDAKdiAtMTMxMiAtMjU2MCAwCnYgLTEzNDQgLTI1NjAgMAp2IC0xMzc2IC0yNTYwIDAKdiAtMTQwOCAtMjU2MCAwCnYgLTE0NDAgLTI1NjAgMAp2IC0xNDcyIC0yNTYwIDAKdiAtMTUwNCAtMjU2MCAwCnYgLTE1MzYgLTI1NjAgMAp2IC0xNTY4IC0yNTYwIDAKdiAtMTYwMCAtMjU2MCAwCnYgLTE2MzIgLTI1NjAgMAp2IC0xNjY0IC0yNTYwIDAKdiAtMTY5NiAtMjU2MCAwCnYgLTE3MjggLTI1NjAgMAp2IC0xNzYwIC0yNTYwIDAKdiAtMTc5MiAtMjU2MCAwCnYgLTE4MjQgLTI1NjAgMAp2IC0xODU2IC0yNTYwIDAKdiAtMTg4OCAtMjU2MCAwCnYgLTE5MjAgLTI1NjAgMAp2IC0xOTUyIC0yNTYwIDAKdiAtMTk4NCAtMjU2MCAwCnYgLTIwMTYgLTI1NjAgMAp2IC0yMDQ4IC0yNTYwIDAKdiAtMjA4MCAtMjU2MCAwCnYgLTIxMTIgLTI1NjAgMAp2IC0yMTQ0IC0yNTYwIDAKdiAtMjE3NiAtMjU2MCAwCnYgLTIyMDggLTI1NjAgMAp2IC0yMjQwIC0yNTYwIDAKdiAtMjI3MiAtMjU2MCAwCnYgLTIzMDQgLTI1NjAgMAp2IC0yMzM2IC0yNTYwIDAKdiAtMjM2OCAtMjU2MCAwCnYgLTI0MDAgLTI1NjAgMAp2IC0yNDMyIC0yNTYwIDAKdiAtMjQ2NCAtMjU2MCAwCnYgLTI0OTYgLTI1NjAgMAp2IC0yNTI4IC0yNTYwIDAKdiAtMjU2MCAtMjU2MCAwCnYgLTI1OTIgLTI1NjAgMAp2IC0yNjI0IC0yNTYwIDAKdiAtMjY1NiAtMjU2MCAwCnYgLTI2ODggLTI1NjAgMAp2IC0yNzIwIC0yNTYwIDAKdiAtMjc1MiAtMjU2MCAwCnYgLTI3ODQgLTI1NjAgMAp2IC0yODE2IC0yNTYwIDAKdiAtMjg0OCAtMjU2MCAwCnYgLTI4ODAgLTI1NjAgMAp2IC0yOTEyIC0yNTYwIDAKdiAtMjk0NCAtMjU2MCAwCnYgLTI5NzYgLTI1NjAgMAp2IC0zMDA4IC0yNTYwIDAKdiAtMzA0MCAtMjU2MCAwCnYgLTMwNzIgLTI1NjAgMAp2IC0zMTA0IC0yNTYwIDAKdiAtMzEzNiAtMjU2MCAwCnYgLTMxNjggLTI1NjAgMAp2IC0zMjAwIC0yNTYwIDAKdiAwIC0yNTkyIDAKdiAtMzIgLTI1OTIgMAp2IC02NCAtMjU5MiAwCnYgLTk2IC0yNTkyIDAKdiAtMTI4IC0yNTkyIDAKdiAtMTYwIC0yNTkyIDAKdiAtMTkyIC0yNTkyIDAKdiAtMjI0IC0yNTkyIDAKdiAtMjU2IC0yNTkyIDAKdiAtMjg4IC0yNTkyIDAKdiAtMzIwIC0yNTkyIDAKdiAtMzUyIC0yNTkyIDAKdiAtMzg0IC0yNTkyIDAKdiAtNDE2IC0yNTkyIDAKdiAtNDQ4IC0yNTkyIDAKdiAtNDgwIC0yNTkyIDAKdiAtNTEyIC0yNTkyIDAKdiAtNTQ0IC0yNTkyIDAKdiAtNTc2IC0yNTkyIDAKdiAtNjA4IC0yNTkyIDAKdiAtNjQwIC0yNTkyIDAKdiAtNjcyIC0yNTkyIDAKdiAtNzA0IC0yNTkyIDAKdiAtNzM2IC0yNTkyIDAKdiAtNzY4IC0yNTkyIDAKdiAtODAwIC0yNTkyIDAKdiAtODMyIC0yNTkyIDAKdiAtODY0IC0yNTkyIDAKdiAtODk2IC0yNTkyIDAKdiAtOTI4IC0yNTkyIDAKdiAtOTYwIC0yNTkyIDAKdiAtOTkyIC0yNTkyIDAKdiAtMTAyNCAtMjU5MiAwCnYgLTEwNTYgLTI1OTIgMAp2IC0xMDg4IC0yNTkyIDAKdiAtMTEyMCAtMjU5MiAwCnYgLTExNTIgLTI1OTIgMAp2IC0xMTg0IC0yNTkyIDAKdiAtMTIxNiAtMjU5MiAwCnYgLTEyNDggLTI1OTIgMAp2IC0xMjgwIC0yNTkyIDAKdiAtMTMxMiAtMjU5MiAwCnYgLTEzNDQgLTI1OTIgMAp2IC0xMzc2IC0yNTkyIDAKdiAtMTQwOCAtMjU5MiAwCnYgLTE0NDAgLTI1OTIgMAp2IC0xNDcyIC0yNTkyIDAKdiAtMTUwNCAtMjU5MiAwCnYgLTE1MzYgLTI1OTIgMAp2IC0xNTY4IC0yNTkyIDAKdiAtMTYwMCAtMjU5MiAwCnYgLTE2MzIgLTI1OTIgMAp2IC0xNjY0IC0yNTkyIDAKdiAtMTY5NiAtMjU5MiAwCnYgLTE3MjggLTI1OTIgMAp2IC0xNzYwIC0yNTkyIDAKdiAtMTc5MiAtMjU5MiAwCnYgLTE4MjQgLTI1OTIgMAp2IC0xODU2IC0yNTkyIDAKdiAtMTg4OCAtMjU5MiAwCnYgLTE5MjAgLTI1OTIgMAp2IC0xOTUyIC0yNTkyIDAKdiAtMTk4NCAtMjU5MiAwCnYgLTIwMTYgLTI1OTIgMAp2IC0yMDQ4IC0yNTkyIDAKdiAtMjA4MCAtMjU5MiAwCnYgLTIxMTIgLTI1OTIgMAp2IC0yMTQ0IC0yNTkyIDAKdiAtMjE3NiAtMjU5MiAwCnYgLTIyMDggLTI1OTIgMAp2IC0yMjQwIC0yNTkyIDAKdiAtMjI3MiAtMjU5MiAwCnYgLTIzMDQgLTI1OTIgMAp2IC0yMzM2IC0yNTkyIDAKdiAtMjM2OCAtMjU5MiAwCnYgLTI0MDAgLTI1OTIgMAp2IC0yNDMyIC0yNTkyIDAKdiAtMjQ2NCAtMjU5MiAwCnYgLTI0OTYgLTI1OTIgMAp2IC0yNTI4IC0yNTkyIDAKdiAtMjU2MCAtMjU5MiAwCnYgLTI1OTIgLTI1OTIgMAp2IC0yNjI0IC0yNTkyIDAKdiAtMjY1NiAtMjU5MiAwCnYgLTI2ODggLTI1OTIgMAp2IC0yNzIwIC0yNTkyIDAKdiAtMjc1MiAtMjU5MiAwCnYgLTI3ODQgLTI1OTIgMAp2IC0yODE2IC0yNTkyIDAKdiAtMjg0OCAtMjU5MiAwCnYgLTI4ODAgLTI1OTIgMAp2IC0yOTEyIC0yNTkyIDAKdiAtMjk0NCAtMjU5MiAwCnYgLTI5NzYgLTI1OTIgMAp2IC0zMDA4IC0yNTkyIDAKdiAtMzA0MCAtMjU5MiAwCnYgLTMwNzIgLTI1OTIgMAp2IC0zMTA0IC0yNTkyIDAKdiAtMzEzNiAtMjU5MiAwCnYgLTMxNjggLTI1OTIgMAp2IC0zMjAwIC0yNTkyIDAKdiAwIC0yNjI0IDAKdiAtMzIgLTI2MjQgMAp2IC02NCAtMjYyNCAwCnYgLTk2IC0yNjI0IDAKdiAtMTI4IC0yNjI0IDAKdiAtMTYwIC0yNjI0IDAKdiAtMTkyIC0yNjI0IDAKdiAtMjI0IC0yNjI0IDAKdiAtMjU2IC0yNjI0IDAKdiAtMjg4IC0yNjI0IDAKdiAtMzIwIC0yNjI0IDAKdiAtMzUyIC0yNjI0IDAKdiAtMzg0IC0yNjI0IDAKdiAtNDE2IC0yNjI0IDAKdiAtNDQ4IC0yNjI0IDAKdiAtNDgwIC0yNjI0IDAKdiAtNTEyIC0yNjI0IDAKdiAtNTQ0IC0yNjI0IDAKdiAtNTc2IC0yNjI0IDAKdiAtNjA4IC0yNjI0IDAKdiAtNjQwIC0yNjI0IDAKdiAtNjcyIC0yNjI0IDAKdiAtNzA0IC0yNjI0IDAKdiAtNzM2IC0yNjI0IDAKdiAtNzY4IC0yNjI0IDAKdiAtODAwIC0yNjI0IDAKdiAtODMyIC0yNjI0IDAKdiAtODY0IC0yNjI0IDAKdiAtODk2IC0yNjI0IDAKdiAtOTI4IC0yNjI0IDAKdiAtOTYwIC0yNjI0IDAKdiAtOTkyIC0yNjI0IDAKdiAtMTAyNCAtMjYyNCAwCnYgLTEwNTYgLTI2MjQgMAp2IC0xMDg4IC0yNjI0IDAKdiAtMTEyMCAtMjYyNCAwCnYgLTExNTIgLTI2MjQgMAp2IC0xMTg0IC0yNjI0IDAKdiAtMTIxNiAtMjYyNCAwCnYgLTEyNDggLTI2MjQgMAp2IC0xMjgwIC0yNjI0IDAKdiAtMTMxMiAtMjYyNCAwCnYgLTEzNDQgLTI2MjQgMAp2IC0xMzc2IC0yNjI0IDAKdiAtMTQwOCAtMjYyNCAwCnYgLTE0NDAgLTI2MjQgMAp2IC0xNDcyIC0yNjI0IDAKdiAtMTUwNCAtMjYyNCAwCnYgLTE1MzYgLTI2MjQgMAp2IC0xNTY4IC0yNjI0IDAKdiAtMTYwMCAtMjYyNCAwCnYgLTE2MzIgLTI2MjQgMAp2IC0xNjY0IC0yNjI0IDAKdiAtMTY5NiAtMjYyNCAwCnYgLTE3MjggLTI2MjQgMAp2IC0xNzYwIC0yNjI0IDAKdiAtMTc5MiAtMjYyNCAwCnYgLTE4MjQgLTI2MjQgMAp2IC0xODU2IC0yNjI0IDAKdiAtMTg4OCAtMjYyNCAwCnYgLTE5MjAgLTI2MjQgMAp2IC0xOTUyIC0yNjI0IDAKdiAtMTk4NCAtMjYyNCAwCnYgLTIwMTYgLTI2MjQgMAp2IC0yMDQ4IC0yNjI0IDAKdiAtMjA4MCAtMjYyNCAwCnYgLTIxMTIgLTI2MjQgMAp2IC0yMTQ0IC0yNjI0IDAKdiAtMjE3NiAtMjYyNCAwCnYgLTIyMDggLTI2MjQgMAp2IC0yMjQwIC0yNjI0IDAKdiAtMjI3MiAtMjYyNCAwCnYgLTIzMDQgLTI2MjQgMAp2IC0yMzM2IC0yNjI0IDAKdiAtMjM2OCAtMjYyNCAwCnYgLTI0MDAgLTI2MjQgMAp2IC0yNDMyIC0yNjI0IDAKdiAtMjQ2NCAtMjYyNCAwCnYgLTI0OTYgLTI2MjQgMAp2IC0yNTI4IC0yNjI0IDAKdiAtMjU2MCAtMjYyNCAwCnYgLTI1OTIgLTI2MjQgMAp2IC0yNjI0IC0yNjI0IDAKdiAtMjY1NiAtMjYyNCAwCnYgLTI2ODggLTI2MjQgMAp2IC0yNzIwIC0yNjI0IDAKdiAtMjc1MiAtMjYyNCAwCnYgLTI3ODQgLTI2MjQgMAp2IC0yODE2IC0yNjI0IDAKdiAtMjg0OCAtMjYyNCAwCnYgLTI4ODAgLTI2MjQgMAp2IC0yOTEyIC0yNjI0IDAKdiAtMjk0NCAtMjYyNCAwCnYgLTI5NzYgLTI2MjQgMAp2IC0zMDA4IC0yNjI0IDAKdiAtMzA0MCAtMjYyNCAwCnYgLTMwNzIgLTI2MjQgMAp2IC0zMTA0IC0yNjI0IDAKdiAtMzEzNiAtMjYyNCAwCnYgLTMxNjggLTI2MjQgMAp2IC0zMjAwIC0yNjI0IDAKdiAwIC0yNjU2IDAKdiAtMzIgLTI2NTYgMAp2IC02NCAtMjY1NiAwCnYgLTk2IC0yNjU2IDAKdiAtMTI4IC0yNjU2IDAKdiAtMTYwIC0yNjU2IDAKdiAtMTkyIC0yNjU2IDAKdiAtMjI0IC0yNjU2IDAKdiAtMjU2IC0yNjU2IDAKdiAtMjg4IC0yNjU2IDAKdiAtMzIwIC0yNjU2IDAKdiAtMzUyIC0yNjU2IDAKdiAtMzg0IC0yNjU2IDAKdiAtNDE2IC0yNjU2IDAKdiAtNDQ4IC0yNjU2IDAKdiAtNDgwIC0yNjU2IDAKdiAtNTEyIC0yNjU2IDAKdiAtNTQ0IC0yNjU2IDAKdiAtNTc2IC0yNjU2IDAKdiAtNjA4IC0yNjU2IDAKdiAtNjQwIC0yNjU2IDAKdiAtNjcyIC0yNjU2IDAKdiAtNzA0IC0yNjU2IDAKdiAtNzM2IC0yNjU2IDAKdiAtNzY4IC0yNjU2IDAKdiAtODAwIC0yNjU2IDAKdiAtODMyIC0yNjU2IDAKdiAtODY0IC0yNjU2IDAKdiAtODk2IC0yNjU2IDAKdiAtOTI4IC0yNjU2IDAKdiAtOTYwIC0yNjU2IDAKdiAtOTkyIC0yNjU2IDAKdiAtMTAyNCAtMjY1NiAwCnYgLTEwNTYgLTI2NTYgMAp2IC0xMDg4IC0yNjU2IDAKdiAtMTEyMCAtMjY1NiAwCnYgLTExNTIgLTI2NTYgMAp2IC0xMTg0IC0yNjU2IDAKdiAtMTIxNiAtMjY1NiAwCnYgLTEyNDggLTI2NTYgMAp2IC0xMjgwIC0yNjU2IDAKdiAtMTMxMiAtMjY1NiAwCnYgLTEzNDQgLTI2NTYgMAp2IC0xMzc2IC0yNjU2IDAKdiAtMTQwOCAtMjY1NiAwCnYgLTE0NDAgLTI2NTYgMAp2IC0xNDcyIC0yNjU2IDAKdiAtMTUwNCAtMjY1NiAwCnYgLTE1MzYgLTI2NTYgMAp2IC0xNTY4IC0yNjU2IDAKdiAtMTYwMCAtMjY1NiAwCnYgLTE2MzIgLTI2NTYgMAp2IC0xNjY0IC0yNjU2IDAKdiAtMTY5NiAtMjY1NiAwCnYgLTE3MjggLTI2NTYgMAp2IC0xNzYwIC0yNjU2IDAKdiAtMTc5MiAtMjY1NiAwCnYgLTE4MjQgLTI2NTYgMAp2IC0xODU2IC0yNjU2IDAKdiAtMTg4OCAtMjY1NiAwCnYgLTE5MjAgLTI2NTYgMAp2IC0xOTUyIC0yNjU2IDAKdiAtMTk4NCAtMjY1NiAwCnYgLTIwMTYgLTI2NTYgMAp2IC0yMDQ4IC0yNjU2IDAKdiAtMjA4MCAtMjY1NiAwCnYgLTIxMTIgLTI2NTYgMAp2IC0yMTQ0IC0yNjU2IDAKdiAtMjE3NiAtMjY1NiAwCnYgLTIyMDggLTI2NTYgMAp2IC0yMjQwIC0yNjU2IDAKdiAtMjI3MiAtMjY1NiAwCnYgLTIzMDQgLTI2NTYgMAp2IC0yMzM2IC0yNjU2IDAKdiAtMjM2OCAtMjY1NiAwCnYgLTI0MDAgLTI2NTYgMAp2IC0yNDMyIC0yNjU2IDAKdiAtMjQ2NCAtMjY1NiAwCnYgLTI0OTYgLTI2NTYgMAp2IC0yNTI4IC0yNjU2IDAKdiAtMjU2MCAtMjY1NiAwCnYgLTI1OTIgLTI2NTYgMAp2IC0yNjI0IC0yNjU2IDAKdiAtMjY1NiAtMjY1NiAwCnYgLTI2ODggLTI2NTYgMAp2IC0yNzIwIC0yNjU2IDAKdiAtMjc1MiAtMjY1NiAwCnYgLTI3ODQgLTI2NTYgMAp2IC0yODE2IC0yNjU2IDAKdiAtMjg0OCAtMjY1NiAwCnYgLTI4ODAgLTI2NTYgMAp2IC0yOTEyIC0yNjU2IDAKdiAtMjk0NCAtMjY1NiAwCnYgLTI5NzYgLTI2NTYgMAp2IC0zMDA4IC0yNjU2IDAKdiAtMzA0MCAtMjY1NiAwCnYgLTMwNzIgLTI2NTYgMAp2IC0zMTA0IC0yNjU2IDAKdiAtMzEzNiAtMjY1NiAwCnYgLTMxNjggLTI2NTYgMAp2IC0zMjAwIC0yNjU2IDAKdiAwIC0yNjg4IDAKdiAtMzIgLTI2ODggMAp2IC02NCAtMjY4OCAwCnYgLTk2IC0yNjg4IDAKdiAtMTI4IC0yNjg4IDAKdiAtMTYwIC0yNjg4IDAKdiAtMTkyIC0yNjg4IDAKdiAtMjI0IC0yNjg4IDAKdiAtMjU2IC0yNjg4IDAKdiAtMjg4IC0yNjg4IDAKdiAtMzIwIC0yNjg4IDAKdiAtMzUyIC0yNjg4IDAKdiAtMzg0IC0yNjg4IDAKdiAtNDE2IC0yNjg4IDAKdiAtNDQ4IC0yNjg4IDAKdiAtNDgwIC0yNjg4IDAKdiAtNTEyIC0yNjg4IDAKdiAtNTQ0IC0yNjg4IDAKdiAtNTc2IC0yNjg4IDAKdiAtNjA4IC0yNjg4IDAKdiAtNjQwIC0yNjg4IDAKdiAtNjcyIC0yNjg4IDAKdiAtNzA0IC0yNjg4IDAKdiAtNzM2IC0yNjg4IDAKdiAtNzY4IC0yNjg4IDAKdiAtODAwIC0yNjg4IDAKdiAtODMyIC0yNjg4IDAKdiAtODY0IC0yNjg4IDAKdiAtODk2IC0yNjg4IDAKdiAtOTI4IC0yNjg4IDAKdiAtOTYwIC0yNjg4IDAKdiAtOTkyIC0yNjg4IDAKdiAtMTAyNCAtMjY4OCAwCnYgLTEwNTYgLTI2ODggMAp2IC0xMDg4IC0yNjg4IDAKdiAtMTEyMCAtMjY4OCAwCnYgLTExNTIgLTI2ODggMAp2IC0xMTg0IC0yNjg4IDAKdiAtMTIxNiAtMjY4OCAwCnYgLTEyNDggLTI2ODggMAp2IC0xMjgwIC0yNjg4IDAKdiAtMTMxMiAtMjY4OCAwCnYgLTEzNDQgLTI2ODggMAp2IC0xMzc2IC0yNjg4IDAKdiAtMTQwOCAtMjY4OCAwCnYgLTE0NDAgLTI2ODggMAp2IC0xNDcyIC0yNjg4IDAKdiAtMTUwNCAtMjY4OCAwCnYgLTE1MzYgLTI2ODggMAp2IC0xNTY4IC0yNjg4IDAKdiAtMTYwMCAtMjY4OCAwCnYgLTE2MzIgLTI2ODggMAp2IC0xNjY0IC0yNjg4IDAKdiAtMTY5NiAtMjY4OCAwCnYgLTE3MjggLTI2ODggMAp2IC0xNzYwIC0yNjg4IDAKdiAtMTc5MiAtMjY4OCAwCnYgLTE4MjQgLTI2ODggMAp2IC0xODU2IC0yNjg4IDAKdiAtMTg4OCAtMjY4OCAwCnYgLTE5MjAgLTI2ODggMAp2IC0xOTUyIC0yNjg4IDAKdiAtMTk4NCAtMjY4OCAwCnYgLTIwMTYgLTI2ODggMAp2IC0yMDQ4IC0yNjg4IDAKdiAtMjA4MCAtMjY4OCAwCnYgLTIxMTIgLTI2ODggMAp2IC0yMTQ0IC0yNjg4IDAKdiAtMjE3NiAtMjY4OCAwCnYgLTIyMDggLTI2ODggMAp2IC0yMjQwIC0yNjg4IDAKdiAtMjI3MiAtMjY4OCAwCnYgLTIzMDQgLTI2ODggMAp2IC0yMzM2IC0yNjg4IDAKdiAtMjM2OCAtMjY4OCAwCnYgLTI0MDAgLTI2ODggMAp2IC0yNDMyIC0yNjg4IDAKdiAtMjQ2NCAtMjY4OCAwCnYgLTI0OTYgLTI2ODggMAp2IC0yNTI4IC0yNjg4IDAKdiAtMjU2MCAtMjY4OCAwCnYgLTI1OTIgLTI2ODggMAp2IC0yNjI0IC0yNjg4IDAKdiAtMjY1NiAtMjY4OCAwCnYgLTI2ODggLTI2ODggMAp2IC0yNzIwIC0yNjg4IDAKdiAtMjc1MiAtMjY4OCAwCnYgLTI3ODQgLTI2ODggMAp2IC0yODE2IC0yNjg4IDAKdiAtMjg0OCAtMjY4OCAwCnYgLTI4ODAgLTI2ODggMAp2IC0yOTEyIC0yNjg4IDAKdiAtMjk0NCAtMjY4OCAwCnYgLTI5NzYgLTI2ODggMAp2IC0zMDA4IC0yNjg4IDAKdiAtMzA0MCAtMjY4OCAwCnYgLTMwNzIgLTI2ODggMAp2IC0zMTA0IC0yNjg4IDAKdiAtMzEzNiAtMjY4OCAwCnYgLTMxNjggLTI2ODggMAp2IC0zMjAwIC0yNjg4IDAKdiAwIC0yNzIwIDAKdiAtMzIgLTI3MjAgMAp2IC02NCAtMjcyMCAwCnYgLTk2IC0yNzIwIDAKdiAtMTI4IC0yNzIwIDAKdiAtMTYwIC0yNzIwIDAKdiAtMTkyIC0yNzIwIDAKdiAtMjI0IC0yNzIwIDAKdiAtMjU2IC0yNzIwIDAKdiAtMjg4IC0yNzIwIDAKdiAtMzIwIC0yNzIwIDAKdiAtMzUyIC0yNzIwIDAKdiAtMzg0IC0yNzIwIDAKdiAtNDE2IC0yNzIwIDAKdiAtNDQ4IC0yNzIwIDAKdiAtNDgwIC0yNzIwIDAKdiAtNTEyIC0yNzIwIDAKdiAtNTQ0IC0yNzIwIDAKdiAtNTc2IC0yNzIwIDAKdiAtNjA4IC0yNzIwIDAKdiAtNjQwIC0yNzIwIDAKdiAtNjcyIC0yNzIwIDAKdiAtNzA0IC0yNzIwIDAKdiAtNzM2IC0yNzIwIDAKdiAtNzY4IC0yNzIwIDAKdiAtODAwIC0yNzIwIDAKdiAtODMyIC0yNzIwIDAKdiAtODY0IC0yNzIwIDAKdiAtODk2IC0yNzIwIDAKdiAtOTI4IC0yNzIwIDAKdiAtOTYwIC0yNzIwIDAKdiAtOTkyIC0yNzIwIDAKdiAtMTAyNCAtMjcyMCAwCnYgLTEwNTYgLTI3MjAgMAp2IC0xMDg4IC0yNzIwIDAKdiAtMTEyMCAtMjcyMCAwCnYgLTExNTIgLTI3MjAgMAp2IC0xMTg0IC0yNzIwIDAKdiAtMTIxNiAtMjcyMCAwCnYgLTEyNDggLTI3MjAgMAp2IC0xMjgwIC0yNzIwIDAKdiAtMTMxMiAtMjcyMCAwCnYgLTEzNDQgLTI3MjAgMAp2IC0xMzc2IC0yNzIwIDAKdiAtMTQwOCAtMjcyMCAwCnYgLTE0NDAgLTI3MjAgMAp2IC0xNDcyIC0yNzIwIDAKdiAtMTUwNCAtMjcyMCAwCnYgLTE1MzYgLTI3MjAgMAp2IC0xNTY4IC0yNzIwIDAKdiAtMTYwMCAtMjcyMCAwCnYgLTE2MzIgLTI3MjAgMAp2IC0xNjY0IC0yNzIwIDAKdiAtMTY5NiAtMjcyMCAwCnYgLTE3MjggLTI3MjAgMAp2IC0xNzYwIC0yNzIwIDAKdiAtMTc5MiAtMjcyMCAwCnYgLTE4MjQgLTI3MjAgMAp2IC0xODU2IC0yNzIwIDAKdiAtMTg4OCAtMjcyMCAwCnYgLTE5MjAgLTI3MjAgMAp2IC0xOTUyIC0yNzIwIDAKdiAtMTk4NCAtMjcyMCAwCnYgLTIwMTYgLTI3MjAgMAp2IC0yMDQ4IC0yNzIwIDAKdiAtMjA4MCAtMjcyMCAwCnYgLTIxMTIgLTI3MjAgMAp2IC0yMTQ0IC0yNzIwIDAKdiAtMjE3NiAtMjcyMCAwCnYgLTIyMDggLTI3MjAgMAp2IC0yMjQwIC0yNzIwIDAKdiAtMjI3MiAtMjcyMCAwCnYgLTIzMDQgLTI3MjAgMAp2IC0yMzM2IC0yNzIwIDAKdiAtMjM2OCAtMjcyMCAwCnYgLTI0MDAgLTI3MjAgMAp2IC0yNDMyIC0yNzIwIDAKdiAtMjQ2NCAtMjcyMCAwCnYgLTI0OTYgLTI3MjAgMAp2IC0yNTI4IC0yNzIwIDAKdiAtMjU2MCAtMjcyMCAwCnYgLTI1OTIgLTI3MjAgMAp2IC0yNjI0IC0yNzIwIDAKdiAtMjY1NiAtMjcyMCAwCnYgLTI2ODggLTI3MjAgMAp2IC0yNzIwIC0yNzIwIDAKdiAtMjc1MiAtMjcyMCAwCnYgLTI3ODQgLTI3MjAgMAp2IC0yODE2IC0yNzIwIDAKdiAtMjg0OCAtMjcyMCAwCnYgLTI4ODAgLTI3MjAgMAp2IC0yOTEyIC0yNzIwIDAKdiAtMjk0NCAtMjcyMCAwCnYgLTI5NzYgLTI3MjAgMAp2IC0zMDA4IC0yNzIwIDAKdiAtMzA0MCAtMjcyMCAwCnYgLTMwNzIgLTI3MjAgMAp2IC0zMTA0IC0yNzIwIDAKdiAtMzEzNiAtMjcyMCAwCnYgLTMxNjggLTI3MjAgMAp2IC0zMjAwIC0yNzIwIDAKdiAwIC0yNzUyIDAKdiAtMzIgLTI3NTIgMAp2IC02NCAtMjc1MiAwCnYgLTk2IC0yNzUyIDAKdiAtMTI4IC0yNzUyIDAKdiAtMTYwIC0yNzUyIDAKdiAtMTkyIC0yNzUyIDAKdiAtMjI0IC0yNzUyIDAKdiAtMjU2IC0yNzUyIDAKdiAtMjg4IC0yNzUyIDAKdiAtMzIwIC0yNzUyIDAKdiAtMzUyIC0yNzUyIDAKdiAtMzg0IC0yNzUyIDAKdiAtNDE2IC0yNzUyIDAKdiAtNDQ4IC0yNzUyIDAKdiAtNDgwIC0yNzUyIDAKdiAtNTEyIC0yNzUyIDAKdiAtNTQ0IC0yNzUyIDAKdiAtNTc2IC0yNzUyIDAKdiAtNjA4IC0yNzUyIDAKdiAtNjQwIC0yNzUyIDAKdiAtNjcyIC0yNzUyIDAKdiAtNzA0IC0yNzUyIDAKdiAtNzM2IC0yNzUyIDAKdiAtNzY4IC0yNzUyIDAKdiAtODAwIC0yNzUyIDAKdiAtODMyIC0yNzUyIDAKdiAtODY0IC0yNzUyIDAKdiAtODk2IC0yNzUyIDAKdiAtOTI4IC0yNzUyIDAKdiAtOTYwIC0yNzUyIDAKdiAtOTkyIC0yNzUyIDAKdiAtMTAyNCAtMjc1MiAwCnYgLTEwNTYgLTI3NTIgMAp2IC0xMDg4IC0yNzUyIDAKdiAtMTEyMCAtMjc1MiAwCnYgLTExNTIgLTI3NTIgMAp2IC0xMTg0IC0yNzUyIDAKdiAtMTIxNiAtMjc1MiAwCnYgLTEyNDggLTI3NTIgMAp2IC0xMjgwIC0yNzUyIDAKdiAtMTMxMiAtMjc1MiAwCnYgLTEzNDQgLTI3NTIgMAp2IC0xMzc2IC0yNzUyIDAKdiAtMTQwOCAtMjc1MiAwCnYgLTE0NDAgLTI3NTIgMAp2IC0xNDcyIC0yNzUyIDAKdiAtMTUwNCAtMjc1MiAwCnYgLTE1MzYgLTI3NTIgMAp2IC0xNTY4IC0yNzUyIDAKdiAtMTYwMCAtMjc1MiAwCnYgLTE2MzIgLTI3NTIgMAp2IC0xNjY0IC0yNzUyIDAKdiAtMTY5NiAtMjc1MiAwCnYgLTE3MjggLTI3NTIgMAp2IC0xNzYwIC0yNzUyIDAKdiAtMTc5MiAtMjc1MiAwCnYgLTE4MjQgLTI3NTIgMAp2IC0xODU2IC0yNzUyIDAKdiAtMTg4OCAtMjc1MiAwCnYgLTE5MjAgLTI3NTIgMAp2IC0xOTUyIC0yNzUyIDAKdiAtMTk4NCAtMjc1MiAwCnYgLTIwMTYgLTI3NTIgMAp2IC0yMDQ4IC0yNzUyIDAKdiAtMjA4MCAtMjc1MiAwCnYgLTIxMTIgLTI3NTIgMAp2IC0yMTQ0IC0yNzUyIDAKdiAtMjE3NiAtMjc1MiAwCnYgLTIyMDggLTI3NTIgMAp2IC0yMjQwIC0yNzUyIDAKdiAtMjI3MiAtMjc1MiAwCnYgLTIzMDQgLTI3NTIgMAp2IC0yMzM2IC0yNzUyIDAKdiAtMjM2OCAtMjc1MiAwCnYgLTI0MDAgLTI3NTIgMAp2IC0yNDMyIC0yNzUyIDAKdiAtMjQ2NCAtMjc1MiAwCnYgLTI0OTYgLTI3NTIgMAp2IC0yNTI4IC0yNzUyIDAKdiAtMjU2MCAtMjc1MiAwCnYgLTI1OTIgLTI3NTIgMAp2IC0yNjI0IC0yNzUyIDAKdiAtMjY1NiAtMjc1MiAwCnYgLTI2ODggLTI3NTIgMAp2IC0yNzIwIC0yNzUyIDAKdiAtMjc1MiAtMjc1MiAwCnYgLTI3ODQgLTI3NTIgMAp2IC0yODE2IC0yNzUyIDAKdiAtMjg0OCAtMjc1MiAwCnYgLTI4ODAgLTI3NTIgMAp2IC0yOTEyIC0yNzUyIDAKdiAtMjk0NCAtMjc1MiAwCnYgLTI5NzYgLTI3NTIgMAp2IC0zMDA4IC0yNzUyIDAKdiAtMzA0MCAtMjc1MiAwCnYgLTMwNzIgLTI3NTIgMAp2IC0zMTA0IC0yNzUyIDAKdiAtMzEzNiAtMjc1MiAwCnYgLTMxNjggLTI3NTIgMAp2IC0zMjAwIC0yNzUyIDAKdiAwIC0yNzg0IDAKdiAtMzIgLTI3ODQgMAp2IC02NCAtMjc4NCAwCnYgLTk2IC0yNzg0IDAKdiAtMTI4IC0yNzg0IDAKdiAtMTYwIC0yNzg0IDAKdiAtMTkyIC0yNzg0IDAKdiAtMjI0IC0yNzg0IDAKdiAtMjU2IC0yNzg0IDAKdiAtMjg4IC0yNzg0IDAKdiAtMzIwIC0yNzg0IDAKdiAtMzUyIC0yNzg0IDAKdiAtMzg0IC0yNzg0IDAKdiAtNDE2IC0yNzg0IDAKdiAtNDQ4IC0yNzg0IDAKdiAtNDgwIC0yNzg0IDAKdiAtNTEyIC0yNzg0IDAKdiAtNTQ0IC0yNzg0IDAKdiAtNTc2IC0yNzg0IDAKdiAtNjA4IC0yNzg0IDAKdiAtNjQwIC0yNzg0IDAKdiAtNjcyIC0yNzg0IDAKdiAtNzA0IC0yNzg0IDAKdiAtNzM2IC0yNzg0IDAKdiAtNzY4IC0yNzg0IDAKdiAtODAwIC0yNzg0IDAKdiAtODMyIC0yNzg0IDAKdiAtODY0IC0yNzg0IDAKdiAtODk2IC0yNzg0IDAKdiAtOTI4IC0yNzg0IDAKdiAtOTYwIC0yNzg0IDAKdiAtOTkyIC0yNzg0IDAKdiAtMTAyNCAtMjc4NCAwCnYgLTEwNTYgLTI3ODQgMAp2IC0xMDg4IC0yNzg0IDAKdiAtMTEyMCAtMjc4NCAwCnYgLTExNTIgLTI3ODQgMAp2IC0xMTg0IC0yNzg0IDAKdiAtMTIxNiAtMjc4NCAwCnYgLTEyNDggLTI3ODQgMAp2IC0xMjgwIC0yNzg0IDAKdiAtMTMxMiAtMjc4NCAwCnYgLTEzNDQgLTI3ODQgMAp2IC0xMzc2IC0yNzg0IDAKdiAtMTQwOCAtMjc4NCAwCnYgLTE0NDAgLTI3ODQgMAp2IC0xNDcyIC0yNzg0IDAKdiAtMTUwNCAtMjc4NCAwCnYgLTE1MzYgLTI3ODQgMAp2IC0xNTY4IC0yNzg0IDAKdiAtMTYwMCAtMjc4NCAwCnYgLTE2MzIgLTI3ODQgMAp2IC0xNjY0IC0yNzg0IDAKdiAtMTY5NiAtMjc4NCAwCnYgLTE3MjggLTI3ODQgMAp2IC0xNzYwIC0yNzg0IDAKdiAtMTc5MiAtMjc4NCAwCnYgLTE4MjQgLTI3ODQgMAp2IC0xODU2IC0yNzg0IDAKdiAtMTg4OCAtMjc4NCAwCnYgLTE5MjAgLTI3ODQgMAp2IC0xOTUyIC0yNzg0IDAKdiAtMTk4NCAtMjc4NCAwCnYgLTIwMTYgLTI3ODQgMAp2IC0yMDQ4IC0yNzg0IDAKdiAtMjA4MCAtMjc4NCAwCnYgLTIxMTIgLTI3ODQgMAp2IC0yMTQ0IC0yNzg0IDAKdiAtMjE3NiAtMjc4NCAwCnYgLTIyMDggLTI3ODQgMAp2IC0yMjQwIC0yNzg0IDAKdiAtMjI3MiAtMjc4NCAwCnYgLTIzMDQgLTI3ODQgMAp2IC0yMzM2IC0yNzg0IDAKdiAtMjM2OCAtMjc4NCAwCnYgLTI0MDAgLTI3ODQgMAp2IC0yNDMyIC0yNzg0IDAKdiAtMjQ2NCAtMjc4NCAwCnYgLTI0OTYgLTI3ODQgMAp2IC0yNTI4IC0yNzg0IDAKdiAtMjU2MCAtMjc4NCAwCnYgLTI1OTIgLTI3ODQgMAp2IC0yNjI0IC0yNzg0IDAKdiAtMjY1NiAtMjc4NCAwCnYgLTI2ODggLTI3ODQgMAp2IC0yNzIwIC0yNzg0IDAKdiAtMjc1MiAtMjc4NCAwCnYgLTI3ODQgLTI3ODQgMAp2IC0yODE2IC0yNzg0IDAKdiAtMjg0OCAtMjc4NCAwCnYgLTI4ODAgLTI3ODQgMAp2IC0yOTEyIC0yNzg0IDAKdiAtMjk0NCAtMjc4NCAwCnYgLTI5NzYgLTI3ODQgMAp2IC0zMDA4IC0yNzg0IDAKdiAtMzA0MCAtMjc4NCAwCnYgLTMwNzIgLTI3ODQgMAp2IC0zMTA0IC0yNzg0IDAKdiAtMzEzNiAtMjc4NCAwCnYgLTMxNjggLTI3ODQgMAp2IC0zMjAwIC0yNzg0IDAKdiAwIC0yODE2IDAKdiAtMzIgLTI4MTYgMAp2IC02NCAtMjgxNiAwCnYgLTk2IC0yODE2IDAKdiAtMTI4IC0yODE2IDAKdiAtMTYwIC0yODE2IDAKdiAtMTkyIC0yODE2IDAKdiAtMjI0IC0yODE2IDAKdiAtMjU2IC0yODE2IDAKdiAtMjg4IC0yODE2IDAKdiAtMzIwIC0yODE2IDAKdiAtMzUyIC0yODE2IDAKdiAtMzg0IC0yODE2IDAKdiAtNDE2IC0yODE2IDAKdiAtNDQ4IC0yODE2IDAKdiAtNDgwIC0yODE2IDAKdiAtNTEyIC0yODE2IDAKdiAtNTQ0IC0yODE2IDAKdiAtNTc2IC0yODE2IDAKdiAtNjA4IC0yODE2IDAKdiAtNjQwIC0yODE2IDAKdiAtNjcyIC0yODE2IDAKdiAtNzA0IC0yODE2IDAKdiAtNzM2IC0yODE2IDAKdiAtNzY4IC0yODE2IDAKdiAtODAwIC0yODE2IDAKdiAtODMyIC0yODE2IDAKdiAtODY0IC0yODE2IDAKdiAtODk2IC0yODE2IDAKdiAtOTI4IC0yODE2IDAKdiAtOTYwIC0yODE2IDAKdiAtOTkyIC0yODE2IDAKdiAtMTAyNCAtMjgxNiAwCnYgLTEwNTYgLTI4MTYgMAp2IC0xMDg4IC0yODE2IDAKdiAtMTEyMCAtMjgxNiAwCnYgLTExNTIgLTI4MTYgMAp2IC0xMTg0IC0yODE2IDAKdiAtMTIxNiAtMjgxNiAwCnYgLTEyNDggLTI4MTYgMAp2IC0xMjgwIC0yODE2IDAKdiAtMTMxMiAtMjgxNiAwCnYgLTEzNDQgLTI4MTYgMAp2IC0xMzc2IC0yODE2IDAKdiAtMTQwOCAtMjgxNiAwCnYgLTE0NDAgLTI4MTYgMAp2IC0xNDcyIC0yODE2IDAKdiAtMTUwNCAtMjgxNiAwCnYgLTE1MzYgLTI4MTYgMAp2IC0xNTY4IC0yODE2IDAKdiAtMTYwMCAtMjgxNiAwCnYgLTE2MzIgLTI4MTYgMAp2IC0xNjY0IC0yODE2IDAKdiAtMTY5NiAtMjgxNiAwCnYgLTE3MjggLTI4MTYgMAp2IC0xNzYwIC0yODE2IDAKdiAtMTc5MiAtMjgxNiAwCnYgLTE4MjQgLTI4MTYgMAp2IC0xODU2IC0yODE2IDAKdiAtMTg4OCAtMjgxNiAwCnYgLTE5MjAgLTI4MTYgMAp2IC0xOTUyIC0yODE2IDAKdiAtMTk4NCAtMjgxNiAwCnYgLTIwMTYgLTI4MTYgMAp2IC0yMDQ4IC0yODE2IDAKdiAtMjA4MCAtMjgxNiAwCnYgLTIxMTIgLTI4MTYgMAp2IC0yMTQ0IC0yODE2IDAKdiAtMjE3NiAtMjgxNiAwCnYgLTIyMDggLTI4MTYgMAp2IC0yMjQwIC0yODE2IDAKdiAtMjI3MiAtMjgxNiAwCnYgLTIzMDQgLTI4MTYgMAp2IC0yMzM2IC0yODE2IDAKdiAtMjM2OCAtMjgxNiAwCnYgLTI0MDAgLTI4MTYgMAp2IC0yNDMyIC0yODE2IDAKdiAtMjQ2NCAtMjgxNiAwCnYgLTI0OTYgLTI4MTYgMAp2IC0yNTI4IC0yODE2IDAKdiAtMjU2MCAtMjgxNiAwCnYgLTI1OTIgLTI4MTYgMAp2IC0yNjI0IC0yODE2IDAKdiAtMjY1NiAtMjgxNiAwCnYgLTI2ODggLTI4MTYgMAp2IC0yNzIwIC0yODE2IDAKdiAtMjc1MiAtMjgxNiAwCnYgLTI3ODQgLTI4MTYgMAp2IC0yODE2IC0yODE2IDAKdiAtMjg0OCAtMjgxNiAwCnYgLTI4ODAgLTI4MTYgMAp2IC0yOTEyIC0yODE2IDAKdiAtMjk0NCAtMjgxNiAwCnYgLTI5NzYgLTI4MTYgMAp2IC0zMDA4IC0yODE2IDAKdiAtMzA0MCAtMjgxNiAwCnYgLTMwNzIgLTI4MTYgMAp2IC0zMTA0IC0yODE2IDAKdiAtMzEzNiAtMjgxNiAwCnYgLTMxNjggLTI4MTYgMAp2IC0zMjAwIC0yODE2IDAKdiAwIC0yODQ4IDAKdiAtMzIgLTI4NDggMAp2IC02NCAtMjg0OCAwCnYgLTk2IC0yODQ4IDAKdiAtMTI4IC0yODQ4IDAKdiAtMTYwIC0yODQ4IDAKdiAtMTkyIC0yODQ4IDAKdiAtMjI0IC0yODQ4IDAKdiAtMjU2IC0yODQ4IDAKdiAtMjg4IC0yODQ4IDAKdiAtMzIwIC0yODQ4IDAKdiAtMzUyIC0yODQ4IDAKdiAtMzg0IC0yODQ4IDAKdiAtNDE2IC0yODQ4IDAKdiAtNDQ4IC0yODQ4IDAKdiAtNDgwIC0yODQ4IDAKdiAtNTEyIC0yODQ4IDAKdiAtNTQ0IC0yODQ4IDAKdiAtNTc2IC0yODQ4IDAKdiAtNjA4IC0yODQ4IDAKdiAtNjQwIC0yODQ4IDAKdiAtNjcyIC0yODQ4IDAKdiAtNzA0IC0yODQ4IDAKdiAtNzM2IC0yODQ4IDAKdiAtNzY4IC0yODQ4IDAKdiAtODAwIC0yODQ4IDAKdiAtODMyIC0yODQ4IDAKdiAtODY0IC0yODQ4IDAKdiAtODk2IC0yODQ4IDAKdiAtOTI4IC0yODQ4IDAKdiAtOTYwIC0yODQ4IDAKdiAtOTkyIC0yODQ4IDAKdiAtMTAyNCAtMjg0OCAwCnYgLTEwNTYgLTI4NDggMAp2IC0xMDg4IC0yODQ4IDAKdiAtMTEyMCAtMjg0OCAwCnYgLTExNTIgLTI4NDggMAp2IC0xMTg0IC0yODQ4IDAKdiAtMTIxNiAtMjg0OCAwCnYgLTEyNDggLTI4NDggMAp2IC0xMjgwIC0yODQ4IDAKdiAtMTMxMiAtMjg0OCAwCnYgLTEzNDQgLTI4NDggMAp2IC0xMzc2IC0yODQ4IDAKdiAtMTQwOCAtMjg0OCAwCnYgLTE0NDAgLTI4NDggMAp2IC0xNDcyIC0yODQ4IDAKdiAtMTUwNCAtMjg0OCAwCnYgLTE1MzYgLTI4NDggMAp2IC0xNTY4IC0yODQ4IDAKdiAtMTYwMCAtMjg0OCAwCnYgLTE2MzIgLTI4NDggMAp2IC0xNjY0IC0yODQ4IDAKdiAtMTY5NiAtMjg0OCAwCnYgLTE3MjggLTI4NDggMAp2IC0xNzYwIC0yODQ4IDAKdiAtMTc5MiAtMjg0OCAwCnYgLTE4MjQgLTI4NDggMAp2IC0xODU2IC0yODQ4IDAKdiAtMTg4OCAtMjg0OCAwCnYgLTE5MjAgLTI4NDggMAp2IC0xOTUyIC0yODQ4IDAKdiAtMTk4NCAtMjg0OCAwCnYgLTIwMTYgLTI4NDggMAp2IC0yMDQ4IC0yODQ4IDAKdiAtMjA4MCAtMjg0OCAwCnYgLTIxMTIgLTI4NDggMAp2IC0yMTQ0IC0yODQ4IDAKdiAtMjE3NiAtMjg0OCAwCnYgLTIyMDggLTI4NDggMAp2IC0yMjQwIC0yODQ4IDAKdiAtMjI3MiAtMjg0OCAwCnYgLTIzMDQgLTI4NDggMAp2IC0yMzM2IC0yODQ4IDAKdiAtMjM2OCAtMjg0OCAwCnYgLTI0MDAgLTI4NDggMAp2IC0yNDMyIC0yODQ4IDAKdiAtMjQ2NCAtMjg0OCAwCnYgLTI0OTYgLTI4NDggMAp2IC0yNTI4IC0yODQ4IDAKdiAtMjU2MCAtMjg0OCAwCnYgLTI1OTIgLTI4NDggMAp2IC0yNjI0IC0yODQ4IDAKdiAtMjY1NiAtMjg0OCAwCnYgLTI2ODggLTI4NDggMAp2IC0yNzIwIC0yODQ4IDAKdiAtMjc1MiAtMjg0OCAwCnYgLTI3ODQgLTI4NDggMAp2IC0yODE2IC0yODQ4IDAKdiAtMjg0OCAtMjg0OCAwCnYgLTI4ODAgLTI4NDggMAp2IC0yOTEyIC0yODQ4IDAKdiAtMjk0NCAtMjg0OCAwCnYgLTI5NzYgLTI4NDggMAp2IC0zMDA4IC0yODQ4IDAKdiAtMzA0MCAtMjg0OCAwCnYgLTMwNzIgLTI4NDggMAp2IC0zMTA0IC0yODQ4IDAKdiAtMzEzNiAtMjg0OCAwCnYgLTMxNjggLTI4NDggMAp2IC0zMjAwIC0yODQ4IDAKdiAwIC0yODgwIDAKdiAtMzIgLTI4ODAgMAp2IC02NCAtMjg4MCAwCnYgLTk2IC0yODgwIDAKdiAtMTI4IC0yODgwIDAKdiAtMTYwIC0yODgwIDAKdiAtMTkyIC0yODgwIDAKdiAtMjI0IC0yODgwIDAKdiAtMjU2IC0yODgwIDAKdiAtMjg4IC0yODgwIDAKdiAtMzIwIC0yODgwIDAKdiAtMzUyIC0yODgwIDAKdiAtMzg0IC0yODgwIDAKdiAtNDE2IC0yODgwIDAKdiAtNDQ4IC0yODgwIDAKdiAtNDgwIC0yODgwIDAKdiAtNTEyIC0yODgwIDAKdiAtNTQ0IC0yODgwIDAKdiAtNTc2IC0yODgwIDAKdiAtNjA4IC0yODgwIDAKdiAtNjQwIC0yODgwIDAKdiAtNjcyIC0yODgwIDAKdiAtNzA0IC0yODgwIDAKdiAtNzM2IC0yODgwIDAKdiAtNzY4IC0yODgwIDAKdiAtODAwIC0yODgwIDAKdiAtODMyIC0yODgwIDAKdiAtODY0IC0yODgwIDAKdiAtODk2IC0yODgwIDAKdiAtOTI4IC0yODgwIDAKdiAtOTYwIC0yODgwIDAKdiAtOTkyIC0yODgwIDAKdiAtMTAyNCAtMjg4MCAwCnYgLTEwNTYgLTI4ODAgMAp2IC0xMDg4IC0yODgwIDAKdiAtMTEyMCAtMjg4MCAwCnYgLTExNTIgLTI4ODAgMAp2IC0xMTg0IC0yODgwIDAKdiAtMTIxNiAtMjg4MCAwCnYgLTEyNDggLTI4ODAgMAp2IC0xMjgwIC0yODgwIDAKdiAtMTMxMiAtMjg4MCAwCnYgLTEzNDQgLTI4ODAgMAp2IC0xMzc2IC0yODgwIDAKdiAtMTQwOCAtMjg4MCAwCnYgLTE0NDAgLTI4ODAgMAp2IC0xNDcyIC0yODgwIDAKdiAtMTUwNCAtMjg4MCAwCnYgLTE1MzYgLTI4ODAgMAp2IC0xNTY4IC0yODgwIDAKdiAtMTYwMCAtMjg4MCAwCnYgLTE2MzIgLTI4ODAgMAp2IC0xNjY0IC0yODgwIDAKdiAtMTY5NiAtMjg4MCAwCnYgLTE3MjggLTI4ODAgMAp2IC0xNzYwIC0yODgwIDAKdiAtMTc5MiAtMjg4MCAwCnYgLTE4MjQgLTI4ODAgMAp2IC0xODU2IC0yODgwIDAKdiAtMTg4OCAtMjg4MCAwCnYgLTE5MjAgLTI4ODAgMAp2IC0xOTUyIC0yODgwIDAKdiAtMTk4NCAtMjg4MCAwCnYgLTIwMTYgLTI4ODAgMAp2IC0yMDQ4IC0yODgwIDAKdiAtMjA4MCAtMjg4MCAwCnYgLTIxMTIgLTI4ODAgMAp2IC0yMTQ0IC0yODgwIDAKdiAtMjE3NiAtMjg4MCAwCnYgLTIyMDggLTI4ODAgMAp2IC0yMjQwIC0yODgwIDAKdiAtMjI3MiAtMjg4MCAwCnYgLTIzMDQgLTI4ODAgMAp2IC0yMzM2IC0yODgwIDAKdiAtMjM2OCAtMjg4MCAwCnYgLTI0MDAgLTI4ODAgMAp2IC0yNDMyIC0yODgwIDAKdiAtMjQ2NCAtMjg4MCAwCnYgLTI0OTYgLTI4ODAgMAp2IC0yNTI4IC0yODgwIDAKdiAtMjU2MCAtMjg4MCAwCnYgLTI1OTIgLTI4ODAgMAp2IC0yNjI0IC0yODgwIDAKdiAtMjY1NiAtMjg4MCAwCnYgLTI2ODggLTI4ODAgMAp2IC0yNzIwIC0yODgwIDAKdiAtMjc1MiAtMjg4MCAwCnYgLTI3ODQgLTI4ODAgMAp2IC0yODE2IC0yODgwIDAKdiAtMjg0OCAtMjg4MCAwCnYgLTI4ODAgLTI4ODAgMAp2IC0yOTEyIC0yODgwIDAKdiAtMjk0NCAtMjg4MCAwCnYgLTI5NzYgLTI4ODAgMAp2IC0zMDA4IC0yODgwIDAKdiAtMzA0MCAtMjg4MCAwCnYgLTMwNzIgLTI4ODAgMAp2IC0zMTA0IC0yODgwIDAKdiAtMzEzNiAtMjg4MCAwCnYgLTMxNjggLTI4ODAgMAp2IC0zMjAwIC0yODgwIDAKdiAwIC0yOTEyIDAKdiAtMzIgLTI5MTIgMAp2IC02NCAtMjkxMiAwCnYgLTk2IC0yOTEyIDAKdiAtMTI4IC0yOTEyIDAKdiAtMTYwIC0yOTEyIDAKdiAtMTkyIC0yOTEyIDAKdiAtMjI0IC0yOTEyIDAKdiAtMjU2IC0yOTEyIDAKdiAtMjg4IC0yOTEyIDAKdiAtMzIwIC0yOTEyIDAKdiAtMzUyIC0yOTEyIDAKdiAtMzg0IC0yOTEyIDAKdiAtNDE2IC0yOTEyIDAKdiAtNDQ4IC0yOTEyIDAKdiAtNDgwIC0yOTEyIDAKdiAtNTEyIC0yOTEyIDAKdiAtNTQ0IC0yOTEyIDAKdiAtNTc2IC0yOTEyIDAKdiAtNjA4IC0yOTEyIDAKdiAtNjQwIC0yOTEyIDAKdiAtNjcyIC0yOTEyIDAKdiAtNzA0IC0yOTEyIDAKdiAtNzM2IC0yOTEyIDAKdiAtNzY4IC0yOTEyIDAKdiAtODAwIC0yOTEyIDAKdiAtODMyIC0yOTEyIDAKdiAtODY0IC0yOTEyIDAKdiAtODk2IC0yOTEyIDAKdiAtOTI4IC0yOTEyIDAKdiAtOTYwIC0yOTEyIDAKdiAtOTkyIC0yOTEyIDAKdiAtMTAyNCAtMjkxMiAwCnYgLTEwNTYgLTI5MTIgMAp2IC0xMDg4IC0yOTEyIDAKdiAtMTEyMCAtMjkxMiAwCnYgLTExNTIgLTI5MTIgMAp2IC0xMTg0IC0yOTEyIDAKdiAtMTIxNiAtMjkxMiAwCnYgLTEyNDggLTI5MTIgMAp2IC0xMjgwIC0yOTEyIDAKdiAtMTMxMiAtMjkxMiAwCnYgLTEzNDQgLTI5MTIgMAp2IC0xMzc2IC0yOTEyIDAKdiAtMTQwOCAtMjkxMiAwCnYgLTE0NDAgLTI5MTIgMAp2IC0xNDcyIC0yOTEyIDAKdiAtMTUwNCAtMjkxMiAwCnYgLTE1MzYgLTI5MTIgMAp2IC0xNTY4IC0yOTEyIDAKdiAtMTYwMCAtMjkxMiAwCnYgLTE2MzIgLTI5MTIgMAp2IC0xNjY0IC0yOTEyIDAKdiAtMTY5NiAtMjkxMiAwCnYgLTE3MjggLTI5MTIgMAp2IC0xNzYwIC0yOTEyIDAKdiAtMTc5MiAtMjkxMiAwCnYgLTE4MjQgLTI5MTIgMAp2IC0xODU2IC0yOTEyIDAKdiAtMTg4OCAtMjkxMiAwCnYgLTE5MjAgLTI5MTIgMAp2IC0xOTUyIC0yOTEyIDAKdiAtMTk4NCAtMjkxMiAwCnYgLTIwMTYgLTI5MTIgMAp2IC0yMDQ4IC0yOTEyIDAKdiAtMjA4MCAtMjkxMiAwCnYgLTIxMTIgLTI5MTIgMAp2IC0yMTQ0IC0yOTEyIDAKdiAtMjE3NiAtMjkxMiAwCnYgLTIyMDggLTI5MTIgMAp2IC0yMjQwIC0yOTEyIDAKdiAtMjI3MiAtMjkxMiAwCnYgLTIzMDQgLTI5MTIgMAp2IC0yMzM2IC0yOTEyIDAKdiAtMjM2OCAtMjkxMiAwCnYgLTI0MDAgLTI5MTIgMAp2IC0yNDMyIC0yOTEyIDAKdiAtMjQ2NCAtMjkxMiAwCnYgLTI0OTYgLTI5MTIgMAp2IC0yNTI4IC0yOTEyIDAKdiAtMjU2MCAtMjkxMiAwCnYgLTI1OTIgLTI5MTIgMAp2IC0yNjI0IC0yOTEyIDAKdiAtMjY1NiAtMjkxMiAwCnYgLTI2ODggLTI5MTIgMAp2IC0yNzIwIC0yOTEyIDAKdiAtMjc1MiAtMjkxMiAwCnYgLTI3ODQgLTI5MTIgMAp2IC0yODE2IC0yOTEyIDAKdiAtMjg0OCAtMjkxMiAwCnYgLTI4ODAgLTI5MTIgMAp2IC0yOTEyIC0yOTEyIDAKdiAtMjk0NCAtMjkxMiAwCnYgLTI5NzYgLTI5MTIgMAp2IC0zMDA4IC0yOTEyIDAKdiAtMzA0MCAtMjkxMiAwCnYgLTMwNzIgLTI5MTIgMAp2IC0zMTA0IC0yOTEyIDAKdiAtMzEzNiAtMjkxMiAwCnYgLTMxNjggLTI5MTIgMAp2IC0zMjAwIC0yOTEyIDAKdiAwIC0yOTQ0IDAKdiAtMzIgLTI5NDQgMAp2IC02NCAtMjk0NCAwCnYgLTk2IC0yOTQ0IDAKdiAtMTI4IC0yOTQ0IDAKdiAtMTYwIC0yOTQ0IDAKdiAtMTkyIC0yOTQ0IDAKdiAtMjI0IC0yOTQ0IDAKdiAtMjU2IC0yOTQ0IDAKdiAtMjg4IC0yOTQ0IDAKdiAtMzIwIC0yOTQ0IDAKdiAtMzUyIC0yOTQ0IDAKdiAtMzg0IC0yOTQ0IDAKdiAtNDE2IC0yOTQ0IDAKdiAtNDQ4IC0yOTQ0IDAKdiAtNDgwIC0yOTQ0IDAKdiAtNTEyIC0yOTQ0IDAKdiAtNTQ0IC0yOTQ0IDAKdiAtNTc2IC0yOTQ0IDAKdiAtNjA4IC0yOTQ0IDAKdiAtNjQwIC0yOTQ0IDAKdiAtNjcyIC0yOTQ0IDAKdiAtNzA0IC0yOTQ0IDAKdiAtNzM2IC0yOTQ0IDAKdiAtNzY4IC0yOTQ0IDAKdiAtODAwIC0yOTQ0IDAKdiAtODMyIC0yOTQ0IDAKdiAtODY0IC0yOTQ0IDAKdiAtODk2IC0yOTQ0IDAKdiAtOTI4IC0yOTQ0IDAKdiAtOTYwIC0yOTQ0IDAKdiAtOTkyIC0yOTQ0IDAKdiAtMTAyNCAtMjk0NCAwCnYgLTEwNTYgLTI5NDQgMAp2IC0xMDg4IC0yOTQ0IDAKdiAtMTEyMCAtMjk0NCAwCnYgLTExNTIgLTI5NDQgMAp2IC0xMTg0IC0yOTQ0IDAKdiAtMTIxNiAtMjk0NCAwCnYgLTEyNDggLTI5NDQgMAp2IC0xMjgwIC0yOTQ0IDAKdiAtMTMxMiAtMjk0NCAwCnYgLTEzNDQgLTI5NDQgMAp2IC0xMzc2IC0yOTQ0IDAKdiAtMTQwOCAtMjk0NCAwCnYgLTE0NDAgLTI5NDQgMAp2IC0xNDcyIC0yOTQ0IDAKdiAtMTUwNCAtMjk0NCAwCnYgLTE1MzYgLTI5NDQgMAp2IC0xNTY4IC0yOTQ0IDAKdiAtMTYwMCAtMjk0NCAwCnYgLTE2MzIgLTI5NDQgMAp2IC0xNjY0IC0yOTQ0IDAKdiAtMTY5NiAtMjk0NCAwCnYgLTE3MjggLTI5NDQgMAp2IC0xNzYwIC0yOTQ0IDAKdiAtMTc5MiAtMjk0NCAwCnYgLTE4MjQgLTI5NDQgMAp2IC0xODU2IC0yOTQ0IDAKdiAtMTg4OCAtMjk0NCAwCnYgLTE5MjAgLTI5NDQgMAp2IC0xOTUyIC0yOTQ0IDAKdiAtMTk4NCAtMjk0NCAwCnYgLTIwMTYgLTI5NDQgMAp2IC0yMDQ4IC0yOTQ0IDAKdiAtMjA4MCAtMjk0NCAwCnYgLTIxMTIgLTI5NDQgMAp2IC0yMTQ0IC0yOTQ0IDAKdiAtMjE3NiAtMjk0NCAwCnYgLTIyMDggLTI5NDQgMAp2IC0yMjQwIC0yOTQ0IDAKdiAtMjI3MiAtMjk0NCAwCnYgLTIzMDQgLTI5NDQgMAp2IC0yMzM2IC0yOTQ0IDAKdiAtMjM2OCAtMjk0NCAwCnYgLTI0MDAgLTI5NDQgMAp2IC0yNDMyIC0yOTQ0IDAKdiAtMjQ2NCAtMjk0NCAwCnYgLTI0OTYgLTI5NDQgMAp2IC0yNTI4IC0yOTQ0IDAKdiAtMjU2MCAtMjk0NCAwCnYgLTI1OTIgLTI5NDQgMAp2IC0yNjI0IC0yOTQ0IDAKdiAtMjY1NiAtMjk0NCAwCnYgLTI2ODggLTI5NDQgMAp2IC0yNzIwIC0yOTQ0IDAKdiAtMjc1MiAtMjk0NCAwCnYgLTI3ODQgLTI5NDQgMAp2IC0yODE2IC0yOTQ0IDAKdiAtMjg0OCAtMjk0NCAwCnYgLTI4ODAgLTI5NDQgMAp2IC0yOTEyIC0yOTQ0IDAKdiAtMjk0NCAtMjk0NCAwCnYgLTI5NzYgLTI5NDQgMAp2IC0zMDA4IC0yOTQ0IDAKdiAtMzA0MCAtMjk0NCAwCnYgLTMwNzIgLTI5NDQgMAp2IC0zMTA0IC0yOTQ0IDAKdiAtMzEzNiAtMjk0NCAwCnYgLTMxNjggLTI5NDQgMAp2IC0zMjAwIC0yOTQ0IDAKdiAwIC0yOTc2IDAKdiAtMzIgLTI5NzYgMAp2IC02NCAtMjk3NiAwCnYgLTk2IC0yOTc2IDAKdiAtMTI4IC0yOTc2IDAKdiAtMTYwIC0yOTc2IDAKdiAtMTkyIC0yOTc2IDAKdiAtMjI0IC0yOTc2IDAKdiAtMjU2IC0yOTc2IDAKdiAtMjg4IC0yOTc2IDAKdiAtMzIwIC0yOTc2IDAKdiAtMzUyIC0yOTc2IDAKdiAtMzg0IC0yOTc2IDAKdiAtNDE2IC0yOTc2IDAKdiAtNDQ4IC0yOTc2IDAKdiAtNDgwIC0yOTc2IDAKdiAtNTEyIC0yOTc2IDAKdiAtNTQ0IC0yOTc2IDAKdiAtNTc2IC0yOTc2IDAKdiAtNjA4IC0yOTc2IDAKdiAtNjQwIC0yOTc2IDAKdiAtNjcyIC0yOTc2IDAKdiAtNzA0IC0yOTc2IDAKdiAtNzM2IC0yOTc2IDAKdiAtNzY4IC0yOTc2IDAKdiAtODAwIC0yOTc2IDAKdiAtODMyIC0yOTc2IDAKdiAtODY0IC0yOTc2IDAKdiAtODk2IC0yOTc2IDAKdiAtOTI4IC0yOTc2IDAKdiAtOTYwIC0yOTc2IDAKdiAtOTkyIC0yOTc2IDAKdiAtMTAyNCAtMjk3NiAwCnYgLTEwNTYgLTI5NzYgMAp2IC0xMDg4IC0yOTc2IDAKdiAtMTEyMCAtMjk3NiAwCnYgLTExNTIgLTI5NzYgMAp2IC0xMTg0IC0yOTc2IDAKdiAtMTIxNiAtMjk3NiAwCnYgLTEyNDggLTI5NzYgMAp2IC0xMjgwIC0yOTc2IDAKdiAtMTMxMiAtMjk3NiAwCnYgLTEzNDQgLTI5NzYgMAp2IC0xMzc2IC0yOTc2IDAKdiAtMTQwOCAtMjk3NiAwCnYgLTE0NDAgLTI5NzYgMAp2IC0xNDcyIC0yOTc2IDAKdiAtMTUwNCAtMjk3NiAwCnYgLTE1MzYgLTI5NzYgMAp2IC0xNTY4IC0yOTc2IDAKdiAtMTYwMCAtMjk3NiAwCnYgLTE2MzIgLTI5NzYgMAp2IC0xNjY0IC0yOTc2IDAKdiAtMTY5NiAtMjk3NiAwCnYgLTE3MjggLTI5NzYgMAp2IC0xNzYwIC0yOTc2IDAKdiAtMTc5MiAtMjk3NiAwCnYgLTE4MjQgLTI5NzYgMAp2IC0xODU2IC0yOTc2IDAKdiAtMTg4OCAtMjk3NiAwCnYgLTE5MjAgLTI5NzYgMAp2IC0xOTUyIC0yOTc2IDAKdiAtMTk4NCAtMjk3NiAwCnYgLTIwMTYgLTI5NzYgMAp2IC0yMDQ4IC0yOTc2IDAKdiAtMjA4MCAtMjk3NiAwCnYgLTIxMTIgLTI5NzYgMAp2IC0yMTQ0IC0yOTc2IDAKdiAtMjE3NiAtMjk3NiAwCnYgLTIyMDggLTI5NzYgMAp2IC0yMjQwIC0yOTc2IDAKdiAtMjI3MiAtMjk3NiAwCnYgLTIzMDQgLTI5NzYgMAp2IC0yMzM2IC0yOTc2IDAKdiAtMjM2OCAtMjk3NiAwCnYgLTI0MDAgLTI5NzYgMAp2IC0yNDMyIC0yOTc2IDAKdiAtMjQ2NCAtMjk3NiAwCnYgLTI0OTYgLTI5NzYgMAp2IC0yNTI4IC0yOTc2IDAKdiAtMjU2MCAtMjk3NiAwCnYgLTI1OTIgLTI5NzYgMAp2IC0yNjI0IC0yOTc2IDAKdiAtMjY1NiAtMjk3NiAwCnYgLTI2ODggLTI5NzYgMAp2IC0yNzIwIC0yOTc2IDAKdiAtMjc1MiAtMjk3NiAwCnYgLTI3ODQgLTI5NzYgMAp2IC0yODE2IC0yOTc2IDAKdiAtMjg0OCAtMjk3NiAwCnYgLTI4ODAgLTI5NzYgMAp2IC0yOTEyIC0yOTc2IDAKdiAtMjk0NCAtMjk3NiAwCnYgLTI5NzYgLTI5NzYgMAp2IC0zMDA4IC0yOTc2IDAKdiAtMzA0MCAtMjk3NiAwCnYgLTMwNzIgLTI5NzYgMAp2IC0zMTA0IC0yOTc2IDAKdiAtMzEzNiAtMjk3NiAwCnYgLTMxNjggLTI5NzYgMAp2IC0zMjAwIC0yOTc2IDAKdiAwIC0zMDA4IDAKdiAtMzIgLTMwMDggMAp2IC02NCAtMzAwOCAwCnYgLTk2IC0zMDA4IDAKdiAtMTI4IC0zMDA4IDAKdiAtMTYwIC0zMDA4IDAKdiAtMTkyIC0zMDA4IDAKdiAtMjI0IC0zMDA4IDAKdiAtMjU2IC0zMDA4IDAKdiAtMjg4IC0zMDA4IDAKdiAtMzIwIC0zMDA4IDAKdiAtMzUyIC0zMDA4IDAKdiAtMzg0IC0zMDA4IDAKdiAtNDE2IC0zMDA4IDAKdiAtNDQ4IC0zMDA4IDAKdiAtNDgwIC0zMDA4IDAKdiAtNTEyIC0zMDA4IDAKdiAtNTQ0IC0zMDA4IDAKdiAtNTc2IC0zMDA4IDAKdiAtNjA4IC0zMDA4IDAKdiAtNjQwIC0zMDA4IDAKdiAtNjcyIC0zMDA4IDAKdiAtNzA0IC0zMDA4IDAKdiAtNzM2IC0zMDA4IDAKdiAtNzY4IC0zMDA4IDAKdiAtODAwIC0zMDA4IDAKdiAtODMyIC0zMDA4IDAKdiAtODY0IC0zMDA4IDAKdiAtODk2IC0zMDA4IDAKdiAtOTI4IC0zMDA4IDAKdiAtOTYwIC0zMDA4IDAKdiAtOTkyIC0zMDA4IDAKdiAtMTAyNCAtMzAwOCAwCnYgLTEwNTYgLTMwMDggMAp2IC0xMDg4IC0zMDA4IDAKdiAtMTEyMCAtMzAwOCAwCnYgLTExNTIgLTMwMDggMAp2IC0xMTg0IC0zMDA4IDAKdiAtMTIxNiAtMzAwOCAwCnYgLTEyNDggLTMwMDggMAp2IC0xMjgwIC0zMDA4IDAKdiAtMTMxMiAtMzAwOCAwCnYgLTEzNDQgLTMwMDggMAp2IC0xMzc2IC0zMDA4IDAKdiAtMTQwOCAtMzAwOCAwCnYgLTE0NDAgLTMwMDggMAp2IC0xNDcyIC0zMDA4IDAKdiAtMTUwNCAtMzAwOCAwCnYgLTE1MzYgLTMwMDggMAp2IC0xNTY4IC0zMDA4IDAKdiAtMTYwMCAtMzAwOCAwCnYgLTE2MzIgLTMwMDggMAp2IC0xNjY0IC0zMDA4IDAKdiAtMTY5NiAtMzAwOCAwCnYgLTE3MjggLTMwMDggMAp2IC0xNzYwIC0zMDA4IDAKdiAtMTc5MiAtMzAwOCAwCnYgLTE4MjQgLTMwMDggMAp2IC0xODU2IC0zMDA4IDAKdiAtMTg4OCAtMzAwOCAwCnYgLTE5MjAgLTMwMDggMAp2IC0xOTUyIC0zMDA4IDAKdiAtMTk4NCAtMzAwOCAwCnYgLTIwMTYgLTMwMDggMAp2IC0yMDQ4IC0zMDA4IDAKdiAtMjA4MCAtMzAwOCAwCnYgLTIxMTIgLTMwMDggMAp2IC0yMTQ0IC0zMDA4IDAKdiAtMjE3NiAtMzAwOCAwCnYgLTIyMDggLTMwMDggMAp2IC0yMjQwIC0zMDA4IDAKdiAtMjI3MiAtMzAwOCAwCnYgLTIzMDQgLTMwMDggMAp2IC0yMzM2IC0zMDA4IDAKdiAtMjM2OCAtMzAwOCAwCnYgLTI0MDAgLTMwMDggMAp2IC0yNDMyIC0zMDA4IDAKdiAtMjQ2NCAtMzAwOCAwCnYgLTI0OTYgLTMwMDggMAp2IC0yNTI4IC0zMDA4IDAKdiAtMjU2MCAtMzAwOCAwCnYgLTI1OTIgLTMwMDggMAp2IC0yNjI0IC0zMDA4IDAKdiAtMjY1NiAtMzAwOCAwCnYgLTI2ODggLTMwMDggMAp2IC0yNzIwIC0zMDA4IDAKdiAtMjc1MiAtMzAwOCAwCnYgLTI3ODQgLTMwMDggMAp2IC0yODE2IC0zMDA4IDAKdiAtMjg0OCAtMzAwOCAwCnYgLTI4ODAgLTMwMDggMAp2IC0yOTEyIC0zMDA4IDAKdiAtMjk0NCAtMzAwOCAwCnYgLTI5NzYgLTMwMDggMAp2IC0zMDA4IC0zMDA4IDAKdiAtMzA0MCAtMzAwOCAwCnYgLTMwNzIgLTMwMDggMAp2IC0zMTA0IC0zMDA4IDAKdiAtMzEzNiAtMzAwOCAwCnYgLTMxNjggLTMwMDggMAp2IC0zMjAwIC0zMDA4IDAKdiAwIC0zMDQwIDAKdiAtMzIgLTMwNDAgMAp2IC02NCAtMzA0MCAwCnYgLTk2IC0zMDQwIDAKdiAtMTI4IC0zMDQwIDAKdiAtMTYwIC0zMDQwIDAKdiAtMTkyIC0zMDQwIDAKdiAtMjI0IC0zMDQwIDAKdiAtMjU2IC0zMDQwIDAKdiAtMjg4IC0zMDQwIDAKdiAtMzIwIC0zMDQwIDAKdiAtMzUyIC0zMDQwIDAKdiAtMzg0IC0zMDQwIDAKdiAtNDE2IC0zMDQwIDAKdiAtNDQ4IC0zMDQwIDAKdiAtNDgwIC0zMDQwIDAKdiAtNTEyIC0zMDQwIDAKdiAtNTQ0IC0zMDQwIDAKdiAtNTc2IC0zMDQwIDAKdiAtNjA4IC0zMDQwIDAKdiAtNjQwIC0zMDQwIDAKdiAtNjcyIC0zMDQwIDAKdiAtNzA0IC0zMDQwIDAKdiAtNzM2IC0zMDQwIDAKdiAtNzY4IC0zMDQwIDAKdiAtODAwIC0zMDQwIDAKdiAtODMyIC0zMDQwIDAKdiAtODY0IC0zMDQwIDAKdiAtODk2IC0zMDQwIDAKdiAtOTI4IC0zMDQwIDAKdiAtOTYwIC0zMDQwIDAKdiAtOTkyIC0zMDQwIDAKdiAtMTAyNCAtMzA0MCAwCnYgLTEwNTYgLTMwNDAgMAp2IC0xMDg4IC0zMDQwIDAKdiAtMTEyMCAtMzA0MCAwCnYgLTExNTIgLTMwNDAgMAp2IC0xMTg0IC0zMDQwIDAKdiAtMTIxNiAtMzA0MCAwCnYgLTEyNDggLTMwNDAgMAp2IC0xMjgwIC0zMDQwIDAKdiAtMTMxMiAtMzA0MCAwCnYgLTEzNDQgLTMwNDAgMAp2IC0xMzc2IC0zMDQwIDAKdiAtMTQwOCAtMzA0MCAwCnYgLTE0NDAgLTMwNDAgMAp2IC0xNDcyIC0zMDQwIDAKdiAtMTUwNCAtMzA0MCAwCnYgLTE1MzYgLTMwNDAgMAp2IC0xNTY4IC0zMDQwIDAKdiAtMTYwMCAtMzA0MCAwCnYgLTE2MzIgLTMwNDAgMAp2IC0xNjY0IC0zMDQwIDAKdiAtMTY5NiAtMzA0MCAwCnYgLTE3MjggLTMwNDAgMAp2IC0xNzYwIC0zMDQwIDAKdiAtMTc5MiAtMzA0MCAwCnYgLTE4MjQgLTMwNDAgMAp2IC0xODU2IC0zMDQwIDAKdiAtMTg4OCAtMzA0MCAwCnYgLTE5MjAgLTMwNDAgMAp2IC0xOTUyIC0zMDQwIDAKdiAtMTk4NCAtMzA0MCAwCnYgLTIwMTYgLTMwNDAgMAp2IC0yMDQ4IC0zMDQwIDAKdiAtMjA4MCAtMzA0MCAwCnYgLTIxMTIgLTMwNDAgMAp2IC0yMTQ0IC0zMDQwIDAKdiAtMjE3NiAtMzA0MCAwCnYgLTIyMDggLTMwNDAgMAp2IC0yMjQwIC0zMDQwIDAKdiAtMjI3MiAtMzA0MCAwCnYgLTIzMDQgLTMwNDAgMAp2IC0yMzM2IC0zMDQwIDAKdiAtMjM2OCAtMzA0MCAwCnYgLTI0MDAgLTMwNDAgMAp2IC0yNDMyIC0zMDQwIDAKdiAtMjQ2NCAtMzA0MCAwCnYgLTI0OTYgLTMwNDAgMAp2IC0yNTI4IC0zMDQwIDAKdiAtMjU2MCAtMzA0MCAwCnYgLTI1OTIgLTMwNDAgMAp2IC0yNjI0IC0zMDQwIDAKdiAtMjY1NiAtMzA0MCAwCnYgLTI2ODggLTMwNDAgMAp2IC0yNzIwIC0zMDQwIDAKdiAtMjc1MiAtMzA0MCAwCnYgLTI3ODQgLTMwNDAgMAp2IC0yODE2IC0zMDQwIDAKdiAtMjg0OCAtMzA0MCAwCnYgLTI4ODAgLTMwNDAgMAp2IC0yOTEyIC0zMDQwIDAKdiAtMjk0NCAtMzA0MCAwCnYgLTI5NzYgLTMwNDAgMAp2IC0zMDA4IC0zMDQwIDAKdiAtMzA0MCAtMzA0MCAwCnYgLTMwNzIgLTMwNDAgMAp2IC0zMTA0IC0zMDQwIDAKdiAtMzEzNiAtMzA0MCAwCnYgLTMxNjggLTMwNDAgMAp2IC0zMjAwIC0zMDQwIDAKdiAwIC0zMDcyIDAKdiAtMzIgLTMwNzIgMAp2IC02NCAtMzA3MiAwCnYgLTk2IC0zMDcyIDAKdiAtMTI4IC0zMDcyIDAKdiAtMTYwIC0zMDcyIDAKdiAtMTkyIC0zMDcyIDAKdiAtMjI0IC0zMDcyIDAKdiAtMjU2IC0zMDcyIDAKdiAtMjg4IC0zMDcyIDAKdiAtMzIwIC0zMDcyIDAKdiAtMzUyIC0zMDcyIDAKdiAtMzg0IC0zMDcyIDAKdiAtNDE2IC0zMDcyIDAKdiAtNDQ4IC0zMDcyIDAKdiAtNDgwIC0zMDcyIDAKdiAtNTEyIC0zMDcyIDAKdiAtNTQ0IC0zMDcyIDAKdiAtNTc2IC0zMDcyIDAKdiAtNjA4IC0zMDcyIDAKdiAtNjQwIC0zMDcyIDAKdiAtNjcyIC0zMDcyIDAKdiAtNzA0IC0zMDcyIDAKdiAtNzM2IC0zMDcyIDAKdiAtNzY4IC0zMDcyIDAKdiAtODAwIC0zMDcyIDAKdiAtODMyIC0zMDcyIDAKdiAtODY0IC0zMDcyIDAKdiAtODk2IC0zMDcyIDAKdiAtOTI4IC0zMDcyIDAKdiAtOTYwIC0zMDcyIDAKdiAtOTkyIC0zMDcyIDAKdiAtMTAyNCAtMzA3MiAwCnYgLTEwNTYgLTMwNzIgMAp2IC0xMDg4IC0zMDcyIDAKdiAtMTEyMCAtMzA3MiAwCnYgLTExNTIgLTMwNzIgMAp2IC0xMTg0IC0zMDcyIDAKdiAtMTIxNiAtMzA3MiAwCnYgLTEyNDggLTMwNzIgMAp2IC0xMjgwIC0zMDcyIDAKdiAtMTMxMiAtMzA3MiAwCnYgLTEzNDQgLTMwNzIgMAp2IC0xMzc2IC0zMDcyIDAKdiAtMTQwOCAtMzA3MiAwCnYgLTE0NDAgLTMwNzIgMAp2IC0xNDcyIC0zMDcyIDAKdiAtMTUwNCAtMzA3MiAwCnYgLTE1MzYgLTMwNzIgMAp2IC0xNTY4IC0zMDcyIDAKdiAtMTYwMCAtMzA3MiAwCnYgLTE2MzIgLTMwNzIgMAp2IC0xNjY0IC0zMDcyIDAKdiAtMTY5NiAtMzA3MiAwCnYgLTE3MjggLTMwNzIgMAp2IC0xNzYwIC0zMDcyIDAKdiAtMTc5MiAtMzA3MiAwCnYgLTE4MjQgLTMwNzIgMAp2IC0xODU2IC0zMDcyIDAKdiAtMTg4OCAtMzA3MiAwCnYgLTE5MjAgLTMwNzIgMAp2IC0xOTUyIC0zMDcyIDAKdiAtMTk4NCAtMzA3MiAwCnYgLTIwMTYgLTMwNzIgMAp2IC0yMDQ4IC0zMDcyIDAKdiAtMjA4MCAtMzA3MiAwCnYgLTIxMTIgLTMwNzIgMAp2IC0yMTQ0IC0zMDcyIDAKdiAtMjE3NiAtMzA3MiAwCnYgLTIyMDggLTMwNzIgMAp2IC0yMjQwIC0zMDcyIDAKdiAtMjI3MiAtMzA3MiAwCnYgLTIzMDQgLTMwNzIgMAp2IC0yMzM2IC0zMDcyIDAKdiAtMjM2OCAtMzA3MiAwCnYgLTI0MDAgLTMwNzIgMAp2IC0yNDMyIC0zMDcyIDAKdiAtMjQ2NCAtMzA3MiAwCnYgLTI0OTYgLTMwNzIgMAp2IC0yNTI4IC0zMDcyIDAKdiAtMjU2MCAtMzA3MiAwCnYgLTI1OTIgLTMwNzIgMAp2IC0yNjI0IC0zMDcyIDAKdiAtMjY1NiAtMzA3MiAwCnYgLTI2ODggLTMwNzIgMAp2IC0yNzIwIC0zMDcyIDAKdiAtMjc1MiAtMzA3MiAwCnYgLTI3ODQgLTMwNzIgMAp2IC0yODE2IC0zMDcyIDAKdiAtMjg0OCAtMzA3MiAwCnYgLTI4ODAgLTMwNzIgMAp2IC0yOTEyIC0zMDcyIDAKdiAtMjk0NCAtMzA3MiAwCnYgLTI5NzYgLTMwNzIgMAp2IC0zMDA4IC0zMDcyIDAKdiAtMzA0MCAtMzA3MiAwCnYgLTMwNzIgLTMwNzIgMAp2IC0zMTA0IC0zMDcyIDAKdiAtMzEzNiAtMzA3MiAwCnYgLTMxNjggLTMwNzIgMAp2IC0zMjAwIC0zMDcyIDAKdiAwIC0zMTA0IDAKdiAtMzIgLTMxMDQgMAp2IC02NCAtMzEwNCAwCnYgLTk2IC0zMTA0IDAKdiAtMTI4IC0zMTA0IDAKdiAtMTYwIC0zMTA0IDAKdiAtMTkyIC0zMTA0IDAKdiAtMjI0IC0zMTA0IDAKdiAtMjU2IC0zMTA0IDAKdiAtMjg4IC0zMTA0IDAKdiAtMzIwIC0zMTA0IDAKdiAtMzUyIC0zMTA0IDAKdiAtMzg0IC0zMTA0IDAKdiAtNDE2IC0zMTA0IDAKdiAtNDQ4IC0zMTA0IDAKdiAtNDgwIC0zMTA0IDAKdiAtNTEyIC0zMTA0IDAKdiAtNTQ0IC0zMTA0IDAKdiAtNTc2IC0zMTA0IDAKdiAtNjA4IC0zMTA0IDAKdiAtNjQwIC0zMTA0IDAKdiAtNjcyIC0zMTA0IDAKdiAtNzA0IC0zMTA0IDAKdiAtNzM2IC0zMTA0IDAKdiAtNzY4IC0zMTA0IDAKdiAtODAwIC0zMTA0IDAKdiAtODMyIC0zMTA0IDAKdiAtODY0IC0zMTA0IDAKdiAtODk2IC0zMTA0IDAKdiAtOTI4IC0zMTA0IDAKdiAtOTYwIC0zMTA0IDAKdiAtOTkyIC0zMTA0IDAKdiAtMTAyNCAtMzEwNCAwCnYgLTEwNTYgLTMxMDQgMAp2IC0xMDg4IC0zMTA0IDAKdiAtMTEyMCAtMzEwNCAwCnYgLTExNTIgLTMxMDQgMAp2IC0xMTg0IC0zMTA0IDAKdiAtMTIxNiAtMzEwNCAwCnYgLTEyNDggLTMxMDQgMAp2IC0xMjgwIC0zMTA0IDAKdiAtMTMxMiAtMzEwNCAwCnYgLTEzNDQgLTMxMDQgMAp2IC0xMzc2IC0zMTA0IDAKdiAtMTQwOCAtMzEwNCAwCnYgLTE0NDAgLTMxMDQgMAp2IC0xNDcyIC0zMTA0IDAKdiAtMTUwNCAtMzEwNCAwCnYgLTE1MzYgLTMxMDQgMAp2IC0xNTY4IC0zMTA0IDAKdiAtMTYwMCAtMzEwNCAwCnYgLTE2MzIgLTMxMDQgMAp2IC0xNjY0IC0zMTA0IDAKdiAtMTY5NiAtMzEwNCAwCnYgLTE3MjggLTMxMDQgMAp2IC0xNzYwIC0zMTA0IDAKdiAtMTc5MiAtMzEwNCAwCnYgLTE4MjQgLTMxMDQgMAp2IC0xODU2IC0zMTA0IDAKdiAtMTg4OCAtMzEwNCAwCnYgLTE5MjAgLTMxMDQgMAp2IC0xOTUyIC0zMTA0IDAKdiAtMTk4NCAtMzEwNCAwCnYgLTIwMTYgLTMxMDQgMAp2IC0yMDQ4IC0zMTA0IDAKdiAtMjA4MCAtMzEwNCAwCnYgLTIxMTIgLTMxMDQgMAp2IC0yMTQ0IC0zMTA0IDAKdiAtMjE3NiAtMzEwNCAwCnYgLTIyMDggLTMxMDQgMAp2IC0yMjQwIC0zMTA0IDAKdiAtMjI3MiAtMzEwNCAwCnYgLTIzMDQgLTMxMDQgMAp2IC0yMzM2IC0zMTA0IDAKdiAtMjM2OCAtMzEwNCAwCnYgLTI0MDAgLTMxMDQgMAp2IC0yNDMyIC0zMTA0IDAKdiAtMjQ2NCAtMzEwNCAwCnYgLTI0OTYgLTMxMDQgMAp2IC0yNTI4IC0zMTA0IDAKdiAtMjU2MCAtMzEwNCAwCnYgLTI1OTIgLTMxMDQgMAp2IC0yNjI0IC0zMTA0IDAKdiAtMjY1NiAtMzEwNCAwCnYgLTI2ODggLTMxMDQgMAp2IC0yNzIwIC0zMTA0IDAKdiAtMjc1MiAtMzEwNCAwCnYgLTI3ODQgLTMxMDQgMAp2IC0yODE2IC0zMTA0IDAKdiAtMjg0OCAtMzEwNCAwCnYgLTI4ODAgLTMxMDQgMAp2IC0yOTEyIC0zMTA0IDAKdiAtMjk0NCAtMzEwNCAwCnYgLTI5NzYgLTMxMDQgMAp2IC0zMDA4IC0zMTA0IDAKdiAtMzA0MCAtMzEwNCAwCnYgLTMwNzIgLTMxMDQgMAp2IC0zMTA0IC0zMTA0IDAKdiAtMzEzNiAtMzEwNCAwCnYgLTMxNjggLTMxMDQgMAp2IC0zMjAwIC0zMTA0IDAKdiAwIC0zMTM2IDAKdiAtMzIgLTMxMzYgMAp2IC02NCAtMzEzNiAwCnYgLTk2IC0zMTM2IDAKdiAtMTI4IC0zMTM2IDAKdiAtMTYwIC0zMTM2IDAKdiAtMTkyIC0zMTM2IDAKdiAtMjI0IC0zMTM2IDAKdiAtMjU2IC0zMTM2IDAKdiAtMjg4IC0zMTM2IDAKdiAtMzIwIC0zMTM2IDAKdiAtMzUyIC0zMTM2IDAKdiAtMzg0IC0zMTM2IDAKdiAtNDE2IC0zMTM2IDAKdiAtNDQ4IC0zMTM2IDAKdiAtNDgwIC0zMTM2IDAKdiAtNTEyIC0zMTM2IDAKdiAtNTQ0IC0zMTM2IDAKdiAtNTc2IC0zMTM2IDAKdiAtNjA4IC0zMTM2IDAKdiAtNjQwIC0zMTM2IDAKdiAtNjcyIC0zMTM2IDAKdiAtNzA0IC0zMTM2IDAKdiAtNzM2IC0zMTM2IDAKdiAtNzY4IC0zMTM2IDAKdiAtODAwIC0zMTM2IDAKdiAtODMyIC0zMTM2IDAKdiAtODY0IC0zMTM2IDAKdiAtODk2IC0zMTM2IDAKdiAtOTI4IC0zMTM2IDAKdiAtOTYwIC0zMTM2IDAKdiAtOTkyIC0zMTM2IDAKdiAtMTAyNCAtMzEzNiAwCnYgLTEwNTYgLTMxMzYgMAp2IC0xMDg4IC0zMTM2IDAKdiAtMTEyMCAtMzEzNiAwCnYgLTExNTIgLTMxMzYgMAp2IC0xMTg0IC0zMTM2IDAKdiAtMTIxNiAtMzEzNiAwCnYgLTEyNDggLTMxMzYgMAp2IC0xMjgwIC0zMTM2IDAKdiAtMTMxMiAtMzEzNiAwCnYgLTEzNDQgLTMxMzYgMAp2IC0xMzc2IC0zMTM2IDAKdiAtMTQwOCAtMzEzNiAwCnYgLTE0NDAgLTMxMzYgMAp2IC0xNDcyIC0zMTM2IDAKdiAtMTUwNCAtMzEzNiAwCnYgLTE1MzYgLTMxMzYgMAp2IC0xNTY4IC0zMTM2IDAKdiAtMTYwMCAtMzEzNiAwCnYgLTE2MzIgLTMxMzYgMAp2IC0xNjY0IC0zMTM2IDAKdiAtMTY5NiAtMzEzNiAwCnYgLTE3MjggLTMxMzYgMAp2IC0xNzYwIC0zMTM2IDAKdiAtMTc5MiAtMzEzNiAwCnYgLTE4MjQgLTMxMzYgMAp2IC0xODU2IC0zMTM2IDAKdiAtMTg4OCAtMzEzNiAwCnYgLTE5MjAgLTMxMzYgMAp2IC0xOTUyIC0zMTM2IDAKdiAtMTk4NCAtMzEzNiAwCnYgLTIwMTYgLTMxMzYgMAp2IC0yMDQ4IC0zMTM2IDAKdiAtMjA4MCAtMzEzNiAwCnYgLTIxMTIgLTMxMzYgMAp2IC0yMTQ0IC0zMTM2IDAKdiAtMjE3NiAtMzEzNiAwCnYgLTIyMDggLTMxMzYgMAp2IC0yMjQwIC0zMTM2IDAKdiAtMjI3MiAtMzEzNiAwCnYgLTIzMDQgLTMxMzYgMAp2IC0yMzM2IC0zMTM2IDAKdiAtMjM2OCAtMzEzNiAwCnYgLTI0MDAgLTMxMzYgMAp2IC0yNDMyIC0zMTM2IDAKdiAtMjQ2NCAtMzEzNiAwCnYgLTI0OTYgLTMxMzYgMAp2IC0yNTI4IC0zMTM2IDAKdiAtMjU2MCAtMzEzNiAwCnYgLTI1OTIgLTMxMzYgMAp2IC0yNjI0IC0zMTM2IDAKdiAtMjY1NiAtMzEzNiAwCnYgLTI2ODggLTMxMzYgMAp2IC0yNzIwIC0zMTM2IDAKdiAtMjc1MiAtMzEzNiAwCnYgLTI3ODQgLTMxMzYgMAp2IC0yODE2IC0zMTM2IDAKdiAtMjg0OCAtMzEzNiAwCnYgLTI4ODAgLTMxMzYgMAp2IC0yOTEyIC0zMTM2IDAKdiAtMjk0NCAtMzEzNiAwCnYgLTI5NzYgLTMxMzYgMAp2IC0zMDA4IC0zMTM2IDAKdiAtMzA0MCAtMzEzNiAwCnYgLTMwNzIgLTMxMzYgMAp2IC0zMTA0IC0zMTM2IDAKdiAtMzEzNiAtMzEzNiAwCnYgLTMxNjggLTMxMzYgMAp2IC0zMjAwIC0zMTM2IDAKdiAwIC0zMTY4IDAKdiAtMzIgLTMxNjggMAp2IC02NCAtMzE2OCAwCnYgLTk2IC0zMTY4IDAKdiAtMTI4IC0zMTY4IDAKdiAtMTYwIC0zMTY4IDAKdiAtMTkyIC0zMTY4IDAKdiAtMjI0IC0zMTY4IDAKdiAtMjU2IC0zMTY4IDAKdiAtMjg4IC0zMTY4IDAKdiAtMzIwIC0zMTY4IDAKdiAtMzUyIC0zMTY4IDAKdiAtMzg0IC0zMTY4IDAKdiAtNDE2IC0zMTY4IDAKdiAtNDQ4IC0zMTY4IDAKdiAtNDgwIC0zMTY4IDAKdiAtNTEyIC0zMTY4IDAKdiAtNTQ0IC0zMTY4IDAKdiAtNTc2IC0zMTY4IDAKdiAtNjA4IC0zMTY4IDAKdiAtNjQwIC0zMTY4IDAKdiAtNjcyIC0zMTY4IDAKdiAtNzA0IC0zMTY4IDAKdiAtNzM2IC0zMTY4IDAKdiAtNzY4IC0zMTY4IDAKdiAtODAwIC0zMTY4IDAKdiAtODMyIC0zMTY4IDAKdiAtODY0IC0zMTY4IDAKdiAtODk2IC0zMTY4IDAKdiAtOTI4IC0zMTY4IDAKdiAtOTYwIC0zMTY4IDAKdiAtOTkyIC0zMTY4IDAKdiAtMTAyNCAtMzE2OCAwCnYgLTEwNTYgLTMxNjggMAp2IC0xMDg4IC0zMTY4IDAKdiAtMTEyMCAtMzE2OCAwCnYgLTExNTIgLTMxNjggMAp2IC0xMTg0IC0zMTY4IDAKdiAtMTIxNiAtMzE2OCAwCnYgLTEyNDggLTMxNjggMAp2IC0xMjgwIC0zMTY4IDAKdiAtMTMxMiAtMzE2OCAwCnYgLTEzNDQgLTMxNjggMAp2IC0xMzc2IC0zMTY4IDAKdiAtMTQwOCAtMzE2OCAwCnYgLTE0NDAgLTMxNjggMAp2IC0xNDcyIC0zMTY4IDAKdiAtMTUwNCAtMzE2OCAwCnYgLTE1MzYgLTMxNjggMAp2IC0xNTY4IC0zMTY4IDAKdiAtMTYwMCAtMzE2OCAwCnYgLTE2MzIgLTMxNjggMAp2IC0xNjY0IC0zMTY4IDAKdiAtMTY5NiAtMzE2OCAwCnYgLTE3MjggLTMxNjggMAp2IC0xNzYwIC0zMTY4IDAKdiAtMTc5MiAtMzE2OCAwCnYgLTE4MjQgLTMxNjggMAp2IC0xODU2IC0zMTY4IDAKdiAtMTg4OCAtMzE2OCAwCnYgLTE5MjAgLTMxNjggMAp2IC0xOTUyIC0zMTY4IDAKdiAtMTk4NCAtMzE2OCAwCnYgLTIwMTYgLTMxNjggMAp2IC0yMDQ4IC0zMTY4IDAKdiAtMjA4MCAtMzE2OCAwCnYgLTIxMTIgLTMxNjggMAp2IC0yMTQ0IC0zMTY4IDAKdiAtMjE3NiAtMzE2OCAwCnYgLTIyMDggLTMxNjggMAp2IC0yMjQwIC0zMTY4IDAKdiAtMjI3MiAtMzE2OCAwCnYgLTIzMDQgLTMxNjggMAp2IC0yMzM2IC0zMTY4IDAKdiAtMjM2OCAtMzE2OCAwCnYgLTI0MDAgLTMxNjggMAp2IC0yNDMyIC0zMTY4IDAKdiAtMjQ2NCAtMzE2OCAwCnYgLTI0OTYgLTMxNjggMAp2IC0yNTI4IC0zMTY4IDAKdiAtMjU2MCAtMzE2OCAwCnYgLTI1OTIgLTMxNjggMAp2IC0yNjI0IC0zMTY4IDAKdiAtMjY1NiAtMzE2OCAwCnYgLTI2ODggLTMxNjggMAp2IC0yNzIwIC0zMTY4IDAKdiAtMjc1MiAtMzE2OCAwCnYgLTI3ODQgLTMxNjggMAp2IC0yODE2IC0zMTY4IDAKdiAtMjg0OCAtMzE2OCAwCnYgLTI4ODAgLTMxNjggMAp2IC0yOTEyIC0zMTY4IDAKdiAtMjk0NCAtMzE2OCAwCnYgLTI5NzYgLTMxNjggMAp2IC0zMDA4IC0zMTY4IDAKdiAtMzA0MCAtMzE2OCAwCnYgLTMwNzIgLTMxNjggMAp2IC0zMTA0IC0zMTY4IDAKdiAtMzEzNiAtMzE2OCAwCnYgLTMxNjggLTMxNjggMAp2IC0zMjAwIC0zMTY4IDAKdiAwIC0zMjAwIDAKdiAtMzIgLTMyMDAgMAp2IC02NCAtMzIwMCAwCnYgLTk2IC0zMjAwIDAKdiAtMTI4IC0zMjAwIDAKdiAtMTYwIC0zMjAwIDAKdiAtMTkyIC0zMjAwIDAKdiAtMjI0IC0zMjAwIDAKdiAtMjU2IC0zMjAwIDAKdiAtMjg4IC0zMjAwIDAKdiAtMzIwIC0zMjAwIDAKdiAtMzUyIC0zMjAwIDAKdiAtMzg0IC0zMjAwIDAKdiAtNDE2IC0zMjAwIDAKdiAtNDQ4IC0zMjAwIDAKdiAtNDgwIC0zMjAwIDAKdiAtNTEyIC0zMjAwIDAKdiAtNTQ0IC0zMjAwIDAKdiAtNTc2IC0zMjAwIDAKdiAtNjA4IC0zMjAwIDAKdiAtNjQwIC0zMjAwIDAKdiAtNjcyIC0zMjAwIDAKdiAtNzA0IC0zMjAwIDAKdiAtNzM2IC0zMjAwIDAKdiAtNzY4IC0zMjAwIDAKdiAtODAwIC0zMjAwIDAKdiAtODMyIC0zMjAwIDAKdiAtODY0IC0zMjAwIDAKdiAtODk2IC0zMjAwIDAKdiAtOTI4IC0zMjAwIDAKdiAtOTYwIC0zMjAwIDAKdiAtOTkyIC0zMjAwIDAKdiAtMTAyNCAtMzIwMCAwCnYgLTEwNTYgLTMyMDAgMAp2IC0xMDg4IC0zMjAwIDAKdiAtMTEyMCAtMzIwMCAwCnYgLTExNTIgLTMyMDAgMAp2IC0xMTg0IC0zMjAwIDAKdiAtMTIxNiAtMzIwMCAwCnYgLTEyNDggLTMyMDAgMAp2IC0xMjgwIC0zMjAwIDAKdiAtMTMxMiAtMzIwMCAwCnYgLTEzNDQgLTMyMDAgMAp2IC0xMzc2IC0zMjAwIDAKdiAtMTQwOCAtMzIwMCAwCnYgLTE0NDAgLTMyMDAgMAp2IC0xNDcyIC0zMjAwIDAKdiAtMTUwNCAtMzIwMCAwCnYgLTE1MzYgLTMyMDAgMAp2IC0xNTY4IC0zMjAwIDAKdiAtMTYwMCAtMzIwMCAwCnYgLTE2MzIgLTMyMDAgMAp2IC0xNjY0IC0zMjAwIDAKdiAtMTY5NiAtMzIwMCAwCnYgLTE3MjggLTMyMDAgMAp2IC0xNzYwIC0zMjAwIDAKdiAtMTc5MiAtMzIwMCAwCnYgLTE4MjQgLTMyMDAgMAp2IC0xODU2IC0zMjAwIDAKdiAtMTg4OCAtMzIwMCAwCnYgLTE5MjAgLTMyMDAgMAp2IC0xOTUyIC0zMjAwIDAKdiAtMTk4NCAtMzIwMCAwCnYgLTIwMTYgLTMyMDAgMAp2IC0yMDQ4IC0zMjAwIDAKdiAtMjA4MCAtMzIwMCAwCnYgLTIxMTIgLTMyMDAgMAp2IC0yMTQ0IC0zMjAwIDAKdiAtMjE3NiAtMzIwMCAwCnYgLTIyMDggLTMyMDAgMAp2IC0yMjQwIC0zMjAwIDAKdiAtMjI3MiAtMzIwMCAwCnYgLTIzMDQgLTMyMDAgMAp2IC0yMzM2IC0zMjAwIDAKdiAtMjM2OCAtMzIwMCAwCnYgLTI0MDAgLTMyMDAgMAp2IC0yNDMyIC0zMjAwIDAKdiAtMjQ2NCAtMzIwMCAwCnYgLTI0OTYgLTMyMDAgMAp2IC0yNTI4IC0zMjAwIDAKdiAtMjU2MCAtMzIwMCAwCnYgLTI1OTIgLTMyMDAgMAp2IC0yNjI0IC0zMjAwIDAKdiAtMjY1NiAtMzIwMCAwCnYgLTI2ODggLTMyMDAgMAp2IC0yNzIwIC0zMjAwIDAKdiAtMjc1MiAtMzIwMCAwCnYgLTI3ODQgLTMyMDAgMAp2IC0yODE2IC0zMjAwIDAKdiAtMjg0OCAtMzIwMCAwCnYgLTI4ODAgLTMyMDAgMAp2IC0yOTEyIC0zMjAwIDAKdiAtMjk0NCAtMzIwMCAwCnYgLTI5NzYgLTMyMDAgMAp2IC0zMDA4IC0zMjAwIDAKdiAtMzA0MCAtMzIwMCAwCnYgLTMwNzIgLTMyMDAgMAp2IC0zMTA0IC0zMjAwIDAKdiAtMzEzNiAtMzIwMCAwCnYgLTMxNjggLTMyMDAgMAp2IC0zMjAwIC0zMjAwIDAKCiMgVGV4dHVyZSBjb29yaWRpbmF0ZXMgKENvdW50ID0gMjA4KQp2dCAwLjMxMjUwMzggMC44NzUwMDM4CnZ0IDAuMzQzNzQ2MiAwLjg3NTAwMzgKdnQgMC4zNDM3NDYyIDAuOTA2MjQ2Mgp2dCAwLjMxMjUwMzggMC45MDYyNDYyCnZ0IDAuMzQzNzUzOCAwLjgxMjUwMzgKdnQgMC4zNzQ5OTYyIDAuODEyNTAzOAp2dCAwLjM3NDk5NjIgMC44NDM3NDYyCnZ0IDAuMzQzNzUzOCAwLjg0Mzc0NjIKdnQgMC4yODEyNTM4IDAuODEyNTAzOAp2dCAwLjMxMjQ5NjIgMC44MTI1MDM4CnZ0IDAuMzEyNDk2MiAwLjg0Mzc0NjIKdnQgMC4yODEyNTM4IDAuODQzNzQ2Mgp2dCAwLjMxMjUwMzggMC44MTI1MDM4CnZ0IDAuMzQzNzQ2MiAwLjgxMjUwMzgKdnQgMC4zNDM3NDYyIDAuODQzNzQ2Mgp2dCAwLjMxMjUwMzggMC44NDM3NDYyCnZ0IDAuMzc1MDAzOCAwLjkwNjI1MzgKdnQgMC40MDYyNDYyIDAuOTA2MjUzOAp2dCAwLjQwNjI0NjIgMC45Mzc0OTYyCnZ0IDAuMzc1MDAzOCAwLjkzNzQ5NjIKdnQgMC40MDYyNTM4IDAuOTA2MjUzOAp2dCAwLjQzNzQ5NjIgMC45MDYyNTM4CnZ0IDAuNDM3NDk2MiAwLjkzNzQ5NjIKdnQgMC40MDYyNTM4IDAuOTM3NDk2Mgp2dCAwLjQzNzUwMzggMC45MDYyNTM4CnZ0IDAuNDY4NzQ2MiAwLjkwNjI1MzgKdnQgMC40Njg3NDYyIDAuOTM3NDk2Mgp2dCAwLjQzNzUwMzggMC45Mzc0OTYyCnZ0IDAuMzc1MDAzOCAwLjg3NTAwMzgKdnQgMC40MDYyNDYyIDAuODc1MDAzOAp2dCAwLjQwNjI0NjIgMC45MDYyNDYyCnZ0IDAuMzc1MDAzOCAwLjkwNjI0NjIKdnQgMC40MDYyNTM4IDAuODc1MDAzOAp2dCAwLjQzNzQ5NjIgMC44NzUwMDM4CnZ0IDAuNDM3NDk2MiAwLjkwNjI0NjIKdnQgMC40MDYyNTM4IDAuOTA2MjQ2Mgp2dCAwLjQwNjI1MzggMC45Mzc1MDM4CnZ0IDAuNDM3NDk2MiAwLjkzNzUwMzgKdnQgMC40Mzc0OTYyIDAuOTY4NzQ2Mgp2dCAwLjQwNjI1MzggMC45Njg3NDYyCnZ0IDAuMzc1MDAzOCAwLjg0Mzc1MzgKdnQgMC40MDYyNDYyIDAuODQzNzUzOAp2dCAwLjQwNjI0NjIgMC44NzQ5OTYyCnZ0IDAuMzc1MDAzOCAwLjg3NDk5NjIKdnQgMC40Mzc1MDM4IDAuOTY4NzUzOAp2dCAwLjQ2ODc0NjIgMC45Njg3NTM4CnZ0IDAuNDY4NzQ2MiAwLjk5OTk5NjIKdnQgMC40Mzc1MDM4IDAuOTk5OTk2Mgp2dCAwLjQwNjI1MzggMC44NDM3NTM4CnZ0IDAuNDM3NDk2MiAwLjg0Mzc1MzgKdnQgMC40Mzc0OTYyIDAuODc0OTk2Mgp2dCAwLjQwNjI1MzggMC44NzQ5OTYyCnZ0IDAuNDM3NTAzOCAwLjg3NTAwMzgKdnQgMC40Njg3NDYyIDAuODc1MDAzOAp2dCAwLjQ2ODc0NjIgMC45MDYyNDYyCnZ0IDAuNDM3NTAzOCAwLjkwNjI0NjIKdnQgMC40Mzc1MDM4IDAuOTM3NTAzOAp2dCAwLjQ2ODc0NjIgMC45Mzc1MDM4CnZ0IDAuNDY4NzQ2MiAwLjk2ODc0NjIKdnQgMC40Mzc1MDM4IDAuOTY4NzQ2Mgp2dCAwLjQwNjI1MzggMC45Njg3NTM4CnZ0IDAuNDM3NDk2MiAwLjk2ODc1MzgKdnQgMC40Mzc0OTYyIDAuOTk5OTk2Mgp2dCAwLjQwNjI1MzggMC45OTk5OTYyCnZ0IDAuNDM3NTAzOCAwLjg0Mzc1MzgKdnQgMC40Njg3NDYyIDAuODQzNzUzOAp2dCAwLjQ2ODc0NjIgMC44NzQ5OTYyCnZ0IDAuNDM3NTAzOCAwLjg3NDk5NjIKdnQgMC40Njg3NTM4IDAuOTY4NzUzOAp2dCAwLjQ5OTk5NjIgMC45Njg3NTM4CnZ0IDAuNDk5OTk2MiAwLjk5OTk5NjIKdnQgMC40Njg3NTM4IDAuOTk5OTk2Mgp2dCAwLjQ2ODc1MzggMC45Mzc1MDM4CnZ0IDAuNDk5OTk2MiAwLjkzNzUwMzgKdnQgMC40OTk5OTYyIDAuOTY4NzQ2Mgp2dCAwLjQ2ODc1MzggMC45Njg3NDYyCnZ0IDAuNDY4NzUzOCAwLjkwNjI1MzgKdnQgMC40OTk5OTYyIDAuOTA2MjUzOAp2dCAwLjQ5OTk5NjIgMC45Mzc0OTYyCnZ0IDAuNDY4NzUzOCAwLjkzNzQ5NjIKdnQgMC41MDAwMDM4IDAuOTA2MjUzOAp2dCAwLjUzMTI0NjIgMC45MDYyNTM4CnZ0IDAuNTMxMjQ2MiAwLjkzNzQ5NjIKdnQgMC41MDAwMDM4IDAuOTM3NDk2Mgp2dCAwLjUzMTI1MzggMC45MDYyNTM4CnZ0IDAuNTYyNDk2MiAwLjkwNjI1MzgKdnQgMC41NjI0OTYyIDAuOTM3NDk2Mgp2dCAwLjUzMTI1MzggMC45Mzc0OTYyCnZ0IDAuNTMxMjUzOCAwLjkzNzUwMzgKdnQgMC41NjI0OTYyIDAuOTM3NTAzOAp2dCAwLjU2MjQ5NjIgMC45Njg3NDYyCnZ0IDAuNTMxMjUzOCAwLjk2ODc0NjIKdnQgMC41MDAwMDM4IDAuODc1MDAzOAp2dCAwLjUzMTI0NjIgMC44NzUwMDM4CnZ0IDAuNTMxMjQ2MiAwLjkwNjI0NjIKdnQgMC41MDAwMDM4IDAuOTA2MjQ2Mgp2dCAwLjUwMDAwMzggMC45Mzc1MDM4CnZ0IDAuNTMxMjQ2MiAwLjkzNzUwMzgKdnQgMC41MzEyNDYyIDAuOTY4NzQ2Mgp2dCAwLjUwMDAwMzggMC45Njg3NDYyCnZ0IDAuNDY4NzUzOCAwLjg3NTAwMzgKdnQgMC40OTk5OTYyIDAuODc1MDAzOAp2dCAwLjQ5OTk5NjIgMC45MDYyNDYyCnZ0IDAuNDY4NzUzOCAwLjkwNjI0NjIKdnQgMC41MzEyNTM4IDAuODc1MDAzOAp2dCAwLjU2MjQ5NjIgMC44NzUwMDM4CnZ0IDAuNTYyNDk2MiAwLjkwNjI0NjIKdnQgMC41MzEyNTM4IDAuOTA2MjQ2Mgp2dCAwLjUwMDAwMzggMC45Njg3NTM4CnZ0IDAuNTMxMjQ2MiAwLjk2ODc1MzgKdnQgMC41MzEyNDYyIDAuOTk5OTk2Mgp2dCAwLjUwMDAwMzggMC45OTk5OTYyCnZ0IDAuNTMxMjUzOCAwLjk2ODc1MzgKdnQgMC41NjI0OTYyIDAuOTY4NzUzOAp2dCAwLjU2MjQ5NjIgMC45OTk5OTYyCnZ0IDAuNTMxMjUzOCAwLjk5OTk5NjIKdnQgMC41MzEyNTM4IDAuODQzNzUzOAp2dCAwLjU2MjQ5NjIgMC44NDM3NTM4CnZ0IDAuNTYyNDk2MiAwLjg3NDk5NjIKdnQgMC41MzEyNTM4IDAuODc0OTk2Mgp2dCAwLjQ2ODc1MzggMC44NDM3NTM4CnZ0IDAuNDk5OTk2MiAwLjg0Mzc1MzgKdnQgMC40OTk5OTYyIDAuODc0OTk2Mgp2dCAwLjQ2ODc1MzggMC44NzQ5OTYyCnZ0IDAuNTAwMDAzOCAwLjg0Mzc1MzgKdnQgMC41MzEyNDYyIDAuODQzNzUzOAp2dCAwLjUzMTI0NjIgMC44NzQ5OTYyCnZ0IDAuNTAwMDAzOCAwLjg3NDk5NjIKdnQgMC40Njg3NTM4IDAuODEyNTAzOAp2dCAwLjQ5OTk5NjIgMC44MTI1MDM4CnZ0IDAuNDk5OTk2MiAwLjg0Mzc0NjIKdnQgMC40Njg3NTM4IDAuODQzNzQ2Mgp2dCAwLjUzMTI1MzggMC44MTI1MDM4CnZ0IDAuNTYyNDk2MiAwLjgxMjUwMzgKdnQgMC41NjI0OTYyIDAuODQzNzQ2Mgp2dCAwLjUzMTI1MzggMC44NDM3NDYyCnZ0IDAuOTY4NzUzOCAwLjQ2ODc1MzgKdnQgMC45OTk5OTYyIDAuNDY4NzUzOAp2dCAwLjk5OTk5NjIgMC40OTk5OTYyCnZ0IDAuOTY4NzUzOCAwLjQ5OTk5NjIKdnQgMC45Mzc1MDM4IDAuNDY4NzUzOAp2dCAwLjk2ODc0NjIgMC40Njg3NTM4CnZ0IDAuOTY4NzQ2MiAwLjQ5OTk5NjIKdnQgMC45Mzc1MDM4IDAuNDk5OTk2Mgp2dCAwLjk2ODc1MzggMC40Mzc1MDM4CnZ0IDAuOTk5OTk2MiAwLjQzNzUwMzgKdnQgMC45OTk5OTYyIDAuNDY4NzQ2Mgp2dCAwLjk2ODc1MzggMC40Njg3NDYyCnZ0IDAuOTA2MjUzOCAwLjQzNzUwMzgKdnQgMC45Mzc0OTYyIDAuNDM3NTAzOAp2dCAwLjkzNzQ5NjIgMC40Njg3NDYyCnZ0IDAuOTA2MjUzOCAwLjQ2ODc0NjIKdnQgMC45MDYyNTM4IDAuNDY4NzUzOAp2dCAwLjkzNzQ5NjIgMC40Njg3NTM4CnZ0IDAuOTM3NDk2MiAwLjQ5OTk5NjIKdnQgMC45MDYyNTM4IDAuNDk5OTk2Mgp2dCAwLjkzNzUwMzggMC40Mzc1MDM4CnZ0IDAuOTY4NzQ2MiAwLjQzNzUwMzgKdnQgMC45Njg3NDYyIDAuNDY4NzQ2Mgp2dCAwLjkzNzUwMzggMC40Njg3NDYyCnZ0IDAuOTY4NzUzOCAwLjMxMjUwMzgKdnQgMC45OTk5OTYyIDAuMzEyNTAzOAp2dCAwLjk5OTk5NjIgMC4zNDM3NDYyCnZ0IDAuOTY4NzUzOCAwLjM0Mzc0NjIKdnQgMC44MTI1MDM4IDAuMjgxMjUzOAp2dCAwLjg0Mzc0NjIgMC4yODEyNTM4CnZ0IDAuODQzNzQ2MiAwLjMxMjQ5NjIKdnQgMC44MTI1MDM4IDAuMzEyNDk2Mgp2dCAwLjg0Mzc1MzggMC4yODEyNTM4CnZ0IDAuODc0OTk2MiAwLjI4MTI1MzgKdnQgMC44NzQ5OTYyIDAuMzEyNDk2Mgp2dCAwLjg0Mzc1MzggMC4zMTI0OTYyCnZ0IDAuNzUwMDAzOCAwLjI4MTI1MzgKdnQgMC43ODEyNDYyIDAuMjgxMjUzOAp2dCAwLjc4MTI0NjIgMC4zMTI0OTYyCnZ0IDAuNzUwMDAzOCAwLjMxMjQ5NjIKdnQgMC43ODEyNTM4IDAuMjgxMjUzOAp2dCAwLjgxMjQ5NjIgMC4yODEyNTM4CnZ0IDAuODEyNDk2MiAwLjMxMjQ5NjIKdnQgMC43ODEyNTM4IDAuMzEyNDk2Mgp2dCAwLjg3NTAwMzggMC4yODEyNTM4CnZ0IDAuOTA2MjQ2MiAwLjI4MTI1MzgKdnQgMC45MDYyNDYyIDAuMzEyNDk2Mgp2dCAwLjg3NTAwMzggMC4zMTI0OTYyCnZ0IDAuOTY4NzUzOCAwLjM0Mzc1MzgKdnQgMC45OTk5OTYyIDAuMzQzNzUzOAp2dCAwLjk5OTk5NjIgMC4zNzQ5OTYyCnZ0IDAuOTY4NzUzOCAwLjM3NDk5NjIKdnQgMC44MTI1MDM4IDAuMzEyNTAzOAp2dCAwLjg0Mzc0NjIgMC4zMTI1MDM4CnZ0IDAuODQzNzQ2MiAwLjM0Mzc0NjIKdnQgMC44MTI1MDM4IDAuMzQzNzQ2Mgp2dCAwLjg0Mzc1MzggMC4zMTI1MDM4CnZ0IDAuODc0OTk2MiAwLjMxMjUwMzgKdnQgMC44NzQ5OTYyIDAuMzQzNzQ2Mgp2dCAwLjg0Mzc1MzggMC4zNDM3NDYyCnZ0IDAuNzUwMDAzOCAwLjMxMjUwMzgKdnQgMC43ODEyNDYyIDAuMzEyNTAzOAp2dCAwLjc4MTI0NjIgMC4zNDM3NDYyCnZ0IDAuNzUwMDAzOCAwLjM0Mzc0NjIKdnQgMC43ODEyNTM4IDAuMzEyNTAzOAp2dCAwLjgxMjQ5NjIgMC4zMTI1MDM4CnZ0IDAuODEyNDk2MiAwLjM0Mzc0NjIKdnQgMC43ODEyNTM4IDAuMzQzNzQ2Mgp2dCAwLjg3NTAwMzggMC4zMTI1MDM4CnZ0IDAuOTA2MjQ2MiAwLjMxMjUwMzgKdnQgMC45MDYyNDYyIDAuMzQzNzQ2Mgp2dCAwLjg3NTAwMzggMC4zNDM3NDYyCgojIE5vcm1hbAp2biAwIDAgLTEKCiMgR3JvdXBzIChDb3VudCA9IDUpCgpnIG1lc2hfMDAwMQpmIDEvMS8xIDIvMi8xIDMvMy8xIDQvNC8xCmYgMi8xLzEgNS8yLzEgNi8zLzEgMy80LzEKZiA1LzEvMSA3LzIvMSA4LzMvMSA2LzQvMQpmIDcvMS8xIDkvMi8xIDEwLzMvMSA4LzQvMQpmIDkvMS8xIDExLzIvMSAxMi8zLzEgMTAvNC8xCmYgMTEvMS8xIDEzLzIvMSAxNC8zLzEgMTIvNC8xCmYgMTMvMS8xIDE1LzIvMSAxNi8zLzEgMTQvNC8xCmYgMTUvMS8xIDE3LzIvMSAxOC8zLzEgMTYvNC8xCmYgMTcvMS8xIDE5LzIvMSAyMC8zLzEgMTgvNC8xCmYgMTkvMS8xIDIxLzIvMSAyMi8zLzEgMjAvNC8xCmYgMjEvMS8xIDIzLzIvMSAyNC8zLzEgMjIvNC8xCmYgMjMvMS8xIDI1LzIvMSAyNi8zLzEgMjQvNC8xCmYgMjUvMS8xIDI3LzIvMSAyOC8zLzEgMjYvNC8xCmYgMjcvMS8xIDI5LzIvMSAzMC8zLzEgMjgvNC8xCmYgMjkvMS8xIDMxLzIvMSAzMi8zLzEgMzAvNC8xCmYgMzEvMS8xIDMzLzIvMSAzNC8zLzEgMzIvNC8xCmYgMzMvMS8xIDM1LzIvMSAzNi8zLzEgMzQvNC8xCmYgMzUvMS8xIDM3LzIvMSAzOC8zLzEgMzYvNC8xCmYgMzcvMS8xIDM5LzIvMSA0MC8zLzEgMzgvNC8xCmYgMzkvMS8xIDQxLzIvMSA0Mi8zLzEgNDAvNC8xCmYgNDEvMS8xIDQzLzIvMSA0NC8zLzEgNDIvNC8xCmYgNDMvMS8xIDQ1LzIvMSA0Ni8zLzEgNDQvNC8xCmYgNDUvMS8xIDQ3LzIvMSA0OC8zLzEgNDYvNC8xCmYgNDcvMS8xIDQ5LzIvMSA1MC8zLzEgNDgvNC8xCmYgNDkvMS8xIDUxLzIvMSA1Mi8zLzEgNTAvNC8xCmYgNTEvMS8xIDUzLzIvMSA1NC8zLzEgNTIvNC8xCmYgNTMvMS8xIDU1LzIvMSA1Ni8zLzEgNTQvNC8xCmYgNTUvMS8xIDU3LzIvMSA1OC8zLzEgNTYvNC8xCmYgNTcvMS8xIDU5LzIvMSA2MC8zLzEgNTgvNC8xCmYgNTkvMS8xIDYxLzIvMSA2Mi8zLzEgNjAvNC8xCmYgNjEvMS8xIDYzLzIvMSA2NC8zLzEgNjIvNC8xCmYgNjMvMS8xIDY1LzIvMSA2Ni8zLzEgNjQvNC8xCmYgNjUvMS8xIDY3LzIvMSA2OC8zLzEgNjYvNC8xCmYgNjcvMS8xIDY5LzIvMSA3MC8zLzEgNjgvNC8xCmYgNjkvMS8xIDcxLzIvMSA3Mi8zLzEgNzAvNC8xCmYgNzEvMS8xIDczLzIvMSA3NC8zLzEgNzIvNC8xCmYgNzMvMS8xIDc1LzIvMSA3Ni8zLzEgNzQvNC8xCmYgNzUvMS8xIDc3LzIvMSA3OC8zLzEgNzYvNC8xCmYgNzcvMS8xIDc5LzIvMSA4MC8zLzEgNzgvNC8xCmYgNzkvMS8xIDgxLzIvMSA4Mi8zLzEgODAvNC8xCmYgODEvMS8xIDgzLzIvMSA4NC8zLzEgODIvNC8xCmYgODMvMS8xIDg1LzIvMSA4Ni8zLzEgODQvNC8xCmYgODUvMS8xIDg3LzIvMSA4OC8zLzEgODYvNC8xCmYgODcvMS8xIDg5LzIvMSA5MC8zLzEgODgvNC8xCmYgODkvMS8xIDkxLzIvMSA5Mi8zLzEgOTAvNC8xCmYgOTEvMS8xIDkzLzIvMSA5NC8zLzEgOTIvNC8xCmYgOTMvMS8xIDk1LzIvMSA5Ni8zLzEgOTQvNC8xCmYgOTUvMS8xIDk3LzIvMSA5OC8zLzEgOTYvNC8xCmYgOTcvMS8xIDk5LzIvMSAxMDAvMy8xIDk4LzQvMQpmIDk5LzEvMSAxMDEvMi8xIDEwMi8zLzEgMTAwLzQvMQpmIDEwMS8xLzEgMTAzLzIvMSAxMDQvMy8xIDEwMi80LzEKZiAxMDMvMS8xIDEwNS8yLzEgMTA2LzMvMSAxMDQvNC8xCmYgMTA1LzEvMSAxMDcvMi8xIDEwOC8zLzEgMTA2LzQvMQpmIDEwNy8xLzEgMTA5LzIvMSAxMTAvMy8xIDEwOC80LzEKZiAxMDkvMS8xIDExMS8yLzEgMTEyLzMvMSAxMTAvNC8xCmYgMTExLzEvMSAxMTMvMi8xIDExNC8zLzEgMTEyLzQvMQpmIDExMy8xLzEgMTE1LzIvMSAxMTYvMy8xIDExNC80LzEKZiAxMTUvMS8xIDExNy8yLzEgMTE4LzMvMSAxMTYvNC8xCmYgMTE3LzEvMSAxMTkvMi8xIDEyMC8zLzEgMTE4LzQvMQpmIDExOS8xLzEgMTIxLzIvMSAxMjIvMy8xIDEyMC80LzEKZiAxMjEvMS8xIDEyMy8yLzEgMTI0LzMvMSAxMjIvNC8xCmYgMTIzLzEvMSAxMjUvMi8xIDEyNi8zLzEgMTI0LzQvMQpmIDEyNS8xLzEgMTI3LzIvMSAxMjgvMy8xIDEyNi80LzEKZiAxMjcvMS8xIDEyOS8yLzEgMTMwLzMvMSAxMjgvNC8xCmYgMTI5LzEvMSAxMzEvMi8xIDEzMi8zLzEgMTMwLzQvMQpmIDEzMS8xLzEgMTMzLzIvMSAxMzQvMy8xIDEzMi80LzEKZiAxMzMvMS8xIDEzNS8yLzEgMTM2LzMvMSAxMzQvNC8xCmYgMTM1LzEvMSAxMzcvMi8xIDEzOC8zLzEgMTM2LzQvMQpmIDEzNy8xLzEgMTM5LzIvMSAxNDAvMy8xIDEzOC80LzEKZiAxMzkvMS8xIDE0MS8yLzEgMTQyLzMvMSAxNDAvNC8xCmYgMTQxLzEvMSAxNDMvMi8xIDE0NC8zLzEgMTQyLzQvMQpmIDE0My8xLzEgMTQ1LzIvMSAxNDYvMy8xIDE0NC80LzEKZiAxNDUvMS8xIDE0Ny8yLzEgMTQ4LzMvMSAxNDYvNC8xCmYgMTQ3LzEvMSAxNDkvMi8xIDE1MC8zLzEgMTQ4LzQvMQpmIDE0OS8xLzEgMTUxLzIvMSAxNTIvMy8xIDE1MC80LzEKZiAxNTEvMS8xIDE1My8yLzEgMTU0LzMvMSAxNTIvNC8xCmYgMTUzLzEvMSAxNTUvMi8xIDE1Ni8zLzEgMTU0LzQvMQpmIDE1NS8xLzEgMTU3LzIvMSAxNTgvMy8xIDE1Ni80LzEKZiAxNTcvMS8xIDE1OS8yLzEgMTYwLzMvMSAxNTgvNC8xCmYgMTU5LzEvMSAxNjEvMi8xIDE2Mi8zLzEgMTYwLzQvMQpmIDE2MS8xLzEgMTYzLzIvMSAxNjQvMy8xIDE2Mi80LzEKZiAxNjMvMS8xIDE2NS8yLzEgMTY2LzMvMSAxNjQvNC8xCmYgMTY1LzEvMSAxNjcvMi8xIDE2OC8zLzEgMTY2LzQvMQpmIDE2Ny8xLzEgMTY5LzIvMSAxNzAvMy8xIDE2OC80LzEKZiAxNjkvMS8xIDE3MS8yLzEgMTcyLzMvMSAxNzAvNC8xCmYgMTcxLzEvMSAxNzMvMi8xIDE3NC8zLzEgMTcyLzQvMQpmIDE3My8xLzEgMTc1LzIvMSAxNzYvMy8xIDE3NC80LzEKZiAxNzUvMS8xIDE3Ny8yLzEgMTc4LzMvMSAxNzYvNC8xCmYgMTc3LzEvMSAxNzkvMi8xIDE4MC8zLzEgMTc4LzQvMQpmIDE3OS8xLzEgMTgxLzIvMSAxODIvMy8xIDE4MC80LzEKZiAxODEvMS8xIDE4My8yLzEgMTg0LzMvMSAxODIvNC8xCmYgMTgzLzEvMSAxODUvMi8xIDE4Ni8zLzEgMTg0LzQvMQpmIDE4NS8xLzEgMTg3LzIvMSAxODgvMy8xIDE4Ni80LzEKZiAxODcvMS8xIDE4OS8yLzEgMTkwLzMvMSAxODgvNC8xCmYgMTg5LzEvMSAxOTEvMi8xIDE5Mi8zLzEgMTkwLzQvMQpmIDE5MS8xLzEgMTkzLzIvMSAxOTQvMy8xIDE5Mi80LzEKZiAxOTMvMS8xIDE5NS8yLzEgMTk2LzMvMSAxOTQvNC8xCmYgMTk1LzEvMSAxOTcvMi8xIDE5OC8zLzEgMTk2LzQvMQpmIDE5Ny8xLzEgMTk5LzIvMSAyMDAvMy8xIDE5OC80LzEKZiAxOTkvMS8xIDIwMS8yLzEgMjAyLzMvMSAyMDAvNC8xCmYgMjAzLzEvMSAyMDQvMi8xIDIvMy8xIDEvNC8xCmYgMjA0LzEvMSAyMDUvMi8xIDUvMy8xIDIvNC8xCmYgMjA1LzEvMSAyMDYvMi8xIDcvMy8xIDUvNC8xCmYgMjA2LzEvMSAyMDcvMi8xIDkvMy8xIDcvNC8xCmYgMjA3LzEvMSAyMDgvMi8xIDExLzMvMSA5LzQvMQpmIDIwOC8xLzEgMjA5LzIvMSAxMy8zLzEgMTEvNC8xCmYgMjA5LzEvMSAyMTAvMi8xIDE1LzMvMSAxMy80LzEKZiAyMTAvMS8xIDIxMS8yLzEgMTcvMy8xIDE1LzQvMQpmIDIxMS8xLzEgMjEyLzIvMSAxOS8zLzEgMTcvNC8xCmYgMjEyLzEvMSAyMTMvMi8xIDIxLzMvMSAxOS80LzEKZiAyMTMvMS8xIDIxNC8yLzEgMjMvMy8xIDIxLzQvMQpmIDIxNC8xLzEgMjE1LzIvMSAyNS8zLzEgMjMvNC8xCmYgMjE1LzEvMSAyMTYvMi8xIDI3LzMvMSAyNS80LzEKZiAyMTYvMS8xIDIxNy8yLzEgMjkvMy8xIDI3LzQvMQpmIDIxNy8xLzEgMjE4LzIvMSAzMS8zLzEgMjkvNC8xCmYgMjE4LzEvMSAyMTkvMi8xIDMzLzMvMSAzMS80LzEKZiAyMTkvMS8xIDIyMC8yLzEgMzUvMy8xIDMzLzQvMQpmIDIyMC8xLzEgMjIxLzIvMSAzNy8zLzEgMzUvNC8xCmYgMjIxLzEvMSAyMjIvMi8xIDM5LzMvMSAzNy80LzEKZiAyMjIvMS8xIDIyMy8yLzEgNDEvMy8xIDM5LzQvMQpmIDIyMy8xLzEgMjI0LzIvMSA0My8zLzEgNDEvNC8xCmYgMjI0LzEvMSAyMjUvMi8xIDQ1LzMvMSA0My80LzEKZiAyMjUvMS8xIDIyNi8yLzEgNDcvMy8xIDQ1LzQvMQpmIDIyNi8xLzEgMjI3LzIvMSA0OS8zLzEgNDcvNC8xCmYgMjI3LzEvMSAyMjgvMi8xIDUxLzMvMSA0OS80LzEKZiAyMjgvMS8xIDIyOS8yLzEgNTMvMy8xIDUxLzQvMQpmIDIyOS8xLzEgMjMwLzIvMSA1NS8zLzEgNTMvNC8xCmYgMjMwLzEvMSAyMzEvMi8xIDU3LzMvMSA1NS80LzEKZiAyMzEvMS8xIDIzMi8yLzEgNTkvMy8xIDU3LzQvMQpmIDIzMi8xLzEgMjMzLzIvMSA2MS8zLzEgNTkvNC8xCmYgMjMzLzEvMSAyMzQvMi8xIDYzLzMvMSA2MS80LzEKZiAyMzQvMS8xIDIzNS8yLzEgNjUvMy8xIDYzLzQvMQpmIDIzNS8xLzEgMjM2LzIvMSA2Ny8zLzEgNjUvNC8xCmYgMjM2LzEvMSAyMzcvMi8xIDY5LzMvMSA2Ny80LzEKZiAyMzcvMS8xIDIzOC8yLzEgNzEvMy8xIDY5LzQvMQpmIDIzOC8xLzEgMjM5LzIvMSA3My8zLzEgNzEvNC8xCmYgMjM5LzEvMSAyNDAvMi8xIDc1LzMvMSA3My80LzEKZiAyNDAvMS8xIDI0MS8yLzEgNzcvMy8xIDc1LzQvMQpmIDI0MS8xLzEgMjQyLzIvMSA3OS8zLzEgNzcvNC8xCmYgMjQyLzEvMSAyNDMvMi8xIDgxLzMvMSA3OS80LzEKZiAyNDMvMS8xIDI0NC8yLzEgODMvMy8xIDgxLzQvMQpmIDI0NC8xLzEgMjQ1LzIvMSA4NS8zLzEgODMvNC8xCmYgMjQ1LzEvMSAyNDYvMi8xIDg3LzMvMSA4NS80LzEKZiAyNDYvMS8xIDI0Ny8yLzEgODkvMy8xIDg3LzQvMQpmIDI0Ny8xLzEgMjQ4LzIvMSA5MS8zLzEgODkvNC8xCmYgMjQ4LzEvMSAyNDkvMi8xIDkzLzMvMSA5MS80LzEKZiAyNDkvMS8xIDI1MC8yLzEgOTUvMy8xIDkzLzQvMQpmIDI1MC8xLzEgMjUxLzIvMSA5Ny8zLzEgOTUvNC8xCmYgMjUxLzEvMSAyNTIvMi8xIDk5LzMvMSA5Ny80LzEKZiAyNTIvMS8xIDI1My8yLzEgMTAxLzMvMSA5OS80LzEKZiAyNTMvMS8xIDI1NC8yLzEgMTAzLzMvMSAxMDEvNC8xCmYgMjU0LzEvMSAyNTUvMi8xIDEwNS8zLzEgMTAzLzQvMQpmIDI1NS8xLzEgMjU2LzIvMSAxMDcvMy8xIDEwNS80LzEKZiAyNTYvMS8xIDI1Ny8yLzEgMTA5LzMvMSAxMDcvNC8xCmYgMjU3LzEvMSAyNTgvMi8xIDExMS8zLzEgMTA5LzQvMQpmIDI1OC8xLzEgMjU5LzIvMSAxMTMvMy8xIDExMS80LzEKZiAyNTkvMS8xIDI2MC8yLzEgMTE1LzMvMSAxMTMvNC8xCmYgMjYwLzEvMSAyNjEvMi8xIDExNy8zLzEgMTE1LzQvMQpmIDI2MS8xLzEgMjYyLzIvMSAxMTkvMy8xIDExNy80LzEKZiAyNjIvMS8xIDI2My8yLzEgMTIxLzMvMSAxMTkvNC8xCmYgMjYzLzEvMSAyNjQvMi8xIDEyMy8zLzEgMTIxLzQvMQpmIDI2NC8xLzEgMjY1LzIvMSAxMjUvMy8xIDEyMy80LzEKZiAyNjUvMS8xIDI2Ni8yLzEgMTI3LzMvMSAxMjUvNC8xCmYgMjY2LzEvMSAyNjcvMi8xIDEyOS8zLzEgMTI3LzQvMQpmIDI2Ny8xLzEgMjY4LzIvMSAxMzEvMy8xIDEyOS80LzEKZiAyNjgvMS8xIDI2OS8yLzEgMTMzLzMvMSAxMzEvNC8xCmYgMjY5LzEvMSAyNzAvMi8xIDEzNS8zLzEgMTMzLzQvMQpmIDI3MC8xLzEgMjcxLzIvMSAxMzcvMy8xIDEzNS80LzEKZiAyNzEvMS8xIDI3Mi8yLzEgMTM5LzMvMSAxMzcvNC8xCmYgMjcyLzEvMSAyNzMvMi8xIDE0MS8zLzEgMTM5LzQvMQpmIDI3My8xLzEgMjc0LzIvMSAxNDMvMy8xIDE0MS80LzEKZiAyNzQvMS8xIDI3NS8yLzEgMTQ1LzMvMSAxNDMvNC8xCmYgMjc1LzEvMSAyNzYvMi8xIDE0Ny8zLzEgMTQ1LzQvMQpmIDI3Ni8xLzEgMjc3LzIvMSAxNDkvMy8xIDE0Ny80LzEKZiAyNzcvMS8xIDI3OC8yLzEgMTUxLzMvMSAxNDkvNC8xCmYgMjc4LzEvMSAyNzkvMi8xIDE1My8zLzEgMTUxLzQvMQpmIDI3OS8xLzEgMjgwLzIvMSAxNTUvMy8xIDE1My80LzEKZiAyODAvMS8xIDI4MS8yLzEgMTU3LzMvMSAxNTUvNC8xCmYgMjgxLzEvMSAyODIvMi8xIDE1OS8zLzEgMTU3LzQvMQpmIDI4Mi8xLzEgMjgzLzIvMSAxNjEvMy8xIDE1OS80LzEKZiAyODMvMS8xIDI4NC8yLzEgMTYzLzMvMSAxNjEvNC8xCmYgMjg0LzEvMSAyODUvMi8xIDE2NS8zLzEgMTYzLzQvMQpmIDI4NS8xLzEgMjg2LzIvMSAxNjcvMy8xIDE2NS80LzEKZiAyODYvMS8xIDI4Ny8yLzEgMTY5LzMvMSAxNjcvNC8xCmYgMjg3LzEvMSAyODgvMi8xIDE3MS8zLzEgMTY5LzQvMQpmIDI4OC8xLzEgMjg5LzIvMSAxNzMvMy8xIDE3MS80LzEKZiAyODkvMS8xIDI5MC8yLzEgMTc1LzMvMSAxNzMvNC8xCmYgMjkwLzEvMSAyOTEvMi8xIDE3Ny8zLzEgMTc1LzQvMQpmIDI5MS8xLzEgMjkyLzIvMSAxNzkvMy8xIDE3Ny80LzEKZiAyOTIvMS8xIDI5My8yLzEgMTgxLzMvMSAxNzkvNC8xCmYgMjkzLzEvMSAyOTQvMi8xIDE4My8zLzEgMTgxLzQvMQpmIDI5NC8xLzEgMjk1LzIvMSAxODUvMy8xIDE4My80LzEKZiAyOTUvMS8xIDI5Ni8yLzEgMTg3LzMvMSAxODUvNC8xCmYgMjk2LzEvMSAyOTcvMi8xIDE4OS8zLzEgMTg3LzQvMQpmIDI5Ny8xLzEgMjk4LzIvMSAxOTEvMy8xIDE4OS80LzEKZiAyOTgvMS8xIDI5OS8yLzEgMTkzLzMvMSAxOTEvNC8xCmYgMjk5LzEvMSAzMDAvMi8xIDE5NS8zLzEgMTkzLzQvMQpmIDMwMC8xLzEgMzAxLzIvMSAxOTcvMy8xIDE5NS80LzEKZiAzMDEvMS8xIDMwMi8yLzEgMTk5LzMvMSAxOTcvNC8xCmYgMzAyLzEvMSAzMDMvMi8xIDIwMS8zLzEgMTk5LzQvMQpmIDMwNC8xLzEgMzA1LzIvMSAyMDQvMy8xIDIwMy80LzEKZiAzMDUvMS8xIDMwNi8yLzEgMjA1LzMvMSAyMDQvNC8xCmYgMzA2LzEvMSAzMDcvMi8xIDIwNi8zLzEgMjA1LzQvMQpmIDMwNy8xLzEgMzA4LzIvMSAyMDcvMy8xIDIwNi80LzEKZiAzMDgvMS8xIDMwOS8yLzEgMjA4LzMvMSAyMDcvNC8xCmYgMzA5LzEvMSAzMTAvMi8xIDIwOS8zLzEgMjA4LzQvMQpmIDMxMC8xLzEgMzExLzIvMSAyMTAvMy8xIDIwOS80LzEKZiAzMTEvMS8xIDMxMi8yLzEgMjExLzMvMSAyMTAvNC8xCmYgMzEyLzEvMSAzMTMvMi8xIDIxMi8zLzEgMjExLzQvMQpmIDMxMy8xLzEgMzE0LzIvMSAyMTMvMy8xIDIxMi80LzEKZiAzMTQvMS8xIDMxNS8yLzEgMjE0LzMvMSAyMTMvNC8xCmYgMzE1LzEvMSAzMTYvMi8xIDIxNS8zLzEgMjE0LzQvMQpmIDMxNi8xLzEgMzE3LzIvMSAyMTYvMy8xIDIxNS80LzEKZiAzMTcvMS8xIDMxOC8yLzEgMjE3LzMvMSAyMTYvNC8xCmYgMzE4LzEvMSAzMTkvMi8xIDIxOC8zLzEgMjE3LzQvMQpmIDMxOS8xLzEgMzIwLzIvMSAyMTkvMy8xIDIxOC80LzEKZiAzMjAvMS8xIDMyMS8yLzEgMjIwLzMvMSAyMTkvNC8xCmYgMzIxLzEvMSAzMjIvMi8xIDIyMS8zLzEgMjIwLzQvMQpmIDMyMi8xLzEgMzIzLzIvMSAyMjIvMy8xIDIyMS80LzEKZiAzMjMvMS8xIDMyNC8yLzEgMjIzLzMvMSAyMjIvNC8xCmYgMzI0LzEvMSAzMjUvMi8xIDIyNC8zLzEgMjIzLzQvMQpmIDMyNS8xLzEgMzI2LzIvMSAyMjUvMy8xIDIyNC80LzEKZiAzMjYvMS8xIDMyNy8yLzEgMjI2LzMvMSAyMjUvNC8xCmYgMzI3LzEvMSAzMjgvMi8xIDIyNy8zLzEgMjI2LzQvMQpmIDMyOC8xLzEgMzI5LzIvMSAyMjgvMy8xIDIyNy80LzEKZiAzMjkvMS8xIDMzMC8yLzEgMjI5LzMvMSAyMjgvNC8xCmYgMzMwLzEvMSAzMzEvMi8xIDIzMC8zLzEgMjI5LzQvMQpmIDMzMS8xLzEgMzMyLzIvMSAyMzEvMy8xIDIzMC80LzEKZiAzMzIvMS8xIDMzMy8yLzEgMjMyLzMvMSAyMzEvNC8xCmYgMzMzLzEvMSAzMzQvMi8xIDIzMy8zLzEgMjMyLzQvMQpmIDMzNC8xLzEgMzM1LzIvMSAyMzQvMy8xIDIzMy80LzEKZiAzMzUvMS8xIDMzNi8yLzEgMjM1LzMvMSAyMzQvNC8xCmYgMzM2LzEvMSAzMzcvMi8xIDIzNi8zLzEgMjM1LzQvMQpmIDMzNy8xLzEgMzM4LzIvMSAyMzcvMy8xIDIzNi80LzEKZiAzMzgvMS8xIDMzOS8yLzEgMjM4LzMvMSAyMzcvNC8xCmYgMzM5LzEvMSAzNDAvMi8xIDIzOS8zLzEgMjM4LzQvMQpmIDM0MC8xLzEgMzQxLzIvMSAyNDAvMy8xIDIzOS80LzEKZiAzNDEvMS8xIDM0Mi8yLzEgMjQxLzMvMSAyNDAvNC8xCmYgMzQyLzEvMSAzNDMvMi8xIDI0Mi8zLzEgMjQxLzQvMQpmIDM0My8xLzEgMzQ0LzIvMSAyNDMvMy8xIDI0Mi80LzEKZiAzNDQvMS8xIDM0NS8yLzEgMjQ0LzMvMSAyNDMvNC8xCmYgMzQ1LzEvMSAzNDYvMi8xIDI0NS8zLzEgMjQ0LzQvMQpmIDM0Ni8xLzEgMzQ3LzIvMSAyNDYvMy8xIDI0NS80LzEKZiAzNDcvMS8xIDM0OC8yLzEgMjQ3LzMvMSAyNDYvNC8xCmYgMzQ4LzEvMSAzNDkvMi8xIDI0OC8zLzEgMjQ3LzQvMQpmIDM0OS8xLzEgMzUwLzIvMSAyNDkvMy8xIDI0OC80LzEKZiAzNTAvMS8xIDM1MS8yLzEgMjUwLzMvMSAyNDkvNC8xCmYgMzUxLzEvMSAzNTIvMi8xIDI1MS8zLzEgMjUwLzQvMQpmIDM1Mi8xLzEgMzUzLzIvMSAyNTIvMy8xIDI1MS80LzEKZiAzNTMvMS8xIDM1NC8yLzEgMjUzLzMvMSAyNTIvNC8xCmYgMzU0LzEvMSAzNTUvMi8xIDI1NC8zLzEgMjUzLzQvMQpmIDM1NS8xLzEgMzU2LzIvMSAyNTUvMy8xIDI1NC80LzEKZiAzNTYvMS8xIDM1Ny8yLzEgMjU2LzMvMSAyNTUvNC8xCmYgMzU3LzEvMSAzNTgvMi8xIDI1Ny8zLzEgMjU2LzQvMQpmIDM1OC8xLzEgMzU5LzIvMSAyNTgvMy8xIDI1Ny80LzEKZiAzNTkvMS8xIDM2MC8yLzEgMjU5LzMvMSAyNTgvNC8xCmYgMzYwLzEvMSAzNjEvMi8xIDI2MC8zLzEgMjU5LzQvMQpmIDM2MS8xLzEgMzYyLzIvMSAyNjEvMy8xIDI2MC80LzEKZiAzNjIvMS8xIDM2My8yLzEgMjYyLzMvMSAyNjEvNC8xCmYgMzYzLzEvMSAzNjQvMi8xIDI2My8zLzEgMjYyLzQvMQpmIDM2NC8xLzEgMzY1LzIvMSAyNjQvMy8xIDI2My80LzEKZiAzNjUvMS8xIDM2Ni8yLzEgMjY1LzMvMSAyNjQvNC8xCmYgMzY2LzEvMSAzNjcvMi8xIDI2Ni8zLzEgMjY1LzQvMQpmIDM2Ny8xLzEgMzY4LzIvMSAyNjcvMy8xIDI2Ni80LzEKZiAzNjgvMS8xIDM2OS8yLzEgMjY4LzMvMSAyNjcvNC8xCmYgMzY5LzEvMSAzNzAvMi8xIDI2OS8zLzEgMjY4LzQvMQpmIDM3MC8xLzEgMzcxLzIvMSAyNzAvMy8xIDI2OS80LzEKZiAzNzEvMS8xIDM3Mi8yLzEgMjcxLzMvMSAyNzAvNC8xCmYgMzcyLzEvMSAzNzMvMi8xIDI3Mi8zLzEgMjcxLzQvMQpmIDM3My8xLzEgMzc0LzIvMSAyNzMvMy8xIDI3Mi80LzEKZiAzNzQvMS8xIDM3NS8yLzEgMjc0LzMvMSAyNzMvNC8xCmYgMzc1LzEvMSAzNzYvMi8xIDI3NS8zLzEgMjc0LzQvMQpmIDM3Ni8xLzEgMzc3LzIvMSAyNzYvMy8xIDI3NS80LzEKZiAzNzcvMS8xIDM3OC8yLzEgMjc3LzMvMSAyNzYvNC8xCmYgMzc4LzEvMSAzNzkvMi8xIDI3OC8zLzEgMjc3LzQvMQpmIDM3OS8xLzEgMzgwLzIvMSAyNzkvMy8xIDI3OC80LzEKZiAzODAvMS8xIDM4MS8yLzEgMjgwLzMvMSAyNzkvNC8xCmYgMzgxLzEvMSAzODIvMi8xIDI4MS8zLzEgMjgwLzQvMQpmIDM4Mi8xLzEgMzgzLzIvMSAyODIvMy8xIDI4MS80LzEKZiAzODMvMS8xIDM4NC8yLzEgMjgzLzMvMSAyODIvNC8xCmYgMzg0LzEvMSAzODUvMi8xIDI4NC8zLzEgMjgzLzQvMQpmIDM4NS8xLzEgMzg2LzIvMSAyODUvMy8xIDI4NC80LzEKZiAzODYvMS8xIDM4Ny8yLzEgMjg2LzMvMSAyODUvNC8xCmYgMzg3LzEvMSAzODgvMi8xIDI4Ny8zLzEgMjg2LzQvMQpmIDM4OC8xLzEgMzg5LzIvMSAyODgvMy8xIDI4Ny80LzEKZiAzODkvMS8xIDM5MC8yLzEgMjg5LzMvMSAyODgvNC8xCmYgMzkwLzEvMSAzOTEvMi8xIDI5MC8zLzEgMjg5LzQvMQpmIDM5MS8xLzEgMzkyLzIvMSAyOTEvMy8xIDI5MC80LzEKZiAzOTIvMS8xIDM5My8yLzEgMjkyLzMvMSAyOTEvNC8xCmYgMzkzLzEvMSAzOTQvMi8xIDI5My8zLzEgMjkyLzQvMQpmIDM5NC8xLzEgMzk1LzIvMSAyOTQvMy8xIDI5My80LzEKZiAzOTUvMS8xIDM5Ni8yLzEgMjk1LzMvMSAyOTQvNC8xCmYgMzk2LzEvMSAzOTcvMi8xIDI5Ni8zLzEgMjk1LzQvMQpmIDM5Ny8xLzEgMzk4LzIvMSAyOTcvMy8xIDI5Ni80LzEKZiAzOTgvMS8xIDM5OS8yLzEgMjk4LzMvMSAyOTcvNC8xCmYgMzk5LzEvMSA0MDAvMi8xIDI5OS8zLzEgMjk4LzQvMQpmIDQwMC8xLzEgNDAxLzIvMSAzMDAvMy8xIDI5OS80LzEKZiA0MDEvMS8xIDQwMi8yLzEgMzAxLzMvMSAzMDAvNC8xCmYgNDAyLzEvMSA0MDMvMi8xIDMwMi8zLzEgMzAxLzQvMQpmIDQwMy8xLzEgNDA0LzIvMSAzMDMvMy8xIDMwMi80LzEKZiA0MDUvMS8xIDQwNi8yLzEgMzA1LzMvMSAzMDQvNC8xCmYgNDA2LzEvMSA0MDcvMi8xIDMwNi8zLzEgMzA1LzQvMQpmIDQwNy8xLzEgNDA4LzIvMSAzMDcvMy8xIDMwNi80LzEKZiA0MDgvMS8xIDQwOS8yLzEgMzA4LzMvMSAzMDcvNC8xCmYgNDA5LzEvMSA0MTAvMi8xIDMwOS8zLzEgMzA4LzQvMQpmIDQxMC8xLzEgNDExLzIvMSAzMTAvMy8xIDMwOS80LzEKZiA0MTEvMS8xIDQxMi8yLzEgMzExLzMvMSAzMTAvNC8xCmYgNDEyLzEvMSA0MTMvMi8xIDMxMi8zLzEgMzExLzQvMQpmIDQxMy8xLzEgNDE0LzIvMSAzMTMvMy8xIDMxMi80LzEKZiA0MTQvMS8xIDQxNS8yLzEgMzE0LzMvMSAzMTMvNC8xCmYgNDE1LzEvMSA0MTYvMi8xIDMxNS8zLzEgMzE0LzQvMQpmIDQxNi8xLzEgNDE3LzIvMSAzMTYvMy8xIDMxNS80LzEKZiA0MTcvMS8xIDQxOC8yLzEgMzE3LzMvMSAzMTYvNC8xCmYgNDE4LzEvMSA0MTkvMi8xIDMxOC8zLzEgMzE3LzQvMQpmIDQxOS8xLzEgNDIwLzIvMSAzMTkvMy8xIDMxOC80LzEKZiA0MjAvMS8xIDQyMS8yLzEgMzIwLzMvMSAzMTkvNC8xCmYgNDIxLzEvMSA0MjIvMi8xIDMyMS8zLzEgMzIwLzQvMQpmIDQyMi8xLzEgNDIzLzIvMSAzMjIvMy8xIDMyMS80LzEKZiA0MjMvMS8xIDQyNC8yLzEgMzIzLzMvMSAzMjIvNC8xCmYgNDI0LzEvMSA0MjUvMi8xIDMyNC8zLzEgMzIzLzQvMQpmIDQyNS8xLzEgNDI2LzIvMSAzMjUvMy8xIDMyNC80LzEKZiA0MjYvMS8xIDQyNy8yLzEgMzI2LzMvMSAzMjUvNC8xCmYgNDI3LzEvMSA0MjgvMi8xIDMyNy8zLzEgMzI2LzQvMQpmIDQyOC8xLzEgNDI5LzIvMSAzMjgvMy8xIDMyNy80LzEKZiA0MjkvMS8xIDQzMC8yLzEgMzI5LzMvMSAzMjgvNC8xCmYgNDMwLzUvMSA0MzEvNi8xIDMzMC83LzEgMzI5LzgvMQpmIDQzMS85LzEgNDMyLzEwLzEgMzMxLzExLzEgMzMwLzEyLzEKZiA0MzIvOS8xIDQzMy8xMC8xIDMzMi8xMS8xIDMzMS8xMi8xCmYgNDMzLzkvMSA0MzQvMTAvMSAzMzMvMTEvMSAzMzIvMTIvMQpmIDQzNC8xLzEgNDM1LzIvMSAzMzQvMy8xIDMzMy80LzEKZiA0MzUvMS8xIDQzNi8yLzEgMzM1LzMvMSAzMzQvNC8xCmYgNDM2LzEzLzEgNDM3LzE0LzEgMzM2LzE1LzEgMzM1LzE2LzEKZiA0MzcvOS8xIDQzOC8xMC8xIDMzNy8xMS8xIDMzNi8xMi8xCmYgNDM4LzEvMSA0MzkvMi8xIDMzOC8zLzEgMzM3LzQvMQpmIDQzOS8xLzEgNDQwLzIvMSAzMzkvMy8xIDMzOC80LzEKZiA0NDAvMS8xIDQ0MS8yLzEgMzQwLzMvMSAzMzkvNC8xCmYgNDQxLzEvMSA0NDIvMi8xIDM0MS8zLzEgMzQwLzQvMQpmIDQ0Mi8xLzEgNDQzLzIvMSAzNDIvMy8xIDM0MS80LzEKZiA0NDMvMS8xIDQ0NC8yLzEgMzQzLzMvMSAzNDIvNC8xCmYgNDQ0LzEvMSA0NDUvMi8xIDM0NC8zLzEgMzQzLzQvMQpmIDQ0NS8xLzEgNDQ2LzIvMSAzNDUvMy8xIDM0NC80LzEKZiA0NDYvMS8xIDQ0Ny8yLzEgMzQ2LzMvMSAzNDUvNC8xCmYgNDQ3LzEvMSA0NDgvMi8xIDM0Ny8zLzEgMzQ2LzQvMQpmIDQ0OC8xLzEgNDQ5LzIvMSAzNDgvMy8xIDM0Ny80LzEKZiA0NDkvMS8xIDQ1MC8yLzEgMzQ5LzMvMSAzNDgvNC8xCmYgNDUwLzEvMSA0NTEvMi8xIDM1MC8zLzEgMzQ5LzQvMQpmIDQ1MS8xLzEgNDUyLzIvMSAzNTEvMy8xIDM1MC80LzEKZiA0NTIvMS8xIDQ1My8yLzEgMzUyLzMvMSAzNTEvNC8xCmYgNDUzLzEvMSA0NTQvMi8xIDM1My8zLzEgMzUyLzQvMQpmIDQ1NC8xLzEgNDU1LzIvMSAzNTQvMy8xIDM1My80LzEKZiA0NTUvMS8xIDQ1Ni8yLzEgMzU1LzMvMSAzNTQvNC8xCmYgNDU2LzEvMSA0NTcvMi8xIDM1Ni8zLzEgMzU1LzQvMQpmIDQ1Ny8xLzEgNDU4LzIvMSAzNTcvMy8xIDM1Ni80LzEKZiA0NTgvMS8xIDQ1OS8yLzEgMzU4LzMvMSAzNTcvNC8xCmYgNDU5LzEvMSA0NjAvMi8xIDM1OS8zLzEgMzU4LzQvMQpmIDQ2MC8xLzEgNDYxLzIvMSAzNjAvMy8xIDM1OS80LzEKZiA0NjEvMS8xIDQ2Mi8yLzEgMzYxLzMvMSAzNjAvNC8xCmYgNDYyLzEvMSA0NjMvMi8xIDM2Mi8zLzEgMzYxLzQvMQpmIDQ2My8xLzEgNDY0LzIvMSAzNjMvMy8xIDM2Mi80LzEKZiA0NjQvMS8xIDQ2NS8yLzEgMzY0LzMvMSAzNjMvNC8xCmYgNDY1LzEvMSA0NjYvMi8xIDM2NS8zLzEgMzY0LzQvMQpmIDQ2Ni8xLzEgNDY3LzIvMSAzNjYvMy8xIDM2NS80LzEKZiA0NjcvMS8xIDQ2OC8yLzEgMzY3LzMvMSAzNjYvNC8xCmYgNDY4LzEvMSA0NjkvMi8xIDM2OC8zLzEgMzY3LzQvMQpmIDQ2OS8xLzEgNDcwLzIvMSAzNjkvMy8xIDM2OC80LzEKZiA0NzAvMS8xIDQ3MS8yLzEgMzcwLzMvMSAzNjkvNC8xCmYgNDcxLzEvMSA0NzIvMi8xIDM3MS8zLzEgMzcwLzQvMQpmIDQ3Mi8xLzEgNDczLzIvMSAzNzIvMy8xIDM3MS80LzEKZiA0NzMvMS8xIDQ3NC8yLzEgMzczLzMvMSAzNzIvNC8xCmYgNDc0LzEvMSA0NzUvMi8xIDM3NC8zLzEgMzczLzQvMQpmIDQ3NS8xLzEgNDc2LzIvMSAzNzUvMy8xIDM3NC80LzEKZiA0NzYvMS8xIDQ3Ny8yLzEgMzc2LzMvMSAzNzUvNC8xCmYgNDc3LzEvMSA0NzgvMi8xIDM3Ny8zLzEgMzc2LzQvMQpmIDQ3OC8xLzEgNDc5LzIvMSAzNzgvMy8xIDM3Ny80LzEKZiA0NzkvMS8xIDQ4MC8yLzEgMzc5LzMvMSAzNzgvNC8xCmYgNDgwLzEvMSA0ODEvMi8xIDM4MC8zLzEgMzc5LzQvMQpmIDQ4MS8xLzEgNDgyLzIvMSAzODEvMy8xIDM4MC80LzEKZiA0ODIvMS8xIDQ4My8yLzEgMzgyLzMvMSAzODEvNC8xCmYgNDgzLzEvMSA0ODQvMi8xIDM4My8zLzEgMzgyLzQvMQpmIDQ4NC8xLzEgNDg1LzIvMSAzODQvMy8xIDM4My80LzEKZiA0ODUvMS8xIDQ4Ni8yLzEgMzg1LzMvMSAzODQvNC8xCmYgNDg2LzEvMSA0ODcvMi8xIDM4Ni8zLzEgMzg1LzQvMQpmIDQ4Ny8xLzEgNDg4LzIvMSAzODcvMy8xIDM4Ni80LzEKZiA0ODgvMS8xIDQ4OS8yLzEgMzg4LzMvMSAzODcvNC8xCmYgNDg5LzEvMSA0OTAvMi8xIDM4OS8zLzEgMzg4LzQvMQpmIDQ5MC8xLzEgNDkxLzIvMSAzOTAvMy8xIDM4OS80LzEKZiA0OTEvMS8xIDQ5Mi8yLzEgMzkxLzMvMSAzOTAvNC8xCmYgNDkyLzEvMSA0OTMvMi8xIDM5Mi8zLzEgMzkxLzQvMQpmIDQ5My8xLzEgNDk0LzIvMSAzOTMvMy8xIDM5Mi80LzEKZiA0OTQvMS8xIDQ5NS8yLzEgMzk0LzMvMSAzOTMvNC8xCmYgNDk1LzEvMSA0OTYvMi8xIDM5NS8zLzEgMzk0LzQvMQpmIDQ5Ni8xLzEgNDk3LzIvMSAzOTYvMy8xIDM5NS80LzEKZiA0OTcvMS8xIDQ5OC8yLzEgMzk3LzMvMSAzOTYvNC8xCmYgNDk4LzEvMSA0OTkvMi8xIDM5OC8zLzEgMzk3LzQvMQpmIDQ5OS8xLzEgNTAwLzIvMSAzOTkvMy8xIDM5OC80LzEKZiA1MDAvMS8xIDUwMS8yLzEgNDAwLzMvMSAzOTkvNC8xCmYgNTAxLzEvMSA1MDIvMi8xIDQwMS8zLzEgNDAwLzQvMQpmIDUwMi8xLzEgNTAzLzIvMSA0MDIvMy8xIDQwMS80LzEKZiA1MDMvMS8xIDUwNC8yLzEgNDAzLzMvMSA0MDIvNC8xCmYgNTA0LzEvMSA1MDUvMi8xIDQwNC8zLzEgNDAzLzQvMQpmIDUwNi8xLzEgNTA3LzIvMSA0MDYvMy8xIDQwNS80LzEKZiA1MDcvMS8xIDUwOC8yLzEgNDA3LzMvMSA0MDYvNC8xCmYgNTA4LzEvMSA1MDkvMi8xIDQwOC8zLzEgNDA3LzQvMQpmIDUwOS8xLzEgNTEwLzIvMSA0MDkvMy8xIDQwOC80LzEKZiA1MTAvMS8xIDUxMS8yLzEgNDEwLzMvMSA0MDkvNC8xCmYgNTExLzEvMSA1MTIvMi8xIDQxMS8zLzEgNDEwLzQvMQpmIDUxMi8xLzEgNTEzLzIvMSA0MTIvMy8xIDQxMS80LzEKZiA1MTMvMS8xIDUxNC8yLzEgNDEzLzMvMSA0MTIvNC8xCmYgNTE0LzEvMSA1MTUvMi8xIDQxNC8zLzEgNDEzLzQvMQpmIDUxNS8xLzEgNTE2LzIvMSA0MTUvMy8xIDQxNC80LzEKZiA1MTYvMS8xIDUxNy8yLzEgNDE2LzMvMSA0MTUvNC8xCmYgNTE3LzEvMSA1MTgvMi8xIDQxNy8zLzEgNDE2LzQvMQpmIDUxOC8xLzEgNTE5LzIvMSA0MTgvMy8xIDQxNy80LzEKZiA1MTkvMS8xIDUyMC8yLzEgNDE5LzMvMSA0MTgvNC8xCmYgNTIwLzEvMSA1MjEvMi8xIDQyMC8zLzEgNDE5LzQvMQpmIDUyMS8xLzEgNTIyLzIvMSA0MjEvMy8xIDQyMC80LzEKZiA1MjIvMS8xIDUyMy8yLzEgNDIyLzMvMSA0MjEvNC8xCmYgNTIzLzEvMSA1MjQvMi8xIDQyMy8zLzEgNDIyLzQvMQpmIDUyNC8xLzEgNTI1LzIvMSA0MjQvMy8xIDQyMy80LzEKZiA1MjUvMS8xIDUyNi8yLzEgNDI1LzMvMSA0MjQvNC8xCmYgNTI2LzEvMSA1MjcvMi8xIDQyNi8zLzEgNDI1LzQvMQpmIDUyNy8xMy8xIDUyOC8xNC8xIDQyNy8xNS8xIDQyNi8xNi8xCmYgNTI4LzEvMSA1MjkvMi8xIDQyOC8zLzEgNDI3LzQvMQpmIDUyOS8xLzEgNTMwLzIvMSA0MjkvMy8xIDQyOC80LzEKZiA1MzAvMS8xIDUzMS8yLzEgNDMwLzMvMSA0MjkvNC8xCmYgNTMxLzEzLzEgNTMyLzE0LzEgNDMxLzE1LzEgNDMwLzE2LzEKZiA1MzIvMS8xIDUzMy8yLzEgNDMyLzMvMSA0MzEvNC8xCmYgNTMzLzEvMSA1MzQvMi8xIDQzMy8zLzEgNDMyLzQvMQpmIDUzNC8xLzEgNTM1LzIvMSA0MzQvMy8xIDQzMy80LzEKZiA1MzUvMTMvMSA1MzYvMTQvMSA0MzUvMTUvMSA0MzQvMTYvMQpmIDUzNi81LzEgNTM3LzYvMSA0MzYvNy8xIDQzNS84LzEKZiA1MzcvNS8xIDUzOC82LzEgNDM3LzcvMSA0MzYvOC8xCmYgNTM4LzEzLzEgNTM5LzE0LzEgNDM4LzE1LzEgNDM3LzE2LzEKZiA1MzkvMTMvMSA1NDAvMTQvMSA0MzkvMTUvMSA0MzgvMTYvMQpmIDU0MC8xLzEgNTQxLzIvMSA0NDAvMy8xIDQzOS80LzEKZiA1NDEvMS8xIDU0Mi8yLzEgNDQxLzMvMSA0NDAvNC8xCmYgNTQyLzEvMSA1NDMvMi8xIDQ0Mi8zLzEgNDQxLzQvMQpmIDU0My8xLzEgNTQ0LzIvMSA0NDMvMy8xIDQ0Mi80LzEKZiA1NDQvMS8xIDU0NS8yLzEgNDQ0LzMvMSA0NDMvNC8xCmYgNTQ1LzEvMSA1NDYvMi8xIDQ0NS8zLzEgNDQ0LzQvMQpmIDU0Ni8xLzEgNTQ3LzIvMSA0NDYvMy8xIDQ0NS80LzEKZiA1NDcvMS8xIDU0OC8yLzEgNDQ3LzMvMSA0NDYvNC8xCmYgNTQ4LzEvMSA1NDkvMi8xIDQ0OC8zLzEgNDQ3LzQvMQpmIDU0OS8xLzEgNTUwLzIvMSA0NDkvMy8xIDQ0OC80LzEKZiA1NTAvMS8xIDU1MS8yLzEgNDUwLzMvMSA0NDkvNC8xCmYgNTUxLzEvMSA1NTIvMi8xIDQ1MS8zLzEgNDUwLzQvMQpmIDU1Mi8xLzEgNTUzLzIvMSA0NTIvMy8xIDQ1MS80LzEKZiA1NTMvMS8xIDU1NC8yLzEgNDUzLzMvMSA0NTIvNC8xCmYgNTU0LzEvMSA1NTUvMi8xIDQ1NC8zLzEgNDUzLzQvMQpmIDU1NS8xLzEgNTU2LzIvMSA0NTUvMy8xIDQ1NC80LzEKZiA1NTYvMS8xIDU1Ny8yLzEgNDU2LzMvMSA0NTUvNC8xCmYgNTU3LzEvMSA1NTgvMi8xIDQ1Ny8zLzEgNDU2LzQvMQpmIDU1OC8xLzEgNTU5LzIvMSA0NTgvMy8xIDQ1Ny80LzEKZiA1NTkvMS8xIDU2MC8yLzEgNDU5LzMvMSA0NTgvNC8xCmYgNTYwLzEvMSA1NjEvMi8xIDQ2MC8zLzEgNDU5LzQvMQpmIDU2MS8xLzEgNTYyLzIvMSA0NjEvMy8xIDQ2MC80LzEKZiA1NjIvMS8xIDU2My8yLzEgNDYyLzMvMSA0NjEvNC8xCmYgNTYzLzEvMSA1NjQvMi8xIDQ2My8zLzEgNDYyLzQvMQpmIDU2NC8xLzEgNTY1LzIvMSA0NjQvMy8xIDQ2My80LzEKZiA1NjUvMS8xIDU2Ni8yLzEgNDY1LzMvMSA0NjQvNC8xCmYgNTY2LzEvMSA1NjcvMi8xIDQ2Ni8zLzEgNDY1LzQvMQpmIDU2Ny8xLzEgNTY4LzIvMSA0NjcvMy8xIDQ2Ni80LzEKZiA1NjgvMS8xIDU2OS8yLzEgNDY4LzMvMSA0NjcvNC8xCmYgNTY5LzEvMSA1NzAvMi8xIDQ2OS8zLzEgNDY4LzQvMQpmIDU3MC8xLzEgNTcxLzIvMSA0NzAvMy8xIDQ2OS80LzEKZiA1NzEvMS8xIDU3Mi8yLzEgNDcxLzMvMSA0NzAvNC8xCmYgNTcyLzEvMSA1NzMvMi8xIDQ3Mi8zLzEgNDcxLzQvMQpmIDU3My8xLzEgNTc0LzIvMSA0NzMvMy8xIDQ3Mi80LzEKZiA1NzQvMS8xIDU3NS8yLzEgNDc0LzMvMSA0NzMvNC8xCmYgNTc1LzEvMSA1NzYvMi8xIDQ3NS8zLzEgNDc0LzQvMQpmIDU3Ni8xLzEgNTc3LzIvMSA0NzYvMy8xIDQ3NS80LzEKZiA1NzcvMS8xIDU3OC8yLzEgNDc3LzMvMSA0NzYvNC8xCmYgNTc4LzEvMSA1NzkvMi8xIDQ3OC8zLzEgNDc3LzQvMQpmIDU3OS8xLzEgNTgwLzIvMSA0NzkvMy8xIDQ3OC80LzEKZiA1ODAvMS8xIDU4MS8yLzEgNDgwLzMvMSA0NzkvNC8xCmYgNTgxLzEvMSA1ODIvMi8xIDQ4MS8zLzEgNDgwLzQvMQpmIDU4Mi8xLzEgNTgzLzIvMSA0ODIvMy8xIDQ4MS80LzEKZiA1ODMvMS8xIDU4NC8yLzEgNDgzLzMvMSA0ODIvNC8xCmYgNTg0LzEvMSA1ODUvMi8xIDQ4NC8zLzEgNDgzLzQvMQpmIDU4NS8xLzEgNTg2LzIvMSA0ODUvMy8xIDQ4NC80LzEKZiA1ODYvMS8xIDU4Ny8yLzEgNDg2LzMvMSA0ODUvNC8xCmYgNTg3LzEvMSA1ODgvMi8xIDQ4Ny8zLzEgNDg2LzQvMQpmIDU4OC8xLzEgNTg5LzIvMSA0ODgvMy8xIDQ4Ny80LzEKZiA1ODkvMS8xIDU5MC8yLzEgNDg5LzMvMSA0ODgvNC8xCmYgNTkwLzEvMSA1OTEvMi8xIDQ5MC8zLzEgNDg5LzQvMQpmIDU5MS8xLzEgNTkyLzIvMSA0OTEvMy8xIDQ5MC80LzEKZiA1OTIvMS8xIDU5My8yLzEgNDkyLzMvMSA0OTEvNC8xCmYgNTkzLzEvMSA1OTQvMi8xIDQ5My8zLzEgNDkyLzQvMQpmIDU5NC8xLzEgNTk1LzIvMSA0OTQvMy8xIDQ5My80LzEKZiA1OTUvMS8xIDU5Ni8yLzEgNDk1LzMvMSA0OTQvNC8xCmYgNTk2LzEvMSA1OTcvMi8xIDQ5Ni8zLzEgNDk1LzQvMQpmIDU5Ny8xLzEgNTk4LzIvMSA0OTcvMy8xIDQ5Ni80LzEKZiA1OTgvMS8xIDU5OS8yLzEgNDk4LzMvMSA0OTcvNC8xCmYgNTk5LzEvMSA2MDAvMi8xIDQ5OS8zLzEgNDk4LzQvMQpmIDYwMC8xLzEgNjAxLzIvMSA1MDAvMy8xIDQ5OS80LzEKZiA2MDEvMS8xIDYwMi8yLzEgNTAxLzMvMSA1MDAvNC8xCmYgNjAyLzEvMSA2MDMvMi8xIDUwMi8zLzEgNTAxLzQvMQpmIDYwMy8xLzEgNjA0LzIvMSA1MDMvMy8xIDUwMi80LzEKZiA2MDQvMS8xIDYwNS8yLzEgNTA0LzMvMSA1MDMvNC8xCmYgNjA1LzEvMSA2MDYvMi8xIDUwNS8zLzEgNTA0LzQvMQpmIDYwNy8xLzEgNjA4LzIvMSA1MDcvMy8xIDUwNi80LzEKZiA2MDgvMS8xIDYwOS8yLzEgNTA4LzMvMSA1MDcvNC8xCmYgNjA5LzEvMSA2MTAvMi8xIDUwOS8zLzEgNTA4LzQvMQpmIDYxMC8xLzEgNjExLzIvMSA1MTAvMy8xIDUwOS80LzEKZiA2MTEvMS8xIDYxMi8yLzEgNTExLzMvMSA1MTAvNC8xCmYgNjEyLzEvMSA2MTMvMi8xIDUxMi8zLzEgNTExLzQvMQpmIDYxMy8xLzEgNjE0LzIvMSA1MTMvMy8xIDUxMi80LzEKZiA2MTQvMS8xIDYxNS8yLzEgNTE0LzMvMSA1MTMvNC8xCmYgNjE1LzEvMSA2MTYvMi8xIDUxNS8zLzEgNTE0LzQvMQpmIDYxNi8xLzEgNjE3LzIvMSA1MTYvMy8xIDUxNS80LzEKZiA2MTcvMS8xIDYxOC8yLzEgNTE3LzMvMSA1MTYvNC8xCmYgNjE4LzEvMSA2MTkvMi8xIDUxOC8zLzEgNTE3LzQvMQpmIDYxOS8xLzEgNjIwLzIvMSA1MTkvMy8xIDUxOC80LzEKZiA2MjAvMS8xIDYyMS8yLzEgNTIwLzMvMSA1MTkvNC8xCmYgNjIxLzEvMSA2MjIvMi8xIDUyMS8zLzEgNTIwLzQvMQpmIDYyMi8xLzEgNjIzLzIvMSA1MjIvMy8xIDUyMS80LzEKZiA2MjMvMS8xIDYyNC8yLzEgNTIzLzMvMSA1MjIvNC8xCmYgNjI0LzEvMSA2MjUvMi8xIDUyNC8zLzEgNTIzLzQvMQpmIDYyNS8xLzEgNjI2LzIvMSA1MjUvMy8xIDUyNC80LzEKZiA2MjYvMS8xIDYyNy8yLzEgNTI2LzMvMSA1MjUvNC8xCmYgNjI3LzEvMSA2MjgvMi8xIDUyNy8zLzEgNTI2LzQvMQpmIDYyOC85LzEgNjI5LzEwLzEgNTI4LzExLzEgNTI3LzEyLzEKZiA2MjkvMS8xIDYzMC8yLzEgNTI5LzMvMSA1MjgvNC8xCmYgNjMwLzEvMSA2MzEvMi8xIDUzMC8zLzEgNTI5LzQvMQpmIDYzMS8xLzEgNjMyLzIvMSA1MzEvMy8xIDUzMC80LzEKZiA2MzIvNS8xIDYzMy82LzEgNTMyLzcvMSA1MzEvOC8xCmYgNjMzLzEvMSA2MzQvMi8xIDUzMy8zLzEgNTMyLzQvMQpmIDYzNC8xLzEgNjM1LzIvMSA1MzQvMy8xIDUzMy80LzEKZiA2MzUvMS8xIDYzNi8yLzEgNTM1LzMvMSA1MzQvNC8xCmYgNjM2LzEvMSA2MzcvMi8xIDUzNi8zLzEgNTM1LzQvMQpmIDYzNy85LzEgNjM4LzEwLzEgNTM3LzExLzEgNTM2LzEyLzEKZiA2MzgvMS8xIDYzOS8yLzEgNTM4LzMvMSA1MzcvNC8xCmYgNjM5LzEzLzEgNjQwLzE0LzEgNTM5LzE1LzEgNTM4LzE2LzEKZiA2NDAvNS8xIDY0MS82LzEgNTQwLzcvMSA1MzkvOC8xCmYgNjQxLzkvMSA2NDIvMTAvMSA1NDEvMTEvMSA1NDAvMTIvMQpmIDY0Mi8xLzEgNjQzLzIvMSA1NDIvMy8xIDU0MS80LzEKZiA2NDMvMS8xIDY0NC8yLzEgNTQzLzMvMSA1NDIvNC8xCmYgNjQ0LzEvMSA2NDUvMi8xIDU0NC8zLzEgNTQzLzQvMQpmIDY0NS8xLzEgNjQ2LzIvMSA1NDUvMy8xIDU0NC80LzEKZiA2NDYvMS8xIDY0Ny8yLzEgNTQ2LzMvMSA1NDUvNC8xCmYgNjQ3LzEvMSA2NDgvMi8xIDU0Ny8zLzEgNTQ2LzQvMQpmIDY0OC8xLzEgNjQ5LzIvMSA1NDgvMy8xIDU0Ny80LzEKZiA2NDkvNS8xIDY1MC82LzEgNTQ5LzcvMSA1NDgvOC8xCmYgNjUwLzEzLzEgNjUxLzE0LzEgNTUwLzE1LzEgNTQ5LzE2LzEKZiA2NTEvNS8xIDY1Mi82LzEgNTUxLzcvMSA1NTAvOC8xCmYgNjUyLzkvMSA2NTMvMTAvMSA1NTIvMTEvMSA1NTEvMTIvMQpmIDY1My8xMy8xIDY1NC8xNC8xIDU1My8xNS8xIDU1Mi8xNi8xCmYgNjU0LzUvMSA2NTUvNi8xIDU1NC83LzEgNTUzLzgvMQpmIDY1NS8xLzEgNjU2LzIvMSA1NTUvMy8xIDU1NC80LzEKZiA2NTYvMS8xIDY1Ny8yLzEgNTU2LzMvMSA1NTUvNC8xCmYgNjU3LzEvMSA2NTgvMi8xIDU1Ny8zLzEgNTU2LzQvMQpmIDY1OC8xLzEgNjU5LzIvMSA1NTgvMy8xIDU1Ny80LzEKZiA2NTkvMS8xIDY2MC8yLzEgNTU5LzMvMSA1NTgvNC8xCmYgNjYwLzEvMSA2NjEvMi8xIDU2MC8zLzEgNTU5LzQvMQpmIDY2MS8xLzEgNjYyLzIvMSA1NjEvMy8xIDU2MC80LzEKZiA2NjIvMS8xIDY2My8yLzEgNTYyLzMvMSA1NjEvNC8xCmYgNjYzLzEvMSA2NjQvMi8xIDU2My8zLzEgNTYyLzQvMQpmIDY2NC8xLzEgNjY1LzIvMSA1NjQvMy8xIDU2My80LzEKZiA2NjUvMS8xIDY2Ni8yLzEgNTY1LzMvMSA1NjQvNC8xCmYgNjY2LzEvMSA2NjcvMi8xIDU2Ni8zLzEgNTY1LzQvMQpmIDY2Ny8xLzEgNjY4LzIvMSA1NjcvMy8xIDU2Ni80LzEKZiA2NjgvMS8xIDY2OS8yLzEgNTY4LzMvMSA1NjcvNC8xCmYgNjY5LzEvMSA2NzAvMi8xIDU2OS8zLzEgNTY4LzQvMQpmIDY3MC8xLzEgNjcxLzIvMSA1NzAvMy8xIDU2OS80LzEKZiA2NzEvMS8xIDY3Mi8yLzEgNTcxLzMvMSA1NzAvNC8xCmYgNjcyLzEvMSA2NzMvMi8xIDU3Mi8zLzEgNTcxLzQvMQpmIDY3My8xLzEgNjc0LzIvMSA1NzMvMy8xIDU3Mi80LzEKZiA2NzQvMS8xIDY3NS8yLzEgNTc0LzMvMSA1NzMvNC8xCmYgNjc1LzEvMSA2NzYvMi8xIDU3NS8zLzEgNTc0LzQvMQpmIDY3Ni8xLzEgNjc3LzIvMSA1NzYvMy8xIDU3NS80LzEKZiA2NzcvMS8xIDY3OC8yLzEgNTc3LzMvMSA1NzYvNC8xCmYgNjc4LzEvMSA2NzkvMi8xIDU3OC8zLzEgNTc3LzQvMQpmIDY3OS8xLzEgNjgwLzIvMSA1NzkvMy8xIDU3OC80LzEKZiA2ODAvMS8xIDY4MS8yLzEgNTgwLzMvMSA1NzkvNC8xCmYgNjgxLzEvMSA2ODIvMi8xIDU4MS8zLzEgNTgwLzQvMQpmIDY4Mi8xLzEgNjgzLzIvMSA1ODIvMy8xIDU4MS80LzEKZiA2ODMvMS8xIDY4NC8yLzEgNTgzLzMvMSA1ODIvNC8xCmYgNjg0LzEvMSA2ODUvMi8xIDU4NC8zLzEgNTgzLzQvMQpmIDY4NS8xLzEgNjg2LzIvMSA1ODUvMy8xIDU4NC80LzEKZiA2ODYvMS8xIDY4Ny8yLzEgNTg2LzMvMSA1ODUvNC8xCmYgNjg3LzEvMSA2ODgvMi8xIDU4Ny8zLzEgNTg2LzQvMQpmIDY4OC8xLzEgNjg5LzIvMSA1ODgvMy8xIDU4Ny80LzEKZiA2ODkvMS8xIDY5MC8yLzEgNTg5LzMvMSA1ODgvNC8xCmYgNjkwLzEvMSA2OTEvMi8xIDU5MC8zLzEgNTg5LzQvMQpmIDY5MS8xLzEgNjkyLzIvMSA1OTEvMy8xIDU5MC80LzEKZiA2OTIvMS8xIDY5My8yLzEgNTkyLzMvMSA1OTEvNC8xCmYgNjkzLzEvMSA2OTQvMi8xIDU5My8zLzEgNTkyLzQvMQpmIDY5NC8xLzEgNjk1LzIvMSA1OTQvMy8xIDU5My80LzEKZiA2OTUvMS8xIDY5Ni8yLzEgNTk1LzMvMSA1OTQvNC8xCmYgNjk2LzEvMSA2OTcvMi8xIDU5Ni8zLzEgNTk1LzQvMQpmIDY5Ny8xLzEgNjk4LzIvMSA1OTcvMy8xIDU5Ni80LzEKZiA2OTgvMS8xIDY5OS8yLzEgNTk4LzMvMSA1OTcvNC8xCmYgNjk5LzEvMSA3MDAvMi8xIDU5OS8zLzEgNTk4LzQvMQpmIDcwMC8xLzEgNzAxLzIvMSA2MDAvMy8xIDU5OS80LzEKZiA3MDEvMS8xIDcwMi8yLzEgNjAxLzMvMSA2MDAvNC8xCmYgNzAyLzEvMSA3MDMvMi8xIDYwMi8zLzEgNjAxLzQvMQpmIDcwMy8xLzEgNzA0LzIvMSA2MDMvMy8xIDYwMi80LzEKZiA3MDQvMS8xIDcwNS8yLzEgNjA0LzMvMSA2MDMvNC8xCmYgNzA1LzEvMSA3MDYvMi8xIDYwNS8zLzEgNjA0LzQvMQpmIDcwNi8xLzEgNzA3LzIvMSA2MDYvMy8xIDYwNS80LzEKZiA3MDgvMS8xIDcwOS8yLzEgNjA4LzMvMSA2MDcvNC8xCmYgNzA5LzEvMSA3MTAvMi8xIDYwOS8zLzEgNjA4LzQvMQpmIDcxMC8xLzEgNzExLzIvMSA2MTAvMy8xIDYwOS80LzEKZiA3MTEvMS8xIDcxMi8yLzEgNjExLzMvMSA2MTAvNC8xCmYgNzEyLzEvMSA3MTMvMi8xIDYxMi8zLzEgNjExLzQvMQpmIDcxMy8xLzEgNzE0LzIvMSA2MTMvMy8xIDYxMi80LzEKZiA3MTQvMS8xIDcxNS8yLzEgNjE0LzMvMSA2MTMvNC8xCmYgNzE1LzEvMSA3MTYvMi8xIDYxNS8zLzEgNjE0LzQvMQpmIDcxNi8xLzEgNzE3LzIvMSA2MTYvMy8xIDYxNS80LzEKZiA3MTcvMS8xIDcxOC8yLzEgNjE3LzMvMSA2MTYvNC8xCmYgNzE4LzEvMSA3MTkvMi8xIDYxOC8zLzEgNjE3LzQvMQpmIDcxOS8xLzEgNzIwLzIvMSA2MTkvMy8xIDYxOC80LzEKZiA3MjAvMS8xIDcyMS8yLzEgNjIwLzMvMSA2MTkvNC8xCmYgNzIxLzEvMSA3MjIvMi8xIDYyMS8zLzEgNjIwLzQvMQpmIDcyMi8xLzEgNzIzLzIvMSA2MjIvMy8xIDYyMS80LzEKZiA3MjMvMS8xIDcyNC8yLzEgNjIzLzMvMSA2MjIvNC8xCmYgNzI0LzEvMSA3MjUvMi8xIDYyNC8zLzEgNjIzLzQvMQpmIDcyNS8xLzEgNzI2LzIvMSA2MjUvMy8xIDYyNC80LzEKZiA3MjYvMS8xIDcyNy8yLzEgNjI2LzMvMSA2MjUvNC8xCmYgNzI3LzEvMSA3MjgvMi8xIDYyNy8zLzEgNjI2LzQvMQpmIDcyOC8xLzEgNzI5LzIvMSA2MjgvMy8xIDYyNy80LzEKZiA3MjkvMS8xIDczMC8yLzEgNjI5LzMvMSA2MjgvNC8xCmYgNzMwLzkvMSA3MzEvMTAvMSA2MzAvMTEvMSA2MjkvMTIvMQpmIDczMS8xLzEgNzMyLzIvMSA2MzEvMy8xIDYzMC80LzEKZiA3MzIvMS8xIDczMy8yLzEgNjMyLzMvMSA2MzEvNC8xCmYgNzMzLzkvMSA3MzQvMTAvMSA2MzMvMTEvMSA2MzIvMTIvMQpmIDczNC81LzEgNzM1LzYvMSA2MzQvNy8xIDYzMy84LzEKZiA3MzUvMS8xIDczNi8yLzEgNjM1LzMvMSA2MzQvNC8xCmYgNzM2LzEvMSA3MzcvMi8xIDYzNi8zLzEgNjM1LzQvMQpmIDczNy8xLzEgNzM4LzIvMSA2MzcvMy8xIDYzNi80LzEKZiA3MzgvNS8xIDczOS82LzEgNjM4LzcvMSA2MzcvOC8xCmYgNzM5LzEzLzEgNzQwLzE0LzEgNjM5LzE1LzEgNjM4LzE2LzEKZiA3NDAvMTMvMSA3NDEvMTQvMSA2NDAvMTUvMSA2MzkvMTYvMQpmIDc0MS85LzEgNzQyLzEwLzEgNjQxLzExLzEgNjQwLzEyLzEKZiA3NDIvOS8xIDc0My8xMC8xIDY0Mi8xMS8xIDY0MS8xMi8xCmYgNzQzLzkvMSA3NDQvMTAvMSA2NDMvMTEvMSA2NDIvMTIvMQpmIDc0NC85LzEgNzQ1LzEwLzEgNjQ0LzExLzEgNjQzLzEyLzEKZiA3NDUvNS8xIDc0Ni82LzEgNjQ1LzcvMSA2NDQvOC8xCmYgNzQ2LzUvMSA3NDcvNi8xIDY0Ni83LzEgNjQ1LzgvMQpmIDc0Ny81LzEgNzQ4LzYvMSA2NDcvNy8xIDY0Ni84LzEKZiA3NDgvOS8xIDc0OS8xMC8xIDY0OC8xMS8xIDY0Ny8xMi8xCmYgNzQ5LzUvMSA3NTAvNi8xIDY0OS83LzEgNjQ4LzgvMQpmIDc1MC8xMy8xIDc1MS8xNC8xIDY1MC8xNS8xIDY0OS8xNi8xCmYgNzUxLzEvMSA3NTIvMi8xIDY1MS8zLzEgNjUwLzQvMQpmIDc1Mi8xLzEgNzUzLzIvMSA2NTIvMy8xIDY1MS80LzEKZiA3NTMvMS8xIDc1NC8yLzEgNjUzLzMvMSA2NTIvNC8xCmYgNzU0LzEvMSA3NTUvMi8xIDY1NC8zLzEgNjUzLzQvMQpmIDc1NS8xLzEgNzU2LzIvMSA2NTUvMy8xIDY1NC80LzEKZiA3NTYvOS8xIDc1Ny8xMC8xIDY1Ni8xMS8xIDY1NS8xMi8xCmYgNzU3LzUvMSA3NTgvNi8xIDY1Ny83LzEgNjU2LzgvMQpmIDc1OC85LzEgNzU5LzEwLzEgNjU4LzExLzEgNjU3LzEyLzEKZiA3NTkvMS8xIDc2MC8yLzEgNjU5LzMvMSA2NTgvNC8xCmYgNzYwLzEvMSA3NjEvMi8xIDY2MC8zLzEgNjU5LzQvMQpmIDc2MS8xLzEgNzYyLzIvMSA2NjEvMy8xIDY2MC80LzEKZiA3NjIvMS8xIDc2My8yLzEgNjYyLzMvMSA2NjEvNC8xCmYgNzYzLzEvMSA3NjQvMi8xIDY2My8zLzEgNjYyLzQvMQpmIDc2NC8xLzEgNzY1LzIvMSA2NjQvMy8xIDY2My80LzEKZiA3NjUvMS8xIDc2Ni8yLzEgNjY1LzMvMSA2NjQvNC8xCmYgNzY2LzEvMSA3NjcvMi8xIDY2Ni8zLzEgNjY1LzQvMQpmIDc2Ny8xLzEgNzY4LzIvMSA2NjcvMy8xIDY2Ni80LzEKZiA3NjgvMS8xIDc2OS8yLzEgNjY4LzMvMSA2NjcvNC8xCmYgNzY5LzEvMSA3NzAvMi8xIDY2OS8zLzEgNjY4LzQvMQpmIDc3MC8xLzEgNzcxLzIvMSA2NzAvMy8xIDY2OS80LzEKZiA3NzEvMS8xIDc3Mi8yLzEgNjcxLzMvMSA2NzAvNC8xCmYgNzcyLzEvMSA3NzMvMi8xIDY3Mi8zLzEgNjcxLzQvMQpmIDc3My8xLzEgNzc0LzIvMSA2NzMvMy8xIDY3Mi80LzEKZiA3NzQvMS8xIDc3NS8yLzEgNjc0LzMvMSA2NzMvNC8xCmYgNzc1LzEvMSA3NzYvMi8xIDY3NS8zLzEgNjc0LzQvMQpmIDc3Ni8xLzEgNzc3LzIvMSA2NzYvMy8xIDY3NS80LzEKZiA3NzcvMS8xIDc3OC8yLzEgNjc3LzMvMSA2NzYvNC8xCmYgNzc4LzEvMSA3NzkvMi8xIDY3OC8zLzEgNjc3LzQvMQpmIDc3OS8xLzEgNzgwLzIvMSA2NzkvMy8xIDY3OC80LzEKZiA3ODAvMS8xIDc4MS8yLzEgNjgwLzMvMSA2NzkvNC8xCmYgNzgxLzEvMSA3ODIvMi8xIDY4MS8zLzEgNjgwLzQvMQpmIDc4Mi8xLzEgNzgzLzIvMSA2ODIvMy8xIDY4MS80LzEKZiA3ODMvMS8xIDc4NC8yLzEgNjgzLzMvMSA2ODIvNC8xCmYgNzg0LzEvMSA3ODUvMi8xIDY4NC8zLzEgNjgzLzQvMQpmIDc4NS8xLzEgNzg2LzIvMSA2ODUvMy8xIDY4NC80LzEKZiA3ODYvMS8xIDc4Ny8yLzEgNjg2LzMvMSA2ODUvNC8xCmYgNzg3LzEvMSA3ODgvMi8xIDY4Ny8zLzEgNjg2LzQvMQpmIDc4OC8xLzEgNzg5LzIvMSA2ODgvMy8xIDY4Ny80LzEKZiA3ODkvMS8xIDc5MC8yLzEgNjg5LzMvMSA2ODgvNC8xCmYgNzkwLzEvMSA3OTEvMi8xIDY5MC8zLzEgNjg5LzQvMQpmIDc5MS8xLzEgNzkyLzIvMSA2OTEvMy8xIDY5MC80LzEKZiA3OTIvMS8xIDc5My8yLzEgNjkyLzMvMSA2OTEvNC8xCmYgNzkzLzEvMSA3OTQvMi8xIDY5My8zLzEgNjkyLzQvMQpmIDc5NC8xLzEgNzk1LzIvMSA2OTQvMy8xIDY5My80LzEKZiA3OTUvMS8xIDc5Ni8yLzEgNjk1LzMvMSA2OTQvNC8xCmYgNzk2LzEvMSA3OTcvMi8xIDY5Ni8zLzEgNjk1LzQvMQpmIDc5Ny8xLzEgNzk4LzIvMSA2OTcvMy8xIDY5Ni80LzEKZiA3OTgvMS8xIDc5OS8yLzEgNjk4LzMvMSA2OTcvNC8xCmYgNzk5LzEvMSA4MDAvMi8xIDY5OS8zLzEgNjk4LzQvMQpmIDgwMC8xLzEgODAxLzIvMSA3MDAvMy8xIDY5OS80LzEKZiA4MDEvMS8xIDgwMi8yLzEgNzAxLzMvMSA3MDAvNC8xCmYgODAyLzEvMSA4MDMvMi8xIDcwMi8zLzEgNzAxLzQvMQpmIDgwMy8xLzEgODA0LzIvMSA3MDMvMy8xIDcwMi80LzEKZiA4MDQvMS8xIDgwNS8yLzEgNzA0LzMvMSA3MDMvNC8xCmYgODA1LzEvMSA4MDYvMi8xIDcwNS8zLzEgNzA0LzQvMQpmIDgwNi8xLzEgODA3LzIvMSA3MDYvMy8xIDcwNS80LzEKZiA4MDcvMS8xIDgwOC8yLzEgNzA3LzMvMSA3MDYvNC8xCmYgODA5LzEvMSA4MTAvMi8xIDcwOS8zLzEgNzA4LzQvMQpmIDgxMC8xLzEgODExLzIvMSA3MTAvMy8xIDcwOS80LzEKZiA4MTEvMS8xIDgxMi8yLzEgNzExLzMvMSA3MTAvNC8xCmYgODEyLzEvMSA4MTMvMi8xIDcxMi8zLzEgNzExLzQvMQpmIDgxMy8xLzEgODE0LzIvMSA3MTMvMy8xIDcxMi80LzEKZiA4MTQvMS8xIDgxNS8yLzEgNzE0LzMvMSA3MTMvNC8xCmYgODE1LzEvMSA4MTYvMi8xIDcxNS8zLzEgNzE0LzQvMQpmIDgxNi8xLzEgODE3LzIvMSA3MTYvMy8xIDcxNS80LzEKZiA4MTcvMS8xIDgxOC8yLzEgNzE3LzMvMSA3MTYvNC8xCmYgODE4LzEvMSA4MTkvMi8xIDcxOC8zLzEgNzE3LzQvMQpmIDgxOS8xLzEgODIwLzIvMSA3MTkvMy8xIDcxOC80LzEKZiA4MjAvMS8xIDgyMS8yLzEgNzIwLzMvMSA3MTkvNC8xCmYgODIxLzEvMSA4MjIvMi8xIDcyMS8zLzEgNzIwLzQvMQpmIDgyMi8xLzEgODIzLzIvMSA3MjIvMy8xIDcyMS80LzEKZiA4MjMvMS8xIDgyNC8yLzEgNzIzLzMvMSA3MjIvNC8xCmYgODI0LzEvMSA4MjUvMi8xIDcyNC8zLzEgNzIzLzQvMQpmIDgyNS8xLzEgODI2LzIvMSA3MjUvMy8xIDcyNC80LzEKZiA4MjYvMS8xIDgyNy8yLzEgNzI2LzMvMSA3MjUvNC8xCmYgODI3LzEvMSA4MjgvMi8xIDcyNy8zLzEgNzI2LzQvMQpmIDgyOC8xLzEgODI5LzIvMSA3MjgvMy8xIDcyNy80LzEKZiA4MjkvMS8xIDgzMC8yLzEgNzI5LzMvMSA3MjgvNC8xCmYgODMwLzEvMSA4MzEvMi8xIDczMC8zLzEgNzI5LzQvMQpmIDgzMS8xLzEgODMyLzIvMSA3MzEvMy8xIDczMC80LzEKZiA4MzIvOS8xIDgzMy8xMC8xIDczMi8xMS8xIDczMS8xMi8xCmYgODMzLzEvMSA4MzQvMi8xIDczMy8zLzEgNzMyLzQvMQpmIDgzNC8xLzEgODM1LzIvMSA3MzQvMy8xIDczMy80LzEKZiA4MzUvNS8xIDgzNi82LzEgNzM1LzcvMSA3MzQvOC8xCmYgODM2LzEzLzEgODM3LzE0LzEgNzM2LzE1LzEgNzM1LzE2LzEKZiA4MzcvOS8xIDgzOC8xMC8xIDczNy8xMS8xIDczNi8xMi8xCmYgODM4LzEzLzEgODM5LzE0LzEgNzM4LzE1LzEgNzM3LzE2LzEKZiA4MzkvMTMvMSA4NDAvMTQvMSA3MzkvMTUvMSA3MzgvMTYvMQpmIDg0MC81LzEgODQxLzYvMSA3NDAvNy8xIDczOS84LzEKZiA4NDEvNS8xIDg0Mi82LzEgNzQxLzcvMSA3NDAvOC8xCmYgODQyLzkvMSA4NDMvMTAvMSA3NDIvMTEvMSA3NDEvMTIvMQpmIDg0My81LzEgODQ0LzYvMSA3NDMvNy8xIDc0Mi84LzEKZiA4NDQvNS8xIDg0NS82LzEgNzQ0LzcvMSA3NDMvOC8xCmYgODQ1LzUvMSA4NDYvNi8xIDc0NS83LzEgNzQ0LzgvMQpmIDg0Ni8xMy8xIDg0Ny8xNC8xIDc0Ni8xNS8xIDc0NS8xNi8xCmYgODQ3LzkvMSA4NDgvMTAvMSA3NDcvMTEvMSA3NDYvMTIvMQpmIDg0OC81LzEgODQ5LzYvMSA3NDgvNy8xIDc0Ny84LzEKZiA4NDkvMTMvMSA4NTAvMTQvMSA3NDkvMTUvMSA3NDgvMTYvMQpmIDg1MC8xMy8xIDg1MS8xNC8xIDc1MC8xNS8xIDc0OS8xNi8xCmYgODUxLzUvMSA4NTIvNi8xIDc1MS83LzEgNzUwLzgvMQpmIDg1Mi8xMy8xIDg1My8xNC8xIDc1Mi8xNS8xIDc1MS8xNi8xCmYgODUzLzUvMSA4NTQvNi8xIDc1My83LzEgNzUyLzgvMQpmIDg1NC81LzEgODU1LzYvMSA3NTQvNy8xIDc1My84LzEKZiA4NTUvMS8xIDg1Ni8yLzEgNzU1LzMvMSA3NTQvNC8xCmYgODU2LzEvMSA4NTcvMi8xIDc1Ni8zLzEgNzU1LzQvMQpmIDg1Ny81LzEgODU4LzYvMSA3NTcvNy8xIDc1Ni84LzEKZiA4NTgvMS8xIDg1OS8yLzEgNzU4LzMvMSA3NTcvNC8xCmYgODU5LzUvMSA4NjAvNi8xIDc1OS83LzEgNzU4LzgvMQpmIDg2MC81LzEgODYxLzYvMSA3NjAvNy8xIDc1OS84LzEKZiA4NjEvMS8xIDg2Mi8yLzEgNzYxLzMvMSA3NjAvNC8xCmYgODYyLzEvMSA4NjMvMi8xIDc2Mi8zLzEgNzYxLzQvMQpmIDg2My8xLzEgODY0LzIvMSA3NjMvMy8xIDc2Mi80LzEKZiA4NjQvMS8xIDg2NS8yLzEgNzY0LzMvMSA3NjMvNC8xCmYgODY1LzEvMSA4NjYvMi8xIDc2NS8zLzEgNzY0LzQvMQpmIDg2Ni8xLzEgODY3LzIvMSA3NjYvMy8xIDc2NS80LzEKZiA4NjcvMS8xIDg2OC8yLzEgNzY3LzMvMSA3NjYvNC8xCmYgODY4LzEvMSA4NjkvMi8xIDc2OC8zLzEgNzY3LzQvMQpmIDg2OS8xLzEgODcwLzIvMSA3NjkvMy8xIDc2OC80LzEKZiA4NzAvMS8xIDg3MS8yLzEgNzcwLzMvMSA3NjkvNC8xCmYgODcxLzEvMSA4NzIvMi8xIDc3MS8zLzEgNzcwLzQvMQpmIDg3Mi8xLzEgODczLzIvMSA3NzIvMy8xIDc3MS80LzEKZiA4NzMvMS8xIDg3NC8yLzEgNzczLzMvMSA3NzIvNC8xCmYgODc0LzEvMSA4NzUvMi8xIDc3NC8zLzEgNzczLzQvMQpmIDg3NS8xLzEgODc2LzIvMSA3NzUvMy8xIDc3NC80LzEKZiA4NzYvMS8xIDg3Ny8yLzEgNzc2LzMvMSA3NzUvNC8xCmYgODc3LzEvMSA4NzgvMi8xIDc3Ny8zLzEgNzc2LzQvMQpmIDg3OC8xLzEgODc5LzIvMSA3NzgvMy8xIDc3Ny80LzEKZiA4NzkvMS8xIDg4MC8yLzEgNzc5LzMvMSA3NzgvNC8xCmYgODgwLzEvMSA4ODEvMi8xIDc4MC8zLzEgNzc5LzQvMQpmIDg4MS8xLzEgODgyLzIvMSA3ODEvMy8xIDc4MC80LzEKZiA4ODIvMS8xIDg4My8yLzEgNzgyLzMvMSA3ODEvNC8xCmYgODgzLzEvMSA4ODQvMi8xIDc4My8zLzEgNzgyLzQvMQpmIDg4NC8xLzEgODg1LzIvMSA3ODQvMy8xIDc4My80LzEKZiA4ODUvMS8xIDg4Ni8yLzEgNzg1LzMvMSA3ODQvNC8xCmYgODg2LzEvMSA4ODcvMi8xIDc4Ni8zLzEgNzg1LzQvMQpmIDg4Ny8xLzEgODg4LzIvMSA3ODcvMy8xIDc4Ni80LzEKZiA4ODgvMS8xIDg4OS8yLzEgNzg4LzMvMSA3ODcvNC8xCmYgODg5LzEvMSA4OTAvMi8xIDc4OS8zLzEgNzg4LzQvMQpmIDg5MC8xLzEgODkxLzIvMSA3OTAvMy8xIDc4OS80LzEKZiA4OTEvMS8xIDg5Mi8yLzEgNzkxLzMvMSA3OTAvNC8xCmYgODkyLzEvMSA4OTMvMi8xIDc5Mi8zLzEgNzkxLzQvMQpmIDg5My8xLzEgODk0LzIvMSA3OTMvMy8xIDc5Mi80LzEKZiA4OTQvMS8xIDg5NS8yLzEgNzk0LzMvMSA3OTMvNC8xCmYgODk1LzEvMSA4OTYvMi8xIDc5NS8zLzEgNzk0LzQvMQpmIDg5Ni8xLzEgODk3LzIvMSA3OTYvMy8xIDc5NS80LzEKZiA4OTcvMS8xIDg5OC8yLzEgNzk3LzMvMSA3OTYvNC8xCmYgODk4LzEvMSA4OTkvMi8xIDc5OC8zLzEgNzk3LzQvMQpmIDg5OS8xLzEgOTAwLzIvMSA3OTkvMy8xIDc5OC80LzEKZiA5MDAvMS8xIDkwMS8yLzEgODAwLzMvMSA3OTkvNC8xCmYgOTAxLzEvMSA5MDIvMi8xIDgwMS8zLzEgODAwLzQvMQpmIDkwMi8xLzEgOTAzLzIvMSA4MDIvMy8xIDgwMS80LzEKZiA5MDMvMS8xIDkwNC8yLzEgODAzLzMvMSA4MDIvNC8xCmYgOTA0LzEvMSA5MDUvMi8xIDgwNC8zLzEgODAzLzQvMQpmIDkwNS8xLzEgOTA2LzIvMSA4MDUvMy8xIDgwNC80LzEKZiA5MDYvMS8xIDkwNy8yLzEgODA2LzMvMSA4MDUvNC8xCmYgOTA3LzEvMSA5MDgvMi8xIDgwNy8zLzEgODA2LzQvMQpmIDkwOC8xLzEgOTA5LzIvMSA4MDgvMy8xIDgwNy80LzEKZiA5MTAvMS8xIDkxMS8yLzEgODEwLzMvMSA4MDkvNC8xCmYgOTExLzEvMSA5MTIvMi8xIDgxMS8zLzEgODEwLzQvMQpmIDkxMi8xLzEgOTEzLzIvMSA4MTIvMy8xIDgxMS80LzEKZiA5MTMvMS8xIDkxNC8yLzEgODEzLzMvMSA4MTIvNC8xCmYgOTE0LzEvMSA5MTUvMi8xIDgxNC8zLzEgODEzLzQvMQpmIDkxNS8xLzEgOTE2LzIvMSA4MTUvMy8xIDgxNC80LzEKZiA5MTYvMS8xIDkxNy8yLzEgODE2LzMvMSA4MTUvNC8xCmYgOTE3LzEvMSA5MTgvMi8xIDgxNy8zLzEgODE2LzQvMQpmIDkxOC8xLzEgOTE5LzIvMSA4MTgvMy8xIDgxNy80LzEKZiA5MTkvMS8xIDkyMC8yLzEgODE5LzMvMSA4MTgvNC8xCmYgOTIwLzEvMSA5MjEvMi8xIDgyMC8zLzEgODE5LzQvMQpmIDkyMS8xLzEgOTIyLzIvMSA4MjEvMy8xIDgyMC80LzEKZiA5MjIvMS8xIDkyMy8yLzEgODIyLzMvMSA4MjEvNC8xCmYgOTIzLzEvMSA5MjQvMi8xIDgyMy8zLzEgODIyLzQvMQpmIDkyNC8xLzEgOTI1LzIvMSA4MjQvMy8xIDgyMy80LzEKZiA5MjUvMS8xIDkyNi8yLzEgODI1LzMvMSA4MjQvNC8xCmYgOTI2LzEvMSA5MjcvMi8xIDgyNi8zLzEgODI1LzQvMQpmIDkyNy8xLzEgOTI4LzIvMSA4MjcvMy8xIDgyNi80LzEKZiA5MjgvMS8xIDkyOS8yLzEgODI4LzMvMSA4MjcvNC8xCmYgOTI5LzEvMSA5MzAvMi8xIDgyOS8zLzEgODI4LzQvMQpmIDkzMC8xLzEgOTMxLzIvMSA4MzAvMy8xIDgyOS80LzEKZiA5MzEvMS8xIDkzMi8yLzEgODMxLzMvMSA4MzAvNC8xCmYgOTMyLzEvMSA5MzMvMi8xIDgzMi8zLzEgODMxLzQvMQpmIDkzMy8xLzEgOTM0LzIvMSA4MzMvMy8xIDgzMi80LzEKZiA5MzQvMTMvMSA5MzUvMTQvMSA4MzQvMTUvMSA4MzMvMTYvMQpmIDkzNS8xMy8xIDkzNi8xNC8xIDgzNS8xNS8xIDgzNC8xNi8xCmYgOTM2LzkvMSA5MzcvMTAvMSA4MzYvMTEvMSA4MzUvMTIvMQpmIDkzNy81LzEgOTM4LzYvMSA4MzcvNy8xIDgzNi84LzEKZiA5MzgvNS8xIDkzOS82LzEgODM4LzcvMSA4MzcvOC8xCmYgOTM5LzUvMSA5NDAvNi8xIDgzOS83LzEgODM4LzgvMQpmIDk0MC8xMy8xIDk0MS8xNC8xIDg0MC8xNS8xIDgzOS8xNi8xCmYgOTQxLzkvMSA5NDIvMTAvMSA4NDEvMTEvMSA4NDAvMTIvMQpmIDk0Mi81LzEgOTQzLzYvMSA4NDIvNy8xIDg0MS84LzEKZiA5NDMvMTMvMSA5NDQvMTQvMSA4NDMvMTUvMSA4NDIvMTYvMQpmIDk0NC8xMy8xIDk0NS8xNC8xIDg0NC8xNS8xIDg0My8xNi8xCmYgOTQ1LzkvMSA5NDYvMTAvMSA4NDUvMTEvMSA4NDQvMTIvMQpmIDk0Ni85LzEgOTQ3LzEwLzEgODQ2LzExLzEgODQ1LzEyLzEKZiA5NDcvMTMvMSA5NDgvMTQvMSA4NDcvMTUvMSA4NDYvMTYvMQpmIDk0OC8xMy8xIDk0OS8xNC8xIDg0OC8xNS8xIDg0Ny8xNi8xCmYgOTQ5LzUvMSA5NTAvNi8xIDg0OS83LzEgODQ4LzgvMQpmIDk1MC81LzEgOTUxLzYvMSA4NTAvNy8xIDg0OS84LzEKZiA5NTEvNS8xIDk1Mi82LzEgODUxLzcvMSA4NTAvOC8xCmYgOTUyLzUvMSA5NTMvNi8xIDg1Mi83LzEgODUxLzgvMQpmIDk1My85LzEgOTU0LzEwLzEgODUzLzExLzEgODUyLzEyLzEKZiA5NTQvMTMvMSA5NTUvMTQvMSA4NTQvMTUvMSA4NTMvMTYvMQpmIDk1NS85LzEgOTU2LzEwLzEgODU1LzExLzEgODU0LzEyLzEKZiA5NTYvOS8xIDk1Ny8xMC8xIDg1Ni8xMS8xIDg1NS8xMi8xCmYgOTU3LzEzLzEgOTU4LzE0LzEgODU3LzE1LzEgODU2LzE2LzEKZiA5NTgvNS8xIDk1OS82LzEgODU4LzcvMSA4NTcvOC8xCmYgOTU5LzEvMSA5NjAvMi8xIDg1OS8zLzEgODU4LzQvMQpmIDk2MC8xLzEgOTYxLzIvMSA4NjAvMy8xIDg1OS80LzEKZiA5NjEvMTMvMSA5NjIvMTQvMSA4NjEvMTUvMSA4NjAvMTYvMQpmIDk2Mi8xLzEgOTYzLzIvMSA4NjIvMy8xIDg2MS80LzEKZiA5NjMvMS8xIDk2NC8yLzEgODYzLzMvMSA4NjIvNC8xCmYgOTY0LzEvMSA5NjUvMi8xIDg2NC8zLzEgODYzLzQvMQpmIDk2NS8xLzEgOTY2LzIvMSA4NjUvMy8xIDg2NC80LzEKZiA5NjYvMS8xIDk2Ny8yLzEgODY2LzMvMSA4NjUvNC8xCmYgOTY3LzEvMSA5NjgvMi8xIDg2Ny8zLzEgODY2LzQvMQpmIDk2OC8xLzEgOTY5LzIvMSA4NjgvMy8xIDg2Ny80LzEKZiA5NjkvMS8xIDk3MC8yLzEgODY5LzMvMSA4NjgvNC8xCmYgOTcwLzEvMSA5NzEvMi8xIDg3MC8zLzEgODY5LzQvMQpmIDk3MS8xLzEgOTcyLzIvMSA4NzEvMy8xIDg3MC80LzEKZiA5NzIvMS8xIDk3My8yLzEgODcyLzMvMSA4NzEvNC8xCmYgOTczLzEvMSA5NzQvMi8xIDg3My8zLzEgODcyLzQvMQpmIDk3NC8xLzEgOTc1LzIvMSA4NzQvMy8xIDg3My80LzEKZiA5NzUvMS8xIDk3Ni8yLzEgODc1LzMvMSA4NzQvNC8xCmYgOTc2LzEvMSA5NzcvMi8xIDg3Ni8zLzEgODc1LzQvMQpmIDk3Ny8xLzEgOTc4LzIvMSA4NzcvMy8xIDg3Ni80LzEKZiA5NzgvMS8xIDk3OS8yLzEgODc4LzMvMSA4NzcvNC8xCmYgOTc5LzEvMSA5ODAvMi8xIDg3OS8zLzEgODc4LzQvMQpmIDk4MC8xLzEgOTgxLzIvMSA4ODAvMy8xIDg3OS80LzEKZiA5ODEvMS8xIDk4Mi8yLzEgODgxLzMvMSA4ODAvNC8xCmYgOTgyLzEvMSA5ODMvMi8xIDg4Mi8zLzEgODgxLzQvMQpmIDk4My8xLzEgOTg0LzIvMSA4ODMvMy8xIDg4Mi80LzEKZiA5ODQvMS8xIDk4NS8yLzEgODg0LzMvMSA4ODMvNC8xCmYgOTg1LzEvMSA5ODYvMi8xIDg4NS8zLzEgODg0LzQvMQpmIDk4Ni8xLzEgOTg3LzIvMSA4ODYvMy8xIDg4NS80LzEKZiA5ODcvMS8xIDk4OC8yLzEgODg3LzMvMSA4ODYvNC8xCmYgOTg4LzEvMSA5ODkvMi8xIDg4OC8zLzEgODg3LzQvMQpmIDk4OS8xLzEgOTkwLzIvMSA4ODkvMy8xIDg4OC80LzEKZiA5OTAvMS8xIDk5MS8yLzEgODkwLzMvMSA4ODkvNC8xCmYgOTkxLzEvMSA5OTIvMi8xIDg5MS8zLzEgODkwLzQvMQpmIDk5Mi8xLzEgOTkzLzIvMSA4OTIvMy8xIDg5MS80LzEKZiA5OTMvMS8xIDk5NC8yLzEgODkzLzMvMSA4OTIvNC8xCmYgOTk0LzEvMSA5OTUvMi8xIDg5NC8zLzEgODkzLzQvMQpmIDk5NS8xLzEgOTk2LzIvMSA4OTUvMy8xIDg5NC80LzEKZiA5OTYvMS8xIDk5Ny8yLzEgODk2LzMvMSA4OTUvNC8xCmYgOTk3LzEvMSA5OTgvMi8xIDg5Ny8zLzEgODk2LzQvMQpmIDk5OC8xLzEgOTk5LzIvMSA4OTgvMy8xIDg5Ny80LzEKZiA5OTkvMS8xIDEwMDAvMi8xIDg5OS8zLzEgODk4LzQvMQpmIDEwMDAvMS8xIDEwMDEvMi8xIDkwMC8zLzEgODk5LzQvMQpmIDEwMDEvMS8xIDEwMDIvMi8xIDkwMS8zLzEgOTAwLzQvMQpmIDEwMDIvMS8xIDEwMDMvMi8xIDkwMi8zLzEgOTAxLzQvMQpmIDEwMDMvMS8xIDEwMDQvMi8xIDkwMy8zLzEgOTAyLzQvMQpmIDEwMDQvMS8xIDEwMDUvMi8xIDkwNC8zLzEgOTAzLzQvMQpmIDEwMDUvMS8xIDEwMDYvMi8xIDkwNS8zLzEgOTA0LzQvMQpmIDEwMDYvMS8xIDEwMDcvMi8xIDkwNi8zLzEgOTA1LzQvMQpmIDEwMDcvMS8xIDEwMDgvMi8xIDkwNy8zLzEgOTA2LzQvMQpmIDEwMDgvMS8xIDEwMDkvMi8xIDkwOC8zLzEgOTA3LzQvMQpmIDEwMDkvMS8xIDEwMTAvMi8xIDkwOS8zLzEgOTA4LzQvMQpmIDEwMTEvMS8xIDEwMTIvMi8xIDkxMS8zLzEgOTEwLzQvMQpmIDEwMTIvMS8xIDEwMTMvMi8xIDkxMi8zLzEgOTExLzQvMQpmIDEwMTMvMS8xIDEwMTQvMi8xIDkxMy8zLzEgOTEyLzQvMQpmIDEwMTQvMS8xIDEwMTUvMi8xIDkxNC8zLzEgOTEzLzQvMQpmIDEwMTUvMS8xIDEwMTYvMi8xIDkxNS8zLzEgOTE0LzQvMQpmIDEwMTYvMS8xIDEwMTcvMi8xIDkxNi8zLzEgOTE1LzQvMQpmIDEwMTcvMS8xIDEwMTgvMi8xIDkxNy8zLzEgOTE2LzQvMQpmIDEwMTgvMS8xIDEwMTkvMi8xIDkxOC8zLzEgOTE3LzQvMQpmIDEwMTkvMS8xIDEwMjAvMi8xIDkxOS8zLzEgOTE4LzQvMQpmIDEwMjAvMS8xIDEwMjEvMi8xIDkyMC8zLzEgOTE5LzQvMQpmIDEwMjEvMS8xIDEwMjIvMi8xIDkyMS8zLzEgOTIwLzQvMQpmIDEwMjIvMS8xIDEwMjMvMi8xIDkyMi8zLzEgOTIxLzQvMQpmIDEwMjMvMS8xIDEwMjQvMi8xIDkyMy8zLzEgOTIyLzQvMQpmIDEwMjQvMS8xIDEwMjUvMi8xIDkyNC8zLzEgOTIzLzQvMQpmIDEwMjUvMS8xIDEwMjYvMi8xIDkyNS8zLzEgOTI0LzQvMQpmIDEwMjYvMS8xIDEwMjcvMi8xIDkyNi8zLzEgOTI1LzQvMQpmIDEwMjcvMS8xIDEwMjgvMi8xIDkyNy8zLzEgOTI2LzQvMQpmIDEwMjgvMS8xIDEwMjkvMi8xIDkyOC8zLzEgOTI3LzQvMQpmIDEwMjkvMS8xIDEwMzAvMi8xIDkyOS8zLzEgOTI4LzQvMQpmIDEwMzAvOS8xIDEwMzEvMTAvMSA5MzAvMTEvMSA5MjkvMTIvMQpmIDEwMzEvOS8xIDEwMzIvMTAvMSA5MzEvMTEvMSA5MzAvMTIvMQpmIDEwMzIvMTMvMSAxMDMzLzE0LzEgOTMyLzE1LzEgOTMxLzE2LzEKZiAxMDMzLzUvMSAxMDM0LzYvMSA5MzMvNy8xIDkzMi84LzEKZiAxMDM0LzUvMSAxMDM1LzYvMSA5MzQvNy8xIDkzMy84LzEKZiAxMDM1LzUvMSAxMDM2LzYvMSA5MzUvNy8xIDkzNC84LzEKZiAxMDM2LzEzLzEgMTAzNy8xNC8xIDkzNi8xNS8xIDkzNS8xNi8xCmYgMTAzNy85LzEgMTAzOC8xMC8xIDkzNy8xMS8xIDkzNi8xMi8xCmYgMTAzOC8xMy8xIDEwMzkvMTQvMSA5MzgvMTUvMSA5MzcvMTYvMQpmIDEwMzkvNS8xIDEwNDAvNi8xIDkzOS83LzEgOTM4LzgvMQpmIDEwNDAvOS8xIDEwNDEvMTAvMSA5NDAvMTEvMSA5MzkvMTIvMQpmIDEwNDEvMTMvMSAxMDQyLzE0LzEgOTQxLzE1LzEgOTQwLzE2LzEKZiAxMDQyLzkvMSAxMDQzLzEwLzEgOTQyLzExLzEgOTQxLzEyLzEKZiAxMDQzLzEvMSAxMDQ0LzIvMSA5NDMvMy8xIDk0Mi80LzEKZiAxMDQ0LzEvMSAxMDQ1LzIvMSA5NDQvMy8xIDk0My80LzEKZiAxMDQ1LzEzLzEgMTA0Ni8xNC8xIDk0NS8xNS8xIDk0NC8xNi8xCmYgMTA0Ni8xLzEgMTA0Ny8yLzEgOTQ2LzMvMSA5NDUvNC8xCmYgMTA0Ny81LzEgMTA0OC82LzEgOTQ3LzcvMSA5NDYvOC8xCmYgMTA0OC8xMy8xIDEwNDkvMTQvMSA5NDgvMTUvMSA5NDcvMTYvMQpmIDEwNDkvOS8xIDEwNTAvMTAvMSA5NDkvMTEvMSA5NDgvMTIvMQpmIDEwNTAvOS8xIDEwNTEvMTAvMSA5NTAvMTEvMSA5NDkvMTIvMQpmIDEwNTEvOS8xIDEwNTIvMTAvMSA5NTEvMTEvMSA5NTAvMTIvMQpmIDEwNTIvMTMvMSAxMDUzLzE0LzEgOTUyLzE1LzEgOTUxLzE2LzEKZiAxMDUzLzUvMSAxMDU0LzYvMSA5NTMvNy8xIDk1Mi84LzEKZiAxMDU0LzkvMSAxMDU1LzEwLzEgOTU0LzExLzEgOTUzLzEyLzEKZiAxMDU1LzEvMSAxMDU2LzIvMSA5NTUvMy8xIDk1NC80LzEKZiAxMDU2LzEvMSAxMDU3LzIvMSA5NTYvMy8xIDk1NS80LzEKZiAxMDU3LzkvMSAxMDU4LzEwLzEgOTU3LzExLzEgOTU2LzEyLzEKZiAxMDU4LzUvMSAxMDU5LzYvMSA5NTgvNy8xIDk1Ny84LzEKZiAxMDU5LzEzLzEgMTA2MC8xNC8xIDk1OS8xNS8xIDk1OC8xNi8xCmYgMTA2MC81LzEgMTA2MS82LzEgOTYwLzcvMSA5NTkvOC8xCmYgMTA2MS8xMy8xIDEwNjIvMTQvMSA5NjEvMTUvMSA5NjAvMTYvMQpmIDEwNjIvNS8xIDEwNjMvNi8xIDk2Mi83LzEgOTYxLzgvMQpmIDEwNjMvNS8xIDEwNjQvNi8xIDk2My83LzEgOTYyLzgvMQpmIDEwNjQvMTMvMSAxMDY1LzE0LzEgOTY0LzE1LzEgOTYzLzE2LzEKZiAxMDY1LzEzLzEgMTA2Ni8xNC8xIDk2NS8xNS8xIDk2NC8xNi8xCmYgMTA2Ni8xLzEgMTA2Ny8yLzEgOTY2LzMvMSA5NjUvNC8xCmYgMTA2Ny8xLzEgMTA2OC8yLzEgOTY3LzMvMSA5NjYvNC8xCmYgMTA2OC8xLzEgMTA2OS8yLzEgOTY4LzMvMSA5NjcvNC8xCmYgMTA2OS8xLzEgMTA3MC8yLzEgOTY5LzMvMSA5NjgvNC8xCmYgMTA3MC8xLzEgMTA3MS8yLzEgOTcwLzMvMSA5NjkvNC8xCmYgMTA3MS8xLzEgMTA3Mi8yLzEgOTcxLzMvMSA5NzAvNC8xCmYgMTA3Mi8xLzEgMTA3My8yLzEgOTcyLzMvMSA5NzEvNC8xCmYgMTA3My8xLzEgMTA3NC8yLzEgOTczLzMvMSA5NzIvNC8xCmYgMTA3NC8xLzEgMTA3NS8yLzEgOTc0LzMvMSA5NzMvNC8xCmYgMTA3NS8xLzEgMTA3Ni8yLzEgOTc1LzMvMSA5NzQvNC8xCmYgMTA3Ni8xLzEgMTA3Ny8yLzEgOTc2LzMvMSA5NzUvNC8xCmYgMTA3Ny8xLzEgMTA3OC8yLzEgOTc3LzMvMSA5NzYvNC8xCmYgMTA3OC8xLzEgMTA3OS8yLzEgOTc4LzMvMSA5NzcvNC8xCmYgMTA3OS8xLzEgMTA4MC8yLzEgOTc5LzMvMSA5NzgvNC8xCmYgMTA4MC8xLzEgMTA4MS8yLzEgOTgwLzMvMSA5NzkvNC8xCmYgMTA4MS8xLzEgMTA4Mi8yLzEgOTgxLzMvMSA5ODAvNC8xCmYgMTA4Mi8xLzEgMTA4My8yLzEgOTgyLzMvMSA5ODEvNC8xCmYgMTA4My8xLzEgMTA4NC8yLzEgOTgzLzMvMSA5ODIvNC8xCmYgMTA4NC8xLzEgMTA4NS8yLzEgOTg0LzMvMSA5ODMvNC8xCmYgMTA4NS8xLzEgMTA4Ni8yLzEgOTg1LzMvMSA5ODQvNC8xCmYgMTA4Ni8xLzEgMTA4Ny8yLzEgOTg2LzMvMSA5ODUvNC8xCmYgMTA4Ny8xLzEgMTA4OC8yLzEgOTg3LzMvMSA5ODYvNC8xCmYgMTA4OC8xLzEgMTA4OS8yLzEgOTg4LzMvMSA5ODcvNC8xCmYgMTA4OS8xLzEgMTA5MC8yLzEgOTg5LzMvMSA5ODgvNC8xCmYgMTA5MC8xLzEgMTA5MS8yLzEgOTkwLzMvMSA5ODkvNC8xCmYgMTA5MS8xLzEgMTA5Mi8yLzEgOTkxLzMvMSA5OTAvNC8xCmYgMTA5Mi8xLzEgMTA5My8yLzEgOTkyLzMvMSA5OTEvNC8xCmYgMTA5My8xLzEgMTA5NC8yLzEgOTkzLzMvMSA5OTIvNC8xCmYgMTA5NC8xLzEgMTA5NS8yLzEgOTk0LzMvMSA5OTMvNC8xCmYgMTA5NS8xLzEgMTA5Ni8yLzEgOTk1LzMvMSA5OTQvNC8xCmYgMTA5Ni8xLzEgMTA5Ny8yLzEgOTk2LzMvMSA5OTUvNC8xCmYgMTA5Ny8xLzEgMTA5OC8yLzEgOTk3LzMvMSA5OTYvNC8xCmYgMTA5OC8xLzEgMTA5OS8yLzEgOTk4LzMvMSA5OTcvNC8xCmYgMTA5OS8xLzEgMTEwMC8yLzEgOTk5LzMvMSA5OTgvNC8xCmYgMTEwMC8xLzEgMTEwMS8yLzEgMTAwMC8zLzEgOTk5LzQvMQpmIDExMDEvMS8xIDExMDIvMi8xIDEwMDEvMy8xIDEwMDAvNC8xCmYgMTEwMi8xLzEgMTEwMy8yLzEgMTAwMi8zLzEgMTAwMS80LzEKZiAxMTAzLzEvMSAxMTA0LzIvMSAxMDAzLzMvMSAxMDAyLzQvMQpmIDExMDQvMS8xIDExMDUvMi8xIDEwMDQvMy8xIDEwMDMvNC8xCmYgMTEwNS8xLzEgMTEwNi8yLzEgMTAwNS8zLzEgMTAwNC80LzEKZiAxMTA2LzEvMSAxMTA3LzIvMSAxMDA2LzMvMSAxMDA1LzQvMQpmIDExMDcvMS8xIDExMDgvMi8xIDEwMDcvMy8xIDEwMDYvNC8xCmYgMTEwOC8xLzEgMTEwOS8yLzEgMTAwOC8zLzEgMTAwNy80LzEKZiAxMTA5LzEvMSAxMTEwLzIvMSAxMDA5LzMvMSAxMDA4LzQvMQpmIDExMTAvMS8xIDExMTEvMi8xIDEwMTAvMy8xIDEwMDkvNC8xCmYgMTExMi8xLzEgMTExMy8yLzEgMTAxMi8zLzEgMTAxMS80LzEKZiAxMTEzLzEvMSAxMTE0LzIvMSAxMDEzLzMvMSAxMDEyLzQvMQpmIDExMTQvMS8xIDExMTUvMi8xIDEwMTQvMy8xIDEwMTMvNC8xCmYgMTExNS8xLzEgMTExNi8yLzEgMTAxNS8zLzEgMTAxNC80LzEKZiAxMTE2LzEvMSAxMTE3LzIvMSAxMDE2LzMvMSAxMDE1LzQvMQpmIDExMTcvMS8xIDExMTgvMi8xIDEwMTcvMy8xIDEwMTYvNC8xCmYgMTExOC8xLzEgMTExOS8yLzEgMTAxOC8zLzEgMTAxNy80LzEKZiAxMTE5LzEvMSAxMTIwLzIvMSAxMDE5LzMvMSAxMDE4LzQvMQpmIDExMjAvMS8xIDExMjEvMi8xIDEwMjAvMy8xIDEwMTkvNC8xCmYgMTEyMS8xLzEgMTEyMi8yLzEgMTAyMS8zLzEgMTAyMC80LzEKZiAxMTIyLzEvMSAxMTIzLzIvMSAxMDIyLzMvMSAxMDIxLzQvMQpmIDExMjMvMS8xIDExMjQvMi8xIDEwMjMvMy8xIDEwMjIvNC8xCmYgMTEyNC8xLzEgMTEyNS8yLzEgMTAyNC8zLzEgMTAyMy80LzEKZiAxMTI1LzEvMSAxMTI2LzIvMSAxMDI1LzMvMSAxMDI0LzQvMQpmIDExMjYvMS8xIDExMjcvMi8xIDEwMjYvMy8xIDEwMjUvNC8xCmYgMTEyNy8xLzEgMTEyOC8yLzEgMTAyNy8zLzEgMTAyNi80LzEKZiAxMTI4LzEvMSAxMTI5LzIvMSAxMDI4LzMvMSAxMDI3LzQvMQpmIDExMjkvMTMvMSAxMTMwLzE0LzEgMTAyOS8xNS8xIDEwMjgvMTYvMQpmIDExMzAvNS8xIDExMzEvNi8xIDEwMzAvNy8xIDEwMjkvOC8xCmYgMTEzMS8xLzEgMTEzMi8yLzEgMTAzMS8zLzEgMTAzMC80LzEKZiAxMTMyLzEvMSAxMTMzLzIvMSAxMDMyLzMvMSAxMDMxLzQvMQpmIDExMzMvMS8xIDExMzQvMi8xIDEwMzMvMy8xIDEwMzIvNC8xCmYgMTEzNC8xLzEgMTEzNS8yLzEgMTAzNC8zLzEgMTAzMy80LzEKZiAxMTM1LzEzLzEgMTEzNi8xNC8xIDEwMzUvMTUvMSAxMDM0LzE2LzEKZiAxMTM2LzUvMSAxMTM3LzYvMSAxMDM2LzcvMSAxMDM1LzgvMQpmIDExMzcvMS8xIDExMzgvMi8xIDEwMzcvMy8xIDEwMzYvNC8xCmYgMTEzOC85LzEgMTEzOS8xMC8xIDEwMzgvMTEvMSAxMDM3LzEyLzEKZiAxMTM5LzkvMSAxMTQwLzEwLzEgMTAzOS8xMS8xIDEwMzgvMTIvMQpmIDExNDAvMTMvMSAxMTQxLzE0LzEgMTA0MC8xNS8xIDEwMzkvMTYvMQpmIDExNDEvNS8xIDExNDIvNi8xIDEwNDEvNy8xIDEwNDAvOC8xCmYgMTE0Mi81LzEgMTE0My82LzEgMTA0Mi83LzEgMTA0MS84LzEKZiAxMTQzLzUvMSAxMTQ0LzYvMSAxMDQzLzcvMSAxMDQyLzgvMQpmIDExNDQvOS8xIDExNDUvMTAvMSAxMDQ0LzExLzEgMTA0My8xMi8xCmYgMTE0NS81LzEgMTE0Ni82LzEgMTA0NS83LzEgMTA0NC84LzEKZiAxMTQ2LzEzLzEgMTE0Ny8xNC8xIDEwNDYvMTUvMSAxMDQ1LzE2LzEKZiAxMTQ3LzkvMSAxMTQ4LzEwLzEgMTA0Ny8xMS8xIDEwNDYvMTIvMQpmIDExNDgvOS8xIDExNDkvMTAvMSAxMDQ4LzExLzEgMTA0Ny8xMi8xCmYgMTE0OS8xMy8xIDExNTAvMTQvMSAxMDQ5LzE1LzEgMTA0OC8xNi8xCmYgMTE1MC8xMy8xIDExNTEvMTQvMSAxMDUwLzE1LzEgMTA0OS8xNi8xCmYgMTE1MS85LzEgMTE1Mi8xMC8xIDEwNTEvMTEvMSAxMDUwLzEyLzEKZiAxMTUyLzEzLzEgMTE1My8xNC8xIDEwNTIvMTUvMSAxMDUxLzE2LzEKZiAxMTUzLzEzLzEgMTE1NC8xNC8xIDEwNTMvMTUvMSAxMDUyLzE2LzEKZiAxMTU0LzkvMSAxMTU1LzEwLzEgMTA1NC8xMS8xIDEwNTMvMTIvMQpmIDExNTUvMTMvMSAxMTU2LzE0LzEgMTA1NS8xNS8xIDEwNTQvMTYvMQpmIDExNTYvMTMvMSAxMTU3LzE0LzEgMTA1Ni8xNS8xIDEwNTUvMTYvMQpmIDExNTcvOS8xIDExNTgvMTAvMSAxMDU3LzExLzEgMTA1Ni8xMi8xCmYgMTE1OC8xMy8xIDExNTkvMTQvMSAxMDU4LzE1LzEgMTA1Ny8xNi8xCmYgMTE1OS8xMy8xIDExNjAvMTQvMSAxMDU5LzE1LzEgMTA1OC8xNi8xCmYgMTE2MC8xMy8xIDExNjEvMTQvMSAxMDYwLzE1LzEgMTA1OS8xNi8xCmYgMTE2MS8xMy8xIDExNjIvMTQvMSAxMDYxLzE1LzEgMTA2MC8xNi8xCmYgMTE2Mi81LzEgMTE2My82LzEgMTA2Mi83LzEgMTA2MS84LzEKZiAxMTYzLzEvMSAxMTY0LzIvMSAxMDYzLzMvMSAxMDYyLzQvMQpmIDExNjQvMS8xIDExNjUvMi8xIDEwNjQvMy8xIDEwNjMvNC8xCmYgMTE2NS85LzEgMTE2Ni8xMC8xIDEwNjUvMTEvMSAxMDY0LzEyLzEKZiAxMTY2LzUvMSAxMTY3LzYvMSAxMDY2LzcvMSAxMDY1LzgvMQpmIDExNjcvMS8xIDExNjgvMi8xIDEwNjcvMy8xIDEwNjYvNC8xCmYgMTE2OC8xLzEgMTE2OS8yLzEgMTA2OC8zLzEgMTA2Ny80LzEKZiAxMTY5LzEvMSAxMTcwLzIvMSAxMDY5LzMvMSAxMDY4LzQvMQpmIDExNzAvMS8xIDExNzEvMi8xIDEwNzAvMy8xIDEwNjkvNC8xCmYgMTE3MS8xLzEgMTE3Mi8yLzEgMTA3MS8zLzEgMTA3MC80LzEKZiAxMTcyLzEvMSAxMTczLzIvMSAxMDcyLzMvMSAxMDcxLzQvMQpmIDExNzMvMS8xIDExNzQvMi8xIDEwNzMvMy8xIDEwNzIvNC8xCmYgMTE3NC8xLzEgMTE3NS8yLzEgMTA3NC8zLzEgMTA3My80LzEKZiAxMTc1LzEvMSAxMTc2LzIvMSAxMDc1LzMvMSAxMDc0LzQvMQpmIDExNzYvMS8xIDExNzcvMi8xIDEwNzYvMy8xIDEwNzUvNC8xCmYgMTE3Ny8xLzEgMTE3OC8yLzEgMTA3Ny8zLzEgMTA3Ni80LzEKZiAxMTc4LzEvMSAxMTc5LzIvMSAxMDc4LzMvMSAxMDc3LzQvMQpmIDExNzkvMS8xIDExODAvMi8xIDEwNzkvMy8xIDEwNzgvNC8xCmYgMTE4MC8xLzEgMTE4MS8yLzEgMTA4MC8zLzEgMTA3OS80LzEKZiAxMTgxLzEvMSAxMTgyLzIvMSAxMDgxLzMvMSAxMDgwLzQvMQpmIDExODIvMS8xIDExODMvMi8xIDEwODIvMy8xIDEwODEvNC8xCmYgMTE4My8xLzEgMTE4NC8yLzEgMTA4My8zLzEgMTA4Mi80LzEKZiAxMTg0LzEvMSAxMTg1LzIvMSAxMDg0LzMvMSAxMDgzLzQvMQpmIDExODUvMS8xIDExODYvMi8xIDEwODUvMy8xIDEwODQvNC8xCmYgMTE4Ni8xLzEgMTE4Ny8yLzEgMTA4Ni8zLzEgMTA4NS80LzEKZiAxMTg3LzEvMSAxMTg4LzIvMSAxMDg3LzMvMSAxMDg2LzQvMQpmIDExODgvMS8xIDExODkvMi8xIDEwODgvMy8xIDEwODcvNC8xCmYgMTE4OS8xLzEgMTE5MC8yLzEgMTA4OS8zLzEgMTA4OC80LzEKZiAxMTkwLzEvMSAxMTkxLzIvMSAxMDkwLzMvMSAxMDg5LzQvMQpmIDExOTEvMS8xIDExOTIvMi8xIDEwOTEvMy8xIDEwOTAvNC8xCmYgMTE5Mi8xLzEgMTE5My8yLzEgMTA5Mi8zLzEgMTA5MS80LzEKZiAxMTkzLzEvMSAxMTk0LzIvMSAxMDkzLzMvMSAxMDkyLzQvMQpmIDExOTQvMS8xIDExOTUvMi8xIDEwOTQvMy8xIDEwOTMvNC8xCmYgMTE5NS8xLzEgMTE5Ni8yLzEgMTA5NS8zLzEgMTA5NC80LzEKZiAxMTk2LzEvMSAxMTk3LzIvMSAxMDk2LzMvMSAxMDk1LzQvMQpmIDExOTcvMS8xIDExOTgvMi8xIDEwOTcvMy8xIDEwOTYvNC8xCmYgMTE5OC8xLzEgMTE5OS8yLzEgMTA5OC8zLzEgMTA5Ny80LzEKZiAxMTk5LzEvMSAxMjAwLzIvMSAxMDk5LzMvMSAxMDk4LzQvMQpmIDEyMDAvMS8xIDEyMDEvMi8xIDExMDAvMy8xIDEwOTkvNC8xCmYgMTIwMS8xLzEgMTIwMi8yLzEgMTEwMS8zLzEgMTEwMC80LzEKZiAxMjAyLzEvMSAxMjAzLzIvMSAxMTAyLzMvMSAxMTAxLzQvMQpmIDEyMDMvMS8xIDEyMDQvMi8xIDExMDMvMy8xIDExMDIvNC8xCmYgMTIwNC8xLzEgMTIwNS8yLzEgMTEwNC8zLzEgMTEwMy80LzEKZiAxMjA1LzEvMSAxMjA2LzIvMSAxMTA1LzMvMSAxMTA0LzQvMQpmIDEyMDYvMS8xIDEyMDcvMi8xIDExMDYvMy8xIDExMDUvNC8xCmYgMTIwNy8xLzEgMTIwOC8yLzEgMTEwNy8zLzEgMTEwNi80LzEKZiAxMjA4LzEvMSAxMjA5LzIvMSAxMTA4LzMvMSAxMTA3LzQvMQpmIDEyMDkvMS8xIDEyMTAvMi8xIDExMDkvMy8xIDExMDgvNC8xCmYgMTIxMC8xLzEgMTIxMS8yLzEgMTExMC8zLzEgMTEwOS80LzEKZiAxMjExLzEvMSAxMjEyLzIvMSAxMTExLzMvMSAxMTEwLzQvMQpmIDEyMTMvMS8xIDEyMTQvMi8xIDExMTMvMy8xIDExMTIvNC8xCmYgMTIxNC8xLzEgMTIxNS8yLzEgMTExNC8zLzEgMTExMy80LzEKZiAxMjE1LzEvMSAxMjE2LzIvMSAxMTE1LzMvMSAxMTE0LzQvMQpmIDEyMTYvMS8xIDEyMTcvMi8xIDExMTYvMy8xIDExMTUvNC8xCmYgMTIxNy8xLzEgMTIxOC8yLzEgMTExNy8zLzEgMTExNi80LzEKZiAxMjE4LzEvMSAxMjE5LzIvMSAxMTE4LzMvMSAxMTE3LzQvMQpmIDEyMTkvMS8xIDEyMjAvMi8xIDExMTkvMy8xIDExMTgvNC8xCmYgMTIyMC8xLzEgMTIyMS8yLzEgMTEyMC8zLzEgMTExOS80LzEKZiAxMjIxLzEvMSAxMjIyLzIvMSAxMTIxLzMvMSAxMTIwLzQvMQpmIDEyMjIvMS8xIDEyMjMvMi8xIDExMjIvMy8xIDExMjEvNC8xCmYgMTIyMy8xLzEgMTIyNC8yLzEgMTEyMy8zLzEgMTEyMi80LzEKZiAxMjI0LzEvMSAxMjI1LzIvMSAxMTI0LzMvMSAxMTIzLzQvMQpmIDEyMjUvMS8xIDEyMjYvMi8xIDExMjUvMy8xIDExMjQvNC8xCmYgMTIyNi8xLzEgMTIyNy8yLzEgMTEyNi8zLzEgMTEyNS80LzEKZiAxMjI3LzEvMSAxMjI4LzIvMSAxMTI3LzMvMSAxMTI2LzQvMQpmIDEyMjgvNS8xIDEyMjkvNi8xIDExMjgvNy8xIDExMjcvOC8xCmYgMTIyOS8xMy8xIDEyMzAvMTQvMSAxMTI5LzE1LzEgMTEyOC8xNi8xCmYgMTIzMC8xLzEgMTIzMS8yLzEgMTEzMC8zLzEgMTEyOS80LzEKZiAxMjMxLzEvMSAxMjMyLzIvMSAxMTMxLzMvMSAxMTMwLzQvMQpmIDEyMzIvMS8xIDEyMzMvMi8xIDExMzIvMy8xIDExMzEvNC8xCmYgMTIzMy8xLzEgMTIzNC8yLzEgMTEzMy8zLzEgMTEzMi80LzEKZiAxMjM0LzUvMSAxMjM1LzYvMSAxMTM0LzcvMSAxMTMzLzgvMQpmIDEyMzUvMTMvMSAxMjM2LzE0LzEgMTEzNS8xNS8xIDExMzQvMTYvMQpmIDEyMzYvNS8xIDEyMzcvNi8xIDExMzYvNy8xIDExMzUvOC8xCmYgMTIzNy8xMy8xIDEyMzgvMTQvMSAxMTM3LzE1LzEgMTEzNi8xNi8xCmYgMTIzOC85LzEgMTIzOS8xMC8xIDExMzgvMTEvMSAxMTM3LzEyLzEKZiAxMjM5LzkvMSAxMjQwLzEwLzEgMTEzOS8xMS8xIDExMzgvMTIvMQpmIDEyNDAvMTMvMSAxMjQxLzE0LzEgMTE0MC8xNS8xIDExMzkvMTYvMQpmIDEyNDEvMTMvMSAxMjQyLzE0LzEgMTE0MS8xNS8xIDExNDAvMTYvMQpmIDEyNDIvNS8xIDEyNDMvNi8xIDExNDIvNy8xIDExNDEvOC8xCmYgMTI0My81LzEgMTI0NC82LzEgMTE0My83LzEgMTE0Mi84LzEKZiAxMjQ0LzEzLzEgMTI0NS8xNC8xIDExNDQvMTUvMSAxMTQzLzE2LzEKZiAxMjQ1LzEzLzEgMTI0Ni8xNC8xIDExNDUvMTUvMSAxMTQ0LzE2LzEKZiAxMjQ2LzUvMSAxMjQ3LzYvMSAxMTQ2LzcvMSAxMTQ1LzgvMQpmIDEyNDcvNS8xIDEyNDgvNi8xIDExNDcvNy8xIDExNDYvOC8xCmYgMTI0OC85LzEgMTI0OS8xMC8xIDExNDgvMTEvMSAxMTQ3LzEyLzEKZiAxMjQ5LzUvMSAxMjUwLzYvMSAxMTQ5LzcvMSAxMTQ4LzgvMQpmIDEyNTAvOS8xIDEyNTEvMTAvMSAxMTUwLzExLzEgMTE0OS8xMi8xCmYgMTI1MS8xMy8xIDEyNTIvMTQvMSAxMTUxLzE1LzEgMTE1MC8xNi8xCmYgMTI1Mi81LzEgMTI1My82LzEgMTE1Mi83LzEgMTE1MS84LzEKZiAxMjUzLzkvMSAxMjU0LzEwLzEgMTE1My8xMS8xIDExNTIvMTIvMQpmIDEyNTQvMTMvMSAxMjU1LzE0LzEgMTE1NC8xNS8xIDExNTMvMTYvMQpmIDEyNTUvNS8xIDEyNTYvNi8xIDExNTUvNy8xIDExNTQvOC8xCmYgMTI1Ni81LzEgMTI1Ny82LzEgMTE1Ni83LzEgMTE1NS84LzEKZiAxMjU3LzUvMSAxMjU4LzYvMSAxMTU3LzcvMSAxMTU2LzgvMQpmIDEyNTgvMTMvMSAxMjU5LzE0LzEgMTE1OC8xNS8xIDExNTcvMTYvMQpmIDEyNTkvNS8xIDEyNjAvNi8xIDExNTkvNy8xIDExNTgvOC8xCmYgMTI2MC81LzEgMTI2MS82LzEgMTE2MC83LzEgMTE1OS84LzEKZiAxMjYxLzEvMSAxMjYyLzIvMSAxMTYxLzMvMSAxMTYwLzQvMQpmIDEyNjIvMTMvMSAxMjYzLzE0LzEgMTE2Mi8xNS8xIDExNjEvMTYvMQpmIDEyNjMvMS8xIDEyNjQvMi8xIDExNjMvMy8xIDExNjIvNC8xCmYgMTI2NC8xLzEgMTI2NS8yLzEgMTE2NC8zLzEgMTE2My80LzEKZiAxMjY1LzEvMSAxMjY2LzIvMSAxMTY1LzMvMSAxMTY0LzQvMQpmIDEyNjYvOS8xIDEyNjcvMTAvMSAxMTY2LzExLzEgMTE2NS8xMi8xCmYgMTI2Ny8xLzEgMTI2OC8yLzEgMTE2Ny8zLzEgMTE2Ni80LzEKZiAxMjY4LzEvMSAxMjY5LzIvMSAxMTY4LzMvMSAxMTY3LzQvMQpmIDEyNjkvMS8xIDEyNzAvMi8xIDExNjkvMy8xIDExNjgvNC8xCmYgMTI3MC8xLzEgMTI3MS8yLzEgMTE3MC8zLzEgMTE2OS80LzEKZiAxMjcxLzEvMSAxMjcyLzIvMSAxMTcxLzMvMSAxMTcwLzQvMQpmIDEyNzIvMS8xIDEyNzMvMi8xIDExNzIvMy8xIDExNzEvNC8xCmYgMTI3My8xLzEgMTI3NC8yLzEgMTE3My8zLzEgMTE3Mi80LzEKZiAxMjc0LzEvMSAxMjc1LzIvMSAxMTc0LzMvMSAxMTczLzQvMQpmIDEyNzUvMS8xIDEyNzYvMi8xIDExNzUvMy8xIDExNzQvNC8xCmYgMTI3Ni8xLzEgMTI3Ny8yLzEgMTE3Ni8zLzEgMTE3NS80LzEKZiAxMjc3LzEvMSAxMjc4LzIvMSAxMTc3LzMvMSAxMTc2LzQvMQpmIDEyNzgvMS8xIDEyNzkvMi8xIDExNzgvMy8xIDExNzcvNC8xCmYgMTI3OS8xLzEgMTI4MC8yLzEgMTE3OS8zLzEgMTE3OC80LzEKZiAxMjgwLzEvMSAxMjgxLzIvMSAxMTgwLzMvMSAxMTc5LzQvMQpmIDEyODEvMS8xIDEyODIvMi8xIDExODEvMy8xIDExODAvNC8xCmYgMTI4Mi8xLzEgMTI4My8yLzEgMTE4Mi8zLzEgMTE4MS80LzEKZiAxMjgzLzEvMSAxMjg0LzIvMSAxMTgzLzMvMSAxMTgyLzQvMQpmIDEyODQvMS8xIDEyODUvMi8xIDExODQvMy8xIDExODMvNC8xCmYgMTI4NS8xLzEgMTI4Ni8yLzEgMTE4NS8zLzEgMTE4NC80LzEKZiAxMjg2LzEvMSAxMjg3LzIvMSAxMTg2LzMvMSAxMTg1LzQvMQpmIDEyODcvMS8xIDEyODgvMi8xIDExODcvMy8xIDExODYvNC8xCmYgMTI4OC8xLzEgMTI4OS8yLzEgMTE4OC8zLzEgMTE4Ny80LzEKZiAxMjg5LzEvMSAxMjkwLzIvMSAxMTg5LzMvMSAxMTg4LzQvMQpmIDEyOTAvMS8xIDEyOTEvMi8xIDExOTAvMy8xIDExODkvNC8xCmYgMTI5MS8xLzEgMTI5Mi8yLzEgMTE5MS8zLzEgMTE5MC80LzEKZiAxMjkyLzEvMSAxMjkzLzIvMSAxMTkyLzMvMSAxMTkxLzQvMQpmIDEyOTMvMS8xIDEyOTQvMi8xIDExOTMvMy8xIDExOTIvNC8xCmYgMTI5NC8xLzEgMTI5NS8yLzEgMTE5NC8zLzEgMTE5My80LzEKZiAxMjk1LzEvMSAxMjk2LzIvMSAxMTk1LzMvMSAxMTk0LzQvMQpmIDEyOTYvMS8xIDEyOTcvMi8xIDExOTYvMy8xIDExOTUvNC8xCmYgMTI5Ny8xLzEgMTI5OC8yLzEgMTE5Ny8zLzEgMTE5Ni80LzEKZiAxMjk4LzEvMSAxMjk5LzIvMSAxMTk4LzMvMSAxMTk3LzQvMQpmIDEyOTkvMS8xIDEzMDAvMi8xIDExOTkvMy8xIDExOTgvNC8xCmYgMTMwMC8xLzEgMTMwMS8yLzEgMTIwMC8zLzEgMTE5OS80LzEKZiAxMzAxLzEvMSAxMzAyLzIvMSAxMjAxLzMvMSAxMjAwLzQvMQpmIDEzMDIvMS8xIDEzMDMvMi8xIDEyMDIvMy8xIDEyMDEvNC8xCmYgMTMwMy8xLzEgMTMwNC8yLzEgMTIwMy8zLzEgMTIwMi80LzEKZiAxMzA0LzEvMSAxMzA1LzIvMSAxMjA0LzMvMSAxMjAzLzQvMQpmIDEzMDUvMS8xIDEzMDYvMi8xIDEyMDUvMy8xIDEyMDQvNC8xCmYgMTMwNi8xLzEgMTMwNy8yLzEgMTIwNi8zLzEgMTIwNS80LzEKZiAxMzA3LzEvMSAxMzA4LzIvMSAxMjA3LzMvMSAxMjA2LzQvMQpmIDEzMDgvMS8xIDEzMDkvMi8xIDEyMDgvMy8xIDEyMDcvNC8xCmYgMTMwOS8xLzEgMTMxMC8yLzEgMTIwOS8zLzEgMTIwOC80LzEKZiAxMzEwLzEvMSAxMzExLzIvMSAxMjEwLzMvMSAxMjA5LzQvMQpmIDEzMTEvMS8xIDEzMTIvMi8xIDEyMTEvMy8xIDEyMTAvNC8xCmYgMTMxMi8xLzEgMTMxMy8yLzEgMTIxMi8zLzEgMTIxMS80LzEKZiAxMzE0LzEvMSAxMzE1LzIvMSAxMjE0LzMvMSAxMjEzLzQvMQpmIDEzMTUvMS8xIDEzMTYvMi8xIDEyMTUvMy8xIDEyMTQvNC8xCmYgMTMxNi8xLzEgMTMxNy8yLzEgMTIxNi8zLzEgMTIxNS80LzEKZiAxMzE3LzEvMSAxMzE4LzIvMSAxMjE3LzMvMSAxMjE2LzQvMQpmIDEzMTgvMS8xIDEzMTkvMi8xIDEyMTgvMy8xIDEyMTcvNC8xCmYgMTMxOS8xLzEgMTMyMC8yLzEgMTIxOS8zLzEgMTIxOC80LzEKZiAxMzIwLzEvMSAxMzIxLzIvMSAxMjIwLzMvMSAxMjE5LzQvMQpmIDEzMjEvMS8xIDEzMjIvMi8xIDEyMjEvMy8xIDEyMjAvNC8xCmYgMTMyMi8xLzEgMTMyMy8yLzEgMTIyMi8zLzEgMTIyMS80LzEKZiAxMzIzLzEvMSAxMzI0LzIvMSAxMjIzLzMvMSAxMjIyLzQvMQpmIDEzMjQvMS8xIDEzMjUvMi8xIDEyMjQvMy8xIDEyMjMvNC8xCmYgMTMyNS8xLzEgMTMyNi8yLzEgMTIyNS8zLzEgMTIyNC80LzEKZiAxMzI2LzEvMSAxMzI3LzIvMSAxMjI2LzMvMSAxMjI1LzQvMQpmIDEzMjcvMS8xIDEzMjgvMi8xIDEyMjcvMy8xIDEyMjYvNC8xCmYgMTMyOC8xLzEgMTMyOS8yLzEgMTIyOC8zLzEgMTIyNy80LzEKZiAxMzI5LzkvMSAxMzMwLzEwLzEgMTIyOS8xMS8xIDEyMjgvMTIvMQpmIDEzMzAvMS8xIDEzMzEvMi8xIDEyMzAvMy8xIDEyMjkvNC8xCmYgMTMzMS8xLzEgMTMzMi8yLzEgMTIzMS8zLzEgMTIzMC80LzEKZiAxMzMyLzEvMSAxMzMzLzIvMSAxMjMyLzMvMSAxMjMxLzQvMQpmIDEzMzMvMS8xIDEzMzQvMi8xIDEyMzMvMy8xIDEyMzIvNC8xCmYgMTMzNC85LzEgMTMzNS8xMC8xIDEyMzQvMTEvMSAxMjMzLzEyLzEKZiAxMzM1LzEzLzEgMTMzNi8xNC8xIDEyMzUvMTUvMSAxMjM0LzE2LzEKZiAxMzM2LzUvMSAxMzM3LzYvMSAxMjM2LzcvMSAxMjM1LzgvMQpmIDEzMzcvMS8xIDEzMzgvMi8xIDEyMzcvMy8xIDEyMzYvNC8xCmYgMTMzOC8xLzEgMTMzOS8yLzEgMTIzOC8zLzEgMTIzNy80LzEKZiAxMzM5LzUvMSAxMzQwLzYvMSAxMjM5LzcvMSAxMjM4LzgvMQpmIDEzNDAvMTMvMSAxMzQxLzE0LzEgMTI0MC8xNS8xIDEyMzkvMTYvMQpmIDEzNDEvMTMvMSAxMzQyLzE0LzEgMTI0MS8xNS8xIDEyNDAvMTYvMQpmIDEzNDIvOS8xIDEzNDMvMTAvMSAxMjQyLzExLzEgMTI0MS8xMi8xCmYgMTM0My81LzEgMTM0NC82LzEgMTI0My83LzEgMTI0Mi84LzEKZiAxMzQ0LzkvMSAxMzQ1LzEwLzEgMTI0NC8xMS8xIDEyNDMvMTIvMQpmIDEzNDUvNS8xIDEzNDYvNi8xIDEyNDUvNy8xIDEyNDQvOC8xCmYgMTM0Ni8xMy8xIDEzNDcvMTQvMSAxMjQ2LzE1LzEgMTI0NS8xNi8xCmYgMTM0Ny81LzEgMTM0OC82LzEgMTI0Ny83LzEgMTI0Ni84LzEKZiAxMzQ4LzUvMSAxMzQ5LzYvMSAxMjQ4LzcvMSAxMjQ3LzgvMQpmIDEzNDkvMS8xIDEzNTAvMi8xIDEyNDkvMy8xIDEyNDgvNC8xCmYgMTM1MC8xMy8xIDEzNTEvMTQvMSAxMjUwLzE1LzEgMTI0OS8xNi8xCmYgMTM1MS8xMy8xIDEzNTIvMTQvMSAxMjUxLzE1LzEgMTI1MC8xNi8xCmYgMTM1Mi85LzEgMTM1My8xMC8xIDEyNTIvMTEvMSAxMjUxLzEyLzEKZiAxMzUzLzEzLzEgMTM1NC8xNC8xIDEyNTMvMTUvMSAxMjUyLzE2LzEKZiAxMzU0LzkvMSAxMzU1LzEwLzEgMTI1NC8xMS8xIDEyNTMvMTIvMQpmIDEzNTUvMTMvMSAxMzU2LzE0LzEgMTI1NS8xNS8xIDEyNTQvMTYvMQpmIDEzNTYvOS8xIDEzNTcvMTAvMSAxMjU2LzExLzEgMTI1NS8xMi8xCmYgMTM1Ny85LzEgMTM1OC8xMC8xIDEyNTcvMTEvMSAxMjU2LzEyLzEKZiAxMzU4LzkvMSAxMzU5LzEwLzEgMTI1OC8xMS8xIDEyNTcvMTIvMQpmIDEzNTkvOS8xIDEzNjAvMTAvMSAxMjU5LzExLzEgMTI1OC8xMi8xCmYgMTM2MC8xLzEgMTM2MS8yLzEgMTI2MC8zLzEgMTI1OS80LzEKZiAxMzYxLzEvMSAxMzYyLzIvMSAxMjYxLzMvMSAxMjYwLzQvMQpmIDEzNjIvNS8xIDEzNjMvNi8xIDEyNjIvNy8xIDEyNjEvOC8xCmYgMTM2My8xMy8xIDEzNjQvMTQvMSAxMjYzLzE1LzEgMTI2Mi8xNi8xCmYgMTM2NC8xMy8xIDEzNjUvMTQvMSAxMjY0LzE1LzEgMTI2My8xNi8xCmYgMTM2NS8xLzEgMTM2Ni8yLzEgMTI2NS8zLzEgMTI2NC80LzEKZiAxMzY2LzkvMSAxMzY3LzEwLzEgMTI2Ni8xMS8xIDEyNjUvMTIvMQpmIDEzNjcvNS8xIDEzNjgvNi8xIDEyNjcvNy8xIDEyNjYvOC8xCmYgMTM2OC8xLzEgMTM2OS8yLzEgMTI2OC8zLzEgMTI2Ny80LzEKZiAxMzY5LzEvMSAxMzcwLzIvMSAxMjY5LzMvMSAxMjY4LzQvMQpmIDEzNzAvMS8xIDEzNzEvMi8xIDEyNzAvMy8xIDEyNjkvNC8xCmYgMTM3MS8xLzEgMTM3Mi8yLzEgMTI3MS8zLzEgMTI3MC80LzEKZiAxMzcyLzEvMSAxMzczLzIvMSAxMjcyLzMvMSAxMjcxLzQvMQpmIDEzNzMvMS8xIDEzNzQvMi8xIDEyNzMvMy8xIDEyNzIvNC8xCmYgMTM3NC8xLzEgMTM3NS8yLzEgMTI3NC8zLzEgMTI3My80LzEKZiAxMzc1LzEvMSAxMzc2LzIvMSAxMjc1LzMvMSAxMjc0LzQvMQpmIDEzNzYvMS8xIDEzNzcvMi8xIDEyNzYvMy8xIDEyNzUvNC8xCmYgMTM3Ny8xLzEgMTM3OC8yLzEgMTI3Ny8zLzEgMTI3Ni80LzEKZiAxMzc4LzEvMSAxMzc5LzIvMSAxMjc4LzMvMSAxMjc3LzQvMQpmIDEzNzkvMS8xIDEzODAvMi8xIDEyNzkvMy8xIDEyNzgvNC8xCmYgMTM4MC8xLzEgMTM4MS8yLzEgMTI4MC8zLzEgMTI3OS80LzEKZiAxMzgxLzEvMSAxMzgyLzIvMSAxMjgxLzMvMSAxMjgwLzQvMQpmIDEzODIvMS8xIDEzODMvMi8xIDEyODIvMy8xIDEyODEvNC8xCmYgMTM4My8xLzEgMTM4NC8yLzEgMTI4My8zLzEgMTI4Mi80LzEKZiAxMzg0LzEvMSAxMzg1LzIvMSAxMjg0LzMvMSAxMjgzLzQvMQpmIDEzODUvMS8xIDEzODYvMi8xIDEyODUvMy8xIDEyODQvNC8xCmYgMTM4Ni8xLzEgMTM4Ny8yLzEgMTI4Ni8zLzEgMTI4NS80LzEKZiAxMzg3LzEvMSAxMzg4LzIvMSAxMjg3LzMvMSAxMjg2LzQvMQpmIDEzODgvMS8xIDEzODkvMi8xIDEyODgvMy8xIDEyODcvNC8xCmYgMTM4OS8xLzEgMTM5MC8yLzEgMTI4OS8zLzEgMTI4OC80LzEKZiAxMzkwLzEvMSAxMzkxLzIvMSAxMjkwLzMvMSAxMjg5LzQvMQpmIDEzOTEvMS8xIDEzOTIvMi8xIDEyOTEvMy8xIDEyOTAvNC8xCmYgMTM5Mi8xLzEgMTM5My8yLzEgMTI5Mi8zLzEgMTI5MS80LzEKZiAxMzkzLzEvMSAxMzk0LzIvMSAxMjkzLzMvMSAxMjkyLzQvMQpmIDEzOTQvMS8xIDEzOTUvMi8xIDEyOTQvMy8xIDEyOTMvNC8xCmYgMTM5NS8xLzEgMTM5Ni8yLzEgMTI5NS8zLzEgMTI5NC80LzEKZiAxMzk2LzEvMSAxMzk3LzIvMSAxMjk2LzMvMSAxMjk1LzQvMQpmIDEzOTcvMS8xIDEzOTgvMi8xIDEyOTcvMy8xIDEyOTYvNC8xCmYgMTM5OC8xLzEgMTM5OS8yLzEgMTI5OC8zLzEgMTI5Ny80LzEKZiAxMzk5LzEvMSAxNDAwLzIvMSAxMjk5LzMvMSAxMjk4LzQvMQpmIDE0MDAvMS8xIDE0MDEvMi8xIDEzMDAvMy8xIDEyOTkvNC8xCmYgMTQwMS8xLzEgMTQwMi8yLzEgMTMwMS8zLzEgMTMwMC80LzEKZiAxNDAyLzEvMSAxNDAzLzIvMSAxMzAyLzMvMSAxMzAxLzQvMQpmIDE0MDMvMS8xIDE0MDQvMi8xIDEzMDMvMy8xIDEzMDIvNC8xCmYgMTQwNC8xLzEgMTQwNS8yLzEgMTMwNC8zLzEgMTMwMy80LzEKZiAxNDA1LzEvMSAxNDA2LzIvMSAxMzA1LzMvMSAxMzA0LzQvMQpmIDE0MDYvMS8xIDE0MDcvMi8xIDEzMDYvMy8xIDEzMDUvNC8xCmYgMTQwNy8xLzEgMTQwOC8yLzEgMTMwNy8zLzEgMTMwNi80LzEKZiAxNDA4LzEvMSAxNDA5LzIvMSAxMzA4LzMvMSAxMzA3LzQvMQpmIDE0MDkvMS8xIDE0MTAvMi8xIDEzMDkvMy8xIDEzMDgvNC8xCmYgMTQxMC8xLzEgMTQxMS8yLzEgMTMxMC8zLzEgMTMwOS80LzEKZiAxNDExLzEvMSAxNDEyLzIvMSAxMzExLzMvMSAxMzEwLzQvMQpmIDE0MTIvMS8xIDE0MTMvMi8xIDEzMTIvMy8xIDEzMTEvNC8xCmYgMTQxMy8xLzEgMTQxNC8yLzEgMTMxMy8zLzEgMTMxMi80LzEKZiAxNDE1LzEvMSAxNDE2LzIvMSAxMzE1LzMvMSAxMzE0LzQvMQpmIDE0MTYvMS8xIDE0MTcvMi8xIDEzMTYvMy8xIDEzMTUvNC8xCmYgMTQxNy8xLzEgMTQxOC8yLzEgMTMxNy8zLzEgMTMxNi80LzEKZiAxNDE4LzEvMSAxNDE5LzIvMSAxMzE4LzMvMSAxMzE3LzQvMQpmIDE0MTkvMS8xIDE0MjAvMi8xIDEzMTkvMy8xIDEzMTgvNC8xCmYgMTQyMC8xLzEgMTQyMS8yLzEgMTMyMC8zLzEgMTMxOS80LzEKZiAxNDIxLzEvMSAxNDIyLzIvMSAxMzIxLzMvMSAxMzIwLzQvMQpmIDE0MjIvMS8xIDE0MjMvMi8xIDEzMjIvMy8xIDEzMjEvNC8xCmYgMTQyMy8xLzEgMTQyNC8yLzEgMTMyMy8zLzEgMTMyMi80LzEKZiAxNDI0LzEvMSAxNDI1LzIvMSAxMzI0LzMvMSAxMzIzLzQvMQpmIDE0MjUvMS8xIDE0MjYvMi8xIDEzMjUvMy8xIDEzMjQvNC8xCmYgMTQyNi8xLzEgMTQyNy8yLzEgMTMyNi8zLzEgMTMyNS80LzEKZiAxNDI3LzEvMSAxNDI4LzIvMSAxMzI3LzMvMSAxMzI2LzQvMQpmIDE0MjgvMS8xIDE0MjkvMi8xIDEzMjgvMy8xIDEzMjcvNC8xCmYgMTQyOS81LzEgMTQzMC82LzEgMTMyOS83LzEgMTMyOC84LzEKZiAxNDMwLzEzLzEgMTQzMS8xNC8xIDEzMzAvMTUvMSAxMzI5LzE2LzEKZiAxNDMxLzEvMSAxNDMyLzIvMSAxMzMxLzMvMSAxMzMwLzQvMQpmIDE0MzIvMS8xIDE0MzMvMi8xIDEzMzIvMy8xIDEzMzEvNC8xCmYgMTQzMy8xLzEgMTQzNC8yLzEgMTMzMy8zLzEgMTMzMi80LzEKZiAxNDM0LzEvMSAxNDM1LzIvMSAxMzM0LzMvMSAxMzMzLzQvMQpmIDE0MzUvMS8xIDE0MzYvMi8xIDEzMzUvMy8xIDEzMzQvNC8xCmYgMTQzNi8xLzEgMTQzNy8yLzEgMTMzNi8zLzEgMTMzNS80LzEKZiAxNDM3LzkvMSAxNDM4LzEwLzEgMTMzNy8xMS8xIDEzMzYvMTIvMQpmIDE0MzgvOS8xIDE0MzkvMTAvMSAxMzM4LzExLzEgMTMzNy8xMi8xCmYgMTQzOS81LzEgMTQ0MC82LzEgMTMzOS83LzEgMTMzOC84LzEKZiAxNDQwLzUvMSAxNDQxLzYvMSAxMzQwLzcvMSAxMzM5LzgvMQpmIDE0NDEvMTMvMSAxNDQyLzE0LzEgMTM0MS8xNS8xIDEzNDAvMTYvMQpmIDE0NDIvMS8xIDE0NDMvMi8xIDEzNDIvMy8xIDEzNDEvNC8xCmYgMTQ0My8xMy8xIDE0NDQvMTQvMSAxMzQzLzE1LzEgMTM0Mi8xNi8xCmYgMTQ0NC81LzEgMTQ0NS82LzEgMTM0NC83LzEgMTM0My84LzEKZiAxNDQ1LzEzLzEgMTQ0Ni8xNC8xIDEzNDUvMTUvMSAxMzQ0LzE2LzEKZiAxNDQ2LzUvMSAxNDQ3LzYvMSAxMzQ2LzcvMSAxMzQ1LzgvMQpmIDE0NDcvOS8xIDE0NDgvMTAvMSAxMzQ3LzExLzEgMTM0Ni8xMi8xCmYgMTQ0OC8xMy8xIDE0NDkvMTQvMSAxMzQ4LzE1LzEgMTM0Ny8xNi8xCmYgMTQ0OS85LzEgMTQ1MC8xMC8xIDEzNDkvMTEvMSAxMzQ4LzEyLzEKZiAxNDUwLzUvMSAxNDUxLzYvMSAxMzUwLzcvMSAxMzQ5LzgvMQpmIDE0NTEvNS8xIDE0NTIvNi8xIDEzNTEvNy8xIDEzNTAvOC8xCmYgMTQ1Mi85LzEgMTQ1My8xMC8xIDEzNTIvMTEvMSAxMzUxLzEyLzEKZiAxNDUzLzkvMSAxNDU0LzEwLzEgMTM1My8xMS8xIDEzNTIvMTIvMQpmIDE0NTQvMTMvMSAxNDU1LzE0LzEgMTM1NC8xNS8xIDEzNTMvMTYvMQpmIDE0NTUvNS8xIDE0NTYvNi8xIDEzNTUvNy8xIDEzNTQvOC8xCmYgMTQ1Ni8xMy8xIDE0NTcvMTQvMSAxMzU2LzE1LzEgMTM1NS8xNi8xCmYgMTQ1Ny81LzEgMTQ1OC82LzEgMTM1Ny83LzEgMTM1Ni84LzEKZiAxNDU4LzUvMSAxNDU5LzYvMSAxMzU4LzcvMSAxMzU3LzgvMQpmIDE0NTkvMS8xIDE0NjAvMi8xIDEzNTkvMy8xIDEzNTgvNC8xCmYgMTQ2MC85LzEgMTQ2MS8xMC8xIDEzNjAvMTEvMSAxMzU5LzEyLzEKZiAxNDYxLzUvMSAxNDYyLzYvMSAxMzYxLzcvMSAxMzYwLzgvMQpmIDE0NjIvOS8xIDE0NjMvMTAvMSAxMzYyLzExLzEgMTM2MS8xMi8xCmYgMTQ2My8xLzEgMTQ2NC8yLzEgMTM2My8zLzEgMTM2Mi80LzEKZiAxNDY0LzEvMSAxNDY1LzIvMSAxMzY0LzMvMSAxMzYzLzQvMQpmIDE0NjUvMTMvMSAxNDY2LzE0LzEgMTM2NS8xNS8xIDEzNjQvMTYvMQpmIDE0NjYvOS8xIDE0NjcvMTAvMSAxMzY2LzExLzEgMTM2NS8xMi8xCmYgMTQ2Ny81LzEgMTQ2OC82LzEgMTM2Ny83LzEgMTM2Ni84LzEKZiAxNDY4LzEvMSAxNDY5LzIvMSAxMzY4LzMvMSAxMzY3LzQvMQpmIDE0NjkvMS8xIDE0NzAvMi8xIDEzNjkvMy8xIDEzNjgvNC8xCmYgMTQ3MC8xLzEgMTQ3MS8yLzEgMTM3MC8zLzEgMTM2OS80LzEKZiAxNDcxLzEvMSAxNDcyLzIvMSAxMzcxLzMvMSAxMzcwLzQvMQpmIDE0NzIvMS8xIDE0NzMvMi8xIDEzNzIvMy8xIDEzNzEvNC8xCmYgMTQ3My8xLzEgMTQ3NC8yLzEgMTM3My8zLzEgMTM3Mi80LzEKZiAxNDc0LzEvMSAxNDc1LzIvMSAxMzc0LzMvMSAxMzczLzQvMQpmIDE0NzUvMS8xIDE0NzYvMi8xIDEzNzUvMy8xIDEzNzQvNC8xCmYgMTQ3Ni8xLzEgMTQ3Ny8yLzEgMTM3Ni8zLzEgMTM3NS80LzEKZiAxNDc3LzEvMSAxNDc4LzIvMSAxMzc3LzMvMSAxMzc2LzQvMQpmIDE0NzgvMS8xIDE0NzkvMi8xIDEzNzgvMy8xIDEzNzcvNC8xCmYgMTQ3OS8xLzEgMTQ4MC8yLzEgMTM3OS8zLzEgMTM3OC80LzEKZiAxNDgwLzEvMSAxNDgxLzIvMSAxMzgwLzMvMSAxMzc5LzQvMQpmIDE0ODEvMS8xIDE0ODIvMi8xIDEzODEvMy8xIDEzODAvNC8xCmYgMTQ4Mi8xLzEgMTQ4My8yLzEgMTM4Mi8zLzEgMTM4MS80LzEKZiAxNDgzLzEvMSAxNDg0LzIvMSAxMzgzLzMvMSAxMzgyLzQvMQpmIDE0ODQvMS8xIDE0ODUvMi8xIDEzODQvMy8xIDEzODMvNC8xCmYgMTQ4NS8xLzEgMTQ4Ni8yLzEgMTM4NS8zLzEgMTM4NC80LzEKZiAxNDg2LzEvMSAxNDg3LzIvMSAxMzg2LzMvMSAxMzg1LzQvMQpmIDE0ODcvMS8xIDE0ODgvMi8xIDEzODcvMy8xIDEzODYvNC8xCmYgMTQ4OC8xLzEgMTQ4OS8yLzEgMTM4OC8zLzEgMTM4Ny80LzEKZiAxNDg5LzEvMSAxNDkwLzIvMSAxMzg5LzMvMSAxMzg4LzQvMQpmIDE0OTAvMS8xIDE0OTEvMi8xIDEzOTAvMy8xIDEzODkvNC8xCmYgMTQ5MS8xLzEgMTQ5Mi8yLzEgMTM5MS8zLzEgMTM5MC80LzEKZiAxNDkyLzEvMSAxNDkzLzIvMSAxMzkyLzMvMSAxMzkxLzQvMQpmIDE0OTMvMS8xIDE0OTQvMi8xIDEzOTMvMy8xIDEzOTIvNC8xCmYgMTQ5NC8xLzEgMTQ5NS8yLzEgMTM5NC8zLzEgMTM5My80LzEKZiAxNDk1LzEvMSAxNDk2LzIvMSAxMzk1LzMvMSAxMzk0LzQvMQpmIDE0OTYvMS8xIDE0OTcvMi8xIDEzOTYvMy8xIDEzOTUvNC8xCmYgMTQ5Ny8xLzEgMTQ5OC8yLzEgMTM5Ny8zLzEgMTM5Ni80LzEKZiAxNDk4LzEvMSAxNDk5LzIvMSAxMzk4LzMvMSAxMzk3LzQvMQpmIDE0OTkvMS8xIDE1MDAvMi8xIDEzOTkvMy8xIDEzOTgvNC8xCmYgMTUwMC8xLzEgMTUwMS8yLzEgMTQwMC8zLzEgMTM5OS80LzEKZiAxNTAxLzEvMSAxNTAyLzIvMSAxNDAxLzMvMSAxNDAwLzQvMQpmIDE1MDIvMS8xIDE1MDMvMi8xIDE0MDIvMy8xIDE0MDEvNC8xCmYgMTUwMy8xLzEgMTUwNC8yLzEgMTQwMy8zLzEgMTQwMi80LzEKZiAxNTA0LzEvMSAxNTA1LzIvMSAxNDA0LzMvMSAxNDAzLzQvMQpmIDE1MDUvMS8xIDE1MDYvMi8xIDE0MDUvMy8xIDE0MDQvNC8xCmYgMTUwNi8xLzEgMTUwNy8yLzEgMTQwNi8zLzEgMTQwNS80LzEKZiAxNTA3LzEvMSAxNTA4LzIvMSAxNDA3LzMvMSAxNDA2LzQvMQpmIDE1MDgvMS8xIDE1MDkvMi8xIDE0MDgvMy8xIDE0MDcvNC8xCmYgMTUwOS8xLzEgMTUxMC8yLzEgMTQwOS8zLzEgMTQwOC80LzEKZiAxNTEwLzEvMSAxNTExLzIvMSAxNDEwLzMvMSAxNDA5LzQvMQpmIDE1MTEvMS8xIDE1MTIvMi8xIDE0MTEvMy8xIDE0MTAvNC8xCmYgMTUxMi8xLzEgMTUxMy8yLzEgMTQxMi8zLzEgMTQxMS80LzEKZiAxNTEzLzEvMSAxNTE0LzIvMSAxNDEzLzMvMSAxNDEyLzQvMQpmIDE1MTQvMS8xIDE1MTUvMi8xIDE0MTQvMy8xIDE0MTMvNC8xCmYgMTUxNi8xLzEgMTUxNy8yLzEgMTQxNi8zLzEgMTQxNS80LzEKZiAxNTE3LzEvMSAxNTE4LzIvMSAxNDE3LzMvMSAxNDE2LzQvMQpmIDE1MTgvMS8xIDE1MTkvMi8xIDE0MTgvMy8xIDE0MTcvNC8xCmYgMTUxOS8xLzEgMTUyMC8yLzEgMTQxOS8zLzEgMTQxOC80LzEKZiAxNTIwLzEvMSAxNTIxLzIvMSAxNDIwLzMvMSAxNDE5LzQvMQpmIDE1MjEvMS8xIDE1MjIvMi8xIDE0MjEvMy8xIDE0MjAvNC8xCmYgMTUyMi8xLzEgMTUyMy8yLzEgMTQyMi8zLzEgMTQyMS80LzEKZiAxNTIzLzEvMSAxNTI0LzIvMSAxNDIzLzMvMSAxNDIyLzQvMQpmIDE1MjQvMS8xIDE1MjUvMi8xIDE0MjQvMy8xIDE0MjMvNC8xCmYgMTUyNS8xLzEgMTUyNi8yLzEgMTQyNS8zLzEgMTQyNC80LzEKZiAxNTI2LzEvMSAxNTI3LzIvMSAxNDI2LzMvMSAxNDI1LzQvMQpmIDE1MjcvMS8xIDE1MjgvMi8xIDE0MjcvMy8xIDE0MjYvNC8xCmYgMTUyOC8xLzEgMTUyOS8yLzEgMTQyOC8zLzEgMTQyNy80LzEKZiAxNTI5LzEvMSAxNTMwLzIvMSAxNDI5LzMvMSAxNDI4LzQvMQpmIDE1MzAvOS8xIDE1MzEvMTAvMSAxNDMwLzExLzEgMTQyOS8xMi8xCmYgMTUzMS8xLzEgMTUzMi8yLzEgMTQzMS8zLzEgMTQzMC80LzEKZiAxNTMyLzEvMSAxNTMzLzIvMSAxNDMyLzMvMSAxNDMxLzQvMQpmIDE1MzMvMS8xIDE1MzQvMi8xIDE0MzMvMy8xIDE0MzIvNC8xCmYgMTUzNC8xLzEgMTUzNS8yLzEgMTQzNC8zLzEgMTQzMy80LzEKZiAxNTM1LzEvMSAxNTM2LzIvMSAxNDM1LzMvMSAxNDM0LzQvMQpmIDE1MzYvMS8xIDE1MzcvMi8xIDE0MzYvMy8xIDE0MzUvNC8xCmYgMTUzNy8xLzEgMTUzOC8yLzEgMTQzNy8zLzEgMTQzNi80LzEKZiAxNTM4LzkvMSAxNTM5LzEwLzEgMTQzOC8xMS8xIDE0MzcvMTIvMQpmIDE1MzkvMTMvMSAxNTQwLzE0LzEgMTQzOS8xNS8xIDE0MzgvMTYvMQpmIDE1NDAvOS8xIDE1NDEvMTAvMSAxNDQwLzExLzEgMTQzOS8xMi8xCmYgMTU0MS85LzEgMTU0Mi8xMC8xIDE0NDEvMTEvMSAxNDQwLzEyLzEKZiAxNTQyLzEzLzEgMTU0My8xNC8xIDE0NDIvMTUvMSAxNDQxLzE2LzEKZiAxNTQzLzEvMSAxNTQ0LzIvMSAxNDQzLzMvMSAxNDQyLzQvMQpmIDE1NDQvMTMvMSAxNTQ1LzE0LzEgMTQ0NC8xNS8xIDE0NDMvMTYvMQpmIDE1NDUvOS8xIDE1NDYvMTAvMSAxNDQ1LzExLzEgMTQ0NC8xMi8xCmYgMTU0Ni85LzEgMTU0Ny8xMC8xIDE0NDYvMTEvMSAxNDQ1LzEyLzEKZiAxNTQ3LzEzLzEgMTU0OC8xNC8xIDE0NDcvMTUvMSAxNDQ2LzE2LzEKZiAxNTQ4LzUvMSAxNTQ5LzYvMSAxNDQ4LzcvMSAxNDQ3LzgvMQpmIDE1NDkvOS8xIDE1NTAvMTAvMSAxNDQ5LzExLzEgMTQ0OC8xMi8xCmYgMTU1MC85LzEgMTU1MS8xMC8xIDE0NTAvMTEvMSAxNDQ5LzEyLzEKZiAxNTUxLzEzLzEgMTU1Mi8xNC8xIDE0NTEvMTUvMSAxNDUwLzE2LzEKZiAxNTUyLzEzLzEgMTU1My8xNC8xIDE0NTIvMTUvMSAxNDUxLzE2LzEKZiAxNTUzLzkvMSAxNTU0LzEwLzEgMTQ1My8xMS8xIDE0NTIvMTIvMQpmIDE1NTQvNS8xIDE1NTUvNi8xIDE0NTQvNy8xIDE0NTMvOC8xCmYgMTU1NS81LzEgMTU1Ni82LzEgMTQ1NS83LzEgMTQ1NC84LzEKZiAxNTU2LzEzLzEgMTU1Ny8xNC8xIDE0NTYvMTUvMSAxNDU1LzE2LzEKZiAxNTU3LzEzLzEgMTU1OC8xNC8xIDE0NTcvMTUvMSAxNDU2LzE2LzEKZiAxNTU4LzEzLzEgMTU1OS8xNC8xIDE0NTgvMTUvMSAxNDU3LzE2LzEKZiAxNTU5LzEvMSAxNTYwLzIvMSAxNDU5LzMvMSAxNDU4LzQvMQpmIDE1NjAvMS8xIDE1NjEvMi8xIDE0NjAvMy8xIDE0NTkvNC8xCmYgMTU2MS8xMy8xIDE1NjIvMTQvMSAxNDYxLzE1LzEgMTQ2MC8xNi8xCmYgMTU2Mi8xMy8xIDE1NjMvMTQvMSAxNDYyLzE1LzEgMTQ2MS8xNi8xCmYgMTU2My85LzEgMTU2NC8xMC8xIDE0NjMvMTEvMSAxNDYyLzEyLzEKZiAxNTY0LzkvMSAxNTY1LzEwLzEgMTQ2NC8xMS8xIDE0NjMvMTIvMQpmIDE1NjUvMTMvMSAxNTY2LzE0LzEgMTQ2NS8xNS8xIDE0NjQvMTYvMQpmIDE1NjYvMTMvMSAxNTY3LzE0LzEgMTQ2Ni8xNS8xIDE0NjUvMTYvMQpmIDE1NjcvOS8xIDE1NjgvMTAvMSAxNDY3LzExLzEgMTQ2Ni8xMi8xCmYgMTU2OC8xLzEgMTU2OS8yLzEgMTQ2OC8zLzEgMTQ2Ny80LzEKZiAxNTY5LzEvMSAxNTcwLzIvMSAxNDY5LzMvMSAxNDY4LzQvMQpmIDE1NzAvMS8xIDE1NzEvMi8xIDE0NzAvMy8xIDE0NjkvNC8xCmYgMTU3MS8xLzEgMTU3Mi8yLzEgMTQ3MS8zLzEgMTQ3MC80LzEKZiAxNTcyLzEvMSAxNTczLzIvMSAxNDcyLzMvMSAxNDcxLzQvMQpmIDE1NzMvMS8xIDE1NzQvMi8xIDE0NzMvMy8xIDE0NzIvNC8xCmYgMTU3NC8xLzEgMTU3NS8yLzEgMTQ3NC8zLzEgMTQ3My80LzEKZiAxNTc1LzEvMSAxNTc2LzIvMSAxNDc1LzMvMSAxNDc0LzQvMQpmIDE1NzYvMS8xIDE1NzcvMi8xIDE0NzYvMy8xIDE0NzUvNC8xCmYgMTU3Ny8xLzEgMTU3OC8yLzEgMTQ3Ny8zLzEgMTQ3Ni80LzEKZiAxNTc4LzEvMSAxNTc5LzIvMSAxNDc4LzMvMSAxNDc3LzQvMQpmIDE1NzkvMS8xIDE1ODAvMi8xIDE0NzkvMy8xIDE0NzgvNC8xCmYgMTU4MC8xLzEgMTU4MS8yLzEgMTQ4MC8zLzEgMTQ3OS80LzEKZiAxNTgxLzEvMSAxNTgyLzIvMSAxNDgxLzMvMSAxNDgwLzQvMQpmIDE1ODIvMS8xIDE1ODMvMi8xIDE0ODIvMy8xIDE0ODEvNC8xCmYgMTU4My8xLzEgMTU4NC8yLzEgMTQ4My8zLzEgMTQ4Mi80LzEKZiAxNTg0LzEvMSAxNTg1LzIvMSAxNDg0LzMvMSAxNDgzLzQvMQpmIDE1ODUvMS8xIDE1ODYvMi8xIDE0ODUvMy8xIDE0ODQvNC8xCmYgMTU4Ni8xLzEgMTU4Ny8yLzEgMTQ4Ni8zLzEgMTQ4NS80LzEKZiAxNTg3LzEvMSAxNTg4LzIvMSAxNDg3LzMvMSAxNDg2LzQvMQpmIDE1ODgvMS8xIDE1ODkvMi8xIDE0ODgvMy8xIDE0ODcvNC8xCmYgMTU4OS8xLzEgMTU5MC8yLzEgMTQ4OS8zLzEgMTQ4OC80LzEKZiAxNTkwLzEvMSAxNTkxLzIvMSAxNDkwLzMvMSAxNDg5LzQvMQpmIDE1OTEvMS8xIDE1OTIvMi8xIDE0OTEvMy8xIDE0OTAvNC8xCmYgMTU5Mi8xLzEgMTU5My8yLzEgMTQ5Mi8zLzEgMTQ5MS80LzEKZiAxNTkzLzEvMSAxNTk0LzIvMSAxNDkzLzMvMSAxNDkyLzQvMQpmIDE1OTQvMS8xIDE1OTUvMi8xIDE0OTQvMy8xIDE0OTMvNC8xCmYgMTU5NS8xLzEgMTU5Ni8yLzEgMTQ5NS8zLzEgMTQ5NC80LzEKZiAxNTk2LzEvMSAxNTk3LzIvMSAxNDk2LzMvMSAxNDk1LzQvMQpmIDE1OTcvMS8xIDE1OTgvMi8xIDE0OTcvMy8xIDE0OTYvNC8xCmYgMTU5OC8xLzEgMTU5OS8yLzEgMTQ5OC8zLzEgMTQ5Ny80LzEKZiAxNTk5LzEvMSAxNjAwLzIvMSAxNDk5LzMvMSAxNDk4LzQvMQpmIDE2MDAvMS8xIDE2MDEvMi8xIDE1MDAvMy8xIDE0OTkvNC8xCmYgMTYwMS8xLzEgMTYwMi8yLzEgMTUwMS8zLzEgMTUwMC80LzEKZiAxNjAyLzEvMSAxNjAzLzIvMSAxNTAyLzMvMSAxNTAxLzQvMQpmIDE2MDMvMS8xIDE2MDQvMi8xIDE1MDMvMy8xIDE1MDIvNC8xCmYgMTYwNC8xLzEgMTYwNS8yLzEgMTUwNC8zLzEgMTUwMy80LzEKZiAxNjA1LzEvMSAxNjA2LzIvMSAxNTA1LzMvMSAxNTA0LzQvMQpmIDE2MDYvMS8xIDE2MDcvMi8xIDE1MDYvMy8xIDE1MDUvNC8xCmYgMTYwNy8xLzEgMTYwOC8yLzEgMTUwNy8zLzEgMTUwNi80LzEKZiAxNjA4LzEvMSAxNjA5LzIvMSAxNTA4LzMvMSAxNTA3LzQvMQpmIDE2MDkvMS8xIDE2MTAvMi8xIDE1MDkvMy8xIDE1MDgvNC8xCmYgMTYxMC8xLzEgMTYxMS8yLzEgMTUxMC8zLzEgMTUwOS80LzEKZiAxNjExLzEvMSAxNjEyLzIvMSAxNTExLzMvMSAxNTEwLzQvMQpmIDE2MTIvMS8xIDE2MTMvMi8xIDE1MTIvMy8xIDE1MTEvNC8xCmYgMTYxMy8xLzEgMTYxNC8yLzEgMTUxMy8zLzEgMTUxMi80LzEKZiAxNjE0LzEvMSAxNjE1LzIvMSAxNTE0LzMvMSAxNTEzLzQvMQpmIDE2MTUvMS8xIDE2MTYvMi8xIDE1MTUvMy8xIDE1MTQvNC8xCmYgMTYxNy8xLzEgMTYxOC8yLzEgMTUxNy8zLzEgMTUxNi80LzEKZiAxNjE4LzEvMSAxNjE5LzIvMSAxNTE4LzMvMSAxNTE3LzQvMQpmIDE2MTkvMS8xIDE2MjAvMi8xIDE1MTkvMy8xIDE1MTgvNC8xCmYgMTYyMC8xLzEgMTYyMS8yLzEgMTUyMC8zLzEgMTUxOS80LzEKZiAxNjIxLzEvMSAxNjIyLzIvMSAxNTIxLzMvMSAxNTIwLzQvMQpmIDE2MjIvMS8xIDE2MjMvMi8xIDE1MjIvMy8xIDE1MjEvNC8xCmYgMTYyMy8xLzEgMTYyNC8yLzEgMTUyMy8zLzEgMTUyMi80LzEKZiAxNjI0LzEvMSAxNjI1LzIvMSAxNTI0LzMvMSAxNTIzLzQvMQpmIDE2MjUvMS8xIDE2MjYvMi8xIDE1MjUvMy8xIDE1MjQvNC8xCmYgMTYyNi8xLzEgMTYyNy8yLzEgMTUyNi8zLzEgMTUyNS80LzEKZiAxNjI3LzEvMSAxNjI4LzIvMSAxNTI3LzMvMSAxNTI2LzQvMQpmIDE2MjgvMS8xIDE2MjkvMi8xIDE1MjgvMy8xIDE1MjcvNC8xCmYgMTYyOS8xLzEgMTYzMC8yLzEgMTUyOS8zLzEgMTUyOC80LzEKZiAxNjMwLzEvMSAxNjMxLzIvMSAxNTMwLzMvMSAxNTI5LzQvMQpmIDE2MzEvOS8xIDE2MzIvMTAvMSAxNTMxLzExLzEgMTUzMC8xMi8xCmYgMTYzMi8xLzEgMTYzMy8yLzEgMTUzMi8zLzEgMTUzMS80LzEKZiAxNjMzLzEvMSAxNjM0LzIvMSAxNTMzLzMvMSAxNTMyLzQvMQpmIDE2MzQvOS8xIDE2MzUvMTAvMSAxNTM0LzExLzEgMTUzMy8xMi8xCmYgMTYzNS85LzEgMTYzNi8xMC8xIDE1MzUvMTEvMSAxNTM0LzEyLzEKZiAxNjM2LzkvMSAxNjM3LzEwLzEgMTUzNi8xMS8xIDE1MzUvMTIvMQpmIDE2MzcvMTMvMSAxNjM4LzE0LzEgMTUzNy8xNS8xIDE1MzYvMTYvMQpmIDE2MzgvOS8xIDE2MzkvMTAvMSAxNTM4LzExLzEgMTUzNy8xMi8xCmYgMTYzOS81LzEgMTY0MC82LzEgMTUzOS83LzEgMTUzOC84LzEKZiAxNjQwLzEvMSAxNjQxLzIvMSAxNTQwLzMvMSAxNTM5LzQvMQpmIDE2NDEvMS8xIDE2NDIvMi8xIDE1NDEvMy8xIDE1NDAvNC8xCmYgMTY0Mi8xMy8xIDE2NDMvMTQvMSAxNTQyLzE1LzEgMTU0MS8xNi8xCmYgMTY0My81LzEgMTY0NC82LzEgMTU0My83LzEgMTU0Mi84LzEKZiAxNjQ0LzUvMSAxNjQ1LzYvMSAxNTQ0LzcvMSAxNTQzLzgvMQpmIDE2NDUvOS8xIDE2NDYvMTAvMSAxNTQ1LzExLzEgMTU0NC8xMi8xCmYgMTY0Ni81LzEgMTY0Ny82LzEgMTU0Ni83LzEgMTU0NS84LzEKZiAxNjQ3LzUvMSAxNjQ4LzYvMSAxNTQ3LzcvMSAxNTQ2LzgvMQpmIDE2NDgvOS8xIDE2NDkvMTAvMSAxNTQ4LzExLzEgMTU0Ny8xMi8xCmYgMTY0OS81LzEgMTY1MC82LzEgMTU0OS83LzEgMTU0OC84LzEKZiAxNjUwLzkvMSAxNjUxLzEwLzEgMTU1MC8xMS8xIDE1NDkvMTIvMQpmIDE2NTEvOS8xIDE2NTIvMTAvMSAxNTUxLzExLzEgMTU1MC8xMi8xCmYgMTY1Mi81LzEgMTY1My82LzEgMTU1Mi83LzEgMTU1MS84LzEKZiAxNjUzLzUvMSAxNjU0LzYvMSAxNTUzLzcvMSAxNTUyLzgvMQpmIDE2NTQvOS8xIDE2NTUvMTAvMSAxNTU0LzExLzEgMTU1My8xMi8xCmYgMTY1NS81LzEgMTY1Ni82LzEgMTU1NS83LzEgMTU1NC84LzEKZiAxNjU2LzEvMSAxNjU3LzIvMSAxNTU2LzMvMSAxNTU1LzQvMQpmIDE2NTcvMS8xIDE2NTgvMi8xIDE1NTcvMy8xIDE1NTYvNC8xCmYgMTY1OC81LzEgMTY1OS82LzEgMTU1OC83LzEgMTU1Ny84LzEKZiAxNjU5LzEzLzEgMTY2MC8xNC8xIDE1NTkvMTUvMSAxNTU4LzE2LzEKZiAxNjYwLzkvMSAxNjYxLzEwLzEgMTU2MC8xMS8xIDE1NTkvMTIvMQpmIDE2NjEvNS8xIDE2NjIvNi8xIDE1NjEvNy8xIDE1NjAvOC8xCmYgMTY2Mi85LzEgMTY2My8xMC8xIDE1NjIvMTEvMSAxNTYxLzEyLzEKZiAxNjYzLzkvMSAxNjY0LzEwLzEgMTU2My8xMS8xIDE1NjIvMTIvMQpmIDE2NjQvNS8xIDE2NjUvNi8xIDE1NjQvNy8xIDE1NjMvOC8xCmYgMTY2NS81LzEgMTY2Ni82LzEgMTU2NS83LzEgMTU2NC84LzEKZiAxNjY2LzkvMSAxNjY3LzEwLzEgMTU2Ni8xMS8xIDE1NjUvMTIvMQpmIDE2NjcvMTMvMSAxNjY4LzE0LzEgMTU2Ny8xNS8xIDE1NjYvMTYvMQpmIDE2NjgvMTMvMSAxNjY5LzE0LzEgMTU2OC8xNS8xIDE1NjcvMTYvMQpmIDE2NjkvMS8xIDE2NzAvMi8xIDE1NjkvMy8xIDE1NjgvNC8xCmYgMTY3MC8xLzEgMTY3MS8yLzEgMTU3MC8zLzEgMTU2OS80LzEKZiAxNjcxLzEvMSAxNjcyLzIvMSAxNTcxLzMvMSAxNTcwLzQvMQpmIDE2NzIvMS8xIDE2NzMvMi8xIDE1NzIvMy8xIDE1NzEvNC8xCmYgMTY3My8xLzEgMTY3NC8yLzEgMTU3My8zLzEgMTU3Mi80LzEKZiAxNjc0LzEvMSAxNjc1LzIvMSAxNTc0LzMvMSAxNTczLzQvMQpmIDE2NzUvMS8xIDE2NzYvMi8xIDE1NzUvMy8xIDE1NzQvNC8xCmYgMTY3Ni8xLzEgMTY3Ny8yLzEgMTU3Ni8zLzEgMTU3NS80LzEKZiAxNjc3LzEvMSAxNjc4LzIvMSAxNTc3LzMvMSAxNTc2LzQvMQpmIDE2NzgvMS8xIDE2NzkvMi8xIDE1NzgvMy8xIDE1NzcvNC8xCmYgMTY3OS8xLzEgMTY4MC8yLzEgMTU3OS8zLzEgMTU3OC80LzEKZiAxNjgwLzEvMSAxNjgxLzIvMSAxNTgwLzMvMSAxNTc5LzQvMQpmIDE2ODEvMS8xIDE2ODIvMi8xIDE1ODEvMy8xIDE1ODAvNC8xCmYgMTY4Mi8xLzEgMTY4My8yLzEgMTU4Mi8zLzEgMTU4MS80LzEKZiAxNjgzLzEvMSAxNjg0LzIvMSAxNTgzLzMvMSAxNTgyLzQvMQpmIDE2ODQvMS8xIDE2ODUvMi8xIDE1ODQvMy8xIDE1ODMvNC8xCmYgMTY4NS8xLzEgMTY4Ni8yLzEgMTU4NS8zLzEgMTU4NC80LzEKZiAxNjg2LzEvMSAxNjg3LzIvMSAxNTg2LzMvMSAxNTg1LzQvMQpmIDE2ODcvMS8xIDE2ODgvMi8xIDE1ODcvMy8xIDE1ODYvNC8xCmYgMTY4OC8xLzEgMTY4OS8yLzEgMTU4OC8zLzEgMTU4Ny80LzEKZiAxNjg5LzEvMSAxNjkwLzIvMSAxNTg5LzMvMSAxNTg4LzQvMQpmIDE2OTAvMS8xIDE2OTEvMi8xIDE1OTAvMy8xIDE1ODkvNC8xCmYgMTY5MS8xLzEgMTY5Mi8yLzEgMTU5MS8zLzEgMTU5MC80LzEKZiAxNjkyLzEvMSAxNjkzLzIvMSAxNTkyLzMvMSAxNTkxLzQvMQpmIDE2OTMvMS8xIDE2OTQvMi8xIDE1OTMvMy8xIDE1OTIvNC8xCmYgMTY5NC8xLzEgMTY5NS8yLzEgMTU5NC8zLzEgMTU5My80LzEKZiAxNjk1LzEvMSAxNjk2LzIvMSAxNTk1LzMvMSAxNTk0LzQvMQpmIDE2OTYvMS8xIDE2OTcvMi8xIDE1OTYvMy8xIDE1OTUvNC8xCmYgMTY5Ny8xLzEgMTY5OC8yLzEgMTU5Ny8zLzEgMTU5Ni80LzEKZiAxNjk4LzEvMSAxNjk5LzIvMSAxNTk4LzMvMSAxNTk3LzQvMQpmIDE2OTkvMS8xIDE3MDAvMi8xIDE1OTkvMy8xIDE1OTgvNC8xCmYgMTcwMC8xLzEgMTcwMS8yLzEgMTYwMC8zLzEgMTU5OS80LzEKZiAxNzAxLzEvMSAxNzAyLzIvMSAxNjAxLzMvMSAxNjAwLzQvMQpmIDE3MDIvMS8xIDE3MDMvMi8xIDE2MDIvMy8xIDE2MDEvNC8xCmYgMTcwMy8xLzEgMTcwNC8yLzEgMTYwMy8zLzEgMTYwMi80LzEKZiAxNzA0LzEvMSAxNzA1LzIvMSAxNjA0LzMvMSAxNjAzLzQvMQpmIDE3MDUvMS8xIDE3MDYvMi8xIDE2MDUvMy8xIDE2MDQvNC8xCmYgMTcwNi8xLzEgMTcwNy8yLzEgMTYwNi8zLzEgMTYwNS80LzEKZiAxNzA3LzEvMSAxNzA4LzIvMSAxNjA3LzMvMSAxNjA2LzQvMQpmIDE3MDgvMS8xIDE3MDkvMi8xIDE2MDgvMy8xIDE2MDcvNC8xCmYgMTcwOS8xLzEgMTcxMC8yLzEgMTYwOS8zLzEgMTYwOC80LzEKZiAxNzEwLzEvMSAxNzExLzIvMSAxNjEwLzMvMSAxNjA5LzQvMQpmIDE3MTEvMS8xIDE3MTIvMi8xIDE2MTEvMy8xIDE2MTAvNC8xCmYgMTcxMi8xLzEgMTcxMy8yLzEgMTYxMi8zLzEgMTYxMS80LzEKZiAxNzEzLzEvMSAxNzE0LzIvMSAxNjEzLzMvMSAxNjEyLzQvMQpmIDE3MTQvMS8xIDE3MTUvMi8xIDE2MTQvMy8xIDE2MTMvNC8xCmYgMTcxNS8xLzEgMTcxNi8yLzEgMTYxNS8zLzEgMTYxNC80LzEKZiAxNzE2LzEvMSAxNzE3LzIvMSAxNjE2LzMvMSAxNjE1LzQvMQpmIDE3MTgvMS8xIDE3MTkvMi8xIDE2MTgvMy8xIDE2MTcvNC8xCmYgMTcxOS8xLzEgMTcyMC8yLzEgMTYxOS8zLzEgMTYxOC80LzEKZiAxNzIwLzEvMSAxNzIxLzIvMSAxNjIwLzMvMSAxNjE5LzQvMQpmIDE3MjEvMS8xIDE3MjIvMi8xIDE2MjEvMy8xIDE2MjAvNC8xCmYgMTcyMi8xLzEgMTcyMy8yLzEgMTYyMi8zLzEgMTYyMS80LzEKZiAxNzIzLzEvMSAxNzI0LzIvMSAxNjIzLzMvMSAxNjIyLzQvMQpmIDE3MjQvMS8xIDE3MjUvMi8xIDE2MjQvMy8xIDE2MjMvNC8xCmYgMTcyNS8xLzEgMTcyNi8yLzEgMTYyNS8zLzEgMTYyNC80LzEKZiAxNzI2LzEvMSAxNzI3LzIvMSAxNjI2LzMvMSAxNjI1LzQvMQpmIDE3MjcvMS8xIDE3MjgvMi8xIDE2MjcvMy8xIDE2MjYvNC8xCmYgMTcyOC8xLzEgMTcyOS8yLzEgMTYyOC8zLzEgMTYyNy80LzEKZiAxNzI5LzEvMSAxNzMwLzIvMSAxNjI5LzMvMSAxNjI4LzQvMQpmIDE3MzAvMS8xIDE3MzEvMi8xIDE2MzAvMy8xIDE2MjkvNC8xCmYgMTczMS8xLzEgMTczMi8yLzEgMTYzMS8zLzEgMTYzMC80LzEKZiAxNzMyLzUvMSAxNzMzLzYvMSAxNjMyLzcvMSAxNjMxLzgvMQpmIDE3MzMvMS8xIDE3MzQvMi8xIDE2MzMvMy8xIDE2MzIvNC8xCmYgMTczNC8xLzEgMTczNS8yLzEgMTYzNC8zLzEgMTYzMy80LzEKZiAxNzM1LzEvMSAxNzM2LzIvMSAxNjM1LzMvMSAxNjM0LzQvMQpmIDE3MzYvMS8xIDE3MzcvMi8xIDE2MzYvMy8xIDE2MzUvNC8xCmYgMTczNy8xMy8xIDE3MzgvMTQvMSAxNjM3LzE1LzEgMTYzNi8xNi8xCmYgMTczOC81LzEgMTczOS82LzEgMTYzOC83LzEgMTYzNy84LzEKZiAxNzM5LzEvMSAxNzQwLzIvMSAxNjM5LzMvMSAxNjM4LzQvMQpmIDE3NDAvMTMvMSAxNzQxLzE0LzEgMTY0MC8xNS8xIDE2MzkvMTYvMQpmIDE3NDEvNS8xIDE3NDIvNi8xIDE2NDEvNy8xIDE2NDAvOC8xCmYgMTc0Mi8xLzEgMTc0My8yLzEgMTY0Mi8zLzEgMTY0MS80LzEKZiAxNzQzLzEzLzEgMTc0NC8xNC8xIDE2NDMvMTUvMSAxNjQyLzE2LzEKZiAxNzQ0LzUvMSAxNzQ1LzYvMSAxNjQ0LzcvMSAxNjQzLzgvMQpmIDE3NDUvMS8xIDE3NDYvMi8xIDE2NDUvMy8xIDE2NDQvNC8xCmYgMTc0Ni81LzEgMTc0Ny82LzEgMTY0Ni83LzEgMTY0NS84LzEKZiAxNzQ3LzEvMSAxNzQ4LzIvMSAxNjQ3LzMvMSAxNjQ2LzQvMQpmIDE3NDgvMS8xIDE3NDkvMi8xIDE2NDgvMy8xIDE2NDcvNC8xCmYgMTc0OS8xLzEgMTc1MC8yLzEgMTY0OS8zLzEgMTY0OC80LzEKZiAxNzUwLzkvMSAxNzUxLzEwLzEgMTY1MC8xMS8xIDE2NDkvMTIvMQpmIDE3NTEvNS8xIDE3NTIvNi8xIDE2NTEvNy8xIDE2NTAvOC8xCmYgMTc1Mi8xMy8xIDE3NTMvMTQvMSAxNjUyLzE1LzEgMTY1MS8xNi8xCmYgMTc1My8xLzEgMTc1NC8yLzEgMTY1My8zLzEgMTY1Mi80LzEKZiAxNzU0LzEvMSAxNzU1LzIvMSAxNjU0LzMvMSAxNjUzLzQvMQpmIDE3NTUvMTMvMSAxNzU2LzE0LzEgMTY1NS8xNS8xIDE2NTQvMTYvMQpmIDE3NTYvOS8xIDE3NTcvMTAvMSAxNjU2LzExLzEgMTY1NS8xMi8xCmYgMTc1Ny8xMy8xIDE3NTgvMTQvMSAxNjU3LzE1LzEgMTY1Ni8xNi8xCmYgMTc1OC8xMy8xIDE3NTkvMTQvMSAxNjU4LzE1LzEgMTY1Ny8xNi8xCmYgMTc1OS85LzEgMTc2MC8xMC8xIDE2NTkvMTEvMSAxNjU4LzEyLzEKZiAxNzYwLzUvMSAxNzYxLzYvMSAxNjYwLzcvMSAxNjU5LzgvMQpmIDE3NjEvMTMvMSAxNzYyLzE0LzEgMTY2MS8xNS8xIDE2NjAvMTYvMQpmIDE3NjIvNS8xIDE3NjMvNi8xIDE2NjIvNy8xIDE2NjEvOC8xCmYgMTc2My8xMy8xIDE3NjQvMTQvMSAxNjYzLzE1LzEgMTY2Mi8xNi8xCmYgMTc2NC85LzEgMTc2NS8xMC8xIDE2NjQvMTEvMSAxNjYzLzEyLzEKZiAxNzY1LzEzLzEgMTc2Ni8xNC8xIDE2NjUvMTUvMSAxNjY0LzE2LzEKZiAxNzY2LzkvMSAxNzY3LzEwLzEgMTY2Ni8xMS8xIDE2NjUvMTIvMQpmIDE3NjcvMTMvMSAxNzY4LzE0LzEgMTY2Ny8xNS8xIDE2NjYvMTYvMQpmIDE3NjgvMTMvMSAxNzY5LzE0LzEgMTY2OC8xNS8xIDE2NjcvMTYvMQpmIDE3NjkvMTMvMSAxNzcwLzE0LzEgMTY2OS8xNS8xIDE2NjgvMTYvMQpmIDE3NzAvMTMvMSAxNzcxLzE0LzEgMTY3MC8xNS8xIDE2NjkvMTYvMQpmIDE3NzEvMS8xIDE3NzIvMi8xIDE2NzEvMy8xIDE2NzAvNC8xCmYgMTc3Mi8xLzEgMTc3My8yLzEgMTY3Mi8zLzEgMTY3MS80LzEKZiAxNzczLzEvMSAxNzc0LzIvMSAxNjczLzMvMSAxNjcyLzQvMQpmIDE3NzQvMS8xIDE3NzUvMi8xIDE2NzQvMy8xIDE2NzMvNC8xCmYgMTc3NS8xLzEgMTc3Ni8yLzEgMTY3NS8zLzEgMTY3NC80LzEKZiAxNzc2LzEvMSAxNzc3LzIvMSAxNjc2LzMvMSAxNjc1LzQvMQpmIDE3NzcvMS8xIDE3NzgvMi8xIDE2NzcvMy8xIDE2NzYvNC8xCmYgMTc3OC8xLzEgMTc3OS8yLzEgMTY3OC8zLzEgMTY3Ny80LzEKZiAxNzc5LzEvMSAxNzgwLzIvMSAxNjc5LzMvMSAxNjc4LzQvMQpmIDE3ODAvMS8xIDE3ODEvMi8xIDE2ODAvMy8xIDE2NzkvNC8xCmYgMTc4MS8xLzEgMTc4Mi8yLzEgMTY4MS8zLzEgMTY4MC80LzEKZiAxNzgyLzEvMSAxNzgzLzIvMSAxNjgyLzMvMSAxNjgxLzQvMQpmIDE3ODMvMS8xIDE3ODQvMi8xIDE2ODMvMy8xIDE2ODIvNC8xCmYgMTc4NC8xLzEgMTc4NS8yLzEgMTY4NC8zLzEgMTY4My80LzEKZiAxNzg1LzEvMSAxNzg2LzIvMSAxNjg1LzMvMSAxNjg0LzQvMQpmIDE3ODYvMS8xIDE3ODcvMi8xIDE2ODYvMy8xIDE2ODUvNC8xCmYgMTc4Ny8xLzEgMTc4OC8yLzEgMTY4Ny8zLzEgMTY4Ni80LzEKZiAxNzg4LzEvMSAxNzg5LzIvMSAxNjg4LzMvMSAxNjg3LzQvMQpmIDE3ODkvMS8xIDE3OTAvMi8xIDE2ODkvMy8xIDE2ODgvNC8xCmYgMTc5MC8xLzEgMTc5MS8yLzEgMTY5MC8zLzEgMTY4OS80LzEKZiAxNzkxLzEvMSAxNzkyLzIvMSAxNjkxLzMvMSAxNjkwLzQvMQpmIDE3OTIvMS8xIDE3OTMvMi8xIDE2OTIvMy8xIDE2OTEvNC8xCmYgMTc5My8xLzEgMTc5NC8yLzEgMTY5My8zLzEgMTY5Mi80LzEKZiAxNzk0LzEvMSAxNzk1LzIvMSAxNjk0LzMvMSAxNjkzLzQvMQpmIDE3OTUvMS8xIDE3OTYvMi8xIDE2OTUvMy8xIDE2OTQvNC8xCmYgMTc5Ni8xLzEgMTc5Ny8yLzEgMTY5Ni8zLzEgMTY5NS80LzEKZiAxNzk3LzEvMSAxNzk4LzIvMSAxNjk3LzMvMSAxNjk2LzQvMQpmIDE3OTgvMS8xIDE3OTkvMi8xIDE2OTgvMy8xIDE2OTcvNC8xCmYgMTc5OS8xLzEgMTgwMC8yLzEgMTY5OS8zLzEgMTY5OC80LzEKZiAxODAwLzEvMSAxODAxLzIvMSAxNzAwLzMvMSAxNjk5LzQvMQpmIDE4MDEvMS8xIDE4MDIvMi8xIDE3MDEvMy8xIDE3MDAvNC8xCmYgMTgwMi8xLzEgMTgwMy8yLzEgMTcwMi8zLzEgMTcwMS80LzEKZiAxODAzLzEvMSAxODA0LzIvMSAxNzAzLzMvMSAxNzAyLzQvMQpmIDE4MDQvMS8xIDE4MDUvMi8xIDE3MDQvMy8xIDE3MDMvNC8xCmYgMTgwNS8xLzEgMTgwNi8yLzEgMTcwNS8zLzEgMTcwNC80LzEKZiAxODA2LzEvMSAxODA3LzIvMSAxNzA2LzMvMSAxNzA1LzQvMQpmIDE4MDcvMS8xIDE4MDgvMi8xIDE3MDcvMy8xIDE3MDYvNC8xCmYgMTgwOC8xLzEgMTgwOS8yLzEgMTcwOC8zLzEgMTcwNy80LzEKZiAxODA5LzEvMSAxODEwLzIvMSAxNzA5LzMvMSAxNzA4LzQvMQpmIDE4MTAvMS8xIDE4MTEvMi8xIDE3MTAvMy8xIDE3MDkvNC8xCmYgMTgxMS8xLzEgMTgxMi8yLzEgMTcxMS8zLzEgMTcxMC80LzEKZiAxODEyLzEvMSAxODEzLzIvMSAxNzEyLzMvMSAxNzExLzQvMQpmIDE4MTMvMS8xIDE4MTQvMi8xIDE3MTMvMy8xIDE3MTIvNC8xCmYgMTgxNC8xLzEgMTgxNS8yLzEgMTcxNC8zLzEgMTcxMy80LzEKZiAxODE1LzEvMSAxODE2LzIvMSAxNzE1LzMvMSAxNzE0LzQvMQpmIDE4MTYvMS8xIDE4MTcvMi8xIDE3MTYvMy8xIDE3MTUvNC8xCmYgMTgxNy8xLzEgMTgxOC8yLzEgMTcxNy8zLzEgMTcxNi80LzEKZiAxODE5LzEvMSAxODIwLzIvMSAxNzE5LzMvMSAxNzE4LzQvMQpmIDE4MjAvMS8xIDE4MjEvMi8xIDE3MjAvMy8xIDE3MTkvNC8xCmYgMTgyMS8xLzEgMTgyMi8yLzEgMTcyMS8zLzEgMTcyMC80LzEKZiAxODIyLzEvMSAxODIzLzIvMSAxNzIyLzMvMSAxNzIxLzQvMQpmIDE4MjMvMS8xIDE4MjQvMi8xIDE3MjMvMy8xIDE3MjIvNC8xCmYgMTgyNC8xLzEgMTgyNS8yLzEgMTcyNC8zLzEgMTcyMy80LzEKZiAxODI1LzEvMSAxODI2LzIvMSAxNzI1LzMvMSAxNzI0LzQvMQpmIDE4MjYvMS8xIDE4MjcvMi8xIDE3MjYvMy8xIDE3MjUvNC8xCmYgMTgyNy8xLzEgMTgyOC8yLzEgMTcyNy8zLzEgMTcyNi80LzEKZiAxODI4LzEvMSAxODI5LzIvMSAxNzI4LzMvMSAxNzI3LzQvMQpmIDE4MjkvMS8xIDE4MzAvMi8xIDE3MjkvMy8xIDE3MjgvNC8xCmYgMTgzMC8xLzEgMTgzMS8yLzEgMTczMC8zLzEgMTcyOS80LzEKZiAxODMxLzEvMSAxODMyLzIvMSAxNzMxLzMvMSAxNzMwLzQvMQpmIDE4MzIvMS8xIDE4MzMvMi8xIDE3MzIvMy8xIDE3MzEvNC8xCmYgMTgzMy8xMy8xIDE4MzQvMTQvMSAxNzMzLzE1LzEgMTczMi8xNi8xCmYgMTgzNC8xLzEgMTgzNS8yLzEgMTczNC8zLzEgMTczMy80LzEKZiAxODM1LzEvMSAxODM2LzIvMSAxNzM1LzMvMSAxNzM0LzQvMQpmIDE4MzYvMS8xIDE4MzcvMi8xIDE3MzYvMy8xIDE3MzUvNC8xCmYgMTgzNy8xLzEgMTgzOC8yLzEgMTczNy8zLzEgMTczNi80LzEKZiAxODM4LzEvMSAxODM5LzIvMSAxNzM4LzMvMSAxNzM3LzQvMQpmIDE4MzkvMTMvMSAxODQwLzE0LzEgMTczOS8xNS8xIDE3MzgvMTYvMQpmIDE4NDAvMS8xIDE4NDEvMi8xIDE3NDAvMy8xIDE3MzkvNC8xCmYgMTg0MS8xLzEgMTg0Mi8yLzEgMTc0MS8zLzEgMTc0MC80LzEKZiAxODQyLzUvMSAxODQzLzYvMSAxNzQyLzcvMSAxNzQxLzgvMQpmIDE4NDMvNS8xIDE4NDQvNi8xIDE3NDMvNy8xIDE3NDIvOC8xCmYgMTg0NC81LzEgMTg0NS82LzEgMTc0NC83LzEgMTc0My84LzEKZiAxODQ1LzEzLzEgMTg0Ni8xNC8xIDE3NDUvMTUvMSAxNzQ0LzE2LzEKZiAxODQ2LzEvMSAxODQ3LzIvMSAxNzQ2LzMvMSAxNzQ1LzQvMQpmIDE4NDcvMS8xIDE4NDgvMi8xIDE3NDcvMy8xIDE3NDYvNC8xCmYgMTg0OC8xLzEgMTg0OS8yLzEgMTc0OC8zLzEgMTc0Ny80LzEKZiAxODQ5LzEvMSAxODUwLzIvMSAxNzQ5LzMvMSAxNzQ4LzQvMQpmIDE4NTAvMS8xIDE4NTEvMi8xIDE3NTAvMy8xIDE3NDkvNC8xCmYgMTg1MS8xLzEgMTg1Mi8yLzEgMTc1MS8zLzEgMTc1MC80LzEKZiAxODUyLzEvMSAxODUzLzIvMSAxNzUyLzMvMSAxNzUxLzQvMQpmIDE4NTMvOS8xIDE4NTQvMTAvMSAxNzUzLzExLzEgMTc1Mi8xMi8xCmYgMTg1NC8xLzEgMTg1NS8yLzEgMTc1NC8zLzEgMTc1My80LzEKZiAxODU1LzEvMSAxODU2LzIvMSAxNzU1LzMvMSAxNzU0LzQvMQpmIDE4NTYvMS8xIDE4NTcvMi8xIDE3NTYvMy8xIDE3NTUvNC8xCmYgMTg1Ny8xLzEgMTg1OC8yLzEgMTc1Ny8zLzEgMTc1Ni80LzEKZiAxODU4LzkvMSAxODU5LzEwLzEgMTc1OC8xMS8xIDE3NTcvMTIvMQpmIDE4NTkvNS8xIDE4NjAvNi8xIDE3NTkvNy8xIDE3NTgvOC8xCmYgMTg2MC81LzEgMTg2MS82LzEgMTc2MC83LzEgMTc1OS84LzEKZiAxODYxLzEzLzEgMTg2Mi8xNC8xIDE3NjEvMTUvMSAxNzYwLzE2LzEKZiAxODYyLzkvMSAxODYzLzEwLzEgMTc2Mi8xMS8xIDE3NjEvMTIvMQpmIDE4NjMvMTMvMSAxODY0LzE0LzEgMTc2My8xNS8xIDE3NjIvMTYvMQpmIDE4NjQvMS8xIDE4NjUvMi8xIDE3NjQvMy8xIDE3NjMvNC8xCmYgMTg2NS81LzEgMTg2Ni82LzEgMTc2NS83LzEgMTc2NC84LzEKZiAxODY2LzUvMSAxODY3LzYvMSAxNzY2LzcvMSAxNzY1LzgvMQpmIDE4NjcvNS8xIDE4NjgvNi8xIDE3NjcvNy8xIDE3NjYvOC8xCmYgMTg2OC81LzEgMTg2OS82LzEgMTc2OC83LzEgMTc2Ny84LzEKZiAxODY5LzEzLzEgMTg3MC8xNC8xIDE3NjkvMTUvMSAxNzY4LzE2LzEKZiAxODcwLzUvMSAxODcxLzYvMSAxNzcwLzcvMSAxNzY5LzgvMQpmIDE4NzEvMTMvMSAxODcyLzE0LzEgMTc3MS8xNS8xIDE3NzAvMTYvMQpmIDE4NzIvMTMvMSAxODczLzE0LzEgMTc3Mi8xNS8xIDE3NzEvMTYvMQpmIDE4NzMvMS8xIDE4NzQvMi8xIDE3NzMvMy8xIDE3NzIvNC8xCmYgMTg3NC8xLzEgMTg3NS8yLzEgMTc3NC8zLzEgMTc3My80LzEKZiAxODc1LzEvMSAxODc2LzIvMSAxNzc1LzMvMSAxNzc0LzQvMQpmIDE4NzYvMS8xIDE4NzcvMi8xIDE3NzYvMy8xIDE3NzUvNC8xCmYgMTg3Ny8xLzEgMTg3OC8yLzEgMTc3Ny8zLzEgMTc3Ni80LzEKZiAxODc4LzEvMSAxODc5LzIvMSAxNzc4LzMvMSAxNzc3LzQvMQpmIDE4NzkvMS8xIDE4ODAvMi8xIDE3NzkvMy8xIDE3NzgvNC8xCmYgMTg4MC8xLzEgMTg4MS8yLzEgMTc4MC8zLzEgMTc3OS80LzEKZiAxODgxLzEvMSAxODgyLzIvMSAxNzgxLzMvMSAxNzgwLzQvMQpmIDE4ODIvMS8xIDE4ODMvMi8xIDE3ODIvMy8xIDE3ODEvNC8xCmYgMTg4My8xLzEgMTg4NC8yLzEgMTc4My8zLzEgMTc4Mi80LzEKZiAxODg0LzEvMSAxODg1LzIvMSAxNzg0LzMvMSAxNzgzLzQvMQpmIDE4ODUvMS8xIDE4ODYvMi8xIDE3ODUvMy8xIDE3ODQvNC8xCmYgMTg4Ni8xLzEgMTg4Ny8yLzEgMTc4Ni8zLzEgMTc4NS80LzEKZiAxODg3LzEvMSAxODg4LzIvMSAxNzg3LzMvMSAxNzg2LzQvMQpmIDE4ODgvMS8xIDE4ODkvMi8xIDE3ODgvMy8xIDE3ODcvNC8xCmYgMTg4OS8xLzEgMTg5MC8yLzEgMTc4OS8zLzEgMTc4OC80LzEKZiAxODkwLzEvMSAxODkxLzIvMSAxNzkwLzMvMSAxNzg5LzQvMQpmIDE4OTEvMS8xIDE4OTIvMi8xIDE3OTEvMy8xIDE3OTAvNC8xCmYgMTg5Mi8xLzEgMTg5My8yLzEgMTc5Mi8zLzEgMTc5MS80LzEKZiAxODkzLzEvMSAxODk0LzIvMSAxNzkzLzMvMSAxNzkyLzQvMQpmIDE4OTQvMS8xIDE4OTUvMi8xIDE3OTQvMy8xIDE3OTMvNC8xCmYgMTg5NS8xLzEgMTg5Ni8yLzEgMTc5NS8zLzEgMTc5NC80LzEKZiAxODk2LzEvMSAxODk3LzIvMSAxNzk2LzMvMSAxNzk1LzQvMQpmIDE4OTcvMS8xIDE4OTgvMi8xIDE3OTcvMy8xIDE3OTYvNC8xCmYgMTg5OC8xLzEgMTg5OS8yLzEgMTc5OC8zLzEgMTc5Ny80LzEKZiAxODk5LzEvMSAxOTAwLzIvMSAxNzk5LzMvMSAxNzk4LzQvMQpmIDE5MDAvMS8xIDE5MDEvMi8xIDE4MDAvMy8xIDE3OTkvNC8xCmYgMTkwMS8xLzEgMTkwMi8yLzEgMTgwMS8zLzEgMTgwMC80LzEKZiAxOTAyLzEvMSAxOTAzLzIvMSAxODAyLzMvMSAxODAxLzQvMQpmIDE5MDMvMS8xIDE5MDQvMi8xIDE4MDMvMy8xIDE4MDIvNC8xCmYgMTkwNC8xLzEgMTkwNS8yLzEgMTgwNC8zLzEgMTgwMy80LzEKZiAxOTA1LzEvMSAxOTA2LzIvMSAxODA1LzMvMSAxODA0LzQvMQpmIDE5MDYvMS8xIDE5MDcvMi8xIDE4MDYvMy8xIDE4MDUvNC8xCmYgMTkwNy8xLzEgMTkwOC8yLzEgMTgwNy8zLzEgMTgwNi80LzEKZiAxOTA4LzEvMSAxOTA5LzIvMSAxODA4LzMvMSAxODA3LzQvMQpmIDE5MDkvMS8xIDE5MTAvMi8xIDE4MDkvMy8xIDE4MDgvNC8xCmYgMTkxMC8xLzEgMTkxMS8yLzEgMTgxMC8zLzEgMTgwOS80LzEKZiAxOTExLzEvMSAxOTEyLzIvMSAxODExLzMvMSAxODEwLzQvMQpmIDE5MTIvMS8xIDE5MTMvMi8xIDE4MTIvMy8xIDE4MTEvNC8xCmYgMTkxMy8xLzEgMTkxNC8yLzEgMTgxMy8zLzEgMTgxMi80LzEKZiAxOTE0LzEvMSAxOTE1LzIvMSAxODE0LzMvMSAxODEzLzQvMQpmIDE5MTUvMS8xIDE5MTYvMi8xIDE4MTUvMy8xIDE4MTQvNC8xCmYgMTkxNi8xLzEgMTkxNy8yLzEgMTgxNi8zLzEgMTgxNS80LzEKZiAxOTE3LzEvMSAxOTE4LzIvMSAxODE3LzMvMSAxODE2LzQvMQpmIDE5MTgvMS8xIDE5MTkvMi8xIDE4MTgvMy8xIDE4MTcvNC8xCmYgMTkyMC8xLzEgMTkyMS8yLzEgMTgyMC8zLzEgMTgxOS80LzEKZiAxOTIxLzEvMSAxOTIyLzIvMSAxODIxLzMvMSAxODIwLzQvMQpmIDE5MjIvMS8xIDE5MjMvMi8xIDE4MjIvMy8xIDE4MjEvNC8xCmYgMTkyMy8xLzEgMTkyNC8yLzEgMTgyMy8zLzEgMTgyMi80LzEKZiAxOTI0LzEvMSAxOTI1LzIvMSAxODI0LzMvMSAxODIzLzQvMQpmIDE5MjUvMS8xIDE5MjYvMi8xIDE4MjUvMy8xIDE4MjQvNC8xCmYgMTkyNi8xLzEgMTkyNy8yLzEgMTgyNi8zLzEgMTgyNS80LzEKZiAxOTI3LzEvMSAxOTI4LzIvMSAxODI3LzMvMSAxODI2LzQvMQpmIDE5MjgvMS8xIDE5MjkvMi8xIDE4MjgvMy8xIDE4MjcvNC8xCmYgMTkyOS8xLzEgMTkzMC8yLzEgMTgyOS8zLzEgMTgyOC80LzEKZiAxOTMwLzEvMSAxOTMxLzIvMSAxODMwLzMvMSAxODI5LzQvMQpmIDE5MzEvMS8xIDE5MzIvMi8xIDE4MzEvMy8xIDE4MzAvNC8xCmYgMTkzMi8xLzEgMTkzMy8yLzEgMTgzMi8zLzEgMTgzMS80LzEKZiAxOTMzLzEvMSAxOTM0LzIvMSAxODMzLzMvMSAxODMyLzQvMQpmIDE5MzQvMTMvMSAxOTM1LzE0LzEgMTgzNC8xNS8xIDE4MzMvMTYvMQpmIDE5MzUvMS8xIDE5MzYvMi8xIDE4MzUvMy8xIDE4MzQvNC8xCmYgMTkzNi8xLzEgMTkzNy8yLzEgMTgzNi8zLzEgMTgzNS80LzEKZiAxOTM3LzEvMSAxOTM4LzIvMSAxODM3LzMvMSAxODM2LzQvMQpmIDE5MzgvMS8xIDE5MzkvMi8xIDE4MzgvMy8xIDE4MzcvNC8xCmYgMTkzOS8xLzEgMTk0MC8yLzEgMTgzOS8zLzEgMTgzOC80LzEKZiAxOTQwLzEvMSAxOTQxLzIvMSAxODQwLzMvMSAxODM5LzQvMQpmIDE5NDEvOS8xIDE5NDIvMTAvMSAxODQxLzExLzEgMTg0MC8xMi8xCmYgMTk0Mi8xLzEgMTk0My8yLzEgMTg0Mi8zLzEgMTg0MS80LzEKZiAxOTQzLzUvMSAxOTQ0LzYvMSAxODQzLzcvMSAxODQyLzgvMQpmIDE5NDQvNS8xIDE5NDUvNi8xIDE4NDQvNy8xIDE4NDMvOC8xCmYgMTk0NS81LzEgMTk0Ni82LzEgMTg0NS83LzEgMTg0NC84LzEKZiAxOTQ2LzkvMSAxOTQ3LzEwLzEgMTg0Ni8xMS8xIDE4NDUvMTIvMQpmIDE5NDcvNS8xIDE5NDgvNi8xIDE4NDcvNy8xIDE4NDYvOC8xCmYgMTk0OC8xLzEgMTk0OS8yLzEgMTg0OC8zLzEgMTg0Ny80LzEKZiAxOTQ5LzEvMSAxOTUwLzIvMSAxODQ5LzMvMSAxODQ4LzQvMQpmIDE5NTAvMS8xIDE5NTEvMi8xIDE4NTAvMy8xIDE4NDkvNC8xCmYgMTk1MS8xLzEgMTk1Mi8yLzEgMTg1MS8zLzEgMTg1MC80LzEKZiAxOTUyLzEvMSAxOTUzLzIvMSAxODUyLzMvMSAxODUxLzQvMQpmIDE5NTMvMS8xIDE5NTQvMi8xIDE4NTMvMy8xIDE4NTIvNC8xCmYgMTk1NC8xLzEgMTk1NS8yLzEgMTg1NC8zLzEgMTg1My80LzEKZiAxOTU1LzEvMSAxOTU2LzIvMSAxODU1LzMvMSAxODU0LzQvMQpmIDE5NTYvMS8xIDE5NTcvMi8xIDE4NTYvMy8xIDE4NTUvNC8xCmYgMTk1Ny8xMy8xIDE5NTgvMTQvMSAxODU3LzE1LzEgMTg1Ni8xNi8xCmYgMTk1OC85LzEgMTk1OS8xMC8xIDE4NTgvMTEvMSAxODU3LzEyLzEKZiAxOTU5LzEvMSAxOTYwLzIvMSAxODU5LzMvMSAxODU4LzQvMQpmIDE5NjAvMS8xIDE5NjEvMi8xIDE4NjAvMy8xIDE4NTkvNC8xCmYgMTk2MS8xMy8xIDE5NjIvMTQvMSAxODYxLzE1LzEgMTg2MC8xNi8xCmYgMTk2Mi8xMy8xIDE5NjMvMTQvMSAxODYyLzE1LzEgMTg2MS8xNi8xCmYgMTk2My8xMy8xIDE5NjQvMTQvMSAxODYzLzE1LzEgMTg2Mi8xNi8xCmYgMTk2NC8xMy8xIDE5NjUvMTQvMSAxODY0LzE1LzEgMTg2My8xNi8xCmYgMTk2NS8xMy8xIDE5NjYvMTQvMSAxODY1LzE1LzEgMTg2NC8xNi8xCmYgMTk2Ni8xLzEgMTk2Ny8yLzEgMTg2Ni8zLzEgMTg2NS80LzEKZiAxOTY3LzEzLzEgMTk2OC8xNC8xIDE4NjcvMTUvMSAxODY2LzE2LzEKZiAxOTY4LzkvMSAxOTY5LzEwLzEgMTg2OC8xMS8xIDE4NjcvMTIvMQpmIDE5NjkvOS8xIDE5NzAvMTAvMSAxODY5LzExLzEgMTg2OC8xMi8xCmYgMTk3MC85LzEgMTk3MS8xMC8xIDE4NzAvMTEvMSAxODY5LzEyLzEKZiAxOTcxLzEzLzEgMTk3Mi8xNC8xIDE4NzEvMTUvMSAxODcwLzE2LzEKZiAxOTcyLzUvMSAxOTczLzYvMSAxODcyLzcvMSAxODcxLzgvMQpmIDE5NzMvOS8xIDE5NzQvMTAvMSAxODczLzExLzEgMTg3Mi8xMi8xCmYgMTk3NC85LzEgMTk3NS8xMC8xIDE4NzQvMTEvMSAxODczLzEyLzEKZiAxOTc1LzEvMSAxOTc2LzIvMSAxODc1LzMvMSAxODc0LzQvMQpmIDE5NzYvMS8xIDE5NzcvMi8xIDE4NzYvMy8xIDE4NzUvNC8xCmYgMTk3Ny8xLzEgMTk3OC8yLzEgMTg3Ny8zLzEgMTg3Ni80LzEKZiAxOTc4LzEvMSAxOTc5LzIvMSAxODc4LzMvMSAxODc3LzQvMQpmIDE5NzkvMS8xIDE5ODAvMi8xIDE4NzkvMy8xIDE4NzgvNC8xCmYgMTk4MC8xLzEgMTk4MS8yLzEgMTg4MC8zLzEgMTg3OS80LzEKZiAxOTgxLzEvMSAxOTgyLzIvMSAxODgxLzMvMSAxODgwLzQvMQpmIDE5ODIvMS8xIDE5ODMvMi8xIDE4ODIvMy8xIDE4ODEvNC8xCmYgMTk4My8xLzEgMTk4NC8yLzEgMTg4My8zLzEgMTg4Mi80LzEKZiAxOTg0LzEvMSAxOTg1LzIvMSAxODg0LzMvMSAxODgzLzQvMQpmIDE5ODUvMS8xIDE5ODYvMi8xIDE4ODUvMy8xIDE4ODQvNC8xCmYgMTk4Ni8xLzEgMTk4Ny8yLzEgMTg4Ni8zLzEgMTg4NS80LzEKZiAxOTg3LzEvMSAxOTg4LzIvMSAxODg3LzMvMSAxODg2LzQvMQpmIDE5ODgvMS8xIDE5ODkvMi8xIDE4ODgvMy8xIDE4ODcvNC8xCmYgMTk4OS8xLzEgMTk5MC8yLzEgMTg4OS8zLzEgMTg4OC80LzEKZiAxOTkwLzEvMSAxOTkxLzIvMSAxODkwLzMvMSAxODg5LzQvMQpmIDE5OTEvMS8xIDE5OTIvMi8xIDE4OTEvMy8xIDE4OTAvNC8xCmYgMTk5Mi8xLzEgMTk5My8yLzEgMTg5Mi8zLzEgMTg5MS80LzEKZiAxOTkzLzEvMSAxOTk0LzIvMSAxODkzLzMvMSAxODkyLzQvMQpmIDE5OTQvMS8xIDE5OTUvMi8xIDE4OTQvMy8xIDE4OTMvNC8xCmYgMTk5NS8xLzEgMTk5Ni8yLzEgMTg5NS8zLzEgMTg5NC80LzEKZiAxOTk2LzEvMSAxOTk3LzIvMSAxODk2LzMvMSAxODk1LzQvMQpmIDE5OTcvMS8xIDE5OTgvMi8xIDE4OTcvMy8xIDE4OTYvNC8xCmYgMTk5OC8xLzEgMTk5OS8yLzEgMTg5OC8zLzEgMTg5Ny80LzEKZiAxOTk5LzEvMSAyMDAwLzIvMSAxODk5LzMvMSAxODk4LzQvMQpmIDIwMDAvMS8xIDIwMDEvMi8xIDE5MDAvMy8xIDE4OTkvNC8xCmYgMjAwMS8xLzEgMjAwMi8yLzEgMTkwMS8zLzEgMTkwMC80LzEKZiAyMDAyLzEvMSAyMDAzLzIvMSAxOTAyLzMvMSAxOTAxLzQvMQpmIDIwMDMvMS8xIDIwMDQvMi8xIDE5MDMvMy8xIDE5MDIvNC8xCmYgMjAwNC8xLzEgMjAwNS8yLzEgMTkwNC8zLzEgMTkwMy80LzEKZiAyMDA1LzEvMSAyMDA2LzIvMSAxOTA1LzMvMSAxOTA0LzQvMQpmIDIwMDYvMS8xIDIwMDcvMi8xIDE5MDYvMy8xIDE5MDUvNC8xCmYgMjAwNy8xLzEgMjAwOC8yLzEgMTkwNy8zLzEgMTkwNi80LzEKZiAyMDA4LzEvMSAyMDA5LzIvMSAxOTA4LzMvMSAxOTA3LzQvMQpmIDIwMDkvMS8xIDIwMTAvMi8xIDE5MDkvMy8xIDE5MDgvNC8xCmYgMjAxMC8xLzEgMjAxMS8yLzEgMTkxMC8zLzEgMTkwOS80LzEKZiAyMDExLzEvMSAyMDEyLzIvMSAxOTExLzMvMSAxOTEwLzQvMQpmIDIwMTIvMS8xIDIwMTMvMi8xIDE5MTIvMy8xIDE5MTEvNC8xCmYgMjAxMy8xLzEgMjAxNC8yLzEgMTkxMy8zLzEgMTkxMi80LzEKZiAyMDE0LzEvMSAyMDE1LzIvMSAxOTE0LzMvMSAxOTEzLzQvMQpmIDIwMTUvMS8xIDIwMTYvMi8xIDE5MTUvMy8xIDE5MTQvNC8xCmYgMjAxNi8xLzEgMjAxNy8yLzEgMTkxNi8zLzEgMTkxNS80LzEKZiAyMDE3LzEvMSAyMDE4LzIvMSAxOTE3LzMvMSAxOTE2LzQvMQpmIDIwMTgvMS8xIDIwMTkvMi8xIDE5MTgvMy8xIDE5MTcvNC8xCmYgMjAxOS8xLzEgMjAyMC8yLzEgMTkxOS8zLzEgMTkxOC80LzEKZiAyMDIxLzEvMSAyMDIyLzIvMSAxOTIxLzMvMSAxOTIwLzQvMQpmIDIwMjIvMS8xIDIwMjMvMi8xIDE5MjIvMy8xIDE5MjEvNC8xCmYgMjAyMy8xLzEgMjAyNC8yLzEgMTkyMy8zLzEgMTkyMi80LzEKZiAyMDI0LzEvMSAyMDI1LzIvMSAxOTI0LzMvMSAxOTIzLzQvMQpmIDIwMjUvMS8xIDIwMjYvMi8xIDE5MjUvMy8xIDE5MjQvNC8xCmYgMjAyNi8xLzEgMjAyNy8yLzEgMTkyNi8zLzEgMTkyNS80LzEKZiAyMDI3LzEvMSAyMDI4LzIvMSAxOTI3LzMvMSAxOTI2LzQvMQpmIDIwMjgvMS8xIDIwMjkvMi8xIDE5MjgvMy8xIDE5MjcvNC8xCmYgMjAyOS8xLzEgMjAzMC8yLzEgMTkyOS8zLzEgMTkyOC80LzEKZiAyMDMwLzEvMSAyMDMxLzIvMSAxOTMwLzMvMSAxOTI5LzQvMQpmIDIwMzEvMS8xIDIwMzIvMi8xIDE5MzEvMy8xIDE5MzAvNC8xCmYgMjAzMi8xLzEgMjAzMy8yLzEgMTkzMi8zLzEgMTkzMS80LzEKZiAyMDMzLzEvMSAyMDM0LzIvMSAxOTMzLzMvMSAxOTMyLzQvMQpmIDIwMzQvMS8xIDIwMzUvMi8xIDE5MzQvMy8xIDE5MzMvNC8xCmYgMjAzNS81LzEgMjAzNi82LzEgMTkzNS83LzEgMTkzNC84LzEKZiAyMDM2LzkvMSAyMDM3LzEwLzEgMTkzNi8xMS8xIDE5MzUvMTIvMQpmIDIwMzcvMS8xIDIwMzgvMi8xIDE5MzcvMy8xIDE5MzYvNC8xCmYgMjAzOC8xLzEgMjAzOS8yLzEgMTkzOC8zLzEgMTkzNy80LzEKZiAyMDM5LzEvMSAyMDQwLzIvMSAxOTM5LzMvMSAxOTM4LzQvMQpmIDIwNDAvMS8xIDIwNDEvMi8xIDE5NDAvMy8xIDE5MzkvNC8xCmYgMjA0MS8xLzEgMjA0Mi8yLzEgMTk0MS8zLzEgMTk0MC80LzEKZiAyMDQyLzEvMSAyMDQzLzIvMSAxOTQyLzMvMSAxOTQxLzQvMQpmIDIwNDMvOS8xIDIwNDQvMTAvMSAxOTQzLzExLzEgMTk0Mi8xMi8xCmYgMjA0NC81LzEgMjA0NS82LzEgMTk0NC83LzEgMTk0My84LzEKZiAyMDQ1LzEzLzEgMjA0Ni8xNC8xIDE5NDUvMTUvMSAxOTQ0LzE2LzEKZiAyMDQ2LzEvMSAyMDQ3LzIvMSAxOTQ2LzMvMSAxOTQ1LzQvMQpmIDIwNDcvMS8xIDIwNDgvMi8xIDE5NDcvMy8xIDE5NDYvNC8xCmYgMjA0OC8xMy8xIDIwNDkvMTQvMSAxOTQ4LzE1LzEgMTk0Ny8xNi8xCmYgMjA0OS85LzEgMjA1MC8xMC8xIDE5NDkvMTEvMSAxOTQ4LzEyLzEKZiAyMDUwLzUvMSAyMDUxLzYvMSAxOTUwLzcvMSAxOTQ5LzgvMQpmIDIwNTEvNS8xIDIwNTIvNi8xIDE5NTEvNy8xIDE5NTAvOC8xCmYgMjA1Mi8xLzEgMjA1My8yLzEgMTk1Mi8zLzEgMTk1MS80LzEKZiAyMDUzLzEvMSAyMDU0LzIvMSAxOTUzLzMvMSAxOTUyLzQvMQpmIDIwNTQvMS8xIDIwNTUvMi8xIDE5NTQvMy8xIDE5NTMvNC8xCmYgMjA1NS8xLzEgMjA1Ni8yLzEgMTk1NS8zLzEgMTk1NC80LzEKZiAyMDU2LzEvMSAyMDU3LzIvMSAxOTU2LzMvMSAxOTU1LzQvMQpmIDIwNTcvNS8xIDIwNTgvNi8xIDE5NTcvNy8xIDE5NTYvOC8xCmYgMjA1OC8xLzEgMjA1OS8yLzEgMTk1OC8zLzEgMTk1Ny80LzEKZiAyMDU5LzEvMSAyMDYwLzIvMSAxOTU5LzMvMSAxOTU4LzQvMQpmIDIwNjAvMS8xIDIwNjEvMi8xIDE5NjAvMy8xIDE5NTkvNC8xCmYgMjA2MS8xLzEgMjA2Mi8yLzEgMTk2MS8zLzEgMTk2MC80LzEKZiAyMDYyLzUvMSAyMDYzLzYvMSAxOTYyLzcvMSAxOTYxLzgvMQpmIDIwNjMvMS8xIDIwNjQvMi8xIDE5NjMvMy8xIDE5NjIvNC8xCmYgMjA2NC8xMy8xIDIwNjUvMTQvMSAxOTY0LzE1LzEgMTk2My8xNi8xCmYgMjA2NS85LzEgMjA2Ni8xMC8xIDE5NjUvMTEvMSAxOTY0LzEyLzEKZiAyMDY2LzkvMSAyMDY3LzEwLzEgMTk2Ni8xMS8xIDE5NjUvMTIvMQpmIDIwNjcvNS8xIDIwNjgvNi8xIDE5NjcvNy8xIDE5NjYvOC8xCmYgMjA2OC85LzEgMjA2OS8xMC8xIDE5NjgvMTEvMSAxOTY3LzEyLzEKZiAyMDY5LzEzLzEgMjA3MC8xNC8xIDE5NjkvMTUvMSAxOTY4LzE2LzEKZiAyMDcwLzEvMSAyMDcxLzIvMSAxOTcwLzMvMSAxOTY5LzQvMQpmIDIwNzEvMS8xIDIwNzIvMi8xIDE5NzEvMy8xIDE5NzAvNC8xCmYgMjA3Mi81LzEgMjA3My82LzEgMTk3Mi83LzEgMTk3MS84LzEKZiAyMDczLzUvMSAyMDc0LzYvMSAxOTczLzcvMSAxOTcyLzgvMQpmIDIwNzQvMS8xIDIwNzUvMi8xIDE5NzQvMy8xIDE5NzMvNC8xCmYgMjA3NS8xMy8xIDIwNzYvMTQvMSAxOTc1LzE1LzEgMTk3NC8xNi8xCmYgMjA3Ni85LzEgMjA3Ny8xMC8xIDE5NzYvMTEvMSAxOTc1LzEyLzEKZiAyMDc3LzEvMSAyMDc4LzIvMSAxOTc3LzMvMSAxOTc2LzQvMQpmIDIwNzgvMS8xIDIwNzkvMi8xIDE5NzgvMy8xIDE5NzcvNC8xCmYgMjA3OS8xLzEgMjA4MC8yLzEgMTk3OS8zLzEgMTk3OC80LzEKZiAyMDgwLzEvMSAyMDgxLzIvMSAxOTgwLzMvMSAxOTc5LzQvMQpmIDIwODEvMS8xIDIwODIvMi8xIDE5ODEvMy8xIDE5ODAvNC8xCmYgMjA4Mi8xLzEgMjA4My8yLzEgMTk4Mi8zLzEgMTk4MS80LzEKZiAyMDgzLzEvMSAyMDg0LzIvMSAxOTgzLzMvMSAxOTgyLzQvMQpmIDIwODQvMS8xIDIwODUvMi8xIDE5ODQvMy8xIDE5ODMvNC8xCmYgMjA4NS8xLzEgMjA4Ni8yLzEgMTk4NS8zLzEgMTk4NC80LzEKZiAyMDg2LzEvMSAyMDg3LzIvMSAxOTg2LzMvMSAxOTg1LzQvMQpmIDIwODcvMS8xIDIwODgvMi8xIDE5ODcvMy8xIDE5ODYvNC8xCmYgMjA4OC8xLzEgMjA4OS8yLzEgMTk4OC8zLzEgMTk4Ny80LzEKZiAyMDg5LzEvMSAyMDkwLzIvMSAxOTg5LzMvMSAxOTg4LzQvMQpmIDIwOTAvMS8xIDIwOTEvMi8xIDE5OTAvMy8xIDE5ODkvNC8xCmYgMjA5MS8xLzEgMjA5Mi8yLzEgMTk5MS8zLzEgMTk5MC80LzEKZiAyMDkyLzEvMSAyMDkzLzIvMSAxOTkyLzMvMSAxOTkxLzQvMQpmIDIwOTMvMS8xIDIwOTQvMi8xIDE5OTMvMy8xIDE5OTIvNC8xCmYgMjA5NC8xLzEgMjA5NS8yLzEgMTk5NC8zLzEgMTk5My80LzEKZiAyMDk1LzEvMSAyMDk2LzIvMSAxOTk1LzMvMSAxOTk0LzQvMQpmIDIwOTYvMS8xIDIwOTcvMi8xIDE5OTYvMy8xIDE5OTUvNC8xCmYgMjA5Ny8xLzEgMjA5OC8yLzEgMTk5Ny8zLzEgMTk5Ni80LzEKZiAyMDk4LzEvMSAyMDk5LzIvMSAxOTk4LzMvMSAxOTk3LzQvMQpmIDIwOTkvMS8xIDIxMDAvMi8xIDE5OTkvMy8xIDE5OTgvNC8xCmYgMjEwMC8xLzEgMjEwMS8yLzEgMjAwMC8zLzEgMTk5OS80LzEKZiAyMTAxLzEvMSAyMTAyLzIvMSAyMDAxLzMvMSAyMDAwLzQvMQpmIDIxMDIvMS8xIDIxMDMvMi8xIDIwMDIvMy8xIDIwMDEvNC8xCmYgMjEwMy8xLzEgMjEwNC8yLzEgMjAwMy8zLzEgMjAwMi80LzEKZiAyMTA0LzEvMSAyMTA1LzIvMSAyMDA0LzMvMSAyMDAzLzQvMQpmIDIxMDUvMS8xIDIxMDYvMi8xIDIwMDUvMy8xIDIwMDQvNC8xCmYgMjEwNi8xLzEgMjEwNy8yLzEgMjAwNi8zLzEgMjAwNS80LzEKZiAyMTA3LzEvMSAyMTA4LzIvMSAyMDA3LzMvMSAyMDA2LzQvMQpmIDIxMDgvMS8xIDIxMDkvMi8xIDIwMDgvMy8xIDIwMDcvNC8xCmYgMjEwOS8xLzEgMjExMC8yLzEgMjAwOS8zLzEgMjAwOC80LzEKZiAyMTEwLzEvMSAyMTExLzIvMSAyMDEwLzMvMSAyMDA5LzQvMQpmIDIxMTEvMS8xIDIxMTIvMi8xIDIwMTEvMy8xIDIwMTAvNC8xCmYgMjExMi8xLzEgMjExMy8yLzEgMjAxMi8zLzEgMjAxMS80LzEKZiAyMTEzLzEvMSAyMTE0LzIvMSAyMDEzLzMvMSAyMDEyLzQvMQpmIDIxMTQvMS8xIDIxMTUvMi8xIDIwMTQvMy8xIDIwMTMvNC8xCmYgMjExNS8xLzEgMjExNi8yLzEgMjAxNS8zLzEgMjAxNC80LzEKZiAyMTE2LzEvMSAyMTE3LzIvMSAyMDE2LzMvMSAyMDE1LzQvMQpmIDIxMTcvMS8xIDIxMTgvMi8xIDIwMTcvMy8xIDIwMTYvNC8xCmYgMjExOC8xLzEgMjExOS8yLzEgMjAxOC8zLzEgMjAxNy80LzEKZiAyMTE5LzEvMSAyMTIwLzIvMSAyMDE5LzMvMSAyMDE4LzQvMQpmIDIxMjAvMS8xIDIxMjEvMi8xIDIwMjAvMy8xIDIwMTkvNC8xCmYgMjEyMi8xLzEgMjEyMy8yLzEgMjAyMi8zLzEgMjAyMS80LzEKZiAyMTIzLzEvMSAyMTI0LzIvMSAyMDIzLzMvMSAyMDIyLzQvMQpmIDIxMjQvMS8xIDIxMjUvMi8xIDIwMjQvMy8xIDIwMjMvNC8xCmYgMjEyNS8xLzEgMjEyNi8yLzEgMjAyNS8zLzEgMjAyNC80LzEKZiAyMTI2LzEvMSAyMTI3LzIvMSAyMDI2LzMvMSAyMDI1LzQvMQpmIDIxMjcvMS8xIDIxMjgvMi8xIDIwMjcvMy8xIDIwMjYvNC8xCmYgMjEyOC8xLzEgMjEyOS8yLzEgMjAyOC8zLzEgMjAyNy80LzEKZiAyMTI5LzEvMSAyMTMwLzIvMSAyMDI5LzMvMSAyMDI4LzQvMQpmIDIxMzAvMS8xIDIxMzEvMi8xIDIwMzAvMy8xIDIwMjkvNC8xCmYgMjEzMS8xLzEgMjEzMi8yLzEgMjAzMS8zLzEgMjAzMC80LzEKZiAyMTMyLzEvMSAyMTMzLzIvMSAyMDMyLzMvMSAyMDMxLzQvMQpmIDIxMzMvMS8xIDIxMzQvMi8xIDIwMzMvMy8xIDIwMzIvNC8xCmYgMjEzNC8xLzEgMjEzNS8yLzEgMjAzNC8zLzEgMjAzMy80LzEKZiAyMTM1LzEvMSAyMTM2LzIvMSAyMDM1LzMvMSAyMDM0LzQvMQpmIDIxMzYvMS8xIDIxMzcvMi8xIDIwMzYvMy8xIDIwMzUvNC8xCmYgMjEzNy81LzEgMjEzOC82LzEgMjAzNy83LzEgMjAzNi84LzEKZiAyMTM4LzkvMSAyMTM5LzEwLzEgMjAzOC8xMS8xIDIwMzcvMTIvMQpmIDIxMzkvMS8xIDIxNDAvMi8xIDIwMzkvMy8xIDIwMzgvNC8xCmYgMjE0MC8xLzEgMjE0MS8yLzEgMjA0MC8zLzEgMjAzOS80LzEKZiAyMTQxLzEvMSAyMTQyLzIvMSAyMDQxLzMvMSAyMDQwLzQvMQpmIDIxNDIvMS8xIDIxNDMvMi8xIDIwNDIvMy8xIDIwNDEvNC8xCmYgMjE0My81LzEgMjE0NC82LzEgMjA0My83LzEgMjA0Mi84LzEKZiAyMTQ0LzUvMSAyMTQ1LzYvMSAyMDQ0LzcvMSAyMDQzLzgvMQpmIDIxNDUvMTMvMSAyMTQ2LzE0LzEgMjA0NS8xNS8xIDIwNDQvMTYvMQpmIDIxNDYvOS8xIDIxNDcvMTAvMSAyMDQ2LzExLzEgMjA0NS8xMi8xCmYgMjE0Ny8xLzEgMjE0OC8yLzEgMjA0Ny8zLzEgMjA0Ni80LzEKZiAyMTQ4LzUvMSAyMTQ5LzYvMSAyMDQ4LzcvMSAyMDQ3LzgvMQpmIDIxNDkvMTMvMSAyMTUwLzE0LzEgMjA0OS8xNS8xIDIwNDgvMTYvMQpmIDIxNTAvNS8xIDIxNTEvNi8xIDIwNTAvNy8xIDIwNDkvOC8xCmYgMjE1MS8xLzEgMjE1Mi8yLzEgMjA1MS8zLzEgMjA1MC80LzEKZiAyMTUyLzEvMSAyMTUzLzIvMSAyMDUyLzMvMSAyMDUxLzQvMQpmIDIxNTMvMS8xIDIxNTQvMi8xIDIwNTMvMy8xIDIwNTIvNC8xCmYgMjE1NC8xLzEgMjE1NS8yLzEgMjA1NC8zLzEgMjA1My80LzEKZiAyMTU1LzEvMSAyMTU2LzIvMSAyMDU1LzMvMSAyMDU0LzQvMQpmIDIxNTYvMS8xIDIxNTcvMi8xIDIwNTYvMy8xIDIwNTUvNC8xCmYgMjE1Ny8xLzEgMjE1OC8yLzEgMjA1Ny8zLzEgMjA1Ni80LzEKZiAyMTU4LzUvMSAyMTU5LzYvMSAyMDU4LzcvMSAyMDU3LzgvMQpmIDIxNTkvMS8xIDIxNjAvMi8xIDIwNTkvMy8xIDIwNTgvNC8xCmYgMjE2MC8xLzEgMjE2MS8yLzEgMjA2MC8zLzEgMjA1OS80LzEKZiAyMTYxLzEvMSAyMTYyLzIvMSAyMDYxLzMvMSAyMDYwLzQvMQpmIDIxNjIvMS8xIDIxNjMvMi8xIDIwNjIvMy8xIDIwNjEvNC8xCmYgMjE2My85LzEgMjE2NC8xMC8xIDIwNjMvMTEvMSAyMDYyLzEyLzEKZiAyMTY0LzEvMSAyMTY1LzIvMSAyMDY0LzMvMSAyMDYzLzQvMQpmIDIxNjUvOS8xIDIxNjYvMTAvMSAyMDY1LzExLzEgMjA2NC8xMi8xCmYgMjE2Ni85LzEgMjE2Ny8xMC8xIDIwNjYvMTEvMSAyMDY1LzEyLzEKZiAyMTY3LzEzLzEgMjE2OC8xNC8xIDIwNjcvMTUvMSAyMDY2LzE2LzEKZiAyMTY4LzUvMSAyMTY5LzYvMSAyMDY4LzcvMSAyMDY3LzgvMQpmIDIxNjkvNS8xIDIxNzAvNi8xIDIwNjkvNy8xIDIwNjgvOC8xCmYgMjE3MC8xLzEgMjE3MS8yLzEgMjA3MC8zLzEgMjA2OS80LzEKZiAyMTcxLzEvMSAyMTcyLzIvMSAyMDcxLzMvMSAyMDcwLzQvMQpmIDIxNzIvMS8xIDIxNzMvMi8xIDIwNzIvMy8xIDIwNzEvNC8xCmYgMjE3My8xLzEgMjE3NC8yLzEgMjA3My8zLzEgMjA3Mi80LzEKZiAyMTc0LzEvMSAyMTc1LzIvMSAyMDc0LzMvMSAyMDczLzQvMQpmIDIxNzUvMS8xIDIxNzYvMi8xIDIwNzUvMy8xIDIwNzQvNC8xCmYgMjE3Ni8xLzEgMjE3Ny8yLzEgMjA3Ni8zLzEgMjA3NS80LzEKZiAyMTc3LzUvMSAyMTc4LzYvMSAyMDc3LzcvMSAyMDc2LzgvMQpmIDIxNzgvMS8xIDIxNzkvMi8xIDIwNzgvMy8xIDIwNzcvNC8xCmYgMjE3OS8xLzEgMjE4MC8yLzEgMjA3OS8zLzEgMjA3OC80LzEKZiAyMTgwLzEvMSAyMTgxLzIvMSAyMDgwLzMvMSAyMDc5LzQvMQpmIDIxODEvMS8xIDIxODIvMi8xIDIwODEvMy8xIDIwODAvNC8xCmYgMjE4Mi8xLzEgMjE4My8yLzEgMjA4Mi8zLzEgMjA4MS80LzEKZiAyMTgzLzEvMSAyMTg0LzIvMSAyMDgzLzMvMSAyMDgyLzQvMQpmIDIxODQvMS8xIDIxODUvMi8xIDIwODQvMy8xIDIwODMvNC8xCmYgMjE4NS8xLzEgMjE4Ni8yLzEgMjA4NS8zLzEgMjA4NC80LzEKZiAyMTg2LzEvMSAyMTg3LzIvMSAyMDg2LzMvMSAyMDg1LzQvMQpmIDIxODcvMS8xIDIxODgvMi8xIDIwODcvMy8xIDIwODYvNC8xCmYgMjE4OC8xLzEgMjE4OS8yLzEgMjA4OC8zLzEgMjA4Ny80LzEKZiAyMTg5LzEvMSAyMTkwLzIvMSAyMDg5LzMvMSAyMDg4LzQvMQpmIDIxOTAvMS8xIDIxOTEvMi8xIDIwOTAvMy8xIDIwODkvNC8xCmYgMjE5MS8xLzEgMjE5Mi8yLzEgMjA5MS8zLzEgMjA5MC80LzEKZiAyMTkyLzEvMSAyMTkzLzIvMSAyMDkyLzMvMSAyMDkxLzQvMQpmIDIxOTMvMS8xIDIxOTQvMi8xIDIwOTMvMy8xIDIwOTIvNC8xCmYgMjE5NC8xLzEgMjE5NS8yLzEgMjA5NC8zLzEgMjA5My80LzEKZiAyMTk1LzEvMSAyMTk2LzIvMSAyMDk1LzMvMSAyMDk0LzQvMQpmIDIxOTYvMS8xIDIxOTcvMi8xIDIwOTYvMy8xIDIwOTUvNC8xCmYgMjE5Ny8xLzEgMjE5OC8yLzEgMjA5Ny8zLzEgMjA5Ni80LzEKZiAyMTk4LzEvMSAyMTk5LzIvMSAyMDk4LzMvMSAyMDk3LzQvMQpmIDIxOTkvMS8xIDIyMDAvMi8xIDIwOTkvMy8xIDIwOTgvNC8xCmYgMjIwMC8xLzEgMjIwMS8yLzEgMjEwMC8zLzEgMjA5OS80LzEKZiAyMjAxLzEvMSAyMjAyLzIvMSAyMTAxLzMvMSAyMTAwLzQvMQpmIDIyMDIvMS8xIDIyMDMvMi8xIDIxMDIvMy8xIDIxMDEvNC8xCmYgMjIwMy8xLzEgMjIwNC8yLzEgMjEwMy8zLzEgMjEwMi80LzEKZiAyMjA0LzEvMSAyMjA1LzIvMSAyMTA0LzMvMSAyMTAzLzQvMQpmIDIyMDUvMS8xIDIyMDYvMi8xIDIxMDUvMy8xIDIxMDQvNC8xCmYgMjIwNi8xLzEgMjIwNy8yLzEgMjEwNi8zLzEgMjEwNS80LzEKZiAyMjA3LzEvMSAyMjA4LzIvMSAyMTA3LzMvMSAyMTA2LzQvMQpmIDIyMDgvMS8xIDIyMDkvMi8xIDIxMDgvMy8xIDIxMDcvNC8xCmYgMjIwOS8xLzEgMjIxMC8yLzEgMjEwOS8zLzEgMjEwOC80LzEKZiAyMjEwLzEvMSAyMjExLzIvMSAyMTEwLzMvMSAyMTA5LzQvMQpmIDIyMTEvMS8xIDIyMTIvMi8xIDIxMTEvMy8xIDIxMTAvNC8xCmYgMjIxMi8xLzEgMjIxMy8yLzEgMjExMi8zLzEgMjExMS80LzEKZiAyMjEzLzEvMSAyMjE0LzIvMSAyMTEzLzMvMSAyMTEyLzQvMQpmIDIyMTQvMS8xIDIyMTUvMi8xIDIxMTQvMy8xIDIxMTMvNC8xCmYgMjIxNS8xLzEgMjIxNi8yLzEgMjExNS8zLzEgMjExNC80LzEKZiAyMjE2LzEvMSAyMjE3LzIvMSAyMTE2LzMvMSAyMTE1LzQvMQpmIDIyMTcvMS8xIDIyMTgvMi8xIDIxMTcvMy8xIDIxMTYvNC8xCmYgMjIxOC8xLzEgMjIxOS8yLzEgMjExOC8zLzEgMjExNy80LzEKZiAyMjE5LzEvMSAyMjIwLzIvMSAyMTE5LzMvMSAyMTE4LzQvMQpmIDIyMjAvMS8xIDIyMjEvMi8xIDIxMjAvMy8xIDIxMTkvNC8xCmYgMjIyMS8xLzEgMjIyMi8yLzEgMjEyMS8zLzEgMjEyMC80LzEKZiAyMjIzLzEvMSAyMjI0LzIvMSAyMTIzLzMvMSAyMTIyLzQvMQpmIDIyMjQvMS8xIDIyMjUvMi8xIDIxMjQvMy8xIDIxMjMvNC8xCmYgMjIyNS8xLzEgMjIyNi8yLzEgMjEyNS8zLzEgMjEyNC80LzEKZiAyMjI2LzEvMSAyMjI3LzIvMSAyMTI2LzMvMSAyMTI1LzQvMQpmIDIyMjcvMS8xIDIyMjgvMi8xIDIxMjcvMy8xIDIxMjYvNC8xCmYgMjIyOC8xLzEgMjIyOS8yLzEgMjEyOC8zLzEgMjEyNy80LzEKZiAyMjI5LzEvMSAyMjMwLzIvMSAyMTI5LzMvMSAyMTI4LzQvMQpmIDIyMzAvMS8xIDIyMzEvMi8xIDIxMzAvMy8xIDIxMjkvNC8xCmYgMjIzMS8xLzEgMjIzMi8yLzEgMjEzMS8zLzEgMjEzMC80LzEKZiAyMjMyLzEvMSAyMjMzLzIvMSAyMTMyLzMvMSAyMTMxLzQvMQpmIDIyMzMvMS8xIDIyMzQvMi8xIDIxMzMvMy8xIDIxMzIvNC8xCmYgMjIzNC8xLzEgMjIzNS8yLzEgMjEzNC8zLzEgMjEzMy80LzEKZiAyMjM1LzEvMSAyMjM2LzIvMSAyMTM1LzMvMSAyMTM0LzQvMQpmIDIyMzYvMS8xIDIyMzcvMi8xIDIxMzYvMy8xIDIxMzUvNC8xCmYgMjIzNy8xLzEgMjIzOC8yLzEgMjEzNy8zLzEgMjEzNi80LzEKZiAyMjM4LzEvMSAyMjM5LzIvMSAyMTM4LzMvMSAyMTM3LzQvMQpmIDIyMzkvOS8xIDIyNDAvMTAvMSAyMTM5LzExLzEgMjEzOC8xMi8xCmYgMjI0MC85LzEgMjI0MS8xMC8xIDIxNDAvMTEvMSAyMTM5LzEyLzEKZiAyMjQxLzEvMSAyMjQyLzIvMSAyMTQxLzMvMSAyMTQwLzQvMQpmIDIyNDIvMS8xIDIyNDMvMi8xIDIxNDIvMy8xIDIxNDEvNC8xCmYgMjI0My85LzEgMjI0NC8xMC8xIDIxNDMvMTEvMSAyMTQyLzEyLzEKZiAyMjQ0LzUvMSAyMjQ1LzYvMSAyMTQ0LzcvMSAyMTQzLzgvMQpmIDIyNDUvNS8xIDIyNDYvNi8xIDIxNDUvNy8xIDIxNDQvOC8xCmYgMjI0Ni8xMy8xIDIyNDcvMTQvMSAyMTQ2LzE1LzEgMjE0NS8xNi8xCmYgMjI0Ny85LzEgMjI0OC8xMC8xIDIxNDcvMTEvMSAyMTQ2LzEyLzEKZiAyMjQ4LzkvMSAyMjQ5LzEwLzEgMjE0OC8xMS8xIDIxNDcvMTIvMQpmIDIyNDkvNS8xIDIyNTAvNi8xIDIxNDkvNy8xIDIxNDgvOC8xCmYgMjI1MC8xLzEgMjI1MS8yLzEgMjE1MC8zLzEgMjE0OS80LzEKZiAyMjUxLzUvMSAyMjUyLzYvMSAyMTUxLzcvMSAyMTUwLzgvMQpmIDIyNTIvOS8xIDIyNTMvMTAvMSAyMTUyLzExLzEgMjE1MS8xMi8xCmYgMjI1My8xLzEgMjI1NC8yLzEgMjE1My8zLzEgMjE1Mi80LzEKZiAyMjU0LzEvMSAyMjU1LzIvMSAyMTU0LzMvMSAyMTUzLzQvMQpmIDIyNTUvMS8xIDIyNTYvMi8xIDIxNTUvMy8xIDIxNTQvNC8xCmYgMjI1Ni8xLzEgMjI1Ny8yLzEgMjE1Ni8zLzEgMjE1NS80LzEKZiAyMjU3LzEvMSAyMjU4LzIvMSAyMTU3LzMvMSAyMTU2LzQvMQpmIDIyNTgvMTMvMSAyMjU5LzE0LzEgMjE1OC8xNS8xIDIxNTcvMTYvMQpmIDIyNTkvMS8xIDIyNjAvMi8xIDIxNTkvMy8xIDIxNTgvNC8xCmYgMjI2MC8xLzEgMjI2MS8yLzEgMjE2MC8zLzEgMjE1OS80LzEKZiAyMjYxLzEvMSAyMjYyLzIvMSAyMTYxLzMvMSAyMTYwLzQvMQpmIDIyNjIvMS8xIDIyNjMvMi8xIDIxNjIvMy8xIDIxNjEvNC8xCmYgMjI2My8xLzEgMjI2NC8yLzEgMjE2My8zLzEgMjE2Mi80LzEKZiAyMjY0LzEzLzEgMjI2NS8xNC8xIDIxNjQvMTUvMSAyMTYzLzE2LzEKZiAyMjY1LzEvMSAyMjY2LzIvMSAyMTY1LzMvMSAyMTY0LzQvMQpmIDIyNjYvMS8xIDIyNjcvMi8xIDIxNjYvMy8xIDIxNjUvNC8xCmYgMjI2Ny85LzEgMjI2OC8xMC8xIDIxNjcvMTEvMSAyMTY2LzEyLzEKZiAyMjY4LzkvMSAyMjY5LzEwLzEgMjE2OC8xMS8xIDIxNjcvMTIvMQpmIDIyNjkvMTMvMSAyMjcwLzE0LzEgMjE2OS8xNS8xIDIxNjgvMTYvMQpmIDIyNzAvMTMvMSAyMjcxLzE0LzEgMjE3MC8xNS8xIDIxNjkvMTYvMQpmIDIyNzEvOS8xIDIyNzIvMTAvMSAyMTcxLzExLzEgMjE3MC8xMi8xCmYgMjI3Mi8xLzEgMjI3My8yLzEgMjE3Mi8zLzEgMjE3MS80LzEKZiAyMjczLzEvMSAyMjc0LzIvMSAyMTczLzMvMSAyMTcyLzQvMQpmIDIyNzQvMS8xIDIyNzUvMi8xIDIxNzQvMy8xIDIxNzMvNC8xCmYgMjI3NS8xLzEgMjI3Ni8yLzEgMjE3NS8zLzEgMjE3NC80LzEKZiAyMjc2LzEvMSAyMjc3LzIvMSAyMTc2LzMvMSAyMTc1LzQvMQpmIDIyNzcvMS8xIDIyNzgvMi8xIDIxNzcvMy8xIDIxNzYvNC8xCmYgMjI3OC85LzEgMjI3OS8xMC8xIDIxNzgvMTEvMSAyMTc3LzEyLzEKZiAyMjc5LzUvMSAyMjgwLzYvMSAyMTc5LzcvMSAyMTc4LzgvMQpmIDIyODAvMS8xIDIyODEvMi8xIDIxODAvMy8xIDIxNzkvNC8xCmYgMjI4MS8xLzEgMjI4Mi8yLzEgMjE4MS8zLzEgMjE4MC80LzEKZiAyMjgyLzEvMSAyMjgzLzIvMSAyMTgyLzMvMSAyMTgxLzQvMQpmIDIyODMvMS8xIDIyODQvMi8xIDIxODMvMy8xIDIxODIvNC8xCmYgMjI4NC8xLzEgMjI4NS8yLzEgMjE4NC8zLzEgMjE4My80LzEKZiAyMjg1LzEvMSAyMjg2LzIvMSAyMTg1LzMvMSAyMTg0LzQvMQpmIDIyODYvMS8xIDIyODcvMi8xIDIxODYvMy8xIDIxODUvNC8xCmYgMjI4Ny8xLzEgMjI4OC8yLzEgMjE4Ny8zLzEgMjE4Ni80LzEKZiAyMjg4LzEvMSAyMjg5LzIvMSAyMTg4LzMvMSAyMTg3LzQvMQpmIDIyODkvMS8xIDIyOTAvMi8xIDIxODkvMy8xIDIxODgvNC8xCmYgMjI5MC8xLzEgMjI5MS8yLzEgMjE5MC8zLzEgMjE4OS80LzEKZiAyMjkxLzEvMSAyMjkyLzIvMSAyMTkxLzMvMSAyMTkwLzQvMQpmIDIyOTIvMS8xIDIyOTMvMi8xIDIxOTIvMy8xIDIxOTEvNC8xCmYgMjI5My8xLzEgMjI5NC8yLzEgMjE5My8zLzEgMjE5Mi80LzEKZiAyMjk0LzEvMSAyMjk1LzIvMSAyMTk0LzMvMSAyMTkzLzQvMQpmIDIyOTUvMS8xIDIyOTYvMi8xIDIxOTUvMy8xIDIxOTQvNC8xCmYgMjI5Ni8xLzEgMjI5Ny8yLzEgMjE5Ni8zLzEgMjE5NS80LzEKZiAyMjk3LzEvMSAyMjk4LzIvMSAyMTk3LzMvMSAyMTk2LzQvMQpmIDIyOTgvMS8xIDIyOTkvMi8xIDIxOTgvMy8xIDIxOTcvNC8xCmYgMjI5OS8xLzEgMjMwMC8yLzEgMjE5OS8zLzEgMjE5OC80LzEKZiAyMzAwLzEvMSAyMzAxLzIvMSAyMjAwLzMvMSAyMTk5LzQvMQpmIDIzMDEvMS8xIDIzMDIvMi8xIDIyMDEvMy8xIDIyMDAvNC8xCmYgMjMwMi8xLzEgMjMwMy8yLzEgMjIwMi8zLzEgMjIwMS80LzEKZiAyMzAzLzEvMSAyMzA0LzIvMSAyMjAzLzMvMSAyMjAyLzQvMQpmIDIzMDQvMS8xIDIzMDUvMi8xIDIyMDQvMy8xIDIyMDMvNC8xCmYgMjMwNS8xLzEgMjMwNi8yLzEgMjIwNS8zLzEgMjIwNC80LzEKZiAyMzA2LzEvMSAyMzA3LzIvMSAyMjA2LzMvMSAyMjA1LzQvMQpmIDIzMDcvMS8xIDIzMDgvMi8xIDIyMDcvMy8xIDIyMDYvNC8xCmYgMjMwOC8xLzEgMjMwOS8yLzEgMjIwOC8zLzEgMjIwNy80LzEKZiAyMzA5LzEvMSAyMzEwLzIvMSAyMjA5LzMvMSAyMjA4LzQvMQpmIDIzMTAvMS8xIDIzMTEvMi8xIDIyMTAvMy8xIDIyMDkvNC8xCmYgMjMxMS8xLzEgMjMxMi8yLzEgMjIxMS8zLzEgMjIxMC80LzEKZiAyMzEyLzEvMSAyMzEzLzIvMSAyMjEyLzMvMSAyMjExLzQvMQpmIDIzMTMvMS8xIDIzMTQvMi8xIDIyMTMvMy8xIDIyMTIvNC8xCmYgMjMxNC8xLzEgMjMxNS8yLzEgMjIxNC8zLzEgMjIxMy80LzEKZiAyMzE1LzEvMSAyMzE2LzIvMSAyMjE1LzMvMSAyMjE0LzQvMQpmIDIzMTYvMS8xIDIzMTcvMi8xIDIyMTYvMy8xIDIyMTUvNC8xCmYgMjMxNy8xLzEgMjMxOC8yLzEgMjIxNy8zLzEgMjIxNi80LzEKZiAyMzE4LzEvMSAyMzE5LzIvMSAyMjE4LzMvMSAyMjE3LzQvMQpmIDIzMTkvMS8xIDIzMjAvMi8xIDIyMTkvMy8xIDIyMTgvNC8xCmYgMjMyMC8xLzEgMjMyMS8yLzEgMjIyMC8zLzEgMjIxOS80LzEKZiAyMzIxLzEvMSAyMzIyLzIvMSAyMjIxLzMvMSAyMjIwLzQvMQpmIDIzMjIvMS8xIDIzMjMvMi8xIDIyMjIvMy8xIDIyMjEvNC8xCmYgMjMyNC8xLzEgMjMyNS8yLzEgMjIyNC8zLzEgMjIyMy80LzEKZiAyMzI1LzEvMSAyMzI2LzIvMSAyMjI1LzMvMSAyMjI0LzQvMQpmIDIzMjYvMS8xIDIzMjcvMi8xIDIyMjYvMy8xIDIyMjUvNC8xCmYgMjMyNy8xLzEgMjMyOC8yLzEgMjIyNy8zLzEgMjIyNi80LzEKZiAyMzI4LzEvMSAyMzI5LzIvMSAyMjI4LzMvMSAyMjI3LzQvMQpmIDIzMjkvMS8xIDIzMzAvMi8xIDIyMjkvMy8xIDIyMjgvNC8xCmYgMjMzMC8xLzEgMjMzMS8yLzEgMjIzMC8zLzEgMjIyOS80LzEKZiAyMzMxLzEvMSAyMzMyLzIvMSAyMjMxLzMvMSAyMjMwLzQvMQpmIDIzMzIvMS8xIDIzMzMvMi8xIDIyMzIvMy8xIDIyMzEvNC8xCmYgMjMzMy8xLzEgMjMzNC8yLzEgMjIzMy8zLzEgMjIzMi80LzEKZiAyMzM0LzEvMSAyMzM1LzIvMSAyMjM0LzMvMSAyMjMzLzQvMQpmIDIzMzUvMS8xIDIzMzYvMi8xIDIyMzUvMy8xIDIyMzQvNC8xCmYgMjMzNi8xLzEgMjMzNy8yLzEgMjIzNi8zLzEgMjIzNS80LzEKZiAyMzM3LzEvMSAyMzM4LzIvMSAyMjM3LzMvMSAyMjM2LzQvMQpmIDIzMzgvMS8xIDIzMzkvMi8xIDIyMzgvMy8xIDIyMzcvNC8xCmYgMjMzOS8xLzEgMjM0MC8yLzEgMjIzOS8zLzEgMjIzOC80LzEKZiAyMzQwLzUvMSAyMzQxLzYvMSAyMjQwLzcvMSAyMjM5LzgvMQpmIDIzNDEvNS8xIDIzNDIvNi8xIDIyNDEvNy8xIDIyNDAvOC8xCmYgMjM0Mi85LzEgMjM0My8xMC8xIDIyNDIvMTEvMSAyMjQxLzEyLzEKZiAyMzQzLzUvMSAyMzQ0LzYvMSAyMjQzLzcvMSAyMjQyLzgvMQpmIDIzNDQvNS8xIDIzNDUvNi8xIDIyNDQvNy8xIDIyNDMvOC8xCmYgMjM0NS85LzEgMjM0Ni8xMC8xIDIyNDUvMTEvMSAyMjQ0LzEyLzEKZiAyMzQ2LzUvMSAyMzQ3LzYvMSAyMjQ2LzcvMSAyMjQ1LzgvMQpmIDIzNDcvNS8xIDIzNDgvNi8xIDIyNDcvNy8xIDIyNDYvOC8xCmYgMjM0OC8xMy8xIDIzNDkvMTQvMSAyMjQ4LzE1LzEgMjI0Ny8xNi8xCmYgMjM0OS85LzEgMjM1MC8xMC8xIDIyNDkvMTEvMSAyMjQ4LzEyLzEKZiAyMzUwLzkvMSAyMzUxLzEwLzEgMjI1MC8xMS8xIDIyNDkvMTIvMQpmIDIzNTEvMTMvMSAyMzUyLzE0LzEgMjI1MS8xNS8xIDIyNTAvMTYvMQpmIDIzNTIvOS8xIDIzNTMvMTAvMSAyMjUyLzExLzEgMjI1MS8xMi8xCmYgMjM1My8xLzEgMjM1NC8yLzEgMjI1My8zLzEgMjI1Mi80LzEKZiAyMzU0LzEvMSAyMzU1LzIvMSAyMjU0LzMvMSAyMjUzLzQvMQpmIDIzNTUvMS8xIDIzNTYvMi8xIDIyNTUvMy8xIDIyNTQvNC8xCmYgMjM1Ni8xLzEgMjM1Ny8yLzEgMjI1Ni8zLzEgMjI1NS80LzEKZiAyMzU3LzEvMSAyMzU4LzIvMSAyMjU3LzMvMSAyMjU2LzQvMQpmIDIzNTgvMS8xIDIzNTkvMi8xIDIyNTgvMy8xIDIyNTcvNC8xCmYgMjM1OS85LzEgMjM2MC8xMC8xIDIyNTkvMTEvMSAyMjU4LzEyLzEKZiAyMzYwLzEvMSAyMzYxLzIvMSAyMjYwLzMvMSAyMjU5LzQvMQpmIDIzNjEvMS8xIDIzNjIvMi8xIDIyNjEvMy8xIDIyNjAvNC8xCmYgMjM2Mi8xLzEgMjM2My8yLzEgMjI2Mi8zLzEgMjI2MS80LzEKZiAyMzYzLzEvMSAyMzY0LzIvMSAyMjYzLzMvMSAyMjYyLzQvMQpmIDIzNjQvMS8xIDIzNjUvMi8xIDIyNjQvMy8xIDIyNjMvNC8xCmYgMjM2NS85LzEgMjM2Ni8xMC8xIDIyNjUvMTEvMSAyMjY0LzEyLzEKZiAyMzY2LzEvMSAyMzY3LzIvMSAyMjY2LzMvMSAyMjY1LzQvMQpmIDIzNjcvNS8xIDIzNjgvNi8xIDIyNjcvNy8xIDIyNjYvOC8xCmYgMjM2OC81LzEgMjM2OS82LzEgMjI2OC83LzEgMjI2Ny84LzEKZiAyMzY5LzUvMSAyMzcwLzYvMSAyMjY5LzcvMSAyMjY4LzgvMQpmIDIzNzAvMS8xIDIzNzEvMi8xIDIyNzAvMy8xIDIyNjkvNC8xCmYgMjM3MS8xMy8xIDIzNzIvMTQvMSAyMjcxLzE1LzEgMjI3MC8xNi8xCmYgMjM3Mi8xMy8xIDIzNzMvMTQvMSAyMjcyLzE1LzEgMjI3MS8xNi8xCmYgMjM3My8xLzEgMjM3NC8yLzEgMjI3My8zLzEgMjI3Mi80LzEKZiAyMzc0LzEvMSAyMzc1LzIvMSAyMjc0LzMvMSAyMjczLzQvMQpmIDIzNzUvMS8xIDIzNzYvMi8xIDIyNzUvMy8xIDIyNzQvNC8xCmYgMjM3Ni8xLzEgMjM3Ny8yLzEgMjI3Ni8zLzEgMjI3NS80LzEKZiAyMzc3LzEvMSAyMzc4LzIvMSAyMjc3LzMvMSAyMjc2LzQvMQpmIDIzNzgvMS8xIDIzNzkvMi8xIDIyNzgvMy8xIDIyNzcvNC8xCmYgMjM3OS8xLzEgMjM4MC8yLzEgMjI3OS8zLzEgMjI3OC80LzEKZiAyMzgwLzkvMSAyMzgxLzEwLzEgMjI4MC8xMS8xIDIyNzkvMTIvMQpmIDIzODEvMS8xIDIzODIvMi8xIDIyODEvMy8xIDIyODAvNC8xCmYgMjM4Mi8xLzEgMjM4My8yLzEgMjI4Mi8zLzEgMjI4MS80LzEKZiAyMzgzLzEvMSAyMzg0LzIvMSAyMjgzLzMvMSAyMjgyLzQvMQpmIDIzODQvMS8xIDIzODUvMi8xIDIyODQvMy8xIDIyODMvNC8xCmYgMjM4NS8xLzEgMjM4Ni8yLzEgMjI4NS8zLzEgMjI4NC80LzEKZiAyMzg2LzEvMSAyMzg3LzIvMSAyMjg2LzMvMSAyMjg1LzQvMQpmIDIzODcvMS8xIDIzODgvMi8xIDIyODcvMy8xIDIyODYvNC8xCmYgMjM4OC8xLzEgMjM4OS8yLzEgMjI4OC8zLzEgMjI4Ny80LzEKZiAyMzg5LzEvMSAyMzkwLzIvMSAyMjg5LzMvMSAyMjg4LzQvMQpmIDIzOTAvMS8xIDIzOTEvMi8xIDIyOTAvMy8xIDIyODkvNC8xCmYgMjM5MS8xLzEgMjM5Mi8yLzEgMjI5MS8zLzEgMjI5MC80LzEKZiAyMzkyLzEvMSAyMzkzLzIvMSAyMjkyLzMvMSAyMjkxLzQvMQpmIDIzOTMvMS8xIDIzOTQvMi8xIDIyOTMvMy8xIDIyOTIvNC8xCmYgMjM5NC8xLzEgMjM5NS8yLzEgMjI5NC8zLzEgMjI5My80LzEKZiAyMzk1LzEvMSAyMzk2LzIvMSAyMjk1LzMvMSAyMjk0LzQvMQpmIDIzOTYvMS8xIDIzOTcvMi8xIDIyOTYvMy8xIDIyOTUvNC8xCmYgMjM5Ny8xLzEgMjM5OC8yLzEgMjI5Ny8zLzEgMjI5Ni80LzEKZiAyMzk4LzEvMSAyMzk5LzIvMSAyMjk4LzMvMSAyMjk3LzQvMQpmIDIzOTkvMS8xIDI0MDAvMi8xIDIyOTkvMy8xIDIyOTgvNC8xCmYgMjQwMC8xLzEgMjQwMS8yLzEgMjMwMC8zLzEgMjI5OS80LzEKZiAyNDAxLzEvMSAyNDAyLzIvMSAyMzAxLzMvMSAyMzAwLzQvMQpmIDI0MDIvMS8xIDI0MDMvMi8xIDIzMDIvMy8xIDIzMDEvNC8xCmYgMjQwMy8xLzEgMjQwNC8yLzEgMjMwMy8zLzEgMjMwMi80LzEKZiAyNDA0LzEvMSAyNDA1LzIvMSAyMzA0LzMvMSAyMzAzLzQvMQpmIDI0MDUvMS8xIDI0MDYvMi8xIDIzMDUvMy8xIDIzMDQvNC8xCmYgMjQwNi8xLzEgMjQwNy8yLzEgMjMwNi8zLzEgMjMwNS80LzEKZiAyNDA3LzEvMSAyNDA4LzIvMSAyMzA3LzMvMSAyMzA2LzQvMQpmIDI0MDgvMS8xIDI0MDkvMi8xIDIzMDgvMy8xIDIzMDcvNC8xCmYgMjQwOS8xLzEgMjQxMC8yLzEgMjMwOS8zLzEgMjMwOC80LzEKZiAyNDEwLzEvMSAyNDExLzIvMSAyMzEwLzMvMSAyMzA5LzQvMQpmIDI0MTEvMS8xIDI0MTIvMi8xIDIzMTEvMy8xIDIzMTAvNC8xCmYgMjQxMi8xLzEgMjQxMy8yLzEgMjMxMi8zLzEgMjMxMS80LzEKZiAyNDEzLzEvMSAyNDE0LzIvMSAyMzEzLzMvMSAyMzEyLzQvMQpmIDI0MTQvMS8xIDI0MTUvMi8xIDIzMTQvMy8xIDIzMTMvNC8xCmYgMjQxNS8xLzEgMjQxNi8yLzEgMjMxNS8zLzEgMjMxNC80LzEKZiAyNDE2LzEvMSAyNDE3LzIvMSAyMzE2LzMvMSAyMzE1LzQvMQpmIDI0MTcvMS8xIDI0MTgvMi8xIDIzMTcvMy8xIDIzMTYvNC8xCmYgMjQxOC8xLzEgMjQxOS8yLzEgMjMxOC8zLzEgMjMxNy80LzEKZiAyNDE5LzEvMSAyNDIwLzIvMSAyMzE5LzMvMSAyMzE4LzQvMQpmIDI0MjAvMS8xIDI0MjEvMi8xIDIzMjAvMy8xIDIzMTkvNC8xCmYgMjQyMS8xLzEgMjQyMi8yLzEgMjMyMS8zLzEgMjMyMC80LzEKZiAyNDIyLzEvMSAyNDIzLzIvMSAyMzIyLzMvMSAyMzIxLzQvMQpmIDI0MjMvMS8xIDI0MjQvMi8xIDIzMjMvMy8xIDIzMjIvNC8xCmYgMjQyNS8xLzEgMjQyNi8yLzEgMjMyNS8zLzEgMjMyNC80LzEKZiAyNDI2LzEvMSAyNDI3LzIvMSAyMzI2LzMvMSAyMzI1LzQvMQpmIDI0MjcvMS8xIDI0MjgvMi8xIDIzMjcvMy8xIDIzMjYvNC8xCmYgMjQyOC8xLzEgMjQyOS8yLzEgMjMyOC8zLzEgMjMyNy80LzEKZiAyNDI5LzEvMSAyNDMwLzIvMSAyMzI5LzMvMSAyMzI4LzQvMQpmIDI0MzAvMS8xIDI0MzEvMi8xIDIzMzAvMy8xIDIzMjkvNC8xCmYgMjQzMS8xLzEgMjQzMi8yLzEgMjMzMS8zLzEgMjMzMC80LzEKZiAyNDMyLzEvMSAyNDMzLzIvMSAyMzMyLzMvMSAyMzMxLzQvMQpmIDI0MzMvMS8xIDI0MzQvMi8xIDIzMzMvMy8xIDIzMzIvNC8xCmYgMjQzNC8xLzEgMjQzNS8yLzEgMjMzNC8zLzEgMjMzMy80LzEKZiAyNDM1LzEvMSAyNDM2LzIvMSAyMzM1LzMvMSAyMzM0LzQvMQpmIDI0MzYvMS8xIDI0MzcvMi8xIDIzMzYvMy8xIDIzMzUvNC8xCmYgMjQzNy8xLzEgMjQzOC8yLzEgMjMzNy8zLzEgMjMzNi80LzEKZiAyNDM4LzEvMSAyNDM5LzIvMSAyMzM4LzMvMSAyMzM3LzQvMQpmIDI0MzkvMS8xIDI0NDAvMi8xIDIzMzkvMy8xIDIzMzgvNC8xCmYgMjQ0MC8xLzEgMjQ0MS8yLzEgMjM0MC8zLzEgMjMzOS80LzEKZiAyNDQxLzEzLzEgMjQ0Mi8xNC8xIDIzNDEvMTUvMSAyMzQwLzE2LzEKZiAyNDQyLzUvMSAyNDQzLzYvMSAyMzQyLzcvMSAyMzQxLzgvMQpmIDI0NDMvMS8xIDI0NDQvMi8xIDIzNDMvMy8xIDIzNDIvNC8xCmYgMjQ0NC8xLzEgMjQ0NS8yLzEgMjM0NC8zLzEgMjM0My80LzEKZiAyNDQ1LzEvMSAyNDQ2LzIvMSAyMzQ1LzMvMSAyMzQ0LzQvMQpmIDI0NDYvMS8xIDI0NDcvMi8xIDIzNDYvMy8xIDIzNDUvNC8xCmYgMjQ0Ny8xLzEgMjQ0OC8yLzEgMjM0Ny8zLzEgMjM0Ni80LzEKZiAyNDQ4LzEvMSAyNDQ5LzIvMSAyMzQ4LzMvMSAyMzQ3LzQvMQpmIDI0NDkvMS8xIDI0NTAvMi8xIDIzNDkvMy8xIDIzNDgvNC8xCmYgMjQ1MC85LzEgMjQ1MS8xMC8xIDIzNTAvMTEvMSAyMzQ5LzEyLzEKZiAyNDUxLzUvMSAyNDUyLzYvMSAyMzUxLzcvMSAyMzUwLzgvMQpmIDI0NTIvMTMvMSAyNDUzLzE0LzEgMjM1Mi8xNS8xIDIzNTEvMTYvMQpmIDI0NTMvMS8xIDI0NTQvMi8xIDIzNTMvMy8xIDIzNTIvNC8xCmYgMjQ1NC8xLzEgMjQ1NS8yLzEgMjM1NC8zLzEgMjM1My80LzEKZiAyNDU1LzEvMSAyNDU2LzIvMSAyMzU1LzMvMSAyMzU0LzQvMQpmIDI0NTYvMS8xIDI0NTcvMi8xIDIzNTYvMy8xIDIzNTUvNC8xCmYgMjQ1Ny8xLzEgMjQ1OC8yLzEgMjM1Ny8zLzEgMjM1Ni80LzEKZiAyNDU4LzEvMSAyNDU5LzIvMSAyMzU4LzMvMSAyMzU3LzQvMQpmIDI0NTkvMS8xIDI0NjAvMi8xIDIzNTkvMy8xIDIzNTgvNC8xCmYgMjQ2MC8xMy8xIDI0NjEvMTQvMSAyMzYwLzE1LzEgMjM1OS8xNi8xCmYgMjQ2MS8xLzEgMjQ2Mi8yLzEgMjM2MS8zLzEgMjM2MC80LzEKZiAyNDYyLzEvMSAyNDYzLzIvMSAyMzYyLzMvMSAyMzYxLzQvMQpmIDI0NjMvMS8xIDI0NjQvMi8xIDIzNjMvMy8xIDIzNjIvNC8xCmYgMjQ2NC8xLzEgMjQ2NS8yLzEgMjM2NC8zLzEgMjM2My80LzEKZiAyNDY1LzEvMSAyNDY2LzIvMSAyMzY1LzMvMSAyMzY0LzQvMQpmIDI0NjYvNS8xIDI0NjcvNi8xIDIzNjYvNy8xIDIzNjUvOC8xCmYgMjQ2Ny8xMy8xIDI0NjgvMTQvMSAyMzY3LzE1LzEgMjM2Ni8xNi8xCmYgMjQ2OC8xMy8xIDI0NjkvMTQvMSAyMzY4LzE1LzEgMjM2Ny8xNi8xCmYgMjQ2OS8xLzEgMjQ3MC8yLzEgMjM2OS8zLzEgMjM2OC80LzEKZiAyNDcwLzUvMSAyNDcxLzYvMSAyMzcwLzcvMSAyMzY5LzgvMQpmIDI0NzEvMS8xIDI0NzIvMi8xIDIzNzEvMy8xIDIzNzAvNC8xCmYgMjQ3Mi8xLzEgMjQ3My8yLzEgMjM3Mi8zLzEgMjM3MS80LzEKZiAyNDczLzEzLzEgMjQ3NC8xNC8xIDIzNzMvMTUvMSAyMzcyLzE2LzEKZiAyNDc0LzkvMSAyNDc1LzEwLzEgMjM3NC8xMS8xIDIzNzMvMTIvMQpmIDI0NzUvMS8xIDI0NzYvMi8xIDIzNzUvMy8xIDIzNzQvNC8xCmYgMjQ3Ni8xLzEgMjQ3Ny8yLzEgMjM3Ni8zLzEgMjM3NS80LzEKZiAyNDc3LzEvMSAyNDc4LzIvMSAyMzc3LzMvMSAyMzc2LzQvMQpmIDI0NzgvMS8xIDI0NzkvMi8xIDIzNzgvMy8xIDIzNzcvNC8xCmYgMjQ3OS8xLzEgMjQ4MC8yLzEgMjM3OS8zLzEgMjM3OC80LzEKZiAyNDgwLzEvMSAyNDgxLzIvMSAyMzgwLzMvMSAyMzc5LzQvMQpmIDI0ODEvOS8xIDI0ODIvMTAvMSAyMzgxLzExLzEgMjM4MC8xMi8xCmYgMjQ4Mi85LzEgMjQ4My8xMC8xIDIzODIvMTEvMSAyMzgxLzEyLzEKZiAyNDgzLzEvMSAyNDg0LzIvMSAyMzgzLzMvMSAyMzgyLzQvMQpmIDI0ODQvMS8xIDI0ODUvMi8xIDIzODQvMy8xIDIzODMvNC8xCmYgMjQ4NS8xLzEgMjQ4Ni8yLzEgMjM4NS8zLzEgMjM4NC80LzEKZiAyNDg2LzEvMSAyNDg3LzIvMSAyMzg2LzMvMSAyMzg1LzQvMQpmIDI0ODcvMS8xIDI0ODgvMi8xIDIzODcvMy8xIDIzODYvNC8xCmYgMjQ4OC8xLzEgMjQ4OS8yLzEgMjM4OC8zLzEgMjM4Ny80LzEKZiAyNDg5LzEvMSAyNDkwLzIvMSAyMzg5LzMvMSAyMzg4LzQvMQpmIDI0OTAvMS8xIDI0OTEvMi8xIDIzOTAvMy8xIDIzODkvNC8xCmYgMjQ5MS8xLzEgMjQ5Mi8yLzEgMjM5MS8zLzEgMjM5MC80LzEKZiAyNDkyLzEvMSAyNDkzLzIvMSAyMzkyLzMvMSAyMzkxLzQvMQpmIDI0OTMvMS8xIDI0OTQvMi8xIDIzOTMvMy8xIDIzOTIvNC8xCmYgMjQ5NC8xLzEgMjQ5NS8yLzEgMjM5NC8zLzEgMjM5My80LzEKZiAyNDk1LzEvMSAyNDk2LzIvMSAyMzk1LzMvMSAyMzk0LzQvMQpmIDI0OTYvMS8xIDI0OTcvMi8xIDIzOTYvMy8xIDIzOTUvNC8xCmYgMjQ5Ny8xLzEgMjQ5OC8yLzEgMjM5Ny8zLzEgMjM5Ni80LzEKZiAyNDk4LzEvMSAyNDk5LzIvMSAyMzk4LzMvMSAyMzk3LzQvMQpmIDI0OTkvMS8xIDI1MDAvMi8xIDIzOTkvMy8xIDIzOTgvNC8xCmYgMjUwMC8xLzEgMjUwMS8yLzEgMjQwMC8zLzEgMjM5OS80LzEKZiAyNTAxLzEvMSAyNTAyLzIvMSAyNDAxLzMvMSAyNDAwLzQvMQpmIDI1MDIvMS8xIDI1MDMvMi8xIDI0MDIvMy8xIDI0MDEvNC8xCmYgMjUwMy8xLzEgMjUwNC8yLzEgMjQwMy8zLzEgMjQwMi80LzEKZiAyNTA0LzEvMSAyNTA1LzIvMSAyNDA0LzMvMSAyNDAzLzQvMQpmIDI1MDUvMS8xIDI1MDYvMi8xIDI0MDUvMy8xIDI0MDQvNC8xCmYgMjUwNi8xLzEgMjUwNy8yLzEgMjQwNi8zLzEgMjQwNS80LzEKZiAyNTA3LzEvMSAyNTA4LzIvMSAyNDA3LzMvMSAyNDA2LzQvMQpmIDI1MDgvMS8xIDI1MDkvMi8xIDI0MDgvMy8xIDI0MDcvNC8xCmYgMjUwOS8xLzEgMjUxMC8yLzEgMjQwOS8zLzEgMjQwOC80LzEKZiAyNTEwLzEvMSAyNTExLzIvMSAyNDEwLzMvMSAyNDA5LzQvMQpmIDI1MTEvMS8xIDI1MTIvMi8xIDI0MTEvMy8xIDI0MTAvNC8xCmYgMjUxMi8xLzEgMjUxMy8yLzEgMjQxMi8zLzEgMjQxMS80LzEKZiAyNTEzLzEvMSAyNTE0LzIvMSAyNDEzLzMvMSAyNDEyLzQvMQpmIDI1MTQvMS8xIDI1MTUvMi8xIDI0MTQvMy8xIDI0MTMvNC8xCmYgMjUxNS8xLzEgMjUxNi8yLzEgMjQxNS8zLzEgMjQxNC80LzEKZiAyNTE2LzEvMSAyNTE3LzIvMSAyNDE2LzMvMSAyNDE1LzQvMQpmIDI1MTcvMS8xIDI1MTgvMi8xIDI0MTcvMy8xIDI0MTYvNC8xCmYgMjUxOC8xLzEgMjUxOS8yLzEgMjQxOC8zLzEgMjQxNy80LzEKZiAyNTE5LzEvMSAyNTIwLzIvMSAyNDE5LzMvMSAyNDE4LzQvMQpmIDI1MjAvMS8xIDI1MjEvMi8xIDI0MjAvMy8xIDI0MTkvNC8xCmYgMjUyMS8xLzEgMjUyMi8yLzEgMjQyMS8zLzEgMjQyMC80LzEKZiAyNTIyLzEvMSAyNTIzLzIvMSAyNDIyLzMvMSAyNDIxLzQvMQpmIDI1MjMvMS8xIDI1MjQvMi8xIDI0MjMvMy8xIDI0MjIvNC8xCmYgMjUyNC8xLzEgMjUyNS8yLzEgMjQyNC8zLzEgMjQyMy80LzEKZiAyNTI2LzEvMSAyNTI3LzIvMSAyNDI2LzMvMSAyNDI1LzQvMQpmIDI1MjcvMS8xIDI1MjgvMi8xIDI0MjcvMy8xIDI0MjYvNC8xCmYgMjUyOC8xLzEgMjUyOS8yLzEgMjQyOC8zLzEgMjQyNy80LzEKZiAyNTI5LzEvMSAyNTMwLzIvMSAyNDI5LzMvMSAyNDI4LzQvMQpmIDI1MzAvMS8xIDI1MzEvMi8xIDI0MzAvMy8xIDI0MjkvNC8xCmYgMjUzMS8xLzEgMjUzMi8yLzEgMjQzMS8zLzEgMjQzMC80LzEKZiAyNTMyLzEvMSAyNTMzLzIvMSAyNDMyLzMvMSAyNDMxLzQvMQpmIDI1MzMvMS8xIDI1MzQvMi8xIDI0MzMvMy8xIDI0MzIvNC8xCmYgMjUzNC8xLzEgMjUzNS8yLzEgMjQzNC8zLzEgMjQzMy80LzEKZiAyNTM1LzEvMSAyNTM2LzIvMSAyNDM1LzMvMSAyNDM0LzQvMQpmIDI1MzYvMS8xIDI1MzcvMi8xIDI0MzYvMy8xIDI0MzUvNC8xCmYgMjUzNy8xLzEgMjUzOC8yLzEgMjQzNy8zLzEgMjQzNi80LzEKZiAyNTM4LzEvMSAyNTM5LzIvMSAyNDM4LzMvMSAyNDM3LzQvMQpmIDI1MzkvMS8xIDI1NDAvMi8xIDI0MzkvMy8xIDI0MzgvNC8xCmYgMjU0MC8xLzEgMjU0MS8yLzEgMjQ0MC8zLzEgMjQzOS80LzEKZiAyNTQxLzEvMSAyNTQyLzIvMSAyNDQxLzMvMSAyNDQwLzQvMQpmIDI1NDIvMS8xIDI1NDMvMi8xIDI0NDIvMy8xIDI0NDEvNC8xCmYgMjU0My8xLzEgMjU0NC8yLzEgMjQ0My8zLzEgMjQ0Mi80LzEKZiAyNTQ0LzEvMSAyNTQ1LzIvMSAyNDQ0LzMvMSAyNDQzLzQvMQpmIDI1NDUvMS8xIDI1NDYvMi8xIDI0NDUvMy8xIDI0NDQvNC8xCmYgMjU0Ni8xLzEgMjU0Ny8yLzEgMjQ0Ni8zLzEgMjQ0NS80LzEKZiAyNTQ3LzEvMSAyNTQ4LzIvMSAyNDQ3LzMvMSAyNDQ2LzQvMQpmIDI1NDgvMS8xIDI1NDkvMi8xIDI0NDgvMy8xIDI0NDcvNC8xCmYgMjU0OS8xLzEgMjU1MC8yLzEgMjQ0OS8zLzEgMjQ0OC80LzEKZiAyNTUwLzEvMSAyNTUxLzIvMSAyNDUwLzMvMSAyNDQ5LzQvMQpmIDI1NTEvNS8xIDI1NTIvNi8xIDI0NTEvNy8xIDI0NTAvOC8xCmYgMjU1Mi85LzEgMjU1My8xMC8xIDI0NTIvMTEvMSAyNDUxLzEyLzEKZiAyNTUzLzkvMSAyNTU0LzEwLzEgMjQ1My8xMS8xIDI0NTIvMTIvMQpmIDI1NTQvMTMvMSAyNTU1LzE0LzEgMjQ1NC8xNS8xIDI0NTMvMTYvMQpmIDI1NTUvMS8xIDI1NTYvMi8xIDI0NTUvMy8xIDI0NTQvNC8xCmYgMjU1Ni8xLzEgMjU1Ny8yLzEgMjQ1Ni8zLzEgMjQ1NS80LzEKZiAyNTU3LzEvMSAyNTU4LzIvMSAyNDU3LzMvMSAyNDU2LzQvMQpmIDI1NTgvMS8xIDI1NTkvMi8xIDI0NTgvMy8xIDI0NTcvNC8xCmYgMjU1OS8xLzEgMjU2MC8yLzEgMjQ1OS8zLzEgMjQ1OC80LzEKZiAyNTYwLzEvMSAyNTYxLzIvMSAyNDYwLzMvMSAyNDU5LzQvMQpmIDI1NjEvMTMvMSAyNTYyLzE0LzEgMjQ2MS8xNS8xIDI0NjAvMTYvMQpmIDI1NjIvMS8xIDI1NjMvMi8xIDI0NjIvMy8xIDI0NjEvNC8xCmYgMjU2My8xLzEgMjU2NC8yLzEgMjQ2My8zLzEgMjQ2Mi80LzEKZiAyNTY0LzEvMSAyNTY1LzIvMSAyNDY0LzMvMSAyNDYzLzQvMQpmIDI1NjUvMS8xIDI1NjYvMi8xIDI0NjUvMy8xIDI0NjQvNC8xCmYgMjU2Ni85LzEgMjU2Ny8xMC8xIDI0NjYvMTEvMSAyNDY1LzEyLzEKZiAyNTY3LzkvMSAyNTY4LzEwLzEgMjQ2Ny8xMS8xIDI0NjYvMTIvMQpmIDI1NjgvOS8xIDI1NjkvMTAvMSAyNDY4LzExLzEgMjQ2Ny8xMi8xCmYgMjU2OS8xLzEgMjU3MC8yLzEgMjQ2OS8zLzEgMjQ2OC80LzEKZiAyNTcwLzEvMSAyNTcxLzIvMSAyNDcwLzMvMSAyNDY5LzQvMQpmIDI1NzEvMS8xIDI1NzIvMi8xIDI0NzEvMy8xIDI0NzAvNC8xCmYgMjU3Mi8xMy8xIDI1NzMvMTQvMSAyNDcyLzE1LzEgMjQ3MS8xNi8xCmYgMjU3My8xLzEgMjU3NC8yLzEgMjQ3My8zLzEgMjQ3Mi80LzEKZiAyNTc0LzEvMSAyNTc1LzIvMSAyNDc0LzMvMSAyNDczLzQvMQpmIDI1NzUvMTMvMSAyNTc2LzE0LzEgMjQ3NS8xNS8xIDI0NzQvMTYvMQpmIDI1NzYvMS8xIDI1NzcvMi8xIDI0NzYvMy8xIDI0NzUvNC8xCmYgMjU3Ny8xLzEgMjU3OC8yLzEgMjQ3Ny8zLzEgMjQ3Ni80LzEKZiAyNTc4LzEvMSAyNTc5LzIvMSAyNDc4LzMvMSAyNDc3LzQvMQpmIDI1NzkvMS8xIDI1ODAvMi8xIDI0NzkvMy8xIDI0NzgvNC8xCmYgMjU4MC8xLzEgMjU4MS8yLzEgMjQ4MC8zLzEgMjQ3OS80LzEKZiAyNTgxLzEvMSAyNTgyLzIvMSAyNDgxLzMvMSAyNDgwLzQvMQpmIDI1ODIvMS8xIDI1ODMvMi8xIDI0ODIvMy8xIDI0ODEvNC8xCmYgMjU4My8xLzEgMjU4NC8yLzEgMjQ4My8zLzEgMjQ4Mi80LzEKZiAyNTg0LzEvMSAyNTg1LzIvMSAyNDg0LzMvMSAyNDgzLzQvMQpmIDI1ODUvMS8xIDI1ODYvMi8xIDI0ODUvMy8xIDI0ODQvNC8xCmYgMjU4Ni8xLzEgMjU4Ny8yLzEgMjQ4Ni8zLzEgMjQ4NS80LzEKZiAyNTg3LzEvMSAyNTg4LzIvMSAyNDg3LzMvMSAyNDg2LzQvMQpmIDI1ODgvMS8xIDI1ODkvMi8xIDI0ODgvMy8xIDI0ODcvNC8xCmYgMjU4OS8xLzEgMjU5MC8yLzEgMjQ4OS8zLzEgMjQ4OC80LzEKZiAyNTkwLzEvMSAyNTkxLzIvMSAyNDkwLzMvMSAyNDg5LzQvMQpmIDI1OTEvMS8xIDI1OTIvMi8xIDI0OTEvMy8xIDI0OTAvNC8xCmYgMjU5Mi8xLzEgMjU5My8yLzEgMjQ5Mi8zLzEgMjQ5MS80LzEKZiAyNTkzLzEvMSAyNTk0LzIvMSAyNDkzLzMvMSAyNDkyLzQvMQpmIDI1OTQvMS8xIDI1OTUvMi8xIDI0OTQvMy8xIDI0OTMvNC8xCmYgMjU5NS8xLzEgMjU5Ni8yLzEgMjQ5NS8zLzEgMjQ5NC80LzEKZiAyNTk2LzEvMSAyNTk3LzIvMSAyNDk2LzMvMSAyNDk1LzQvMQpmIDI1OTcvMS8xIDI1OTgvMi8xIDI0OTcvMy8xIDI0OTYvNC8xCmYgMjU5OC8xLzEgMjU5OS8yLzEgMjQ5OC8zLzEgMjQ5Ny80LzEKZiAyNTk5LzEvMSAyNjAwLzIvMSAyNDk5LzMvMSAyNDk4LzQvMQpmIDI2MDAvMS8xIDI2MDEvMi8xIDI1MDAvMy8xIDI0OTkvNC8xCmYgMjYwMS8xLzEgMjYwMi8yLzEgMjUwMS8zLzEgMjUwMC80LzEKZiAyNjAyLzEvMSAyNjAzLzIvMSAyNTAyLzMvMSAyNTAxLzQvMQpmIDI2MDMvMS8xIDI2MDQvMi8xIDI1MDMvMy8xIDI1MDIvNC8xCmYgMjYwNC8xLzEgMjYwNS8yLzEgMjUwNC8zLzEgMjUwMy80LzEKZiAyNjA1LzEvMSAyNjA2LzIvMSAyNTA1LzMvMSAyNTA0LzQvMQpmIDI2MDYvMS8xIDI2MDcvMi8xIDI1MDYvMy8xIDI1MDUvNC8xCmYgMjYwNy8xLzEgMjYwOC8yLzEgMjUwNy8zLzEgMjUwNi80LzEKZiAyNjA4LzEvMSAyNjA5LzIvMSAyNTA4LzMvMSAyNTA3LzQvMQpmIDI2MDkvMS8xIDI2MTAvMi8xIDI1MDkvMy8xIDI1MDgvNC8xCmYgMjYxMC8xLzEgMjYxMS8yLzEgMjUxMC8zLzEgMjUwOS80LzEKZiAyNjExLzEvMSAyNjEyLzIvMSAyNTExLzMvMSAyNTEwLzQvMQpmIDI2MTIvMS8xIDI2MTMvMi8xIDI1MTIvMy8xIDI1MTEvNC8xCmYgMjYxMy8xLzEgMjYxNC8yLzEgMjUxMy8zLzEgMjUxMi80LzEKZiAyNjE0LzEvMSAyNjE1LzIvMSAyNTE0LzMvMSAyNTEzLzQvMQpmIDI2MTUvMS8xIDI2MTYvMi8xIDI1MTUvMy8xIDI1MTQvNC8xCmYgMjYxNi8xLzEgMjYxNy8yLzEgMjUxNi8zLzEgMjUxNS80LzEKZiAyNjE3LzEvMSAyNjE4LzIvMSAyNTE3LzMvMSAyNTE2LzQvMQpmIDI2MTgvMS8xIDI2MTkvMi8xIDI1MTgvMy8xIDI1MTcvNC8xCmYgMjYxOS8xLzEgMjYyMC8yLzEgMjUxOS8zLzEgMjUxOC80LzEKZiAyNjIwLzEvMSAyNjIxLzIvMSAyNTIwLzMvMSAyNTE5LzQvMQpmIDI2MjEvMS8xIDI2MjIvMi8xIDI1MjEvMy8xIDI1MjAvNC8xCmYgMjYyMi8xLzEgMjYyMy8yLzEgMjUyMi8zLzEgMjUyMS80LzEKZiAyNjIzLzEvMSAyNjI0LzIvMSAyNTIzLzMvMSAyNTIyLzQvMQpmIDI2MjQvMS8xIDI2MjUvMi8xIDI1MjQvMy8xIDI1MjMvNC8xCmYgMjYyNS8xLzEgMjYyNi8yLzEgMjUyNS8zLzEgMjUyNC80LzEKZiAyNjI3LzEvMSAyNjI4LzIvMSAyNTI3LzMvMSAyNTI2LzQvMQpmIDI2MjgvMS8xIDI2MjkvMi8xIDI1MjgvMy8xIDI1MjcvNC8xCmYgMjYyOS8xLzEgMjYzMC8yLzEgMjUyOS8zLzEgMjUyOC80LzEKZiAyNjMwLzEvMSAyNjMxLzIvMSAyNTMwLzMvMSAyNTI5LzQvMQpmIDI2MzEvMS8xIDI2MzIvMi8xIDI1MzEvMy8xIDI1MzAvNC8xCmYgMjYzMi8xLzEgMjYzMy8yLzEgMjUzMi8zLzEgMjUzMS80LzEKZiAyNjMzLzEvMSAyNjM0LzIvMSAyNTMzLzMvMSAyNTMyLzQvMQpmIDI2MzQvMS8xIDI2MzUvMi8xIDI1MzQvMy8xIDI1MzMvNC8xCmYgMjYzNS8xLzEgMjYzNi8yLzEgMjUzNS8zLzEgMjUzNC80LzEKZiAyNjM2LzEvMSAyNjM3LzIvMSAyNTM2LzMvMSAyNTM1LzQvMQpmIDI2MzcvMS8xIDI2MzgvMi8xIDI1MzcvMy8xIDI1MzYvNC8xCmYgMjYzOC8xLzEgMjYzOS8yLzEgMjUzOC8zLzEgMjUzNy80LzEKZiAyNjM5LzEvMSAyNjQwLzIvMSAyNTM5LzMvMSAyNTM4LzQvMQpmIDI2NDAvMS8xIDI2NDEvMi8xIDI1NDAvMy8xIDI1MzkvNC8xCmYgMjY0MS8xLzEgMjY0Mi8yLzEgMjU0MS8zLzEgMjU0MC80LzEKZiAyNjQyLzEvMSAyNjQzLzIvMSAyNTQyLzMvMSAyNTQxLzQvMQpmIDI2NDMvMS8xIDI2NDQvMi8xIDI1NDMvMy8xIDI1NDIvNC8xCmYgMjY0NC8xLzEgMjY0NS8yLzEgMjU0NC8zLzEgMjU0My80LzEKZiAyNjQ1LzEvMSAyNjQ2LzIvMSAyNTQ1LzMvMSAyNTQ0LzQvMQpmIDI2NDYvMS8xIDI2NDcvMi8xIDI1NDYvMy8xIDI1NDUvNC8xCmYgMjY0Ny8xLzEgMjY0OC8yLzEgMjU0Ny8zLzEgMjU0Ni80LzEKZiAyNjQ4LzEvMSAyNjQ5LzIvMSAyNTQ4LzMvMSAyNTQ3LzQvMQpmIDI2NDkvMS8xIDI2NTAvMi8xIDI1NDkvMy8xIDI1NDgvNC8xCmYgMjY1MC8xLzEgMjY1MS8yLzEgMjU1MC8zLzEgMjU0OS80LzEKZiAyNjUxLzEvMSAyNjUyLzIvMSAyNTUxLzMvMSAyNTUwLzQvMQpmIDI2NTIvNS8xIDI2NTMvNi8xIDI1NTIvNy8xIDI1NTEvOC8xCmYgMjY1My8xLzEgMjY1NC8yLzEgMjU1My8zLzEgMjU1Mi80LzEKZiAyNjU0LzEvMSAyNjU1LzIvMSAyNTU0LzMvMSAyNTUzLzQvMQpmIDI2NTUvOS8xIDI2NTYvMTAvMSAyNTU1LzExLzEgMjU1NC8xMi8xCmYgMjY1Ni85LzEgMjY1Ny8xMC8xIDI1NTYvMTEvMSAyNTU1LzEyLzEKZiAyNjU3LzEzLzEgMjY1OC8xNC8xIDI1NTcvMTUvMSAyNTU2LzE2LzEKZiAyNjU4LzkvMSAyNjU5LzEwLzEgMjU1OC8xMS8xIDI1NTcvMTIvMQpmIDI2NTkvMTMvMSAyNjYwLzE0LzEgMjU1OS8xNS8xIDI1NTgvMTYvMQpmIDI2NjAvMS8xIDI2NjEvMi8xIDI1NjAvMy8xIDI1NTkvNC8xCmYgMjY2MS85LzEgMjY2Mi8xMC8xIDI1NjEvMTEvMSAyNTYwLzEyLzEKZiAyNjYyLzkvMSAyNjYzLzEwLzEgMjU2Mi8xMS8xIDI1NjEvMTIvMQpmIDI2NjMvOS8xIDI2NjQvMTAvMSAyNTYzLzExLzEgMjU2Mi8xMi8xCmYgMjY2NC85LzEgMjY2NS8xMC8xIDI1NjQvMTEvMSAyNTYzLzEyLzEKZiAyNjY1LzkvMSAyNjY2LzEwLzEgMjU2NS8xMS8xIDI1NjQvMTIvMQpmIDI2NjYvNS8xIDI2NjcvNi8xIDI1NjYvNy8xIDI1NjUvOC8xCmYgMjY2Ny85LzEgMjY2OC8xMC8xIDI1NjcvMTEvMSAyNTY2LzEyLzEKZiAyNjY4LzEzLzEgMjY2OS8xNC8xIDI1NjgvMTUvMSAyNTY3LzE2LzEKZiAyNjY5LzEvMSAyNjcwLzIvMSAyNTY5LzMvMSAyNTY4LzQvMQpmIDI2NzAvMS8xIDI2NzEvMi8xIDI1NzAvMy8xIDI1NjkvNC8xCmYgMjY3MS8xLzEgMjY3Mi8yLzEgMjU3MS8zLzEgMjU3MC80LzEKZiAyNjcyLzUvMSAyNjczLzYvMSAyNTcyLzcvMSAyNTcxLzgvMQpmIDI2NzMvMS8xIDI2NzQvMi8xIDI1NzMvMy8xIDI1NzIvNC8xCmYgMjY3NC8xLzEgMjY3NS8yLzEgMjU3NC8zLzEgMjU3My80LzEKZiAyNjc1LzEvMSAyNjc2LzIvMSAyNTc1LzMvMSAyNTc0LzQvMQpmIDI2NzYvNS8xIDI2NzcvNi8xIDI1NzYvNy8xIDI1NzUvOC8xCmYgMjY3Ny8xLzEgMjY3OC8yLzEgMjU3Ny8zLzEgMjU3Ni80LzEKZiAyNjc4LzEvMSAyNjc5LzIvMSAyNTc4LzMvMSAyNTc3LzQvMQpmIDI2NzkvMS8xIDI2ODAvMi8xIDI1NzkvMy8xIDI1NzgvNC8xCmYgMjY4MC8xLzEgMjY4MS8yLzEgMjU4MC8zLzEgMjU3OS80LzEKZiAyNjgxLzEvMSAyNjgyLzIvMSAyNTgxLzMvMSAyNTgwLzQvMQpmIDI2ODIvMS8xIDI2ODMvMi8xIDI1ODIvMy8xIDI1ODEvNC8xCmYgMjY4My8xLzEgMjY4NC8yLzEgMjU4My8zLzEgMjU4Mi80LzEKZiAyNjg0LzEvMSAyNjg1LzIvMSAyNTg0LzMvMSAyNTgzLzQvMQpmIDI2ODUvMS8xIDI2ODYvMi8xIDI1ODUvMy8xIDI1ODQvNC8xCmYgMjY4Ni8xLzEgMjY4Ny8yLzEgMjU4Ni8zLzEgMjU4NS80LzEKZiAyNjg3LzEvMSAyNjg4LzIvMSAyNTg3LzMvMSAyNTg2LzQvMQpmIDI2ODgvMS8xIDI2ODkvMi8xIDI1ODgvMy8xIDI1ODcvNC8xCmYgMjY4OS8xLzEgMjY5MC8yLzEgMjU4OS8zLzEgMjU4OC80LzEKZiAyNjkwLzEvMSAyNjkxLzIvMSAyNTkwLzMvMSAyNTg5LzQvMQpmIDI2OTEvMS8xIDI2OTIvMi8xIDI1OTEvMy8xIDI1OTAvNC8xCmYgMjY5Mi8xLzEgMjY5My8yLzEgMjU5Mi8zLzEgMjU5MS80LzEKZiAyNjkzLzEvMSAyNjk0LzIvMSAyNTkzLzMvMSAyNTkyLzQvMQpmIDI2OTQvMS8xIDI2OTUvMi8xIDI1OTQvMy8xIDI1OTMvNC8xCmYgMjY5NS8xLzEgMjY5Ni8yLzEgMjU5NS8zLzEgMjU5NC80LzEKZiAyNjk2LzEvMSAyNjk3LzIvMSAyNTk2LzMvMSAyNTk1LzQvMQpmIDI2OTcvMS8xIDI2OTgvMi8xIDI1OTcvMy8xIDI1OTYvNC8xCmYgMjY5OC8xLzEgMjY5OS8yLzEgMjU5OC8zLzEgMjU5Ny80LzEKZiAyNjk5LzEvMSAyNzAwLzIvMSAyNTk5LzMvMSAyNTk4LzQvMQpmIDI3MDAvMS8xIDI3MDEvMi8xIDI2MDAvMy8xIDI1OTkvNC8xCmYgMjcwMS8xLzEgMjcwMi8yLzEgMjYwMS8zLzEgMjYwMC80LzEKZiAyNzAyLzEvMSAyNzAzLzIvMSAyNjAyLzMvMSAyNjAxLzQvMQpmIDI3MDMvMS8xIDI3MDQvMi8xIDI2MDMvMy8xIDI2MDIvNC8xCmYgMjcwNC8xLzEgMjcwNS8yLzEgMjYwNC8zLzEgMjYwMy80LzEKZiAyNzA1LzEvMSAyNzA2LzIvMSAyNjA1LzMvMSAyNjA0LzQvMQpmIDI3MDYvMS8xIDI3MDcvMi8xIDI2MDYvMy8xIDI2MDUvNC8xCmYgMjcwNy8xLzEgMjcwOC8yLzEgMjYwNy8zLzEgMjYwNi80LzEKZiAyNzA4LzEvMSAyNzA5LzIvMSAyNjA4LzMvMSAyNjA3LzQvMQpmIDI3MDkvMS8xIDI3MTAvMi8xIDI2MDkvMy8xIDI2MDgvNC8xCmYgMjcxMC8xLzEgMjcxMS8yLzEgMjYxMC8zLzEgMjYwOS80LzEKZiAyNzExLzEvMSAyNzEyLzIvMSAyNjExLzMvMSAyNjEwLzQvMQpmIDI3MTIvMS8xIDI3MTMvMi8xIDI2MTIvMy8xIDI2MTEvNC8xCmYgMjcxMy8xLzEgMjcxNC8yLzEgMjYxMy8zLzEgMjYxMi80LzEKZiAyNzE0LzEvMSAyNzE1LzIvMSAyNjE0LzMvMSAyNjEzLzQvMQpmIDI3MTUvMS8xIDI3MTYvMi8xIDI2MTUvMy8xIDI2MTQvNC8xCmYgMjcxNi8xLzEgMjcxNy8yLzEgMjYxNi8zLzEgMjYxNS80LzEKZiAyNzE3LzEvMSAyNzE4LzIvMSAyNjE3LzMvMSAyNjE2LzQvMQpmIDI3MTgvMS8xIDI3MTkvMi8xIDI2MTgvMy8xIDI2MTcvNC8xCmYgMjcxOS8xLzEgMjcyMC8yLzEgMjYxOS8zLzEgMjYxOC80LzEKZiAyNzIwLzEvMSAyNzIxLzIvMSAyNjIwLzMvMSAyNjE5LzQvMQpmIDI3MjEvMS8xIDI3MjIvMi8xIDI2MjEvMy8xIDI2MjAvNC8xCmYgMjcyMi8xLzEgMjcyMy8yLzEgMjYyMi8zLzEgMjYyMS80LzEKZiAyNzIzLzEvMSAyNzI0LzIvMSAyNjIzLzMvMSAyNjIyLzQvMQpmIDI3MjQvMS8xIDI3MjUvMi8xIDI2MjQvMy8xIDI2MjMvNC8xCmYgMjcyNS8xLzEgMjcyNi8yLzEgMjYyNS8zLzEgMjYyNC80LzEKZiAyNzI2LzEvMSAyNzI3LzIvMSAyNjI2LzMvMSAyNjI1LzQvMQpmIDI3MjgvMS8xIDI3MjkvMi8xIDI2MjgvMy8xIDI2MjcvNC8xCmYgMjcyOS8xLzEgMjczMC8yLzEgMjYyOS8zLzEgMjYyOC80LzEKZiAyNzMwLzEvMSAyNzMxLzIvMSAyNjMwLzMvMSAyNjI5LzQvMQpmIDI3MzEvMS8xIDI3MzIvMi8xIDI2MzEvMy8xIDI2MzAvNC8xCmYgMjczMi8xLzEgMjczMy8yLzEgMjYzMi8zLzEgMjYzMS80LzEKZiAyNzMzLzEvMSAyNzM0LzIvMSAyNjMzLzMvMSAyNjMyLzQvMQpmIDI3MzQvMS8xIDI3MzUvMi8xIDI2MzQvMy8xIDI2MzMvNC8xCmYgMjczNS8xLzEgMjczNi8yLzEgMjYzNS8zLzEgMjYzNC80LzEKZiAyNzM2LzEvMSAyNzM3LzIvMSAyNjM2LzMvMSAyNjM1LzQvMQpmIDI3MzcvMS8xIDI3MzgvMi8xIDI2MzcvMy8xIDI2MzYvNC8xCmYgMjczOC8xLzEgMjczOS8yLzEgMjYzOC8zLzEgMjYzNy80LzEKZiAyNzM5LzEvMSAyNzQwLzIvMSAyNjM5LzMvMSAyNjM4LzQvMQpmIDI3NDAvMS8xIDI3NDEvMi8xIDI2NDAvMy8xIDI2MzkvNC8xCmYgMjc0MS8xLzEgMjc0Mi8yLzEgMjY0MS8zLzEgMjY0MC80LzEKZiAyNzQyLzEvMSAyNzQzLzIvMSAyNjQyLzMvMSAyNjQxLzQvMQpmIDI3NDMvMS8xIDI3NDQvMi8xIDI2NDMvMy8xIDI2NDIvNC8xCmYgMjc0NC8xLzEgMjc0NS8yLzEgMjY0NC8zLzEgMjY0My80LzEKZiAyNzQ1LzEvMSAyNzQ2LzIvMSAyNjQ1LzMvMSAyNjQ0LzQvMQpmIDI3NDYvMS8xIDI3NDcvMi8xIDI2NDYvMy8xIDI2NDUvNC8xCmYgMjc0Ny8xLzEgMjc0OC8yLzEgMjY0Ny8zLzEgMjY0Ni80LzEKZiAyNzQ4LzEvMSAyNzQ5LzIvMSAyNjQ4LzMvMSAyNjQ3LzQvMQpmIDI3NDkvMS8xIDI3NTAvMi8xIDI2NDkvMy8xIDI2NDgvNC8xCmYgMjc1MC8xLzEgMjc1MS8yLzEgMjY1MC8zLzEgMjY0OS80LzEKZiAyNzUxLzEvMSAyNzUyLzIvMSAyNjUxLzMvMSAyNjUwLzQvMQpmIDI3NTIvMS8xIDI3NTMvMi8xIDI2NTIvMy8xIDI2NTEvNC8xCmYgMjc1My85LzEgMjc1NC8xMC8xIDI2NTMvMTEvMSAyNjUyLzEyLzEKZiAyNzU0LzUvMSAyNzU1LzYvMSAyNjU0LzcvMSAyNjUzLzgvMQpmIDI3NTUvNS8xIDI3NTYvNi8xIDI2NTUvNy8xIDI2NTQvOC8xCmYgMjc1Ni81LzEgMjc1Ny82LzEgMjY1Ni83LzEgMjY1NS84LzEKZiAyNzU3LzEzLzEgMjc1OC8xNC8xIDI2NTcvMTUvMSAyNjU2LzE2LzEKZiAyNzU4LzEzLzEgMjc1OS8xNC8xIDI2NTgvMTUvMSAyNjU3LzE2LzEKZiAyNzU5LzkvMSAyNzYwLzEwLzEgMjY1OS8xMS8xIDI2NTgvMTIvMQpmIDI3NjAvMTMvMSAyNzYxLzE0LzEgMjY2MC8xNS8xIDI2NTkvMTYvMQpmIDI3NjEvMS8xIDI3NjIvMi8xIDI2NjEvMy8xIDI2NjAvNC8xCmYgMjc2Mi81LzEgMjc2My82LzEgMjY2Mi83LzEgMjY2MS84LzEKZiAyNzYzLzEvMSAyNzY0LzIvMSAyNjYzLzMvMSAyNjYyLzQvMQpmIDI3NjQvNS8xIDI3NjUvNi8xIDI2NjQvNy8xIDI2NjMvOC8xCmYgMjc2NS81LzEgMjc2Ni82LzEgMjY2NS83LzEgMjY2NC84LzEKZiAyNzY2LzkvMSAyNzY3LzEwLzEgMjY2Ni8xMS8xIDI2NjUvMTIvMQpmIDI3NjcvOS8xIDI3NjgvMTAvMSAyNjY3LzExLzEgMjY2Ni8xMi8xCmYgMjc2OC85LzEgMjc2OS8xMC8xIDI2NjgvMTEvMSAyNjY3LzEyLzEKZiAyNzY5LzkvMSAyNzcwLzEwLzEgMjY2OS8xMS8xIDI2NjgvMTIvMQpmIDI3NzAvMS8xIDI3NzEvMi8xIDI2NzAvMy8xIDI2NjkvNC8xCmYgMjc3MS8xLzEgMjc3Mi8yLzEgMjY3MS8zLzEgMjY3MC80LzEKZiAyNzcyLzEvMSAyNzczLzIvMSAyNjcyLzMvMSAyNjcxLzQvMQpmIDI3NzMvNS8xIDI3NzQvNi8xIDI2NzMvNy8xIDI2NzIvOC8xCmYgMjc3NC8xLzEgMjc3NS8yLzEgMjY3NC8zLzEgMjY3My80LzEKZiAyNzc1LzEvMSAyNzc2LzIvMSAyNjc1LzMvMSAyNjc0LzQvMQpmIDI3NzYvMS8xIDI3NzcvMi8xIDI2NzYvMy8xIDI2NzUvNC8xCmYgMjc3Ny81LzEgMjc3OC82LzEgMjY3Ny83LzEgMjY3Ni84LzEKZiAyNzc4LzEvMSAyNzc5LzIvMSAyNjc4LzMvMSAyNjc3LzQvMQpmIDI3NzkvMS8xIDI3ODAvMi8xIDI2NzkvMy8xIDI2NzgvNC8xCmYgMjc4MC8xLzEgMjc4MS8yLzEgMjY4MC8zLzEgMjY3OS80LzEKZiAyNzgxLzEvMSAyNzgyLzIvMSAyNjgxLzMvMSAyNjgwLzQvMQpmIDI3ODIvMS8xIDI3ODMvMi8xIDI2ODIvMy8xIDI2ODEvNC8xCmYgMjc4My8xLzEgMjc4NC8yLzEgMjY4My8zLzEgMjY4Mi80LzEKZiAyNzg0LzEvMSAyNzg1LzIvMSAyNjg0LzMvMSAyNjgzLzQvMQpmIDI3ODUvMS8xIDI3ODYvMi8xIDI2ODUvMy8xIDI2ODQvNC8xCmYgMjc4Ni8xLzEgMjc4Ny8yLzEgMjY4Ni8zLzEgMjY4NS80LzEKZiAyNzg3LzEvMSAyNzg4LzIvMSAyNjg3LzMvMSAyNjg2LzQvMQpmIDI3ODgvMS8xIDI3ODkvMi8xIDI2ODgvMy8xIDI2ODcvNC8xCmYgMjc4OS8xLzEgMjc5MC8yLzEgMjY4OS8zLzEgMjY4OC80LzEKZiAyNzkwLzEvMSAyNzkxLzIvMSAyNjkwLzMvMSAyNjg5LzQvMQpmIDI3OTEvMS8xIDI3OTIvMi8xIDI2OTEvMy8xIDI2OTAvNC8xCmYgMjc5Mi8xLzEgMjc5My8yLzEgMjY5Mi8zLzEgMjY5MS80LzEKZiAyNzkzLzEvMSAyNzk0LzIvMSAyNjkzLzMvMSAyNjkyLzQvMQpmIDI3OTQvMS8xIDI3OTUvMi8xIDI2OTQvMy8xIDI2OTMvNC8xCmYgMjc5NS8xLzEgMjc5Ni8yLzEgMjY5NS8zLzEgMjY5NC80LzEKZiAyNzk2LzEvMSAyNzk3LzIvMSAyNjk2LzMvMSAyNjk1LzQvMQpmIDI3OTcvMS8xIDI3OTgvMi8xIDI2OTcvMy8xIDI2OTYvNC8xCmYgMjc5OC8xLzEgMjc5OS8yLzEgMjY5OC8zLzEgMjY5Ny80LzEKZiAyNzk5LzEvMSAyODAwLzIvMSAyNjk5LzMvMSAyNjk4LzQvMQpmIDI4MDAvMS8xIDI4MDEvMi8xIDI3MDAvMy8xIDI2OTkvNC8xCmYgMjgwMS8xLzEgMjgwMi8yLzEgMjcwMS8zLzEgMjcwMC80LzEKZiAyODAyLzEvMSAyODAzLzIvMSAyNzAyLzMvMSAyNzAxLzQvMQpmIDI4MDMvMS8xIDI4MDQvMi8xIDI3MDMvMy8xIDI3MDIvNC8xCmYgMjgwNC8xLzEgMjgwNS8yLzEgMjcwNC8zLzEgMjcwMy80LzEKZiAyODA1LzEvMSAyODA2LzIvMSAyNzA1LzMvMSAyNzA0LzQvMQpmIDI4MDYvMS8xIDI4MDcvMi8xIDI3MDYvMy8xIDI3MDUvNC8xCmYgMjgwNy8xLzEgMjgwOC8yLzEgMjcwNy8zLzEgMjcwNi80LzEKZiAyODA4LzEvMSAyODA5LzIvMSAyNzA4LzMvMSAyNzA3LzQvMQpmIDI4MDkvMS8xIDI4MTAvMi8xIDI3MDkvMy8xIDI3MDgvNC8xCmYgMjgxMC8xLzEgMjgxMS8yLzEgMjcxMC8zLzEgMjcwOS80LzEKZiAyODExLzEvMSAyODEyLzIvMSAyNzExLzMvMSAyNzEwLzQvMQpmIDI4MTIvMS8xIDI4MTMvMi8xIDI3MTIvMy8xIDI3MTEvNC8xCmYgMjgxMy8xLzEgMjgxNC8yLzEgMjcxMy8zLzEgMjcxMi80LzEKZiAyODE0LzEvMSAyODE1LzIvMSAyNzE0LzMvMSAyNzEzLzQvMQpmIDI4MTUvMS8xIDI4MTYvMi8xIDI3MTUvMy8xIDI3MTQvNC8xCmYgMjgxNi8xLzEgMjgxNy8yLzEgMjcxNi8zLzEgMjcxNS80LzEKZiAyODE3LzEvMSAyODE4LzIvMSAyNzE3LzMvMSAyNzE2LzQvMQpmIDI4MTgvMS8xIDI4MTkvMi8xIDI3MTgvMy8xIDI3MTcvNC8xCmYgMjgxOS8xLzEgMjgyMC8yLzEgMjcxOS8zLzEgMjcxOC80LzEKZiAyODIwLzEvMSAyODIxLzIvMSAyNzIwLzMvMSAyNzE5LzQvMQpmIDI4MjEvMS8xIDI4MjIvMi8xIDI3MjEvMy8xIDI3MjAvNC8xCmYgMjgyMi8xLzEgMjgyMy8yLzEgMjcyMi8zLzEgMjcyMS80LzEKZiAyODIzLzEvMSAyODI0LzIvMSAyNzIzLzMvMSAyNzIyLzQvMQpmIDI4MjQvMS8xIDI4MjUvMi8xIDI3MjQvMy8xIDI3MjMvNC8xCmYgMjgyNS8xLzEgMjgyNi8yLzEgMjcyNS8zLzEgMjcyNC80LzEKZiAyODI2LzEvMSAyODI3LzIvMSAyNzI2LzMvMSAyNzI1LzQvMQpmIDI4MjcvMS8xIDI4MjgvMi8xIDI3MjcvMy8xIDI3MjYvNC8xCmYgMjgyOS8xLzEgMjgzMC8yLzEgMjcyOS8zLzEgMjcyOC80LzEKZiAyODMwLzEvMSAyODMxLzIvMSAyNzMwLzMvMSAyNzI5LzQvMQpmIDI4MzEvMS8xIDI4MzIvMi8xIDI3MzEvMy8xIDI3MzAvNC8xCmYgMjgzMi8xLzEgMjgzMy8yLzEgMjczMi8zLzEgMjczMS80LzEKZiAyODMzLzEvMSAyODM0LzIvMSAyNzMzLzMvMSAyNzMyLzQvMQpmIDI4MzQvMS8xIDI4MzUvMi8xIDI3MzQvMy8xIDI3MzMvNC8xCmYgMjgzNS8xLzEgMjgzNi8yLzEgMjczNS8zLzEgMjczNC80LzEKZiAyODM2LzEvMSAyODM3LzIvMSAyNzM2LzMvMSAyNzM1LzQvMQpmIDI4MzcvMS8xIDI4MzgvMi8xIDI3MzcvMy8xIDI3MzYvNC8xCmYgMjgzOC8xLzEgMjgzOS8yLzEgMjczOC8zLzEgMjczNy80LzEKZiAyODM5LzEvMSAyODQwLzIvMSAyNzM5LzMvMSAyNzM4LzQvMQpmIDI4NDAvMS8xIDI4NDEvMi8xIDI3NDAvMy8xIDI3MzkvNC8xCmYgMjg0MS8xLzEgMjg0Mi8yLzEgMjc0MS8zLzEgMjc0MC80LzEKZiAyODQyLzEvMSAyODQzLzIvMSAyNzQyLzMvMSAyNzQxLzQvMQpmIDI4NDMvMS8xIDI4NDQvMi8xIDI3NDMvMy8xIDI3NDIvNC8xCmYgMjg0NC8xLzEgMjg0NS8yLzEgMjc0NC8zLzEgMjc0My80LzEKZiAyODQ1LzEvMSAyODQ2LzIvMSAyNzQ1LzMvMSAyNzQ0LzQvMQpmIDI4NDYvMS8xIDI4NDcvMi8xIDI3NDYvMy8xIDI3NDUvNC8xCmYgMjg0Ny8xLzEgMjg0OC8yLzEgMjc0Ny8zLzEgMjc0Ni80LzEKZiAyODQ4LzEvMSAyODQ5LzIvMSAyNzQ4LzMvMSAyNzQ3LzQvMQpmIDI4NDkvMS8xIDI4NTAvMi8xIDI3NDkvMy8xIDI3NDgvNC8xCmYgMjg1MC8xLzEgMjg1MS8yLzEgMjc1MC8zLzEgMjc0OS80LzEKZiAyODUxLzEvMSAyODUyLzIvMSAyNzUxLzMvMSAyNzUwLzQvMQpmIDI4NTIvMS8xIDI4NTMvMi8xIDI3NTIvMy8xIDI3NTEvNC8xCmYgMjg1My8xLzEgMjg1NC8yLzEgMjc1My8zLzEgMjc1Mi80LzEKZiAyODU0LzEvMSAyODU1LzIvMSAyNzU0LzMvMSAyNzUzLzQvMQpmIDI4NTUvNS8xIDI4NTYvNi8xIDI3NTUvNy8xIDI3NTQvOC8xCmYgMjg1Ni81LzEgMjg1Ny82LzEgMjc1Ni83LzEgMjc1NS84LzEKZiAyODU3LzUvMSAyODU4LzYvMSAyNzU3LzcvMSAyNzU2LzgvMQpmIDI4NTgvMS8xIDI4NTkvMi8xIDI3NTgvMy8xIDI3NTcvNC8xCmYgMjg1OS8xLzEgMjg2MC8yLzEgMjc1OS8zLzEgMjc1OC80LzEKZiAyODYwLzEvMSAyODYxLzIvMSAyNzYwLzMvMSAyNzU5LzQvMQpmIDI4NjEvMTMvMSAyODYyLzE0LzEgMjc2MS8xNS8xIDI3NjAvMTYvMQpmIDI4NjIvOS8xIDI4NjMvMTAvMSAyNzYyLzExLzEgMjc2MS8xMi8xCmYgMjg2My81LzEgMjg2NC82LzEgMjc2My83LzEgMjc2Mi84LzEKZiAyODY0LzEvMSAyODY1LzIvMSAyNzY0LzMvMSAyNzYzLzQvMQpmIDI4NjUvMS8xIDI4NjYvMi8xIDI3NjUvMy8xIDI3NjQvNC8xCmYgMjg2Ni8xLzEgMjg2Ny8yLzEgMjc2Ni8zLzEgMjc2NS80LzEKZiAyODY3LzEvMSAyODY4LzIvMSAyNzY3LzMvMSAyNzY2LzQvMQpmIDI4NjgvMTMvMSAyODY5LzE0LzEgMjc2OC8xNS8xIDI3NjcvMTYvMQpmIDI4NjkvOS8xIDI4NzAvMTAvMSAyNzY5LzExLzEgMjc2OC8xMi8xCmYgMjg3MC85LzEgMjg3MS8xMC8xIDI3NzAvMTEvMSAyNzY5LzEyLzEKZiAyODcxLzEzLzEgMjg3Mi8xNC8xIDI3NzEvMTUvMSAyNzcwLzE2LzEKZiAyODcyLzkvMSAyODczLzEwLzEgMjc3Mi8xMS8xIDI3NzEvMTIvMQpmIDI4NzMvMS8xIDI4NzQvMi8xIDI3NzMvMy8xIDI3NzIvNC8xCmYgMjg3NC85LzEgMjg3NS8xMC8xIDI3NzQvMTEvMSAyNzczLzEyLzEKZiAyODc1LzEvMSAyODc2LzIvMSAyNzc1LzMvMSAyNzc0LzQvMQpmIDI4NzYvMS8xIDI4NzcvMi8xIDI3NzYvMy8xIDI3NzUvNC8xCmYgMjg3Ny85LzEgMjg3OC8xMC8xIDI3NzcvMTEvMSAyNzc2LzEyLzEKZiAyODc4LzkvMSAyODc5LzEwLzEgMjc3OC8xMS8xIDI3NzcvMTIvMQpmIDI4NzkvMS8xIDI4ODAvMi8xIDI3NzkvMy8xIDI3NzgvNC8xCmYgMjg4MC8xLzEgMjg4MS8yLzEgMjc4MC8zLzEgMjc3OS80LzEKZiAyODgxLzEvMSAyODgyLzIvMSAyNzgxLzMvMSAyNzgwLzQvMQpmIDI4ODIvMS8xIDI4ODMvMi8xIDI3ODIvMy8xIDI3ODEvNC8xCmYgMjg4My8xLzEgMjg4NC8yLzEgMjc4My8zLzEgMjc4Mi80LzEKZiAyODg0LzEvMSAyODg1LzIvMSAyNzg0LzMvMSAyNzgzLzQvMQpmIDI4ODUvMS8xIDI4ODYvMi8xIDI3ODUvMy8xIDI3ODQvNC8xCmYgMjg4Ni8xLzEgMjg4Ny8yLzEgMjc4Ni8zLzEgMjc4NS80LzEKZiAyODg3LzEvMSAyODg4LzIvMSAyNzg3LzMvMSAyNzg2LzQvMQpmIDI4ODgvMS8xIDI4ODkvMi8xIDI3ODgvMy8xIDI3ODcvNC8xCmYgMjg4OS8xLzEgMjg5MC8yLzEgMjc4OS8zLzEgMjc4OC80LzEKZiAyODkwLzEvMSAyODkxLzIvMSAyNzkwLzMvMSAyNzg5LzQvMQpmIDI4OTEvMS8xIDI4OTIvMi8xIDI3OTEvMy8xIDI3OTAvNC8xCmYgMjg5Mi8xLzEgMjg5My8yLzEgMjc5Mi8zLzEgMjc5MS80LzEKZiAyODkzLzEvMSAyODk0LzIvMSAyNzkzLzMvMSAyNzkyLzQvMQpmIDI4OTQvMS8xIDI4OTUvMi8xIDI3OTQvMy8xIDI3OTMvNC8xCmYgMjg5NS8xLzEgMjg5Ni8yLzEgMjc5NS8zLzEgMjc5NC80LzEKZiAyODk2LzEvMSAyODk3LzIvMSAyNzk2LzMvMSAyNzk1LzQvMQpmIDI4OTcvMS8xIDI4OTgvMi8xIDI3OTcvMy8xIDI3OTYvNC8xCmYgMjg5OC8xLzEgMjg5OS8yLzEgMjc5OC8zLzEgMjc5Ny80LzEKZiAyODk5LzEvMSAyOTAwLzIvMSAyNzk5LzMvMSAyNzk4LzQvMQpmIDI5MDAvMS8xIDI5MDEvMi8xIDI4MDAvMy8xIDI3OTkvNC8xCmYgMjkwMS8xLzEgMjkwMi8yLzEgMjgwMS8zLzEgMjgwMC80LzEKZiAyOTAyLzEvMSAyOTAzLzIvMSAyODAyLzMvMSAyODAxLzQvMQpmIDI5MDMvMS8xIDI5MDQvMi8xIDI4MDMvMy8xIDI4MDIvNC8xCmYgMjkwNC8xLzEgMjkwNS8yLzEgMjgwNC8zLzEgMjgwMy80LzEKZiAyOTA1LzEvMSAyOTA2LzIvMSAyODA1LzMvMSAyODA0LzQvMQpmIDI5MDYvMS8xIDI5MDcvMi8xIDI4MDYvMy8xIDI4MDUvNC8xCmYgMjkwNy8xLzEgMjkwOC8yLzEgMjgwNy8zLzEgMjgwNi80LzEKZiAyOTA4LzEvMSAyOTA5LzIvMSAyODA4LzMvMSAyODA3LzQvMQpmIDI5MDkvMS8xIDI5MTAvMi8xIDI4MDkvMy8xIDI4MDgvNC8xCmYgMjkxMC8xLzEgMjkxMS8yLzEgMjgxMC8zLzEgMjgwOS80LzEKZiAyOTExLzEvMSAyOTEyLzIvMSAyODExLzMvMSAyODEwLzQvMQpmIDI5MTIvMS8xIDI5MTMvMi8xIDI4MTIvMy8xIDI4MTEvNC8xCmYgMjkxMy8xLzEgMjkxNC8yLzEgMjgxMy8zLzEgMjgxMi80LzEKZiAyOTE0LzEvMSAyOTE1LzIvMSAyODE0LzMvMSAyODEzLzQvMQpmIDI5MTUvMS8xIDI5MTYvMi8xIDI4MTUvMy8xIDI4MTQvNC8xCmYgMjkxNi8xLzEgMjkxNy8yLzEgMjgxNi8zLzEgMjgxNS80LzEKZiAyOTE3LzEvMSAyOTE4LzIvMSAyODE3LzMvMSAyODE2LzQvMQpmIDI5MTgvMS8xIDI5MTkvMi8xIDI4MTgvMy8xIDI4MTcvNC8xCmYgMjkxOS8xLzEgMjkyMC8yLzEgMjgxOS8zLzEgMjgxOC80LzEKZiAyOTIwLzEvMSAyOTIxLzIvMSAyODIwLzMvMSAyODE5LzQvMQpmIDI5MjEvMS8xIDI5MjIvMi8xIDI4MjEvMy8xIDI4MjAvNC8xCmYgMjkyMi8xLzEgMjkyMy8yLzEgMjgyMi8zLzEgMjgyMS80LzEKZiAyOTIzLzEvMSAyOTI0LzIvMSAyODIzLzMvMSAyODIyLzQvMQpmIDI5MjQvMS8xIDI5MjUvMi8xIDI4MjQvMy8xIDI4MjMvNC8xCmYgMjkyNS8xLzEgMjkyNi8yLzEgMjgyNS8zLzEgMjgyNC80LzEKZiAyOTI2LzEvMSAyOTI3LzIvMSAyODI2LzMvMSAyODI1LzQvMQpmIDI5MjcvMS8xIDI5MjgvMi8xIDI4MjcvMy8xIDI4MjYvNC8xCmYgMjkyOC8xLzEgMjkyOS8yLzEgMjgyOC8zLzEgMjgyNy80LzEKZiAyOTMwLzEvMSAyOTMxLzIvMSAyODMwLzMvMSAyODI5LzQvMQpmIDI5MzEvMS8xIDI5MzIvMi8xIDI4MzEvMy8xIDI4MzAvNC8xCmYgMjkzMi8xLzEgMjkzMy8yLzEgMjgzMi8zLzEgMjgzMS80LzEKZiAyOTMzLzEvMSAyOTM0LzIvMSAyODMzLzMvMSAyODMyLzQvMQpmIDI5MzQvMS8xIDI5MzUvMi8xIDI4MzQvMy8xIDI4MzMvNC8xCmYgMjkzNS8xLzEgMjkzNi8yLzEgMjgzNS8zLzEgMjgzNC80LzEKZiAyOTM2LzEvMSAyOTM3LzIvMSAyODM2LzMvMSAyODM1LzQvMQpmIDI5MzcvMS8xIDI5MzgvMi8xIDI4MzcvMy8xIDI4MzYvNC8xCmYgMjkzOC8xLzEgMjkzOS8yLzEgMjgzOC8zLzEgMjgzNy80LzEKZiAyOTM5LzEvMSAyOTQwLzIvMSAyODM5LzMvMSAyODM4LzQvMQpmIDI5NDAvMS8xIDI5NDEvMi8xIDI4NDAvMy8xIDI4MzkvNC8xCmYgMjk0MS8xLzEgMjk0Mi8yLzEgMjg0MS8zLzEgMjg0MC80LzEKZiAyOTQyLzEvMSAyOTQzLzIvMSAyODQyLzMvMSAyODQxLzQvMQpmIDI5NDMvMS8xIDI5NDQvMi8xIDI4NDMvMy8xIDI4NDIvNC8xCmYgMjk0NC8xLzEgMjk0NS8yLzEgMjg0NC8zLzEgMjg0My80LzEKZiAyOTQ1LzEvMSAyOTQ2LzIvMSAyODQ1LzMvMSAyODQ0LzQvMQpmIDI5NDYvMS8xIDI5NDcvMi8xIDI4NDYvMy8xIDI4NDUvNC8xCmYgMjk0Ny8xLzEgMjk0OC8yLzEgMjg0Ny8zLzEgMjg0Ni80LzEKZiAyOTQ4LzEvMSAyOTQ5LzIvMSAyODQ4LzMvMSAyODQ3LzQvMQpmIDI5NDkvMS8xIDI5NTAvMi8xIDI4NDkvMy8xIDI4NDgvNC8xCmYgMjk1MC8xLzEgMjk1MS8yLzEgMjg1MC8zLzEgMjg0OS80LzEKZiAyOTUxLzEvMSAyOTUyLzIvMSAyODUxLzMvMSAyODUwLzQvMQpmIDI5NTIvMS8xIDI5NTMvMi8xIDI4NTIvMy8xIDI4NTEvNC8xCmYgMjk1My8xLzEgMjk1NC8yLzEgMjg1My8zLzEgMjg1Mi80LzEKZiAyOTU0LzEvMSAyOTU1LzIvMSAyODU0LzMvMSAyODUzLzQvMQpmIDI5NTUvOS8xIDI5NTYvMTAvMSAyODU1LzExLzEgMjg1NC8xMi8xCmYgMjk1Ni81LzEgMjk1Ny82LzEgMjg1Ni83LzEgMjg1NS84LzEKZiAyOTU3LzEzLzEgMjk1OC8xNC8xIDI4NTcvMTUvMSAyODU2LzE2LzEKZiAyOTU4LzEvMSAyOTU5LzIvMSAyODU4LzMvMSAyODU3LzQvMQpmIDI5NTkvMS8xIDI5NjAvMi8xIDI4NTkvMy8xIDI4NTgvNC8xCmYgMjk2MC8xLzEgMjk2MS8yLzEgMjg2MC8zLzEgMjg1OS80LzEKZiAyOTYxLzEvMSAyOTYyLzIvMSAyODYxLzMvMSAyODYwLzQvMQpmIDI5NjIvMS8xIDI5NjMvMi8xIDI4NjIvMy8xIDI4NjEvNC8xCmYgMjk2My81LzEgMjk2NC82LzEgMjg2My83LzEgMjg2Mi84LzEKZiAyOTY0LzEzLzEgMjk2NS8xNC8xIDI4NjQvMTUvMSAyODYzLzE2LzEKZiAyOTY1LzEvMSAyOTY2LzIvMSAyODY1LzMvMSAyODY0LzQvMQpmIDI5NjYvMS8xIDI5NjcvMi8xIDI4NjYvMy8xIDI4NjUvNC8xCmYgMjk2Ny8xLzEgMjk2OC8yLzEgMjg2Ny8zLzEgMjg2Ni80LzEKZiAyOTY4LzkvMSAyOTY5LzEwLzEgMjg2OC8xMS8xIDI4NjcvMTIvMQpmIDI5NjkvMTMvMSAyOTcwLzE0LzEgMjg2OS8xNS8xIDI4NjgvMTYvMQpmIDI5NzAvMTMvMSAyOTcxLzE0LzEgMjg3MC8xNS8xIDI4NjkvMTYvMQpmIDI5NzEvNS8xIDI5NzIvNi8xIDI4NzEvNy8xIDI4NzAvOC8xCmYgMjk3Mi8xLzEgMjk3My8yLzEgMjg3Mi8zLzEgMjg3MS80LzEKZiAyOTczLzUvMSAyOTc0LzYvMSAyODczLzcvMSAyODcyLzgvMQpmIDI5NzQvNS8xIDI5NzUvNi8xIDI4NzQvNy8xIDI4NzMvOC8xCmYgMjk3NS85LzEgMjk3Ni8xMC8xIDI4NzUvMTEvMSAyODc0LzEyLzEKZiAyOTc2LzkvMSAyOTc3LzEwLzEgMjg3Ni8xMS8xIDI4NzUvMTIvMQpmIDI5NzcvMTMvMSAyOTc4LzE0LzEgMjg3Ny8xNS8xIDI4NzYvMTYvMQpmIDI5NzgvOS8xIDI5NzkvMTAvMSAyODc4LzExLzEgMjg3Ny8xMi8xCmYgMjk3OS8xLzEgMjk4MC8yLzEgMjg3OS8zLzEgMjg3OC80LzEKZiAyOTgwLzEvMSAyOTgxLzIvMSAyODgwLzMvMSAyODc5LzQvMQpmIDI5ODEvMS8xIDI5ODIvMi8xIDI4ODEvMy8xIDI4ODAvNC8xCmYgMjk4Mi8xLzEgMjk4My8yLzEgMjg4Mi8zLzEgMjg4MS80LzEKZiAyOTgzLzEvMSAyOTg0LzIvMSAyODgzLzMvMSAyODgyLzQvMQpmIDI5ODQvMS8xIDI5ODUvMi8xIDI4ODQvMy8xIDI4ODMvNC8xCmYgMjk4NS8xLzEgMjk4Ni8yLzEgMjg4NS8zLzEgMjg4NC80LzEKZiAyOTg2LzEvMSAyOTg3LzIvMSAyODg2LzMvMSAyODg1LzQvMQpmIDI5ODcvMS8xIDI5ODgvMi8xIDI4ODcvMy8xIDI4ODYvNC8xCmYgMjk4OC8xLzEgMjk4OS8yLzEgMjg4OC8zLzEgMjg4Ny80LzEKZiAyOTg5LzEvMSAyOTkwLzIvMSAyODg5LzMvMSAyODg4LzQvMQpmIDI5OTAvMS8xIDI5OTEvMi8xIDI4OTAvMy8xIDI4ODkvNC8xCmYgMjk5MS8xLzEgMjk5Mi8yLzEgMjg5MS8zLzEgMjg5MC80LzEKZiAyOTkyLzEvMSAyOTkzLzIvMSAyODkyLzMvMSAyODkxLzQvMQpmIDI5OTMvMS8xIDI5OTQvMi8xIDI4OTMvMy8xIDI4OTIvNC8xCmYgMjk5NC8xLzEgMjk5NS8yLzEgMjg5NC8zLzEgMjg5My80LzEKZiAyOTk1LzEvMSAyOTk2LzIvMSAyODk1LzMvMSAyODk0LzQvMQpmIDI5OTYvMS8xIDI5OTcvMi8xIDI4OTYvMy8xIDI4OTUvNC8xCmYgMjk5Ny8xLzEgMjk5OC8yLzEgMjg5Ny8zLzEgMjg5Ni80LzEKZiAyOTk4LzEvMSAyOTk5LzIvMSAyODk4LzMvMSAyODk3LzQvMQpmIDI5OTkvMS8xIDMwMDAvMi8xIDI4OTkvMy8xIDI4OTgvNC8xCmYgMzAwMC8xLzEgMzAwMS8yLzEgMjkwMC8zLzEgMjg5OS80LzEKZiAzMDAxLzEvMSAzMDAyLzIvMSAyOTAxLzMvMSAyOTAwLzQvMQpmIDMwMDIvMS8xIDMwMDMvMi8xIDI5MDIvMy8xIDI5MDEvNC8xCmYgMzAwMy8xLzEgMzAwNC8yLzEgMjkwMy8zLzEgMjkwMi80LzEKZiAzMDA0LzEvMSAzMDA1LzIvMSAyOTA0LzMvMSAyOTAzLzQvMQpmIDMwMDUvMS8xIDMwMDYvMi8xIDI5MDUvMy8xIDI5MDQvNC8xCmYgMzAwNi8xLzEgMzAwNy8yLzEgMjkwNi8zLzEgMjkwNS80LzEKZiAzMDA3LzEvMSAzMDA4LzIvMSAyOTA3LzMvMSAyOTA2LzQvMQpmIDMwMDgvMS8xIDMwMDkvMi8xIDI5MDgvMy8xIDI5MDcvNC8xCmYgMzAwOS8xLzEgMzAxMC8yLzEgMjkwOS8zLzEgMjkwOC80LzEKZiAzMDEwLzEvMSAzMDExLzIvMSAyOTEwLzMvMSAyOTA5LzQvMQpmIDMwMTEvMS8xIDMwMTIvMi8xIDI5MTEvMy8xIDI5MTAvNC8xCmYgMzAxMi8xLzEgMzAxMy8yLzEgMjkxMi8zLzEgMjkxMS80LzEKZiAzMDEzLzEvMSAzMDE0LzIvMSAyOTEzLzMvMSAyOTEyLzQvMQpmIDMwMTQvMS8xIDMwMTUvMi8xIDI5MTQvMy8xIDI5MTMvNC8xCmYgMzAxNS8xLzEgMzAxNi8yLzEgMjkxNS8zLzEgMjkxNC80LzEKZiAzMDE2LzEvMSAzMDE3LzIvMSAyOTE2LzMvMSAyOTE1LzQvMQpmIDMwMTcvMS8xIDMwMTgvMi8xIDI5MTcvMy8xIDI5MTYvNC8xCmYgMzAxOC8xLzEgMzAxOS8yLzEgMjkxOC8zLzEgMjkxNy80LzEKZiAzMDE5LzEvMSAzMDIwLzIvMSAyOTE5LzMvMSAyOTE4LzQvMQpmIDMwMjAvMS8xIDMwMjEvMi8xIDI5MjAvMy8xIDI5MTkvNC8xCmYgMzAyMS8xLzEgMzAyMi8yLzEgMjkyMS8zLzEgMjkyMC80LzEKZiAzMDIyLzEvMSAzMDIzLzIvMSAyOTIyLzMvMSAyOTIxLzQvMQpmIDMwMjMvMS8xIDMwMjQvMi8xIDI5MjMvMy8xIDI5MjIvNC8xCmYgMzAyNC8xLzEgMzAyNS8yLzEgMjkyNC8zLzEgMjkyMy80LzEKZiAzMDI1LzEvMSAzMDI2LzIvMSAyOTI1LzMvMSAyOTI0LzQvMQpmIDMwMjYvMS8xIDMwMjcvMi8xIDI5MjYvMy8xIDI5MjUvNC8xCmYgMzAyNy8xLzEgMzAyOC8yLzEgMjkyNy8zLzEgMjkyNi80LzEKZiAzMDI4LzEvMSAzMDI5LzIvMSAyOTI4LzMvMSAyOTI3LzQvMQpmIDMwMjkvMS8xIDMwMzAvMi8xIDI5MjkvMy8xIDI5MjgvNC8xCmYgMzAzMS8xLzEgMzAzMi8yLzEgMjkzMS8zLzEgMjkzMC80LzEKZiAzMDMyLzEvMSAzMDMzLzIvMSAyOTMyLzMvMSAyOTMxLzQvMQpmIDMwMzMvMS8xIDMwMzQvMi8xIDI5MzMvMy8xIDI5MzIvNC8xCmYgMzAzNC8xLzEgMzAzNS8yLzEgMjkzNC8zLzEgMjkzMy80LzEKZiAzMDM1LzEvMSAzMDM2LzIvMSAyOTM1LzMvMSAyOTM0LzQvMQpmIDMwMzYvMS8xIDMwMzcvMi8xIDI5MzYvMy8xIDI5MzUvNC8xCmYgMzAzNy8xLzEgMzAzOC8yLzEgMjkzNy8zLzEgMjkzNi80LzEKZiAzMDM4LzEvMSAzMDM5LzIvMSAyOTM4LzMvMSAyOTM3LzQvMQpmIDMwMzkvMS8xIDMwNDAvMi8xIDI5MzkvMy8xIDI5MzgvNC8xCmYgMzA0MC8xLzEgMzA0MS8yLzEgMjk0MC8zLzEgMjkzOS80LzEKZiAzMDQxLzEvMSAzMDQyLzIvMSAyOTQxLzMvMSAyOTQwLzQvMQpmIDMwNDIvMS8xIDMwNDMvMi8xIDI5NDIvMy8xIDI5NDEvNC8xCmYgMzA0My8xLzEgMzA0NC8yLzEgMjk0My8zLzEgMjk0Mi80LzEKZiAzMDQ0LzEvMSAzMDQ1LzIvMSAyOTQ0LzMvMSAyOTQzLzQvMQpmIDMwNDUvMS8xIDMwNDYvMi8xIDI5NDUvMy8xIDI5NDQvNC8xCmYgMzA0Ni8xLzEgMzA0Ny8yLzEgMjk0Ni8zLzEgMjk0NS80LzEKZiAzMDQ3LzEvMSAzMDQ4LzIvMSAyOTQ3LzMvMSAyOTQ2LzQvMQpmIDMwNDgvMS8xIDMwNDkvMi8xIDI5NDgvMy8xIDI5NDcvNC8xCmYgMzA0OS8xLzEgMzA1MC8yLzEgMjk0OS8zLzEgMjk0OC80LzEKZiAzMDUwLzEvMSAzMDUxLzIvMSAyOTUwLzMvMSAyOTQ5LzQvMQpmIDMwNTEvMS8xIDMwNTIvMi8xIDI5NTEvMy8xIDI5NTAvNC8xCmYgMzA1Mi8xLzEgMzA1My8yLzEgMjk1Mi8zLzEgMjk1MS80LzEKZiAzMDUzLzEvMSAzMDU0LzIvMSAyOTUzLzMvMSAyOTUyLzQvMQpmIDMwNTQvMS8xIDMwNTUvMi8xIDI5NTQvMy8xIDI5NTMvNC8xCmYgMzA1NS8xLzEgMzA1Ni8yLzEgMjk1NS8zLzEgMjk1NC80LzEKZiAzMDU2LzEvMSAzMDU3LzIvMSAyOTU2LzMvMSAyOTU1LzQvMQpmIDMwNTcvNS8xIDMwNTgvNi8xIDI5NTcvNy8xIDI5NTYvOC8xCmYgMzA1OC8xLzEgMzA1OS8yLzEgMjk1OC8zLzEgMjk1Ny80LzEKZiAzMDU5LzEvMSAzMDYwLzIvMSAyOTU5LzMvMSAyOTU4LzQvMQpmIDMwNjAvMS8xIDMwNjEvMi8xIDI5NjAvMy8xIDI5NTkvNC8xCmYgMzA2MS8xLzEgMzA2Mi8yLzEgMjk2MS8zLzEgMjk2MC80LzEKZiAzMDYyLzEvMSAzMDYzLzIvMSAyOTYyLzMvMSAyOTYxLzQvMQpmIDMwNjMvMS8xIDMwNjQvMi8xIDI5NjMvMy8xIDI5NjIvNC8xCmYgMzA2NC8xLzEgMzA2NS8yLzEgMjk2NC8zLzEgMjk2My80LzEKZiAzMDY1LzEzLzEgMzA2Ni8xNC8xIDI5NjUvMTUvMSAyOTY0LzE2LzEKZiAzMDY2LzEzLzEgMzA2Ny8xNC8xIDI5NjYvMTUvMSAyOTY1LzE2LzEKZiAzMDY3LzUvMSAzMDY4LzYvMSAyOTY3LzcvMSAyOTY2LzgvMQpmIDMwNjgvOS8xIDMwNjkvMTAvMSAyOTY4LzExLzEgMjk2Ny8xMi8xCmYgMzA2OS81LzEgMzA3MC82LzEgMjk2OS83LzEgMjk2OC84LzEKZiAzMDcwLzEvMSAzMDcxLzIvMSAyOTcwLzMvMSAyOTY5LzQvMQpmIDMwNzEvMTMvMSAzMDcyLzE0LzEgMjk3MS8xNS8xIDI5NzAvMTYvMQpmIDMwNzIvNS8xIDMwNzMvNi8xIDI5NzIvNy8xIDI5NzEvOC8xCmYgMzA3My8xLzEgMzA3NC8yLzEgMjk3My8zLzEgMjk3Mi80LzEKZiAzMDc0LzEvMSAzMDc1LzIvMSAyOTc0LzMvMSAyOTczLzQvMQpmIDMwNzUvNS8xIDMwNzYvNi8xIDI5NzUvNy8xIDI5NzQvOC8xCmYgMzA3Ni8xLzEgMzA3Ny8yLzEgMjk3Ni8zLzEgMjk3NS80LzEKZiAzMDc3LzEvMSAzMDc4LzIvMSAyOTc3LzMvMSAyOTc2LzQvMQpmIDMwNzgvMTMvMSAzMDc5LzE0LzEgMjk3OC8xNS8xIDI5NzcvMTYvMQpmIDMwNzkvMS8xIDMwODAvMi8xIDI5NzkvMy8xIDI5NzgvNC8xCmYgMzA4MC8xLzEgMzA4MS8yLzEgMjk4MC8zLzEgMjk3OS80LzEKZiAzMDgxLzEvMSAzMDgyLzIvMSAyOTgxLzMvMSAyOTgwLzQvMQpmIDMwODIvMS8xIDMwODMvMi8xIDI5ODIvMy8xIDI5ODEvNC8xCmYgMzA4My8xLzEgMzA4NC8yLzEgMjk4My8zLzEgMjk4Mi80LzEKZiAzMDg0LzEvMSAzMDg1LzIvMSAyOTg0LzMvMSAyOTgzLzQvMQpmIDMwODUvMS8xIDMwODYvMi8xIDI5ODUvMy8xIDI5ODQvNC8xCmYgMzA4Ni8xLzEgMzA4Ny8yLzEgMjk4Ni8zLzEgMjk4NS80LzEKZiAzMDg3LzEvMSAzMDg4LzIvMSAyOTg3LzMvMSAyOTg2LzQvMQpmIDMwODgvMS8xIDMwODkvMi8xIDI5ODgvMy8xIDI5ODcvNC8xCmYgMzA4OS8xLzEgMzA5MC8yLzEgMjk4OS8zLzEgMjk4OC80LzEKZiAzMDkwLzEvMSAzMDkxLzIvMSAyOTkwLzMvMSAyOTg5LzQvMQpmIDMwOTEvMS8xIDMwOTIvMi8xIDI5OTEvMy8xIDI5OTAvNC8xCmYgMzA5Mi8xLzEgMzA5My8yLzEgMjk5Mi8zLzEgMjk5MS80LzEKZiAzMDkzLzEvMSAzMDk0LzIvMSAyOTkzLzMvMSAyOTkyLzQvMQpmIDMwOTQvMS8xIDMwOTUvMi8xIDI5OTQvMy8xIDI5OTMvNC8xCmYgMzA5NS8xLzEgMzA5Ni8yLzEgMjk5NS8zLzEgMjk5NC80LzEKZiAzMDk2LzEvMSAzMDk3LzIvMSAyOTk2LzMvMSAyOTk1LzQvMQpmIDMwOTcvMS8xIDMwOTgvMi8xIDI5OTcvMy8xIDI5OTYvNC8xCmYgMzA5OC8xLzEgMzA5OS8yLzEgMjk5OC8zLzEgMjk5Ny80LzEKZiAzMDk5LzEvMSAzMTAwLzIvMSAyOTk5LzMvMSAyOTk4LzQvMQpmIDMxMDAvMS8xIDMxMDEvMi8xIDMwMDAvMy8xIDI5OTkvNC8xCmYgMzEwMS8xLzEgMzEwMi8yLzEgMzAwMS8zLzEgMzAwMC80LzEKZiAzMTAyLzEvMSAzMTAzLzIvMSAzMDAyLzMvMSAzMDAxLzQvMQpmIDMxMDMvMS8xIDMxMDQvMi8xIDMwMDMvMy8xIDMwMDIvNC8xCmYgMzEwNC8xLzEgMzEwNS8yLzEgMzAwNC8zLzEgMzAwMy80LzEKZiAzMTA1LzEvMSAzMTA2LzIvMSAzMDA1LzMvMSAzMDA0LzQvMQpmIDMxMDYvMS8xIDMxMDcvMi8xIDMwMDYvMy8xIDMwMDUvNC8xCmYgMzEwNy8xLzEgMzEwOC8yLzEgMzAwNy8zLzEgMzAwNi80LzEKZiAzMTA4LzEvMSAzMTA5LzIvMSAzMDA4LzMvMSAzMDA3LzQvMQpmIDMxMDkvMS8xIDMxMTAvMi8xIDMwMDkvMy8xIDMwMDgvNC8xCmYgMzExMC8xLzEgMzExMS8yLzEgMzAxMC8zLzEgMzAwOS80LzEKZiAzMTExLzEvMSAzMTEyLzIvMSAzMDExLzMvMSAzMDEwLzQvMQpmIDMxMTIvMS8xIDMxMTMvMi8xIDMwMTIvMy8xIDMwMTEvNC8xCmYgMzExMy8xLzEgMzExNC8yLzEgMzAxMy8zLzEgMzAxMi80LzEKZiAzMTE0LzEvMSAzMTE1LzIvMSAzMDE0LzMvMSAzMDEzLzQvMQpmIDMxMTUvMS8xIDMxMTYvMi8xIDMwMTUvMy8xIDMwMTQvNC8xCmYgMzExNi8xLzEgMzExNy8yLzEgMzAxNi8zLzEgMzAxNS80LzEKZiAzMTE3LzEvMSAzMTE4LzIvMSAzMDE3LzMvMSAzMDE2LzQvMQpmIDMxMTgvMS8xIDMxMTkvMi8xIDMwMTgvMy8xIDMwMTcvNC8xCmYgMzExOS8xLzEgMzEyMC8yLzEgMzAxOS8zLzEgMzAxOC80LzEKZiAzMTIwLzEvMSAzMTIxLzIvMSAzMDIwLzMvMSAzMDE5LzQvMQpmIDMxMjEvMS8xIDMxMjIvMi8xIDMwMjEvMy8xIDMwMjAvNC8xCmYgMzEyMi8xLzEgMzEyMy8yLzEgMzAyMi8zLzEgMzAyMS80LzEKZiAzMTIzLzEvMSAzMTI0LzIvMSAzMDIzLzMvMSAzMDIyLzQvMQpmIDMxMjQvMS8xIDMxMjUvMi8xIDMwMjQvMy8xIDMwMjMvNC8xCmYgMzEyNS8xLzEgMzEyNi8yLzEgMzAyNS8zLzEgMzAyNC80LzEKZiAzMTI2LzEvMSAzMTI3LzIvMSAzMDI2LzMvMSAzMDI1LzQvMQpmIDMxMjcvMS8xIDMxMjgvMi8xIDMwMjcvMy8xIDMwMjYvNC8xCmYgMzEyOC8xLzEgMzEyOS8yLzEgMzAyOC8zLzEgMzAyNy80LzEKZiAzMTI5LzEvMSAzMTMwLzIvMSAzMDI5LzMvMSAzMDI4LzQvMQpmIDMxMzAvMS8xIDMxMzEvMi8xIDMwMzAvMy8xIDMwMjkvNC8xCmYgMzEzMi8xLzEgMzEzMy8yLzEgMzAzMi8zLzEgMzAzMS80LzEKZiAzMTMzLzEvMSAzMTM0LzIvMSAzMDMzLzMvMSAzMDMyLzQvMQpmIDMxMzQvMS8xIDMxMzUvMi8xIDMwMzQvMy8xIDMwMzMvNC8xCmYgMzEzNS8xLzEgMzEzNi8yLzEgMzAzNS8zLzEgMzAzNC80LzEKZiAzMTM2LzEvMSAzMTM3LzIvMSAzMDM2LzMvMSAzMDM1LzQvMQpmIDMxMzcvMS8xIDMxMzgvMi8xIDMwMzcvMy8xIDMwMzYvNC8xCmYgMzEzOC8xLzEgMzEzOS8yLzEgMzAzOC8zLzEgMzAzNy80LzEKZiAzMTM5LzEvMSAzMTQwLzIvMSAzMDM5LzMvMSAzMDM4LzQvMQpmIDMxNDAvMS8xIDMxNDEvMi8xIDMwNDAvMy8xIDMwMzkvNC8xCmYgMzE0MS8xLzEgMzE0Mi8yLzEgMzA0MS8zLzEgMzA0MC80LzEKZiAzMTQyLzEvMSAzMTQzLzIvMSAzMDQyLzMvMSAzMDQxLzQvMQpmIDMxNDMvMS8xIDMxNDQvMi8xIDMwNDMvMy8xIDMwNDIvNC8xCmYgMzE0NC8xLzEgMzE0NS8yLzEgMzA0NC8zLzEgMzA0My80LzEKZiAzMTQ1LzEvMSAzMTQ2LzIvMSAzMDQ1LzMvMSAzMDQ0LzQvMQpmIDMxNDYvMS8xIDMxNDcvMi8xIDMwNDYvMy8xIDMwNDUvNC8xCmYgMzE0Ny8xLzEgMzE0OC8yLzEgMzA0Ny8zLzEgMzA0Ni80LzEKZiAzMTQ4LzEvMSAzMTQ5LzIvMSAzMDQ4LzMvMSAzMDQ3LzQvMQpmIDMxNDkvMS8xIDMxNTAvMi8xIDMwNDkvMy8xIDMwNDgvNC8xCmYgMzE1MC8xLzEgMzE1MS8yLzEgMzA1MC8zLzEgMzA0OS80LzEKZiAzMTUxLzEvMSAzMTUyLzIvMSAzMDUxLzMvMSAzMDUwLzQvMQpmIDMxNTIvMS8xIDMxNTMvMi8xIDMwNTIvMy8xIDMwNTEvNC8xCmYgMzE1My8xLzEgMzE1NC8yLzEgMzA1My8zLzEgMzA1Mi80LzEKZiAzMTU0LzEvMSAzMTU1LzIvMSAzMDU0LzMvMSAzMDUzLzQvMQpmIDMxNTUvMS8xIDMxNTYvMi8xIDMwNTUvMy8xIDMwNTQvNC8xCmYgMzE1Ni8xLzEgMzE1Ny8yLzEgMzA1Ni8zLzEgMzA1NS80LzEKZiAzMTU3LzEvMSAzMTU4LzIvMSAzMDU3LzMvMSAzMDU2LzQvMQpmIDMxNTgvOS8xIDMxNTkvMTAvMSAzMDU4LzExLzEgMzA1Ny8xMi8xCmYgMzE1OS8xLzEgMzE2MC8yLzEgMzA1OS8zLzEgMzA1OC80LzEKZiAzMTYwLzEvMSAzMTYxLzIvMSAzMDYwLzMvMSAzMDU5LzQvMQpmIDMxNjEvMS8xIDMxNjIvMi8xIDMwNjEvMy8xIDMwNjAvNC8xCmYgMzE2Mi8xLzEgMzE2My8yLzEgMzA2Mi8zLzEgMzA2MS80LzEKZiAzMTYzLzEvMSAzMTY0LzIvMSAzMDYzLzMvMSAzMDYyLzQvMQpmIDMxNjQvMS8xIDMxNjUvMi8xIDMwNjQvMy8xIDMwNjMvNC8xCmYgMzE2NS8xLzEgMzE2Ni8yLzEgMzA2NS8zLzEgMzA2NC80LzEKZiAzMTY2LzUvMSAzMTY3LzYvMSAzMDY2LzcvMSAzMDY1LzgvMQpmIDMxNjcvOS8xIDMxNjgvMTAvMSAzMDY3LzExLzEgMzA2Ni8xMi8xCmYgMzE2OC81LzEgMzE2OS82LzEgMzA2OC83LzEgMzA2Ny84LzEKZiAzMTY5LzUvMSAzMTcwLzYvMSAzMDY5LzcvMSAzMDY4LzgvMQpmIDMxNzAvMS8xIDMxNzEvMi8xIDMwNzAvMy8xIDMwNjkvNC8xCmYgMzE3MS8xLzEgMzE3Mi8yLzEgMzA3MS8zLzEgMzA3MC80LzEKZiAzMTcyLzEvMSAzMTczLzIvMSAzMDcyLzMvMSAzMDcxLzQvMQpmIDMxNzMvNS8xIDMxNzQvNi8xIDMwNzMvNy8xIDMwNzIvOC8xCmYgMzE3NC8xMy8xIDMxNzUvMTQvMSAzMDc0LzE1LzEgMzA3My8xNi8xCmYgMzE3NS8xMy8xIDMxNzYvMTQvMSAzMDc1LzE1LzEgMzA3NC8xNi8xCmYgMzE3Ni81LzEgMzE3Ny82LzEgMzA3Ni83LzEgMzA3NS84LzEKZiAzMTc3LzEvMSAzMTc4LzIvMSAzMDc3LzMvMSAzMDc2LzQvMQpmIDMxNzgvMS8xIDMxNzkvMi8xIDMwNzgvMy8xIDMwNzcvNC8xCmYgMzE3OS8xLzEgMzE4MC8yLzEgMzA3OS8zLzEgMzA3OC80LzEKZiAzMTgwLzEvMSAzMTgxLzIvMSAzMDgwLzMvMSAzMDc5LzQvMQpmIDMxODEvMS8xIDMxODIvMi8xIDMwODEvMy8xIDMwODAvNC8xCmYgMzE4Mi8xLzEgMzE4My8yLzEgMzA4Mi8zLzEgMzA4MS80LzEKZiAzMTgzLzEvMSAzMTg0LzIvMSAzMDgzLzMvMSAzMDgyLzQvMQpmIDMxODQvMS8xIDMxODUvMi8xIDMwODQvMy8xIDMwODMvNC8xCmYgMzE4NS8xLzEgMzE4Ni8yLzEgMzA4NS8zLzEgMzA4NC80LzEKZiAzMTg2LzEvMSAzMTg3LzIvMSAzMDg2LzMvMSAzMDg1LzQvMQpmIDMxODcvMS8xIDMxODgvMi8xIDMwODcvMy8xIDMwODYvNC8xCmYgMzE4OC8xLzEgMzE4OS8yLzEgMzA4OC8zLzEgMzA4Ny80LzEKZiAzMTg5LzEvMSAzMTkwLzIvMSAzMDg5LzMvMSAzMDg4LzQvMQpmIDMxOTAvMS8xIDMxOTEvMi8xIDMwOTAvMy8xIDMwODkvNC8xCmYgMzE5MS8xLzEgMzE5Mi8yLzEgMzA5MS8zLzEgMzA5MC80LzEKZiAzMTkyLzEvMSAzMTkzLzIvMSAzMDkyLzMvMSAzMDkxLzQvMQpmIDMxOTMvMS8xIDMxOTQvMi8xIDMwOTMvMy8xIDMwOTIvNC8xCmYgMzE5NC8xLzEgMzE5NS8yLzEgMzA5NC8zLzEgMzA5My80LzEKZiAzMTk1LzEvMSAzMTk2LzIvMSAzMDk1LzMvMSAzMDk0LzQvMQpmIDMxOTYvMS8xIDMxOTcvMi8xIDMwOTYvMy8xIDMwOTUvNC8xCmYgMzE5Ny8xLzEgMzE5OC8yLzEgMzA5Ny8zLzEgMzA5Ni80LzEKZiAzMTk4LzEvMSAzMTk5LzIvMSAzMDk4LzMvMSAzMDk3LzQvMQpmIDMxOTkvMS8xIDMyMDAvMi8xIDMwOTkvMy8xIDMwOTgvNC8xCmYgMzIwMC8xLzEgMzIwMS8yLzEgMzEwMC8zLzEgMzA5OS80LzEKZiAzMjAxLzEvMSAzMjAyLzIvMSAzMTAxLzMvMSAzMTAwLzQvMQpmIDMyMDIvMS8xIDMyMDMvMi8xIDMxMDIvMy8xIDMxMDEvNC8xCmYgMzIwMy8xLzEgMzIwNC8yLzEgMzEwMy8zLzEgMzEwMi80LzEKZiAzMjA0LzEvMSAzMjA1LzIvMSAzMTA0LzMvMSAzMTAzLzQvMQpmIDMyMDUvMS8xIDMyMDYvMi8xIDMxMDUvMy8xIDMxMDQvNC8xCmYgMzIwNi8xLzEgMzIwNy8yLzEgMzEwNi8zLzEgMzEwNS80LzEKZiAzMjA3LzEvMSAzMjA4LzIvMSAzMTA3LzMvMSAzMTA2LzQvMQpmIDMyMDgvMS8xIDMyMDkvMi8xIDMxMDgvMy8xIDMxMDcvNC8xCmYgMzIwOS8xLzEgMzIxMC8yLzEgMzEwOS8zLzEgMzEwOC80LzEKZiAzMjEwLzEvMSAzMjExLzIvMSAzMTEwLzMvMSAzMTA5LzQvMQpmIDMyMTEvMS8xIDMyMTIvMi8xIDMxMTEvMy8xIDMxMTAvNC8xCmYgMzIxMi8xLzEgMzIxMy8yLzEgMzExMi8zLzEgMzExMS80LzEKZiAzMjEzLzEvMSAzMjE0LzIvMSAzMTEzLzMvMSAzMTEyLzQvMQpmIDMyMTQvMS8xIDMyMTUvMi8xIDMxMTQvMy8xIDMxMTMvNC8xCmYgMzIxNS8xLzEgMzIxNi8yLzEgMzExNS8zLzEgMzExNC80LzEKZiAzMjE2LzEvMSAzMjE3LzIvMSAzMTE2LzMvMSAzMTE1LzQvMQpmIDMyMTcvMS8xIDMyMTgvMi8xIDMxMTcvMy8xIDMxMTYvNC8xCmYgMzIxOC8xLzEgMzIxOS8yLzEgMzExOC8zLzEgMzExNy80LzEKZiAzMjE5LzEvMSAzMjIwLzIvMSAzMTE5LzMvMSAzMTE4LzQvMQpmIDMyMjAvMS8xIDMyMjEvMi8xIDMxMjAvMy8xIDMxMTkvNC8xCmYgMzIyMS8xLzEgMzIyMi8yLzEgMzEyMS8zLzEgMzEyMC80LzEKZiAzMjIyLzEvMSAzMjIzLzIvMSAzMTIyLzMvMSAzMTIxLzQvMQpmIDMyMjMvMS8xIDMyMjQvMi8xIDMxMjMvMy8xIDMxMjIvNC8xCmYgMzIyNC8xLzEgMzIyNS8yLzEgMzEyNC8zLzEgMzEyMy80LzEKZiAzMjI1LzEvMSAzMjI2LzIvMSAzMTI1LzMvMSAzMTI0LzQvMQpmIDMyMjYvMS8xIDMyMjcvMi8xIDMxMjYvMy8xIDMxMjUvNC8xCmYgMzIyNy8xLzEgMzIyOC8yLzEgMzEyNy8zLzEgMzEyNi80LzEKZiAzMjI4LzEvMSAzMjI5LzIvMSAzMTI4LzMvMSAzMTI3LzQvMQpmIDMyMjkvMS8xIDMyMzAvMi8xIDMxMjkvMy8xIDMxMjgvNC8xCmYgMzIzMC8xLzEgMzIzMS8yLzEgMzEzMC8zLzEgMzEyOS80LzEKZiAzMjMxLzEvMSAzMjMyLzIvMSAzMTMxLzMvMSAzMTMwLzQvMQpmIDMyMzMvMS8xIDMyMzQvMi8xIDMxMzMvMy8xIDMxMzIvNC8xCmYgMzIzNC8xLzEgMzIzNS8yLzEgMzEzNC8zLzEgMzEzMy80LzEKZiAzMjM1LzEvMSAzMjM2LzIvMSAzMTM1LzMvMSAzMTM0LzQvMQpmIDMyMzYvMS8xIDMyMzcvMi8xIDMxMzYvMy8xIDMxMzUvNC8xCmYgMzIzNy8xLzEgMzIzOC8yLzEgMzEzNy8zLzEgMzEzNi80LzEKZiAzMjM4LzEvMSAzMjM5LzIvMSAzMTM4LzMvMSAzMTM3LzQvMQpmIDMyMzkvMS8xIDMyNDAvMi8xIDMxMzkvMy8xIDMxMzgvNC8xCmYgMzI0MC8xLzEgMzI0MS8yLzEgMzE0MC8zLzEgMzEzOS80LzEKZiAzMjQxLzEvMSAzMjQyLzIvMSAzMTQxLzMvMSAzMTQwLzQvMQpmIDMyNDIvMS8xIDMyNDMvMi8xIDMxNDIvMy8xIDMxNDEvNC8xCmYgMzI0My8xLzEgMzI0NC8yLzEgMzE0My8zLzEgMzE0Mi80LzEKZiAzMjQ0LzEvMSAzMjQ1LzIvMSAzMTQ0LzMvMSAzMTQzLzQvMQpmIDMyNDUvMS8xIDMyNDYvMi8xIDMxNDUvMy8xIDMxNDQvNC8xCmYgMzI0Ni8xLzEgMzI0Ny8yLzEgMzE0Ni8zLzEgMzE0NS80LzEKZiAzMjQ3LzEvMSAzMjQ4LzIvMSAzMTQ3LzMvMSAzMTQ2LzQvMQpmIDMyNDgvMS8xIDMyNDkvMi8xIDMxNDgvMy8xIDMxNDcvNC8xCmYgMzI0OS8xLzEgMzI1MC8yLzEgMzE0OS8zLzEgMzE0OC80LzEKZiAzMjUwLzEvMSAzMjUxLzIvMSAzMTUwLzMvMSAzMTQ5LzQvMQpmIDMyNTEvMS8xIDMyNTIvMi8xIDMxNTEvMy8xIDMxNTAvNC8xCmYgMzI1Mi8xLzEgMzI1My8yLzEgMzE1Mi8zLzEgMzE1MS80LzEKZiAzMjUzLzEvMSAzMjU0LzIvMSAzMTUzLzMvMSAzMTUyLzQvMQpmIDMyNTQvMS8xIDMyNTUvMi8xIDMxNTQvMy8xIDMxNTMvNC8xCmYgMzI1NS8xLzEgMzI1Ni8yLzEgMzE1NS8zLzEgMzE1NC80LzEKZiAzMjU2LzEvMSAzMjU3LzIvMSAzMTU2LzMvMSAzMTU1LzQvMQpmIDMyNTcvMS8xIDMyNTgvMi8xIDMxNTcvMy8xIDMxNTYvNC8xCmYgMzI1OC8xLzEgMzI1OS8yLzEgMzE1OC8zLzEgMzE1Ny80LzEKZiAzMjU5LzEvMSAzMjYwLzIvMSAzMTU5LzMvMSAzMTU4LzQvMQpmIDMyNjAvNS8xIDMyNjEvNi8xIDMxNjAvNy8xIDMxNTkvOC8xCmYgMzI2MS8xLzEgMzI2Mi8yLzEgMzE2MS8zLzEgMzE2MC80LzEKZiAzMjYyLzEvMSAzMjYzLzIvMSAzMTYyLzMvMSAzMTYxLzQvMQpmIDMyNjMvMS8xIDMyNjQvMi8xIDMxNjMvMy8xIDMxNjIvNC8xCmYgMzI2NC8xLzEgMzI2NS8yLzEgMzE2NC8zLzEgMzE2My80LzEKZiAzMjY1LzEvMSAzMjY2LzIvMSAzMTY1LzMvMSAzMTY0LzQvMQpmIDMyNjYvMS8xIDMyNjcvMi8xIDMxNjYvMy8xIDMxNjUvNC8xCmYgMzI2Ny8xLzEgMzI2OC8yLzEgMzE2Ny8zLzEgMzE2Ni80LzEKZiAzMjY4LzkvMSAzMjY5LzEwLzEgMzE2OC8xMS8xIDMxNjcvMTIvMQpmIDMyNjkvNS8xIDMyNzAvNi8xIDMxNjkvNy8xIDMxNjgvOC8xCmYgMzI3MC81LzEgMzI3MS82LzEgMzE3MC83LzEgMzE2OS84LzEKZiAzMjcxLzEvMSAzMjcyLzIvMSAzMTcxLzMvMSAzMTcwLzQvMQpmIDMyNzIvMS8xIDMyNzMvMi8xIDMxNzIvMy8xIDMxNzEvNC8xCmYgMzI3My8xLzEgMzI3NC8yLzEgMzE3My8zLzEgMzE3Mi80LzEKZiAzMjc0LzkvMSAzMjc1LzEwLzEgMzE3NC8xMS8xIDMxNzMvMTIvMQpmIDMyNzUvNS8xIDMyNzYvNi8xIDMxNzUvNy8xIDMxNzQvOC8xCmYgMzI3Ni8xLzEgMzI3Ny8yLzEgMzE3Ni8zLzEgMzE3NS80LzEKZiAzMjc3LzEvMSAzMjc4LzIvMSAzMTc3LzMvMSAzMTc2LzQvMQpmIDMyNzgvMS8xIDMyNzkvMi8xIDMxNzgvMy8xIDMxNzcvNC8xCmYgMzI3OS8xLzEgMzI4MC8yLzEgMzE3OS8zLzEgMzE3OC80LzEKZiAzMjgwLzEvMSAzMjgxLzIvMSAzMTgwLzMvMSAzMTc5LzQvMQpmIDMyODEvMS8xIDMyODIvMi8xIDMxODEvMy8xIDMxODAvNC8xCmYgMzI4Mi8xLzEgMzI4My8yLzEgMzE4Mi8zLzEgMzE4MS80LzEKZiAzMjgzLzEvMSAzMjg0LzIvMSAzMTgzLzMvMSAzMTgyLzQvMQpmIDMyODQvMS8xIDMyODUvMi8xIDMxODQvMy8xIDMxODMvNC8xCmYgMzI4NS8xLzEgMzI4Ni8yLzEgMzE4NS8zLzEgMzE4NC80LzEKZiAzMjg2LzEvMSAzMjg3LzIvMSAzMTg2LzMvMSAzMTg1LzQvMQpmIDMyODcvMS8xIDMyODgvMi8xIDMxODcvMy8xIDMxODYvNC8xCmYgMzI4OC8xLzEgMzI4OS8yLzEgMzE4OC8zLzEgMzE4Ny80LzEKZiAzMjg5LzEvMSAzMjkwLzIvMSAzMTg5LzMvMSAzMTg4LzQvMQpmIDMyOTAvMS8xIDMyOTEvMi8xIDMxOTAvMy8xIDMxODkvNC8xCmYgMzI5MS8xLzEgMzI5Mi8yLzEgMzE5MS8zLzEgMzE5MC80LzEKZiAzMjkyLzEvMSAzMjkzLzIvMSAzMTkyLzMvMSAzMTkxLzQvMQpmIDMyOTMvMS8xIDMyOTQvMi8xIDMxOTMvMy8xIDMxOTIvNC8xCmYgMzI5NC8xLzEgMzI5NS8yLzEgMzE5NC8zLzEgMzE5My80LzEKZiAzMjk1LzEvMSAzMjk2LzIvMSAzMTk1LzMvMSAzMTk0LzQvMQpmIDMyOTYvMS8xIDMyOTcvMi8xIDMxOTYvMy8xIDMxOTUvNC8xCmYgMzI5Ny8xLzEgMzI5OC8yLzEgMzE5Ny8zLzEgMzE5Ni80LzEKZiAzMjk4LzEvMSAzMjk5LzIvMSAzMTk4LzMvMSAzMTk3LzQvMQpmIDMyOTkvMS8xIDMzMDAvMi8xIDMxOTkvMy8xIDMxOTgvNC8xCmYgMzMwMC8xLzEgMzMwMS8yLzEgMzIwMC8zLzEgMzE5OS80LzEKZiAzMzAxLzEvMSAzMzAyLzIvMSAzMjAxLzMvMSAzMjAwLzQvMQpmIDMzMDIvMS8xIDMzMDMvMi8xIDMyMDIvMy8xIDMyMDEvNC8xCmYgMzMwMy8xLzEgMzMwNC8yLzEgMzIwMy8zLzEgMzIwMi80LzEKZiAzMzA0LzEvMSAzMzA1LzIvMSAzMjA0LzMvMSAzMjAzLzQvMQpmIDMzMDUvMS8xIDMzMDYvMi8xIDMyMDUvMy8xIDMyMDQvNC8xCmYgMzMwNi8xLzEgMzMwNy8yLzEgMzIwNi8zLzEgMzIwNS80LzEKZiAzMzA3LzEvMSAzMzA4LzIvMSAzMjA3LzMvMSAzMjA2LzQvMQpmIDMzMDgvMS8xIDMzMDkvMi8xIDMyMDgvMy8xIDMyMDcvNC8xCmYgMzMwOS8xLzEgMzMxMC8yLzEgMzIwOS8zLzEgMzIwOC80LzEKZiAzMzEwLzEvMSAzMzExLzIvMSAzMjEwLzMvMSAzMjA5LzQvMQpmIDMzMTEvMS8xIDMzMTIvMi8xIDMyMTEvMy8xIDMyMTAvNC8xCmYgMzMxMi8xLzEgMzMxMy8yLzEgMzIxMi8zLzEgMzIxMS80LzEKZiAzMzEzLzEvMSAzMzE0LzIvMSAzMjEzLzMvMSAzMjEyLzQvMQpmIDMzMTQvMS8xIDMzMTUvMi8xIDMyMTQvMy8xIDMyMTMvNC8xCmYgMzMxNS8xLzEgMzMxNi8yLzEgMzIxNS8zLzEgMzIxNC80LzEKZiAzMzE2LzEvMSAzMzE3LzIvMSAzMjE2LzMvMSAzMjE1LzQvMQpmIDMzMTcvMS8xIDMzMTgvMi8xIDMyMTcvMy8xIDMyMTYvNC8xCmYgMzMxOC8xLzEgMzMxOS8yLzEgMzIxOC8zLzEgMzIxNy80LzEKZiAzMzE5LzEvMSAzMzIwLzIvMSAzMjE5LzMvMSAzMjE4LzQvMQpmIDMzMjAvMS8xIDMzMjEvMi8xIDMyMjAvMy8xIDMyMTkvNC8xCmYgMzMyMS8xLzEgMzMyMi8yLzEgMzIyMS8zLzEgMzIyMC80LzEKZiAzMzIyLzEvMSAzMzIzLzIvMSAzMjIyLzMvMSAzMjIxLzQvMQpmIDMzMjMvMS8xIDMzMjQvMi8xIDMyMjMvMy8xIDMyMjIvNC8xCmYgMzMyNC8xLzEgMzMyNS8yLzEgMzIyNC8zLzEgMzIyMy80LzEKZiAzMzI1LzEvMSAzMzI2LzIvMSAzMjI1LzMvMSAzMjI0LzQvMQpmIDMzMjYvMS8xIDMzMjcvMi8xIDMyMjYvMy8xIDMyMjUvNC8xCmYgMzMyNy8xLzEgMzMyOC8yLzEgMzIyNy8zLzEgMzIyNi80LzEKZiAzMzI4LzEvMSAzMzI5LzIvMSAzMjI4LzMvMSAzMjI3LzQvMQpmIDMzMjkvMS8xIDMzMzAvMi8xIDMyMjkvMy8xIDMyMjgvNC8xCmYgMzMzMC8xLzEgMzMzMS8yLzEgMzIzMC8zLzEgMzIyOS80LzEKZiAzMzMxLzEvMSAzMzMyLzIvMSAzMjMxLzMvMSAzMjMwLzQvMQpmIDMzMzIvMS8xIDMzMzMvMi8xIDMyMzIvMy8xIDMyMzEvNC8xCmYgMzMzNC8xLzEgMzMzNS8yLzEgMzIzNC8zLzEgMzIzMy80LzEKZiAzMzM1LzEvMSAzMzM2LzIvMSAzMjM1LzMvMSAzMjM0LzQvMQpmIDMzMzYvMS8xIDMzMzcvMi8xIDMyMzYvMy8xIDMyMzUvNC8xCmYgMzMzNy8xLzEgMzMzOC8yLzEgMzIzNy8zLzEgMzIzNi80LzEKZiAzMzM4LzEvMSAzMzM5LzIvMSAzMjM4LzMvMSAzMjM3LzQvMQpmIDMzMzkvMS8xIDMzNDAvMi8xIDMyMzkvMy8xIDMyMzgvNC8xCmYgMzM0MC8xLzEgMzM0MS8yLzEgMzI0MC8zLzEgMzIzOS80LzEKZiAzMzQxLzEvMSAzMzQyLzIvMSAzMjQxLzMvMSAzMjQwLzQvMQpmIDMzNDIvMS8xIDMzNDMvMi8xIDMyNDIvMy8xIDMyNDEvNC8xCmYgMzM0My8xLzEgMzM0NC8yLzEgMzI0My8zLzEgMzI0Mi80LzEKZiAzMzQ0LzEvMSAzMzQ1LzIvMSAzMjQ0LzMvMSAzMjQzLzQvMQpmIDMzNDUvMS8xIDMzNDYvMi8xIDMyNDUvMy8xIDMyNDQvNC8xCmYgMzM0Ni8xLzEgMzM0Ny8yLzEgMzI0Ni8zLzEgMzI0NS80LzEKZiAzMzQ3LzEvMSAzMzQ4LzIvMSAzMjQ3LzMvMSAzMjQ2LzQvMQpmIDMzNDgvMS8xIDMzNDkvMi8xIDMyNDgvMy8xIDMyNDcvNC8xCmYgMzM0OS8xLzEgMzM1MC8yLzEgMzI0OS8zLzEgMzI0OC80LzEKZiAzMzUwLzEvMSAzMzUxLzIvMSAzMjUwLzMvMSAzMjQ5LzQvMQpmIDMzNTEvMS8xIDMzNTIvMi8xIDMyNTEvMy8xIDMyNTAvNC8xCmYgMzM1Mi8xLzEgMzM1My8yLzEgMzI1Mi8zLzEgMzI1MS80LzEKZiAzMzUzLzEvMSAzMzU0LzIvMSAzMjUzLzMvMSAzMjUyLzQvMQpmIDMzNTQvMS8xIDMzNTUvMi8xIDMyNTQvMy8xIDMyNTMvNC8xCmYgMzM1NS8xLzEgMzM1Ni8yLzEgMzI1NS8zLzEgMzI1NC80LzEKZiAzMzU2LzEvMSAzMzU3LzIvMSAzMjU2LzMvMSAzMjU1LzQvMQpmIDMzNTcvMS8xIDMzNTgvMi8xIDMyNTcvMy8xIDMyNTYvNC8xCmYgMzM1OC8xLzEgMzM1OS8yLzEgMzI1OC8zLzEgMzI1Ny80LzEKZiAzMzU5LzEvMSAzMzYwLzIvMSAzMjU5LzMvMSAzMjU4LzQvMQpmIDMzNjAvMS8xIDMzNjEvMi8xIDMyNjAvMy8xIDMyNTkvNC8xCmYgMzM2MS8xLzEgMzM2Mi8yLzEgMzI2MS8zLzEgMzI2MC80LzEKZiAzMzYyLzUvMSAzMzYzLzYvMSAzMjYyLzcvMSAzMjYxLzgvMQpmIDMzNjMvOS8xIDMzNjQvMTAvMSAzMjYzLzExLzEgMzI2Mi8xMi8xCmYgMzM2NC8xLzEgMzM2NS8yLzEgMzI2NC8zLzEgMzI2My80LzEKZiAzMzY1LzEvMSAzMzY2LzIvMSAzMjY1LzMvMSAzMjY0LzQvMQpmIDMzNjYvMS8xIDMzNjcvMi8xIDMyNjYvMy8xIDMyNjUvNC8xCmYgMzM2Ny8xLzEgMzM2OC8yLzEgMzI2Ny8zLzEgMzI2Ni80LzEKZiAzMzY4LzEvMSAzMzY5LzIvMSAzMjY4LzMvMSAzMjY3LzQvMQpmIDMzNjkvMS8xIDMzNzAvMi8xIDMyNjkvMy8xIDMyNjgvNC8xCmYgMzM3MC8xMy8xIDMzNzEvMTQvMSAzMjcwLzE1LzEgMzI2OS8xNi8xCmYgMzM3MS85LzEgMzM3Mi8xMC8xIDMyNzEvMTEvMSAzMjcwLzEyLzEKZiAzMzcyLzEzLzEgMzM3My8xNC8xIDMyNzIvMTUvMSAzMjcxLzE2LzEKZiAzMzczLzEvMSAzMzc0LzIvMSAzMjczLzMvMSAzMjcyLzQvMQpmIDMzNzQvMTMvMSAzMzc1LzE0LzEgMzI3NC8xNS8xIDMyNzMvMTYvMQpmIDMzNzUvMTMvMSAzMzc2LzE0LzEgMzI3NS8xNS8xIDMyNzQvMTYvMQpmIDMzNzYvMS8xIDMzNzcvMi8xIDMyNzYvMy8xIDMyNzUvNC8xCmYgMzM3Ny8xLzEgMzM3OC8yLzEgMzI3Ny8zLzEgMzI3Ni80LzEKZiAzMzc4LzEvMSAzMzc5LzIvMSAzMjc4LzMvMSAzMjc3LzQvMQpmIDMzNzkvMS8xIDMzODAvMi8xIDMyNzkvMy8xIDMyNzgvNC8xCmYgMzM4MC8xLzEgMzM4MS8yLzEgMzI4MC8zLzEgMzI3OS80LzEKZiAzMzgxLzEvMSAzMzgyLzIvMSAzMjgxLzMvMSAzMjgwLzQvMQpmIDMzODIvMS8xIDMzODMvMi8xIDMyODIvMy8xIDMyODEvNC8xCmYgMzM4My8xLzEgMzM4NC8yLzEgMzI4My8zLzEgMzI4Mi80LzEKZiAzMzg0LzEvMSAzMzg1LzIvMSAzMjg0LzMvMSAzMjgzLzQvMQpmIDMzODUvMS8xIDMzODYvMi8xIDMyODUvMy8xIDMyODQvNC8xCmYgMzM4Ni8xLzEgMzM4Ny8yLzEgMzI4Ni8zLzEgMzI4NS80LzEKZiAzMzg3LzEvMSAzMzg4LzIvMSAzMjg3LzMvMSAzMjg2LzQvMQpmIDMzODgvMS8xIDMzODkvMi8xIDMyODgvMy8xIDMyODcvNC8xCmYgMzM4OS8xLzEgMzM5MC8yLzEgMzI4OS8zLzEgMzI4OC80LzEKZiAzMzkwLzEvMSAzMzkxLzIvMSAzMjkwLzMvMSAzMjg5LzQvMQpmIDMzOTEvMS8xIDMzOTIvMi8xIDMyOTEvMy8xIDMyOTAvNC8xCmYgMzM5Mi8xLzEgMzM5My8yLzEgMzI5Mi8zLzEgMzI5MS80LzEKZiAzMzkzLzEvMSAzMzk0LzIvMSAzMjkzLzMvMSAzMjkyLzQvMQpmIDMzOTQvMS8xIDMzOTUvMi8xIDMyOTQvMy8xIDMyOTMvNC8xCmYgMzM5NS8xLzEgMzM5Ni8yLzEgMzI5NS8zLzEgMzI5NC80LzEKZiAzMzk2LzEvMSAzMzk3LzIvMSAzMjk2LzMvMSAzMjk1LzQvMQpmIDMzOTcvMS8xIDMzOTgvMi8xIDMyOTcvMy8xIDMyOTYvNC8xCmYgMzM5OC8xLzEgMzM5OS8yLzEgMzI5OC8zLzEgMzI5Ny80LzEKZiAzMzk5LzEvMSAzNDAwLzIvMSAzMjk5LzMvMSAzMjk4LzQvMQpmIDM0MDAvMS8xIDM0MDEvMi8xIDMzMDAvMy8xIDMyOTkvNC8xCmYgMzQwMS8xLzEgMzQwMi8yLzEgMzMwMS8zLzEgMzMwMC80LzEKZiAzNDAyLzEvMSAzNDAzLzIvMSAzMzAyLzMvMSAzMzAxLzQvMQpmIDM0MDMvMS8xIDM0MDQvMi8xIDMzMDMvMy8xIDMzMDIvNC8xCmYgMzQwNC8xLzEgMzQwNS8yLzEgMzMwNC8zLzEgMzMwMy80LzEKZiAzNDA1LzEvMSAzNDA2LzIvMSAzMzA1LzMvMSAzMzA0LzQvMQpmIDM0MDYvMS8xIDM0MDcvMi8xIDMzMDYvMy8xIDMzMDUvNC8xCmYgMzQwNy8xLzEgMzQwOC8yLzEgMzMwNy8zLzEgMzMwNi80LzEKZiAzNDA4LzEvMSAzNDA5LzIvMSAzMzA4LzMvMSAzMzA3LzQvMQpmIDM0MDkvMS8xIDM0MTAvMi8xIDMzMDkvMy8xIDMzMDgvNC8xCmYgMzQxMC8xLzEgMzQxMS8yLzEgMzMxMC8zLzEgMzMwOS80LzEKZiAzNDExLzEvMSAzNDEyLzIvMSAzMzExLzMvMSAzMzEwLzQvMQpmIDM0MTIvMS8xIDM0MTMvMi8xIDMzMTIvMy8xIDMzMTEvNC8xCmYgMzQxMy8xLzEgMzQxNC8yLzEgMzMxMy8zLzEgMzMxMi80LzEKZiAzNDE0LzEvMSAzNDE1LzIvMSAzMzE0LzMvMSAzMzEzLzQvMQpmIDM0MTUvMS8xIDM0MTYvMi8xIDMzMTUvMy8xIDMzMTQvNC8xCmYgMzQxNi8xLzEgMzQxNy8yLzEgMzMxNi8zLzEgMzMxNS80LzEKZiAzNDE3LzEvMSAzNDE4LzIvMSAzMzE3LzMvMSAzMzE2LzQvMQpmIDM0MTgvMS8xIDM0MTkvMi8xIDMzMTgvMy8xIDMzMTcvNC8xCmYgMzQxOS8xLzEgMzQyMC8yLzEgMzMxOS8zLzEgMzMxOC80LzEKZiAzNDIwLzEvMSAzNDIxLzIvMSAzMzIwLzMvMSAzMzE5LzQvMQpmIDM0MjEvMS8xIDM0MjIvMi8xIDMzMjEvMy8xIDMzMjAvNC8xCmYgMzQyMi8xLzEgMzQyMy8yLzEgMzMyMi8zLzEgMzMyMS80LzEKZiAzNDIzLzEvMSAzNDI0LzIvMSAzMzIzLzMvMSAzMzIyLzQvMQpmIDM0MjQvMS8xIDM0MjUvMi8xIDMzMjQvMy8xIDMzMjMvNC8xCmYgMzQyNS8xLzEgMzQyNi8yLzEgMzMyNS8zLzEgMzMyNC80LzEKZiAzNDI2LzEvMSAzNDI3LzIvMSAzMzI2LzMvMSAzMzI1LzQvMQpmIDM0MjcvMS8xIDM0MjgvMi8xIDMzMjcvMy8xIDMzMjYvNC8xCmYgMzQyOC8xLzEgMzQyOS8yLzEgMzMyOC8zLzEgMzMyNy80LzEKZiAzNDI5LzEvMSAzNDMwLzIvMSAzMzI5LzMvMSAzMzI4LzQvMQpmIDM0MzAvMS8xIDM0MzEvMi8xIDMzMzAvMy8xIDMzMjkvNC8xCmYgMzQzMS8xLzEgMzQzMi8yLzEgMzMzMS8zLzEgMzMzMC80LzEKZiAzNDMyLzEvMSAzNDMzLzIvMSAzMzMyLzMvMSAzMzMxLzQvMQpmIDM0MzMvMS8xIDM0MzQvMi8xIDMzMzMvMy8xIDMzMzIvNC8xCmYgMzQzNS8xLzEgMzQzNi8yLzEgMzMzNS8zLzEgMzMzNC80LzEKZiAzNDM2LzEvMSAzNDM3LzIvMSAzMzM2LzMvMSAzMzM1LzQvMQpmIDM0MzcvMS8xIDM0MzgvMi8xIDMzMzcvMy8xIDMzMzYvNC8xCmYgMzQzOC8xLzEgMzQzOS8yLzEgMzMzOC8zLzEgMzMzNy80LzEKZiAzNDM5LzEvMSAzNDQwLzIvMSAzMzM5LzMvMSAzMzM4LzQvMQpmIDM0NDAvMS8xIDM0NDEvMi8xIDMzNDAvMy8xIDMzMzkvNC8xCmYgMzQ0MS8xLzEgMzQ0Mi8yLzEgMzM0MS8zLzEgMzM0MC80LzEKZiAzNDQyLzEvMSAzNDQzLzIvMSAzMzQyLzMvMSAzMzQxLzQvMQpmIDM0NDMvMS8xIDM0NDQvMi8xIDMzNDMvMy8xIDMzNDIvNC8xCmYgMzQ0NC8xLzEgMzQ0NS8yLzEgMzM0NC8zLzEgMzM0My80LzEKZiAzNDQ1LzEvMSAzNDQ2LzIvMSAzMzQ1LzMvMSAzMzQ0LzQvMQpmIDM0NDYvMS8xIDM0NDcvMi8xIDMzNDYvMy8xIDMzNDUvNC8xCmYgMzQ0Ny8xLzEgMzQ0OC8yLzEgMzM0Ny8zLzEgMzM0Ni80LzEKZiAzNDQ4LzEvMSAzNDQ5LzIvMSAzMzQ4LzMvMSAzMzQ3LzQvMQpmIDM0NDkvMS8xIDM0NTAvMi8xIDMzNDkvMy8xIDMzNDgvNC8xCmYgMzQ1MC8xLzEgMzQ1MS8yLzEgMzM1MC8zLzEgMzM0OS80LzEKZiAzNDUxLzEvMSAzNDUyLzIvMSAzMzUxLzMvMSAzMzUwLzQvMQpmIDM0NTIvMS8xIDM0NTMvMi8xIDMzNTIvMy8xIDMzNTEvNC8xCmYgMzQ1My8xLzEgMzQ1NC8yLzEgMzM1My8zLzEgMzM1Mi80LzEKZiAzNDU0LzEvMSAzNDU1LzIvMSAzMzU0LzMvMSAzMzUzLzQvMQpmIDM0NTUvMS8xIDM0NTYvMi8xIDMzNTUvMy8xIDMzNTQvNC8xCmYgMzQ1Ni8xLzEgMzQ1Ny8yLzEgMzM1Ni8zLzEgMzM1NS80LzEKZiAzNDU3LzEvMSAzNDU4LzIvMSAzMzU3LzMvMSAzMzU2LzQvMQpmIDM0NTgvMS8xIDM0NTkvMi8xIDMzNTgvMy8xIDMzNTcvNC8xCmYgMzQ1OS8xLzEgMzQ2MC8yLzEgMzM1OS8zLzEgMzM1OC80LzEKZiAzNDYwLzEvMSAzNDYxLzIvMSAzMzYwLzMvMSAzMzU5LzQvMQpmIDM0NjEvMS8xIDM0NjIvMi8xIDMzNjEvMy8xIDMzNjAvNC8xCmYgMzQ2Mi8xLzEgMzQ2My8yLzEgMzM2Mi8zLzEgMzM2MS80LzEKZiAzNDYzLzEvMSAzNDY0LzIvMSAzMzYzLzMvMSAzMzYyLzQvMQpmIDM0NjQvMTMvMSAzNDY1LzE0LzEgMzM2NC8xNS8xIDMzNjMvMTYvMQpmIDM0NjUvNS8xIDM0NjYvNi8xIDMzNjUvNy8xIDMzNjQvOC8xCmYgMzQ2Ni8xLzEgMzQ2Ny8yLzEgMzM2Ni8zLzEgMzM2NS80LzEKZiAzNDY3LzEvMSAzNDY4LzIvMSAzMzY3LzMvMSAzMzY2LzQvMQpmIDM0NjgvMS8xIDM0NjkvMi8xIDMzNjgvMy8xIDMzNjcvNC8xCmYgMzQ2OS85LzEgMzQ3MC8xMC8xIDMzNjkvMTEvMSAzMzY4LzEyLzEKZiAzNDcwLzUvMSAzNDcxLzYvMSAzMzcwLzcvMSAzMzY5LzgvMQpmIDM0NzEvOS8xIDM0NzIvMTAvMSAzMzcxLzExLzEgMzM3MC8xMi8xCmYgMzQ3Mi8xLzEgMzQ3My8yLzEgMzM3Mi8zLzEgMzM3MS80LzEKZiAzNDczLzEvMSAzNDc0LzIvMSAzMzczLzMvMSAzMzcyLzQvMQpmIDM0NzQvNS8xIDM0NzUvNi8xIDMzNzQvNy8xIDMzNzMvOC8xCmYgMzQ3NS85LzEgMzQ3Ni8xMC8xIDMzNzUvMTEvMSAzMzc0LzEyLzEKZiAzNDc2LzEvMSAzNDc3LzIvMSAzMzc2LzMvMSAzMzc1LzQvMQpmIDM0NzcvMS8xIDM0NzgvMi8xIDMzNzcvMy8xIDMzNzYvNC8xCmYgMzQ3OC8xLzEgMzQ3OS8yLzEgMzM3OC8zLzEgMzM3Ny80LzEKZiAzNDc5LzEvMSAzNDgwLzIvMSAzMzc5LzMvMSAzMzc4LzQvMQpmIDM0ODAvMS8xIDM0ODEvMi8xIDMzODAvMy8xIDMzNzkvNC8xCmYgMzQ4MS8xLzEgMzQ4Mi8yLzEgMzM4MS8zLzEgMzM4MC80LzEKZiAzNDgyLzEvMSAzNDgzLzIvMSAzMzgyLzMvMSAzMzgxLzQvMQpmIDM0ODMvMS8xIDM0ODQvMi8xIDMzODMvMy8xIDMzODIvNC8xCmYgMzQ4NC8xLzEgMzQ4NS8yLzEgMzM4NC8zLzEgMzM4My80LzEKZiAzNDg1LzEvMSAzNDg2LzIvMSAzMzg1LzMvMSAzMzg0LzQvMQpmIDM0ODYvMS8xIDM0ODcvMi8xIDMzODYvMy8xIDMzODUvNC8xCmYgMzQ4Ny8xLzEgMzQ4OC8yLzEgMzM4Ny8zLzEgMzM4Ni80LzEKZiAzNDg4LzEvMSAzNDg5LzIvMSAzMzg4LzMvMSAzMzg3LzQvMQpmIDM0ODkvMS8xIDM0OTAvMi8xIDMzODkvMy8xIDMzODgvNC8xCmYgMzQ5MC8xLzEgMzQ5MS8yLzEgMzM5MC8zLzEgMzM4OS80LzEKZiAzNDkxLzEvMSAzNDkyLzIvMSAzMzkxLzMvMSAzMzkwLzQvMQpmIDM0OTIvMS8xIDM0OTMvMi8xIDMzOTIvMy8xIDMzOTEvNC8xCmYgMzQ5My8xLzEgMzQ5NC8yLzEgMzM5My8zLzEgMzM5Mi80LzEKZiAzNDk0LzEvMSAzNDk1LzIvMSAzMzk0LzMvMSAzMzkzLzQvMQpmIDM0OTUvMS8xIDM0OTYvMi8xIDMzOTUvMy8xIDMzOTQvNC8xCmYgMzQ5Ni8xLzEgMzQ5Ny8yLzEgMzM5Ni8zLzEgMzM5NS80LzEKZiAzNDk3LzEvMSAzNDk4LzIvMSAzMzk3LzMvMSAzMzk2LzQvMQpmIDM0OTgvMS8xIDM0OTkvMi8xIDMzOTgvMy8xIDMzOTcvNC8xCmYgMzQ5OS8xLzEgMzUwMC8yLzEgMzM5OS8zLzEgMzM5OC80LzEKZiAzNTAwLzEvMSAzNTAxLzIvMSAzNDAwLzMvMSAzMzk5LzQvMQpmIDM1MDEvMS8xIDM1MDIvMi8xIDM0MDEvMy8xIDM0MDAvNC8xCmYgMzUwMi8xLzEgMzUwMy8yLzEgMzQwMi8zLzEgMzQwMS80LzEKZiAzNTAzLzEvMSAzNTA0LzIvMSAzNDAzLzMvMSAzNDAyLzQvMQpmIDM1MDQvMS8xIDM1MDUvMi8xIDM0MDQvMy8xIDM0MDMvNC8xCmYgMzUwNS8xLzEgMzUwNi8yLzEgMzQwNS8zLzEgMzQwNC80LzEKZiAzNTA2LzEvMSAzNTA3LzIvMSAzNDA2LzMvMSAzNDA1LzQvMQpmIDM1MDcvMS8xIDM1MDgvMi8xIDM0MDcvMy8xIDM0MDYvNC8xCmYgMzUwOC8xLzEgMzUwOS8yLzEgMzQwOC8zLzEgMzQwNy80LzEKZiAzNTA5LzEvMSAzNTEwLzIvMSAzNDA5LzMvMSAzNDA4LzQvMQpmIDM1MTAvMS8xIDM1MTEvMi8xIDM0MTAvMy8xIDM0MDkvNC8xCmYgMzUxMS8xLzEgMzUxMi8yLzEgMzQxMS8zLzEgMzQxMC80LzEKZiAzNTEyLzEvMSAzNTEzLzIvMSAzNDEyLzMvMSAzNDExLzQvMQpmIDM1MTMvMS8xIDM1MTQvMi8xIDM0MTMvMy8xIDM0MTIvNC8xCmYgMzUxNC8xLzEgMzUxNS8yLzEgMzQxNC8zLzEgMzQxMy80LzEKZiAzNTE1LzEvMSAzNTE2LzIvMSAzNDE1LzMvMSAzNDE0LzQvMQpmIDM1MTYvMS8xIDM1MTcvMi8xIDM0MTYvMy8xIDM0MTUvNC8xCmYgMzUxNy8xLzEgMzUxOC8yLzEgMzQxNy8zLzEgMzQxNi80LzEKZiAzNTE4LzEvMSAzNTE5LzIvMSAzNDE4LzMvMSAzNDE3LzQvMQpmIDM1MTkvMS8xIDM1MjAvMi8xIDM0MTkvMy8xIDM0MTgvNC8xCmYgMzUyMC8xLzEgMzUyMS8yLzEgMzQyMC8zLzEgMzQxOS80LzEKZiAzNTIxLzEvMSAzNTIyLzIvMSAzNDIxLzMvMSAzNDIwLzQvMQpmIDM1MjIvMS8xIDM1MjMvMi8xIDM0MjIvMy8xIDM0MjEvNC8xCmYgMzUyMy8xLzEgMzUyNC8yLzEgMzQyMy8zLzEgMzQyMi80LzEKZiAzNTI0LzEvMSAzNTI1LzIvMSAzNDI0LzMvMSAzNDIzLzQvMQpmIDM1MjUvMS8xIDM1MjYvMi8xIDM0MjUvMy8xIDM0MjQvNC8xCmYgMzUyNi8xLzEgMzUyNy8yLzEgMzQyNi8zLzEgMzQyNS80LzEKZiAzNTI3LzEvMSAzNTI4LzIvMSAzNDI3LzMvMSAzNDI2LzQvMQpmIDM1MjgvMS8xIDM1MjkvMi8xIDM0MjgvMy8xIDM0MjcvNC8xCmYgMzUyOS8xLzEgMzUzMC8yLzEgMzQyOS8zLzEgMzQyOC80LzEKZiAzNTMwLzEvMSAzNTMxLzIvMSAzNDMwLzMvMSAzNDI5LzQvMQpmIDM1MzEvMS8xIDM1MzIvMi8xIDM0MzEvMy8xIDM0MzAvNC8xCmYgMzUzMi8xLzEgMzUzMy8yLzEgMzQzMi8zLzEgMzQzMS80LzEKZiAzNTMzLzEvMSAzNTM0LzIvMSAzNDMzLzMvMSAzNDMyLzQvMQpmIDM1MzQvMS8xIDM1MzUvMi8xIDM0MzQvMy8xIDM0MzMvNC8xCmYgMzUzNi8xLzEgMzUzNy8yLzEgMzQzNi8zLzEgMzQzNS80LzEKZiAzNTM3LzEvMSAzNTM4LzIvMSAzNDM3LzMvMSAzNDM2LzQvMQpmIDM1MzgvMS8xIDM1MzkvMi8xIDM0MzgvMy8xIDM0MzcvNC8xCmYgMzUzOS8xLzEgMzU0MC8yLzEgMzQzOS8zLzEgMzQzOC80LzEKZiAzNTQwLzEvMSAzNTQxLzIvMSAzNDQwLzMvMSAzNDM5LzQvMQpmIDM1NDEvMS8xIDM1NDIvMi8xIDM0NDEvMy8xIDM0NDAvNC8xCmYgMzU0Mi8xLzEgMzU0My8yLzEgMzQ0Mi8zLzEgMzQ0MS80LzEKZiAzNTQzLzEvMSAzNTQ0LzIvMSAzNDQzLzMvMSAzNDQyLzQvMQpmIDM1NDQvMS8xIDM1NDUvMi8xIDM0NDQvMy8xIDM0NDMvNC8xCmYgMzU0NS8xLzEgMzU0Ni8yLzEgMzQ0NS8zLzEgMzQ0NC80LzEKZiAzNTQ2LzEvMSAzNTQ3LzIvMSAzNDQ2LzMvMSAzNDQ1LzQvMQpmIDM1NDcvMS8xIDM1NDgvMi8xIDM0NDcvMy8xIDM0NDYvNC8xCmYgMzU0OC8xLzEgMzU0OS8yLzEgMzQ0OC8zLzEgMzQ0Ny80LzEKZiAzNTQ5LzEvMSAzNTUwLzIvMSAzNDQ5LzMvMSAzNDQ4LzQvMQpmIDM1NTAvMS8xIDM1NTEvMi8xIDM0NTAvMy8xIDM0NDkvNC8xCmYgMzU1MS8xLzEgMzU1Mi8yLzEgMzQ1MS8zLzEgMzQ1MC80LzEKZiAzNTUyLzEvMSAzNTUzLzIvMSAzNDUyLzMvMSAzNDUxLzQvMQpmIDM1NTMvMS8xIDM1NTQvMi8xIDM0NTMvMy8xIDM0NTIvNC8xCmYgMzU1NC8xLzEgMzU1NS8yLzEgMzQ1NC8zLzEgMzQ1My80LzEKZiAzNTU1LzEvMSAzNTU2LzIvMSAzNDU1LzMvMSAzNDU0LzQvMQpmIDM1NTYvMS8xIDM1NTcvMi8xIDM0NTYvMy8xIDM0NTUvNC8xCmYgMzU1Ny8xLzEgMzU1OC8yLzEgMzQ1Ny8zLzEgMzQ1Ni80LzEKZiAzNTU4LzEvMSAzNTU5LzIvMSAzNDU4LzMvMSAzNDU3LzQvMQpmIDM1NTkvMS8xIDM1NjAvMi8xIDM0NTkvMy8xIDM0NTgvNC8xCmYgMzU2MC8xLzEgMzU2MS8yLzEgMzQ2MC8zLzEgMzQ1OS80LzEKZiAzNTYxLzEvMSAzNTYyLzIvMSAzNDYxLzMvMSAzNDYwLzQvMQpmIDM1NjIvMS8xIDM1NjMvMi8xIDM0NjIvMy8xIDM0NjEvNC8xCmYgMzU2My8xLzEgMzU2NC8yLzEgMzQ2My8zLzEgMzQ2Mi80LzEKZiAzNTY0LzEvMSAzNTY1LzIvMSAzNDY0LzMvMSAzNDYzLzQvMQpmIDM1NjUvMS8xIDM1NjYvMi8xIDM0NjUvMy8xIDM0NjQvNC8xCmYgMzU2Ni8xLzEgMzU2Ny8yLzEgMzQ2Ni8zLzEgMzQ2NS80LzEKZiAzNTY3LzEzLzEgMzU2OC8xNC8xIDM0NjcvMTUvMSAzNDY2LzE2LzEKZiAzNTY4LzUvMSAzNTY5LzYvMSAzNDY4LzcvMSAzNDY3LzgvMQpmIDM1NjkvNS8xIDM1NzAvNi8xIDM0NjkvNy8xIDM0NjgvOC8xCmYgMzU3MC81LzEgMzU3MS82LzEgMzQ3MC83LzEgMzQ2OS84LzEKZiAzNTcxLzEvMSAzNTcyLzIvMSAzNDcxLzMvMSAzNDcwLzQvMQpmIDM1NzIvMS8xIDM1NzMvMi8xIDM0NzIvMy8xIDM0NzEvNC8xCmYgMzU3My8xLzEgMzU3NC8yLzEgMzQ3My8zLzEgMzQ3Mi80LzEKZiAzNTc0LzEvMSAzNTc1LzIvMSAzNDc0LzMvMSAzNDczLzQvMQpmIDM1NzUvMS8xIDM1NzYvMi8xIDM0NzUvMy8xIDM0NzQvNC8xCmYgMzU3Ni8xLzEgMzU3Ny8yLzEgMzQ3Ni8zLzEgMzQ3NS80LzEKZiAzNTc3LzEvMSAzNTc4LzIvMSAzNDc3LzMvMSAzNDc2LzQvMQpmIDM1NzgvMS8xIDM1NzkvMi8xIDM0NzgvMy8xIDM0NzcvNC8xCmYgMzU3OS8xLzEgMzU4MC8yLzEgMzQ3OS8zLzEgMzQ3OC80LzEKZiAzNTgwLzEvMSAzNTgxLzIvMSAzNDgwLzMvMSAzNDc5LzQvMQpmIDM1ODEvMS8xIDM1ODIvMi8xIDM0ODEvMy8xIDM0ODAvNC8xCmYgMzU4Mi8xLzEgMzU4My8yLzEgMzQ4Mi8zLzEgMzQ4MS80LzEKZiAzNTgzLzEvMSAzNTg0LzIvMSAzNDgzLzMvMSAzNDgyLzQvMQpmIDM1ODQvMS8xIDM1ODUvMi8xIDM0ODQvMy8xIDM0ODMvNC8xCmYgMzU4NS8xLzEgMzU4Ni8yLzEgMzQ4NS8zLzEgMzQ4NC80LzEKZiAzNTg2LzEvMSAzNTg3LzIvMSAzNDg2LzMvMSAzNDg1LzQvMQpmIDM1ODcvMS8xIDM1ODgvMi8xIDM0ODcvMy8xIDM0ODYvNC8xCmYgMzU4OC8xLzEgMzU4OS8yLzEgMzQ4OC8zLzEgMzQ4Ny80LzEKZiAzNTg5LzEvMSAzNTkwLzIvMSAzNDg5LzMvMSAzNDg4LzQvMQpmIDM1OTAvMS8xIDM1OTEvMi8xIDM0OTAvMy8xIDM0ODkvNC8xCmYgMzU5MS8xLzEgMzU5Mi8yLzEgMzQ5MS8zLzEgMzQ5MC80LzEKZiAzNTkyLzEvMSAzNTkzLzIvMSAzNDkyLzMvMSAzNDkxLzQvMQpmIDM1OTMvMS8xIDM1OTQvMi8xIDM0OTMvMy8xIDM0OTIvNC8xCmYgMzU5NC8xLzEgMzU5NS8yLzEgMzQ5NC8zLzEgMzQ5My80LzEKZiAzNTk1LzEvMSAzNTk2LzIvMSAzNDk1LzMvMSAzNDk0LzQvMQpmIDM1OTYvMS8xIDM1OTcvMi8xIDM0OTYvMy8xIDM0OTUvNC8xCmYgMzU5Ny8xLzEgMzU5OC8yLzEgMzQ5Ny8zLzEgMzQ5Ni80LzEKZiAzNTk4LzEvMSAzNTk5LzIvMSAzNDk4LzMvMSAzNDk3LzQvMQpmIDM1OTkvMS8xIDM2MDAvMi8xIDM0OTkvMy8xIDM0OTgvNC8xCmYgMzYwMC8xLzEgMzYwMS8yLzEgMzUwMC8zLzEgMzQ5OS80LzEKZiAzNjAxLzEvMSAzNjAyLzIvMSAzNTAxLzMvMSAzNTAwLzQvMQpmIDM2MDIvMS8xIDM2MDMvMi8xIDM1MDIvMy8xIDM1MDEvNC8xCmYgMzYwMy8xLzEgMzYwNC8yLzEgMzUwMy8zLzEgMzUwMi80LzEKZiAzNjA0LzEvMSAzNjA1LzIvMSAzNTA0LzMvMSAzNTAzLzQvMQpmIDM2MDUvMS8xIDM2MDYvMi8xIDM1MDUvMy8xIDM1MDQvNC8xCmYgMzYwNi8xLzEgMzYwNy8yLzEgMzUwNi8zLzEgMzUwNS80LzEKZiAzNjA3LzEvMSAzNjA4LzIvMSAzNTA3LzMvMSAzNTA2LzQvMQpmIDM2MDgvMS8xIDM2MDkvMi8xIDM1MDgvMy8xIDM1MDcvNC8xCmYgMzYwOS8xLzEgMzYxMC8yLzEgMzUwOS8zLzEgMzUwOC80LzEKZiAzNjEwLzEvMSAzNjExLzIvMSAzNTEwLzMvMSAzNTA5LzQvMQpmIDM2MTEvMS8xIDM2MTIvMi8xIDM1MTEvMy8xIDM1MTAvNC8xCmYgMzYxMi8xLzEgMzYxMy8yLzEgMzUxMi8zLzEgMzUxMS80LzEKZiAzNjEzLzEvMSAzNjE0LzIvMSAzNTEzLzMvMSAzNTEyLzQvMQpmIDM2MTQvMS8xIDM2MTUvMi8xIDM1MTQvMy8xIDM1MTMvNC8xCmYgMzYxNS8xLzEgMzYxNi8yLzEgMzUxNS8zLzEgMzUxNC80LzEKZiAzNjE2LzEvMSAzNjE3LzIvMSAzNTE2LzMvMSAzNTE1LzQvMQpmIDM2MTcvMS8xIDM2MTgvMi8xIDM1MTcvMy8xIDM1MTYvNC8xCmYgMzYxOC8xLzEgMzYxOS8yLzEgMzUxOC8zLzEgMzUxNy80LzEKZiAzNjE5LzEvMSAzNjIwLzIvMSAzNTE5LzMvMSAzNTE4LzQvMQpmIDM2MjAvMS8xIDM2MjEvMi8xIDM1MjAvMy8xIDM1MTkvNC8xCmYgMzYyMS8xLzEgMzYyMi8yLzEgMzUyMS8zLzEgMzUyMC80LzEKZiAzNjIyLzEvMSAzNjIzLzIvMSAzNTIyLzMvMSAzNTIxLzQvMQpmIDM2MjMvMS8xIDM2MjQvMi8xIDM1MjMvMy8xIDM1MjIvNC8xCmYgMzYyNC8xLzEgMzYyNS8yLzEgMzUyNC8zLzEgMzUyMy80LzEKZiAzNjI1LzEvMSAzNjI2LzIvMSAzNTI1LzMvMSAzNTI0LzQvMQpmIDM2MjYvMS8xIDM2MjcvMi8xIDM1MjYvMy8xIDM1MjUvNC8xCmYgMzYyNy8xLzEgMzYyOC8yLzEgMzUyNy8zLzEgMzUyNi80LzEKZiAzNjI4LzEvMSAzNjI5LzIvMSAzNTI4LzMvMSAzNTI3LzQvMQpmIDM2MjkvMS8xIDM2MzAvMi8xIDM1MjkvMy8xIDM1MjgvNC8xCmYgMzYzMC8xLzEgMzYzMS8yLzEgMzUzMC8zLzEgMzUyOS80LzEKZiAzNjMxLzEvMSAzNjMyLzIvMSAzNTMxLzMvMSAzNTMwLzQvMQpmIDM2MzIvMS8xIDM2MzMvMi8xIDM1MzIvMy8xIDM1MzEvNC8xCmYgMzYzMy8xLzEgMzYzNC8yLzEgMzUzMy8zLzEgMzUzMi80LzEKZiAzNjM0LzEvMSAzNjM1LzIvMSAzNTM0LzMvMSAzNTMzLzQvMQpmIDM2MzUvMS8xIDM2MzYvMi8xIDM1MzUvMy8xIDM1MzQvNC8xCmYgMzYzNy8xLzEgMzYzOC8yLzEgMzUzNy8zLzEgMzUzNi80LzEKZiAzNjM4LzEvMSAzNjM5LzIvMSAzNTM4LzMvMSAzNTM3LzQvMQpmIDM2MzkvMS8xIDM2NDAvMi8xIDM1MzkvMy8xIDM1MzgvNC8xCmYgMzY0MC8xLzEgMzY0MS8yLzEgMzU0MC8zLzEgMzUzOS80LzEKZiAzNjQxLzEvMSAzNjQyLzIvMSAzNTQxLzMvMSAzNTQwLzQvMQpmIDM2NDIvMS8xIDM2NDMvMi8xIDM1NDIvMy8xIDM1NDEvNC8xCmYgMzY0My8xLzEgMzY0NC8yLzEgMzU0My8zLzEgMzU0Mi80LzEKZiAzNjQ0LzEvMSAzNjQ1LzIvMSAzNTQ0LzMvMSAzNTQzLzQvMQpmIDM2NDUvMS8xIDM2NDYvMi8xIDM1NDUvMy8xIDM1NDQvNC8xCmYgMzY0Ni8xLzEgMzY0Ny8yLzEgMzU0Ni8zLzEgMzU0NS80LzEKZiAzNjQ3LzEvMSAzNjQ4LzIvMSAzNTQ3LzMvMSAzNTQ2LzQvMQpmIDM2NDgvMS8xIDM2NDkvMi8xIDM1NDgvMy8xIDM1NDcvNC8xCmYgMzY0OS8xLzEgMzY1MC8yLzEgMzU0OS8zLzEgMzU0OC80LzEKZiAzNjUwLzEvMSAzNjUxLzIvMSAzNTUwLzMvMSAzNTQ5LzQvMQpmIDM2NTEvMS8xIDM2NTIvMi8xIDM1NTEvMy8xIDM1NTAvNC8xCmYgMzY1Mi8xLzEgMzY1My8yLzEgMzU1Mi8zLzEgMzU1MS80LzEKZiAzNjUzLzEvMSAzNjU0LzIvMSAzNTUzLzMvMSAzNTUyLzQvMQpmIDM2NTQvMS8xIDM2NTUvMi8xIDM1NTQvMy8xIDM1NTMvNC8xCmYgMzY1NS8xLzEgMzY1Ni8yLzEgMzU1NS8zLzEgMzU1NC80LzEKZiAzNjU2LzEvMSAzNjU3LzIvMSAzNTU2LzMvMSAzNTU1LzQvMQpmIDM2NTcvMS8xIDM2NTgvMi8xIDM1NTcvMy8xIDM1NTYvNC8xCmYgMzY1OC8xLzEgMzY1OS8yLzEgMzU1OC8zLzEgMzU1Ny80LzEKZiAzNjU5LzEvMSAzNjYwLzIvMSAzNTU5LzMvMSAzNTU4LzQvMQpmIDM2NjAvMS8xIDM2NjEvMi8xIDM1NjAvMy8xIDM1NTkvNC8xCmYgMzY2MS8xLzEgMzY2Mi8yLzEgMzU2MS8zLzEgMzU2MC80LzEKZiAzNjYyLzEvMSAzNjYzLzIvMSAzNTYyLzMvMSAzNTYxLzQvMQpmIDM2NjMvMS8xIDM2NjQvMi8xIDM1NjMvMy8xIDM1NjIvNC8xCmYgMzY2NC8xLzEgMzY2NS8yLzEgMzU2NC8zLzEgMzU2My80LzEKZiAzNjY1LzEvMSAzNjY2LzIvMSAzNTY1LzMvMSAzNTY0LzQvMQpmIDM2NjYvMS8xIDM2NjcvMi8xIDM1NjYvMy8xIDM1NjUvNC8xCmYgMzY2Ny8xLzEgMzY2OC8yLzEgMzU2Ny8zLzEgMzU2Ni80LzEKZiAzNjY4LzEvMSAzNjY5LzIvMSAzNTY4LzMvMSAzNTY3LzQvMQpmIDM2NjkvMS8xIDM2NzAvMi8xIDM1NjkvMy8xIDM1NjgvNC8xCmYgMzY3MC8xLzEgMzY3MS8yLzEgMzU3MC8zLzEgMzU2OS80LzEKZiAzNjcxLzEvMSAzNjcyLzIvMSAzNTcxLzMvMSAzNTcwLzQvMQpmIDM2NzIvMS8xIDM2NzMvMi8xIDM1NzIvMy8xIDM1NzEvNC8xCmYgMzY3My8xLzEgMzY3NC8yLzEgMzU3My8zLzEgMzU3Mi80LzEKZiAzNjc0LzEvMSAzNjc1LzIvMSAzNTc0LzMvMSAzNTczLzQvMQpmIDM2NzUvMS8xIDM2NzYvMi8xIDM1NzUvMy8xIDM1NzQvNC8xCmYgMzY3Ni8xLzEgMzY3Ny8yLzEgMzU3Ni8zLzEgMzU3NS80LzEKZiAzNjc3LzEvMSAzNjc4LzIvMSAzNTc3LzMvMSAzNTc2LzQvMQpmIDM2NzgvMS8xIDM2NzkvMi8xIDM1NzgvMy8xIDM1NzcvNC8xCmYgMzY3OS8xLzEgMzY4MC8yLzEgMzU3OS8zLzEgMzU3OC80LzEKZiAzNjgwLzEvMSAzNjgxLzIvMSAzNTgwLzMvMSAzNTc5LzQvMQpmIDM2ODEvMS8xIDM2ODIvMi8xIDM1ODEvMy8xIDM1ODAvNC8xCmYgMzY4Mi8xLzEgMzY4My8yLzEgMzU4Mi8zLzEgMzU4MS80LzEKZiAzNjgzLzEvMSAzNjg0LzIvMSAzNTgzLzMvMSAzNTgyLzQvMQpmIDM2ODQvMS8xIDM2ODUvMi8xIDM1ODQvMy8xIDM1ODMvNC8xCmYgMzY4NS8xLzEgMzY4Ni8yLzEgMzU4NS8zLzEgMzU4NC80LzEKZiAzNjg2LzEvMSAzNjg3LzIvMSAzNTg2LzMvMSAzNTg1LzQvMQpmIDM2ODcvMS8xIDM2ODgvMi8xIDM1ODcvMy8xIDM1ODYvNC8xCmYgMzY4OC8xLzEgMzY4OS8yLzEgMzU4OC8zLzEgMzU4Ny80LzEKZiAzNjg5LzEvMSAzNjkwLzIvMSAzNTg5LzMvMSAzNTg4LzQvMQpmIDM2OTAvMS8xIDM2OTEvMi8xIDM1OTAvMy8xIDM1ODkvNC8xCmYgMzY5MS8xLzEgMzY5Mi8yLzEgMzU5MS8zLzEgMzU5MC80LzEKZiAzNjkyLzEvMSAzNjkzLzIvMSAzNTkyLzMvMSAzNTkxLzQvMQpmIDM2OTMvMS8xIDM2OTQvMi8xIDM1OTMvMy8xIDM1OTIvNC8xCmYgMzY5NC8xLzEgMzY5NS8yLzEgMzU5NC8zLzEgMzU5My80LzEKZiAzNjk1LzEvMSAzNjk2LzIvMSAzNTk1LzMvMSAzNTk0LzQvMQpmIDM2OTYvMS8xIDM2OTcvMi8xIDM1OTYvMy8xIDM1OTUvNC8xCmYgMzY5Ny8xLzEgMzY5OC8yLzEgMzU5Ny8zLzEgMzU5Ni80LzEKZiAzNjk4LzEvMSAzNjk5LzIvMSAzNTk4LzMvMSAzNTk3LzQvMQpmIDM2OTkvMS8xIDM3MDAvMi8xIDM1OTkvMy8xIDM1OTgvNC8xCmYgMzcwMC8xLzEgMzcwMS8yLzEgMzYwMC8zLzEgMzU5OS80LzEKZiAzNzAxLzEvMSAzNzAyLzIvMSAzNjAxLzMvMSAzNjAwLzQvMQpmIDM3MDIvMS8xIDM3MDMvMi8xIDM2MDIvMy8xIDM2MDEvNC8xCmYgMzcwMy8xLzEgMzcwNC8yLzEgMzYwMy8zLzEgMzYwMi80LzEKZiAzNzA0LzEvMSAzNzA1LzIvMSAzNjA0LzMvMSAzNjAzLzQvMQpmIDM3MDUvMS8xIDM3MDYvMi8xIDM2MDUvMy8xIDM2MDQvNC8xCmYgMzcwNi8xLzEgMzcwNy8yLzEgMzYwNi8zLzEgMzYwNS80LzEKZiAzNzA3LzEvMSAzNzA4LzIvMSAzNjA3LzMvMSAzNjA2LzQvMQpmIDM3MDgvMS8xIDM3MDkvMi8xIDM2MDgvMy8xIDM2MDcvNC8xCmYgMzcwOS8xLzEgMzcxMC8yLzEgMzYwOS8zLzEgMzYwOC80LzEKZiAzNzEwLzEvMSAzNzExLzIvMSAzNjEwLzMvMSAzNjA5LzQvMQpmIDM3MTEvMS8xIDM3MTIvMi8xIDM2MTEvMy8xIDM2MTAvNC8xCmYgMzcxMi8xLzEgMzcxMy8yLzEgMzYxMi8zLzEgMzYxMS80LzEKZiAzNzEzLzEvMSAzNzE0LzIvMSAzNjEzLzMvMSAzNjEyLzQvMQpmIDM3MTQvMS8xIDM3MTUvMi8xIDM2MTQvMy8xIDM2MTMvNC8xCmYgMzcxNS8xLzEgMzcxNi8yLzEgMzYxNS8zLzEgMzYxNC80LzEKZiAzNzE2LzEvMSAzNzE3LzIvMSAzNjE2LzMvMSAzNjE1LzQvMQpmIDM3MTcvMS8xIDM3MTgvMi8xIDM2MTcvMy8xIDM2MTYvNC8xCmYgMzcxOC8xLzEgMzcxOS8yLzEgMzYxOC8zLzEgMzYxNy80LzEKZiAzNzE5LzEvMSAzNzIwLzIvMSAzNjE5LzMvMSAzNjE4LzQvMQpmIDM3MjAvMS8xIDM3MjEvMi8xIDM2MjAvMy8xIDM2MTkvNC8xCmYgMzcyMS8xLzEgMzcyMi8yLzEgMzYyMS8zLzEgMzYyMC80LzEKZiAzNzIyLzEvMSAzNzIzLzIvMSAzNjIyLzMvMSAzNjIxLzQvMQpmIDM3MjMvMS8xIDM3MjQvMi8xIDM2MjMvMy8xIDM2MjIvNC8xCmYgMzcyNC8xLzEgMzcyNS8yLzEgMzYyNC8zLzEgMzYyMy80LzEKZiAzNzI1LzEvMSAzNzI2LzIvMSAzNjI1LzMvMSAzNjI0LzQvMQpmIDM3MjYvMS8xIDM3MjcvMi8xIDM2MjYvMy8xIDM2MjUvNC8xCmYgMzcyNy8xLzEgMzcyOC8yLzEgMzYyNy8zLzEgMzYyNi80LzEKZiAzNzI4LzEvMSAzNzI5LzIvMSAzNjI4LzMvMSAzNjI3LzQvMQpmIDM3MjkvMS8xIDM3MzAvMi8xIDM2MjkvMy8xIDM2MjgvNC8xCmYgMzczMC8xLzEgMzczMS8yLzEgMzYzMC8zLzEgMzYyOS80LzEKZiAzNzMxLzEvMSAzNzMyLzIvMSAzNjMxLzMvMSAzNjMwLzQvMQpmIDM3MzIvMS8xIDM3MzMvMi8xIDM2MzIvMy8xIDM2MzEvNC8xCmYgMzczMy8xLzEgMzczNC8yLzEgMzYzMy8zLzEgMzYzMi80LzEKZiAzNzM0LzEvMSAzNzM1LzIvMSAzNjM0LzMvMSAzNjMzLzQvMQpmIDM3MzUvMS8xIDM3MzYvMi8xIDM2MzUvMy8xIDM2MzQvNC8xCmYgMzczNi8xLzEgMzczNy8yLzEgMzYzNi8zLzEgMzYzNS80LzEKZiAzNzM4LzEvMSAzNzM5LzIvMSAzNjM4LzMvMSAzNjM3LzQvMQpmIDM3MzkvMS8xIDM3NDAvMi8xIDM2MzkvMy8xIDM2MzgvNC8xCmYgMzc0MC8xLzEgMzc0MS8yLzEgMzY0MC8zLzEgMzYzOS80LzEKZiAzNzQxLzEvMSAzNzQyLzIvMSAzNjQxLzMvMSAzNjQwLzQvMQpmIDM3NDIvMS8xIDM3NDMvMi8xIDM2NDIvMy8xIDM2NDEvNC8xCmYgMzc0My8xLzEgMzc0NC8yLzEgMzY0My8zLzEgMzY0Mi80LzEKZiAzNzQ0LzEvMSAzNzQ1LzIvMSAzNjQ0LzMvMSAzNjQzLzQvMQpmIDM3NDUvMS8xIDM3NDYvMi8xIDM2NDUvMy8xIDM2NDQvNC8xCmYgMzc0Ni8xLzEgMzc0Ny8yLzEgMzY0Ni8zLzEgMzY0NS80LzEKZiAzNzQ3LzEvMSAzNzQ4LzIvMSAzNjQ3LzMvMSAzNjQ2LzQvMQpmIDM3NDgvMS8xIDM3NDkvMi8xIDM2NDgvMy8xIDM2NDcvNC8xCmYgMzc0OS8xLzEgMzc1MC8yLzEgMzY0OS8zLzEgMzY0OC80LzEKZiAzNzUwLzEvMSAzNzUxLzIvMSAzNjUwLzMvMSAzNjQ5LzQvMQpmIDM3NTEvMS8xIDM3NTIvMi8xIDM2NTEvMy8xIDM2NTAvNC8xCmYgMzc1Mi8xLzEgMzc1My8yLzEgMzY1Mi8zLzEgMzY1MS80LzEKZiAzNzUzLzEvMSAzNzU0LzIvMSAzNjUzLzMvMSAzNjUyLzQvMQpmIDM3NTQvMS8xIDM3NTUvMi8xIDM2NTQvMy8xIDM2NTMvNC8xCmYgMzc1NS8xLzEgMzc1Ni8yLzEgMzY1NS8zLzEgMzY1NC80LzEKZiAzNzU2LzEvMSAzNzU3LzIvMSAzNjU2LzMvMSAzNjU1LzQvMQpmIDM3NTcvMS8xIDM3NTgvMi8xIDM2NTcvMy8xIDM2NTYvNC8xCmYgMzc1OC8xLzEgMzc1OS8yLzEgMzY1OC8zLzEgMzY1Ny80LzEKZiAzNzU5LzEvMSAzNzYwLzIvMSAzNjU5LzMvMSAzNjU4LzQvMQpmIDM3NjAvMS8xIDM3NjEvMi8xIDM2NjAvMy8xIDM2NTkvNC8xCmYgMzc2MS8xLzEgMzc2Mi8yLzEgMzY2MS8zLzEgMzY2MC80LzEKZiAzNzYyLzEvMSAzNzYzLzIvMSAzNjYyLzMvMSAzNjYxLzQvMQpmIDM3NjMvMS8xIDM3NjQvMi8xIDM2NjMvMy8xIDM2NjIvNC8xCmYgMzc2NC8xLzEgMzc2NS8yLzEgMzY2NC8zLzEgMzY2My80LzEKZiAzNzY1LzEvMSAzNzY2LzIvMSAzNjY1LzMvMSAzNjY0LzQvMQpmIDM3NjYvMS8xIDM3NjcvMi8xIDM2NjYvMy8xIDM2NjUvNC8xCmYgMzc2Ny8xLzEgMzc2OC8yLzEgMzY2Ny8zLzEgMzY2Ni80LzEKZiAzNzY4LzEvMSAzNzY5LzIvMSAzNjY4LzMvMSAzNjY3LzQvMQpmIDM3NjkvMS8xIDM3NzAvMi8xIDM2NjkvMy8xIDM2NjgvNC8xCmYgMzc3MC8xLzEgMzc3MS8yLzEgMzY3MC8zLzEgMzY2OS80LzEKZiAzNzcxLzEvMSAzNzcyLzIvMSAzNjcxLzMvMSAzNjcwLzQvMQpmIDM3NzIvMS8xIDM3NzMvMi8xIDM2NzIvMy8xIDM2NzEvNC8xCmYgMzc3My8xLzEgMzc3NC8yLzEgMzY3My8zLzEgMzY3Mi80LzEKZiAzNzc0LzEvMSAzNzc1LzIvMSAzNjc0LzMvMSAzNjczLzQvMQpmIDM3NzUvMS8xIDM3NzYvMi8xIDM2NzUvMy8xIDM2NzQvNC8xCmYgMzc3Ni8xLzEgMzc3Ny8yLzEgMzY3Ni8zLzEgMzY3NS80LzEKZiAzNzc3LzEvMSAzNzc4LzIvMSAzNjc3LzMvMSAzNjc2LzQvMQpmIDM3NzgvMS8xIDM3NzkvMi8xIDM2NzgvMy8xIDM2NzcvNC8xCmYgMzc3OS8xLzEgMzc4MC8yLzEgMzY3OS8zLzEgMzY3OC80LzEKZiAzNzgwLzEvMSAzNzgxLzIvMSAzNjgwLzMvMSAzNjc5LzQvMQpmIDM3ODEvMS8xIDM3ODIvMi8xIDM2ODEvMy8xIDM2ODAvNC8xCmYgMzc4Mi8xLzEgMzc4My8yLzEgMzY4Mi8zLzEgMzY4MS80LzEKZiAzNzgzLzEvMSAzNzg0LzIvMSAzNjgzLzMvMSAzNjgyLzQvMQpmIDM3ODQvMS8xIDM3ODUvMi8xIDM2ODQvMy8xIDM2ODMvNC8xCmYgMzc4NS8xLzEgMzc4Ni8yLzEgMzY4NS8zLzEgMzY4NC80LzEKZiAzNzg2LzEvMSAzNzg3LzIvMSAzNjg2LzMvMSAzNjg1LzQvMQpmIDM3ODcvMS8xIDM3ODgvMi8xIDM2ODcvMy8xIDM2ODYvNC8xCmYgMzc4OC8xLzEgMzc4OS8yLzEgMzY4OC8zLzEgMzY4Ny80LzEKZiAzNzg5LzEvMSAzNzkwLzIvMSAzNjg5LzMvMSAzNjg4LzQvMQpmIDM3OTAvMS8xIDM3OTEvMi8xIDM2OTAvMy8xIDM2ODkvNC8xCmYgMzc5MS8xLzEgMzc5Mi8yLzEgMzY5MS8zLzEgMzY5MC80LzEKZiAzNzkyLzEvMSAzNzkzLzIvMSAzNjkyLzMvMSAzNjkxLzQvMQpmIDM3OTMvMS8xIDM3OTQvMi8xIDM2OTMvMy8xIDM2OTIvNC8xCmYgMzc5NC8xLzEgMzc5NS8yLzEgMzY5NC8zLzEgMzY5My80LzEKZiAzNzk1LzEvMSAzNzk2LzIvMSAzNjk1LzMvMSAzNjk0LzQvMQpmIDM3OTYvMS8xIDM3OTcvMi8xIDM2OTYvMy8xIDM2OTUvNC8xCmYgMzc5Ny8xLzEgMzc5OC8yLzEgMzY5Ny8zLzEgMzY5Ni80LzEKZiAzNzk4LzEvMSAzNzk5LzIvMSAzNjk4LzMvMSAzNjk3LzQvMQpmIDM3OTkvMS8xIDM4MDAvMi8xIDM2OTkvMy8xIDM2OTgvNC8xCmYgMzgwMC8xLzEgMzgwMS8yLzEgMzcwMC8zLzEgMzY5OS80LzEKZiAzODAxLzEvMSAzODAyLzIvMSAzNzAxLzMvMSAzNzAwLzQvMQpmIDM4MDIvMS8xIDM4MDMvMi8xIDM3MDIvMy8xIDM3MDEvNC8xCmYgMzgwMy8xLzEgMzgwNC8yLzEgMzcwMy8zLzEgMzcwMi80LzEKZiAzODA0LzEvMSAzODA1LzIvMSAzNzA0LzMvMSAzNzAzLzQvMQpmIDM4MDUvMS8xIDM4MDYvMi8xIDM3MDUvMy8xIDM3MDQvNC8xCmYgMzgwNi8xLzEgMzgwNy8yLzEgMzcwNi8zLzEgMzcwNS80LzEKZiAzODA3LzEvMSAzODA4LzIvMSAzNzA3LzMvMSAzNzA2LzQvMQpmIDM4MDgvMS8xIDM4MDkvMi8xIDM3MDgvMy8xIDM3MDcvNC8xCmYgMzgwOS8xLzEgMzgxMC8yLzEgMzcwOS8zLzEgMzcwOC80LzEKZiAzODEwLzEvMSAzODExLzIvMSAzNzEwLzMvMSAzNzA5LzQvMQpmIDM4MTEvMS8xIDM4MTIvMi8xIDM3MTEvMy8xIDM3MTAvNC8xCmYgMzgxMi8xLzEgMzgxMy8yLzEgMzcxMi8zLzEgMzcxMS80LzEKZiAzODEzLzEvMSAzODE0LzIvMSAzNzEzLzMvMSAzNzEyLzQvMQpmIDM4MTQvMS8xIDM4MTUvMi8xIDM3MTQvMy8xIDM3MTMvNC8xCmYgMzgxNS8xLzEgMzgxNi8yLzEgMzcxNS8zLzEgMzcxNC80LzEKZiAzODE2LzEvMSAzODE3LzIvMSAzNzE2LzMvMSAzNzE1LzQvMQpmIDM4MTcvMS8xIDM4MTgvMi8xIDM3MTcvMy8xIDM3MTYvNC8xCmYgMzgxOC8xLzEgMzgxOS8yLzEgMzcxOC8zLzEgMzcxNy80LzEKZiAzODE5LzEvMSAzODIwLzIvMSAzNzE5LzMvMSAzNzE4LzQvMQpmIDM4MjAvMS8xIDM4MjEvMi8xIDM3MjAvMy8xIDM3MTkvNC8xCmYgMzgyMS8xLzEgMzgyMi8yLzEgMzcyMS8zLzEgMzcyMC80LzEKZiAzODIyLzEvMSAzODIzLzIvMSAzNzIyLzMvMSAzNzIxLzQvMQpmIDM4MjMvMS8xIDM4MjQvMi8xIDM3MjMvMy8xIDM3MjIvNC8xCmYgMzgyNC8xLzEgMzgyNS8yLzEgMzcyNC8zLzEgMzcyMy80LzEKZiAzODI1LzEvMSAzODI2LzIvMSAzNzI1LzMvMSAzNzI0LzQvMQpmIDM4MjYvMS8xIDM4MjcvMi8xIDM3MjYvMy8xIDM3MjUvNC8xCmYgMzgyNy8xLzEgMzgyOC8yLzEgMzcyNy8zLzEgMzcyNi80LzEKZiAzODI4LzEvMSAzODI5LzIvMSAzNzI4LzMvMSAzNzI3LzQvMQpmIDM4MjkvMS8xIDM4MzAvMi8xIDM3MjkvMy8xIDM3MjgvNC8xCmYgMzgzMC8xLzEgMzgzMS8yLzEgMzczMC8zLzEgMzcyOS80LzEKZiAzODMxLzEvMSAzODMyLzIvMSAzNzMxLzMvMSAzNzMwLzQvMQpmIDM4MzIvMS8xIDM4MzMvMi8xIDM3MzIvMy8xIDM3MzEvNC8xCmYgMzgzMy8xLzEgMzgzNC8yLzEgMzczMy8zLzEgMzczMi80LzEKZiAzODM0LzEvMSAzODM1LzIvMSAzNzM0LzMvMSAzNzMzLzQvMQpmIDM4MzUvMS8xIDM4MzYvMi8xIDM3MzUvMy8xIDM3MzQvNC8xCmYgMzgzNi8xLzEgMzgzNy8yLzEgMzczNi8zLzEgMzczNS80LzEKZiAzODM3LzEvMSAzODM4LzIvMSAzNzM3LzMvMSAzNzM2LzQvMQpmIDM4MzkvMS8xIDM4NDAvMi8xIDM3MzkvMy8xIDM3MzgvNC8xCmYgMzg0MC8xLzEgMzg0MS8yLzEgMzc0MC8zLzEgMzczOS80LzEKZiAzODQxLzEvMSAzODQyLzIvMSAzNzQxLzMvMSAzNzQwLzQvMQpmIDM4NDIvMS8xIDM4NDMvMi8xIDM3NDIvMy8xIDM3NDEvNC8xCmYgMzg0My8xLzEgMzg0NC8yLzEgMzc0My8zLzEgMzc0Mi80LzEKZiAzODQ0LzEvMSAzODQ1LzIvMSAzNzQ0LzMvMSAzNzQzLzQvMQpmIDM4NDUvMS8xIDM4NDYvMi8xIDM3NDUvMy8xIDM3NDQvNC8xCmYgMzg0Ni8xLzEgMzg0Ny8yLzEgMzc0Ni8zLzEgMzc0NS80LzEKZiAzODQ3LzEvMSAzODQ4LzIvMSAzNzQ3LzMvMSAzNzQ2LzQvMQpmIDM4NDgvMS8xIDM4NDkvMi8xIDM3NDgvMy8xIDM3NDcvNC8xCmYgMzg0OS8xLzEgMzg1MC8yLzEgMzc0OS8zLzEgMzc0OC80LzEKZiAzODUwLzEvMSAzODUxLzIvMSAzNzUwLzMvMSAzNzQ5LzQvMQpmIDM4NTEvMS8xIDM4NTIvMi8xIDM3NTEvMy8xIDM3NTAvNC8xCmYgMzg1Mi8xLzEgMzg1My8yLzEgMzc1Mi8zLzEgMzc1MS80LzEKZiAzODUzLzEvMSAzODU0LzIvMSAzNzUzLzMvMSAzNzUyLzQvMQpmIDM4NTQvMS8xIDM4NTUvMi8xIDM3NTQvMy8xIDM3NTMvNC8xCmYgMzg1NS8xLzEgMzg1Ni8yLzEgMzc1NS8zLzEgMzc1NC80LzEKZiAzODU2LzEvMSAzODU3LzIvMSAzNzU2LzMvMSAzNzU1LzQvMQpmIDM4NTcvMS8xIDM4NTgvMi8xIDM3NTcvMy8xIDM3NTYvNC8xCmYgMzg1OC8xLzEgMzg1OS8yLzEgMzc1OC8zLzEgMzc1Ny80LzEKZiAzODU5LzEvMSAzODYwLzIvMSAzNzU5LzMvMSAzNzU4LzQvMQpmIDM4NjAvMS8xIDM4NjEvMi8xIDM3NjAvMy8xIDM3NTkvNC8xCmYgMzg2MS8xLzEgMzg2Mi8yLzEgMzc2MS8zLzEgMzc2MC80LzEKZiAzODYyLzEvMSAzODYzLzIvMSAzNzYyLzMvMSAzNzYxLzQvMQpmIDM4NjMvMS8xIDM4NjQvMi8xIDM3NjMvMy8xIDM3NjIvNC8xCmYgMzg2NC8xLzEgMzg2NS8yLzEgMzc2NC8zLzEgMzc2My80LzEKZiAzODY1LzEvMSAzODY2LzIvMSAzNzY1LzMvMSAzNzY0LzQvMQpmIDM4NjYvMS8xIDM4NjcvMi8xIDM3NjYvMy8xIDM3NjUvNC8xCmYgMzg2Ny8xLzEgMzg2OC8yLzEgMzc2Ny8zLzEgMzc2Ni80LzEKZiAzODY4LzEvMSAzODY5LzIvMSAzNzY4LzMvMSAzNzY3LzQvMQpmIDM4NjkvMS8xIDM4NzAvMi8xIDM3NjkvMy8xIDM3NjgvNC8xCmYgMzg3MC8xLzEgMzg3MS8yLzEgMzc3MC8zLzEgMzc2OS80LzEKZiAzODcxLzEvMSAzODcyLzIvMSAzNzcxLzMvMSAzNzcwLzQvMQpmIDM4NzIvMS8xIDM4NzMvMi8xIDM3NzIvMy8xIDM3NzEvNC8xCmYgMzg3My8xLzEgMzg3NC8yLzEgMzc3My8zLzEgMzc3Mi80LzEKZiAzODc0LzEvMSAzODc1LzIvMSAzNzc0LzMvMSAzNzczLzQvMQpmIDM4NzUvMS8xIDM4NzYvMi8xIDM3NzUvMy8xIDM3NzQvNC8xCmYgMzg3Ni8xLzEgMzg3Ny8yLzEgMzc3Ni8zLzEgMzc3NS80LzEKZiAzODc3LzEvMSAzODc4LzIvMSAzNzc3LzMvMSAzNzc2LzQvMQpmIDM4NzgvMS8xIDM4NzkvMi8xIDM3NzgvMy8xIDM3NzcvNC8xCmYgMzg3OS8xLzEgMzg4MC8yLzEgMzc3OS8zLzEgMzc3OC80LzEKZiAzODgwLzEvMSAzODgxLzIvMSAzNzgwLzMvMSAzNzc5LzQvMQpmIDM4ODEvMS8xIDM4ODIvMi8xIDM3ODEvMy8xIDM3ODAvNC8xCmYgMzg4Mi8xLzEgMzg4My8yLzEgMzc4Mi8zLzEgMzc4MS80LzEKZiAzODgzLzEvMSAzODg0LzIvMSAzNzgzLzMvMSAzNzgyLzQvMQpmIDM4ODQvMS8xIDM4ODUvMi8xIDM3ODQvMy8xIDM3ODMvNC8xCmYgMzg4NS8xLzEgMzg4Ni8yLzEgMzc4NS8zLzEgMzc4NC80LzEKZiAzODg2LzEvMSAzODg3LzIvMSAzNzg2LzMvMSAzNzg1LzQvMQpmIDM4ODcvMS8xIDM4ODgvMi8xIDM3ODcvMy8xIDM3ODYvNC8xCmYgMzg4OC8xLzEgMzg4OS8yLzEgMzc4OC8zLzEgMzc4Ny80LzEKZiAzODg5LzEvMSAzODkwLzIvMSAzNzg5LzMvMSAzNzg4LzQvMQpmIDM4OTAvMS8xIDM4OTEvMi8xIDM3OTAvMy8xIDM3ODkvNC8xCmYgMzg5MS8xLzEgMzg5Mi8yLzEgMzc5MS8zLzEgMzc5MC80LzEKZiAzODkyLzEvMSAzODkzLzIvMSAzNzkyLzMvMSAzNzkxLzQvMQpmIDM4OTMvMS8xIDM4OTQvMi8xIDM3OTMvMy8xIDM3OTIvNC8xCmYgMzg5NC8xLzEgMzg5NS8yLzEgMzc5NC8zLzEgMzc5My80LzEKZiAzODk1LzEvMSAzODk2LzIvMSAzNzk1LzMvMSAzNzk0LzQvMQpmIDM4OTYvMS8xIDM4OTcvMi8xIDM3OTYvMy8xIDM3OTUvNC8xCmYgMzg5Ny8xLzEgMzg5OC8yLzEgMzc5Ny8zLzEgMzc5Ni80LzEKZiAzODk4LzEvMSAzODk5LzIvMSAzNzk4LzMvMSAzNzk3LzQvMQpmIDM4OTkvMS8xIDM5MDAvMi8xIDM3OTkvMy8xIDM3OTgvNC8xCmYgMzkwMC8xLzEgMzkwMS8yLzEgMzgwMC8zLzEgMzc5OS80LzEKZiAzOTAxLzEvMSAzOTAyLzIvMSAzODAxLzMvMSAzODAwLzQvMQpmIDM5MDIvMS8xIDM5MDMvMi8xIDM4MDIvMy8xIDM4MDEvNC8xCmYgMzkwMy8xLzEgMzkwNC8yLzEgMzgwMy8zLzEgMzgwMi80LzEKZiAzOTA0LzEvMSAzOTA1LzIvMSAzODA0LzMvMSAzODAzLzQvMQpmIDM5MDUvMS8xIDM5MDYvMi8xIDM4MDUvMy8xIDM4MDQvNC8xCmYgMzkwNi8xLzEgMzkwNy8yLzEgMzgwNi8zLzEgMzgwNS80LzEKZiAzOTA3LzEvMSAzOTA4LzIvMSAzODA3LzMvMSAzODA2LzQvMQpmIDM5MDgvMS8xIDM5MDkvMi8xIDM4MDgvMy8xIDM4MDcvNC8xCmYgMzkwOS8xLzEgMzkxMC8yLzEgMzgwOS8zLzEgMzgwOC80LzEKZiAzOTEwLzEvMSAzOTExLzIvMSAzODEwLzMvMSAzODA5LzQvMQpmIDM5MTEvMS8xIDM5MTIvMi8xIDM4MTEvMy8xIDM4MTAvNC8xCmYgMzkxMi8xLzEgMzkxMy8yLzEgMzgxMi8zLzEgMzgxMS80LzEKZiAzOTEzLzEvMSAzOTE0LzIvMSAzODEzLzMvMSAzODEyLzQvMQpmIDM5MTQvMS8xIDM5MTUvMi8xIDM4MTQvMy8xIDM4MTMvNC8xCmYgMzkxNS8xLzEgMzkxNi8yLzEgMzgxNS8zLzEgMzgxNC80LzEKZiAzOTE2LzEvMSAzOTE3LzIvMSAzODE2LzMvMSAzODE1LzQvMQpmIDM5MTcvMS8xIDM5MTgvMi8xIDM4MTcvMy8xIDM4MTYvNC8xCmYgMzkxOC8xLzEgMzkxOS8yLzEgMzgxOC8zLzEgMzgxNy80LzEKZiAzOTE5LzEvMSAzOTIwLzIvMSAzODE5LzMvMSAzODE4LzQvMQpmIDM5MjAvMS8xIDM5MjEvMi8xIDM4MjAvMy8xIDM4MTkvNC8xCmYgMzkyMS8xLzEgMzkyMi8yLzEgMzgyMS8zLzEgMzgyMC80LzEKZiAzOTIyLzEvMSAzOTIzLzIvMSAzODIyLzMvMSAzODIxLzQvMQpmIDM5MjMvMS8xIDM5MjQvMi8xIDM4MjMvMy8xIDM4MjIvNC8xCmYgMzkyNC8xLzEgMzkyNS8yLzEgMzgyNC8zLzEgMzgyMy80LzEKZiAzOTI1LzEvMSAzOTI2LzIvMSAzODI1LzMvMSAzODI0LzQvMQpmIDM5MjYvMS8xIDM5MjcvMi8xIDM4MjYvMy8xIDM4MjUvNC8xCmYgMzkyNy8xLzEgMzkyOC8yLzEgMzgyNy8zLzEgMzgyNi80LzEKZiAzOTI4LzEvMSAzOTI5LzIvMSAzODI4LzMvMSAzODI3LzQvMQpmIDM5MjkvMS8xIDM5MzAvMi8xIDM4MjkvMy8xIDM4MjgvNC8xCmYgMzkzMC8xLzEgMzkzMS8yLzEgMzgzMC8zLzEgMzgyOS80LzEKZiAzOTMxLzEvMSAzOTMyLzIvMSAzODMxLzMvMSAzODMwLzQvMQpmIDM5MzIvMS8xIDM5MzMvMi8xIDM4MzIvMy8xIDM4MzEvNC8xCmYgMzkzMy8xLzEgMzkzNC8yLzEgMzgzMy8zLzEgMzgzMi80LzEKZiAzOTM0LzEvMSAzOTM1LzIvMSAzODM0LzMvMSAzODMzLzQvMQpmIDM5MzUvMS8xIDM5MzYvMi8xIDM4MzUvMy8xIDM4MzQvNC8xCmYgMzkzNi8xLzEgMzkzNy8yLzEgMzgzNi8zLzEgMzgzNS80LzEKZiAzOTM3LzEvMSAzOTM4LzIvMSAzODM3LzMvMSAzODM2LzQvMQpmIDM5MzgvMS8xIDM5MzkvMi8xIDM4MzgvMy8xIDM4MzcvNC8xCmYgMzk0MC8xLzEgMzk0MS8yLzEgMzg0MC8zLzEgMzgzOS80LzEKZiAzOTQxLzEvMSAzOTQyLzIvMSAzODQxLzMvMSAzODQwLzQvMQpmIDM5NDIvMS8xIDM5NDMvMi8xIDM4NDIvMy8xIDM4NDEvNC8xCmYgMzk0My8xLzEgMzk0NC8yLzEgMzg0My8zLzEgMzg0Mi80LzEKZiAzOTQ0LzEvMSAzOTQ1LzIvMSAzODQ0LzMvMSAzODQzLzQvMQpmIDM5NDUvMS8xIDM5NDYvMi8xIDM4NDUvMy8xIDM4NDQvNC8xCmYgMzk0Ni8xLzEgMzk0Ny8yLzEgMzg0Ni8zLzEgMzg0NS80LzEKZiAzOTQ3LzEvMSAzOTQ4LzIvMSAzODQ3LzMvMSAzODQ2LzQvMQpmIDM5NDgvMS8xIDM5NDkvMi8xIDM4NDgvMy8xIDM4NDcvNC8xCmYgMzk0OS8xLzEgMzk1MC8yLzEgMzg0OS8zLzEgMzg0OC80LzEKZiAzOTUwLzEvMSAzOTUxLzIvMSAzODUwLzMvMSAzODQ5LzQvMQpmIDM5NTEvMS8xIDM5NTIvMi8xIDM4NTEvMy8xIDM4NTAvNC8xCmYgMzk1Mi8xLzEgMzk1My8yLzEgMzg1Mi8zLzEgMzg1MS80LzEKZiAzOTUzLzEvMSAzOTU0LzIvMSAzODUzLzMvMSAzODUyLzQvMQpmIDM5NTQvMS8xIDM5NTUvMi8xIDM4NTQvMy8xIDM4NTMvNC8xCmYgMzk1NS8xLzEgMzk1Ni8yLzEgMzg1NS8zLzEgMzg1NC80LzEKZiAzOTU2LzEvMSAzOTU3LzIvMSAzODU2LzMvMSAzODU1LzQvMQpmIDM5NTcvMS8xIDM5NTgvMi8xIDM4NTcvMy8xIDM4NTYvNC8xCmYgMzk1OC8xLzEgMzk1OS8yLzEgMzg1OC8zLzEgMzg1Ny80LzEKZiAzOTU5LzEvMSAzOTYwLzIvMSAzODU5LzMvMSAzODU4LzQvMQpmIDM5NjAvMS8xIDM5NjEvMi8xIDM4NjAvMy8xIDM4NTkvNC8xCmYgMzk2MS8xLzEgMzk2Mi8yLzEgMzg2MS8zLzEgMzg2MC80LzEKZiAzOTYyLzEvMSAzOTYzLzIvMSAzODYyLzMvMSAzODYxLzQvMQpmIDM5NjMvMS8xIDM5NjQvMi8xIDM4NjMvMy8xIDM4NjIvNC8xCmYgMzk2NC8xLzEgMzk2NS8yLzEgMzg2NC8zLzEgMzg2My80LzEKZiAzOTY1LzEvMSAzOTY2LzIvMSAzODY1LzMvMSAzODY0LzQvMQpmIDM5NjYvMS8xIDM5NjcvMi8xIDM4NjYvMy8xIDM4NjUvNC8xCmYgMzk2Ny8xLzEgMzk2OC8yLzEgMzg2Ny8zLzEgMzg2Ni80LzEKZiAzOTY4LzEvMSAzOTY5LzIvMSAzODY4LzMvMSAzODY3LzQvMQpmIDM5NjkvMS8xIDM5NzAvMi8xIDM4NjkvMy8xIDM4NjgvNC8xCmYgMzk3MC8xLzEgMzk3MS8yLzEgMzg3MC8zLzEgMzg2OS80LzEKZiAzOTcxLzEvMSAzOTcyLzIvMSAzODcxLzMvMSAzODcwLzQvMQpmIDM5NzIvMS8xIDM5NzMvMi8xIDM4NzIvMy8xIDM4NzEvNC8xCmYgMzk3My8xLzEgMzk3NC8yLzEgMzg3My8zLzEgMzg3Mi80LzEKZiAzOTc0LzEvMSAzOTc1LzIvMSAzODc0LzMvMSAzODczLzQvMQpmIDM5NzUvMS8xIDM5NzYvMi8xIDM4NzUvMy8xIDM4NzQvNC8xCmYgMzk3Ni8xLzEgMzk3Ny8yLzEgMzg3Ni8zLzEgMzg3NS80LzEKZiAzOTc3LzEvMSAzOTc4LzIvMSAzODc3LzMvMSAzODc2LzQvMQpmIDM5NzgvMS8xIDM5NzkvMi8xIDM4NzgvMy8xIDM4NzcvNC8xCmYgMzk3OS8xLzEgMzk4MC8yLzEgMzg3OS8zLzEgMzg3OC80LzEKZiAzOTgwLzEvMSAzOTgxLzIvMSAzODgwLzMvMSAzODc5LzQvMQpmIDM5ODEvMS8xIDM5ODIvMi8xIDM4ODEvMy8xIDM4ODAvNC8xCmYgMzk4Mi8xLzEgMzk4My8yLzEgMzg4Mi8zLzEgMzg4MS80LzEKZiAzOTgzLzEvMSAzOTg0LzIvMSAzODgzLzMvMSAzODgyLzQvMQpmIDM5ODQvMS8xIDM5ODUvMi8xIDM4ODQvMy8xIDM4ODMvNC8xCmYgMzk4NS8xLzEgMzk4Ni8yLzEgMzg4NS8zLzEgMzg4NC80LzEKZiAzOTg2LzEvMSAzOTg3LzIvMSAzODg2LzMvMSAzODg1LzQvMQpmIDM5ODcvMS8xIDM5ODgvMi8xIDM4ODcvMy8xIDM4ODYvNC8xCmYgMzk4OC8xLzEgMzk4OS8yLzEgMzg4OC8zLzEgMzg4Ny80LzEKZiAzOTg5LzEvMSAzOTkwLzIvMSAzODg5LzMvMSAzODg4LzQvMQpmIDM5OTAvMS8xIDM5OTEvMi8xIDM4OTAvMy8xIDM4ODkvNC8xCmYgMzk5MS8xLzEgMzk5Mi8yLzEgMzg5MS8zLzEgMzg5MC80LzEKZiAzOTkyLzEvMSAzOTkzLzIvMSAzODkyLzMvMSAzODkxLzQvMQpmIDM5OTMvMS8xIDM5OTQvMi8xIDM4OTMvMy8xIDM4OTIvNC8xCmYgMzk5NC8xLzEgMzk5NS8yLzEgMzg5NC8zLzEgMzg5My80LzEKZiAzOTk1LzEvMSAzOTk2LzIvMSAzODk1LzMvMSAzODk0LzQvMQpmIDM5OTYvMS8xIDM5OTcvMi8xIDM4OTYvMy8xIDM4OTUvNC8xCmYgMzk5Ny8xLzEgMzk5OC8yLzEgMzg5Ny8zLzEgMzg5Ni80LzEKZiAzOTk4LzEvMSAzOTk5LzIvMSAzODk4LzMvMSAzODk3LzQvMQpmIDM5OTkvMS8xIDQwMDAvMi8xIDM4OTkvMy8xIDM4OTgvNC8xCmYgNDAwMC8xLzEgNDAwMS8yLzEgMzkwMC8zLzEgMzg5OS80LzEKZiA0MDAxLzEvMSA0MDAyLzIvMSAzOTAxLzMvMSAzOTAwLzQvMQpmIDQwMDIvMS8xIDQwMDMvMi8xIDM5MDIvMy8xIDM5MDEvNC8xCmYgNDAwMy8xLzEgNDAwNC8yLzEgMzkwMy8zLzEgMzkwMi80LzEKZiA0MDA0LzEvMSA0MDA1LzIvMSAzOTA0LzMvMSAzOTAzLzQvMQpmIDQwMDUvMS8xIDQwMDYvMi8xIDM5MDUvMy8xIDM5MDQvNC8xCmYgNDAwNi8xLzEgNDAwNy8yLzEgMzkwNi8zLzEgMzkwNS80LzEKZiA0MDA3LzEvMSA0MDA4LzIvMSAzOTA3LzMvMSAzOTA2LzQvMQpmIDQwMDgvMS8xIDQwMDkvMi8xIDM5MDgvMy8xIDM5MDcvNC8xCmYgNDAwOS8xLzEgNDAxMC8yLzEgMzkwOS8zLzEgMzkwOC80LzEKZiA0MDEwLzEvMSA0MDExLzIvMSAzOTEwLzMvMSAzOTA5LzQvMQpmIDQwMTEvMS8xIDQwMTIvMi8xIDM5MTEvMy8xIDM5MTAvNC8xCmYgNDAxMi8xLzEgNDAxMy8yLzEgMzkxMi8zLzEgMzkxMS80LzEKZiA0MDEzLzEvMSA0MDE0LzIvMSAzOTEzLzMvMSAzOTEyLzQvMQpmIDQwMTQvMS8xIDQwMTUvMi8xIDM5MTQvMy8xIDM5MTMvNC8xCmYgNDAxNS8xLzEgNDAxNi8yLzEgMzkxNS8zLzEgMzkxNC80LzEKZiA0MDE2LzEvMSA0MDE3LzIvMSAzOTE2LzMvMSAzOTE1LzQvMQpmIDQwMTcvMS8xIDQwMTgvMi8xIDM5MTcvMy8xIDM5MTYvNC8xCmYgNDAxOC8xLzEgNDAxOS8yLzEgMzkxOC8zLzEgMzkxNy80LzEKZiA0MDE5LzEvMSA0MDIwLzIvMSAzOTE5LzMvMSAzOTE4LzQvMQpmIDQwMjAvMS8xIDQwMjEvMi8xIDM5MjAvMy8xIDM5MTkvNC8xCmYgNDAyMS8xLzEgNDAyMi8yLzEgMzkyMS8zLzEgMzkyMC80LzEKZiA0MDIyLzEvMSA0MDIzLzIvMSAzOTIyLzMvMSAzOTIxLzQvMQpmIDQwMjMvMS8xIDQwMjQvMi8xIDM5MjMvMy8xIDM5MjIvNC8xCmYgNDAyNC8xLzEgNDAyNS8yLzEgMzkyNC8zLzEgMzkyMy80LzEKZiA0MDI1LzEvMSA0MDI2LzIvMSAzOTI1LzMvMSAzOTI0LzQvMQpmIDQwMjYvMS8xIDQwMjcvMi8xIDM5MjYvMy8xIDM5MjUvNC8xCmYgNDAyNy8xLzEgNDAyOC8yLzEgMzkyNy8zLzEgMzkyNi80LzEKZiA0MDI4LzEvMSA0MDI5LzIvMSAzOTI4LzMvMSAzOTI3LzQvMQpmIDQwMjkvMS8xIDQwMzAvMi8xIDM5MjkvMy8xIDM5MjgvNC8xCmYgNDAzMC8xLzEgNDAzMS8yLzEgMzkzMC8zLzEgMzkyOS80LzEKZiA0MDMxLzEvMSA0MDMyLzIvMSAzOTMxLzMvMSAzOTMwLzQvMQpmIDQwMzIvMS8xIDQwMzMvMi8xIDM5MzIvMy8xIDM5MzEvNC8xCmYgNDAzMy8xLzEgNDAzNC8yLzEgMzkzMy8zLzEgMzkzMi80LzEKZiA0MDM0LzEvMSA0MDM1LzIvMSAzOTM0LzMvMSAzOTMzLzQvMQpmIDQwMzUvMS8xIDQwMzYvMi8xIDM5MzUvMy8xIDM5MzQvNC8xCmYgNDAzNi8xLzEgNDAzNy8yLzEgMzkzNi8zLzEgMzkzNS80LzEKZiA0MDM3LzEvMSA0MDM4LzIvMSAzOTM3LzMvMSAzOTM2LzQvMQpmIDQwMzgvMS8xIDQwMzkvMi8xIDM5MzgvMy8xIDM5MzcvNC8xCmYgNDAzOS8xLzEgNDA0MC8yLzEgMzkzOS8zLzEgMzkzOC80LzEKZiA0MDQxLzEvMSA0MDQyLzIvMSAzOTQxLzMvMSAzOTQwLzQvMQpmIDQwNDIvMS8xIDQwNDMvMi8xIDM5NDIvMy8xIDM5NDEvNC8xCmYgNDA0My8xLzEgNDA0NC8yLzEgMzk0My8zLzEgMzk0Mi80LzEKZiA0MDQ0LzEvMSA0MDQ1LzIvMSAzOTQ0LzMvMSAzOTQzLzQvMQpmIDQwNDUvMS8xIDQwNDYvMi8xIDM5NDUvMy8xIDM5NDQvNC8xCmYgNDA0Ni8xLzEgNDA0Ny8yLzEgMzk0Ni8zLzEgMzk0NS80LzEKZiA0MDQ3LzEvMSA0MDQ4LzIvMSAzOTQ3LzMvMSAzOTQ2LzQvMQpmIDQwNDgvMS8xIDQwNDkvMi8xIDM5NDgvMy8xIDM5NDcvNC8xCmYgNDA0OS8xLzEgNDA1MC8yLzEgMzk0OS8zLzEgMzk0OC80LzEKZiA0MDUwLzEvMSA0MDUxLzIvMSAzOTUwLzMvMSAzOTQ5LzQvMQpmIDQwNTEvMS8xIDQwNTIvMi8xIDM5NTEvMy8xIDM5NTAvNC8xCmYgNDA1Mi8xLzEgNDA1My8yLzEgMzk1Mi8zLzEgMzk1MS80LzEKZiA0MDUzLzEvMSA0MDU0LzIvMSAzOTUzLzMvMSAzOTUyLzQvMQpmIDQwNTQvMS8xIDQwNTUvMi8xIDM5NTQvMy8xIDM5NTMvNC8xCmYgNDA1NS8xLzEgNDA1Ni8yLzEgMzk1NS8zLzEgMzk1NC80LzEKZiA0MDU2LzEvMSA0MDU3LzIvMSAzOTU2LzMvMSAzOTU1LzQvMQpmIDQwNTcvMS8xIDQwNTgvMi8xIDM5NTcvMy8xIDM5NTYvNC8xCmYgNDA1OC8xLzEgNDA1OS8yLzEgMzk1OC8zLzEgMzk1Ny80LzEKZiA0MDU5LzEvMSA0MDYwLzIvMSAzOTU5LzMvMSAzOTU4LzQvMQpmIDQwNjAvMS8xIDQwNjEvMi8xIDM5NjAvMy8xIDM5NTkvNC8xCmYgNDA2MS8xLzEgNDA2Mi8yLzEgMzk2MS8zLzEgMzk2MC80LzEKZiA0MDYyLzEvMSA0MDYzLzIvMSAzOTYyLzMvMSAzOTYxLzQvMQpmIDQwNjMvMS8xIDQwNjQvMi8xIDM5NjMvMy8xIDM5NjIvNC8xCmYgNDA2NC8xLzEgNDA2NS8yLzEgMzk2NC8zLzEgMzk2My80LzEKZiA0MDY1LzEvMSA0MDY2LzIvMSAzOTY1LzMvMSAzOTY0LzQvMQpmIDQwNjYvMS8xIDQwNjcvMi8xIDM5NjYvMy8xIDM5NjUvNC8xCmYgNDA2Ny8xLzEgNDA2OC8yLzEgMzk2Ny8zLzEgMzk2Ni80LzEKZiA0MDY4LzEvMSA0MDY5LzIvMSAzOTY4LzMvMSAzOTY3LzQvMQpmIDQwNjkvMS8xIDQwNzAvMi8xIDM5NjkvMy8xIDM5NjgvNC8xCmYgNDA3MC8xLzEgNDA3MS8yLzEgMzk3MC8zLzEgMzk2OS80LzEKZiA0MDcxLzEvMSA0MDcyLzIvMSAzOTcxLzMvMSAzOTcwLzQvMQpmIDQwNzIvMS8xIDQwNzMvMi8xIDM5NzIvMy8xIDM5NzEvNC8xCmYgNDA3My8xLzEgNDA3NC8yLzEgMzk3My8zLzEgMzk3Mi80LzEKZiA0MDc0LzEvMSA0MDc1LzIvMSAzOTc0LzMvMSAzOTczLzQvMQpmIDQwNzUvMS8xIDQwNzYvMi8xIDM5NzUvMy8xIDM5NzQvNC8xCmYgNDA3Ni8xLzEgNDA3Ny8yLzEgMzk3Ni8zLzEgMzk3NS80LzEKZiA0MDc3LzEvMSA0MDc4LzIvMSAzOTc3LzMvMSAzOTc2LzQvMQpmIDQwNzgvMS8xIDQwNzkvMi8xIDM5NzgvMy8xIDM5NzcvNC8xCmYgNDA3OS8xLzEgNDA4MC8yLzEgMzk3OS8zLzEgMzk3OC80LzEKZiA0MDgwLzEvMSA0MDgxLzIvMSAzOTgwLzMvMSAzOTc5LzQvMQpmIDQwODEvMS8xIDQwODIvMi8xIDM5ODEvMy8xIDM5ODAvNC8xCmYgNDA4Mi8xLzEgNDA4My8yLzEgMzk4Mi8zLzEgMzk4MS80LzEKZiA0MDgzLzEvMSA0MDg0LzIvMSAzOTgzLzMvMSAzOTgyLzQvMQpmIDQwODQvMS8xIDQwODUvMi8xIDM5ODQvMy8xIDM5ODMvNC8xCmYgNDA4NS8xLzEgNDA4Ni8yLzEgMzk4NS8zLzEgMzk4NC80LzEKZiA0MDg2LzEvMSA0MDg3LzIvMSAzOTg2LzMvMSAzOTg1LzQvMQpmIDQwODcvMS8xIDQwODgvMi8xIDM5ODcvMy8xIDM5ODYvNC8xCmYgNDA4OC8xLzEgNDA4OS8yLzEgMzk4OC8zLzEgMzk4Ny80LzEKZiA0MDg5LzEvMSA0MDkwLzIvMSAzOTg5LzMvMSAzOTg4LzQvMQpmIDQwOTAvMS8xIDQwOTEvMi8xIDM5OTAvMy8xIDM5ODkvNC8xCmYgNDA5MS8xLzEgNDA5Mi8yLzEgMzk5MS8zLzEgMzk5MC80LzEKZiA0MDkyLzEvMSA0MDkzLzIvMSAzOTkyLzMvMSAzOTkxLzQvMQpmIDQwOTMvMS8xIDQwOTQvMi8xIDM5OTMvMy8xIDM5OTIvNC8xCmYgNDA5NC8xLzEgNDA5NS8yLzEgMzk5NC8zLzEgMzk5My80LzEKZiA0MDk1LzEvMSA0MDk2LzIvMSAzOTk1LzMvMSAzOTk0LzQvMQpmIDQwOTYvMS8xIDQwOTcvMi8xIDM5OTYvMy8xIDM5OTUvNC8xCmYgNDA5Ny8xLzEgNDA5OC8yLzEgMzk5Ny8zLzEgMzk5Ni80LzEKZiA0MDk4LzEvMSA0MDk5LzIvMSAzOTk4LzMvMSAzOTk3LzQvMQpmIDQwOTkvMS8xIDQxMDAvMi8xIDM5OTkvMy8xIDM5OTgvNC8xCmYgNDEwMC8xLzEgNDEwMS8yLzEgNDAwMC8zLzEgMzk5OS80LzEKZiA0MTAxLzEvMSA0MTAyLzIvMSA0MDAxLzMvMSA0MDAwLzQvMQpmIDQxMDIvMS8xIDQxMDMvMi8xIDQwMDIvMy8xIDQwMDEvNC8xCmYgNDEwMy8xLzEgNDEwNC8yLzEgNDAwMy8zLzEgNDAwMi80LzEKZiA0MTA0LzEvMSA0MTA1LzIvMSA0MDA0LzMvMSA0MDAzLzQvMQpmIDQxMDUvMS8xIDQxMDYvMi8xIDQwMDUvMy8xIDQwMDQvNC8xCmYgNDEwNi8xLzEgNDEwNy8yLzEgNDAwNi8zLzEgNDAwNS80LzEKZiA0MTA3LzEvMSA0MTA4LzIvMSA0MDA3LzMvMSA0MDA2LzQvMQpmIDQxMDgvMS8xIDQxMDkvMi8xIDQwMDgvMy8xIDQwMDcvNC8xCmYgNDEwOS8xLzEgNDExMC8yLzEgNDAwOS8zLzEgNDAwOC80LzEKZiA0MTEwLzEvMSA0MTExLzIvMSA0MDEwLzMvMSA0MDA5LzQvMQpmIDQxMTEvMS8xIDQxMTIvMi8xIDQwMTEvMy8xIDQwMTAvNC8xCmYgNDExMi8xLzEgNDExMy8yLzEgNDAxMi8zLzEgNDAxMS80LzEKZiA0MTEzLzEvMSA0MTE0LzIvMSA0MDEzLzMvMSA0MDEyLzQvMQpmIDQxMTQvMS8xIDQxMTUvMi8xIDQwMTQvMy8xIDQwMTMvNC8xCmYgNDExNS8xLzEgNDExNi8yLzEgNDAxNS8zLzEgNDAxNC80LzEKZiA0MTE2LzEvMSA0MTE3LzIvMSA0MDE2LzMvMSA0MDE1LzQvMQpmIDQxMTcvMS8xIDQxMTgvMi8xIDQwMTcvMy8xIDQwMTYvNC8xCmYgNDExOC8xLzEgNDExOS8yLzEgNDAxOC8zLzEgNDAxNy80LzEKZiA0MTE5LzEvMSA0MTIwLzIvMSA0MDE5LzMvMSA0MDE4LzQvMQpmIDQxMjAvMS8xIDQxMjEvMi8xIDQwMjAvMy8xIDQwMTkvNC8xCmYgNDEyMS8xLzEgNDEyMi8yLzEgNDAyMS8zLzEgNDAyMC80LzEKZiA0MTIyLzEvMSA0MTIzLzIvMSA0MDIyLzMvMSA0MDIxLzQvMQpmIDQxMjMvMS8xIDQxMjQvMi8xIDQwMjMvMy8xIDQwMjIvNC8xCmYgNDEyNC8xLzEgNDEyNS8yLzEgNDAyNC8zLzEgNDAyMy80LzEKZiA0MTI1LzEvMSA0MTI2LzIvMSA0MDI1LzMvMSA0MDI0LzQvMQpmIDQxMjYvMS8xIDQxMjcvMi8xIDQwMjYvMy8xIDQwMjUvNC8xCmYgNDEyNy8xLzEgNDEyOC8yLzEgNDAyNy8zLzEgNDAyNi80LzEKZiA0MTI4LzEvMSA0MTI5LzIvMSA0MDI4LzMvMSA0MDI3LzQvMQpmIDQxMjkvMS8xIDQxMzAvMi8xIDQwMjkvMy8xIDQwMjgvNC8xCmYgNDEzMC8xLzEgNDEzMS8yLzEgNDAzMC8zLzEgNDAyOS80LzEKZiA0MTMxLzEvMSA0MTMyLzIvMSA0MDMxLzMvMSA0MDMwLzQvMQpmIDQxMzIvMS8xIDQxMzMvMi8xIDQwMzIvMy8xIDQwMzEvNC8xCmYgNDEzMy8xLzEgNDEzNC8yLzEgNDAzMy8zLzEgNDAzMi80LzEKZiA0MTM0LzEvMSA0MTM1LzIvMSA0MDM0LzMvMSA0MDMzLzQvMQpmIDQxMzUvMS8xIDQxMzYvMi8xIDQwMzUvMy8xIDQwMzQvNC8xCmYgNDEzNi8xLzEgNDEzNy8yLzEgNDAzNi8zLzEgNDAzNS80LzEKZiA0MTM3LzEvMSA0MTM4LzIvMSA0MDM3LzMvMSA0MDM2LzQvMQpmIDQxMzgvMS8xIDQxMzkvMi8xIDQwMzgvMy8xIDQwMzcvNC8xCmYgNDEzOS8xLzEgNDE0MC8yLzEgNDAzOS8zLzEgNDAzOC80LzEKZiA0MTQwLzEvMSA0MTQxLzIvMSA0MDQwLzMvMSA0MDM5LzQvMQpmIDQxNDIvMS8xIDQxNDMvMi8xIDQwNDIvMy8xIDQwNDEvNC8xCmYgNDE0My8xLzEgNDE0NC8yLzEgNDA0My8zLzEgNDA0Mi80LzEKZiA0MTQ0LzEvMSA0MTQ1LzIvMSA0MDQ0LzMvMSA0MDQzLzQvMQpmIDQxNDUvMS8xIDQxNDYvMi8xIDQwNDUvMy8xIDQwNDQvNC8xCmYgNDE0Ni8xLzEgNDE0Ny8yLzEgNDA0Ni8zLzEgNDA0NS80LzEKZiA0MTQ3LzEvMSA0MTQ4LzIvMSA0MDQ3LzMvMSA0MDQ2LzQvMQpmIDQxNDgvMS8xIDQxNDkvMi8xIDQwNDgvMy8xIDQwNDcvNC8xCmYgNDE0OS8xLzEgNDE1MC8yLzEgNDA0OS8zLzEgNDA0OC80LzEKZiA0MTUwLzEvMSA0MTUxLzIvMSA0MDUwLzMvMSA0MDQ5LzQvMQpmIDQxNTEvMS8xIDQxNTIvMi8xIDQwNTEvMy8xIDQwNTAvNC8xCmYgNDE1Mi8xLzEgNDE1My8yLzEgNDA1Mi8zLzEgNDA1MS80LzEKZiA0MTUzLzEvMSA0MTU0LzIvMSA0MDUzLzMvMSA0MDUyLzQvMQpmIDQxNTQvMS8xIDQxNTUvMi8xIDQwNTQvMy8xIDQwNTMvNC8xCmYgNDE1NS8xLzEgNDE1Ni8yLzEgNDA1NS8zLzEgNDA1NC80LzEKZiA0MTU2LzEvMSA0MTU3LzIvMSA0MDU2LzMvMSA0MDU1LzQvMQpmIDQxNTcvMS8xIDQxNTgvMi8xIDQwNTcvMy8xIDQwNTYvNC8xCmYgNDE1OC8xLzEgNDE1OS8yLzEgNDA1OC8zLzEgNDA1Ny80LzEKZiA0MTU5LzEvMSA0MTYwLzIvMSA0MDU5LzMvMSA0MDU4LzQvMQpmIDQxNjAvMS8xIDQxNjEvMi8xIDQwNjAvMy8xIDQwNTkvNC8xCmYgNDE2MS8xLzEgNDE2Mi8yLzEgNDA2MS8zLzEgNDA2MC80LzEKZiA0MTYyLzEvMSA0MTYzLzIvMSA0MDYyLzMvMSA0MDYxLzQvMQpmIDQxNjMvMS8xIDQxNjQvMi8xIDQwNjMvMy8xIDQwNjIvNC8xCmYgNDE2NC8xLzEgNDE2NS8yLzEgNDA2NC8zLzEgNDA2My80LzEKZiA0MTY1LzEvMSA0MTY2LzIvMSA0MDY1LzMvMSA0MDY0LzQvMQpmIDQxNjYvMS8xIDQxNjcvMi8xIDQwNjYvMy8xIDQwNjUvNC8xCmYgNDE2Ny8xLzEgNDE2OC8yLzEgNDA2Ny8zLzEgNDA2Ni80LzEKZiA0MTY4LzEvMSA0MTY5LzIvMSA0MDY4LzMvMSA0MDY3LzQvMQpmIDQxNjkvMS8xIDQxNzAvMi8xIDQwNjkvMy8xIDQwNjgvNC8xCmYgNDE3MC8xLzEgNDE3MS8yLzEgNDA3MC8zLzEgNDA2OS80LzEKZiA0MTcxLzEvMSA0MTcyLzIvMSA0MDcxLzMvMSA0MDcwLzQvMQpmIDQxNzIvMS8xIDQxNzMvMi8xIDQwNzIvMy8xIDQwNzEvNC8xCmYgNDE3My8xLzEgNDE3NC8yLzEgNDA3My8zLzEgNDA3Mi80LzEKZiA0MTc0LzEvMSA0MTc1LzIvMSA0MDc0LzMvMSA0MDczLzQvMQpmIDQxNzUvMS8xIDQxNzYvMi8xIDQwNzUvMy8xIDQwNzQvNC8xCmYgNDE3Ni8xLzEgNDE3Ny8yLzEgNDA3Ni8zLzEgNDA3NS80LzEKZiA0MTc3LzEvMSA0MTc4LzIvMSA0MDc3LzMvMSA0MDc2LzQvMQpmIDQxNzgvMS8xIDQxNzkvMi8xIDQwNzgvMy8xIDQwNzcvNC8xCmYgNDE3OS8xLzEgNDE4MC8yLzEgNDA3OS8zLzEgNDA3OC80LzEKZiA0MTgwLzEvMSA0MTgxLzIvMSA0MDgwLzMvMSA0MDc5LzQvMQpmIDQxODEvMS8xIDQxODIvMi8xIDQwODEvMy8xIDQwODAvNC8xCmYgNDE4Mi8xLzEgNDE4My8yLzEgNDA4Mi8zLzEgNDA4MS80LzEKZiA0MTgzLzEvMSA0MTg0LzIvMSA0MDgzLzMvMSA0MDgyLzQvMQpmIDQxODQvMS8xIDQxODUvMi8xIDQwODQvMy8xIDQwODMvNC8xCmYgNDE4NS8xLzEgNDE4Ni8yLzEgNDA4NS8zLzEgNDA4NC80LzEKZiA0MTg2LzEvMSA0MTg3LzIvMSA0MDg2LzMvMSA0MDg1LzQvMQpmIDQxODcvMS8xIDQxODgvMi8xIDQwODcvMy8xIDQwODYvNC8xCmYgNDE4OC8xLzEgNDE4OS8yLzEgNDA4OC8zLzEgNDA4Ny80LzEKZiA0MTg5LzEvMSA0MTkwLzIvMSA0MDg5LzMvMSA0MDg4LzQvMQpmIDQxOTAvMS8xIDQxOTEvMi8xIDQwOTAvMy8xIDQwODkvNC8xCmYgNDE5MS8xLzEgNDE5Mi8yLzEgNDA5MS8zLzEgNDA5MC80LzEKZiA0MTkyLzEvMSA0MTkzLzIvMSA0MDkyLzMvMSA0MDkxLzQvMQpmIDQxOTMvMS8xIDQxOTQvMi8xIDQwOTMvMy8xIDQwOTIvNC8xCmYgNDE5NC8xLzEgNDE5NS8yLzEgNDA5NC8zLzEgNDA5My80LzEKZiA0MTk1LzEvMSA0MTk2LzIvMSA0MDk1LzMvMSA0MDk0LzQvMQpmIDQxOTYvMS8xIDQxOTcvMi8xIDQwOTYvMy8xIDQwOTUvNC8xCmYgNDE5Ny8xLzEgNDE5OC8yLzEgNDA5Ny8zLzEgNDA5Ni80LzEKZiA0MTk4LzEvMSA0MTk5LzIvMSA0MDk4LzMvMSA0MDk3LzQvMQpmIDQxOTkvMS8xIDQyMDAvMi8xIDQwOTkvMy8xIDQwOTgvNC8xCmYgNDIwMC8xLzEgNDIwMS8yLzEgNDEwMC8zLzEgNDA5OS80LzEKZiA0MjAxLzEvMSA0MjAyLzIvMSA0MTAxLzMvMSA0MTAwLzQvMQpmIDQyMDIvMS8xIDQyMDMvMi8xIDQxMDIvMy8xIDQxMDEvNC8xCmYgNDIwMy8xLzEgNDIwNC8yLzEgNDEwMy8zLzEgNDEwMi80LzEKZiA0MjA0LzEvMSA0MjA1LzIvMSA0MTA0LzMvMSA0MTAzLzQvMQpmIDQyMDUvMS8xIDQyMDYvMi8xIDQxMDUvMy8xIDQxMDQvNC8xCmYgNDIwNi8xLzEgNDIwNy8yLzEgNDEwNi8zLzEgNDEwNS80LzEKZiA0MjA3LzEvMSA0MjA4LzIvMSA0MTA3LzMvMSA0MTA2LzQvMQpmIDQyMDgvMS8xIDQyMDkvMi8xIDQxMDgvMy8xIDQxMDcvNC8xCmYgNDIwOS8xLzEgNDIxMC8yLzEgNDEwOS8zLzEgNDEwOC80LzEKZiA0MjEwLzEvMSA0MjExLzIvMSA0MTEwLzMvMSA0MTA5LzQvMQpmIDQyMTEvMS8xIDQyMTIvMi8xIDQxMTEvMy8xIDQxMTAvNC8xCmYgNDIxMi8xLzEgNDIxMy8yLzEgNDExMi8zLzEgNDExMS80LzEKZiA0MjEzLzEvMSA0MjE0LzIvMSA0MTEzLzMvMSA0MTEyLzQvMQpmIDQyMTQvMS8xIDQyMTUvMi8xIDQxMTQvMy8xIDQxMTMvNC8xCmYgNDIxNS8xLzEgNDIxNi8yLzEgNDExNS8zLzEgNDExNC80LzEKZiA0MjE2LzEvMSA0MjE3LzIvMSA0MTE2LzMvMSA0MTE1LzQvMQpmIDQyMTcvMS8xIDQyMTgvMi8xIDQxMTcvMy8xIDQxMTYvNC8xCmYgNDIxOC8xLzEgNDIxOS8yLzEgNDExOC8zLzEgNDExNy80LzEKZiA0MjE5LzEvMSA0MjIwLzIvMSA0MTE5LzMvMSA0MTE4LzQvMQpmIDQyMjAvMS8xIDQyMjEvMi8xIDQxMjAvMy8xIDQxMTkvNC8xCmYgNDIyMS8xLzEgNDIyMi8yLzEgNDEyMS8zLzEgNDEyMC80LzEKZiA0MjIyLzEvMSA0MjIzLzIvMSA0MTIyLzMvMSA0MTIxLzQvMQpmIDQyMjMvMS8xIDQyMjQvMi8xIDQxMjMvMy8xIDQxMjIvNC8xCmYgNDIyNC8xLzEgNDIyNS8yLzEgNDEyNC8zLzEgNDEyMy80LzEKZiA0MjI1LzEvMSA0MjI2LzIvMSA0MTI1LzMvMSA0MTI0LzQvMQpmIDQyMjYvMS8xIDQyMjcvMi8xIDQxMjYvMy8xIDQxMjUvNC8xCmYgNDIyNy8xLzEgNDIyOC8yLzEgNDEyNy8zLzEgNDEyNi80LzEKZiA0MjI4LzEvMSA0MjI5LzIvMSA0MTI4LzMvMSA0MTI3LzQvMQpmIDQyMjkvMS8xIDQyMzAvMi8xIDQxMjkvMy8xIDQxMjgvNC8xCmYgNDIzMC8xLzEgNDIzMS8yLzEgNDEzMC8zLzEgNDEyOS80LzEKZiA0MjMxLzEvMSA0MjMyLzIvMSA0MTMxLzMvMSA0MTMwLzQvMQpmIDQyMzIvMS8xIDQyMzMvMi8xIDQxMzIvMy8xIDQxMzEvNC8xCmYgNDIzMy8xLzEgNDIzNC8yLzEgNDEzMy8zLzEgNDEzMi80LzEKZiA0MjM0LzEvMSA0MjM1LzIvMSA0MTM0LzMvMSA0MTMzLzQvMQpmIDQyMzUvMS8xIDQyMzYvMi8xIDQxMzUvMy8xIDQxMzQvNC8xCmYgNDIzNi8xLzEgNDIzNy8yLzEgNDEzNi8zLzEgNDEzNS80LzEKZiA0MjM3LzEvMSA0MjM4LzIvMSA0MTM3LzMvMSA0MTM2LzQvMQpmIDQyMzgvMS8xIDQyMzkvMi8xIDQxMzgvMy8xIDQxMzcvNC8xCmYgNDIzOS8xLzEgNDI0MC8yLzEgNDEzOS8zLzEgNDEzOC80LzEKZiA0MjQwLzEvMSA0MjQxLzIvMSA0MTQwLzMvMSA0MTM5LzQvMQpmIDQyNDEvMS8xIDQyNDIvMi8xIDQxNDEvMy8xIDQxNDAvNC8xCmYgNDI0My8xLzEgNDI0NC8yLzEgNDE0My8zLzEgNDE0Mi80LzEKZiA0MjQ0LzEvMSA0MjQ1LzIvMSA0MTQ0LzMvMSA0MTQzLzQvMQpmIDQyNDUvMS8xIDQyNDYvMi8xIDQxNDUvMy8xIDQxNDQvNC8xCmYgNDI0Ni8xLzEgNDI0Ny8yLzEgNDE0Ni8zLzEgNDE0NS80LzEKZiA0MjQ3LzEvMSA0MjQ4LzIvMSA0MTQ3LzMvMSA0MTQ2LzQvMQpmIDQyNDgvMS8xIDQyNDkvMi8xIDQxNDgvMy8xIDQxNDcvNC8xCmYgNDI0OS8xLzEgNDI1MC8yLzEgNDE0OS8zLzEgNDE0OC80LzEKZiA0MjUwLzEvMSA0MjUxLzIvMSA0MTUwLzMvMSA0MTQ5LzQvMQpmIDQyNTEvMS8xIDQyNTIvMi8xIDQxNTEvMy8xIDQxNTAvNC8xCmYgNDI1Mi8xLzEgNDI1My8yLzEgNDE1Mi8zLzEgNDE1MS80LzEKZiA0MjUzLzEvMSA0MjU0LzIvMSA0MTUzLzMvMSA0MTUyLzQvMQpmIDQyNTQvMS8xIDQyNTUvMi8xIDQxNTQvMy8xIDQxNTMvNC8xCmYgNDI1NS8xLzEgNDI1Ni8yLzEgNDE1NS8zLzEgNDE1NC80LzEKZiA0MjU2LzEvMSA0MjU3LzIvMSA0MTU2LzMvMSA0MTU1LzQvMQpmIDQyNTcvMS8xIDQyNTgvMi8xIDQxNTcvMy8xIDQxNTYvNC8xCmYgNDI1OC8xLzEgNDI1OS8yLzEgNDE1OC8zLzEgNDE1Ny80LzEKZiA0MjU5LzEvMSA0MjYwLzIvMSA0MTU5LzMvMSA0MTU4LzQvMQpmIDQyNjAvMS8xIDQyNjEvMi8xIDQxNjAvMy8xIDQxNTkvNC8xCmYgNDI2MS8xLzEgNDI2Mi8yLzEgNDE2MS8zLzEgNDE2MC80LzEKZiA0MjYyLzEvMSA0MjYzLzIvMSA0MTYyLzMvMSA0MTYxLzQvMQpmIDQyNjMvMS8xIDQyNjQvMi8xIDQxNjMvMy8xIDQxNjIvNC8xCmYgNDI2NC8xLzEgNDI2NS8yLzEgNDE2NC8zLzEgNDE2My80LzEKZiA0MjY1LzEvMSA0MjY2LzIvMSA0MTY1LzMvMSA0MTY0LzQvMQpmIDQyNjYvMS8xIDQyNjcvMi8xIDQxNjYvMy8xIDQxNjUvNC8xCmYgNDI2Ny8xLzEgNDI2OC8yLzEgNDE2Ny8zLzEgNDE2Ni80LzEKZiA0MjY4LzEvMSA0MjY5LzIvMSA0MTY4LzMvMSA0MTY3LzQvMQpmIDQyNjkvMS8xIDQyNzAvMi8xIDQxNjkvMy8xIDQxNjgvNC8xCmYgNDI3MC8xLzEgNDI3MS8yLzEgNDE3MC8zLzEgNDE2OS80LzEKZiA0MjcxLzEvMSA0MjcyLzIvMSA0MTcxLzMvMSA0MTcwLzQvMQpmIDQyNzIvMS8xIDQyNzMvMi8xIDQxNzIvMy8xIDQxNzEvNC8xCmYgNDI3My8xLzEgNDI3NC8yLzEgNDE3My8zLzEgNDE3Mi80LzEKZiA0Mjc0LzEvMSA0Mjc1LzIvMSA0MTc0LzMvMSA0MTczLzQvMQpmIDQyNzUvMS8xIDQyNzYvMi8xIDQxNzUvMy8xIDQxNzQvNC8xCmYgNDI3Ni8xLzEgNDI3Ny8yLzEgNDE3Ni8zLzEgNDE3NS80LzEKZiA0Mjc3LzEvMSA0Mjc4LzIvMSA0MTc3LzMvMSA0MTc2LzQvMQpmIDQyNzgvMS8xIDQyNzkvMi8xIDQxNzgvMy8xIDQxNzcvNC8xCmYgNDI3OS8xLzEgNDI4MC8yLzEgNDE3OS8zLzEgNDE3OC80LzEKZiA0MjgwLzEvMSA0MjgxLzIvMSA0MTgwLzMvMSA0MTc5LzQvMQpmIDQyODEvMS8xIDQyODIvMi8xIDQxODEvMy8xIDQxODAvNC8xCmYgNDI4Mi8xLzEgNDI4My8yLzEgNDE4Mi8zLzEgNDE4MS80LzEKZiA0MjgzLzEvMSA0Mjg0LzIvMSA0MTgzLzMvMSA0MTgyLzQvMQpmIDQyODQvMS8xIDQyODUvMi8xIDQxODQvMy8xIDQxODMvNC8xCmYgNDI4NS8xLzEgNDI4Ni8yLzEgNDE4NS8zLzEgNDE4NC80LzEKZiA0Mjg2LzEvMSA0Mjg3LzIvMSA0MTg2LzMvMSA0MTg1LzQvMQpmIDQyODcvMS8xIDQyODgvMi8xIDQxODcvMy8xIDQxODYvNC8xCmYgNDI4OC8xLzEgNDI4OS8yLzEgNDE4OC8zLzEgNDE4Ny80LzEKZiA0Mjg5LzEvMSA0MjkwLzIvMSA0MTg5LzMvMSA0MTg4LzQvMQpmIDQyOTAvMS8xIDQyOTEvMi8xIDQxOTAvMy8xIDQxODkvNC8xCmYgNDI5MS8xLzEgNDI5Mi8yLzEgNDE5MS8zLzEgNDE5MC80LzEKZiA0MjkyLzEvMSA0MjkzLzIvMSA0MTkyLzMvMSA0MTkxLzQvMQpmIDQyOTMvMS8xIDQyOTQvMi8xIDQxOTMvMy8xIDQxOTIvNC8xCmYgNDI5NC8xLzEgNDI5NS8yLzEgNDE5NC8zLzEgNDE5My80LzEKZiA0Mjk1LzEvMSA0Mjk2LzIvMSA0MTk1LzMvMSA0MTk0LzQvMQpmIDQyOTYvMS8xIDQyOTcvMi8xIDQxOTYvMy8xIDQxOTUvNC8xCmYgNDI5Ny8xLzEgNDI5OC8yLzEgNDE5Ny8zLzEgNDE5Ni80LzEKZiA0Mjk4LzEvMSA0Mjk5LzIvMSA0MTk4LzMvMSA0MTk3LzQvMQpmIDQyOTkvMS8xIDQzMDAvMi8xIDQxOTkvMy8xIDQxOTgvNC8xCmYgNDMwMC8xLzEgNDMwMS8yLzEgNDIwMC8zLzEgNDE5OS80LzEKZiA0MzAxLzEvMSA0MzAyLzIvMSA0MjAxLzMvMSA0MjAwLzQvMQpmIDQzMDIvMS8xIDQzMDMvMi8xIDQyMDIvMy8xIDQyMDEvNC8xCmYgNDMwMy8xLzEgNDMwNC8yLzEgNDIwMy8zLzEgNDIwMi80LzEKZiA0MzA0LzEvMSA0MzA1LzIvMSA0MjA0LzMvMSA0MjAzLzQvMQpmIDQzMDUvMS8xIDQzMDYvMi8xIDQyMDUvMy8xIDQyMDQvNC8xCmYgNDMwNi8xLzEgNDMwNy8yLzEgNDIwNi8zLzEgNDIwNS80LzEKZiA0MzA3LzEvMSA0MzA4LzIvMSA0MjA3LzMvMSA0MjA2LzQvMQpmIDQzMDgvMS8xIDQzMDkvMi8xIDQyMDgvMy8xIDQyMDcvNC8xCmYgNDMwOS8xLzEgNDMxMC8yLzEgNDIwOS8zLzEgNDIwOC80LzEKZiA0MzEwLzEvMSA0MzExLzIvMSA0MjEwLzMvMSA0MjA5LzQvMQpmIDQzMTEvMS8xIDQzMTIvMi8xIDQyMTEvMy8xIDQyMTAvNC8xCmYgNDMxMi8xLzEgNDMxMy8yLzEgNDIxMi8zLzEgNDIxMS80LzEKZiA0MzEzLzEvMSA0MzE0LzIvMSA0MjEzLzMvMSA0MjEyLzQvMQpmIDQzMTQvMS8xIDQzMTUvMi8xIDQyMTQvMy8xIDQyMTMvNC8xCmYgNDMxNS8xLzEgNDMxNi8yLzEgNDIxNS8zLzEgNDIxNC80LzEKZiA0MzE2LzEvMSA0MzE3LzIvMSA0MjE2LzMvMSA0MjE1LzQvMQpmIDQzMTcvMS8xIDQzMTgvMi8xIDQyMTcvMy8xIDQyMTYvNC8xCmYgNDMxOC8xLzEgNDMxOS8yLzEgNDIxOC8zLzEgNDIxNy80LzEKZiA0MzE5LzEvMSA0MzIwLzIvMSA0MjE5LzMvMSA0MjE4LzQvMQpmIDQzMjAvMS8xIDQzMjEvMi8xIDQyMjAvMy8xIDQyMTkvNC8xCmYgNDMyMS8xLzEgNDMyMi8yLzEgNDIyMS8zLzEgNDIyMC80LzEKZiA0MzIyLzEvMSA0MzIzLzIvMSA0MjIyLzMvMSA0MjIxLzQvMQpmIDQzMjMvMS8xIDQzMjQvMi8xIDQyMjMvMy8xIDQyMjIvNC8xCmYgNDMyNC8xLzEgNDMyNS8yLzEgNDIyNC8zLzEgNDIyMy80LzEKZiA0MzI1LzEvMSA0MzI2LzIvMSA0MjI1LzMvMSA0MjI0LzQvMQpmIDQzMjYvMS8xIDQzMjcvMi8xIDQyMjYvMy8xIDQyMjUvNC8xCmYgNDMyNy8xLzEgNDMyOC8yLzEgNDIyNy8zLzEgNDIyNi80LzEKZiA0MzI4LzEvMSA0MzI5LzIvMSA0MjI4LzMvMSA0MjI3LzQvMQpmIDQzMjkvMS8xIDQzMzAvMi8xIDQyMjkvMy8xIDQyMjgvNC8xCmYgNDMzMC8xLzEgNDMzMS8yLzEgNDIzMC8zLzEgNDIyOS80LzEKZiA0MzMxLzEvMSA0MzMyLzIvMSA0MjMxLzMvMSA0MjMwLzQvMQpmIDQzMzIvMS8xIDQzMzMvMi8xIDQyMzIvMy8xIDQyMzEvNC8xCmYgNDMzMy8xLzEgNDMzNC8yLzEgNDIzMy8zLzEgNDIzMi80LzEKZiA0MzM0LzEvMSA0MzM1LzIvMSA0MjM0LzMvMSA0MjMzLzQvMQpmIDQzMzUvMS8xIDQzMzYvMi8xIDQyMzUvMy8xIDQyMzQvNC8xCmYgNDMzNi8xLzEgNDMzNy8yLzEgNDIzNi8zLzEgNDIzNS80LzEKZiA0MzM3LzEvMSA0MzM4LzIvMSA0MjM3LzMvMSA0MjM2LzQvMQpmIDQzMzgvMS8xIDQzMzkvMi8xIDQyMzgvMy8xIDQyMzcvNC8xCmYgNDMzOS8xLzEgNDM0MC8yLzEgNDIzOS8zLzEgNDIzOC80LzEKZiA0MzQwLzEvMSA0MzQxLzIvMSA0MjQwLzMvMSA0MjM5LzQvMQpmIDQzNDEvMS8xIDQzNDIvMi8xIDQyNDEvMy8xIDQyNDAvNC8xCmYgNDM0Mi8xLzEgNDM0My8yLzEgNDI0Mi8zLzEgNDI0MS80LzEKZiA0MzQ0LzEvMSA0MzQ1LzIvMSA0MjQ0LzMvMSA0MjQzLzQvMQpmIDQzNDUvMS8xIDQzNDYvMi8xIDQyNDUvMy8xIDQyNDQvNC8xCmYgNDM0Ni8xLzEgNDM0Ny8yLzEgNDI0Ni8zLzEgNDI0NS80LzEKZiA0MzQ3LzEvMSA0MzQ4LzIvMSA0MjQ3LzMvMSA0MjQ2LzQvMQpmIDQzNDgvMS8xIDQzNDkvMi8xIDQyNDgvMy8xIDQyNDcvNC8xCmYgNDM0OS8xLzEgNDM1MC8yLzEgNDI0OS8zLzEgNDI0OC80LzEKZiA0MzUwLzEvMSA0MzUxLzIvMSA0MjUwLzMvMSA0MjQ5LzQvMQpmIDQzNTEvMS8xIDQzNTIvMi8xIDQyNTEvMy8xIDQyNTAvNC8xCmYgNDM1Mi8xLzEgNDM1My8yLzEgNDI1Mi8zLzEgNDI1MS80LzEKZiA0MzUzLzEvMSA0MzU0LzIvMSA0MjUzLzMvMSA0MjUyLzQvMQpmIDQzNTQvMS8xIDQzNTUvMi8xIDQyNTQvMy8xIDQyNTMvNC8xCmYgNDM1NS8xLzEgNDM1Ni8yLzEgNDI1NS8zLzEgNDI1NC80LzEKZiA0MzU2LzEvMSA0MzU3LzIvMSA0MjU2LzMvMSA0MjU1LzQvMQpmIDQzNTcvMS8xIDQzNTgvMi8xIDQyNTcvMy8xIDQyNTYvNC8xCmYgNDM1OC8xLzEgNDM1OS8yLzEgNDI1OC8zLzEgNDI1Ny80LzEKZiA0MzU5LzEvMSA0MzYwLzIvMSA0MjU5LzMvMSA0MjU4LzQvMQpmIDQzNjAvMS8xIDQzNjEvMi8xIDQyNjAvMy8xIDQyNTkvNC8xCmYgNDM2MS8xLzEgNDM2Mi8yLzEgNDI2MS8zLzEgNDI2MC80LzEKZiA0MzYyLzEvMSA0MzYzLzIvMSA0MjYyLzMvMSA0MjYxLzQvMQpmIDQzNjMvMS8xIDQzNjQvMi8xIDQyNjMvMy8xIDQyNjIvNC8xCmYgNDM2NC8xLzEgNDM2NS8yLzEgNDI2NC8zLzEgNDI2My80LzEKZiA0MzY1LzEvMSA0MzY2LzIvMSA0MjY1LzMvMSA0MjY0LzQvMQpmIDQzNjYvMS8xIDQzNjcvMi8xIDQyNjYvMy8xIDQyNjUvNC8xCmYgNDM2Ny8xLzEgNDM2OC8yLzEgNDI2Ny8zLzEgNDI2Ni80LzEKZiA0MzY4LzEvMSA0MzY5LzIvMSA0MjY4LzMvMSA0MjY3LzQvMQpmIDQzNjkvMS8xIDQzNzAvMi8xIDQyNjkvMy8xIDQyNjgvNC8xCmYgNDM3MC8xLzEgNDM3MS8yLzEgNDI3MC8zLzEgNDI2OS80LzEKZiA0MzcxLzEvMSA0MzcyLzIvMSA0MjcxLzMvMSA0MjcwLzQvMQpmIDQzNzIvMS8xIDQzNzMvMi8xIDQyNzIvMy8xIDQyNzEvNC8xCmYgNDM3My8xLzEgNDM3NC8yLzEgNDI3My8zLzEgNDI3Mi80LzEKZiA0Mzc0LzEvMSA0Mzc1LzIvMSA0Mjc0LzMvMSA0MjczLzQvMQpmIDQzNzUvMS8xIDQzNzYvMi8xIDQyNzUvMy8xIDQyNzQvNC8xCmYgNDM3Ni8xLzEgNDM3Ny8yLzEgNDI3Ni8zLzEgNDI3NS80LzEKZiA0Mzc3LzEvMSA0Mzc4LzIvMSA0Mjc3LzMvMSA0Mjc2LzQvMQpmIDQzNzgvMS8xIDQzNzkvMi8xIDQyNzgvMy8xIDQyNzcvNC8xCmYgNDM3OS8xLzEgNDM4MC8yLzEgNDI3OS8zLzEgNDI3OC80LzEKZiA0MzgwLzEvMSA0MzgxLzIvMSA0MjgwLzMvMSA0Mjc5LzQvMQpmIDQzODEvMS8xIDQzODIvMi8xIDQyODEvMy8xIDQyODAvNC8xCmYgNDM4Mi8xLzEgNDM4My8yLzEgNDI4Mi8zLzEgNDI4MS80LzEKZiA0MzgzLzEvMSA0Mzg0LzIvMSA0MjgzLzMvMSA0MjgyLzQvMQpmIDQzODQvMS8xIDQzODUvMi8xIDQyODQvMy8xIDQyODMvNC8xCmYgNDM4NS8xLzEgNDM4Ni8yLzEgNDI4NS8zLzEgNDI4NC80LzEKZiA0Mzg2LzEvMSA0Mzg3LzIvMSA0Mjg2LzMvMSA0Mjg1LzQvMQpmIDQzODcvMS8xIDQzODgvMi8xIDQyODcvMy8xIDQyODYvNC8xCmYgNDM4OC8xLzEgNDM4OS8yLzEgNDI4OC8zLzEgNDI4Ny80LzEKZiA0Mzg5LzEvMSA0MzkwLzIvMSA0Mjg5LzMvMSA0Mjg4LzQvMQpmIDQzOTAvMS8xIDQzOTEvMi8xIDQyOTAvMy8xIDQyODkvNC8xCmYgNDM5MS8xLzEgNDM5Mi8yLzEgNDI5MS8zLzEgNDI5MC80LzEKZiA0MzkyLzEvMSA0MzkzLzIvMSA0MjkyLzMvMSA0MjkxLzQvMQpmIDQzOTMvMS8xIDQzOTQvMi8xIDQyOTMvMy8xIDQyOTIvNC8xCmYgNDM5NC8xLzEgNDM5NS8yLzEgNDI5NC8zLzEgNDI5My80LzEKZiA0Mzk1LzEvMSA0Mzk2LzIvMSA0Mjk1LzMvMSA0Mjk0LzQvMQpmIDQzOTYvMS8xIDQzOTcvMi8xIDQyOTYvMy8xIDQyOTUvNC8xCmYgNDM5Ny8xLzEgNDM5OC8yLzEgNDI5Ny8zLzEgNDI5Ni80LzEKZiA0Mzk4LzEvMSA0Mzk5LzIvMSA0Mjk4LzMvMSA0Mjk3LzQvMQpmIDQzOTkvMS8xIDQ0MDAvMi8xIDQyOTkvMy8xIDQyOTgvNC8xCmYgNDQwMC8xLzEgNDQwMS8yLzEgNDMwMC8zLzEgNDI5OS80LzEKZiA0NDAxLzEvMSA0NDAyLzIvMSA0MzAxLzMvMSA0MzAwLzQvMQpmIDQ0MDIvMS8xIDQ0MDMvMi8xIDQzMDIvMy8xIDQzMDEvNC8xCmYgNDQwMy8xLzEgNDQwNC8yLzEgNDMwMy8zLzEgNDMwMi80LzEKZiA0NDA0LzEvMSA0NDA1LzIvMSA0MzA0LzMvMSA0MzAzLzQvMQpmIDQ0MDUvMS8xIDQ0MDYvMi8xIDQzMDUvMy8xIDQzMDQvNC8xCmYgNDQwNi8xLzEgNDQwNy8yLzEgNDMwNi8zLzEgNDMwNS80LzEKZiA0NDA3LzEvMSA0NDA4LzIvMSA0MzA3LzMvMSA0MzA2LzQvMQpmIDQ0MDgvMS8xIDQ0MDkvMi8xIDQzMDgvMy8xIDQzMDcvNC8xCmYgNDQwOS8xLzEgNDQxMC8yLzEgNDMwOS8zLzEgNDMwOC80LzEKZiA0NDEwLzEvMSA0NDExLzIvMSA0MzEwLzMvMSA0MzA5LzQvMQpmIDQ0MTEvMS8xIDQ0MTIvMi8xIDQzMTEvMy8xIDQzMTAvNC8xCmYgNDQxMi8xLzEgNDQxMy8yLzEgNDMxMi8zLzEgNDMxMS80LzEKZiA0NDEzLzEvMSA0NDE0LzIvMSA0MzEzLzMvMSA0MzEyLzQvMQpmIDQ0MTQvMS8xIDQ0MTUvMi8xIDQzMTQvMy8xIDQzMTMvNC8xCmYgNDQxNS8xLzEgNDQxNi8yLzEgNDMxNS8zLzEgNDMxNC80LzEKZiA0NDE2LzEvMSA0NDE3LzIvMSA0MzE2LzMvMSA0MzE1LzQvMQpmIDQ0MTcvMS8xIDQ0MTgvMi8xIDQzMTcvMy8xIDQzMTYvNC8xCmYgNDQxOC8xLzEgNDQxOS8yLzEgNDMxOC8zLzEgNDMxNy80LzEKZiA0NDE5LzEvMSA0NDIwLzIvMSA0MzE5LzMvMSA0MzE4LzQvMQpmIDQ0MjAvMS8xIDQ0MjEvMi8xIDQzMjAvMy8xIDQzMTkvNC8xCmYgNDQyMS8xLzEgNDQyMi8yLzEgNDMyMS8zLzEgNDMyMC80LzEKZiA0NDIyLzEvMSA0NDIzLzIvMSA0MzIyLzMvMSA0MzIxLzQvMQpmIDQ0MjMvMS8xIDQ0MjQvMi8xIDQzMjMvMy8xIDQzMjIvNC8xCmYgNDQyNC8xLzEgNDQyNS8yLzEgNDMyNC8zLzEgNDMyMy80LzEKZiA0NDI1LzEvMSA0NDI2LzIvMSA0MzI1LzMvMSA0MzI0LzQvMQpmIDQ0MjYvMS8xIDQ0MjcvMi8xIDQzMjYvMy8xIDQzMjUvNC8xCmYgNDQyNy8xLzEgNDQyOC8yLzEgNDMyNy8zLzEgNDMyNi80LzEKZiA0NDI4LzEvMSA0NDI5LzIvMSA0MzI4LzMvMSA0MzI3LzQvMQpmIDQ0MjkvMS8xIDQ0MzAvMi8xIDQzMjkvMy8xIDQzMjgvNC8xCmYgNDQzMC8xLzEgNDQzMS8yLzEgNDMzMC8zLzEgNDMyOS80LzEKZiA0NDMxLzEvMSA0NDMyLzIvMSA0MzMxLzMvMSA0MzMwLzQvMQpmIDQ0MzIvMS8xIDQ0MzMvMi8xIDQzMzIvMy8xIDQzMzEvNC8xCmYgNDQzMy8xLzEgNDQzNC8yLzEgNDMzMy8zLzEgNDMzMi80LzEKZiA0NDM0LzEvMSA0NDM1LzIvMSA0MzM0LzMvMSA0MzMzLzQvMQpmIDQ0MzUvMS8xIDQ0MzYvMi8xIDQzMzUvMy8xIDQzMzQvNC8xCmYgNDQzNi8xLzEgNDQzNy8yLzEgNDMzNi8zLzEgNDMzNS80LzEKZiA0NDM3LzEvMSA0NDM4LzIvMSA0MzM3LzMvMSA0MzM2LzQvMQpmIDQ0MzgvMS8xIDQ0MzkvMi8xIDQzMzgvMy8xIDQzMzcvNC8xCmYgNDQzOS8xLzEgNDQ0MC8yLzEgNDMzOS8zLzEgNDMzOC80LzEKZiA0NDQwLzEvMSA0NDQxLzIvMSA0MzQwLzMvMSA0MzM5LzQvMQpmIDQ0NDEvMS8xIDQ0NDIvMi8xIDQzNDEvMy8xIDQzNDAvNC8xCmYgNDQ0Mi8xLzEgNDQ0My8yLzEgNDM0Mi8zLzEgNDM0MS80LzEKZiA0NDQzLzEvMSA0NDQ0LzIvMSA0MzQzLzMvMSA0MzQyLzQvMQpmIDQ0NDUvMS8xIDQ0NDYvMi8xIDQzNDUvMy8xIDQzNDQvNC8xCmYgNDQ0Ni8xLzEgNDQ0Ny8yLzEgNDM0Ni8zLzEgNDM0NS80LzEKZiA0NDQ3LzEvMSA0NDQ4LzIvMSA0MzQ3LzMvMSA0MzQ2LzQvMQpmIDQ0NDgvMS8xIDQ0NDkvMi8xIDQzNDgvMy8xIDQzNDcvNC8xCmYgNDQ0OS8xLzEgNDQ1MC8yLzEgNDM0OS8zLzEgNDM0OC80LzEKZiA0NDUwLzEvMSA0NDUxLzIvMSA0MzUwLzMvMSA0MzQ5LzQvMQpmIDQ0NTEvMS8xIDQ0NTIvMi8xIDQzNTEvMy8xIDQzNTAvNC8xCmYgNDQ1Mi8xLzEgNDQ1My8yLzEgNDM1Mi8zLzEgNDM1MS80LzEKZiA0NDUzLzEvMSA0NDU0LzIvMSA0MzUzLzMvMSA0MzUyLzQvMQpmIDQ0NTQvMS8xIDQ0NTUvMi8xIDQzNTQvMy8xIDQzNTMvNC8xCmYgNDQ1NS8xLzEgNDQ1Ni8yLzEgNDM1NS8zLzEgNDM1NC80LzEKZiA0NDU2LzEvMSA0NDU3LzIvMSA0MzU2LzMvMSA0MzU1LzQvMQpmIDQ0NTcvMS8xIDQ0NTgvMi8xIDQzNTcvMy8xIDQzNTYvNC8xCmYgNDQ1OC8xLzEgNDQ1OS8yLzEgNDM1OC8zLzEgNDM1Ny80LzEKZiA0NDU5LzEvMSA0NDYwLzIvMSA0MzU5LzMvMSA0MzU4LzQvMQpmIDQ0NjAvMS8xIDQ0NjEvMi8xIDQzNjAvMy8xIDQzNTkvNC8xCmYgNDQ2MS8xLzEgNDQ2Mi8yLzEgNDM2MS8zLzEgNDM2MC80LzEKZiA0NDYyLzEvMSA0NDYzLzIvMSA0MzYyLzMvMSA0MzYxLzQvMQpmIDQ0NjMvMS8xIDQ0NjQvMi8xIDQzNjMvMy8xIDQzNjIvNC8xCmYgNDQ2NC8xLzEgNDQ2NS8yLzEgNDM2NC8zLzEgNDM2My80LzEKZiA0NDY1LzEvMSA0NDY2LzIvMSA0MzY1LzMvMSA0MzY0LzQvMQpmIDQ0NjYvMS8xIDQ0NjcvMi8xIDQzNjYvMy8xIDQzNjUvNC8xCmYgNDQ2Ny8xLzEgNDQ2OC8yLzEgNDM2Ny8zLzEgNDM2Ni80LzEKZiA0NDY4LzEvMSA0NDY5LzIvMSA0MzY4LzMvMSA0MzY3LzQvMQpmIDQ0NjkvMS8xIDQ0NzAvMi8xIDQzNjkvMy8xIDQzNjgvNC8xCmYgNDQ3MC8xLzEgNDQ3MS8yLzEgNDM3MC8zLzEgNDM2OS80LzEKZiA0NDcxLzEvMSA0NDcyLzIvMSA0MzcxLzMvMSA0MzcwLzQvMQpmIDQ0NzIvMS8xIDQ0NzMvMi8xIDQzNzIvMy8xIDQzNzEvNC8xCmYgNDQ3My8xLzEgNDQ3NC8yLzEgNDM3My8zLzEgNDM3Mi80LzEKZiA0NDc0LzEvMSA0NDc1LzIvMSA0Mzc0LzMvMSA0MzczLzQvMQpmIDQ0NzUvMS8xIDQ0NzYvMi8xIDQzNzUvMy8xIDQzNzQvNC8xCmYgNDQ3Ni8xLzEgNDQ3Ny8yLzEgNDM3Ni8zLzEgNDM3NS80LzEKZiA0NDc3LzEvMSA0NDc4LzIvMSA0Mzc3LzMvMSA0Mzc2LzQvMQpmIDQ0NzgvMS8xIDQ0NzkvMi8xIDQzNzgvMy8xIDQzNzcvNC8xCmYgNDQ3OS8xLzEgNDQ4MC8yLzEgNDM3OS8zLzEgNDM3OC80LzEKZiA0NDgwLzEvMSA0NDgxLzIvMSA0MzgwLzMvMSA0Mzc5LzQvMQpmIDQ0ODEvMS8xIDQ0ODIvMi8xIDQzODEvMy8xIDQzODAvNC8xCmYgNDQ4Mi8xLzEgNDQ4My8yLzEgNDM4Mi8zLzEgNDM4MS80LzEKZiA0NDgzLzEvMSA0NDg0LzIvMSA0MzgzLzMvMSA0MzgyLzQvMQpmIDQ0ODQvMS8xIDQ0ODUvMi8xIDQzODQvMy8xIDQzODMvNC8xCmYgNDQ4NS8xLzEgNDQ4Ni8yLzEgNDM4NS8zLzEgNDM4NC80LzEKZiA0NDg2LzEvMSA0NDg3LzIvMSA0Mzg2LzMvMSA0Mzg1LzQvMQpmIDQ0ODcvMS8xIDQ0ODgvMi8xIDQzODcvMy8xIDQzODYvNC8xCmYgNDQ4OC8xLzEgNDQ4OS8yLzEgNDM4OC8zLzEgNDM4Ny80LzEKZiA0NDg5LzEvMSA0NDkwLzIvMSA0Mzg5LzMvMSA0Mzg4LzQvMQpmIDQ0OTAvMS8xIDQ0OTEvMi8xIDQzOTAvMy8xIDQzODkvNC8xCmYgNDQ5MS8xLzEgNDQ5Mi8yLzEgNDM5MS8zLzEgNDM5MC80LzEKZiA0NDkyLzEvMSA0NDkzLzIvMSA0MzkyLzMvMSA0MzkxLzQvMQpmIDQ0OTMvMS8xIDQ0OTQvMi8xIDQzOTMvMy8xIDQzOTIvNC8xCmYgNDQ5NC8xLzEgNDQ5NS8yLzEgNDM5NC8zLzEgNDM5My80LzEKZiA0NDk1LzEvMSA0NDk2LzIvMSA0Mzk1LzMvMSA0Mzk0LzQvMQpmIDQ0OTYvMS8xIDQ0OTcvMi8xIDQzOTYvMy8xIDQzOTUvNC8xCmYgNDQ5Ny8xLzEgNDQ5OC8yLzEgNDM5Ny8zLzEgNDM5Ni80LzEKZiA0NDk4LzEvMSA0NDk5LzIvMSA0Mzk4LzMvMSA0Mzk3LzQvMQpmIDQ0OTkvMS8xIDQ1MDAvMi8xIDQzOTkvMy8xIDQzOTgvNC8xCmYgNDUwMC8xLzEgNDUwMS8yLzEgNDQwMC8zLzEgNDM5OS80LzEKZiA0NTAxLzEvMSA0NTAyLzIvMSA0NDAxLzMvMSA0NDAwLzQvMQpmIDQ1MDIvMS8xIDQ1MDMvMi8xIDQ0MDIvMy8xIDQ0MDEvNC8xCmYgNDUwMy8xLzEgNDUwNC8yLzEgNDQwMy8zLzEgNDQwMi80LzEKZiA0NTA0LzEvMSA0NTA1LzIvMSA0NDA0LzMvMSA0NDAzLzQvMQpmIDQ1MDUvMS8xIDQ1MDYvMi8xIDQ0MDUvMy8xIDQ0MDQvNC8xCmYgNDUwNi8xLzEgNDUwNy8yLzEgNDQwNi8zLzEgNDQwNS80LzEKZiA0NTA3LzEvMSA0NTA4LzIvMSA0NDA3LzMvMSA0NDA2LzQvMQpmIDQ1MDgvMS8xIDQ1MDkvMi8xIDQ0MDgvMy8xIDQ0MDcvNC8xCmYgNDUwOS8xLzEgNDUxMC8yLzEgNDQwOS8zLzEgNDQwOC80LzEKZiA0NTEwLzEvMSA0NTExLzIvMSA0NDEwLzMvMSA0NDA5LzQvMQpmIDQ1MTEvMS8xIDQ1MTIvMi8xIDQ0MTEvMy8xIDQ0MTAvNC8xCmYgNDUxMi8xLzEgNDUxMy8yLzEgNDQxMi8zLzEgNDQxMS80LzEKZiA0NTEzLzEvMSA0NTE0LzIvMSA0NDEzLzMvMSA0NDEyLzQvMQpmIDQ1MTQvMS8xIDQ1MTUvMi8xIDQ0MTQvMy8xIDQ0MTMvNC8xCmYgNDUxNS8xLzEgNDUxNi8yLzEgNDQxNS8zLzEgNDQxNC80LzEKZiA0NTE2LzEvMSA0NTE3LzIvMSA0NDE2LzMvMSA0NDE1LzQvMQpmIDQ1MTcvMS8xIDQ1MTgvMi8xIDQ0MTcvMy8xIDQ0MTYvNC8xCmYgNDUxOC8xLzEgNDUxOS8yLzEgNDQxOC8zLzEgNDQxNy80LzEKZiA0NTE5LzEvMSA0NTIwLzIvMSA0NDE5LzMvMSA0NDE4LzQvMQpmIDQ1MjAvMS8xIDQ1MjEvMi8xIDQ0MjAvMy8xIDQ0MTkvNC8xCmYgNDUyMS8xLzEgNDUyMi8yLzEgNDQyMS8zLzEgNDQyMC80LzEKZiA0NTIyLzEvMSA0NTIzLzIvMSA0NDIyLzMvMSA0NDIxLzQvMQpmIDQ1MjMvMS8xIDQ1MjQvMi8xIDQ0MjMvMy8xIDQ0MjIvNC8xCmYgNDUyNC8xLzEgNDUyNS8yLzEgNDQyNC8zLzEgNDQyMy80LzEKZiA0NTI1LzEvMSA0NTI2LzIvMSA0NDI1LzMvMSA0NDI0LzQvMQpmIDQ1MjYvMS8xIDQ1MjcvMi8xIDQ0MjYvMy8xIDQ0MjUvNC8xCmYgNDUyNy8xLzEgNDUyOC8yLzEgNDQyNy8zLzEgNDQyNi80LzEKZiA0NTI4LzEvMSA0NTI5LzIvMSA0NDI4LzMvMSA0NDI3LzQvMQpmIDQ1MjkvMS8xIDQ1MzAvMi8xIDQ0MjkvMy8xIDQ0MjgvNC8xCmYgNDUzMC8xLzEgNDUzMS8yLzEgNDQzMC8zLzEgNDQyOS80LzEKZiA0NTMxLzEvMSA0NTMyLzIvMSA0NDMxLzMvMSA0NDMwLzQvMQpmIDQ1MzIvMS8xIDQ1MzMvMi8xIDQ0MzIvMy8xIDQ0MzEvNC8xCmYgNDUzMy8xLzEgNDUzNC8yLzEgNDQzMy8zLzEgNDQzMi80LzEKZiA0NTM0LzEvMSA0NTM1LzIvMSA0NDM0LzMvMSA0NDMzLzQvMQpmIDQ1MzUvMS8xIDQ1MzYvMi8xIDQ0MzUvMy8xIDQ0MzQvNC8xCmYgNDUzNi8xLzEgNDUzNy8yLzEgNDQzNi8zLzEgNDQzNS80LzEKZiA0NTM3LzEvMSA0NTM4LzIvMSA0NDM3LzMvMSA0NDM2LzQvMQpmIDQ1MzgvMS8xIDQ1MzkvMi8xIDQ0MzgvMy8xIDQ0MzcvNC8xCmYgNDUzOS8xLzEgNDU0MC8yLzEgNDQzOS8zLzEgNDQzOC80LzEKZiA0NTQwLzEvMSA0NTQxLzIvMSA0NDQwLzMvMSA0NDM5LzQvMQpmIDQ1NDEvMS8xIDQ1NDIvMi8xIDQ0NDEvMy8xIDQ0NDAvNC8xCmYgNDU0Mi8xLzEgNDU0My8yLzEgNDQ0Mi8zLzEgNDQ0MS80LzEKZiA0NTQzLzEvMSA0NTQ0LzIvMSA0NDQzLzMvMSA0NDQyLzQvMQpmIDQ1NDQvMS8xIDQ1NDUvMi8xIDQ0NDQvMy8xIDQ0NDMvNC8xCmYgNDU0Ni8xLzEgNDU0Ny8yLzEgNDQ0Ni8zLzEgNDQ0NS80LzEKZiA0NTQ3LzEvMSA0NTQ4LzIvMSA0NDQ3LzMvMSA0NDQ2LzQvMQpmIDQ1NDgvMS8xIDQ1NDkvMi8xIDQ0NDgvMy8xIDQ0NDcvNC8xCmYgNDU0OS8xLzEgNDU1MC8yLzEgNDQ0OS8zLzEgNDQ0OC80LzEKZiA0NTUwLzEvMSA0NTUxLzIvMSA0NDUwLzMvMSA0NDQ5LzQvMQpmIDQ1NTEvMS8xIDQ1NTIvMi8xIDQ0NTEvMy8xIDQ0NTAvNC8xCmYgNDU1Mi8xLzEgNDU1My8yLzEgNDQ1Mi8zLzEgNDQ1MS80LzEKZiA0NTUzLzEvMSA0NTU0LzIvMSA0NDUzLzMvMSA0NDUyLzQvMQpmIDQ1NTQvMS8xIDQ1NTUvMi8xIDQ0NTQvMy8xIDQ0NTMvNC8xCmYgNDU1NS8xLzEgNDU1Ni8yLzEgNDQ1NS8zLzEgNDQ1NC80LzEKZiA0NTU2LzEvMSA0NTU3LzIvMSA0NDU2LzMvMSA0NDU1LzQvMQpmIDQ1NTcvMS8xIDQ1NTgvMi8xIDQ0NTcvMy8xIDQ0NTYvNC8xCmYgNDU1OC8xLzEgNDU1OS8yLzEgNDQ1OC8zLzEgNDQ1Ny80LzEKZiA0NTU5LzEvMSA0NTYwLzIvMSA0NDU5LzMvMSA0NDU4LzQvMQpmIDQ1NjAvMS8xIDQ1NjEvMi8xIDQ0NjAvMy8xIDQ0NTkvNC8xCmYgNDU2MS8xLzEgNDU2Mi8yLzEgNDQ2MS8zLzEgNDQ2MC80LzEKZiA0NTYyLzEvMSA0NTYzLzIvMSA0NDYyLzMvMSA0NDYxLzQvMQpmIDQ1NjMvMS8xIDQ1NjQvMi8xIDQ0NjMvMy8xIDQ0NjIvNC8xCmYgNDU2NC8xLzEgNDU2NS8yLzEgNDQ2NC8zLzEgNDQ2My80LzEKZiA0NTY1LzEvMSA0NTY2LzIvMSA0NDY1LzMvMSA0NDY0LzQvMQpmIDQ1NjYvMS8xIDQ1NjcvMi8xIDQ0NjYvMy8xIDQ0NjUvNC8xCmYgNDU2Ny8xLzEgNDU2OC8yLzEgNDQ2Ny8zLzEgNDQ2Ni80LzEKZiA0NTY4LzEvMSA0NTY5LzIvMSA0NDY4LzMvMSA0NDY3LzQvMQpmIDQ1NjkvMS8xIDQ1NzAvMi8xIDQ0NjkvMy8xIDQ0NjgvNC8xCmYgNDU3MC8xLzEgNDU3MS8yLzEgNDQ3MC8zLzEgNDQ2OS80LzEKZiA0NTcxLzEvMSA0NTcyLzIvMSA0NDcxLzMvMSA0NDcwLzQvMQpmIDQ1NzIvMS8xIDQ1NzMvMi8xIDQ0NzIvMy8xIDQ0NzEvNC8xCmYgNDU3My8xLzEgNDU3NC8yLzEgNDQ3My8zLzEgNDQ3Mi80LzEKZiA0NTc0LzEvMSA0NTc1LzIvMSA0NDc0LzMvMSA0NDczLzQvMQpmIDQ1NzUvMS8xIDQ1NzYvMi8xIDQ0NzUvMy8xIDQ0NzQvNC8xCmYgNDU3Ni8xLzEgNDU3Ny8yLzEgNDQ3Ni8zLzEgNDQ3NS80LzEKZiA0NTc3LzEvMSA0NTc4LzIvMSA0NDc3LzMvMSA0NDc2LzQvMQpmIDQ1NzgvMS8xIDQ1NzkvMi8xIDQ0NzgvMy8xIDQ0NzcvNC8xCmYgNDU3OS8xLzEgNDU4MC8yLzEgNDQ3OS8zLzEgNDQ3OC80LzEKZiA0NTgwLzEvMSA0NTgxLzIvMSA0NDgwLzMvMSA0NDc5LzQvMQpmIDQ1ODEvMS8xIDQ1ODIvMi8xIDQ0ODEvMy8xIDQ0ODAvNC8xCmYgNDU4Mi8xLzEgNDU4My8yLzEgNDQ4Mi8zLzEgNDQ4MS80LzEKZiA0NTgzLzEvMSA0NTg0LzIvMSA0NDgzLzMvMSA0NDgyLzQvMQpmIDQ1ODQvMS8xIDQ1ODUvMi8xIDQ0ODQvMy8xIDQ0ODMvNC8xCmYgNDU4NS8xLzEgNDU4Ni8yLzEgNDQ4NS8zLzEgNDQ4NC80LzEKZiA0NTg2LzEvMSA0NTg3LzIvMSA0NDg2LzMvMSA0NDg1LzQvMQpmIDQ1ODcvMS8xIDQ1ODgvMi8xIDQ0ODcvMy8xIDQ0ODYvNC8xCmYgNDU4OC8xLzEgNDU4OS8yLzEgNDQ4OC8zLzEgNDQ4Ny80LzEKZiA0NTg5LzEvMSA0NTkwLzIvMSA0NDg5LzMvMSA0NDg4LzQvMQpmIDQ1OTAvMS8xIDQ1OTEvMi8xIDQ0OTAvMy8xIDQ0ODkvNC8xCmYgNDU5MS8xLzEgNDU5Mi8yLzEgNDQ5MS8zLzEgNDQ5MC80LzEKZiA0NTkyLzEvMSA0NTkzLzIvMSA0NDkyLzMvMSA0NDkxLzQvMQpmIDQ1OTMvMS8xIDQ1OTQvMi8xIDQ0OTMvMy8xIDQ0OTIvNC8xCmYgNDU5NC8xLzEgNDU5NS8yLzEgNDQ5NC8zLzEgNDQ5My80LzEKZiA0NTk1LzEvMSA0NTk2LzIvMSA0NDk1LzMvMSA0NDk0LzQvMQpmIDQ1OTYvMS8xIDQ1OTcvMi8xIDQ0OTYvMy8xIDQ0OTUvNC8xCmYgNDU5Ny8xLzEgNDU5OC8yLzEgNDQ5Ny8zLzEgNDQ5Ni80LzEKZiA0NTk4LzEvMSA0NTk5LzIvMSA0NDk4LzMvMSA0NDk3LzQvMQpmIDQ1OTkvMS8xIDQ2MDAvMi8xIDQ0OTkvMy8xIDQ0OTgvNC8xCmYgNDYwMC8xLzEgNDYwMS8yLzEgNDUwMC8zLzEgNDQ5OS80LzEKZiA0NjAxLzEvMSA0NjAyLzIvMSA0NTAxLzMvMSA0NTAwLzQvMQpmIDQ2MDIvMS8xIDQ2MDMvMi8xIDQ1MDIvMy8xIDQ1MDEvNC8xCmYgNDYwMy8xLzEgNDYwNC8yLzEgNDUwMy8zLzEgNDUwMi80LzEKZiA0NjA0LzEvMSA0NjA1LzIvMSA0NTA0LzMvMSA0NTAzLzQvMQpmIDQ2MDUvMS8xIDQ2MDYvMi8xIDQ1MDUvMy8xIDQ1MDQvNC8xCmYgNDYwNi8xLzEgNDYwNy8yLzEgNDUwNi8zLzEgNDUwNS80LzEKZiA0NjA3LzEvMSA0NjA4LzIvMSA0NTA3LzMvMSA0NTA2LzQvMQpmIDQ2MDgvMS8xIDQ2MDkvMi8xIDQ1MDgvMy8xIDQ1MDcvNC8xCmYgNDYwOS8xLzEgNDYxMC8yLzEgNDUwOS8zLzEgNDUwOC80LzEKZiA0NjEwLzEvMSA0NjExLzIvMSA0NTEwLzMvMSA0NTA5LzQvMQpmIDQ2MTEvMS8xIDQ2MTIvMi8xIDQ1MTEvMy8xIDQ1MTAvNC8xCmYgNDYxMi8xLzEgNDYxMy8yLzEgNDUxMi8zLzEgNDUxMS80LzEKZiA0NjEzLzEvMSA0NjE0LzIvMSA0NTEzLzMvMSA0NTEyLzQvMQpmIDQ2MTQvMS8xIDQ2MTUvMi8xIDQ1MTQvMy8xIDQ1MTMvNC8xCmYgNDYxNS8xLzEgNDYxNi8yLzEgNDUxNS8zLzEgNDUxNC80LzEKZiA0NjE2LzEvMSA0NjE3LzIvMSA0NTE2LzMvMSA0NTE1LzQvMQpmIDQ2MTcvMS8xIDQ2MTgvMi8xIDQ1MTcvMy8xIDQ1MTYvNC8xCmYgNDYxOC8xLzEgNDYxOS8yLzEgNDUxOC8zLzEgNDUxNy80LzEKZiA0NjE5LzEvMSA0NjIwLzIvMSA0NTE5LzMvMSA0NTE4LzQvMQpmIDQ2MjAvMS8xIDQ2MjEvMi8xIDQ1MjAvMy8xIDQ1MTkvNC8xCmYgNDYyMS8xLzEgNDYyMi8yLzEgNDUyMS8zLzEgNDUyMC80LzEKZiA0NjIyLzEvMSA0NjIzLzIvMSA0NTIyLzMvMSA0NTIxLzQvMQpmIDQ2MjMvMS8xIDQ2MjQvMi8xIDQ1MjMvMy8xIDQ1MjIvNC8xCmYgNDYyNC8xLzEgNDYyNS8yLzEgNDUyNC8zLzEgNDUyMy80LzEKZiA0NjI1LzEvMSA0NjI2LzIvMSA0NTI1LzMvMSA0NTI0LzQvMQpmIDQ2MjYvMS8xIDQ2MjcvMi8xIDQ1MjYvMy8xIDQ1MjUvNC8xCmYgNDYyNy8xLzEgNDYyOC8yLzEgNDUyNy8zLzEgNDUyNi80LzEKZiA0NjI4LzEvMSA0NjI5LzIvMSA0NTI4LzMvMSA0NTI3LzQvMQpmIDQ2MjkvMS8xIDQ2MzAvMi8xIDQ1MjkvMy8xIDQ1MjgvNC8xCmYgNDYzMC8xLzEgNDYzMS8yLzEgNDUzMC8zLzEgNDUyOS80LzEKZiA0NjMxLzEvMSA0NjMyLzIvMSA0NTMxLzMvMSA0NTMwLzQvMQpmIDQ2MzIvMS8xIDQ2MzMvMi8xIDQ1MzIvMy8xIDQ1MzEvNC8xCmYgNDYzMy8xLzEgNDYzNC8yLzEgNDUzMy8zLzEgNDUzMi80LzEKZiA0NjM0LzEvMSA0NjM1LzIvMSA0NTM0LzMvMSA0NTMzLzQvMQpmIDQ2MzUvMS8xIDQ2MzYvMi8xIDQ1MzUvMy8xIDQ1MzQvNC8xCmYgNDYzNi8xLzEgNDYzNy8yLzEgNDUzNi8zLzEgNDUzNS80LzEKZiA0NjM3LzEvMSA0NjM4LzIvMSA0NTM3LzMvMSA0NTM2LzQvMQpmIDQ2MzgvMS8xIDQ2MzkvMi8xIDQ1MzgvMy8xIDQ1MzcvNC8xCmYgNDYzOS8xLzEgNDY0MC8yLzEgNDUzOS8zLzEgNDUzOC80LzEKZiA0NjQwLzEvMSA0NjQxLzIvMSA0NTQwLzMvMSA0NTM5LzQvMQpmIDQ2NDEvMS8xIDQ2NDIvMi8xIDQ1NDEvMy8xIDQ1NDAvNC8xCmYgNDY0Mi8xLzEgNDY0My8yLzEgNDU0Mi8zLzEgNDU0MS80LzEKZiA0NjQzLzEvMSA0NjQ0LzIvMSA0NTQzLzMvMSA0NTQyLzQvMQpmIDQ2NDQvMS8xIDQ2NDUvMi8xIDQ1NDQvMy8xIDQ1NDMvNC8xCmYgNDY0NS8xLzEgNDY0Ni8yLzEgNDU0NS8zLzEgNDU0NC80LzEKZiA0NjQ3LzEvMSA0NjQ4LzIvMSA0NTQ3LzMvMSA0NTQ2LzQvMQpmIDQ2NDgvMS8xIDQ2NDkvMi8xIDQ1NDgvMy8xIDQ1NDcvNC8xCmYgNDY0OS8xLzEgNDY1MC8yLzEgNDU0OS8zLzEgNDU0OC80LzEKZiA0NjUwLzEvMSA0NjUxLzIvMSA0NTUwLzMvMSA0NTQ5LzQvMQpmIDQ2NTEvMS8xIDQ2NTIvMi8xIDQ1NTEvMy8xIDQ1NTAvNC8xCmYgNDY1Mi8xLzEgNDY1My8yLzEgNDU1Mi8zLzEgNDU1MS80LzEKZiA0NjUzLzEvMSA0NjU0LzIvMSA0NTUzLzMvMSA0NTUyLzQvMQpmIDQ2NTQvMS8xIDQ2NTUvMi8xIDQ1NTQvMy8xIDQ1NTMvNC8xCmYgNDY1NS8xLzEgNDY1Ni8yLzEgNDU1NS8zLzEgNDU1NC80LzEKZiA0NjU2LzEvMSA0NjU3LzIvMSA0NTU2LzMvMSA0NTU1LzQvMQpmIDQ2NTcvMS8xIDQ2NTgvMi8xIDQ1NTcvMy8xIDQ1NTYvNC8xCmYgNDY1OC8xLzEgNDY1OS8yLzEgNDU1OC8zLzEgNDU1Ny80LzEKZiA0NjU5LzEvMSA0NjYwLzIvMSA0NTU5LzMvMSA0NTU4LzQvMQpmIDQ2NjAvMS8xIDQ2NjEvMi8xIDQ1NjAvMy8xIDQ1NTkvNC8xCmYgNDY2MS8xLzEgNDY2Mi8yLzEgNDU2MS8zLzEgNDU2MC80LzEKZiA0NjYyLzEvMSA0NjYzLzIvMSA0NTYyLzMvMSA0NTYxLzQvMQpmIDQ2NjMvMS8xIDQ2NjQvMi8xIDQ1NjMvMy8xIDQ1NjIvNC8xCmYgNDY2NC8xLzEgNDY2NS8yLzEgNDU2NC8zLzEgNDU2My80LzEKZiA0NjY1LzEvMSA0NjY2LzIvMSA0NTY1LzMvMSA0NTY0LzQvMQpmIDQ2NjYvMS8xIDQ2NjcvMi8xIDQ1NjYvMy8xIDQ1NjUvNC8xCmYgNDY2Ny8xLzEgNDY2OC8yLzEgNDU2Ny8zLzEgNDU2Ni80LzEKZiA0NjY4LzEvMSA0NjY5LzIvMSA0NTY4LzMvMSA0NTY3LzQvMQpmIDQ2NjkvMS8xIDQ2NzAvMi8xIDQ1NjkvMy8xIDQ1NjgvNC8xCmYgNDY3MC8xLzEgNDY3MS8yLzEgNDU3MC8zLzEgNDU2OS80LzEKZiA0NjcxLzEvMSA0NjcyLzIvMSA0NTcxLzMvMSA0NTcwLzQvMQpmIDQ2NzIvMS8xIDQ2NzMvMi8xIDQ1NzIvMy8xIDQ1NzEvNC8xCmYgNDY3My8xLzEgNDY3NC8yLzEgNDU3My8zLzEgNDU3Mi80LzEKZiA0Njc0LzEvMSA0Njc1LzIvMSA0NTc0LzMvMSA0NTczLzQvMQpmIDQ2NzUvMS8xIDQ2NzYvMi8xIDQ1NzUvMy8xIDQ1NzQvNC8xCmYgNDY3Ni8xLzEgNDY3Ny8yLzEgNDU3Ni8zLzEgNDU3NS80LzEKZiA0Njc3LzEvMSA0Njc4LzIvMSA0NTc3LzMvMSA0NTc2LzQvMQpmIDQ2NzgvMS8xIDQ2NzkvMi8xIDQ1NzgvMy8xIDQ1NzcvNC8xCmYgNDY3OS8xLzEgNDY4MC8yLzEgNDU3OS8zLzEgNDU3OC80LzEKZiA0NjgwLzEvMSA0NjgxLzIvMSA0NTgwLzMvMSA0NTc5LzQvMQpmIDQ2ODEvMS8xIDQ2ODIvMi8xIDQ1ODEvMy8xIDQ1ODAvNC8xCmYgNDY4Mi8xLzEgNDY4My8yLzEgNDU4Mi8zLzEgNDU4MS80LzEKZiA0NjgzLzEvMSA0Njg0LzIvMSA0NTgzLzMvMSA0NTgyLzQvMQpmIDQ2ODQvMS8xIDQ2ODUvMi8xIDQ1ODQvMy8xIDQ1ODMvNC8xCmYgNDY4NS8xLzEgNDY4Ni8yLzEgNDU4NS8zLzEgNDU4NC80LzEKZiA0Njg2LzEvMSA0Njg3LzIvMSA0NTg2LzMvMSA0NTg1LzQvMQpmIDQ2ODcvMS8xIDQ2ODgvMi8xIDQ1ODcvMy8xIDQ1ODYvNC8xCmYgNDY4OC8xLzEgNDY4OS8yLzEgNDU4OC8zLzEgNDU4Ny80LzEKZiA0Njg5LzEvMSA0NjkwLzIvMSA0NTg5LzMvMSA0NTg4LzQvMQpmIDQ2OTAvMS8xIDQ2OTEvMi8xIDQ1OTAvMy8xIDQ1ODkvNC8xCmYgNDY5MS8xLzEgNDY5Mi8yLzEgNDU5MS8zLzEgNDU5MC80LzEKZiA0NjkyLzEvMSA0NjkzLzIvMSA0NTkyLzMvMSA0NTkxLzQvMQpmIDQ2OTMvMS8xIDQ2OTQvMi8xIDQ1OTMvMy8xIDQ1OTIvNC8xCmYgNDY5NC8xLzEgNDY5NS8yLzEgNDU5NC8zLzEgNDU5My80LzEKZiA0Njk1LzEvMSA0Njk2LzIvMSA0NTk1LzMvMSA0NTk0LzQvMQpmIDQ2OTYvMS8xIDQ2OTcvMi8xIDQ1OTYvMy8xIDQ1OTUvNC8xCmYgNDY5Ny8xLzEgNDY5OC8yLzEgNDU5Ny8zLzEgNDU5Ni80LzEKZiA0Njk4LzEvMSA0Njk5LzIvMSA0NTk4LzMvMSA0NTk3LzQvMQpmIDQ2OTkvMS8xIDQ3MDAvMi8xIDQ1OTkvMy8xIDQ1OTgvNC8xCmYgNDcwMC8xLzEgNDcwMS8yLzEgNDYwMC8zLzEgNDU5OS80LzEKZiA0NzAxLzEvMSA0NzAyLzIvMSA0NjAxLzMvMSA0NjAwLzQvMQpmIDQ3MDIvMS8xIDQ3MDMvMi8xIDQ2MDIvMy8xIDQ2MDEvNC8xCmYgNDcwMy8xLzEgNDcwNC8yLzEgNDYwMy8zLzEgNDYwMi80LzEKZiA0NzA0LzEvMSA0NzA1LzIvMSA0NjA0LzMvMSA0NjAzLzQvMQpmIDQ3MDUvMS8xIDQ3MDYvMi8xIDQ2MDUvMy8xIDQ2MDQvNC8xCmYgNDcwNi8xLzEgNDcwNy8yLzEgNDYwNi8zLzEgNDYwNS80LzEKZiA0NzA3LzEvMSA0NzA4LzIvMSA0NjA3LzMvMSA0NjA2LzQvMQpmIDQ3MDgvMS8xIDQ3MDkvMi8xIDQ2MDgvMy8xIDQ2MDcvNC8xCmYgNDcwOS8xLzEgNDcxMC8yLzEgNDYwOS8zLzEgNDYwOC80LzEKZiA0NzEwLzEvMSA0NzExLzIvMSA0NjEwLzMvMSA0NjA5LzQvMQpmIDQ3MTEvMS8xIDQ3MTIvMi8xIDQ2MTEvMy8xIDQ2MTAvNC8xCmYgNDcxMi8xLzEgNDcxMy8yLzEgNDYxMi8zLzEgNDYxMS80LzEKZiA0NzEzLzEvMSA0NzE0LzIvMSA0NjEzLzMvMSA0NjEyLzQvMQpmIDQ3MTQvMS8xIDQ3MTUvMi8xIDQ2MTQvMy8xIDQ2MTMvNC8xCmYgNDcxNS8xLzEgNDcxNi8yLzEgNDYxNS8zLzEgNDYxNC80LzEKZiA0NzE2LzEvMSA0NzE3LzIvMSA0NjE2LzMvMSA0NjE1LzQvMQpmIDQ3MTcvMS8xIDQ3MTgvMi8xIDQ2MTcvMy8xIDQ2MTYvNC8xCmYgNDcxOC8xLzEgNDcxOS8yLzEgNDYxOC8zLzEgNDYxNy80LzEKZiA0NzE5LzEvMSA0NzIwLzIvMSA0NjE5LzMvMSA0NjE4LzQvMQpmIDQ3MjAvMS8xIDQ3MjEvMi8xIDQ2MjAvMy8xIDQ2MTkvNC8xCmYgNDcyMS8xLzEgNDcyMi8yLzEgNDYyMS8zLzEgNDYyMC80LzEKZiA0NzIyLzEvMSA0NzIzLzIvMSA0NjIyLzMvMSA0NjIxLzQvMQpmIDQ3MjMvMS8xIDQ3MjQvMi8xIDQ2MjMvMy8xIDQ2MjIvNC8xCmYgNDcyNC8xLzEgNDcyNS8yLzEgNDYyNC8zLzEgNDYyMy80LzEKZiA0NzI1LzEvMSA0NzI2LzIvMSA0NjI1LzMvMSA0NjI0LzQvMQpmIDQ3MjYvMS8xIDQ3MjcvMi8xIDQ2MjYvMy8xIDQ2MjUvNC8xCmYgNDcyNy8xLzEgNDcyOC8yLzEgNDYyNy8zLzEgNDYyNi80LzEKZiA0NzI4LzEvMSA0NzI5LzIvMSA0NjI4LzMvMSA0NjI3LzQvMQpmIDQ3MjkvMS8xIDQ3MzAvMi8xIDQ2MjkvMy8xIDQ2MjgvNC8xCmYgNDczMC8xLzEgNDczMS8yLzEgNDYzMC8zLzEgNDYyOS80LzEKZiA0NzMxLzEvMSA0NzMyLzIvMSA0NjMxLzMvMSA0NjMwLzQvMQpmIDQ3MzIvMS8xIDQ3MzMvMi8xIDQ2MzIvMy8xIDQ2MzEvNC8xCmYgNDczMy8xLzEgNDczNC8yLzEgNDYzMy8zLzEgNDYzMi80LzEKZiA0NzM0LzEvMSA0NzM1LzIvMSA0NjM0LzMvMSA0NjMzLzQvMQpmIDQ3MzUvMS8xIDQ3MzYvMi8xIDQ2MzUvMy8xIDQ2MzQvNC8xCmYgNDczNi8xLzEgNDczNy8yLzEgNDYzNi8zLzEgNDYzNS80LzEKZiA0NzM3LzEvMSA0NzM4LzIvMSA0NjM3LzMvMSA0NjM2LzQvMQpmIDQ3MzgvMS8xIDQ3MzkvMi8xIDQ2MzgvMy8xIDQ2MzcvNC8xCmYgNDczOS8xLzEgNDc0MC8yLzEgNDYzOS8zLzEgNDYzOC80LzEKZiA0NzQwLzEvMSA0NzQxLzIvMSA0NjQwLzMvMSA0NjM5LzQvMQpmIDQ3NDEvMS8xIDQ3NDIvMi8xIDQ2NDEvMy8xIDQ2NDAvNC8xCmYgNDc0Mi8xLzEgNDc0My8yLzEgNDY0Mi8zLzEgNDY0MS80LzEKZiA0NzQzLzEvMSA0NzQ0LzIvMSA0NjQzLzMvMSA0NjQyLzQvMQpmIDQ3NDQvMS8xIDQ3NDUvMi8xIDQ2NDQvMy8xIDQ2NDMvNC8xCmYgNDc0NS8xLzEgNDc0Ni8yLzEgNDY0NS8zLzEgNDY0NC80LzEKZiA0NzQ2LzEvMSA0NzQ3LzIvMSA0NjQ2LzMvMSA0NjQ1LzQvMQpmIDQ3NDgvMS8xIDQ3NDkvMi8xIDQ2NDgvMy8xIDQ2NDcvNC8xCmYgNDc0OS8xLzEgNDc1MC8yLzEgNDY0OS8zLzEgNDY0OC80LzEKZiA0NzUwLzEvMSA0NzUxLzIvMSA0NjUwLzMvMSA0NjQ5LzQvMQpmIDQ3NTEvMS8xIDQ3NTIvMi8xIDQ2NTEvMy8xIDQ2NTAvNC8xCmYgNDc1Mi8xLzEgNDc1My8yLzEgNDY1Mi8zLzEgNDY1MS80LzEKZiA0NzUzLzEvMSA0NzU0LzIvMSA0NjUzLzMvMSA0NjUyLzQvMQpmIDQ3NTQvMS8xIDQ3NTUvMi8xIDQ2NTQvMy8xIDQ2NTMvNC8xCmYgNDc1NS8xLzEgNDc1Ni8yLzEgNDY1NS8zLzEgNDY1NC80LzEKZiA0NzU2LzEvMSA0NzU3LzIvMSA0NjU2LzMvMSA0NjU1LzQvMQpmIDQ3NTcvMS8xIDQ3NTgvMi8xIDQ2NTcvMy8xIDQ2NTYvNC8xCmYgNDc1OC8xLzEgNDc1OS8yLzEgNDY1OC8zLzEgNDY1Ny80LzEKZiA0NzU5LzEvMSA0NzYwLzIvMSA0NjU5LzMvMSA0NjU4LzQvMQpmIDQ3NjAvMS8xIDQ3NjEvMi8xIDQ2NjAvMy8xIDQ2NTkvNC8xCmYgNDc2MS8xLzEgNDc2Mi8yLzEgNDY2MS8zLzEgNDY2MC80LzEKZiA0NzYyLzEvMSA0NzYzLzIvMSA0NjYyLzMvMSA0NjYxLzQvMQpmIDQ3NjMvMS8xIDQ3NjQvMi8xIDQ2NjMvMy8xIDQ2NjIvNC8xCmYgNDc2NC8xLzEgNDc2NS8yLzEgNDY2NC8zLzEgNDY2My80LzEKZiA0NzY1LzEvMSA0NzY2LzIvMSA0NjY1LzMvMSA0NjY0LzQvMQpmIDQ3NjYvMS8xIDQ3NjcvMi8xIDQ2NjYvMy8xIDQ2NjUvNC8xCmYgNDc2Ny8xLzEgNDc2OC8yLzEgNDY2Ny8zLzEgNDY2Ni80LzEKZiA0NzY4LzEvMSA0NzY5LzIvMSA0NjY4LzMvMSA0NjY3LzQvMQpmIDQ3NjkvMS8xIDQ3NzAvMi8xIDQ2NjkvMy8xIDQ2NjgvNC8xCmYgNDc3MC8xLzEgNDc3MS8yLzEgNDY3MC8zLzEgNDY2OS80LzEKZiA0NzcxLzEvMSA0NzcyLzIvMSA0NjcxLzMvMSA0NjcwLzQvMQpmIDQ3NzIvMS8xIDQ3NzMvMi8xIDQ2NzIvMy8xIDQ2NzEvNC8xCmYgNDc3My8xLzEgNDc3NC8yLzEgNDY3My8zLzEgNDY3Mi80LzEKZiA0Nzc0LzEvMSA0Nzc1LzIvMSA0Njc0LzMvMSA0NjczLzQvMQpmIDQ3NzUvMS8xIDQ3NzYvMi8xIDQ2NzUvMy8xIDQ2NzQvNC8xCmYgNDc3Ni8xLzEgNDc3Ny8yLzEgNDY3Ni8zLzEgNDY3NS80LzEKZiA0Nzc3LzEvMSA0Nzc4LzIvMSA0Njc3LzMvMSA0Njc2LzQvMQpmIDQ3NzgvMS8xIDQ3NzkvMi8xIDQ2NzgvMy8xIDQ2NzcvNC8xCmYgNDc3OS8xLzEgNDc4MC8yLzEgNDY3OS8zLzEgNDY3OC80LzEKZiA0NzgwLzEvMSA0NzgxLzIvMSA0NjgwLzMvMSA0Njc5LzQvMQpmIDQ3ODEvMS8xIDQ3ODIvMi8xIDQ2ODEvMy8xIDQ2ODAvNC8xCmYgNDc4Mi8xLzEgNDc4My8yLzEgNDY4Mi8zLzEgNDY4MS80LzEKZiA0NzgzLzEvMSA0Nzg0LzIvMSA0NjgzLzMvMSA0NjgyLzQvMQpmIDQ3ODQvMS8xIDQ3ODUvMi8xIDQ2ODQvMy8xIDQ2ODMvNC8xCmYgNDc4NS8xLzEgNDc4Ni8yLzEgNDY4NS8zLzEgNDY4NC80LzEKZiA0Nzg2LzEvMSA0Nzg3LzIvMSA0Njg2LzMvMSA0Njg1LzQvMQpmIDQ3ODcvMS8xIDQ3ODgvMi8xIDQ2ODcvMy8xIDQ2ODYvNC8xCmYgNDc4OC8xLzEgNDc4OS8yLzEgNDY4OC8zLzEgNDY4Ny80LzEKZiA0Nzg5LzEvMSA0NzkwLzIvMSA0Njg5LzMvMSA0Njg4LzQvMQpmIDQ3OTAvMS8xIDQ3OTEvMi8xIDQ2OTAvMy8xIDQ2ODkvNC8xCmYgNDc5MS8xLzEgNDc5Mi8yLzEgNDY5MS8zLzEgNDY5MC80LzEKZiA0NzkyLzEvMSA0NzkzLzIvMSA0NjkyLzMvMSA0NjkxLzQvMQpmIDQ3OTMvMS8xIDQ3OTQvMi8xIDQ2OTMvMy8xIDQ2OTIvNC8xCmYgNDc5NC8xLzEgNDc5NS8yLzEgNDY5NC8zLzEgNDY5My80LzEKZiA0Nzk1LzEvMSA0Nzk2LzIvMSA0Njk1LzMvMSA0Njk0LzQvMQpmIDQ3OTYvMS8xIDQ3OTcvMi8xIDQ2OTYvMy8xIDQ2OTUvNC8xCmYgNDc5Ny8xLzEgNDc5OC8yLzEgNDY5Ny8zLzEgNDY5Ni80LzEKZiA0Nzk4LzEvMSA0Nzk5LzIvMSA0Njk4LzMvMSA0Njk3LzQvMQpmIDQ3OTkvMS8xIDQ4MDAvMi8xIDQ2OTkvMy8xIDQ2OTgvNC8xCmYgNDgwMC8xLzEgNDgwMS8yLzEgNDcwMC8zLzEgNDY5OS80LzEKZiA0ODAxLzEvMSA0ODAyLzIvMSA0NzAxLzMvMSA0NzAwLzQvMQpmIDQ4MDIvMS8xIDQ4MDMvMi8xIDQ3MDIvMy8xIDQ3MDEvNC8xCmYgNDgwMy8xLzEgNDgwNC8yLzEgNDcwMy8zLzEgNDcwMi80LzEKZiA0ODA0LzEvMSA0ODA1LzIvMSA0NzA0LzMvMSA0NzAzLzQvMQpmIDQ4MDUvMS8xIDQ4MDYvMi8xIDQ3MDUvMy8xIDQ3MDQvNC8xCmYgNDgwNi8xLzEgNDgwNy8yLzEgNDcwNi8zLzEgNDcwNS80LzEKZiA0ODA3LzEvMSA0ODA4LzIvMSA0NzA3LzMvMSA0NzA2LzQvMQpmIDQ4MDgvMS8xIDQ4MDkvMi8xIDQ3MDgvMy8xIDQ3MDcvNC8xCmYgNDgwOS8xLzEgNDgxMC8yLzEgNDcwOS8zLzEgNDcwOC80LzEKZiA0ODEwLzEvMSA0ODExLzIvMSA0NzEwLzMvMSA0NzA5LzQvMQpmIDQ4MTEvMS8xIDQ4MTIvMi8xIDQ3MTEvMy8xIDQ3MTAvNC8xCmYgNDgxMi8xLzEgNDgxMy8yLzEgNDcxMi8zLzEgNDcxMS80LzEKZiA0ODEzLzEvMSA0ODE0LzIvMSA0NzEzLzMvMSA0NzEyLzQvMQpmIDQ4MTQvMS8xIDQ4MTUvMi8xIDQ3MTQvMy8xIDQ3MTMvNC8xCmYgNDgxNS8xLzEgNDgxNi8yLzEgNDcxNS8zLzEgNDcxNC80LzEKZiA0ODE2LzEvMSA0ODE3LzIvMSA0NzE2LzMvMSA0NzE1LzQvMQpmIDQ4MTcvMS8xIDQ4MTgvMi8xIDQ3MTcvMy8xIDQ3MTYvNC8xCmYgNDgxOC8xLzEgNDgxOS8yLzEgNDcxOC8zLzEgNDcxNy80LzEKZiA0ODE5LzEvMSA0ODIwLzIvMSA0NzE5LzMvMSA0NzE4LzQvMQpmIDQ4MjAvMS8xIDQ4MjEvMi8xIDQ3MjAvMy8xIDQ3MTkvNC8xCmYgNDgyMS8xLzEgNDgyMi8yLzEgNDcyMS8zLzEgNDcyMC80LzEKZiA0ODIyLzEvMSA0ODIzLzIvMSA0NzIyLzMvMSA0NzIxLzQvMQpmIDQ4MjMvMS8xIDQ4MjQvMi8xIDQ3MjMvMy8xIDQ3MjIvNC8xCmYgNDgyNC8xLzEgNDgyNS8yLzEgNDcyNC8zLzEgNDcyMy80LzEKZiA0ODI1LzEvMSA0ODI2LzIvMSA0NzI1LzMvMSA0NzI0LzQvMQpmIDQ4MjYvMS8xIDQ4MjcvMi8xIDQ3MjYvMy8xIDQ3MjUvNC8xCmYgNDgyNy8xLzEgNDgyOC8yLzEgNDcyNy8zLzEgNDcyNi80LzEKZiA0ODI4LzEvMSA0ODI5LzIvMSA0NzI4LzMvMSA0NzI3LzQvMQpmIDQ4MjkvMS8xIDQ4MzAvMi8xIDQ3MjkvMy8xIDQ3MjgvNC8xCmYgNDgzMC8xLzEgNDgzMS8yLzEgNDczMC8zLzEgNDcyOS80LzEKZiA0ODMxLzEvMSA0ODMyLzIvMSA0NzMxLzMvMSA0NzMwLzQvMQpmIDQ4MzIvMS8xIDQ4MzMvMi8xIDQ3MzIvMy8xIDQ3MzEvNC8xCmYgNDgzMy8xLzEgNDgzNC8yLzEgNDczMy8zLzEgNDczMi80LzEKZiA0ODM0LzEvMSA0ODM1LzIvMSA0NzM0LzMvMSA0NzMzLzQvMQpmIDQ4MzUvMS8xIDQ4MzYvMi8xIDQ3MzUvMy8xIDQ3MzQvNC8xCmYgNDgzNi8xLzEgNDgzNy8yLzEgNDczNi8zLzEgNDczNS80LzEKZiA0ODM3LzEvMSA0ODM4LzIvMSA0NzM3LzMvMSA0NzM2LzQvMQpmIDQ4MzgvMS8xIDQ4MzkvMi8xIDQ3MzgvMy8xIDQ3MzcvNC8xCmYgNDgzOS8xLzEgNDg0MC8yLzEgNDczOS8zLzEgNDczOC80LzEKZiA0ODQwLzEvMSA0ODQxLzIvMSA0NzQwLzMvMSA0NzM5LzQvMQpmIDQ4NDEvMS8xIDQ4NDIvMi8xIDQ3NDEvMy8xIDQ3NDAvNC8xCmYgNDg0Mi8xLzEgNDg0My8yLzEgNDc0Mi8zLzEgNDc0MS80LzEKZiA0ODQzLzEvMSA0ODQ0LzIvMSA0NzQzLzMvMSA0NzQyLzQvMQpmIDQ4NDQvMS8xIDQ4NDUvMi8xIDQ3NDQvMy8xIDQ3NDMvNC8xCmYgNDg0NS8xLzEgNDg0Ni8yLzEgNDc0NS8zLzEgNDc0NC80LzEKZiA0ODQ2LzEvMSA0ODQ3LzIvMSA0NzQ2LzMvMSA0NzQ1LzQvMQpmIDQ4NDcvMS8xIDQ4NDgvMi8xIDQ3NDcvMy8xIDQ3NDYvNC8xCmYgNDg0OS8xLzEgNDg1MC8yLzEgNDc0OS8zLzEgNDc0OC80LzEKZiA0ODUwLzEvMSA0ODUxLzIvMSA0NzUwLzMvMSA0NzQ5LzQvMQpmIDQ4NTEvMS8xIDQ4NTIvMi8xIDQ3NTEvMy8xIDQ3NTAvNC8xCmYgNDg1Mi8xLzEgNDg1My8yLzEgNDc1Mi8zLzEgNDc1MS80LzEKZiA0ODUzLzEvMSA0ODU0LzIvMSA0NzUzLzMvMSA0NzUyLzQvMQpmIDQ4NTQvMS8xIDQ4NTUvMi8xIDQ3NTQvMy8xIDQ3NTMvNC8xCmYgNDg1NS8xLzEgNDg1Ni8yLzEgNDc1NS8zLzEgNDc1NC80LzEKZiA0ODU2LzEvMSA0ODU3LzIvMSA0NzU2LzMvMSA0NzU1LzQvMQpmIDQ4NTcvMS8xIDQ4NTgvMi8xIDQ3NTcvMy8xIDQ3NTYvNC8xCmYgNDg1OC8xLzEgNDg1OS8yLzEgNDc1OC8zLzEgNDc1Ny80LzEKZiA0ODU5LzEvMSA0ODYwLzIvMSA0NzU5LzMvMSA0NzU4LzQvMQpmIDQ4NjAvMS8xIDQ4NjEvMi8xIDQ3NjAvMy8xIDQ3NTkvNC8xCmYgNDg2MS8xLzEgNDg2Mi8yLzEgNDc2MS8zLzEgNDc2MC80LzEKZiA0ODYyLzEvMSA0ODYzLzIvMSA0NzYyLzMvMSA0NzYxLzQvMQpmIDQ4NjMvMS8xIDQ4NjQvMi8xIDQ3NjMvMy8xIDQ3NjIvNC8xCmYgNDg2NC8xLzEgNDg2NS8yLzEgNDc2NC8zLzEgNDc2My80LzEKZiA0ODY1LzEvMSA0ODY2LzIvMSA0NzY1LzMvMSA0NzY0LzQvMQpmIDQ4NjYvMS8xIDQ4NjcvMi8xIDQ3NjYvMy8xIDQ3NjUvNC8xCmYgNDg2Ny8xLzEgNDg2OC8yLzEgNDc2Ny8zLzEgNDc2Ni80LzEKZiA0ODY4LzEvMSA0ODY5LzIvMSA0NzY4LzMvMSA0NzY3LzQvMQpmIDQ4NjkvMS8xIDQ4NzAvMi8xIDQ3NjkvMy8xIDQ3NjgvNC8xCmYgNDg3MC8xLzEgNDg3MS8yLzEgNDc3MC8zLzEgNDc2OS80LzEKZiA0ODcxLzEvMSA0ODcyLzIvMSA0NzcxLzMvMSA0NzcwLzQvMQpmIDQ4NzIvMS8xIDQ4NzMvMi8xIDQ3NzIvMy8xIDQ3NzEvNC8xCmYgNDg3My8xLzEgNDg3NC8yLzEgNDc3My8zLzEgNDc3Mi80LzEKZiA0ODc0LzEvMSA0ODc1LzIvMSA0Nzc0LzMvMSA0NzczLzQvMQpmIDQ4NzUvMS8xIDQ4NzYvMi8xIDQ3NzUvMy8xIDQ3NzQvNC8xCmYgNDg3Ni8xLzEgNDg3Ny8yLzEgNDc3Ni8zLzEgNDc3NS80LzEKZiA0ODc3LzEvMSA0ODc4LzIvMSA0Nzc3LzMvMSA0Nzc2LzQvMQpmIDQ4NzgvMS8xIDQ4NzkvMi8xIDQ3NzgvMy8xIDQ3NzcvNC8xCmYgNDg3OS8xLzEgNDg4MC8yLzEgNDc3OS8zLzEgNDc3OC80LzEKZiA0ODgwLzEvMSA0ODgxLzIvMSA0NzgwLzMvMSA0Nzc5LzQvMQpmIDQ4ODEvMS8xIDQ4ODIvMi8xIDQ3ODEvMy8xIDQ3ODAvNC8xCmYgNDg4Mi8xLzEgNDg4My8yLzEgNDc4Mi8zLzEgNDc4MS80LzEKZiA0ODgzLzEvMSA0ODg0LzIvMSA0NzgzLzMvMSA0NzgyLzQvMQpmIDQ4ODQvMS8xIDQ4ODUvMi8xIDQ3ODQvMy8xIDQ3ODMvNC8xCmYgNDg4NS8xLzEgNDg4Ni8yLzEgNDc4NS8zLzEgNDc4NC80LzEKZiA0ODg2LzEvMSA0ODg3LzIvMSA0Nzg2LzMvMSA0Nzg1LzQvMQpmIDQ4ODcvMS8xIDQ4ODgvMi8xIDQ3ODcvMy8xIDQ3ODYvNC8xCmYgNDg4OC8xLzEgNDg4OS8yLzEgNDc4OC8zLzEgNDc4Ny80LzEKZiA0ODg5LzEvMSA0ODkwLzIvMSA0Nzg5LzMvMSA0Nzg4LzQvMQpmIDQ4OTAvMS8xIDQ4OTEvMi8xIDQ3OTAvMy8xIDQ3ODkvNC8xCmYgNDg5MS8xLzEgNDg5Mi8yLzEgNDc5MS8zLzEgNDc5MC80LzEKZiA0ODkyLzEvMSA0ODkzLzIvMSA0NzkyLzMvMSA0NzkxLzQvMQpmIDQ4OTMvMS8xIDQ4OTQvMi8xIDQ3OTMvMy8xIDQ3OTIvNC8xCmYgNDg5NC8xLzEgNDg5NS8yLzEgNDc5NC8zLzEgNDc5My80LzEKZiA0ODk1LzEvMSA0ODk2LzIvMSA0Nzk1LzMvMSA0Nzk0LzQvMQpmIDQ4OTYvMS8xIDQ4OTcvMi8xIDQ3OTYvMy8xIDQ3OTUvNC8xCmYgNDg5Ny8xLzEgNDg5OC8yLzEgNDc5Ny8zLzEgNDc5Ni80LzEKZiA0ODk4LzEvMSA0ODk5LzIvMSA0Nzk4LzMvMSA0Nzk3LzQvMQpmIDQ4OTkvMS8xIDQ5MDAvMi8xIDQ3OTkvMy8xIDQ3OTgvNC8xCmYgNDkwMC8xLzEgNDkwMS8yLzEgNDgwMC8zLzEgNDc5OS80LzEKZiA0OTAxLzEvMSA0OTAyLzIvMSA0ODAxLzMvMSA0ODAwLzQvMQpmIDQ5MDIvMS8xIDQ5MDMvMi8xIDQ4MDIvMy8xIDQ4MDEvNC8xCmYgNDkwMy8xLzEgNDkwNC8yLzEgNDgwMy8zLzEgNDgwMi80LzEKZiA0OTA0LzEvMSA0OTA1LzIvMSA0ODA0LzMvMSA0ODAzLzQvMQpmIDQ5MDUvMS8xIDQ5MDYvMi8xIDQ4MDUvMy8xIDQ4MDQvNC8xCmYgNDkwNi8xLzEgNDkwNy8yLzEgNDgwNi8zLzEgNDgwNS80LzEKZiA0OTA3LzEvMSA0OTA4LzIvMSA0ODA3LzMvMSA0ODA2LzQvMQpmIDQ5MDgvMS8xIDQ5MDkvMi8xIDQ4MDgvMy8xIDQ4MDcvNC8xCmYgNDkwOS8xLzEgNDkxMC8yLzEgNDgwOS8zLzEgNDgwOC80LzEKZiA0OTEwLzEvMSA0OTExLzIvMSA0ODEwLzMvMSA0ODA5LzQvMQpmIDQ5MTEvMS8xIDQ5MTIvMi8xIDQ4MTEvMy8xIDQ4MTAvNC8xCmYgNDkxMi8xLzEgNDkxMy8yLzEgNDgxMi8zLzEgNDgxMS80LzEKZiA0OTEzLzEvMSA0OTE0LzIvMSA0ODEzLzMvMSA0ODEyLzQvMQpmIDQ5MTQvMS8xIDQ5MTUvMi8xIDQ4MTQvMy8xIDQ4MTMvNC8xCmYgNDkxNS8xLzEgNDkxNi8yLzEgNDgxNS8zLzEgNDgxNC80LzEKZiA0OTE2LzEvMSA0OTE3LzIvMSA0ODE2LzMvMSA0ODE1LzQvMQpmIDQ5MTcvMS8xIDQ5MTgvMi8xIDQ4MTcvMy8xIDQ4MTYvNC8xCmYgNDkxOC8xLzEgNDkxOS8yLzEgNDgxOC8zLzEgNDgxNy80LzEKZiA0OTE5LzEvMSA0OTIwLzIvMSA0ODE5LzMvMSA0ODE4LzQvMQpmIDQ5MjAvMS8xIDQ5MjEvMi8xIDQ4MjAvMy8xIDQ4MTkvNC8xCmYgNDkyMS8xLzEgNDkyMi8yLzEgNDgyMS8zLzEgNDgyMC80LzEKZiA0OTIyLzEvMSA0OTIzLzIvMSA0ODIyLzMvMSA0ODIxLzQvMQpmIDQ5MjMvMS8xIDQ5MjQvMi8xIDQ4MjMvMy8xIDQ4MjIvNC8xCmYgNDkyNC8xLzEgNDkyNS8yLzEgNDgyNC8zLzEgNDgyMy80LzEKZiA0OTI1LzEvMSA0OTI2LzIvMSA0ODI1LzMvMSA0ODI0LzQvMQpmIDQ5MjYvMS8xIDQ5MjcvMi8xIDQ4MjYvMy8xIDQ4MjUvNC8xCmYgNDkyNy8xLzEgNDkyOC8yLzEgNDgyNy8zLzEgNDgyNi80LzEKZiA0OTI4LzEvMSA0OTI5LzIvMSA0ODI4LzMvMSA0ODI3LzQvMQpmIDQ5MjkvMS8xIDQ5MzAvMi8xIDQ4MjkvMy8xIDQ4MjgvNC8xCmYgNDkzMC8xLzEgNDkzMS8yLzEgNDgzMC8zLzEgNDgyOS80LzEKZiA0OTMxLzEvMSA0OTMyLzIvMSA0ODMxLzMvMSA0ODMwLzQvMQpmIDQ5MzIvMS8xIDQ5MzMvMi8xIDQ4MzIvMy8xIDQ4MzEvNC8xCmYgNDkzMy8xLzEgNDkzNC8yLzEgNDgzMy8zLzEgNDgzMi80LzEKZiA0OTM0LzEvMSA0OTM1LzIvMSA0ODM0LzMvMSA0ODMzLzQvMQpmIDQ5MzUvMS8xIDQ5MzYvMi8xIDQ4MzUvMy8xIDQ4MzQvNC8xCmYgNDkzNi8xLzEgNDkzNy8yLzEgNDgzNi8zLzEgNDgzNS80LzEKZiA0OTM3LzEvMSA0OTM4LzIvMSA0ODM3LzMvMSA0ODM2LzQvMQpmIDQ5MzgvMS8xIDQ5MzkvMi8xIDQ4MzgvMy8xIDQ4MzcvNC8xCmYgNDkzOS8xLzEgNDk0MC8yLzEgNDgzOS8zLzEgNDgzOC80LzEKZiA0OTQwLzEvMSA0OTQxLzIvMSA0ODQwLzMvMSA0ODM5LzQvMQpmIDQ5NDEvMS8xIDQ5NDIvMi8xIDQ4NDEvMy8xIDQ4NDAvNC8xCmYgNDk0Mi8xLzEgNDk0My8yLzEgNDg0Mi8zLzEgNDg0MS80LzEKZiA0OTQzLzEvMSA0OTQ0LzIvMSA0ODQzLzMvMSA0ODQyLzQvMQpmIDQ5NDQvMS8xIDQ5NDUvMi8xIDQ4NDQvMy8xIDQ4NDMvNC8xCmYgNDk0NS8xLzEgNDk0Ni8yLzEgNDg0NS8zLzEgNDg0NC80LzEKZiA0OTQ2LzEvMSA0OTQ3LzIvMSA0ODQ2LzMvMSA0ODQ1LzQvMQpmIDQ5NDcvMS8xIDQ5NDgvMi8xIDQ4NDcvMy8xIDQ4NDYvNC8xCmYgNDk0OC8xLzEgNDk0OS8yLzEgNDg0OC8zLzEgNDg0Ny80LzEKZiA0OTUwLzEvMSA0OTUxLzIvMSA0ODUwLzMvMSA0ODQ5LzQvMQpmIDQ5NTEvMS8xIDQ5NTIvMi8xIDQ4NTEvMy8xIDQ4NTAvNC8xCmYgNDk1Mi8xLzEgNDk1My8yLzEgNDg1Mi8zLzEgNDg1MS80LzEKZiA0OTUzLzEvMSA0OTU0LzIvMSA0ODUzLzMvMSA0ODUyLzQvMQpmIDQ5NTQvMS8xIDQ5NTUvMi8xIDQ4NTQvMy8xIDQ4NTMvNC8xCmYgNDk1NS8xLzEgNDk1Ni8yLzEgNDg1NS8zLzEgNDg1NC80LzEKZiA0OTU2LzEvMSA0OTU3LzIvMSA0ODU2LzMvMSA0ODU1LzQvMQpmIDQ5NTcvMS8xIDQ5NTgvMi8xIDQ4NTcvMy8xIDQ4NTYvNC8xCmYgNDk1OC8xLzEgNDk1OS8yLzEgNDg1OC8zLzEgNDg1Ny80LzEKZiA0OTU5LzEvMSA0OTYwLzIvMSA0ODU5LzMvMSA0ODU4LzQvMQpmIDQ5NjAvMS8xIDQ5NjEvMi8xIDQ4NjAvMy8xIDQ4NTkvNC8xCmYgNDk2MS8xLzEgNDk2Mi8yLzEgNDg2MS8zLzEgNDg2MC80LzEKZiA0OTYyLzEvMSA0OTYzLzIvMSA0ODYyLzMvMSA0ODYxLzQvMQpmIDQ5NjMvMS8xIDQ5NjQvMi8xIDQ4NjMvMy8xIDQ4NjIvNC8xCmYgNDk2NC8xLzEgNDk2NS8yLzEgNDg2NC8zLzEgNDg2My80LzEKZiA0OTY1LzEvMSA0OTY2LzIvMSA0ODY1LzMvMSA0ODY0LzQvMQpmIDQ5NjYvMS8xIDQ5NjcvMi8xIDQ4NjYvMy8xIDQ4NjUvNC8xCmYgNDk2Ny8xLzEgNDk2OC8yLzEgNDg2Ny8zLzEgNDg2Ni80LzEKZiA0OTY4LzEvMSA0OTY5LzIvMSA0ODY4LzMvMSA0ODY3LzQvMQpmIDQ5NjkvMS8xIDQ5NzAvMi8xIDQ4NjkvMy8xIDQ4NjgvNC8xCmYgNDk3MC8xLzEgNDk3MS8yLzEgNDg3MC8zLzEgNDg2OS80LzEKZiA0OTcxLzEvMSA0OTcyLzIvMSA0ODcxLzMvMSA0ODcwLzQvMQpmIDQ5NzIvMS8xIDQ5NzMvMi8xIDQ4NzIvMy8xIDQ4NzEvNC8xCmYgNDk3My8xLzEgNDk3NC8yLzEgNDg3My8zLzEgNDg3Mi80LzEKZiA0OTc0LzEvMSA0OTc1LzIvMSA0ODc0LzMvMSA0ODczLzQvMQpmIDQ5NzUvMS8xIDQ5NzYvMi8xIDQ4NzUvMy8xIDQ4NzQvNC8xCmYgNDk3Ni8xLzEgNDk3Ny8yLzEgNDg3Ni8zLzEgNDg3NS80LzEKZiA0OTc3LzEvMSA0OTc4LzIvMSA0ODc3LzMvMSA0ODc2LzQvMQpmIDQ5NzgvMS8xIDQ5NzkvMi8xIDQ4NzgvMy8xIDQ4NzcvNC8xCmYgNDk3OS8xLzEgNDk4MC8yLzEgNDg3OS8zLzEgNDg3OC80LzEKZiA0OTgwLzEvMSA0OTgxLzIvMSA0ODgwLzMvMSA0ODc5LzQvMQpmIDQ5ODEvMS8xIDQ5ODIvMi8xIDQ4ODEvMy8xIDQ4ODAvNC8xCmYgNDk4Mi8xLzEgNDk4My8yLzEgNDg4Mi8zLzEgNDg4MS80LzEKZiA0OTgzLzEvMSA0OTg0LzIvMSA0ODgzLzMvMSA0ODgyLzQvMQpmIDQ5ODQvMS8xIDQ5ODUvMi8xIDQ4ODQvMy8xIDQ4ODMvNC8xCmYgNDk4NS8xLzEgNDk4Ni8yLzEgNDg4NS8zLzEgNDg4NC80LzEKZiA0OTg2LzEvMSA0OTg3LzIvMSA0ODg2LzMvMSA0ODg1LzQvMQpmIDQ5ODcvMS8xIDQ5ODgvMi8xIDQ4ODcvMy8xIDQ4ODYvNC8xCmYgNDk4OC8xLzEgNDk4OS8yLzEgNDg4OC8zLzEgNDg4Ny80LzEKZiA0OTg5LzEvMSA0OTkwLzIvMSA0ODg5LzMvMSA0ODg4LzQvMQpmIDQ5OTAvMS8xIDQ5OTEvMi8xIDQ4OTAvMy8xIDQ4ODkvNC8xCmYgNDk5MS8xLzEgNDk5Mi8yLzEgNDg5MS8zLzEgNDg5MC80LzEKZiA0OTkyLzEvMSA0OTkzLzIvMSA0ODkyLzMvMSA0ODkxLzQvMQpmIDQ5OTMvMS8xIDQ5OTQvMi8xIDQ4OTMvMy8xIDQ4OTIvNC8xCmYgNDk5NC8xLzEgNDk5NS8yLzEgNDg5NC8zLzEgNDg5My80LzEKZiA0OTk1LzEvMSA0OTk2LzIvMSA0ODk1LzMvMSA0ODk0LzQvMQpmIDQ5OTYvMS8xIDQ5OTcvMi8xIDQ4OTYvMy8xIDQ4OTUvNC8xCmYgNDk5Ny8xLzEgNDk5OC8yLzEgNDg5Ny8zLzEgNDg5Ni80LzEKZiA0OTk4LzEvMSA0OTk5LzIvMSA0ODk4LzMvMSA0ODk3LzQvMQpmIDQ5OTkvMS8xIDUwMDAvMi8xIDQ4OTkvMy8xIDQ4OTgvNC8xCmYgNTAwMC8xLzEgNTAwMS8yLzEgNDkwMC8zLzEgNDg5OS80LzEKZiA1MDAxLzEvMSA1MDAyLzIvMSA0OTAxLzMvMSA0OTAwLzQvMQpmIDUwMDIvMS8xIDUwMDMvMi8xIDQ5MDIvMy8xIDQ5MDEvNC8xCmYgNTAwMy8xLzEgNTAwNC8yLzEgNDkwMy8zLzEgNDkwMi80LzEKZiA1MDA0LzEvMSA1MDA1LzIvMSA0OTA0LzMvMSA0OTAzLzQvMQpmIDUwMDUvMS8xIDUwMDYvMi8xIDQ5MDUvMy8xIDQ5MDQvNC8xCmYgNTAwNi8xLzEgNTAwNy8yLzEgNDkwNi8zLzEgNDkwNS80LzEKZiA1MDA3LzEvMSA1MDA4LzIvMSA0OTA3LzMvMSA0OTA2LzQvMQpmIDUwMDgvMS8xIDUwMDkvMi8xIDQ5MDgvMy8xIDQ5MDcvNC8xCmYgNTAwOS8xLzEgNTAxMC8yLzEgNDkwOS8zLzEgNDkwOC80LzEKZiA1MDEwLzEvMSA1MDExLzIvMSA0OTEwLzMvMSA0OTA5LzQvMQpmIDUwMTEvMS8xIDUwMTIvMi8xIDQ5MTEvMy8xIDQ5MTAvNC8xCmYgNTAxMi8xLzEgNTAxMy8yLzEgNDkxMi8zLzEgNDkxMS80LzEKZiA1MDEzLzEvMSA1MDE0LzIvMSA0OTEzLzMvMSA0OTEyLzQvMQpmIDUwMTQvMS8xIDUwMTUvMi8xIDQ5MTQvMy8xIDQ5MTMvNC8xCmYgNTAxNS8xLzEgNTAxNi8yLzEgNDkxNS8zLzEgNDkxNC80LzEKZiA1MDE2LzEvMSA1MDE3LzIvMSA0OTE2LzMvMSA0OTE1LzQvMQpmIDUwMTcvMS8xIDUwMTgvMi8xIDQ5MTcvMy8xIDQ5MTYvNC8xCmYgNTAxOC8xLzEgNTAxOS8yLzEgNDkxOC8zLzEgNDkxNy80LzEKZiA1MDE5LzEvMSA1MDIwLzIvMSA0OTE5LzMvMSA0OTE4LzQvMQpmIDUwMjAvMS8xIDUwMjEvMi8xIDQ5MjAvMy8xIDQ5MTkvNC8xCmYgNTAyMS8xLzEgNTAyMi8yLzEgNDkyMS8zLzEgNDkyMC80LzEKZiA1MDIyLzEvMSA1MDIzLzIvMSA0OTIyLzMvMSA0OTIxLzQvMQpmIDUwMjMvMS8xIDUwMjQvMi8xIDQ5MjMvMy8xIDQ5MjIvNC8xCmYgNTAyNC8xLzEgNTAyNS8yLzEgNDkyNC8zLzEgNDkyMy80LzEKZiA1MDI1LzEvMSA1MDI2LzIvMSA0OTI1LzMvMSA0OTI0LzQvMQpmIDUwMjYvMS8xIDUwMjcvMi8xIDQ5MjYvMy8xIDQ5MjUvNC8xCmYgNTAyNy8xLzEgNTAyOC8yLzEgNDkyNy8zLzEgNDkyNi80LzEKZiA1MDI4LzEvMSA1MDI5LzIvMSA0OTI4LzMvMSA0OTI3LzQvMQpmIDUwMjkvMS8xIDUwMzAvMi8xIDQ5MjkvMy8xIDQ5MjgvNC8xCmYgNTAzMC8xLzEgNTAzMS8yLzEgNDkzMC8zLzEgNDkyOS80LzEKZiA1MDMxLzEvMSA1MDMyLzIvMSA0OTMxLzMvMSA0OTMwLzQvMQpmIDUwMzIvMS8xIDUwMzMvMi8xIDQ5MzIvMy8xIDQ5MzEvNC8xCmYgNTAzMy8xLzEgNTAzNC8yLzEgNDkzMy8zLzEgNDkzMi80LzEKZiA1MDM0LzEvMSA1MDM1LzIvMSA0OTM0LzMvMSA0OTMzLzQvMQpmIDUwMzUvMS8xIDUwMzYvMi8xIDQ5MzUvMy8xIDQ5MzQvNC8xCmYgNTAzNi8xLzEgNTAzNy8yLzEgNDkzNi8zLzEgNDkzNS80LzEKZiA1MDM3LzEvMSA1MDM4LzIvMSA0OTM3LzMvMSA0OTM2LzQvMQpmIDUwMzgvMS8xIDUwMzkvMi8xIDQ5MzgvMy8xIDQ5MzcvNC8xCmYgNTAzOS8xLzEgNTA0MC8yLzEgNDkzOS8zLzEgNDkzOC80LzEKZiA1MDQwLzEvMSA1MDQxLzIvMSA0OTQwLzMvMSA0OTM5LzQvMQpmIDUwNDEvMS8xIDUwNDIvMi8xIDQ5NDEvMy8xIDQ5NDAvNC8xCmYgNTA0Mi8xLzEgNTA0My8yLzEgNDk0Mi8zLzEgNDk0MS80LzEKZiA1MDQzLzEvMSA1MDQ0LzIvMSA0OTQzLzMvMSA0OTQyLzQvMQpmIDUwNDQvMS8xIDUwNDUvMi8xIDQ5NDQvMy8xIDQ5NDMvNC8xCmYgNTA0NS8xLzEgNTA0Ni8yLzEgNDk0NS8zLzEgNDk0NC80LzEKZiA1MDQ2LzEvMSA1MDQ3LzIvMSA0OTQ2LzMvMSA0OTQ1LzQvMQpmIDUwNDcvMS8xIDUwNDgvMi8xIDQ5NDcvMy8xIDQ5NDYvNC8xCmYgNTA0OC8xLzEgNTA0OS8yLzEgNDk0OC8zLzEgNDk0Ny80LzEKZiA1MDQ5LzEvMSA1MDUwLzIvMSA0OTQ5LzMvMSA0OTQ4LzQvMQpmIDUwNTEvMS8xIDUwNTIvMi8xIDQ5NTEvMy8xIDQ5NTAvNC8xCmYgNTA1Mi8xLzEgNTA1My8yLzEgNDk1Mi8zLzEgNDk1MS80LzEKZiA1MDUzLzEvMSA1MDU0LzIvMSA0OTUzLzMvMSA0OTUyLzQvMQpmIDUwNTQvMS8xIDUwNTUvMi8xIDQ5NTQvMy8xIDQ5NTMvNC8xCmYgNTA1NS8xLzEgNTA1Ni8yLzEgNDk1NS8zLzEgNDk1NC80LzEKZiA1MDU2LzEvMSA1MDU3LzIvMSA0OTU2LzMvMSA0OTU1LzQvMQpmIDUwNTcvMS8xIDUwNTgvMi8xIDQ5NTcvMy8xIDQ5NTYvNC8xCmYgNTA1OC8xLzEgNTA1OS8yLzEgNDk1OC8zLzEgNDk1Ny80LzEKZiA1MDU5LzEvMSA1MDYwLzIvMSA0OTU5LzMvMSA0OTU4LzQvMQpmIDUwNjAvMS8xIDUwNjEvMi8xIDQ5NjAvMy8xIDQ5NTkvNC8xCmYgNTA2MS8xLzEgNTA2Mi8yLzEgNDk2MS8zLzEgNDk2MC80LzEKZiA1MDYyLzEvMSA1MDYzLzIvMSA0OTYyLzMvMSA0OTYxLzQvMQpmIDUwNjMvMS8xIDUwNjQvMi8xIDQ5NjMvMy8xIDQ5NjIvNC8xCmYgNTA2NC8xLzEgNTA2NS8yLzEgNDk2NC8zLzEgNDk2My80LzEKZiA1MDY1LzEvMSA1MDY2LzIvMSA0OTY1LzMvMSA0OTY0LzQvMQpmIDUwNjYvMS8xIDUwNjcvMi8xIDQ5NjYvMy8xIDQ5NjUvNC8xCmYgNTA2Ny8xLzEgNTA2OC8yLzEgNDk2Ny8zLzEgNDk2Ni80LzEKZiA1MDY4LzEvMSA1MDY5LzIvMSA0OTY4LzMvMSA0OTY3LzQvMQpmIDUwNjkvMS8xIDUwNzAvMi8xIDQ5NjkvMy8xIDQ5NjgvNC8xCmYgNTA3MC8xLzEgNTA3MS8yLzEgNDk3MC8zLzEgNDk2OS80LzEKZiA1MDcxLzEvMSA1MDcyLzIvMSA0OTcxLzMvMSA0OTcwLzQvMQpmIDUwNzIvMS8xIDUwNzMvMi8xIDQ5NzIvMy8xIDQ5NzEvNC8xCmYgNTA3My8xLzEgNTA3NC8yLzEgNDk3My8zLzEgNDk3Mi80LzEKZiA1MDc0LzEvMSA1MDc1LzIvMSA0OTc0LzMvMSA0OTczLzQvMQpmIDUwNzUvMS8xIDUwNzYvMi8xIDQ5NzUvMy8xIDQ5NzQvNC8xCmYgNTA3Ni8xLzEgNTA3Ny8yLzEgNDk3Ni8zLzEgNDk3NS80LzEKZiA1MDc3LzEvMSA1MDc4LzIvMSA0OTc3LzMvMSA0OTc2LzQvMQpmIDUwNzgvMS8xIDUwNzkvMi8xIDQ5NzgvMy8xIDQ5NzcvNC8xCmYgNTA3OS8xLzEgNTA4MC8yLzEgNDk3OS8zLzEgNDk3OC80LzEKZiA1MDgwLzEvMSA1MDgxLzIvMSA0OTgwLzMvMSA0OTc5LzQvMQpmIDUwODEvMS8xIDUwODIvMi8xIDQ5ODEvMy8xIDQ5ODAvNC8xCmYgNTA4Mi8xLzEgNTA4My8yLzEgNDk4Mi8zLzEgNDk4MS80LzEKZiA1MDgzLzEvMSA1MDg0LzIvMSA0OTgzLzMvMSA0OTgyLzQvMQpmIDUwODQvMS8xIDUwODUvMi8xIDQ5ODQvMy8xIDQ5ODMvNC8xCmYgNTA4NS8xLzEgNTA4Ni8yLzEgNDk4NS8zLzEgNDk4NC80LzEKZiA1MDg2LzEvMSA1MDg3LzIvMSA0OTg2LzMvMSA0OTg1LzQvMQpmIDUwODcvMS8xIDUwODgvMi8xIDQ5ODcvMy8xIDQ5ODYvNC8xCmYgNTA4OC8xLzEgNTA4OS8yLzEgNDk4OC8zLzEgNDk4Ny80LzEKZiA1MDg5LzEvMSA1MDkwLzIvMSA0OTg5LzMvMSA0OTg4LzQvMQpmIDUwOTAvMS8xIDUwOTEvMi8xIDQ5OTAvMy8xIDQ5ODkvNC8xCmYgNTA5MS8xLzEgNTA5Mi8yLzEgNDk5MS8zLzEgNDk5MC80LzEKZiA1MDkyLzEvMSA1MDkzLzIvMSA0OTkyLzMvMSA0OTkxLzQvMQpmIDUwOTMvMS8xIDUwOTQvMi8xIDQ5OTMvMy8xIDQ5OTIvNC8xCmYgNTA5NC8xLzEgNTA5NS8yLzEgNDk5NC8zLzEgNDk5My80LzEKZiA1MDk1LzEvMSA1MDk2LzIvMSA0OTk1LzMvMSA0OTk0LzQvMQpmIDUwOTYvMS8xIDUwOTcvMi8xIDQ5OTYvMy8xIDQ5OTUvNC8xCmYgNTA5Ny8xLzEgNTA5OC8yLzEgNDk5Ny8zLzEgNDk5Ni80LzEKZiA1MDk4LzEvMSA1MDk5LzIvMSA0OTk4LzMvMSA0OTk3LzQvMQpmIDUwOTkvMS8xIDUxMDAvMi8xIDQ5OTkvMy8xIDQ5OTgvNC8xCmYgNTEwMC8xLzEgNTEwMS8yLzEgNTAwMC8zLzEgNDk5OS80LzEKZiA1MTAxLzEvMSA1MTAyLzIvMSA1MDAxLzMvMSA1MDAwLzQvMQpmIDUxMDIvMS8xIDUxMDMvMi8xIDUwMDIvMy8xIDUwMDEvNC8xCmYgNTEwMy8xLzEgNTEwNC8yLzEgNTAwMy8zLzEgNTAwMi80LzEKZiA1MTA0LzEvMSA1MTA1LzIvMSA1MDA0LzMvMSA1MDAzLzQvMQpmIDUxMDUvMS8xIDUxMDYvMi8xIDUwMDUvMy8xIDUwMDQvNC8xCmYgNTEwNi8xLzEgNTEwNy8yLzEgNTAwNi8zLzEgNTAwNS80LzEKZiA1MTA3LzEvMSA1MTA4LzIvMSA1MDA3LzMvMSA1MDA2LzQvMQpmIDUxMDgvMS8xIDUxMDkvMi8xIDUwMDgvMy8xIDUwMDcvNC8xCmYgNTEwOS8xLzEgNTExMC8yLzEgNTAwOS8zLzEgNTAwOC80LzEKZiA1MTEwLzEvMSA1MTExLzIvMSA1MDEwLzMvMSA1MDA5LzQvMQpmIDUxMTEvMS8xIDUxMTIvMi8xIDUwMTEvMy8xIDUwMTAvNC8xCmYgNTExMi8xLzEgNTExMy8yLzEgNTAxMi8zLzEgNTAxMS80LzEKZiA1MTEzLzEvMSA1MTE0LzIvMSA1MDEzLzMvMSA1MDEyLzQvMQpmIDUxMTQvMS8xIDUxMTUvMi8xIDUwMTQvMy8xIDUwMTMvNC8xCmYgNTExNS8xLzEgNTExNi8yLzEgNTAxNS8zLzEgNTAxNC80LzEKZiA1MTE2LzEvMSA1MTE3LzIvMSA1MDE2LzMvMSA1MDE1LzQvMQpmIDUxMTcvMS8xIDUxMTgvMi8xIDUwMTcvMy8xIDUwMTYvNC8xCmYgNTExOC8xLzEgNTExOS8yLzEgNTAxOC8zLzEgNTAxNy80LzEKZiA1MTE5LzEvMSA1MTIwLzIvMSA1MDE5LzMvMSA1MDE4LzQvMQpmIDUxMjAvMS8xIDUxMjEvMi8xIDUwMjAvMy8xIDUwMTkvNC8xCmYgNTEyMS8xLzEgNTEyMi8yLzEgNTAyMS8zLzEgNTAyMC80LzEKZiA1MTIyLzEvMSA1MTIzLzIvMSA1MDIyLzMvMSA1MDIxLzQvMQpmIDUxMjMvMS8xIDUxMjQvMi8xIDUwMjMvMy8xIDUwMjIvNC8xCmYgNTEyNC8xLzEgNTEyNS8yLzEgNTAyNC8zLzEgNTAyMy80LzEKZiA1MTI1LzEvMSA1MTI2LzIvMSA1MDI1LzMvMSA1MDI0LzQvMQpmIDUxMjYvMS8xIDUxMjcvMi8xIDUwMjYvMy8xIDUwMjUvNC8xCmYgNTEyNy8xLzEgNTEyOC8yLzEgNTAyNy8zLzEgNTAyNi80LzEKZiA1MTI4LzEvMSA1MTI5LzIvMSA1MDI4LzMvMSA1MDI3LzQvMQpmIDUxMjkvMS8xIDUxMzAvMi8xIDUwMjkvMy8xIDUwMjgvNC8xCmYgNTEzMC8xLzEgNTEzMS8yLzEgNTAzMC8zLzEgNTAyOS80LzEKZiA1MTMxLzEvMSA1MTMyLzIvMSA1MDMxLzMvMSA1MDMwLzQvMQpmIDUxMzIvMS8xIDUxMzMvMi8xIDUwMzIvMy8xIDUwMzEvNC8xCmYgNTEzMy8xLzEgNTEzNC8yLzEgNTAzMy8zLzEgNTAzMi80LzEKZiA1MTM0LzEvMSA1MTM1LzIvMSA1MDM0LzMvMSA1MDMzLzQvMQpmIDUxMzUvMS8xIDUxMzYvMi8xIDUwMzUvMy8xIDUwMzQvNC8xCmYgNTEzNi8xLzEgNTEzNy8yLzEgNTAzNi8zLzEgNTAzNS80LzEKZiA1MTM3LzEvMSA1MTM4LzIvMSA1MDM3LzMvMSA1MDM2LzQvMQpmIDUxMzgvMS8xIDUxMzkvMi8xIDUwMzgvMy8xIDUwMzcvNC8xCmYgNTEzOS8xLzEgNTE0MC8yLzEgNTAzOS8zLzEgNTAzOC80LzEKZiA1MTQwLzEvMSA1MTQxLzIvMSA1MDQwLzMvMSA1MDM5LzQvMQpmIDUxNDEvMS8xIDUxNDIvMi8xIDUwNDEvMy8xIDUwNDAvNC8xCmYgNTE0Mi8xLzEgNTE0My8yLzEgNTA0Mi8zLzEgNTA0MS80LzEKZiA1MTQzLzEvMSA1MTQ0LzIvMSA1MDQzLzMvMSA1MDQyLzQvMQpmIDUxNDQvMS8xIDUxNDUvMi8xIDUwNDQvMy8xIDUwNDMvNC8xCmYgNTE0NS8xLzEgNTE0Ni8yLzEgNTA0NS8zLzEgNTA0NC80LzEKZiA1MTQ2LzEvMSA1MTQ3LzIvMSA1MDQ2LzMvMSA1MDQ1LzQvMQpmIDUxNDcvMS8xIDUxNDgvMi8xIDUwNDcvMy8xIDUwNDYvNC8xCmYgNTE0OC8xLzEgNTE0OS8yLzEgNTA0OC8zLzEgNTA0Ny80LzEKZiA1MTQ5LzEvMSA1MTUwLzIvMSA1MDQ5LzMvMSA1MDQ4LzQvMQpmIDUxNTAvMS8xIDUxNTEvMi8xIDUwNTAvMy8xIDUwNDkvNC8xCmYgNTE1Mi8xLzEgNTE1My8yLzEgNTA1Mi8zLzEgNTA1MS80LzEKZiA1MTUzLzEvMSA1MTU0LzIvMSA1MDUzLzMvMSA1MDUyLzQvMQpmIDUxNTQvMS8xIDUxNTUvMi8xIDUwNTQvMy8xIDUwNTMvNC8xCmYgNTE1NS8xLzEgNTE1Ni8yLzEgNTA1NS8zLzEgNTA1NC80LzEKZiA1MTU2LzEvMSA1MTU3LzIvMSA1MDU2LzMvMSA1MDU1LzQvMQpmIDUxNTcvMS8xIDUxNTgvMi8xIDUwNTcvMy8xIDUwNTYvNC8xCmYgNTE1OC8xLzEgNTE1OS8yLzEgNTA1OC8zLzEgNTA1Ny80LzEKZiA1MTU5LzEvMSA1MTYwLzIvMSA1MDU5LzMvMSA1MDU4LzQvMQpmIDUxNjAvMS8xIDUxNjEvMi8xIDUwNjAvMy8xIDUwNTkvNC8xCmYgNTE2MS8xLzEgNTE2Mi8yLzEgNTA2MS8zLzEgNTA2MC80LzEKZiA1MTYyLzEvMSA1MTYzLzIvMSA1MDYyLzMvMSA1MDYxLzQvMQpmIDUxNjMvMS8xIDUxNjQvMi8xIDUwNjMvMy8xIDUwNjIvNC8xCmYgNTE2NC8xLzEgNTE2NS8yLzEgNTA2NC8zLzEgNTA2My80LzEKZiA1MTY1LzEvMSA1MTY2LzIvMSA1MDY1LzMvMSA1MDY0LzQvMQpmIDUxNjYvMS8xIDUxNjcvMi8xIDUwNjYvMy8xIDUwNjUvNC8xCmYgNTE2Ny8xLzEgNTE2OC8yLzEgNTA2Ny8zLzEgNTA2Ni80LzEKZiA1MTY4LzEvMSA1MTY5LzIvMSA1MDY4LzMvMSA1MDY3LzQvMQpmIDUxNjkvMS8xIDUxNzAvMi8xIDUwNjkvMy8xIDUwNjgvNC8xCmYgNTE3MC8xLzEgNTE3MS8yLzEgNTA3MC8zLzEgNTA2OS80LzEKZiA1MTcxLzEvMSA1MTcyLzIvMSA1MDcxLzMvMSA1MDcwLzQvMQpmIDUxNzIvMS8xIDUxNzMvMi8xIDUwNzIvMy8xIDUwNzEvNC8xCmYgNTE3My8xLzEgNTE3NC8yLzEgNTA3My8zLzEgNTA3Mi80LzEKZiA1MTc0LzEvMSA1MTc1LzIvMSA1MDc0LzMvMSA1MDczLzQvMQpmIDUxNzUvMS8xIDUxNzYvMi8xIDUwNzUvMy8xIDUwNzQvNC8xCmYgNTE3Ni8xLzEgNTE3Ny8yLzEgNTA3Ni8zLzEgNTA3NS80LzEKZiA1MTc3LzEvMSA1MTc4LzIvMSA1MDc3LzMvMSA1MDc2LzQvMQpmIDUxNzgvMS8xIDUxNzkvMi8xIDUwNzgvMy8xIDUwNzcvNC8xCmYgNTE3OS8xLzEgNTE4MC8yLzEgNTA3OS8zLzEgNTA3OC80LzEKZiA1MTgwLzEvMSA1MTgxLzIvMSA1MDgwLzMvMSA1MDc5LzQvMQpmIDUxODEvMS8xIDUxODIvMi8xIDUwODEvMy8xIDUwODAvNC8xCmYgNTE4Mi8xLzEgNTE4My8yLzEgNTA4Mi8zLzEgNTA4MS80LzEKZiA1MTgzLzEvMSA1MTg0LzIvMSA1MDgzLzMvMSA1MDgyLzQvMQpmIDUxODQvMS8xIDUxODUvMi8xIDUwODQvMy8xIDUwODMvNC8xCmYgNTE4NS8xLzEgNTE4Ni8yLzEgNTA4NS8zLzEgNTA4NC80LzEKZiA1MTg2LzEvMSA1MTg3LzIvMSA1MDg2LzMvMSA1MDg1LzQvMQpmIDUxODcvMS8xIDUxODgvMi8xIDUwODcvMy8xIDUwODYvNC8xCmYgNTE4OC8xLzEgNTE4OS8yLzEgNTA4OC8zLzEgNTA4Ny80LzEKZiA1MTg5LzEvMSA1MTkwLzIvMSA1MDg5LzMvMSA1MDg4LzQvMQpmIDUxOTAvMS8xIDUxOTEvMi8xIDUwOTAvMy8xIDUwODkvNC8xCmYgNTE5MS8xLzEgNTE5Mi8yLzEgNTA5MS8zLzEgNTA5MC80LzEKZiA1MTkyLzEvMSA1MTkzLzIvMSA1MDkyLzMvMSA1MDkxLzQvMQpmIDUxOTMvMS8xIDUxOTQvMi8xIDUwOTMvMy8xIDUwOTIvNC8xCmYgNTE5NC8xLzEgNTE5NS8yLzEgNTA5NC8zLzEgNTA5My80LzEKZiA1MTk1LzEvMSA1MTk2LzIvMSA1MDk1LzMvMSA1MDk0LzQvMQpmIDUxOTYvMS8xIDUxOTcvMi8xIDUwOTYvMy8xIDUwOTUvNC8xCmYgNTE5Ny8xLzEgNTE5OC8yLzEgNTA5Ny8zLzEgNTA5Ni80LzEKZiA1MTk4LzEvMSA1MTk5LzIvMSA1MDk4LzMvMSA1MDk3LzQvMQpmIDUxOTkvMS8xIDUyMDAvMi8xIDUwOTkvMy8xIDUwOTgvNC8xCmYgNTIwMC8xLzEgNTIwMS8yLzEgNTEwMC8zLzEgNTA5OS80LzEKZiA1MjAxLzEvMSA1MjAyLzIvMSA1MTAxLzMvMSA1MTAwLzQvMQpmIDUyMDIvMS8xIDUyMDMvMi8xIDUxMDIvMy8xIDUxMDEvNC8xCmYgNTIwMy8xLzEgNTIwNC8yLzEgNTEwMy8zLzEgNTEwMi80LzEKZiA1MjA0LzEvMSA1MjA1LzIvMSA1MTA0LzMvMSA1MTAzLzQvMQpmIDUyMDUvMS8xIDUyMDYvMi8xIDUxMDUvMy8xIDUxMDQvNC8xCmYgNTIwNi8xLzEgNTIwNy8yLzEgNTEwNi8zLzEgNTEwNS80LzEKZiA1MjA3LzEvMSA1MjA4LzIvMSA1MTA3LzMvMSA1MTA2LzQvMQpmIDUyMDgvMS8xIDUyMDkvMi8xIDUxMDgvMy8xIDUxMDcvNC8xCmYgNTIwOS8xLzEgNTIxMC8yLzEgNTEwOS8zLzEgNTEwOC80LzEKZiA1MjEwLzEvMSA1MjExLzIvMSA1MTEwLzMvMSA1MTA5LzQvMQpmIDUyMTEvMS8xIDUyMTIvMi8xIDUxMTEvMy8xIDUxMTAvNC8xCmYgNTIxMi8xLzEgNTIxMy8yLzEgNTExMi8zLzEgNTExMS80LzEKZiA1MjEzLzEvMSA1MjE0LzIvMSA1MTEzLzMvMSA1MTEyLzQvMQpmIDUyMTQvMS8xIDUyMTUvMi8xIDUxMTQvMy8xIDUxMTMvNC8xCmYgNTIxNS8xLzEgNTIxNi8yLzEgNTExNS8zLzEgNTExNC80LzEKZiA1MjE2LzEvMSA1MjE3LzIvMSA1MTE2LzMvMSA1MTE1LzQvMQpmIDUyMTcvMS8xIDUyMTgvMi8xIDUxMTcvMy8xIDUxMTYvNC8xCmYgNTIxOC8xLzEgNTIxOS8yLzEgNTExOC8zLzEgNTExNy80LzEKZiA1MjE5LzEvMSA1MjIwLzIvMSA1MTE5LzMvMSA1MTE4LzQvMQpmIDUyMjAvMS8xIDUyMjEvMi8xIDUxMjAvMy8xIDUxMTkvNC8xCmYgNTIyMS8xLzEgNTIyMi8yLzEgNTEyMS8zLzEgNTEyMC80LzEKZiA1MjIyLzEvMSA1MjIzLzIvMSA1MTIyLzMvMSA1MTIxLzQvMQpmIDUyMjMvMS8xIDUyMjQvMi8xIDUxMjMvMy8xIDUxMjIvNC8xCmYgNTIyNC8xLzEgNTIyNS8yLzEgNTEyNC8zLzEgNTEyMy80LzEKZiA1MjI1LzEvMSA1MjI2LzIvMSA1MTI1LzMvMSA1MTI0LzQvMQpmIDUyMjYvMS8xIDUyMjcvMi8xIDUxMjYvMy8xIDUxMjUvNC8xCmYgNTIyNy8xLzEgNTIyOC8yLzEgNTEyNy8zLzEgNTEyNi80LzEKZiA1MjI4LzEvMSA1MjI5LzIvMSA1MTI4LzMvMSA1MTI3LzQvMQpmIDUyMjkvMS8xIDUyMzAvMi8xIDUxMjkvMy8xIDUxMjgvNC8xCmYgNTIzMC8xLzEgNTIzMS8yLzEgNTEzMC8zLzEgNTEyOS80LzEKZiA1MjMxLzEvMSA1MjMyLzIvMSA1MTMxLzMvMSA1MTMwLzQvMQpmIDUyMzIvMS8xIDUyMzMvMi8xIDUxMzIvMy8xIDUxMzEvNC8xCmYgNTIzMy8xLzEgNTIzNC8yLzEgNTEzMy8zLzEgNTEzMi80LzEKZiA1MjM0LzEvMSA1MjM1LzIvMSA1MTM0LzMvMSA1MTMzLzQvMQpmIDUyMzUvMS8xIDUyMzYvMi8xIDUxMzUvMy8xIDUxMzQvNC8xCmYgNTIzNi8xLzEgNTIzNy8yLzEgNTEzNi8zLzEgNTEzNS80LzEKZiA1MjM3LzEvMSA1MjM4LzIvMSA1MTM3LzMvMSA1MTM2LzQvMQpmIDUyMzgvMS8xIDUyMzkvMi8xIDUxMzgvMy8xIDUxMzcvNC8xCmYgNTIzOS8xLzEgNTI0MC8yLzEgNTEzOS8zLzEgNTEzOC80LzEKZiA1MjQwLzEvMSA1MjQxLzIvMSA1MTQwLzMvMSA1MTM5LzQvMQpmIDUyNDEvMS8xIDUyNDIvMi8xIDUxNDEvMy8xIDUxNDAvNC8xCmYgNTI0Mi8xLzEgNTI0My8yLzEgNTE0Mi8zLzEgNTE0MS80LzEKZiA1MjQzLzEvMSA1MjQ0LzIvMSA1MTQzLzMvMSA1MTQyLzQvMQpmIDUyNDQvMS8xIDUyNDUvMi8xIDUxNDQvMy8xIDUxNDMvNC8xCmYgNTI0NS8xLzEgNTI0Ni8yLzEgNTE0NS8zLzEgNTE0NC80LzEKZiA1MjQ2LzEvMSA1MjQ3LzIvMSA1MTQ2LzMvMSA1MTQ1LzQvMQpmIDUyNDcvMS8xIDUyNDgvMi8xIDUxNDcvMy8xIDUxNDYvNC8xCmYgNTI0OC8xLzEgNTI0OS8yLzEgNTE0OC8zLzEgNTE0Ny80LzEKZiA1MjQ5LzEvMSA1MjUwLzIvMSA1MTQ5LzMvMSA1MTQ4LzQvMQpmIDUyNTAvMS8xIDUyNTEvMi8xIDUxNTAvMy8xIDUxNDkvNC8xCmYgNTI1MS8xLzEgNTI1Mi8yLzEgNTE1MS8zLzEgNTE1MC80LzEKZiA1MjUzLzEvMSA1MjU0LzIvMSA1MTUzLzMvMSA1MTUyLzQvMQpmIDUyNTQvMS8xIDUyNTUvMi8xIDUxNTQvMy8xIDUxNTMvNC8xCmYgNTI1NS8xLzEgNTI1Ni8yLzEgNTE1NS8zLzEgNTE1NC80LzEKZiA1MjU2LzEvMSA1MjU3LzIvMSA1MTU2LzMvMSA1MTU1LzQvMQpmIDUyNTcvMS8xIDUyNTgvMi8xIDUxNTcvMy8xIDUxNTYvNC8xCmYgNTI1OC8xLzEgNTI1OS8yLzEgNTE1OC8zLzEgNTE1Ny80LzEKZiA1MjU5LzEvMSA1MjYwLzIvMSA1MTU5LzMvMSA1MTU4LzQvMQpmIDUyNjAvMS8xIDUyNjEvMi8xIDUxNjAvMy8xIDUxNTkvNC8xCmYgNTI2MS8xLzEgNTI2Mi8yLzEgNTE2MS8zLzEgNTE2MC80LzEKZiA1MjYyLzEvMSA1MjYzLzIvMSA1MTYyLzMvMSA1MTYxLzQvMQpmIDUyNjMvMS8xIDUyNjQvMi8xIDUxNjMvMy8xIDUxNjIvNC8xCmYgNTI2NC8xLzEgNTI2NS8yLzEgNTE2NC8zLzEgNTE2My80LzEKZiA1MjY1LzEvMSA1MjY2LzIvMSA1MTY1LzMvMSA1MTY0LzQvMQpmIDUyNjYvMS8xIDUyNjcvMi8xIDUxNjYvMy8xIDUxNjUvNC8xCmYgNTI2Ny8xLzEgNTI2OC8yLzEgNTE2Ny8zLzEgNTE2Ni80LzEKZiA1MjY4LzEvMSA1MjY5LzIvMSA1MTY4LzMvMSA1MTY3LzQvMQpmIDUyNjkvMS8xIDUyNzAvMi8xIDUxNjkvMy8xIDUxNjgvNC8xCmYgNTI3MC8xLzEgNTI3MS8yLzEgNTE3MC8zLzEgNTE2OS80LzEKZiA1MjcxLzEvMSA1MjcyLzIvMSA1MTcxLzMvMSA1MTcwLzQvMQpmIDUyNzIvMS8xIDUyNzMvMi8xIDUxNzIvMy8xIDUxNzEvNC8xCmYgNTI3My8xLzEgNTI3NC8yLzEgNTE3My8zLzEgNTE3Mi80LzEKZiA1Mjc0LzEvMSA1Mjc1LzIvMSA1MTc0LzMvMSA1MTczLzQvMQpmIDUyNzUvMS8xIDUyNzYvMi8xIDUxNzUvMy8xIDUxNzQvNC8xCmYgNTI3Ni8xLzEgNTI3Ny8yLzEgNTE3Ni8zLzEgNTE3NS80LzEKZiA1Mjc3LzEvMSA1Mjc4LzIvMSA1MTc3LzMvMSA1MTc2LzQvMQpmIDUyNzgvMS8xIDUyNzkvMi8xIDUxNzgvMy8xIDUxNzcvNC8xCmYgNTI3OS8xLzEgNTI4MC8yLzEgNTE3OS8zLzEgNTE3OC80LzEKZiA1MjgwLzEvMSA1MjgxLzIvMSA1MTgwLzMvMSA1MTc5LzQvMQpmIDUyODEvMS8xIDUyODIvMi8xIDUxODEvMy8xIDUxODAvNC8xCmYgNTI4Mi8xLzEgNTI4My8yLzEgNTE4Mi8zLzEgNTE4MS80LzEKZiA1MjgzLzEvMSA1Mjg0LzIvMSA1MTgzLzMvMSA1MTgyLzQvMQpmIDUyODQvMS8xIDUyODUvMi8xIDUxODQvMy8xIDUxODMvNC8xCmYgNTI4NS8xLzEgNTI4Ni8yLzEgNTE4NS8zLzEgNTE4NC80LzEKZiA1Mjg2LzEvMSA1Mjg3LzIvMSA1MTg2LzMvMSA1MTg1LzQvMQpmIDUyODcvMS8xIDUyODgvMi8xIDUxODcvMy8xIDUxODYvNC8xCmYgNTI4OC8xLzEgNTI4OS8yLzEgNTE4OC8zLzEgNTE4Ny80LzEKZiA1Mjg5LzEvMSA1MjkwLzIvMSA1MTg5LzMvMSA1MTg4LzQvMQpmIDUyOTAvMS8xIDUyOTEvMi8xIDUxOTAvMy8xIDUxODkvNC8xCmYgNTI5MS8xLzEgNTI5Mi8yLzEgNTE5MS8zLzEgNTE5MC80LzEKZiA1MjkyLzEvMSA1MjkzLzIvMSA1MTkyLzMvMSA1MTkxLzQvMQpmIDUyOTMvMS8xIDUyOTQvMi8xIDUxOTMvMy8xIDUxOTIvNC8xCmYgNTI5NC8xLzEgNTI5NS8yLzEgNTE5NC8zLzEgNTE5My80LzEKZiA1Mjk1LzEvMSA1Mjk2LzIvMSA1MTk1LzMvMSA1MTk0LzQvMQpmIDUyOTYvMS8xIDUyOTcvMi8xIDUxOTYvMy8xIDUxOTUvNC8xCmYgNTI5Ny8xLzEgNTI5OC8yLzEgNTE5Ny8zLzEgNTE5Ni80LzEKZiA1Mjk4LzEvMSA1Mjk5LzIvMSA1MTk4LzMvMSA1MTk3LzQvMQpmIDUyOTkvMS8xIDUzMDAvMi8xIDUxOTkvMy8xIDUxOTgvNC8xCmYgNTMwMC8xLzEgNTMwMS8yLzEgNTIwMC8zLzEgNTE5OS80LzEKZiA1MzAxLzEvMSA1MzAyLzIvMSA1MjAxLzMvMSA1MjAwLzQvMQpmIDUzMDIvMS8xIDUzMDMvMi8xIDUyMDIvMy8xIDUyMDEvNC8xCmYgNTMwMy8xLzEgNTMwNC8yLzEgNTIwMy8zLzEgNTIwMi80LzEKZiA1MzA0LzEvMSA1MzA1LzIvMSA1MjA0LzMvMSA1MjAzLzQvMQpmIDUzMDUvMS8xIDUzMDYvMi8xIDUyMDUvMy8xIDUyMDQvNC8xCmYgNTMwNi8xLzEgNTMwNy8yLzEgNTIwNi8zLzEgNTIwNS80LzEKZiA1MzA3LzEvMSA1MzA4LzIvMSA1MjA3LzMvMSA1MjA2LzQvMQpmIDUzMDgvMS8xIDUzMDkvMi8xIDUyMDgvMy8xIDUyMDcvNC8xCmYgNTMwOS8xLzEgNTMxMC8yLzEgNTIwOS8zLzEgNTIwOC80LzEKZiA1MzEwLzEvMSA1MzExLzIvMSA1MjEwLzMvMSA1MjA5LzQvMQpmIDUzMTEvMS8xIDUzMTIvMi8xIDUyMTEvMy8xIDUyMTAvNC8xCmYgNTMxMi8xLzEgNTMxMy8yLzEgNTIxMi8zLzEgNTIxMS80LzEKZiA1MzEzLzEvMSA1MzE0LzIvMSA1MjEzLzMvMSA1MjEyLzQvMQpmIDUzMTQvMS8xIDUzMTUvMi8xIDUyMTQvMy8xIDUyMTMvNC8xCmYgNTMxNS8xLzEgNTMxNi8yLzEgNTIxNS8zLzEgNTIxNC80LzEKZiA1MzE2LzEvMSA1MzE3LzIvMSA1MjE2LzMvMSA1MjE1LzQvMQpmIDUzMTcvMS8xIDUzMTgvMi8xIDUyMTcvMy8xIDUyMTYvNC8xCmYgNTMxOC8xLzEgNTMxOS8yLzEgNTIxOC8zLzEgNTIxNy80LzEKZiA1MzE5LzEvMSA1MzIwLzIvMSA1MjE5LzMvMSA1MjE4LzQvMQpmIDUzMjAvMS8xIDUzMjEvMi8xIDUyMjAvMy8xIDUyMTkvNC8xCmYgNTMyMS8xLzEgNTMyMi8yLzEgNTIyMS8zLzEgNTIyMC80LzEKZiA1MzIyLzEvMSA1MzIzLzIvMSA1MjIyLzMvMSA1MjIxLzQvMQpmIDUzMjMvMS8xIDUzMjQvMi8xIDUyMjMvMy8xIDUyMjIvNC8xCmYgNTMyNC8xLzEgNTMyNS8yLzEgNTIyNC8zLzEgNTIyMy80LzEKZiA1MzI1LzEvMSA1MzI2LzIvMSA1MjI1LzMvMSA1MjI0LzQvMQpmIDUzMjYvMS8xIDUzMjcvMi8xIDUyMjYvMy8xIDUyMjUvNC8xCmYgNTMyNy8xLzEgNTMyOC8yLzEgNTIyNy8zLzEgNTIyNi80LzEKZiA1MzI4LzEvMSA1MzI5LzIvMSA1MjI4LzMvMSA1MjI3LzQvMQpmIDUzMjkvMS8xIDUzMzAvMi8xIDUyMjkvMy8xIDUyMjgvNC8xCmYgNTMzMC8xLzEgNTMzMS8yLzEgNTIzMC8zLzEgNTIyOS80LzEKZiA1MzMxLzEvMSA1MzMyLzIvMSA1MjMxLzMvMSA1MjMwLzQvMQpmIDUzMzIvMS8xIDUzMzMvMi8xIDUyMzIvMy8xIDUyMzEvNC8xCmYgNTMzMy8xLzEgNTMzNC8yLzEgNTIzMy8zLzEgNTIzMi80LzEKZiA1MzM0LzEvMSA1MzM1LzIvMSA1MjM0LzMvMSA1MjMzLzQvMQpmIDUzMzUvMS8xIDUzMzYvMi8xIDUyMzUvMy8xIDUyMzQvNC8xCmYgNTMzNi8xLzEgNTMzNy8yLzEgNTIzNi8zLzEgNTIzNS80LzEKZiA1MzM3LzEvMSA1MzM4LzIvMSA1MjM3LzMvMSA1MjM2LzQvMQpmIDUzMzgvMS8xIDUzMzkvMi8xIDUyMzgvMy8xIDUyMzcvNC8xCmYgNTMzOS8xLzEgNTM0MC8yLzEgNTIzOS8zLzEgNTIzOC80LzEKZiA1MzQwLzEvMSA1MzQxLzIvMSA1MjQwLzMvMSA1MjM5LzQvMQpmIDUzNDEvMS8xIDUzNDIvMi8xIDUyNDEvMy8xIDUyNDAvNC8xCmYgNTM0Mi8xLzEgNTM0My8yLzEgNTI0Mi8zLzEgNTI0MS80LzEKZiA1MzQzLzEvMSA1MzQ0LzIvMSA1MjQzLzMvMSA1MjQyLzQvMQpmIDUzNDQvMS8xIDUzNDUvMi8xIDUyNDQvMy8xIDUyNDMvNC8xCmYgNTM0NS8xLzEgNTM0Ni8yLzEgNTI0NS8zLzEgNTI0NC80LzEKZiA1MzQ2LzEvMSA1MzQ3LzIvMSA1MjQ2LzMvMSA1MjQ1LzQvMQpmIDUzNDcvMS8xIDUzNDgvMi8xIDUyNDcvMy8xIDUyNDYvNC8xCmYgNTM0OC8xLzEgNTM0OS8yLzEgNTI0OC8zLzEgNTI0Ny80LzEKZiA1MzQ5LzEvMSA1MzUwLzIvMSA1MjQ5LzMvMSA1MjQ4LzQvMQpmIDUzNTAvMS8xIDUzNTEvMi8xIDUyNTAvMy8xIDUyNDkvNC8xCmYgNTM1MS8xLzEgNTM1Mi8yLzEgNTI1MS8zLzEgNTI1MC80LzEKZiA1MzUyLzEvMSA1MzUzLzIvMSA1MjUyLzMvMSA1MjUxLzQvMQpmIDUzNTQvMS8xIDUzNTUvMi8xIDUyNTQvMy8xIDUyNTMvNC8xCmYgNTM1NS8xLzEgNTM1Ni8yLzEgNTI1NS8zLzEgNTI1NC80LzEKZiA1MzU2LzEvMSA1MzU3LzIvMSA1MjU2LzMvMSA1MjU1LzQvMQpmIDUzNTcvMS8xIDUzNTgvMi8xIDUyNTcvMy8xIDUyNTYvNC8xCmYgNTM1OC8xLzEgNTM1OS8yLzEgNTI1OC8zLzEgNTI1Ny80LzEKZiA1MzU5LzEvMSA1MzYwLzIvMSA1MjU5LzMvMSA1MjU4LzQvMQpmIDUzNjAvMS8xIDUzNjEvMi8xIDUyNjAvMy8xIDUyNTkvNC8xCmYgNTM2MS8xLzEgNTM2Mi8yLzEgNTI2MS8zLzEgNTI2MC80LzEKZiA1MzYyLzEvMSA1MzYzLzIvMSA1MjYyLzMvMSA1MjYxLzQvMQpmIDUzNjMvMS8xIDUzNjQvMi8xIDUyNjMvMy8xIDUyNjIvNC8xCmYgNTM2NC8xLzEgNTM2NS8yLzEgNTI2NC8zLzEgNTI2My80LzEKZiA1MzY1LzEvMSA1MzY2LzIvMSA1MjY1LzMvMSA1MjY0LzQvMQpmIDUzNjYvMS8xIDUzNjcvMi8xIDUyNjYvMy8xIDUyNjUvNC8xCmYgNTM2Ny8xLzEgNTM2OC8yLzEgNTI2Ny8zLzEgNTI2Ni80LzEKZiA1MzY4LzEvMSA1MzY5LzIvMSA1MjY4LzMvMSA1MjY3LzQvMQpmIDUzNjkvMS8xIDUzNzAvMi8xIDUyNjkvMy8xIDUyNjgvNC8xCmYgNTM3MC8xLzEgNTM3MS8yLzEgNTI3MC8zLzEgNTI2OS80LzEKZiA1MzcxLzEvMSA1MzcyLzIvMSA1MjcxLzMvMSA1MjcwLzQvMQpmIDUzNzIvMS8xIDUzNzMvMi8xIDUyNzIvMy8xIDUyNzEvNC8xCmYgNTM3My8xLzEgNTM3NC8yLzEgNTI3My8zLzEgNTI3Mi80LzEKZiA1Mzc0LzEvMSA1Mzc1LzIvMSA1Mjc0LzMvMSA1MjczLzQvMQpmIDUzNzUvMS8xIDUzNzYvMi8xIDUyNzUvMy8xIDUyNzQvNC8xCmYgNTM3Ni8xLzEgNTM3Ny8yLzEgNTI3Ni8zLzEgNTI3NS80LzEKZiA1Mzc3LzEvMSA1Mzc4LzIvMSA1Mjc3LzMvMSA1Mjc2LzQvMQpmIDUzNzgvMS8xIDUzNzkvMi8xIDUyNzgvMy8xIDUyNzcvNC8xCmYgNTM3OS8xLzEgNTM4MC8yLzEgNTI3OS8zLzEgNTI3OC80LzEKZiA1MzgwLzEvMSA1MzgxLzIvMSA1MjgwLzMvMSA1Mjc5LzQvMQpmIDUzODEvMS8xIDUzODIvMi8xIDUyODEvMy8xIDUyODAvNC8xCmYgNTM4Mi8xLzEgNTM4My8yLzEgNTI4Mi8zLzEgNTI4MS80LzEKZiA1MzgzLzEvMSA1Mzg0LzIvMSA1MjgzLzMvMSA1MjgyLzQvMQpmIDUzODQvMS8xIDUzODUvMi8xIDUyODQvMy8xIDUyODMvNC8xCmYgNTM4NS8xLzEgNTM4Ni8yLzEgNTI4NS8zLzEgNTI4NC80LzEKZiA1Mzg2LzEvMSA1Mzg3LzIvMSA1Mjg2LzMvMSA1Mjg1LzQvMQpmIDUzODcvMS8xIDUzODgvMi8xIDUyODcvMy8xIDUyODYvNC8xCmYgNTM4OC8xLzEgNTM4OS8yLzEgNTI4OC8zLzEgNTI4Ny80LzEKZiA1Mzg5LzEvMSA1MzkwLzIvMSA1Mjg5LzMvMSA1Mjg4LzQvMQpmIDUzOTAvMS8xIDUzOTEvMi8xIDUyOTAvMy8xIDUyODkvNC8xCmYgNTM5MS8xLzEgNTM5Mi8yLzEgNTI5MS8zLzEgNTI5MC80LzEKZiA1MzkyLzEvMSA1MzkzLzIvMSA1MjkyLzMvMSA1MjkxLzQvMQpmIDUzOTMvMS8xIDUzOTQvMi8xIDUyOTMvMy8xIDUyOTIvNC8xCmYgNTM5NC8xLzEgNTM5NS8yLzEgNTI5NC8zLzEgNTI5My80LzEKZiA1Mzk1LzEvMSA1Mzk2LzIvMSA1Mjk1LzMvMSA1Mjk0LzQvMQpmIDUzOTYvMS8xIDUzOTcvMi8xIDUyOTYvMy8xIDUyOTUvNC8xCmYgNTM5Ny8xLzEgNTM5OC8yLzEgNTI5Ny8zLzEgNTI5Ni80LzEKZiA1Mzk4LzEvMSA1Mzk5LzIvMSA1Mjk4LzMvMSA1Mjk3LzQvMQpmIDUzOTkvMS8xIDU0MDAvMi8xIDUyOTkvMy8xIDUyOTgvNC8xCmYgNTQwMC8xLzEgNTQwMS8yLzEgNTMwMC8zLzEgNTI5OS80LzEKZiA1NDAxLzEvMSA1NDAyLzIvMSA1MzAxLzMvMSA1MzAwLzQvMQpmIDU0MDIvMS8xIDU0MDMvMi8xIDUzMDIvMy8xIDUzMDEvNC8xCmYgNTQwMy8xLzEgNTQwNC8yLzEgNTMwMy8zLzEgNTMwMi80LzEKZiA1NDA0LzEvMSA1NDA1LzIvMSA1MzA0LzMvMSA1MzAzLzQvMQpmIDU0MDUvMS8xIDU0MDYvMi8xIDUzMDUvMy8xIDUzMDQvNC8xCmYgNTQwNi8xLzEgNTQwNy8yLzEgNTMwNi8zLzEgNTMwNS80LzEKZiA1NDA3LzEvMSA1NDA4LzIvMSA1MzA3LzMvMSA1MzA2LzQvMQpmIDU0MDgvMS8xIDU0MDkvMi8xIDUzMDgvMy8xIDUzMDcvNC8xCmYgNTQwOS8xLzEgNTQxMC8yLzEgNTMwOS8zLzEgNTMwOC80LzEKZiA1NDEwLzEvMSA1NDExLzIvMSA1MzEwLzMvMSA1MzA5LzQvMQpmIDU0MTEvMS8xIDU0MTIvMi8xIDUzMTEvMy8xIDUzMTAvNC8xCmYgNTQxMi8xLzEgNTQxMy8yLzEgNTMxMi8zLzEgNTMxMS80LzEKZiA1NDEzLzEvMSA1NDE0LzIvMSA1MzEzLzMvMSA1MzEyLzQvMQpmIDU0MTQvMS8xIDU0MTUvMi8xIDUzMTQvMy8xIDUzMTMvNC8xCmYgNTQxNS8xLzEgNTQxNi8yLzEgNTMxNS8zLzEgNTMxNC80LzEKZiA1NDE2LzEvMSA1NDE3LzIvMSA1MzE2LzMvMSA1MzE1LzQvMQpmIDU0MTcvMS8xIDU0MTgvMi8xIDUzMTcvMy8xIDUzMTYvNC8xCmYgNTQxOC8xLzEgNTQxOS8yLzEgNTMxOC8zLzEgNTMxNy80LzEKZiA1NDE5LzEvMSA1NDIwLzIvMSA1MzE5LzMvMSA1MzE4LzQvMQpmIDU0MjAvMS8xIDU0MjEvMi8xIDUzMjAvMy8xIDUzMTkvNC8xCmYgNTQyMS8xLzEgNTQyMi8yLzEgNTMyMS8zLzEgNTMyMC80LzEKZiA1NDIyLzEvMSA1NDIzLzIvMSA1MzIyLzMvMSA1MzIxLzQvMQpmIDU0MjMvMS8xIDU0MjQvMi8xIDUzMjMvMy8xIDUzMjIvNC8xCmYgNTQyNC8xLzEgNTQyNS8yLzEgNTMyNC8zLzEgNTMyMy80LzEKZiA1NDI1LzEvMSA1NDI2LzIvMSA1MzI1LzMvMSA1MzI0LzQvMQpmIDU0MjYvMS8xIDU0MjcvMi8xIDUzMjYvMy8xIDUzMjUvNC8xCmYgNTQyNy8xLzEgNTQyOC8yLzEgNTMyNy8zLzEgNTMyNi80LzEKZiA1NDI4LzEvMSA1NDI5LzIvMSA1MzI4LzMvMSA1MzI3LzQvMQpmIDU0MjkvMS8xIDU0MzAvMi8xIDUzMjkvMy8xIDUzMjgvNC8xCmYgNTQzMC8xLzEgNTQzMS8yLzEgNTMzMC8zLzEgNTMyOS80LzEKZiA1NDMxLzEvMSA1NDMyLzIvMSA1MzMxLzMvMSA1MzMwLzQvMQpmIDU0MzIvMS8xIDU0MzMvMi8xIDUzMzIvMy8xIDUzMzEvNC8xCmYgNTQzMy8xLzEgNTQzNC8yLzEgNTMzMy8zLzEgNTMzMi80LzEKZiA1NDM0LzEvMSA1NDM1LzIvMSA1MzM0LzMvMSA1MzMzLzQvMQpmIDU0MzUvMS8xIDU0MzYvMi8xIDUzMzUvMy8xIDUzMzQvNC8xCmYgNTQzNi8xLzEgNTQzNy8yLzEgNTMzNi8zLzEgNTMzNS80LzEKZiA1NDM3LzEvMSA1NDM4LzIvMSA1MzM3LzMvMSA1MzM2LzQvMQpmIDU0MzgvMS8xIDU0MzkvMi8xIDUzMzgvMy8xIDUzMzcvNC8xCmYgNTQzOS8xLzEgNTQ0MC8yLzEgNTMzOS8zLzEgNTMzOC80LzEKZiA1NDQwLzEvMSA1NDQxLzIvMSA1MzQwLzMvMSA1MzM5LzQvMQpmIDU0NDEvMS8xIDU0NDIvMi8xIDUzNDEvMy8xIDUzNDAvNC8xCmYgNTQ0Mi8xLzEgNTQ0My8yLzEgNTM0Mi8zLzEgNTM0MS80LzEKZiA1NDQzLzEvMSA1NDQ0LzIvMSA1MzQzLzMvMSA1MzQyLzQvMQpmIDU0NDQvMS8xIDU0NDUvMi8xIDUzNDQvMy8xIDUzNDMvNC8xCmYgNTQ0NS8xLzEgNTQ0Ni8yLzEgNTM0NS8zLzEgNTM0NC80LzEKZiA1NDQ2LzEvMSA1NDQ3LzIvMSA1MzQ2LzMvMSA1MzQ1LzQvMQpmIDU0NDcvMS8xIDU0NDgvMi8xIDUzNDcvMy8xIDUzNDYvNC8xCmYgNTQ0OC8xLzEgNTQ0OS8yLzEgNTM0OC8zLzEgNTM0Ny80LzEKZiA1NDQ5LzEvMSA1NDUwLzIvMSA1MzQ5LzMvMSA1MzQ4LzQvMQpmIDU0NTAvMS8xIDU0NTEvMi8xIDUzNTAvMy8xIDUzNDkvNC8xCmYgNTQ1MS8xLzEgNTQ1Mi8yLzEgNTM1MS8zLzEgNTM1MC80LzEKZiA1NDUyLzEvMSA1NDUzLzIvMSA1MzUyLzMvMSA1MzUxLzQvMQpmIDU0NTMvMS8xIDU0NTQvMi8xIDUzNTMvMy8xIDUzNTIvNC8xCmYgNTQ1NS8xLzEgNTQ1Ni8yLzEgNTM1NS8zLzEgNTM1NC80LzEKZiA1NDU2LzEvMSA1NDU3LzIvMSA1MzU2LzMvMSA1MzU1LzQvMQpmIDU0NTcvMS8xIDU0NTgvMi8xIDUzNTcvMy8xIDUzNTYvNC8xCmYgNTQ1OC8xLzEgNTQ1OS8yLzEgNTM1OC8zLzEgNTM1Ny80LzEKZiA1NDU5LzEvMSA1NDYwLzIvMSA1MzU5LzMvMSA1MzU4LzQvMQpmIDU0NjAvMS8xIDU0NjEvMi8xIDUzNjAvMy8xIDUzNTkvNC8xCmYgNTQ2MS8xLzEgNTQ2Mi8yLzEgNTM2MS8zLzEgNTM2MC80LzEKZiA1NDYyLzEvMSA1NDYzLzIvMSA1MzYyLzMvMSA1MzYxLzQvMQpmIDU0NjMvMS8xIDU0NjQvMi8xIDUzNjMvMy8xIDUzNjIvNC8xCmYgNTQ2NC8xLzEgNTQ2NS8yLzEgNTM2NC8zLzEgNTM2My80LzEKZiA1NDY1LzEvMSA1NDY2LzIvMSA1MzY1LzMvMSA1MzY0LzQvMQpmIDU0NjYvMS8xIDU0NjcvMi8xIDUzNjYvMy8xIDUzNjUvNC8xCmYgNTQ2Ny8xLzEgNTQ2OC8yLzEgNTM2Ny8zLzEgNTM2Ni80LzEKZiA1NDY4LzEvMSA1NDY5LzIvMSA1MzY4LzMvMSA1MzY3LzQvMQpmIDU0NjkvMS8xIDU0NzAvMi8xIDUzNjkvMy8xIDUzNjgvNC8xCmYgNTQ3MC8xLzEgNTQ3MS8yLzEgNTM3MC8zLzEgNTM2OS80LzEKZiA1NDcxLzEvMSA1NDcyLzIvMSA1MzcxLzMvMSA1MzcwLzQvMQpmIDU0NzIvMS8xIDU0NzMvMi8xIDUzNzIvMy8xIDUzNzEvNC8xCmYgNTQ3My8xLzEgNTQ3NC8yLzEgNTM3My8zLzEgNTM3Mi80LzEKZiA1NDc0LzEvMSA1NDc1LzIvMSA1Mzc0LzMvMSA1MzczLzQvMQpmIDU0NzUvMS8xIDU0NzYvMi8xIDUzNzUvMy8xIDUzNzQvNC8xCmYgNTQ3Ni8xLzEgNTQ3Ny8yLzEgNTM3Ni8zLzEgNTM3NS80LzEKZiA1NDc3LzEvMSA1NDc4LzIvMSA1Mzc3LzMvMSA1Mzc2LzQvMQpmIDU0NzgvMS8xIDU0NzkvMi8xIDUzNzgvMy8xIDUzNzcvNC8xCmYgNTQ3OS8xLzEgNTQ4MC8yLzEgNTM3OS8zLzEgNTM3OC80LzEKZiA1NDgwLzEvMSA1NDgxLzIvMSA1MzgwLzMvMSA1Mzc5LzQvMQpmIDU0ODEvMS8xIDU0ODIvMi8xIDUzODEvMy8xIDUzODAvNC8xCmYgNTQ4Mi8xLzEgNTQ4My8yLzEgNTM4Mi8zLzEgNTM4MS80LzEKZiA1NDgzLzEvMSA1NDg0LzIvMSA1MzgzLzMvMSA1MzgyLzQvMQpmIDU0ODQvMS8xIDU0ODUvMi8xIDUzODQvMy8xIDUzODMvNC8xCmYgNTQ4NS8xLzEgNTQ4Ni8yLzEgNTM4NS8zLzEgNTM4NC80LzEKZiA1NDg2LzEvMSA1NDg3LzIvMSA1Mzg2LzMvMSA1Mzg1LzQvMQpmIDU0ODcvMS8xIDU0ODgvMi8xIDUzODcvMy8xIDUzODYvNC8xCmYgNTQ4OC8xLzEgNTQ4OS8yLzEgNTM4OC8zLzEgNTM4Ny80LzEKZiA1NDg5LzEvMSA1NDkwLzIvMSA1Mzg5LzMvMSA1Mzg4LzQvMQpmIDU0OTAvMS8xIDU0OTEvMi8xIDUzOTAvMy8xIDUzODkvNC8xCmYgNTQ5MS8xLzEgNTQ5Mi8yLzEgNTM5MS8zLzEgNTM5MC80LzEKZiA1NDkyLzEvMSA1NDkzLzIvMSA1MzkyLzMvMSA1MzkxLzQvMQpmIDU0OTMvMS8xIDU0OTQvMi8xIDUzOTMvMy8xIDUzOTIvNC8xCmYgNTQ5NC8xLzEgNTQ5NS8yLzEgNTM5NC8zLzEgNTM5My80LzEKZiA1NDk1LzEvMSA1NDk2LzIvMSA1Mzk1LzMvMSA1Mzk0LzQvMQpmIDU0OTYvMS8xIDU0OTcvMi8xIDUzOTYvMy8xIDUzOTUvNC8xCmYgNTQ5Ny8xLzEgNTQ5OC8yLzEgNTM5Ny8zLzEgNTM5Ni80LzEKZiA1NDk4LzEvMSA1NDk5LzIvMSA1Mzk4LzMvMSA1Mzk3LzQvMQpmIDU0OTkvMS8xIDU1MDAvMi8xIDUzOTkvMy8xIDUzOTgvNC8xCmYgNTUwMC8xLzEgNTUwMS8yLzEgNTQwMC8zLzEgNTM5OS80LzEKZiA1NTAxLzEvMSA1NTAyLzIvMSA1NDAxLzMvMSA1NDAwLzQvMQpmIDU1MDIvMS8xIDU1MDMvMi8xIDU0MDIvMy8xIDU0MDEvNC8xCmYgNTUwMy8xLzEgNTUwNC8yLzEgNTQwMy8zLzEgNTQwMi80LzEKZiA1NTA0LzEvMSA1NTA1LzIvMSA1NDA0LzMvMSA1NDAzLzQvMQpmIDU1MDUvMS8xIDU1MDYvMi8xIDU0MDUvMy8xIDU0MDQvNC8xCmYgNTUwNi8xLzEgNTUwNy8yLzEgNTQwNi8zLzEgNTQwNS80LzEKZiA1NTA3LzEvMSA1NTA4LzIvMSA1NDA3LzMvMSA1NDA2LzQvMQpmIDU1MDgvMS8xIDU1MDkvMi8xIDU0MDgvMy8xIDU0MDcvNC8xCmYgNTUwOS8xLzEgNTUxMC8yLzEgNTQwOS8zLzEgNTQwOC80LzEKZiA1NTEwLzEvMSA1NTExLzIvMSA1NDEwLzMvMSA1NDA5LzQvMQpmIDU1MTEvMS8xIDU1MTIvMi8xIDU0MTEvMy8xIDU0MTAvNC8xCmYgNTUxMi8xLzEgNTUxMy8yLzEgNTQxMi8zLzEgNTQxMS80LzEKZiA1NTEzLzEvMSA1NTE0LzIvMSA1NDEzLzMvMSA1NDEyLzQvMQpmIDU1MTQvMS8xIDU1MTUvMi8xIDU0MTQvMy8xIDU0MTMvNC8xCmYgNTUxNS8xLzEgNTUxNi8yLzEgNTQxNS8zLzEgNTQxNC80LzEKZiA1NTE2LzEvMSA1NTE3LzIvMSA1NDE2LzMvMSA1NDE1LzQvMQpmIDU1MTcvMS8xIDU1MTgvMi8xIDU0MTcvMy8xIDU0MTYvNC8xCmYgNTUxOC8xLzEgNTUxOS8yLzEgNTQxOC8zLzEgNTQxNy80LzEKZiA1NTE5LzEvMSA1NTIwLzIvMSA1NDE5LzMvMSA1NDE4LzQvMQpmIDU1MjAvMS8xIDU1MjEvMi8xIDU0MjAvMy8xIDU0MTkvNC8xCmYgNTUyMS8xLzEgNTUyMi8yLzEgNTQyMS8zLzEgNTQyMC80LzEKZiA1NTIyLzEvMSA1NTIzLzIvMSA1NDIyLzMvMSA1NDIxLzQvMQpmIDU1MjMvMS8xIDU1MjQvMi8xIDU0MjMvMy8xIDU0MjIvNC8xCmYgNTUyNC8xLzEgNTUyNS8yLzEgNTQyNC8zLzEgNTQyMy80LzEKZiA1NTI1LzEvMSA1NTI2LzIvMSA1NDI1LzMvMSA1NDI0LzQvMQpmIDU1MjYvMS8xIDU1MjcvMi8xIDU0MjYvMy8xIDU0MjUvNC8xCmYgNTUyNy8xLzEgNTUyOC8yLzEgNTQyNy8zLzEgNTQyNi80LzEKZiA1NTI4LzEvMSA1NTI5LzIvMSA1NDI4LzMvMSA1NDI3LzQvMQpmIDU1MjkvMS8xIDU1MzAvMi8xIDU0MjkvMy8xIDU0MjgvNC8xCmYgNTUzMC8xLzEgNTUzMS8yLzEgNTQzMC8zLzEgNTQyOS80LzEKZiA1NTMxLzEvMSA1NTMyLzIvMSA1NDMxLzMvMSA1NDMwLzQvMQpmIDU1MzIvMS8xIDU1MzMvMi8xIDU0MzIvMy8xIDU0MzEvNC8xCmYgNTUzMy8xLzEgNTUzNC8yLzEgNTQzMy8zLzEgNTQzMi80LzEKZiA1NTM0LzEvMSA1NTM1LzIvMSA1NDM0LzMvMSA1NDMzLzQvMQpmIDU1MzUvMS8xIDU1MzYvMi8xIDU0MzUvMy8xIDU0MzQvNC8xCmYgNTUzNi8xLzEgNTUzNy8yLzEgNTQzNi8zLzEgNTQzNS80LzEKZiA1NTM3LzEvMSA1NTM4LzIvMSA1NDM3LzMvMSA1NDM2LzQvMQpmIDU1MzgvMS8xIDU1MzkvMi8xIDU0MzgvMy8xIDU0MzcvNC8xCmYgNTUzOS8xLzEgNTU0MC8yLzEgNTQzOS8zLzEgNTQzOC80LzEKZiA1NTQwLzEvMSA1NTQxLzIvMSA1NDQwLzMvMSA1NDM5LzQvMQpmIDU1NDEvMS8xIDU1NDIvMi8xIDU0NDEvMy8xIDU0NDAvNC8xCmYgNTU0Mi8xLzEgNTU0My8yLzEgNTQ0Mi8zLzEgNTQ0MS80LzEKZiA1NTQzLzEvMSA1NTQ0LzIvMSA1NDQzLzMvMSA1NDQyLzQvMQpmIDU1NDQvMS8xIDU1NDUvMi8xIDU0NDQvMy8xIDU0NDMvNC8xCmYgNTU0NS8xLzEgNTU0Ni8yLzEgNTQ0NS8zLzEgNTQ0NC80LzEKZiA1NTQ2LzEvMSA1NTQ3LzIvMSA1NDQ2LzMvMSA1NDQ1LzQvMQpmIDU1NDcvMS8xIDU1NDgvMi8xIDU0NDcvMy8xIDU0NDYvNC8xCmYgNTU0OC8xLzEgNTU0OS8yLzEgNTQ0OC8zLzEgNTQ0Ny80LzEKZiA1NTQ5LzEvMSA1NTUwLzIvMSA1NDQ5LzMvMSA1NDQ4LzQvMQpmIDU1NTAvMS8xIDU1NTEvMi8xIDU0NTAvMy8xIDU0NDkvNC8xCmYgNTU1MS8xLzEgNTU1Mi8yLzEgNTQ1MS8zLzEgNTQ1MC80LzEKZiA1NTUyLzEvMSA1NTUzLzIvMSA1NDUyLzMvMSA1NDUxLzQvMQpmIDU1NTMvMS8xIDU1NTQvMi8xIDU0NTMvMy8xIDU0NTIvNC8xCmYgNTU1NC8xLzEgNTU1NS8yLzEgNTQ1NC8zLzEgNTQ1My80LzEKZiA1NTU2LzEvMSA1NTU3LzIvMSA1NDU2LzMvMSA1NDU1LzQvMQpmIDU1NTcvMS8xIDU1NTgvMi8xIDU0NTcvMy8xIDU0NTYvNC8xCmYgNTU1OC8xLzEgNTU1OS8yLzEgNTQ1OC8zLzEgNTQ1Ny80LzEKZiA1NTU5LzEvMSA1NTYwLzIvMSA1NDU5LzMvMSA1NDU4LzQvMQpmIDU1NjAvMS8xIDU1NjEvMi8xIDU0NjAvMy8xIDU0NTkvNC8xCmYgNTU2MS8xLzEgNTU2Mi8yLzEgNTQ2MS8zLzEgNTQ2MC80LzEKZiA1NTYyLzEvMSA1NTYzLzIvMSA1NDYyLzMvMSA1NDYxLzQvMQpmIDU1NjMvMS8xIDU1NjQvMi8xIDU0NjMvMy8xIDU0NjIvNC8xCmYgNTU2NC8xLzEgNTU2NS8yLzEgNTQ2NC8zLzEgNTQ2My80LzEKZiA1NTY1LzEvMSA1NTY2LzIvMSA1NDY1LzMvMSA1NDY0LzQvMQpmIDU1NjYvMS8xIDU1NjcvMi8xIDU0NjYvMy8xIDU0NjUvNC8xCmYgNTU2Ny8xLzEgNTU2OC8yLzEgNTQ2Ny8zLzEgNTQ2Ni80LzEKZiA1NTY4LzEvMSA1NTY5LzIvMSA1NDY4LzMvMSA1NDY3LzQvMQpmIDU1NjkvMS8xIDU1NzAvMi8xIDU0NjkvMy8xIDU0NjgvNC8xCmYgNTU3MC8xLzEgNTU3MS8yLzEgNTQ3MC8zLzEgNTQ2OS80LzEKZiA1NTcxLzEvMSA1NTcyLzIvMSA1NDcxLzMvMSA1NDcwLzQvMQpmIDU1NzIvMS8xIDU1NzMvMi8xIDU0NzIvMy8xIDU0NzEvNC8xCmYgNTU3My8xLzEgNTU3NC8yLzEgNTQ3My8zLzEgNTQ3Mi80LzEKZiA1NTc0LzEvMSA1NTc1LzIvMSA1NDc0LzMvMSA1NDczLzQvMQpmIDU1NzUvMS8xIDU1NzYvMi8xIDU0NzUvMy8xIDU0NzQvNC8xCmYgNTU3Ni8xLzEgNTU3Ny8yLzEgNTQ3Ni8zLzEgNTQ3NS80LzEKZiA1NTc3LzEvMSA1NTc4LzIvMSA1NDc3LzMvMSA1NDc2LzQvMQpmIDU1NzgvMS8xIDU1NzkvMi8xIDU0NzgvMy8xIDU0NzcvNC8xCmYgNTU3OS8xLzEgNTU4MC8yLzEgNTQ3OS8zLzEgNTQ3OC80LzEKZiA1NTgwLzEvMSA1NTgxLzIvMSA1NDgwLzMvMSA1NDc5LzQvMQpmIDU1ODEvMS8xIDU1ODIvMi8xIDU0ODEvMy8xIDU0ODAvNC8xCmYgNTU4Mi8xLzEgNTU4My8yLzEgNTQ4Mi8zLzEgNTQ4MS80LzEKZiA1NTgzLzEvMSA1NTg0LzIvMSA1NDgzLzMvMSA1NDgyLzQvMQpmIDU1ODQvMS8xIDU1ODUvMi8xIDU0ODQvMy8xIDU0ODMvNC8xCmYgNTU4NS8xLzEgNTU4Ni8yLzEgNTQ4NS8zLzEgNTQ4NC80LzEKZiA1NTg2LzEvMSA1NTg3LzIvMSA1NDg2LzMvMSA1NDg1LzQvMQpmIDU1ODcvMS8xIDU1ODgvMi8xIDU0ODcvMy8xIDU0ODYvNC8xCmYgNTU4OC8xLzEgNTU4OS8yLzEgNTQ4OC8zLzEgNTQ4Ny80LzEKZiA1NTg5LzEvMSA1NTkwLzIvMSA1NDg5LzMvMSA1NDg4LzQvMQpmIDU1OTAvMS8xIDU1OTEvMi8xIDU0OTAvMy8xIDU0ODkvNC8xCmYgNTU5MS8xLzEgNTU5Mi8yLzEgNTQ5MS8zLzEgNTQ5MC80LzEKZiA1NTkyLzEvMSA1NTkzLzIvMSA1NDkyLzMvMSA1NDkxLzQvMQpmIDU1OTMvMS8xIDU1OTQvMi8xIDU0OTMvMy8xIDU0OTIvNC8xCmYgNTU5NC8xLzEgNTU5NS8yLzEgNTQ5NC8zLzEgNTQ5My80LzEKZiA1NTk1LzEvMSA1NTk2LzIvMSA1NDk1LzMvMSA1NDk0LzQvMQpmIDU1OTYvMS8xIDU1OTcvMi8xIDU0OTYvMy8xIDU0OTUvNC8xCmYgNTU5Ny8xLzEgNTU5OC8yLzEgNTQ5Ny8zLzEgNTQ5Ni80LzEKZiA1NTk4LzEvMSA1NTk5LzIvMSA1NDk4LzMvMSA1NDk3LzQvMQpmIDU1OTkvMS8xIDU2MDAvMi8xIDU0OTkvMy8xIDU0OTgvNC8xCmYgNTYwMC8xLzEgNTYwMS8yLzEgNTUwMC8zLzEgNTQ5OS80LzEKZiA1NjAxLzEvMSA1NjAyLzIvMSA1NTAxLzMvMSA1NTAwLzQvMQpmIDU2MDIvMS8xIDU2MDMvMi8xIDU1MDIvMy8xIDU1MDEvNC8xCmYgNTYwMy8xLzEgNTYwNC8yLzEgNTUwMy8zLzEgNTUwMi80LzEKZiA1NjA0LzEvMSA1NjA1LzIvMSA1NTA0LzMvMSA1NTAzLzQvMQpmIDU2MDUvMS8xIDU2MDYvMi8xIDU1MDUvMy8xIDU1MDQvNC8xCmYgNTYwNi8xLzEgNTYwNy8yLzEgNTUwNi8zLzEgNTUwNS80LzEKZiA1NjA3LzEvMSA1NjA4LzIvMSA1NTA3LzMvMSA1NTA2LzQvMQpmIDU2MDgvMS8xIDU2MDkvMi8xIDU1MDgvMy8xIDU1MDcvNC8xCmYgNTYwOS8xLzEgNTYxMC8yLzEgNTUwOS8zLzEgNTUwOC80LzEKZiA1NjEwLzEvMSA1NjExLzIvMSA1NTEwLzMvMSA1NTA5LzQvMQpmIDU2MTEvMS8xIDU2MTIvMi8xIDU1MTEvMy8xIDU1MTAvNC8xCmYgNTYxMi8xLzEgNTYxMy8yLzEgNTUxMi8zLzEgNTUxMS80LzEKZiA1NjEzLzEvMSA1NjE0LzIvMSA1NTEzLzMvMSA1NTEyLzQvMQpmIDU2MTQvMS8xIDU2MTUvMi8xIDU1MTQvMy8xIDU1MTMvNC8xCmYgNTYxNS8xLzEgNTYxNi8yLzEgNTUxNS8zLzEgNTUxNC80LzEKZiA1NjE2LzEvMSA1NjE3LzIvMSA1NTE2LzMvMSA1NTE1LzQvMQpmIDU2MTcvMS8xIDU2MTgvMi8xIDU1MTcvMy8xIDU1MTYvNC8xCmYgNTYxOC8xLzEgNTYxOS8yLzEgNTUxOC8zLzEgNTUxNy80LzEKZiA1NjE5LzEvMSA1NjIwLzIvMSA1NTE5LzMvMSA1NTE4LzQvMQpmIDU2MjAvMS8xIDU2MjEvMi8xIDU1MjAvMy8xIDU1MTkvNC8xCmYgNTYyMS8xLzEgNTYyMi8yLzEgNTUyMS8zLzEgNTUyMC80LzEKZiA1NjIyLzEvMSA1NjIzLzIvMSA1NTIyLzMvMSA1NTIxLzQvMQpmIDU2MjMvMS8xIDU2MjQvMi8xIDU1MjMvMy8xIDU1MjIvNC8xCmYgNTYyNC8xLzEgNTYyNS8yLzEgNTUyNC8zLzEgNTUyMy80LzEKZiA1NjI1LzEvMSA1NjI2LzIvMSA1NTI1LzMvMSA1NTI0LzQvMQpmIDU2MjYvMS8xIDU2MjcvMi8xIDU1MjYvMy8xIDU1MjUvNC8xCmYgNTYyNy8xLzEgNTYyOC8yLzEgNTUyNy8zLzEgNTUyNi80LzEKZiA1NjI4LzEvMSA1NjI5LzIvMSA1NTI4LzMvMSA1NTI3LzQvMQpmIDU2MjkvMS8xIDU2MzAvMi8xIDU1MjkvMy8xIDU1MjgvNC8xCmYgNTYzMC8xLzEgNTYzMS8yLzEgNTUzMC8zLzEgNTUyOS80LzEKZiA1NjMxLzEvMSA1NjMyLzIvMSA1NTMxLzMvMSA1NTMwLzQvMQpmIDU2MzIvMS8xIDU2MzMvMi8xIDU1MzIvMy8xIDU1MzEvNC8xCmYgNTYzMy8xLzEgNTYzNC8yLzEgNTUzMy8zLzEgNTUzMi80LzEKZiA1NjM0LzEvMSA1NjM1LzIvMSA1NTM0LzMvMSA1NTMzLzQvMQpmIDU2MzUvMS8xIDU2MzYvMi8xIDU1MzUvMy8xIDU1MzQvNC8xCmYgNTYzNi8xLzEgNTYzNy8yLzEgNTUzNi8zLzEgNTUzNS80LzEKZiA1NjM3LzEvMSA1NjM4LzIvMSA1NTM3LzMvMSA1NTM2LzQvMQpmIDU2MzgvMS8xIDU2MzkvMi8xIDU1MzgvMy8xIDU1MzcvNC8xCmYgNTYzOS8xLzEgNTY0MC8yLzEgNTUzOS8zLzEgNTUzOC80LzEKZiA1NjQwLzEvMSA1NjQxLzIvMSA1NTQwLzMvMSA1NTM5LzQvMQpmIDU2NDEvMS8xIDU2NDIvMi8xIDU1NDEvMy8xIDU1NDAvNC8xCmYgNTY0Mi8xLzEgNTY0My8yLzEgNTU0Mi8zLzEgNTU0MS80LzEKZiA1NjQzLzEvMSA1NjQ0LzIvMSA1NTQzLzMvMSA1NTQyLzQvMQpmIDU2NDQvMS8xIDU2NDUvMi8xIDU1NDQvMy8xIDU1NDMvNC8xCmYgNTY0NS8xLzEgNTY0Ni8yLzEgNTU0NS8zLzEgNTU0NC80LzEKZiA1NjQ2LzEvMSA1NjQ3LzIvMSA1NTQ2LzMvMSA1NTQ1LzQvMQpmIDU2NDcvMS8xIDU2NDgvMi8xIDU1NDcvMy8xIDU1NDYvNC8xCmYgNTY0OC8xLzEgNTY0OS8yLzEgNTU0OC8zLzEgNTU0Ny80LzEKZiA1NjQ5LzEvMSA1NjUwLzIvMSA1NTQ5LzMvMSA1NTQ4LzQvMQpmIDU2NTAvMS8xIDU2NTEvMi8xIDU1NTAvMy8xIDU1NDkvNC8xCmYgNTY1MS8xLzEgNTY1Mi8yLzEgNTU1MS8zLzEgNTU1MC80LzEKZiA1NjUyLzEvMSA1NjUzLzIvMSA1NTUyLzMvMSA1NTUxLzQvMQpmIDU2NTMvMS8xIDU2NTQvMi8xIDU1NTMvMy8xIDU1NTIvNC8xCmYgNTY1NC8xLzEgNTY1NS8yLzEgNTU1NC8zLzEgNTU1My80LzEKZiA1NjU1LzEvMSA1NjU2LzIvMSA1NTU1LzMvMSA1NTU0LzQvMQpmIDU2NTcvMS8xIDU2NTgvMi8xIDU1NTcvMy8xIDU1NTYvNC8xCmYgNTY1OC8xLzEgNTY1OS8yLzEgNTU1OC8zLzEgNTU1Ny80LzEKZiA1NjU5LzEvMSA1NjYwLzIvMSA1NTU5LzMvMSA1NTU4LzQvMQpmIDU2NjAvMS8xIDU2NjEvMi8xIDU1NjAvMy8xIDU1NTkvNC8xCmYgNTY2MS8xLzEgNTY2Mi8yLzEgNTU2MS8zLzEgNTU2MC80LzEKZiA1NjYyLzEvMSA1NjYzLzIvMSA1NTYyLzMvMSA1NTYxLzQvMQpmIDU2NjMvMS8xIDU2NjQvMi8xIDU1NjMvMy8xIDU1NjIvNC8xCmYgNTY2NC8xLzEgNTY2NS8yLzEgNTU2NC8zLzEgNTU2My80LzEKZiA1NjY1LzEvMSA1NjY2LzIvMSA1NTY1LzMvMSA1NTY0LzQvMQpmIDU2NjYvMS8xIDU2NjcvMi8xIDU1NjYvMy8xIDU1NjUvNC8xCmYgNTY2Ny8xLzEgNTY2OC8yLzEgNTU2Ny8zLzEgNTU2Ni80LzEKZiA1NjY4LzEvMSA1NjY5LzIvMSA1NTY4LzMvMSA1NTY3LzQvMQpmIDU2NjkvMS8xIDU2NzAvMi8xIDU1NjkvMy8xIDU1NjgvNC8xCmYgNTY3MC8xLzEgNTY3MS8yLzEgNTU3MC8zLzEgNTU2OS80LzEKZiA1NjcxLzEvMSA1NjcyLzIvMSA1NTcxLzMvMSA1NTcwLzQvMQpmIDU2NzIvMS8xIDU2NzMvMi8xIDU1NzIvMy8xIDU1NzEvNC8xCmYgNTY3My8xLzEgNTY3NC8yLzEgNTU3My8zLzEgNTU3Mi80LzEKZiA1Njc0LzEvMSA1Njc1LzIvMSA1NTc0LzMvMSA1NTczLzQvMQpmIDU2NzUvMS8xIDU2NzYvMi8xIDU1NzUvMy8xIDU1NzQvNC8xCmYgNTY3Ni8xLzEgNTY3Ny8yLzEgNTU3Ni8zLzEgNTU3NS80LzEKZiA1Njc3LzEvMSA1Njc4LzIvMSA1NTc3LzMvMSA1NTc2LzQvMQpmIDU2NzgvMS8xIDU2NzkvMi8xIDU1NzgvMy8xIDU1NzcvNC8xCmYgNTY3OS8xLzEgNTY4MC8yLzEgNTU3OS8zLzEgNTU3OC80LzEKZiA1NjgwLzEvMSA1NjgxLzIvMSA1NTgwLzMvMSA1NTc5LzQvMQpmIDU2ODEvMS8xIDU2ODIvMi8xIDU1ODEvMy8xIDU1ODAvNC8xCmYgNTY4Mi8xLzEgNTY4My8yLzEgNTU4Mi8zLzEgNTU4MS80LzEKZiA1NjgzLzEvMSA1Njg0LzIvMSA1NTgzLzMvMSA1NTgyLzQvMQpmIDU2ODQvMS8xIDU2ODUvMi8xIDU1ODQvMy8xIDU1ODMvNC8xCmYgNTY4NS8xLzEgNTY4Ni8yLzEgNTU4NS8zLzEgNTU4NC80LzEKZiA1Njg2LzEvMSA1Njg3LzIvMSA1NTg2LzMvMSA1NTg1LzQvMQpmIDU2ODcvMS8xIDU2ODgvMi8xIDU1ODcvMy8xIDU1ODYvNC8xCmYgNTY4OC8xLzEgNTY4OS8yLzEgNTU4OC8zLzEgNTU4Ny80LzEKZiA1Njg5LzEvMSA1NjkwLzIvMSA1NTg5LzMvMSA1NTg4LzQvMQpmIDU2OTAvMS8xIDU2OTEvMi8xIDU1OTAvMy8xIDU1ODkvNC8xCmYgNTY5MS8xLzEgNTY5Mi8yLzEgNTU5MS8zLzEgNTU5MC80LzEKZiA1NjkyLzEvMSA1NjkzLzIvMSA1NTkyLzMvMSA1NTkxLzQvMQpmIDU2OTMvMS8xIDU2OTQvMi8xIDU1OTMvMy8xIDU1OTIvNC8xCmYgNTY5NC8xLzEgNTY5NS8yLzEgNTU5NC8zLzEgNTU5My80LzEKZiA1Njk1LzEvMSA1Njk2LzIvMSA1NTk1LzMvMSA1NTk0LzQvMQpmIDU2OTYvMS8xIDU2OTcvMi8xIDU1OTYvMy8xIDU1OTUvNC8xCmYgNTY5Ny8xLzEgNTY5OC8yLzEgNTU5Ny8zLzEgNTU5Ni80LzEKZiA1Njk4LzEvMSA1Njk5LzIvMSA1NTk4LzMvMSA1NTk3LzQvMQpmIDU2OTkvMS8xIDU3MDAvMi8xIDU1OTkvMy8xIDU1OTgvNC8xCmYgNTcwMC8xLzEgNTcwMS8yLzEgNTYwMC8zLzEgNTU5OS80LzEKZiA1NzAxLzEvMSA1NzAyLzIvMSA1NjAxLzMvMSA1NjAwLzQvMQpmIDU3MDIvMS8xIDU3MDMvMi8xIDU2MDIvMy8xIDU2MDEvNC8xCmYgNTcwMy8xLzEgNTcwNC8yLzEgNTYwMy8zLzEgNTYwMi80LzEKZiA1NzA0LzEvMSA1NzA1LzIvMSA1NjA0LzMvMSA1NjAzLzQvMQpmIDU3MDUvMS8xIDU3MDYvMi8xIDU2MDUvMy8xIDU2MDQvNC8xCmYgNTcwNi8xLzEgNTcwNy8yLzEgNTYwNi8zLzEgNTYwNS80LzEKZiA1NzA3LzEvMSA1NzA4LzIvMSA1NjA3LzMvMSA1NjA2LzQvMQpmIDU3MDgvMS8xIDU3MDkvMi8xIDU2MDgvMy8xIDU2MDcvNC8xCmYgNTcwOS8xLzEgNTcxMC8yLzEgNTYwOS8zLzEgNTYwOC80LzEKZiA1NzEwLzEvMSA1NzExLzIvMSA1NjEwLzMvMSA1NjA5LzQvMQpmIDU3MTEvMS8xIDU3MTIvMi8xIDU2MTEvMy8xIDU2MTAvNC8xCmYgNTcxMi8xLzEgNTcxMy8yLzEgNTYxMi8zLzEgNTYxMS80LzEKZiA1NzEzLzEvMSA1NzE0LzIvMSA1NjEzLzMvMSA1NjEyLzQvMQpmIDU3MTQvMS8xIDU3MTUvMi8xIDU2MTQvMy8xIDU2MTMvNC8xCmYgNTcxNS8xLzEgNTcxNi8yLzEgNTYxNS8zLzEgNTYxNC80LzEKZiA1NzE2LzEvMSA1NzE3LzIvMSA1NjE2LzMvMSA1NjE1LzQvMQpmIDU3MTcvMS8xIDU3MTgvMi8xIDU2MTcvMy8xIDU2MTYvNC8xCmYgNTcxOC8xLzEgNTcxOS8yLzEgNTYxOC8zLzEgNTYxNy80LzEKZiA1NzE5LzEvMSA1NzIwLzIvMSA1NjE5LzMvMSA1NjE4LzQvMQpmIDU3MjAvMS8xIDU3MjEvMi8xIDU2MjAvMy8xIDU2MTkvNC8xCmYgNTcyMS8xLzEgNTcyMi8yLzEgNTYyMS8zLzEgNTYyMC80LzEKZiA1NzIyLzEvMSA1NzIzLzIvMSA1NjIyLzMvMSA1NjIxLzQvMQpmIDU3MjMvMS8xIDU3MjQvMi8xIDU2MjMvMy8xIDU2MjIvNC8xCmYgNTcyNC8xLzEgNTcyNS8yLzEgNTYyNC8zLzEgNTYyMy80LzEKZiA1NzI1LzEvMSA1NzI2LzIvMSA1NjI1LzMvMSA1NjI0LzQvMQpmIDU3MjYvMS8xIDU3MjcvMi8xIDU2MjYvMy8xIDU2MjUvNC8xCmYgNTcyNy8xLzEgNTcyOC8yLzEgNTYyNy8zLzEgNTYyNi80LzEKZiA1NzI4LzEvMSA1NzI5LzIvMSA1NjI4LzMvMSA1NjI3LzQvMQpmIDU3MjkvMS8xIDU3MzAvMi8xIDU2MjkvMy8xIDU2MjgvNC8xCmYgNTczMC8xLzEgNTczMS8yLzEgNTYzMC8zLzEgNTYyOS80LzEKZiA1NzMxLzEvMSA1NzMyLzIvMSA1NjMxLzMvMSA1NjMwLzQvMQpmIDU3MzIvMS8xIDU3MzMvMi8xIDU2MzIvMy8xIDU2MzEvNC8xCmYgNTczMy8xLzEgNTczNC8yLzEgNTYzMy8zLzEgNTYzMi80LzEKZiA1NzM0LzEvMSA1NzM1LzIvMSA1NjM0LzMvMSA1NjMzLzQvMQpmIDU3MzUvMS8xIDU3MzYvMi8xIDU2MzUvMy8xIDU2MzQvNC8xCmYgNTczNi8xLzEgNTczNy8yLzEgNTYzNi8zLzEgNTYzNS80LzEKZiA1NzM3LzEvMSA1NzM4LzIvMSA1NjM3LzMvMSA1NjM2LzQvMQpmIDU3MzgvMS8xIDU3MzkvMi8xIDU2MzgvMy8xIDU2MzcvNC8xCmYgNTczOS8xLzEgNTc0MC8yLzEgNTYzOS8zLzEgNTYzOC80LzEKZiA1NzQwLzEvMSA1NzQxLzIvMSA1NjQwLzMvMSA1NjM5LzQvMQpmIDU3NDEvMS8xIDU3NDIvMi8xIDU2NDEvMy8xIDU2NDAvNC8xCmYgNTc0Mi8xLzEgNTc0My8yLzEgNTY0Mi8zLzEgNTY0MS80LzEKZiA1NzQzLzEvMSA1NzQ0LzIvMSA1NjQzLzMvMSA1NjQyLzQvMQpmIDU3NDQvMS8xIDU3NDUvMi8xIDU2NDQvMy8xIDU2NDMvNC8xCmYgNTc0NS8xLzEgNTc0Ni8yLzEgNTY0NS8zLzEgNTY0NC80LzEKZiA1NzQ2LzEvMSA1NzQ3LzIvMSA1NjQ2LzMvMSA1NjQ1LzQvMQpmIDU3NDcvMS8xIDU3NDgvMi8xIDU2NDcvMy8xIDU2NDYvNC8xCmYgNTc0OC8xLzEgNTc0OS8yLzEgNTY0OC8zLzEgNTY0Ny80LzEKZiA1NzQ5LzEvMSA1NzUwLzIvMSA1NjQ5LzMvMSA1NjQ4LzQvMQpmIDU3NTAvMS8xIDU3NTEvMi8xIDU2NTAvMy8xIDU2NDkvNC8xCmYgNTc1MS8xLzEgNTc1Mi8yLzEgNTY1MS8zLzEgNTY1MC80LzEKZiA1NzUyLzEvMSA1NzUzLzIvMSA1NjUyLzMvMSA1NjUxLzQvMQpmIDU3NTMvMS8xIDU3NTQvMi8xIDU2NTMvMy8xIDU2NTIvNC8xCmYgNTc1NC8xLzEgNTc1NS8yLzEgNTY1NC8zLzEgNTY1My80LzEKZiA1NzU1LzEvMSA1NzU2LzIvMSA1NjU1LzMvMSA1NjU0LzQvMQpmIDU3NTYvMS8xIDU3NTcvMi8xIDU2NTYvMy8xIDU2NTUvNC8xCmYgNTc1OC8xLzEgNTc1OS8yLzEgNTY1OC8zLzEgNTY1Ny80LzEKZiA1NzU5LzEvMSA1NzYwLzIvMSA1NjU5LzMvMSA1NjU4LzQvMQpmIDU3NjAvMS8xIDU3NjEvMi8xIDU2NjAvMy8xIDU2NTkvNC8xCmYgNTc2MS8xLzEgNTc2Mi8yLzEgNTY2MS8zLzEgNTY2MC80LzEKZiA1NzYyLzEvMSA1NzYzLzIvMSA1NjYyLzMvMSA1NjYxLzQvMQpmIDU3NjMvMS8xIDU3NjQvMi8xIDU2NjMvMy8xIDU2NjIvNC8xCmYgNTc2NC8xLzEgNTc2NS8yLzEgNTY2NC8zLzEgNTY2My80LzEKZiA1NzY1LzEvMSA1NzY2LzIvMSA1NjY1LzMvMSA1NjY0LzQvMQpmIDU3NjYvMS8xIDU3NjcvMi8xIDU2NjYvMy8xIDU2NjUvNC8xCmYgNTc2Ny8xLzEgNTc2OC8yLzEgNTY2Ny8zLzEgNTY2Ni80LzEKZiA1NzY4LzEvMSA1NzY5LzIvMSA1NjY4LzMvMSA1NjY3LzQvMQpmIDU3NjkvMS8xIDU3NzAvMi8xIDU2NjkvMy8xIDU2NjgvNC8xCmYgNTc3MC8xLzEgNTc3MS8yLzEgNTY3MC8zLzEgNTY2OS80LzEKZiA1NzcxLzEvMSA1NzcyLzIvMSA1NjcxLzMvMSA1NjcwLzQvMQpmIDU3NzIvMS8xIDU3NzMvMi8xIDU2NzIvMy8xIDU2NzEvNC8xCmYgNTc3My8xLzEgNTc3NC8yLzEgNTY3My8zLzEgNTY3Mi80LzEKZiA1Nzc0LzEvMSA1Nzc1LzIvMSA1Njc0LzMvMSA1NjczLzQvMQpmIDU3NzUvMS8xIDU3NzYvMi8xIDU2NzUvMy8xIDU2NzQvNC8xCmYgNTc3Ni8xLzEgNTc3Ny8yLzEgNTY3Ni8zLzEgNTY3NS80LzEKZiA1Nzc3LzEvMSA1Nzc4LzIvMSA1Njc3LzMvMSA1Njc2LzQvMQpmIDU3NzgvMS8xIDU3NzkvMi8xIDU2NzgvMy8xIDU2NzcvNC8xCmYgNTc3OS8xLzEgNTc4MC8yLzEgNTY3OS8zLzEgNTY3OC80LzEKZiA1NzgwLzEvMSA1NzgxLzIvMSA1NjgwLzMvMSA1Njc5LzQvMQpmIDU3ODEvMS8xIDU3ODIvMi8xIDU2ODEvMy8xIDU2ODAvNC8xCmYgNTc4Mi8xLzEgNTc4My8yLzEgNTY4Mi8zLzEgNTY4MS80LzEKZiA1NzgzLzEvMSA1Nzg0LzIvMSA1NjgzLzMvMSA1NjgyLzQvMQpmIDU3ODQvMS8xIDU3ODUvMi8xIDU2ODQvMy8xIDU2ODMvNC8xCmYgNTc4NS8xLzEgNTc4Ni8yLzEgNTY4NS8zLzEgNTY4NC80LzEKZiA1Nzg2LzEvMSA1Nzg3LzIvMSA1Njg2LzMvMSA1Njg1LzQvMQpmIDU3ODcvMS8xIDU3ODgvMi8xIDU2ODcvMy8xIDU2ODYvNC8xCmYgNTc4OC8xLzEgNTc4OS8yLzEgNTY4OC8zLzEgNTY4Ny80LzEKZiA1Nzg5LzEvMSA1NzkwLzIvMSA1Njg5LzMvMSA1Njg4LzQvMQpmIDU3OTAvMS8xIDU3OTEvMi8xIDU2OTAvMy8xIDU2ODkvNC8xCmYgNTc5MS8xLzEgNTc5Mi8yLzEgNTY5MS8zLzEgNTY5MC80LzEKZiA1NzkyLzEvMSA1NzkzLzIvMSA1NjkyLzMvMSA1NjkxLzQvMQpmIDU3OTMvMS8xIDU3OTQvMi8xIDU2OTMvMy8xIDU2OTIvNC8xCmYgNTc5NC8xLzEgNTc5NS8yLzEgNTY5NC8zLzEgNTY5My80LzEKZiA1Nzk1LzEvMSA1Nzk2LzIvMSA1Njk1LzMvMSA1Njk0LzQvMQpmIDU3OTYvMS8xIDU3OTcvMi8xIDU2OTYvMy8xIDU2OTUvNC8xCmYgNTc5Ny8xLzEgNTc5OC8yLzEgNTY5Ny8zLzEgNTY5Ni80LzEKZiA1Nzk4LzEvMSA1Nzk5LzIvMSA1Njk4LzMvMSA1Njk3LzQvMQpmIDU3OTkvMS8xIDU4MDAvMi8xIDU2OTkvMy8xIDU2OTgvNC8xCmYgNTgwMC8xLzEgNTgwMS8yLzEgNTcwMC8zLzEgNTY5OS80LzEKZiA1ODAxLzEvMSA1ODAyLzIvMSA1NzAxLzMvMSA1NzAwLzQvMQpmIDU4MDIvMS8xIDU4MDMvMi8xIDU3MDIvMy8xIDU3MDEvNC8xCmYgNTgwMy8xLzEgNTgwNC8yLzEgNTcwMy8zLzEgNTcwMi80LzEKZiA1ODA0LzEvMSA1ODA1LzIvMSA1NzA0LzMvMSA1NzAzLzQvMQpmIDU4MDUvMS8xIDU4MDYvMi8xIDU3MDUvMy8xIDU3MDQvNC8xCmYgNTgwNi8xLzEgNTgwNy8yLzEgNTcwNi8zLzEgNTcwNS80LzEKZiA1ODA3LzEvMSA1ODA4LzIvMSA1NzA3LzMvMSA1NzA2LzQvMQpmIDU4MDgvMS8xIDU4MDkvMi8xIDU3MDgvMy8xIDU3MDcvNC8xCmYgNTgwOS8xLzEgNTgxMC8yLzEgNTcwOS8zLzEgNTcwOC80LzEKZiA1ODEwLzEvMSA1ODExLzIvMSA1NzEwLzMvMSA1NzA5LzQvMQpmIDU4MTEvMS8xIDU4MTIvMi8xIDU3MTEvMy8xIDU3MTAvNC8xCmYgNTgxMi8xLzEgNTgxMy8yLzEgNTcxMi8zLzEgNTcxMS80LzEKZiA1ODEzLzEvMSA1ODE0LzIvMSA1NzEzLzMvMSA1NzEyLzQvMQpmIDU4MTQvMS8xIDU4MTUvMi8xIDU3MTQvMy8xIDU3MTMvNC8xCmYgNTgxNS8xLzEgNTgxNi8yLzEgNTcxNS8zLzEgNTcxNC80LzEKZiA1ODE2LzEvMSA1ODE3LzIvMSA1NzE2LzMvMSA1NzE1LzQvMQpmIDU4MTcvMS8xIDU4MTgvMi8xIDU3MTcvMy8xIDU3MTYvNC8xCmYgNTgxOC8xLzEgNTgxOS8yLzEgNTcxOC8zLzEgNTcxNy80LzEKZiA1ODE5LzEvMSA1ODIwLzIvMSA1NzE5LzMvMSA1NzE4LzQvMQpmIDU4MjAvMS8xIDU4MjEvMi8xIDU3MjAvMy8xIDU3MTkvNC8xCmYgNTgyMS8xLzEgNTgyMi8yLzEgNTcyMS8zLzEgNTcyMC80LzEKZiA1ODIyLzEvMSA1ODIzLzIvMSA1NzIyLzMvMSA1NzIxLzQvMQpmIDU4MjMvMS8xIDU4MjQvMi8xIDU3MjMvMy8xIDU3MjIvNC8xCmYgNTgyNC8xLzEgNTgyNS8yLzEgNTcyNC8zLzEgNTcyMy80LzEKZiA1ODI1LzEvMSA1ODI2LzIvMSA1NzI1LzMvMSA1NzI0LzQvMQpmIDU4MjYvMS8xIDU4MjcvMi8xIDU3MjYvMy8xIDU3MjUvNC8xCmYgNTgyNy8xLzEgNTgyOC8yLzEgNTcyNy8zLzEgNTcyNi80LzEKZiA1ODI4LzEvMSA1ODI5LzIvMSA1NzI4LzMvMSA1NzI3LzQvMQpmIDU4MjkvMS8xIDU4MzAvMi8xIDU3MjkvMy8xIDU3MjgvNC8xCmYgNTgzMC8xLzEgNTgzMS8yLzEgNTczMC8zLzEgNTcyOS80LzEKZiA1ODMxLzEvMSA1ODMyLzIvMSA1NzMxLzMvMSA1NzMwLzQvMQpmIDU4MzIvMS8xIDU4MzMvMi8xIDU3MzIvMy8xIDU3MzEvNC8xCmYgNTgzMy8xLzEgNTgzNC8yLzEgNTczMy8zLzEgNTczMi80LzEKZiA1ODM0LzEvMSA1ODM1LzIvMSA1NzM0LzMvMSA1NzMzLzQvMQpmIDU4MzUvMS8xIDU4MzYvMi8xIDU3MzUvMy8xIDU3MzQvNC8xCmYgNTgzNi8xLzEgNTgzNy8yLzEgNTczNi8zLzEgNTczNS80LzEKZiA1ODM3LzEvMSA1ODM4LzIvMSA1NzM3LzMvMSA1NzM2LzQvMQpmIDU4MzgvMS8xIDU4MzkvMi8xIDU3MzgvMy8xIDU3MzcvNC8xCmYgNTgzOS8xLzEgNTg0MC8yLzEgNTczOS8zLzEgNTczOC80LzEKZiA1ODQwLzEvMSA1ODQxLzIvMSA1NzQwLzMvMSA1NzM5LzQvMQpmIDU4NDEvMS8xIDU4NDIvMi8xIDU3NDEvMy8xIDU3NDAvNC8xCmYgNTg0Mi8xLzEgNTg0My8yLzEgNTc0Mi8zLzEgNTc0MS80LzEKZiA1ODQzLzEvMSA1ODQ0LzIvMSA1NzQzLzMvMSA1NzQyLzQvMQpmIDU4NDQvMS8xIDU4NDUvMi8xIDU3NDQvMy8xIDU3NDMvNC8xCmYgNTg0NS8xLzEgNTg0Ni8yLzEgNTc0NS8zLzEgNTc0NC80LzEKZiA1ODQ2LzEvMSA1ODQ3LzIvMSA1NzQ2LzMvMSA1NzQ1LzQvMQpmIDU4NDcvMS8xIDU4NDgvMi8xIDU3NDcvMy8xIDU3NDYvNC8xCmYgNTg0OC8xLzEgNTg0OS8yLzEgNTc0OC8zLzEgNTc0Ny80LzEKZiA1ODQ5LzEvMSA1ODUwLzIvMSA1NzQ5LzMvMSA1NzQ4LzQvMQpmIDU4NTAvMS8xIDU4NTEvMi8xIDU3NTAvMy8xIDU3NDkvNC8xCmYgNTg1MS8xLzEgNTg1Mi8yLzEgNTc1MS8zLzEgNTc1MC80LzEKZiA1ODUyLzEvMSA1ODUzLzIvMSA1NzUyLzMvMSA1NzUxLzQvMQpmIDU4NTMvMS8xIDU4NTQvMi8xIDU3NTMvMy8xIDU3NTIvNC8xCmYgNTg1NC8xLzEgNTg1NS8yLzEgNTc1NC8zLzEgNTc1My80LzEKZiA1ODU1LzEvMSA1ODU2LzIvMSA1NzU1LzMvMSA1NzU0LzQvMQpmIDU4NTYvMS8xIDU4NTcvMi8xIDU3NTYvMy8xIDU3NTUvNC8xCmYgNTg1Ny8xLzEgNTg1OC8yLzEgNTc1Ny8zLzEgNTc1Ni80LzEKZiA1ODU5LzEvMSA1ODYwLzIvMSA1NzU5LzMvMSA1NzU4LzQvMQpmIDU4NjAvMS8xIDU4NjEvMi8xIDU3NjAvMy8xIDU3NTkvNC8xCmYgNTg2MS8xLzEgNTg2Mi8yLzEgNTc2MS8zLzEgNTc2MC80LzEKZiA1ODYyLzEvMSA1ODYzLzIvMSA1NzYyLzMvMSA1NzYxLzQvMQpmIDU4NjMvMS8xIDU4NjQvMi8xIDU3NjMvMy8xIDU3NjIvNC8xCmYgNTg2NC8xLzEgNTg2NS8yLzEgNTc2NC8zLzEgNTc2My80LzEKZiA1ODY1LzEvMSA1ODY2LzIvMSA1NzY1LzMvMSA1NzY0LzQvMQpmIDU4NjYvMS8xIDU4NjcvMi8xIDU3NjYvMy8xIDU3NjUvNC8xCmYgNTg2Ny8xLzEgNTg2OC8yLzEgNTc2Ny8zLzEgNTc2Ni80LzEKZiA1ODY4LzEvMSA1ODY5LzIvMSA1NzY4LzMvMSA1NzY3LzQvMQpmIDU4NjkvMS8xIDU4NzAvMi8xIDU3NjkvMy8xIDU3NjgvNC8xCmYgNTg3MC8xLzEgNTg3MS8yLzEgNTc3MC8zLzEgNTc2OS80LzEKZiA1ODcxLzEvMSA1ODcyLzIvMSA1NzcxLzMvMSA1NzcwLzQvMQpmIDU4NzIvMS8xIDU4NzMvMi8xIDU3NzIvMy8xIDU3NzEvNC8xCmYgNTg3My8xLzEgNTg3NC8yLzEgNTc3My8zLzEgNTc3Mi80LzEKZiA1ODc0LzEvMSA1ODc1LzIvMSA1Nzc0LzMvMSA1NzczLzQvMQpmIDU4NzUvMS8xIDU4NzYvMi8xIDU3NzUvMy8xIDU3NzQvNC8xCmYgNTg3Ni8xLzEgNTg3Ny8yLzEgNTc3Ni8zLzEgNTc3NS80LzEKZiA1ODc3LzEvMSA1ODc4LzIvMSA1Nzc3LzMvMSA1Nzc2LzQvMQpmIDU4NzgvMS8xIDU4NzkvMi8xIDU3NzgvMy8xIDU3NzcvNC8xCmYgNTg3OS8xLzEgNTg4MC8yLzEgNTc3OS8zLzEgNTc3OC80LzEKZiA1ODgwLzEvMSA1ODgxLzIvMSA1NzgwLzMvMSA1Nzc5LzQvMQpmIDU4ODEvMS8xIDU4ODIvMi8xIDU3ODEvMy8xIDU3ODAvNC8xCmYgNTg4Mi8xLzEgNTg4My8yLzEgNTc4Mi8zLzEgNTc4MS80LzEKZiA1ODgzLzEvMSA1ODg0LzIvMSA1NzgzLzMvMSA1NzgyLzQvMQpmIDU4ODQvMS8xIDU4ODUvMi8xIDU3ODQvMy8xIDU3ODMvNC8xCmYgNTg4NS8xLzEgNTg4Ni8yLzEgNTc4NS8zLzEgNTc4NC80LzEKZiA1ODg2LzEvMSA1ODg3LzIvMSA1Nzg2LzMvMSA1Nzg1LzQvMQpmIDU4ODcvMS8xIDU4ODgvMi8xIDU3ODcvMy8xIDU3ODYvNC8xCmYgNTg4OC8xLzEgNTg4OS8yLzEgNTc4OC8zLzEgNTc4Ny80LzEKZiA1ODg5LzEvMSA1ODkwLzIvMSA1Nzg5LzMvMSA1Nzg4LzQvMQpmIDU4OTAvMS8xIDU4OTEvMi8xIDU3OTAvMy8xIDU3ODkvNC8xCmYgNTg5MS8xLzEgNTg5Mi8yLzEgNTc5MS8zLzEgNTc5MC80LzEKZiA1ODkyLzEvMSA1ODkzLzIvMSA1NzkyLzMvMSA1NzkxLzQvMQpmIDU4OTMvMS8xIDU4OTQvMi8xIDU3OTMvMy8xIDU3OTIvNC8xCmYgNTg5NC8xLzEgNTg5NS8yLzEgNTc5NC8zLzEgNTc5My80LzEKZiA1ODk1LzEvMSA1ODk2LzIvMSA1Nzk1LzMvMSA1Nzk0LzQvMQpmIDU4OTYvMS8xIDU4OTcvMi8xIDU3OTYvMy8xIDU3OTUvNC8xCmYgNTg5Ny8xLzEgNTg5OC8yLzEgNTc5Ny8zLzEgNTc5Ni80LzEKZiA1ODk4LzEvMSA1ODk5LzIvMSA1Nzk4LzMvMSA1Nzk3LzQvMQpmIDU4OTkvMS8xIDU5MDAvMi8xIDU3OTkvMy8xIDU3OTgvNC8xCmYgNTkwMC8xLzEgNTkwMS8yLzEgNTgwMC8zLzEgNTc5OS80LzEKZiA1OTAxLzEvMSA1OTAyLzIvMSA1ODAxLzMvMSA1ODAwLzQvMQpmIDU5MDIvMS8xIDU5MDMvMi8xIDU4MDIvMy8xIDU4MDEvNC8xCmYgNTkwMy8xLzEgNTkwNC8yLzEgNTgwMy8zLzEgNTgwMi80LzEKZiA1OTA0LzEvMSA1OTA1LzIvMSA1ODA0LzMvMSA1ODAzLzQvMQpmIDU5MDUvMS8xIDU5MDYvMi8xIDU4MDUvMy8xIDU4MDQvNC8xCmYgNTkwNi8xLzEgNTkwNy8yLzEgNTgwNi8zLzEgNTgwNS80LzEKZiA1OTA3LzEvMSA1OTA4LzIvMSA1ODA3LzMvMSA1ODA2LzQvMQpmIDU5MDgvMS8xIDU5MDkvMi8xIDU4MDgvMy8xIDU4MDcvNC8xCmYgNTkwOS8xLzEgNTkxMC8yLzEgNTgwOS8zLzEgNTgwOC80LzEKZiA1OTEwLzEvMSA1OTExLzIvMSA1ODEwLzMvMSA1ODA5LzQvMQpmIDU5MTEvMS8xIDU5MTIvMi8xIDU4MTEvMy8xIDU4MTAvNC8xCmYgNTkxMi8xLzEgNTkxMy8yLzEgNTgxMi8zLzEgNTgxMS80LzEKZiA1OTEzLzEvMSA1OTE0LzIvMSA1ODEzLzMvMSA1ODEyLzQvMQpmIDU5MTQvMS8xIDU5MTUvMi8xIDU4MTQvMy8xIDU4MTMvNC8xCmYgNTkxNS8xLzEgNTkxNi8yLzEgNTgxNS8zLzEgNTgxNC80LzEKZiA1OTE2LzEvMSA1OTE3LzIvMSA1ODE2LzMvMSA1ODE1LzQvMQpmIDU5MTcvMS8xIDU5MTgvMi8xIDU4MTcvMy8xIDU4MTYvNC8xCmYgNTkxOC8xLzEgNTkxOS8yLzEgNTgxOC8zLzEgNTgxNy80LzEKZiA1OTE5LzEvMSA1OTIwLzIvMSA1ODE5LzMvMSA1ODE4LzQvMQpmIDU5MjAvMS8xIDU5MjEvMi8xIDU4MjAvMy8xIDU4MTkvNC8xCmYgNTkyMS8xLzEgNTkyMi8yLzEgNTgyMS8zLzEgNTgyMC80LzEKZiA1OTIyLzEvMSA1OTIzLzIvMSA1ODIyLzMvMSA1ODIxLzQvMQpmIDU5MjMvMS8xIDU5MjQvMi8xIDU4MjMvMy8xIDU4MjIvNC8xCmYgNTkyNC8xLzEgNTkyNS8yLzEgNTgyNC8zLzEgNTgyMy80LzEKZiA1OTI1LzEvMSA1OTI2LzIvMSA1ODI1LzMvMSA1ODI0LzQvMQpmIDU5MjYvMS8xIDU5MjcvMi8xIDU4MjYvMy8xIDU4MjUvNC8xCmYgNTkyNy8xLzEgNTkyOC8yLzEgNTgyNy8zLzEgNTgyNi80LzEKZiA1OTI4LzEvMSA1OTI5LzIvMSA1ODI4LzMvMSA1ODI3LzQvMQpmIDU5MjkvMS8xIDU5MzAvMi8xIDU4MjkvMy8xIDU4MjgvNC8xCmYgNTkzMC8xLzEgNTkzMS8yLzEgNTgzMC8zLzEgNTgyOS80LzEKZiA1OTMxLzEvMSA1OTMyLzIvMSA1ODMxLzMvMSA1ODMwLzQvMQpmIDU5MzIvMS8xIDU5MzMvMi8xIDU4MzIvMy8xIDU4MzEvNC8xCmYgNTkzMy8xLzEgNTkzNC8yLzEgNTgzMy8zLzEgNTgzMi80LzEKZiA1OTM0LzEvMSA1OTM1LzIvMSA1ODM0LzMvMSA1ODMzLzQvMQpmIDU5MzUvMS8xIDU5MzYvMi8xIDU4MzUvMy8xIDU4MzQvNC8xCmYgNTkzNi8xLzEgNTkzNy8yLzEgNTgzNi8zLzEgNTgzNS80LzEKZiA1OTM3LzEvMSA1OTM4LzIvMSA1ODM3LzMvMSA1ODM2LzQvMQpmIDU5MzgvMS8xIDU5MzkvMi8xIDU4MzgvMy8xIDU4MzcvNC8xCmYgNTkzOS8xLzEgNTk0MC8yLzEgNTgzOS8zLzEgNTgzOC80LzEKZiA1OTQwLzEvMSA1OTQxLzIvMSA1ODQwLzMvMSA1ODM5LzQvMQpmIDU5NDEvMS8xIDU5NDIvMi8xIDU4NDEvMy8xIDU4NDAvNC8xCmYgNTk0Mi8xLzEgNTk0My8yLzEgNTg0Mi8zLzEgNTg0MS80LzEKZiA1OTQzLzEvMSA1OTQ0LzIvMSA1ODQzLzMvMSA1ODQyLzQvMQpmIDU5NDQvMS8xIDU5NDUvMi8xIDU4NDQvMy8xIDU4NDMvNC8xCmYgNTk0NS8xLzEgNTk0Ni8yLzEgNTg0NS8zLzEgNTg0NC80LzEKZiA1OTQ2LzEvMSA1OTQ3LzIvMSA1ODQ2LzMvMSA1ODQ1LzQvMQpmIDU5NDcvMS8xIDU5NDgvMi8xIDU4NDcvMy8xIDU4NDYvNC8xCmYgNTk0OC8xLzEgNTk0OS8yLzEgNTg0OC8zLzEgNTg0Ny80LzEKZiA1OTQ5LzEvMSA1OTUwLzIvMSA1ODQ5LzMvMSA1ODQ4LzQvMQpmIDU5NTAvMS8xIDU5NTEvMi8xIDU4NTAvMy8xIDU4NDkvNC8xCmYgNTk1MS8xLzEgNTk1Mi8yLzEgNTg1MS8zLzEgNTg1MC80LzEKZiA1OTUyLzEvMSA1OTUzLzIvMSA1ODUyLzMvMSA1ODUxLzQvMQpmIDU5NTMvMS8xIDU5NTQvMi8xIDU4NTMvMy8xIDU4NTIvNC8xCmYgNTk1NC8xLzEgNTk1NS8yLzEgNTg1NC8zLzEgNTg1My80LzEKZiA1OTU1LzEvMSA1OTU2LzIvMSA1ODU1LzMvMSA1ODU0LzQvMQpmIDU5NTYvMS8xIDU5NTcvMi8xIDU4NTYvMy8xIDU4NTUvNC8xCmYgNTk1Ny8xLzEgNTk1OC8yLzEgNTg1Ny8zLzEgNTg1Ni80LzEKZiA1OTU4LzEvMSA1OTU5LzIvMSA1ODU4LzMvMSA1ODU3LzQvMQpmIDU5NjAvMS8xIDU5NjEvMi8xIDU4NjAvMy8xIDU4NTkvNC8xCmYgNTk2MS8xLzEgNTk2Mi8yLzEgNTg2MS8zLzEgNTg2MC80LzEKZiA1OTYyLzEvMSA1OTYzLzIvMSA1ODYyLzMvMSA1ODYxLzQvMQpmIDU5NjMvMS8xIDU5NjQvMi8xIDU4NjMvMy8xIDU4NjIvNC8xCmYgNTk2NC8xLzEgNTk2NS8yLzEgNTg2NC8zLzEgNTg2My80LzEKZiA1OTY1LzEvMSA1OTY2LzIvMSA1ODY1LzMvMSA1ODY0LzQvMQpmIDU5NjYvMS8xIDU5NjcvMi8xIDU4NjYvMy8xIDU4NjUvNC8xCmYgNTk2Ny8xLzEgNTk2OC8yLzEgNTg2Ny8zLzEgNTg2Ni80LzEKZiA1OTY4LzEvMSA1OTY5LzIvMSA1ODY4LzMvMSA1ODY3LzQvMQpmIDU5NjkvMS8xIDU5NzAvMi8xIDU4NjkvMy8xIDU4NjgvNC8xCmYgNTk3MC8xLzEgNTk3MS8yLzEgNTg3MC8zLzEgNTg2OS80LzEKZiA1OTcxLzEvMSA1OTcyLzIvMSA1ODcxLzMvMSA1ODcwLzQvMQpmIDU5NzIvMS8xIDU5NzMvMi8xIDU4NzIvMy8xIDU4NzEvNC8xCmYgNTk3My8xLzEgNTk3NC8yLzEgNTg3My8zLzEgNTg3Mi80LzEKZiA1OTc0LzEvMSA1OTc1LzIvMSA1ODc0LzMvMSA1ODczLzQvMQpmIDU5NzUvMS8xIDU5NzYvMi8xIDU4NzUvMy8xIDU4NzQvNC8xCmYgNTk3Ni8xLzEgNTk3Ny8yLzEgNTg3Ni8zLzEgNTg3NS80LzEKZiA1OTc3LzEvMSA1OTc4LzIvMSA1ODc3LzMvMSA1ODc2LzQvMQpmIDU5NzgvMS8xIDU5NzkvMi8xIDU4NzgvMy8xIDU4NzcvNC8xCmYgNTk3OS8xLzEgNTk4MC8yLzEgNTg3OS8zLzEgNTg3OC80LzEKZiA1OTgwLzEvMSA1OTgxLzIvMSA1ODgwLzMvMSA1ODc5LzQvMQpmIDU5ODEvMS8xIDU5ODIvMi8xIDU4ODEvMy8xIDU4ODAvNC8xCmYgNTk4Mi8xLzEgNTk4My8yLzEgNTg4Mi8zLzEgNTg4MS80LzEKZiA1OTgzLzEvMSA1OTg0LzIvMSA1ODgzLzMvMSA1ODgyLzQvMQpmIDU5ODQvMS8xIDU5ODUvMi8xIDU4ODQvMy8xIDU4ODMvNC8xCmYgNTk4NS8xLzEgNTk4Ni8yLzEgNTg4NS8zLzEgNTg4NC80LzEKZiA1OTg2LzEvMSA1OTg3LzIvMSA1ODg2LzMvMSA1ODg1LzQvMQpmIDU5ODcvMS8xIDU5ODgvMi8xIDU4ODcvMy8xIDU4ODYvNC8xCmYgNTk4OC8xLzEgNTk4OS8yLzEgNTg4OC8zLzEgNTg4Ny80LzEKZiA1OTg5LzEvMSA1OTkwLzIvMSA1ODg5LzMvMSA1ODg4LzQvMQpmIDU5OTAvMS8xIDU5OTEvMi8xIDU4OTAvMy8xIDU4ODkvNC8xCmYgNTk5MS8xLzEgNTk5Mi8yLzEgNTg5MS8zLzEgNTg5MC80LzEKZiA1OTkyLzEvMSA1OTkzLzIvMSA1ODkyLzMvMSA1ODkxLzQvMQpmIDU5OTMvMS8xIDU5OTQvMi8xIDU4OTMvMy8xIDU4OTIvNC8xCmYgNTk5NC8xLzEgNTk5NS8yLzEgNTg5NC8zLzEgNTg5My80LzEKZiA1OTk1LzEvMSA1OTk2LzIvMSA1ODk1LzMvMSA1ODk0LzQvMQpmIDU5OTYvMS8xIDU5OTcvMi8xIDU4OTYvMy8xIDU4OTUvNC8xCmYgNTk5Ny8xLzEgNTk5OC8yLzEgNTg5Ny8zLzEgNTg5Ni80LzEKZiA1OTk4LzEvMSA1OTk5LzIvMSA1ODk4LzMvMSA1ODk3LzQvMQpmIDU5OTkvMS8xIDYwMDAvMi8xIDU4OTkvMy8xIDU4OTgvNC8xCmYgNjAwMC8xLzEgNjAwMS8yLzEgNTkwMC8zLzEgNTg5OS80LzEKZiA2MDAxLzEvMSA2MDAyLzIvMSA1OTAxLzMvMSA1OTAwLzQvMQpmIDYwMDIvMS8xIDYwMDMvMi8xIDU5MDIvMy8xIDU5MDEvNC8xCmYgNjAwMy8xLzEgNjAwNC8yLzEgNTkwMy8zLzEgNTkwMi80LzEKZiA2MDA0LzEvMSA2MDA1LzIvMSA1OTA0LzMvMSA1OTAzLzQvMQpmIDYwMDUvMS8xIDYwMDYvMi8xIDU5MDUvMy8xIDU5MDQvNC8xCmYgNjAwNi8xLzEgNjAwNy8yLzEgNTkwNi8zLzEgNTkwNS80LzEKZiA2MDA3LzEvMSA2MDA4LzIvMSA1OTA3LzMvMSA1OTA2LzQvMQpmIDYwMDgvMS8xIDYwMDkvMi8xIDU5MDgvMy8xIDU5MDcvNC8xCmYgNjAwOS8xLzEgNjAxMC8yLzEgNTkwOS8zLzEgNTkwOC80LzEKZiA2MDEwLzEvMSA2MDExLzIvMSA1OTEwLzMvMSA1OTA5LzQvMQpmIDYwMTEvMS8xIDYwMTIvMi8xIDU5MTEvMy8xIDU5MTAvNC8xCmYgNjAxMi8xLzEgNjAxMy8yLzEgNTkxMi8zLzEgNTkxMS80LzEKZiA2MDEzLzEvMSA2MDE0LzIvMSA1OTEzLzMvMSA1OTEyLzQvMQpmIDYwMTQvMS8xIDYwMTUvMi8xIDU5MTQvMy8xIDU5MTMvNC8xCmYgNjAxNS8xLzEgNjAxNi8yLzEgNTkxNS8zLzEgNTkxNC80LzEKZiA2MDE2LzEvMSA2MDE3LzIvMSA1OTE2LzMvMSA1OTE1LzQvMQpmIDYwMTcvMS8xIDYwMTgvMi8xIDU5MTcvMy8xIDU5MTYvNC8xCmYgNjAxOC8xLzEgNjAxOS8yLzEgNTkxOC8zLzEgNTkxNy80LzEKZiA2MDE5LzEvMSA2MDIwLzIvMSA1OTE5LzMvMSA1OTE4LzQvMQpmIDYwMjAvMS8xIDYwMjEvMi8xIDU5MjAvMy8xIDU5MTkvNC8xCmYgNjAyMS8xLzEgNjAyMi8yLzEgNTkyMS8zLzEgNTkyMC80LzEKZiA2MDIyLzEvMSA2MDIzLzIvMSA1OTIyLzMvMSA1OTIxLzQvMQpmIDYwMjMvMS8xIDYwMjQvMi8xIDU5MjMvMy8xIDU5MjIvNC8xCmYgNjAyNC8xLzEgNjAyNS8yLzEgNTkyNC8zLzEgNTkyMy80LzEKZiA2MDI1LzEvMSA2MDI2LzIvMSA1OTI1LzMvMSA1OTI0LzQvMQpmIDYwMjYvMS8xIDYwMjcvMi8xIDU5MjYvMy8xIDU5MjUvNC8xCmYgNjAyNy8xLzEgNjAyOC8yLzEgNTkyNy8zLzEgNTkyNi80LzEKZiA2MDI4LzEvMSA2MDI5LzIvMSA1OTI4LzMvMSA1OTI3LzQvMQpmIDYwMjkvMS8xIDYwMzAvMi8xIDU5MjkvMy8xIDU5MjgvNC8xCmYgNjAzMC8xLzEgNjAzMS8yLzEgNTkzMC8zLzEgNTkyOS80LzEKZiA2MDMxLzEvMSA2MDMyLzIvMSA1OTMxLzMvMSA1OTMwLzQvMQpmIDYwMzIvMS8xIDYwMzMvMi8xIDU5MzIvMy8xIDU5MzEvNC8xCmYgNjAzMy8xLzEgNjAzNC8yLzEgNTkzMy8zLzEgNTkzMi80LzEKZiA2MDM0LzEvMSA2MDM1LzIvMSA1OTM0LzMvMSA1OTMzLzQvMQpmIDYwMzUvMS8xIDYwMzYvMi8xIDU5MzUvMy8xIDU5MzQvNC8xCmYgNjAzNi8xLzEgNjAzNy8yLzEgNTkzNi8zLzEgNTkzNS80LzEKZiA2MDM3LzEvMSA2MDM4LzIvMSA1OTM3LzMvMSA1OTM2LzQvMQpmIDYwMzgvMS8xIDYwMzkvMi8xIDU5MzgvMy8xIDU5MzcvNC8xCmYgNjAzOS8xLzEgNjA0MC8yLzEgNTkzOS8zLzEgNTkzOC80LzEKZiA2MDQwLzEvMSA2MDQxLzIvMSA1OTQwLzMvMSA1OTM5LzQvMQpmIDYwNDEvMS8xIDYwNDIvMi8xIDU5NDEvMy8xIDU5NDAvNC8xCmYgNjA0Mi8xLzEgNjA0My8yLzEgNTk0Mi8zLzEgNTk0MS80LzEKZiA2MDQzLzEvMSA2MDQ0LzIvMSA1OTQzLzMvMSA1OTQyLzQvMQpmIDYwNDQvMS8xIDYwNDUvMi8xIDU5NDQvMy8xIDU5NDMvNC8xCmYgNjA0NS8xLzEgNjA0Ni8yLzEgNTk0NS8zLzEgNTk0NC80LzEKZiA2MDQ2LzEvMSA2MDQ3LzIvMSA1OTQ2LzMvMSA1OTQ1LzQvMQpmIDYwNDcvMS8xIDYwNDgvMi8xIDU5NDcvMy8xIDU5NDYvNC8xCmYgNjA0OC8xLzEgNjA0OS8yLzEgNTk0OC8zLzEgNTk0Ny80LzEKZiA2MDQ5LzEvMSA2MDUwLzIvMSA1OTQ5LzMvMSA1OTQ4LzQvMQpmIDYwNTAvMS8xIDYwNTEvMi8xIDU5NTAvMy8xIDU5NDkvNC8xCmYgNjA1MS8xLzEgNjA1Mi8yLzEgNTk1MS8zLzEgNTk1MC80LzEKZiA2MDUyLzEvMSA2MDUzLzIvMSA1OTUyLzMvMSA1OTUxLzQvMQpmIDYwNTMvMS8xIDYwNTQvMi8xIDU5NTMvMy8xIDU5NTIvNC8xCmYgNjA1NC8xLzEgNjA1NS8yLzEgNTk1NC8zLzEgNTk1My80LzEKZiA2MDU1LzEvMSA2MDU2LzIvMSA1OTU1LzMvMSA1OTU0LzQvMQpmIDYwNTYvMS8xIDYwNTcvMi8xIDU5NTYvMy8xIDU5NTUvNC8xCmYgNjA1Ny8xLzEgNjA1OC8yLzEgNTk1Ny8zLzEgNTk1Ni80LzEKZiA2MDU4LzEvMSA2MDU5LzIvMSA1OTU4LzMvMSA1OTU3LzQvMQpmIDYwNTkvMS8xIDYwNjAvMi8xIDU5NTkvMy8xIDU5NTgvNC8xCmYgNjA2MS8xLzEgNjA2Mi8yLzEgNTk2MS8zLzEgNTk2MC80LzEKZiA2MDYyLzEvMSA2MDYzLzIvMSA1OTYyLzMvMSA1OTYxLzQvMQpmIDYwNjMvMS8xIDYwNjQvMi8xIDU5NjMvMy8xIDU5NjIvNC8xCmYgNjA2NC8xLzEgNjA2NS8yLzEgNTk2NC8zLzEgNTk2My80LzEKZiA2MDY1LzEvMSA2MDY2LzIvMSA1OTY1LzMvMSA1OTY0LzQvMQpmIDYwNjYvMS8xIDYwNjcvMi8xIDU5NjYvMy8xIDU5NjUvNC8xCmYgNjA2Ny8xLzEgNjA2OC8yLzEgNTk2Ny8zLzEgNTk2Ni80LzEKZiA2MDY4LzEvMSA2MDY5LzIvMSA1OTY4LzMvMSA1OTY3LzQvMQpmIDYwNjkvMS8xIDYwNzAvMi8xIDU5NjkvMy8xIDU5NjgvNC8xCmYgNjA3MC8xLzEgNjA3MS8yLzEgNTk3MC8zLzEgNTk2OS80LzEKZiA2MDcxLzEvMSA2MDcyLzIvMSA1OTcxLzMvMSA1OTcwLzQvMQpmIDYwNzIvMS8xIDYwNzMvMi8xIDU5NzIvMy8xIDU5NzEvNC8xCmYgNjA3My8xLzEgNjA3NC8yLzEgNTk3My8zLzEgNTk3Mi80LzEKZiA2MDc0LzEvMSA2MDc1LzIvMSA1OTc0LzMvMSA1OTczLzQvMQpmIDYwNzUvMS8xIDYwNzYvMi8xIDU5NzUvMy8xIDU5NzQvNC8xCmYgNjA3Ni8xLzEgNjA3Ny8yLzEgNTk3Ni8zLzEgNTk3NS80LzEKZiA2MDc3LzEvMSA2MDc4LzIvMSA1OTc3LzMvMSA1OTc2LzQvMQpmIDYwNzgvMS8xIDYwNzkvMi8xIDU5NzgvMy8xIDU5NzcvNC8xCmYgNjA3OS8xLzEgNjA4MC8yLzEgNTk3OS8zLzEgNTk3OC80LzEKZiA2MDgwLzEvMSA2MDgxLzIvMSA1OTgwLzMvMSA1OTc5LzQvMQpmIDYwODEvMS8xIDYwODIvMi8xIDU5ODEvMy8xIDU5ODAvNC8xCmYgNjA4Mi8xLzEgNjA4My8yLzEgNTk4Mi8zLzEgNTk4MS80LzEKZiA2MDgzLzEvMSA2MDg0LzIvMSA1OTgzLzMvMSA1OTgyLzQvMQpmIDYwODQvMS8xIDYwODUvMi8xIDU5ODQvMy8xIDU5ODMvNC8xCmYgNjA4NS8xLzEgNjA4Ni8yLzEgNTk4NS8zLzEgNTk4NC80LzEKZiA2MDg2LzEvMSA2MDg3LzIvMSA1OTg2LzMvMSA1OTg1LzQvMQpmIDYwODcvMS8xIDYwODgvMi8xIDU5ODcvMy8xIDU5ODYvNC8xCmYgNjA4OC8xLzEgNjA4OS8yLzEgNTk4OC8zLzEgNTk4Ny80LzEKZiA2MDg5LzEvMSA2MDkwLzIvMSA1OTg5LzMvMSA1OTg4LzQvMQpmIDYwOTAvMS8xIDYwOTEvMi8xIDU5OTAvMy8xIDU5ODkvNC8xCmYgNjA5MS8xLzEgNjA5Mi8yLzEgNTk5MS8zLzEgNTk5MC80LzEKZiA2MDkyLzEvMSA2MDkzLzIvMSA1OTkyLzMvMSA1OTkxLzQvMQpmIDYwOTMvMS8xIDYwOTQvMi8xIDU5OTMvMy8xIDU5OTIvNC8xCmYgNjA5NC8xLzEgNjA5NS8yLzEgNTk5NC8zLzEgNTk5My80LzEKZiA2MDk1LzEvMSA2MDk2LzIvMSA1OTk1LzMvMSA1OTk0LzQvMQpmIDYwOTYvMS8xIDYwOTcvMi8xIDU5OTYvMy8xIDU5OTUvNC8xCmYgNjA5Ny8xLzEgNjA5OC8yLzEgNTk5Ny8zLzEgNTk5Ni80LzEKZiA2MDk4LzEvMSA2MDk5LzIvMSA1OTk4LzMvMSA1OTk3LzQvMQpmIDYwOTkvMS8xIDYxMDAvMi8xIDU5OTkvMy8xIDU5OTgvNC8xCmYgNjEwMC8xLzEgNjEwMS8yLzEgNjAwMC8zLzEgNTk5OS80LzEKZiA2MTAxLzEvMSA2MTAyLzIvMSA2MDAxLzMvMSA2MDAwLzQvMQpmIDYxMDIvMS8xIDYxMDMvMi8xIDYwMDIvMy8xIDYwMDEvNC8xCmYgNjEwMy8xLzEgNjEwNC8yLzEgNjAwMy8zLzEgNjAwMi80LzEKZiA2MTA0LzEvMSA2MTA1LzIvMSA2MDA0LzMvMSA2MDAzLzQvMQpmIDYxMDUvMS8xIDYxMDYvMi8xIDYwMDUvMy8xIDYwMDQvNC8xCmYgNjEwNi8xLzEgNjEwNy8yLzEgNjAwNi8zLzEgNjAwNS80LzEKZiA2MTA3LzEvMSA2MTA4LzIvMSA2MDA3LzMvMSA2MDA2LzQvMQpmIDYxMDgvMS8xIDYxMDkvMi8xIDYwMDgvMy8xIDYwMDcvNC8xCmYgNjEwOS8xLzEgNjExMC8yLzEgNjAwOS8zLzEgNjAwOC80LzEKZiA2MTEwLzEvMSA2MTExLzIvMSA2MDEwLzMvMSA2MDA5LzQvMQpmIDYxMTEvMS8xIDYxMTIvMi8xIDYwMTEvMy8xIDYwMTAvNC8xCmYgNjExMi8xLzEgNjExMy8yLzEgNjAxMi8zLzEgNjAxMS80LzEKZiA2MTEzLzEvMSA2MTE0LzIvMSA2MDEzLzMvMSA2MDEyLzQvMQpmIDYxMTQvMS8xIDYxMTUvMi8xIDYwMTQvMy8xIDYwMTMvNC8xCmYgNjExNS8xLzEgNjExNi8yLzEgNjAxNS8zLzEgNjAxNC80LzEKZiA2MTE2LzEvMSA2MTE3LzIvMSA2MDE2LzMvMSA2MDE1LzQvMQpmIDYxMTcvMS8xIDYxMTgvMi8xIDYwMTcvMy8xIDYwMTYvNC8xCmYgNjExOC8xLzEgNjExOS8yLzEgNjAxOC8zLzEgNjAxNy80LzEKZiA2MTE5LzEvMSA2MTIwLzIvMSA2MDE5LzMvMSA2MDE4LzQvMQpmIDYxMjAvMS8xIDYxMjEvMi8xIDYwMjAvMy8xIDYwMTkvNC8xCmYgNjEyMS8xLzEgNjEyMi8yLzEgNjAyMS8zLzEgNjAyMC80LzEKZiA2MTIyLzEvMSA2MTIzLzIvMSA2MDIyLzMvMSA2MDIxLzQvMQpmIDYxMjMvMS8xIDYxMjQvMi8xIDYwMjMvMy8xIDYwMjIvNC8xCmYgNjEyNC8xLzEgNjEyNS8yLzEgNjAyNC8zLzEgNjAyMy80LzEKZiA2MTI1LzEvMSA2MTI2LzIvMSA2MDI1LzMvMSA2MDI0LzQvMQpmIDYxMjYvMS8xIDYxMjcvMi8xIDYwMjYvMy8xIDYwMjUvNC8xCmYgNjEyNy8xLzEgNjEyOC8yLzEgNjAyNy8zLzEgNjAyNi80LzEKZiA2MTI4LzEvMSA2MTI5LzIvMSA2MDI4LzMvMSA2MDI3LzQvMQpmIDYxMjkvMS8xIDYxMzAvMi8xIDYwMjkvMy8xIDYwMjgvNC8xCmYgNjEzMC8xLzEgNjEzMS8yLzEgNjAzMC8zLzEgNjAyOS80LzEKZiA2MTMxLzEvMSA2MTMyLzIvMSA2MDMxLzMvMSA2MDMwLzQvMQpmIDYxMzIvMS8xIDYxMzMvMi8xIDYwMzIvMy8xIDYwMzEvNC8xCmYgNjEzMy8xLzEgNjEzNC8yLzEgNjAzMy8zLzEgNjAzMi80LzEKZiA2MTM0LzEvMSA2MTM1LzIvMSA2MDM0LzMvMSA2MDMzLzQvMQpmIDYxMzUvMS8xIDYxMzYvMi8xIDYwMzUvMy8xIDYwMzQvNC8xCmYgNjEzNi8xLzEgNjEzNy8yLzEgNjAzNi8zLzEgNjAzNS80LzEKZiA2MTM3LzEvMSA2MTM4LzIvMSA2MDM3LzMvMSA2MDM2LzQvMQpmIDYxMzgvMS8xIDYxMzkvMi8xIDYwMzgvMy8xIDYwMzcvNC8xCmYgNjEzOS8xLzEgNjE0MC8yLzEgNjAzOS8zLzEgNjAzOC80LzEKZiA2MTQwLzEvMSA2MTQxLzIvMSA2MDQwLzMvMSA2MDM5LzQvMQpmIDYxNDEvMS8xIDYxNDIvMi8xIDYwNDEvMy8xIDYwNDAvNC8xCmYgNjE0Mi8xLzEgNjE0My8yLzEgNjA0Mi8zLzEgNjA0MS80LzEKZiA2MTQzLzEvMSA2MTQ0LzIvMSA2MDQzLzMvMSA2MDQyLzQvMQpmIDYxNDQvMS8xIDYxNDUvMi8xIDYwNDQvMy8xIDYwNDMvNC8xCmYgNjE0NS8xLzEgNjE0Ni8yLzEgNjA0NS8zLzEgNjA0NC80LzEKZiA2MTQ2LzEvMSA2MTQ3LzIvMSA2MDQ2LzMvMSA2MDQ1LzQvMQpmIDYxNDcvMS8xIDYxNDgvMi8xIDYwNDcvMy8xIDYwNDYvNC8xCmYgNjE0OC8xLzEgNjE0OS8yLzEgNjA0OC8zLzEgNjA0Ny80LzEKZiA2MTQ5LzEvMSA2MTUwLzIvMSA2MDQ5LzMvMSA2MDQ4LzQvMQpmIDYxNTAvMS8xIDYxNTEvMi8xIDYwNTAvMy8xIDYwNDkvNC8xCmYgNjE1MS8xLzEgNjE1Mi8yLzEgNjA1MS8zLzEgNjA1MC80LzEKZiA2MTUyLzEvMSA2MTUzLzIvMSA2MDUyLzMvMSA2MDUxLzQvMQpmIDYxNTMvMS8xIDYxNTQvMi8xIDYwNTMvMy8xIDYwNTIvNC8xCmYgNjE1NC8xLzEgNjE1NS8yLzEgNjA1NC8zLzEgNjA1My80LzEKZiA2MTU1LzEvMSA2MTU2LzIvMSA2MDU1LzMvMSA2MDU0LzQvMQpmIDYxNTYvMS8xIDYxNTcvMi8xIDYwNTYvMy8xIDYwNTUvNC8xCmYgNjE1Ny8xLzEgNjE1OC8yLzEgNjA1Ny8zLzEgNjA1Ni80LzEKZiA2MTU4LzEvMSA2MTU5LzIvMSA2MDU4LzMvMSA2MDU3LzQvMQpmIDYxNTkvMS8xIDYxNjAvMi8xIDYwNTkvMy8xIDYwNTgvNC8xCmYgNjE2MC8xLzEgNjE2MS8yLzEgNjA2MC8zLzEgNjA1OS80LzEKZiA2MTYyLzEvMSA2MTYzLzIvMSA2MDYyLzMvMSA2MDYxLzQvMQpmIDYxNjMvMS8xIDYxNjQvMi8xIDYwNjMvMy8xIDYwNjIvNC8xCmYgNjE2NC8xLzEgNjE2NS8yLzEgNjA2NC8zLzEgNjA2My80LzEKZiA2MTY1LzEvMSA2MTY2LzIvMSA2MDY1LzMvMSA2MDY0LzQvMQpmIDYxNjYvMS8xIDYxNjcvMi8xIDYwNjYvMy8xIDYwNjUvNC8xCmYgNjE2Ny8xLzEgNjE2OC8yLzEgNjA2Ny8zLzEgNjA2Ni80LzEKZiA2MTY4LzEvMSA2MTY5LzIvMSA2MDY4LzMvMSA2MDY3LzQvMQpmIDYxNjkvMS8xIDYxNzAvMi8xIDYwNjkvMy8xIDYwNjgvNC8xCmYgNjE3MC8xLzEgNjE3MS8yLzEgNjA3MC8zLzEgNjA2OS80LzEKZiA2MTcxLzEvMSA2MTcyLzIvMSA2MDcxLzMvMSA2MDcwLzQvMQpmIDYxNzIvMS8xIDYxNzMvMi8xIDYwNzIvMy8xIDYwNzEvNC8xCmYgNjE3My8xLzEgNjE3NC8yLzEgNjA3My8zLzEgNjA3Mi80LzEKZiA2MTc0LzEvMSA2MTc1LzIvMSA2MDc0LzMvMSA2MDczLzQvMQpmIDYxNzUvMS8xIDYxNzYvMi8xIDYwNzUvMy8xIDYwNzQvNC8xCmYgNjE3Ni8xLzEgNjE3Ny8yLzEgNjA3Ni8zLzEgNjA3NS80LzEKZiA2MTc3LzEvMSA2MTc4LzIvMSA2MDc3LzMvMSA2MDc2LzQvMQpmIDYxNzgvMS8xIDYxNzkvMi8xIDYwNzgvMy8xIDYwNzcvNC8xCmYgNjE3OS8xLzEgNjE4MC8yLzEgNjA3OS8zLzEgNjA3OC80LzEKZiA2MTgwLzEvMSA2MTgxLzIvMSA2MDgwLzMvMSA2MDc5LzQvMQpmIDYxODEvMS8xIDYxODIvMi8xIDYwODEvMy8xIDYwODAvNC8xCmYgNjE4Mi8xLzEgNjE4My8yLzEgNjA4Mi8zLzEgNjA4MS80LzEKZiA2MTgzLzEvMSA2MTg0LzIvMSA2MDgzLzMvMSA2MDgyLzQvMQpmIDYxODQvMS8xIDYxODUvMi8xIDYwODQvMy8xIDYwODMvNC8xCmYgNjE4NS8xLzEgNjE4Ni8yLzEgNjA4NS8zLzEgNjA4NC80LzEKZiA2MTg2LzEvMSA2MTg3LzIvMSA2MDg2LzMvMSA2MDg1LzQvMQpmIDYxODcvMS8xIDYxODgvMi8xIDYwODcvMy8xIDYwODYvNC8xCmYgNjE4OC8xLzEgNjE4OS8yLzEgNjA4OC8zLzEgNjA4Ny80LzEKZiA2MTg5LzEvMSA2MTkwLzIvMSA2MDg5LzMvMSA2MDg4LzQvMQpmIDYxOTAvMS8xIDYxOTEvMi8xIDYwOTAvMy8xIDYwODkvNC8xCmYgNjE5MS8xLzEgNjE5Mi8yLzEgNjA5MS8zLzEgNjA5MC80LzEKZiA2MTkyLzEvMSA2MTkzLzIvMSA2MDkyLzMvMSA2MDkxLzQvMQpmIDYxOTMvMS8xIDYxOTQvMi8xIDYwOTMvMy8xIDYwOTIvNC8xCmYgNjE5NC8xLzEgNjE5NS8yLzEgNjA5NC8zLzEgNjA5My80LzEKZiA2MTk1LzEvMSA2MTk2LzIvMSA2MDk1LzMvMSA2MDk0LzQvMQpmIDYxOTYvMS8xIDYxOTcvMi8xIDYwOTYvMy8xIDYwOTUvNC8xCmYgNjE5Ny8xLzEgNjE5OC8yLzEgNjA5Ny8zLzEgNjA5Ni80LzEKZiA2MTk4LzEvMSA2MTk5LzIvMSA2MDk4LzMvMSA2MDk3LzQvMQpmIDYxOTkvMS8xIDYyMDAvMi8xIDYwOTkvMy8xIDYwOTgvNC8xCmYgNjIwMC8xLzEgNjIwMS8yLzEgNjEwMC8zLzEgNjA5OS80LzEKZiA2MjAxLzEvMSA2MjAyLzIvMSA2MTAxLzMvMSA2MTAwLzQvMQpmIDYyMDIvMS8xIDYyMDMvMi8xIDYxMDIvMy8xIDYxMDEvNC8xCmYgNjIwMy8xLzEgNjIwNC8yLzEgNjEwMy8zLzEgNjEwMi80LzEKZiA2MjA0LzEvMSA2MjA1LzIvMSA2MTA0LzMvMSA2MTAzLzQvMQpmIDYyMDUvMS8xIDYyMDYvMi8xIDYxMDUvMy8xIDYxMDQvNC8xCmYgNjIwNi8xLzEgNjIwNy8yLzEgNjEwNi8zLzEgNjEwNS80LzEKZiA2MjA3LzEvMSA2MjA4LzIvMSA2MTA3LzMvMSA2MTA2LzQvMQpmIDYyMDgvMS8xIDYyMDkvMi8xIDYxMDgvMy8xIDYxMDcvNC8xCmYgNjIwOS8xLzEgNjIxMC8yLzEgNjEwOS8zLzEgNjEwOC80LzEKZiA2MjEwLzEvMSA2MjExLzIvMSA2MTEwLzMvMSA2MTA5LzQvMQpmIDYyMTEvMS8xIDYyMTIvMi8xIDYxMTEvMy8xIDYxMTAvNC8xCmYgNjIxMi8xLzEgNjIxMy8yLzEgNjExMi8zLzEgNjExMS80LzEKZiA2MjEzLzEvMSA2MjE0LzIvMSA2MTEzLzMvMSA2MTEyLzQvMQpmIDYyMTQvMS8xIDYyMTUvMi8xIDYxMTQvMy8xIDYxMTMvNC8xCmYgNjIxNS8xLzEgNjIxNi8yLzEgNjExNS8zLzEgNjExNC80LzEKZiA2MjE2LzEvMSA2MjE3LzIvMSA2MTE2LzMvMSA2MTE1LzQvMQpmIDYyMTcvMS8xIDYyMTgvMi8xIDYxMTcvMy8xIDYxMTYvNC8xCmYgNjIxOC8xLzEgNjIxOS8yLzEgNjExOC8zLzEgNjExNy80LzEKZiA2MjE5LzEvMSA2MjIwLzIvMSA2MTE5LzMvMSA2MTE4LzQvMQpmIDYyMjAvMS8xIDYyMjEvMi8xIDYxMjAvMy8xIDYxMTkvNC8xCmYgNjIyMS8xLzEgNjIyMi8yLzEgNjEyMS8zLzEgNjEyMC80LzEKZiA2MjIyLzEvMSA2MjIzLzIvMSA2MTIyLzMvMSA2MTIxLzQvMQpmIDYyMjMvMS8xIDYyMjQvMi8xIDYxMjMvMy8xIDYxMjIvNC8xCmYgNjIyNC8xLzEgNjIyNS8yLzEgNjEyNC8zLzEgNjEyMy80LzEKZiA2MjI1LzEvMSA2MjI2LzIvMSA2MTI1LzMvMSA2MTI0LzQvMQpmIDYyMjYvMS8xIDYyMjcvMi8xIDYxMjYvMy8xIDYxMjUvNC8xCmYgNjIyNy8xLzEgNjIyOC8yLzEgNjEyNy8zLzEgNjEyNi80LzEKZiA2MjI4LzEvMSA2MjI5LzIvMSA2MTI4LzMvMSA2MTI3LzQvMQpmIDYyMjkvMS8xIDYyMzAvMi8xIDYxMjkvMy8xIDYxMjgvNC8xCmYgNjIzMC8xLzEgNjIzMS8yLzEgNjEzMC8zLzEgNjEyOS80LzEKZiA2MjMxLzEvMSA2MjMyLzIvMSA2MTMxLzMvMSA2MTMwLzQvMQpmIDYyMzIvMS8xIDYyMzMvMi8xIDYxMzIvMy8xIDYxMzEvNC8xCmYgNjIzMy8xLzEgNjIzNC8yLzEgNjEzMy8zLzEgNjEzMi80LzEKZiA2MjM0LzEvMSA2MjM1LzIvMSA2MTM0LzMvMSA2MTMzLzQvMQpmIDYyMzUvMS8xIDYyMzYvMi8xIDYxMzUvMy8xIDYxMzQvNC8xCmYgNjIzNi8xLzEgNjIzNy8yLzEgNjEzNi8zLzEgNjEzNS80LzEKZiA2MjM3LzEvMSA2MjM4LzIvMSA2MTM3LzMvMSA2MTM2LzQvMQpmIDYyMzgvMS8xIDYyMzkvMi8xIDYxMzgvMy8xIDYxMzcvNC8xCmYgNjIzOS8xLzEgNjI0MC8yLzEgNjEzOS8zLzEgNjEzOC80LzEKZiA2MjQwLzEvMSA2MjQxLzIvMSA2MTQwLzMvMSA2MTM5LzQvMQpmIDYyNDEvMS8xIDYyNDIvMi8xIDYxNDEvMy8xIDYxNDAvNC8xCmYgNjI0Mi8xLzEgNjI0My8yLzEgNjE0Mi8zLzEgNjE0MS80LzEKZiA2MjQzLzEvMSA2MjQ0LzIvMSA2MTQzLzMvMSA2MTQyLzQvMQpmIDYyNDQvMS8xIDYyNDUvMi8xIDYxNDQvMy8xIDYxNDMvNC8xCmYgNjI0NS8xLzEgNjI0Ni8yLzEgNjE0NS8zLzEgNjE0NC80LzEKZiA2MjQ2LzEvMSA2MjQ3LzIvMSA2MTQ2LzMvMSA2MTQ1LzQvMQpmIDYyNDcvMS8xIDYyNDgvMi8xIDYxNDcvMy8xIDYxNDYvNC8xCmYgNjI0OC8xLzEgNjI0OS8yLzEgNjE0OC8zLzEgNjE0Ny80LzEKZiA2MjQ5LzEvMSA2MjUwLzIvMSA2MTQ5LzMvMSA2MTQ4LzQvMQpmIDYyNTAvMS8xIDYyNTEvMi8xIDYxNTAvMy8xIDYxNDkvNC8xCmYgNjI1MS8xLzEgNjI1Mi8yLzEgNjE1MS8zLzEgNjE1MC80LzEKZiA2MjUyLzEvMSA2MjUzLzIvMSA2MTUyLzMvMSA2MTUxLzQvMQpmIDYyNTMvMS8xIDYyNTQvMi8xIDYxNTMvMy8xIDYxNTIvNC8xCmYgNjI1NC8xLzEgNjI1NS8yLzEgNjE1NC8zLzEgNjE1My80LzEKZiA2MjU1LzEvMSA2MjU2LzIvMSA2MTU1LzMvMSA2MTU0LzQvMQpmIDYyNTYvMS8xIDYyNTcvMi8xIDYxNTYvMy8xIDYxNTUvNC8xCmYgNjI1Ny8xLzEgNjI1OC8yLzEgNjE1Ny8zLzEgNjE1Ni80LzEKZiA2MjU4LzEvMSA2MjU5LzIvMSA2MTU4LzMvMSA2MTU3LzQvMQpmIDYyNTkvMS8xIDYyNjAvMi8xIDYxNTkvMy8xIDYxNTgvNC8xCmYgNjI2MC8xLzEgNjI2MS8yLzEgNjE2MC8zLzEgNjE1OS80LzEKZiA2MjYxLzEvMSA2MjYyLzIvMSA2MTYxLzMvMSA2MTYwLzQvMQpmIDYyNjMvMS8xIDYyNjQvMi8xIDYxNjMvMy8xIDYxNjIvNC8xCmYgNjI2NC8xLzEgNjI2NS8yLzEgNjE2NC8zLzEgNjE2My80LzEKZiA2MjY1LzEvMSA2MjY2LzIvMSA2MTY1LzMvMSA2MTY0LzQvMQpmIDYyNjYvMS8xIDYyNjcvMi8xIDYxNjYvMy8xIDYxNjUvNC8xCmYgNjI2Ny8xLzEgNjI2OC8yLzEgNjE2Ny8zLzEgNjE2Ni80LzEKZiA2MjY4LzEvMSA2MjY5LzIvMSA2MTY4LzMvMSA2MTY3LzQvMQpmIDYyNjkvMS8xIDYyNzAvMi8xIDYxNjkvMy8xIDYxNjgvNC8xCmYgNjI3MC8xLzEgNjI3MS8yLzEgNjE3MC8zLzEgNjE2OS80LzEKZiA2MjcxLzEvMSA2MjcyLzIvMSA2MTcxLzMvMSA2MTcwLzQvMQpmIDYyNzIvMS8xIDYyNzMvMi8xIDYxNzIvMy8xIDYxNzEvNC8xCmYgNjI3My8xLzEgNjI3NC8yLzEgNjE3My8zLzEgNjE3Mi80LzEKZiA2Mjc0LzEvMSA2Mjc1LzIvMSA2MTc0LzMvMSA2MTczLzQvMQpmIDYyNzUvMS8xIDYyNzYvMi8xIDYxNzUvMy8xIDYxNzQvNC8xCmYgNjI3Ni8xLzEgNjI3Ny8yLzEgNjE3Ni8zLzEgNjE3NS80LzEKZiA2Mjc3LzEvMSA2Mjc4LzIvMSA2MTc3LzMvMSA2MTc2LzQvMQpmIDYyNzgvMS8xIDYyNzkvMi8xIDYxNzgvMy8xIDYxNzcvNC8xCmYgNjI3OS8xLzEgNjI4MC8yLzEgNjE3OS8zLzEgNjE3OC80LzEKZiA2MjgwLzEvMSA2MjgxLzIvMSA2MTgwLzMvMSA2MTc5LzQvMQpmIDYyODEvMS8xIDYyODIvMi8xIDYxODEvMy8xIDYxODAvNC8xCmYgNjI4Mi8xLzEgNjI4My8yLzEgNjE4Mi8zLzEgNjE4MS80LzEKZiA2MjgzLzEvMSA2Mjg0LzIvMSA2MTgzLzMvMSA2MTgyLzQvMQpmIDYyODQvMS8xIDYyODUvMi8xIDYxODQvMy8xIDYxODMvNC8xCmYgNjI4NS8xLzEgNjI4Ni8yLzEgNjE4NS8zLzEgNjE4NC80LzEKZiA2Mjg2LzEvMSA2Mjg3LzIvMSA2MTg2LzMvMSA2MTg1LzQvMQpmIDYyODcvMS8xIDYyODgvMi8xIDYxODcvMy8xIDYxODYvNC8xCmYgNjI4OC8xLzEgNjI4OS8yLzEgNjE4OC8zLzEgNjE4Ny80LzEKZiA2Mjg5LzEvMSA2MjkwLzIvMSA2MTg5LzMvMSA2MTg4LzQvMQpmIDYyOTAvMS8xIDYyOTEvMi8xIDYxOTAvMy8xIDYxODkvNC8xCmYgNjI5MS8xLzEgNjI5Mi8yLzEgNjE5MS8zLzEgNjE5MC80LzEKZiA2MjkyLzEvMSA2MjkzLzIvMSA2MTkyLzMvMSA2MTkxLzQvMQpmIDYyOTMvMS8xIDYyOTQvMi8xIDYxOTMvMy8xIDYxOTIvNC8xCmYgNjI5NC8xLzEgNjI5NS8yLzEgNjE5NC8zLzEgNjE5My80LzEKZiA2Mjk1LzEvMSA2Mjk2LzIvMSA2MTk1LzMvMSA2MTk0LzQvMQpmIDYyOTYvMS8xIDYyOTcvMi8xIDYxOTYvMy8xIDYxOTUvNC8xCmYgNjI5Ny8xLzEgNjI5OC8yLzEgNjE5Ny8zLzEgNjE5Ni80LzEKZiA2Mjk4LzEvMSA2Mjk5LzIvMSA2MTk4LzMvMSA2MTk3LzQvMQpmIDYyOTkvMS8xIDYzMDAvMi8xIDYxOTkvMy8xIDYxOTgvNC8xCmYgNjMwMC8xLzEgNjMwMS8yLzEgNjIwMC8zLzEgNjE5OS80LzEKZiA2MzAxLzEvMSA2MzAyLzIvMSA2MjAxLzMvMSA2MjAwLzQvMQpmIDYzMDIvMS8xIDYzMDMvMi8xIDYyMDIvMy8xIDYyMDEvNC8xCmYgNjMwMy8xLzEgNjMwNC8yLzEgNjIwMy8zLzEgNjIwMi80LzEKZiA2MzA0LzEvMSA2MzA1LzIvMSA2MjA0LzMvMSA2MjAzLzQvMQpmIDYzMDUvMS8xIDYzMDYvMi8xIDYyMDUvMy8xIDYyMDQvNC8xCmYgNjMwNi8xLzEgNjMwNy8yLzEgNjIwNi8zLzEgNjIwNS80LzEKZiA2MzA3LzEvMSA2MzA4LzIvMSA2MjA3LzMvMSA2MjA2LzQvMQpmIDYzMDgvMS8xIDYzMDkvMi8xIDYyMDgvMy8xIDYyMDcvNC8xCmYgNjMwOS8xLzEgNjMxMC8yLzEgNjIwOS8zLzEgNjIwOC80LzEKZiA2MzEwLzEvMSA2MzExLzIvMSA2MjEwLzMvMSA2MjA5LzQvMQpmIDYzMTEvMS8xIDYzMTIvMi8xIDYyMTEvMy8xIDYyMTAvNC8xCmYgNjMxMi8xLzEgNjMxMy8yLzEgNjIxMi8zLzEgNjIxMS80LzEKZiA2MzEzLzEvMSA2MzE0LzIvMSA2MjEzLzMvMSA2MjEyLzQvMQpmIDYzMTQvMS8xIDYzMTUvMi8xIDYyMTQvMy8xIDYyMTMvNC8xCmYgNjMxNS8xLzEgNjMxNi8yLzEgNjIxNS8zLzEgNjIxNC80LzEKZiA2MzE2LzEvMSA2MzE3LzIvMSA2MjE2LzMvMSA2MjE1LzQvMQpmIDYzMTcvMS8xIDYzMTgvMi8xIDYyMTcvMy8xIDYyMTYvNC8xCmYgNjMxOC8xLzEgNjMxOS8yLzEgNjIxOC8zLzEgNjIxNy80LzEKZiA2MzE5LzEvMSA2MzIwLzIvMSA2MjE5LzMvMSA2MjE4LzQvMQpmIDYzMjAvMS8xIDYzMjEvMi8xIDYyMjAvMy8xIDYyMTkvNC8xCmYgNjMyMS8xLzEgNjMyMi8yLzEgNjIyMS8zLzEgNjIyMC80LzEKZiA2MzIyLzEvMSA2MzIzLzIvMSA2MjIyLzMvMSA2MjIxLzQvMQpmIDYzMjMvMS8xIDYzMjQvMi8xIDYyMjMvMy8xIDYyMjIvNC8xCmYgNjMyNC8xLzEgNjMyNS8yLzEgNjIyNC8zLzEgNjIyMy80LzEKZiA2MzI1LzEvMSA2MzI2LzIvMSA2MjI1LzMvMSA2MjI0LzQvMQpmIDYzMjYvMS8xIDYzMjcvMi8xIDYyMjYvMy8xIDYyMjUvNC8xCmYgNjMyNy8xLzEgNjMyOC8yLzEgNjIyNy8zLzEgNjIyNi80LzEKZiA2MzI4LzEvMSA2MzI5LzIvMSA2MjI4LzMvMSA2MjI3LzQvMQpmIDYzMjkvMS8xIDYzMzAvMi8xIDYyMjkvMy8xIDYyMjgvNC8xCmYgNjMzMC8xLzEgNjMzMS8yLzEgNjIzMC8zLzEgNjIyOS80LzEKZiA2MzMxLzEvMSA2MzMyLzIvMSA2MjMxLzMvMSA2MjMwLzQvMQpmIDYzMzIvMS8xIDYzMzMvMi8xIDYyMzIvMy8xIDYyMzEvNC8xCmYgNjMzMy8xLzEgNjMzNC8yLzEgNjIzMy8zLzEgNjIzMi80LzEKZiA2MzM0LzEvMSA2MzM1LzIvMSA2MjM0LzMvMSA2MjMzLzQvMQpmIDYzMzUvMS8xIDYzMzYvMi8xIDYyMzUvMy8xIDYyMzQvNC8xCmYgNjMzNi8xLzEgNjMzNy8yLzEgNjIzNi8zLzEgNjIzNS80LzEKZiA2MzM3LzEvMSA2MzM4LzIvMSA2MjM3LzMvMSA2MjM2LzQvMQpmIDYzMzgvMS8xIDYzMzkvMi8xIDYyMzgvMy8xIDYyMzcvNC8xCmYgNjMzOS8xLzEgNjM0MC8yLzEgNjIzOS8zLzEgNjIzOC80LzEKZiA2MzQwLzEvMSA2MzQxLzIvMSA2MjQwLzMvMSA2MjM5LzQvMQpmIDYzNDEvMS8xIDYzNDIvMi8xIDYyNDEvMy8xIDYyNDAvNC8xCmYgNjM0Mi8xLzEgNjM0My8yLzEgNjI0Mi8zLzEgNjI0MS80LzEKZiA2MzQzLzEvMSA2MzQ0LzIvMSA2MjQzLzMvMSA2MjQyLzQvMQpmIDYzNDQvMS8xIDYzNDUvMi8xIDYyNDQvMy8xIDYyNDMvNC8xCmYgNjM0NS8xLzEgNjM0Ni8yLzEgNjI0NS8zLzEgNjI0NC80LzEKZiA2MzQ2LzEvMSA2MzQ3LzIvMSA2MjQ2LzMvMSA2MjQ1LzQvMQpmIDYzNDcvMS8xIDYzNDgvMi8xIDYyNDcvMy8xIDYyNDYvNC8xCmYgNjM0OC8xLzEgNjM0OS8yLzEgNjI0OC8zLzEgNjI0Ny80LzEKZiA2MzQ5LzEvMSA2MzUwLzIvMSA2MjQ5LzMvMSA2MjQ4LzQvMQpmIDYzNTAvMS8xIDYzNTEvMi8xIDYyNTAvMy8xIDYyNDkvNC8xCmYgNjM1MS8xLzEgNjM1Mi8yLzEgNjI1MS8zLzEgNjI1MC80LzEKZiA2MzUyLzEvMSA2MzUzLzIvMSA2MjUyLzMvMSA2MjUxLzQvMQpmIDYzNTMvMS8xIDYzNTQvMi8xIDYyNTMvMy8xIDYyNTIvNC8xCmYgNjM1NC8xLzEgNjM1NS8yLzEgNjI1NC8zLzEgNjI1My80LzEKZiA2MzU1LzEvMSA2MzU2LzIvMSA2MjU1LzMvMSA2MjU0LzQvMQpmIDYzNTYvMS8xIDYzNTcvMi8xIDYyNTYvMy8xIDYyNTUvNC8xCmYgNjM1Ny8xLzEgNjM1OC8yLzEgNjI1Ny8zLzEgNjI1Ni80LzEKZiA2MzU4LzEvMSA2MzU5LzIvMSA2MjU4LzMvMSA2MjU3LzQvMQpmIDYzNTkvMS8xIDYzNjAvMi8xIDYyNTkvMy8xIDYyNTgvNC8xCmYgNjM2MC8xLzEgNjM2MS8yLzEgNjI2MC8zLzEgNjI1OS80LzEKZiA2MzYxLzEvMSA2MzYyLzIvMSA2MjYxLzMvMSA2MjYwLzQvMQpmIDYzNjIvMS8xIDYzNjMvMi8xIDYyNjIvMy8xIDYyNjEvNC8xCmYgNjM2NC8xLzEgNjM2NS8yLzEgNjI2NC8zLzEgNjI2My80LzEKZiA2MzY1LzEvMSA2MzY2LzIvMSA2MjY1LzMvMSA2MjY0LzQvMQpmIDYzNjYvMS8xIDYzNjcvMi8xIDYyNjYvMy8xIDYyNjUvNC8xCmYgNjM2Ny8xLzEgNjM2OC8yLzEgNjI2Ny8zLzEgNjI2Ni80LzEKZiA2MzY4LzEvMSA2MzY5LzIvMSA2MjY4LzMvMSA2MjY3LzQvMQpmIDYzNjkvMS8xIDYzNzAvMi8xIDYyNjkvMy8xIDYyNjgvNC8xCmYgNjM3MC8xLzEgNjM3MS8yLzEgNjI3MC8zLzEgNjI2OS80LzEKZiA2MzcxLzEvMSA2MzcyLzIvMSA2MjcxLzMvMSA2MjcwLzQvMQpmIDYzNzIvMS8xIDYzNzMvMi8xIDYyNzIvMy8xIDYyNzEvNC8xCmYgNjM3My8xLzEgNjM3NC8yLzEgNjI3My8zLzEgNjI3Mi80LzEKZiA2Mzc0LzEvMSA2Mzc1LzIvMSA2Mjc0LzMvMSA2MjczLzQvMQpmIDYzNzUvMS8xIDYzNzYvMi8xIDYyNzUvMy8xIDYyNzQvNC8xCmYgNjM3Ni8xLzEgNjM3Ny8yLzEgNjI3Ni8zLzEgNjI3NS80LzEKZiA2Mzc3LzEvMSA2Mzc4LzIvMSA2Mjc3LzMvMSA2Mjc2LzQvMQpmIDYzNzgvMS8xIDYzNzkvMi8xIDYyNzgvMy8xIDYyNzcvNC8xCmYgNjM3OS8xLzEgNjM4MC8yLzEgNjI3OS8zLzEgNjI3OC80LzEKZiA2MzgwLzEvMSA2MzgxLzIvMSA2MjgwLzMvMSA2Mjc5LzQvMQpmIDYzODEvMS8xIDYzODIvMi8xIDYyODEvMy8xIDYyODAvNC8xCmYgNjM4Mi8xLzEgNjM4My8yLzEgNjI4Mi8zLzEgNjI4MS80LzEKZiA2MzgzLzEvMSA2Mzg0LzIvMSA2MjgzLzMvMSA2MjgyLzQvMQpmIDYzODQvMS8xIDYzODUvMi8xIDYyODQvMy8xIDYyODMvNC8xCmYgNjM4NS8xLzEgNjM4Ni8yLzEgNjI4NS8zLzEgNjI4NC80LzEKZiA2Mzg2LzEvMSA2Mzg3LzIvMSA2Mjg2LzMvMSA2Mjg1LzQvMQpmIDYzODcvMS8xIDYzODgvMi8xIDYyODcvMy8xIDYyODYvNC8xCmYgNjM4OC8xLzEgNjM4OS8yLzEgNjI4OC8zLzEgNjI4Ny80LzEKZiA2Mzg5LzEvMSA2MzkwLzIvMSA2Mjg5LzMvMSA2Mjg4LzQvMQpmIDYzOTAvMS8xIDYzOTEvMi8xIDYyOTAvMy8xIDYyODkvNC8xCmYgNjM5MS8xLzEgNjM5Mi8yLzEgNjI5MS8zLzEgNjI5MC80LzEKZiA2MzkyLzEvMSA2MzkzLzIvMSA2MjkyLzMvMSA2MjkxLzQvMQpmIDYzOTMvMS8xIDYzOTQvMi8xIDYyOTMvMy8xIDYyOTIvNC8xCmYgNjM5NC8xLzEgNjM5NS8yLzEgNjI5NC8zLzEgNjI5My80LzEKZiA2Mzk1LzEvMSA2Mzk2LzIvMSA2Mjk1LzMvMSA2Mjk0LzQvMQpmIDYzOTYvMS8xIDYzOTcvMi8xIDYyOTYvMy8xIDYyOTUvNC8xCmYgNjM5Ny8xLzEgNjM5OC8yLzEgNjI5Ny8zLzEgNjI5Ni80LzEKZiA2Mzk4LzEvMSA2Mzk5LzIvMSA2Mjk4LzMvMSA2Mjk3LzQvMQpmIDYzOTkvMS8xIDY0MDAvMi8xIDYyOTkvMy8xIDYyOTgvNC8xCmYgNjQwMC8xLzEgNjQwMS8yLzEgNjMwMC8zLzEgNjI5OS80LzEKZiA2NDAxLzEvMSA2NDAyLzIvMSA2MzAxLzMvMSA2MzAwLzQvMQpmIDY0MDIvMS8xIDY0MDMvMi8xIDYzMDIvMy8xIDYzMDEvNC8xCmYgNjQwMy8xLzEgNjQwNC8yLzEgNjMwMy8zLzEgNjMwMi80LzEKZiA2NDA0LzEvMSA2NDA1LzIvMSA2MzA0LzMvMSA2MzAzLzQvMQpmIDY0MDUvMS8xIDY0MDYvMi8xIDYzMDUvMy8xIDYzMDQvNC8xCmYgNjQwNi8xLzEgNjQwNy8yLzEgNjMwNi8zLzEgNjMwNS80LzEKZiA2NDA3LzEvMSA2NDA4LzIvMSA2MzA3LzMvMSA2MzA2LzQvMQpmIDY0MDgvMS8xIDY0MDkvMi8xIDYzMDgvMy8xIDYzMDcvNC8xCmYgNjQwOS8xLzEgNjQxMC8yLzEgNjMwOS8zLzEgNjMwOC80LzEKZiA2NDEwLzEvMSA2NDExLzIvMSA2MzEwLzMvMSA2MzA5LzQvMQpmIDY0MTEvMS8xIDY0MTIvMi8xIDYzMTEvMy8xIDYzMTAvNC8xCmYgNjQxMi8xLzEgNjQxMy8yLzEgNjMxMi8zLzEgNjMxMS80LzEKZiA2NDEzLzEvMSA2NDE0LzIvMSA2MzEzLzMvMSA2MzEyLzQvMQpmIDY0MTQvMS8xIDY0MTUvMi8xIDYzMTQvMy8xIDYzMTMvNC8xCmYgNjQxNS8xLzEgNjQxNi8yLzEgNjMxNS8zLzEgNjMxNC80LzEKZiA2NDE2LzEvMSA2NDE3LzIvMSA2MzE2LzMvMSA2MzE1LzQvMQpmIDY0MTcvMS8xIDY0MTgvMi8xIDYzMTcvMy8xIDYzMTYvNC8xCmYgNjQxOC8xLzEgNjQxOS8yLzEgNjMxOC8zLzEgNjMxNy80LzEKZiA2NDE5LzEvMSA2NDIwLzIvMSA2MzE5LzMvMSA2MzE4LzQvMQpmIDY0MjAvMS8xIDY0MjEvMi8xIDYzMjAvMy8xIDYzMTkvNC8xCmYgNjQyMS8xLzEgNjQyMi8yLzEgNjMyMS8zLzEgNjMyMC80LzEKZiA2NDIyLzEvMSA2NDIzLzIvMSA2MzIyLzMvMSA2MzIxLzQvMQpmIDY0MjMvMS8xIDY0MjQvMi8xIDYzMjMvMy8xIDYzMjIvNC8xCmYgNjQyNC8xLzEgNjQyNS8yLzEgNjMyNC8zLzEgNjMyMy80LzEKZiA2NDI1LzEvMSA2NDI2LzIvMSA2MzI1LzMvMSA2MzI0LzQvMQpmIDY0MjYvMS8xIDY0MjcvMi8xIDYzMjYvMy8xIDYzMjUvNC8xCmYgNjQyNy8xLzEgNjQyOC8yLzEgNjMyNy8zLzEgNjMyNi80LzEKZiA2NDI4LzEvMSA2NDI5LzIvMSA2MzI4LzMvMSA2MzI3LzQvMQpmIDY0MjkvMS8xIDY0MzAvMi8xIDYzMjkvMy8xIDYzMjgvNC8xCmYgNjQzMC8xLzEgNjQzMS8yLzEgNjMzMC8zLzEgNjMyOS80LzEKZiA2NDMxLzEvMSA2NDMyLzIvMSA2MzMxLzMvMSA2MzMwLzQvMQpmIDY0MzIvMS8xIDY0MzMvMi8xIDYzMzIvMy8xIDYzMzEvNC8xCmYgNjQzMy8xLzEgNjQzNC8yLzEgNjMzMy8zLzEgNjMzMi80LzEKZiA2NDM0LzEvMSA2NDM1LzIvMSA2MzM0LzMvMSA2MzMzLzQvMQpmIDY0MzUvMS8xIDY0MzYvMi8xIDYzMzUvMy8xIDYzMzQvNC8xCmYgNjQzNi8xLzEgNjQzNy8yLzEgNjMzNi8zLzEgNjMzNS80LzEKZiA2NDM3LzEvMSA2NDM4LzIvMSA2MzM3LzMvMSA2MzM2LzQvMQpmIDY0MzgvMS8xIDY0MzkvMi8xIDYzMzgvMy8xIDYzMzcvNC8xCmYgNjQzOS8xLzEgNjQ0MC8yLzEgNjMzOS8zLzEgNjMzOC80LzEKZiA2NDQwLzEvMSA2NDQxLzIvMSA2MzQwLzMvMSA2MzM5LzQvMQpmIDY0NDEvMS8xIDY0NDIvMi8xIDYzNDEvMy8xIDYzNDAvNC8xCmYgNjQ0Mi8xLzEgNjQ0My8yLzEgNjM0Mi8zLzEgNjM0MS80LzEKZiA2NDQzLzEvMSA2NDQ0LzIvMSA2MzQzLzMvMSA2MzQyLzQvMQpmIDY0NDQvMS8xIDY0NDUvMi8xIDYzNDQvMy8xIDYzNDMvNC8xCmYgNjQ0NS8xLzEgNjQ0Ni8yLzEgNjM0NS8zLzEgNjM0NC80LzEKZiA2NDQ2LzEvMSA2NDQ3LzIvMSA2MzQ2LzMvMSA2MzQ1LzQvMQpmIDY0NDcvMS8xIDY0NDgvMi8xIDYzNDcvMy8xIDYzNDYvNC8xCmYgNjQ0OC8xLzEgNjQ0OS8yLzEgNjM0OC8zLzEgNjM0Ny80LzEKZiA2NDQ5LzEvMSA2NDUwLzIvMSA2MzQ5LzMvMSA2MzQ4LzQvMQpmIDY0NTAvMS8xIDY0NTEvMi8xIDYzNTAvMy8xIDYzNDkvNC8xCmYgNjQ1MS8xLzEgNjQ1Mi8yLzEgNjM1MS8zLzEgNjM1MC80LzEKZiA2NDUyLzEvMSA2NDUzLzIvMSA2MzUyLzMvMSA2MzUxLzQvMQpmIDY0NTMvMS8xIDY0NTQvMi8xIDYzNTMvMy8xIDYzNTIvNC8xCmYgNjQ1NC8xLzEgNjQ1NS8yLzEgNjM1NC8zLzEgNjM1My80LzEKZiA2NDU1LzEvMSA2NDU2LzIvMSA2MzU1LzMvMSA2MzU0LzQvMQpmIDY0NTYvMS8xIDY0NTcvMi8xIDYzNTYvMy8xIDYzNTUvNC8xCmYgNjQ1Ny8xLzEgNjQ1OC8yLzEgNjM1Ny8zLzEgNjM1Ni80LzEKZiA2NDU4LzEvMSA2NDU5LzIvMSA2MzU4LzMvMSA2MzU3LzQvMQpmIDY0NTkvMS8xIDY0NjAvMi8xIDYzNTkvMy8xIDYzNTgvNC8xCmYgNjQ2MC8xLzEgNjQ2MS8yLzEgNjM2MC8zLzEgNjM1OS80LzEKZiA2NDYxLzEvMSA2NDYyLzIvMSA2MzYxLzMvMSA2MzYwLzQvMQpmIDY0NjIvMS8xIDY0NjMvMi8xIDYzNjIvMy8xIDYzNjEvNC8xCmYgNjQ2My8xLzEgNjQ2NC8yLzEgNjM2My8zLzEgNjM2Mi80LzEKZiA2NDY1LzEvMSA2NDY2LzIvMSA2MzY1LzMvMSA2MzY0LzQvMQpmIDY0NjYvMS8xIDY0NjcvMi8xIDYzNjYvMy8xIDYzNjUvNC8xCmYgNjQ2Ny8xLzEgNjQ2OC8yLzEgNjM2Ny8zLzEgNjM2Ni80LzEKZiA2NDY4LzEvMSA2NDY5LzIvMSA2MzY4LzMvMSA2MzY3LzQvMQpmIDY0NjkvMS8xIDY0NzAvMi8xIDYzNjkvMy8xIDYzNjgvNC8xCmYgNjQ3MC8xLzEgNjQ3MS8yLzEgNjM3MC8zLzEgNjM2OS80LzEKZiA2NDcxLzEvMSA2NDcyLzIvMSA2MzcxLzMvMSA2MzcwLzQvMQpmIDY0NzIvMS8xIDY0NzMvMi8xIDYzNzIvMy8xIDYzNzEvNC8xCmYgNjQ3My8xLzEgNjQ3NC8yLzEgNjM3My8zLzEgNjM3Mi80LzEKZiA2NDc0LzEvMSA2NDc1LzIvMSA2Mzc0LzMvMSA2MzczLzQvMQpmIDY0NzUvMS8xIDY0NzYvMi8xIDYzNzUvMy8xIDYzNzQvNC8xCmYgNjQ3Ni8xLzEgNjQ3Ny8yLzEgNjM3Ni8zLzEgNjM3NS80LzEKZiA2NDc3LzEvMSA2NDc4LzIvMSA2Mzc3LzMvMSA2Mzc2LzQvMQpmIDY0NzgvMS8xIDY0NzkvMi8xIDYzNzgvMy8xIDYzNzcvNC8xCmYgNjQ3OS8xLzEgNjQ4MC8yLzEgNjM3OS8zLzEgNjM3OC80LzEKZiA2NDgwLzEvMSA2NDgxLzIvMSA2MzgwLzMvMSA2Mzc5LzQvMQpmIDY0ODEvMS8xIDY0ODIvMi8xIDYzODEvMy8xIDYzODAvNC8xCmYgNjQ4Mi8xLzEgNjQ4My8yLzEgNjM4Mi8zLzEgNjM4MS80LzEKZiA2NDgzLzEvMSA2NDg0LzIvMSA2MzgzLzMvMSA2MzgyLzQvMQpmIDY0ODQvMS8xIDY0ODUvMi8xIDYzODQvMy8xIDYzODMvNC8xCmYgNjQ4NS8xLzEgNjQ4Ni8yLzEgNjM4NS8zLzEgNjM4NC80LzEKZiA2NDg2LzEvMSA2NDg3LzIvMSA2Mzg2LzMvMSA2Mzg1LzQvMQpmIDY0ODcvMS8xIDY0ODgvMi8xIDYzODcvMy8xIDYzODYvNC8xCmYgNjQ4OC8xLzEgNjQ4OS8yLzEgNjM4OC8zLzEgNjM4Ny80LzEKZiA2NDg5LzEvMSA2NDkwLzIvMSA2Mzg5LzMvMSA2Mzg4LzQvMQpmIDY0OTAvMS8xIDY0OTEvMi8xIDYzOTAvMy8xIDYzODkvNC8xCmYgNjQ5MS8xLzEgNjQ5Mi8yLzEgNjM5MS8zLzEgNjM5MC80LzEKZiA2NDkyLzEvMSA2NDkzLzIvMSA2MzkyLzMvMSA2MzkxLzQvMQpmIDY0OTMvMS8xIDY0OTQvMi8xIDYzOTMvMy8xIDYzOTIvNC8xCmYgNjQ5NC8xLzEgNjQ5NS8yLzEgNjM5NC8zLzEgNjM5My80LzEKZiA2NDk1LzEvMSA2NDk2LzIvMSA2Mzk1LzMvMSA2Mzk0LzQvMQpmIDY0OTYvMS8xIDY0OTcvMi8xIDYzOTYvMy8xIDYzOTUvNC8xCmYgNjQ5Ny8xLzEgNjQ5OC8yLzEgNjM5Ny8zLzEgNjM5Ni80LzEKZiA2NDk4LzEvMSA2NDk5LzIvMSA2Mzk4LzMvMSA2Mzk3LzQvMQpmIDY0OTkvMS8xIDY1MDAvMi8xIDYzOTkvMy8xIDYzOTgvNC8xCmYgNjUwMC8xLzEgNjUwMS8yLzEgNjQwMC8zLzEgNjM5OS80LzEKZiA2NTAxLzEvMSA2NTAyLzIvMSA2NDAxLzMvMSA2NDAwLzQvMQpmIDY1MDIvMS8xIDY1MDMvMi8xIDY0MDIvMy8xIDY0MDEvNC8xCmYgNjUwMy8xLzEgNjUwNC8yLzEgNjQwMy8zLzEgNjQwMi80LzEKZiA2NTA0LzEvMSA2NTA1LzIvMSA2NDA0LzMvMSA2NDAzLzQvMQpmIDY1MDUvMS8xIDY1MDYvMi8xIDY0MDUvMy8xIDY0MDQvNC8xCmYgNjUwNi8xLzEgNjUwNy8yLzEgNjQwNi8zLzEgNjQwNS80LzEKZiA2NTA3LzEvMSA2NTA4LzIvMSA2NDA3LzMvMSA2NDA2LzQvMQpmIDY1MDgvMS8xIDY1MDkvMi8xIDY0MDgvMy8xIDY0MDcvNC8xCmYgNjUwOS8xLzEgNjUxMC8yLzEgNjQwOS8zLzEgNjQwOC80LzEKZiA2NTEwLzEvMSA2NTExLzIvMSA2NDEwLzMvMSA2NDA5LzQvMQpmIDY1MTEvMS8xIDY1MTIvMi8xIDY0MTEvMy8xIDY0MTAvNC8xCmYgNjUxMi8xLzEgNjUxMy8yLzEgNjQxMi8zLzEgNjQxMS80LzEKZiA2NTEzLzEvMSA2NTE0LzIvMSA2NDEzLzMvMSA2NDEyLzQvMQpmIDY1MTQvMS8xIDY1MTUvMi8xIDY0MTQvMy8xIDY0MTMvNC8xCmYgNjUxNS8xLzEgNjUxNi8yLzEgNjQxNS8zLzEgNjQxNC80LzEKZiA2NTE2LzEvMSA2NTE3LzIvMSA2NDE2LzMvMSA2NDE1LzQvMQpmIDY1MTcvMS8xIDY1MTgvMi8xIDY0MTcvMy8xIDY0MTYvNC8xCmYgNjUxOC8xLzEgNjUxOS8yLzEgNjQxOC8zLzEgNjQxNy80LzEKZiA2NTE5LzEvMSA2NTIwLzIvMSA2NDE5LzMvMSA2NDE4LzQvMQpmIDY1MjAvMS8xIDY1MjEvMi8xIDY0MjAvMy8xIDY0MTkvNC8xCmYgNjUyMS8xLzEgNjUyMi8yLzEgNjQyMS8zLzEgNjQyMC80LzEKZiA2NTIyLzEvMSA2NTIzLzIvMSA2NDIyLzMvMSA2NDIxLzQvMQpmIDY1MjMvMS8xIDY1MjQvMi8xIDY0MjMvMy8xIDY0MjIvNC8xCmYgNjUyNC8xLzEgNjUyNS8yLzEgNjQyNC8zLzEgNjQyMy80LzEKZiA2NTI1LzEvMSA2NTI2LzIvMSA2NDI1LzMvMSA2NDI0LzQvMQpmIDY1MjYvMS8xIDY1MjcvMi8xIDY0MjYvMy8xIDY0MjUvNC8xCmYgNjUyNy8xLzEgNjUyOC8yLzEgNjQyNy8zLzEgNjQyNi80LzEKZiA2NTI4LzEvMSA2NTI5LzIvMSA2NDI4LzMvMSA2NDI3LzQvMQpmIDY1MjkvMS8xIDY1MzAvMi8xIDY0MjkvMy8xIDY0MjgvNC8xCmYgNjUzMC8xLzEgNjUzMS8yLzEgNjQzMC8zLzEgNjQyOS80LzEKZiA2NTMxLzEvMSA2NTMyLzIvMSA2NDMxLzMvMSA2NDMwLzQvMQpmIDY1MzIvMS8xIDY1MzMvMi8xIDY0MzIvMy8xIDY0MzEvNC8xCmYgNjUzMy8xLzEgNjUzNC8yLzEgNjQzMy8zLzEgNjQzMi80LzEKZiA2NTM0LzEvMSA2NTM1LzIvMSA2NDM0LzMvMSA2NDMzLzQvMQpmIDY1MzUvMS8xIDY1MzYvMi8xIDY0MzUvMy8xIDY0MzQvNC8xCmYgNjUzNi8xLzEgNjUzNy8yLzEgNjQzNi8zLzEgNjQzNS80LzEKZiA2NTM3LzEvMSA2NTM4LzIvMSA2NDM3LzMvMSA2NDM2LzQvMQpmIDY1MzgvMS8xIDY1MzkvMi8xIDY0MzgvMy8xIDY0MzcvNC8xCmYgNjUzOS8xLzEgNjU0MC8yLzEgNjQzOS8zLzEgNjQzOC80LzEKZiA2NTQwLzEvMSA2NTQxLzIvMSA2NDQwLzMvMSA2NDM5LzQvMQpmIDY1NDEvMS8xIDY1NDIvMi8xIDY0NDEvMy8xIDY0NDAvNC8xCmYgNjU0Mi8xLzEgNjU0My8yLzEgNjQ0Mi8zLzEgNjQ0MS80LzEKZiA2NTQzLzEvMSA2NTQ0LzIvMSA2NDQzLzMvMSA2NDQyLzQvMQpmIDY1NDQvMS8xIDY1NDUvMi8xIDY0NDQvMy8xIDY0NDMvNC8xCmYgNjU0NS8xLzEgNjU0Ni8yLzEgNjQ0NS8zLzEgNjQ0NC80LzEKZiA2NTQ2LzEvMSA2NTQ3LzIvMSA2NDQ2LzMvMSA2NDQ1LzQvMQpmIDY1NDcvMS8xIDY1NDgvMi8xIDY0NDcvMy8xIDY0NDYvNC8xCmYgNjU0OC8xLzEgNjU0OS8yLzEgNjQ0OC8zLzEgNjQ0Ny80LzEKZiA2NTQ5LzEvMSA2NTUwLzIvMSA2NDQ5LzMvMSA2NDQ4LzQvMQpmIDY1NTAvMS8xIDY1NTEvMi8xIDY0NTAvMy8xIDY0NDkvNC8xCmYgNjU1MS8xLzEgNjU1Mi8yLzEgNjQ1MS8zLzEgNjQ1MC80LzEKZiA2NTUyLzEvMSA2NTUzLzIvMSA2NDUyLzMvMSA2NDUxLzQvMQpmIDY1NTMvMS8xIDY1NTQvMi8xIDY0NTMvMy8xIDY0NTIvNC8xCmYgNjU1NC8xLzEgNjU1NS8yLzEgNjQ1NC8zLzEgNjQ1My80LzEKZiA2NTU1LzEvMSA2NTU2LzIvMSA2NDU1LzMvMSA2NDU0LzQvMQpmIDY1NTYvMS8xIDY1NTcvMi8xIDY0NTYvMy8xIDY0NTUvNC8xCmYgNjU1Ny8xLzEgNjU1OC8yLzEgNjQ1Ny8zLzEgNjQ1Ni80LzEKZiA2NTU4LzEvMSA2NTU5LzIvMSA2NDU4LzMvMSA2NDU3LzQvMQpmIDY1NTkvMS8xIDY1NjAvMi8xIDY0NTkvMy8xIDY0NTgvNC8xCmYgNjU2MC8xLzEgNjU2MS8yLzEgNjQ2MC8zLzEgNjQ1OS80LzEKZiA2NTYxLzEvMSA2NTYyLzIvMSA2NDYxLzMvMSA2NDYwLzQvMQpmIDY1NjIvMS8xIDY1NjMvMi8xIDY0NjIvMy8xIDY0NjEvNC8xCmYgNjU2My8xLzEgNjU2NC8yLzEgNjQ2My8zLzEgNjQ2Mi80LzEKZiA2NTY0LzEvMSA2NTY1LzIvMSA2NDY0LzMvMSA2NDYzLzQvMQpmIDY1NjYvMS8xIDY1NjcvMi8xIDY0NjYvMy8xIDY0NjUvNC8xCmYgNjU2Ny8xLzEgNjU2OC8yLzEgNjQ2Ny8zLzEgNjQ2Ni80LzEKZiA2NTY4LzEvMSA2NTY5LzIvMSA2NDY4LzMvMSA2NDY3LzQvMQpmIDY1NjkvMS8xIDY1NzAvMi8xIDY0NjkvMy8xIDY0NjgvNC8xCmYgNjU3MC8xLzEgNjU3MS8yLzEgNjQ3MC8zLzEgNjQ2OS80LzEKZiA2NTcxLzEvMSA2NTcyLzIvMSA2NDcxLzMvMSA2NDcwLzQvMQpmIDY1NzIvMS8xIDY1NzMvMi8xIDY0NzIvMy8xIDY0NzEvNC8xCmYgNjU3My8xLzEgNjU3NC8yLzEgNjQ3My8zLzEgNjQ3Mi80LzEKZiA2NTc0LzEvMSA2NTc1LzIvMSA2NDc0LzMvMSA2NDczLzQvMQpmIDY1NzUvMS8xIDY1NzYvMi8xIDY0NzUvMy8xIDY0NzQvNC8xCmYgNjU3Ni8xLzEgNjU3Ny8yLzEgNjQ3Ni8zLzEgNjQ3NS80LzEKZiA2NTc3LzEvMSA2NTc4LzIvMSA2NDc3LzMvMSA2NDc2LzQvMQpmIDY1NzgvMS8xIDY1NzkvMi8xIDY0NzgvMy8xIDY0NzcvNC8xCmYgNjU3OS8xLzEgNjU4MC8yLzEgNjQ3OS8zLzEgNjQ3OC80LzEKZiA2NTgwLzEvMSA2NTgxLzIvMSA2NDgwLzMvMSA2NDc5LzQvMQpmIDY1ODEvMS8xIDY1ODIvMi8xIDY0ODEvMy8xIDY0ODAvNC8xCmYgNjU4Mi8xLzEgNjU4My8yLzEgNjQ4Mi8zLzEgNjQ4MS80LzEKZiA2NTgzLzEvMSA2NTg0LzIvMSA2NDgzLzMvMSA2NDgyLzQvMQpmIDY1ODQvMS8xIDY1ODUvMi8xIDY0ODQvMy8xIDY0ODMvNC8xCmYgNjU4NS8xLzEgNjU4Ni8yLzEgNjQ4NS8zLzEgNjQ4NC80LzEKZiA2NTg2LzEvMSA2NTg3LzIvMSA2NDg2LzMvMSA2NDg1LzQvMQpmIDY1ODcvMS8xIDY1ODgvMi8xIDY0ODcvMy8xIDY0ODYvNC8xCmYgNjU4OC8xLzEgNjU4OS8yLzEgNjQ4OC8zLzEgNjQ4Ny80LzEKZiA2NTg5LzEvMSA2NTkwLzIvMSA2NDg5LzMvMSA2NDg4LzQvMQpmIDY1OTAvMS8xIDY1OTEvMi8xIDY0OTAvMy8xIDY0ODkvNC8xCmYgNjU5MS8xLzEgNjU5Mi8yLzEgNjQ5MS8zLzEgNjQ5MC80LzEKZiA2NTkyLzEvMSA2NTkzLzIvMSA2NDkyLzMvMSA2NDkxLzQvMQpmIDY1OTMvMS8xIDY1OTQvMi8xIDY0OTMvMy8xIDY0OTIvNC8xCmYgNjU5NC8xLzEgNjU5NS8yLzEgNjQ5NC8zLzEgNjQ5My80LzEKZiA2NTk1LzEvMSA2NTk2LzIvMSA2NDk1LzMvMSA2NDk0LzQvMQpmIDY1OTYvMS8xIDY1OTcvMi8xIDY0OTYvMy8xIDY0OTUvNC8xCmYgNjU5Ny8xLzEgNjU5OC8yLzEgNjQ5Ny8zLzEgNjQ5Ni80LzEKZiA2NTk4LzEvMSA2NTk5LzIvMSA2NDk4LzMvMSA2NDk3LzQvMQpmIDY1OTkvMS8xIDY2MDAvMi8xIDY0OTkvMy8xIDY0OTgvNC8xCmYgNjYwMC8xLzEgNjYwMS8yLzEgNjUwMC8zLzEgNjQ5OS80LzEKZiA2NjAxLzEvMSA2NjAyLzIvMSA2NTAxLzMvMSA2NTAwLzQvMQpmIDY2MDIvMS8xIDY2MDMvMi8xIDY1MDIvMy8xIDY1MDEvNC8xCmYgNjYwMy8xLzEgNjYwNC8yLzEgNjUwMy8zLzEgNjUwMi80LzEKZiA2NjA0LzEvMSA2NjA1LzIvMSA2NTA0LzMvMSA2NTAzLzQvMQpmIDY2MDUvMS8xIDY2MDYvMi8xIDY1MDUvMy8xIDY1MDQvNC8xCmYgNjYwNi8xLzEgNjYwNy8yLzEgNjUwNi8zLzEgNjUwNS80LzEKZiA2NjA3LzEvMSA2NjA4LzIvMSA2NTA3LzMvMSA2NTA2LzQvMQpmIDY2MDgvMS8xIDY2MDkvMi8xIDY1MDgvMy8xIDY1MDcvNC8xCmYgNjYwOS8xLzEgNjYxMC8yLzEgNjUwOS8zLzEgNjUwOC80LzEKZiA2NjEwLzEvMSA2NjExLzIvMSA2NTEwLzMvMSA2NTA5LzQvMQpmIDY2MTEvMS8xIDY2MTIvMi8xIDY1MTEvMy8xIDY1MTAvNC8xCmYgNjYxMi8xLzEgNjYxMy8yLzEgNjUxMi8zLzEgNjUxMS80LzEKZiA2NjEzLzEvMSA2NjE0LzIvMSA2NTEzLzMvMSA2NTEyLzQvMQpmIDY2MTQvMS8xIDY2MTUvMi8xIDY1MTQvMy8xIDY1MTMvNC8xCmYgNjYxNS8xLzEgNjYxNi8yLzEgNjUxNS8zLzEgNjUxNC80LzEKZiA2NjE2LzEvMSA2NjE3LzIvMSA2NTE2LzMvMSA2NTE1LzQvMQpmIDY2MTcvMS8xIDY2MTgvMi8xIDY1MTcvMy8xIDY1MTYvNC8xCmYgNjYxOC8xLzEgNjYxOS8yLzEgNjUxOC8zLzEgNjUxNy80LzEKZiA2NjE5LzEvMSA2NjIwLzIvMSA2NTE5LzMvMSA2NTE4LzQvMQpmIDY2MjAvMS8xIDY2MjEvMi8xIDY1MjAvMy8xIDY1MTkvNC8xCmYgNjYyMS8xLzEgNjYyMi8yLzEgNjUyMS8zLzEgNjUyMC80LzEKZiA2NjIyLzEvMSA2NjIzLzIvMSA2NTIyLzMvMSA2NTIxLzQvMQpmIDY2MjMvMS8xIDY2MjQvMi8xIDY1MjMvMy8xIDY1MjIvNC8xCmYgNjYyNC8xLzEgNjYyNS8yLzEgNjUyNC8zLzEgNjUyMy80LzEKZiA2NjI1LzEvMSA2NjI2LzIvMSA2NTI1LzMvMSA2NTI0LzQvMQpmIDY2MjYvMS8xIDY2MjcvMi8xIDY1MjYvMy8xIDY1MjUvNC8xCmYgNjYyNy8xLzEgNjYyOC8yLzEgNjUyNy8zLzEgNjUyNi80LzEKZiA2NjI4LzEvMSA2NjI5LzIvMSA2NTI4LzMvMSA2NTI3LzQvMQpmIDY2MjkvMS8xIDY2MzAvMi8xIDY1MjkvMy8xIDY1MjgvNC8xCmYgNjYzMC8xLzEgNjYzMS8yLzEgNjUzMC8zLzEgNjUyOS80LzEKZiA2NjMxLzEvMSA2NjMyLzIvMSA2NTMxLzMvMSA2NTMwLzQvMQpmIDY2MzIvMS8xIDY2MzMvMi8xIDY1MzIvMy8xIDY1MzEvNC8xCmYgNjYzMy8xLzEgNjYzNC8yLzEgNjUzMy8zLzEgNjUzMi80LzEKZiA2NjM0LzEvMSA2NjM1LzIvMSA2NTM0LzMvMSA2NTMzLzQvMQpmIDY2MzUvMS8xIDY2MzYvMi8xIDY1MzUvMy8xIDY1MzQvNC8xCmYgNjYzNi8xLzEgNjYzNy8yLzEgNjUzNi8zLzEgNjUzNS80LzEKZiA2NjM3LzEvMSA2NjM4LzIvMSA2NTM3LzMvMSA2NTM2LzQvMQpmIDY2MzgvMS8xIDY2MzkvMi8xIDY1MzgvMy8xIDY1MzcvNC8xCmYgNjYzOS8xLzEgNjY0MC8yLzEgNjUzOS8zLzEgNjUzOC80LzEKZiA2NjQwLzEvMSA2NjQxLzIvMSA2NTQwLzMvMSA2NTM5LzQvMQpmIDY2NDEvMS8xIDY2NDIvMi8xIDY1NDEvMy8xIDY1NDAvNC8xCmYgNjY0Mi8xLzEgNjY0My8yLzEgNjU0Mi8zLzEgNjU0MS80LzEKZiA2NjQzLzEvMSA2NjQ0LzIvMSA2NTQzLzMvMSA2NTQyLzQvMQpmIDY2NDQvMS8xIDY2NDUvMi8xIDY1NDQvMy8xIDY1NDMvNC8xCmYgNjY0NS8xLzEgNjY0Ni8yLzEgNjU0NS8zLzEgNjU0NC80LzEKZiA2NjQ2LzEvMSA2NjQ3LzIvMSA2NTQ2LzMvMSA2NTQ1LzQvMQpmIDY2NDcvMS8xIDY2NDgvMi8xIDY1NDcvMy8xIDY1NDYvNC8xCmYgNjY0OC8xLzEgNjY0OS8yLzEgNjU0OC8zLzEgNjU0Ny80LzEKZiA2NjQ5LzEvMSA2NjUwLzIvMSA2NTQ5LzMvMSA2NTQ4LzQvMQpmIDY2NTAvMS8xIDY2NTEvMi8xIDY1NTAvMy8xIDY1NDkvNC8xCmYgNjY1MS8xLzEgNjY1Mi8yLzEgNjU1MS8zLzEgNjU1MC80LzEKZiA2NjUyLzEvMSA2NjUzLzIvMSA2NTUyLzMvMSA2NTUxLzQvMQpmIDY2NTMvMS8xIDY2NTQvMi8xIDY1NTMvMy8xIDY1NTIvNC8xCmYgNjY1NC8xLzEgNjY1NS8yLzEgNjU1NC8zLzEgNjU1My80LzEKZiA2NjU1LzEvMSA2NjU2LzIvMSA2NTU1LzMvMSA2NTU0LzQvMQpmIDY2NTYvMS8xIDY2NTcvMi8xIDY1NTYvMy8xIDY1NTUvNC8xCmYgNjY1Ny8xLzEgNjY1OC8yLzEgNjU1Ny8zLzEgNjU1Ni80LzEKZiA2NjU4LzEvMSA2NjU5LzIvMSA2NTU4LzMvMSA2NTU3LzQvMQpmIDY2NTkvMS8xIDY2NjAvMi8xIDY1NTkvMy8xIDY1NTgvNC8xCmYgNjY2MC8xLzEgNjY2MS8yLzEgNjU2MC8zLzEgNjU1OS80LzEKZiA2NjYxLzEvMSA2NjYyLzIvMSA2NTYxLzMvMSA2NTYwLzQvMQpmIDY2NjIvMS8xIDY2NjMvMi8xIDY1NjIvMy8xIDY1NjEvNC8xCmYgNjY2My8xLzEgNjY2NC8yLzEgNjU2My8zLzEgNjU2Mi80LzEKZiA2NjY0LzEvMSA2NjY1LzIvMSA2NTY0LzMvMSA2NTYzLzQvMQpmIDY2NjUvMS8xIDY2NjYvMi8xIDY1NjUvMy8xIDY1NjQvNC8xCmYgNjY2Ny8xLzEgNjY2OC8yLzEgNjU2Ny8zLzEgNjU2Ni80LzEKZiA2NjY4LzEvMSA2NjY5LzIvMSA2NTY4LzMvMSA2NTY3LzQvMQpmIDY2NjkvMS8xIDY2NzAvMi8xIDY1NjkvMy8xIDY1NjgvNC8xCmYgNjY3MC8xLzEgNjY3MS8yLzEgNjU3MC8zLzEgNjU2OS80LzEKZiA2NjcxLzEvMSA2NjcyLzIvMSA2NTcxLzMvMSA2NTcwLzQvMQpmIDY2NzIvMS8xIDY2NzMvMi8xIDY1NzIvMy8xIDY1NzEvNC8xCmYgNjY3My8xLzEgNjY3NC8yLzEgNjU3My8zLzEgNjU3Mi80LzEKZiA2Njc0LzEvMSA2Njc1LzIvMSA2NTc0LzMvMSA2NTczLzQvMQpmIDY2NzUvMS8xIDY2NzYvMi8xIDY1NzUvMy8xIDY1NzQvNC8xCmYgNjY3Ni8xLzEgNjY3Ny8yLzEgNjU3Ni8zLzEgNjU3NS80LzEKZiA2Njc3LzEvMSA2Njc4LzIvMSA2NTc3LzMvMSA2NTc2LzQvMQpmIDY2NzgvMS8xIDY2NzkvMi8xIDY1NzgvMy8xIDY1NzcvNC8xCmYgNjY3OS8xLzEgNjY4MC8yLzEgNjU3OS8zLzEgNjU3OC80LzEKZiA2NjgwLzEvMSA2NjgxLzIvMSA2NTgwLzMvMSA2NTc5LzQvMQpmIDY2ODEvMS8xIDY2ODIvMi8xIDY1ODEvMy8xIDY1ODAvNC8xCmYgNjY4Mi8xLzEgNjY4My8yLzEgNjU4Mi8zLzEgNjU4MS80LzEKZiA2NjgzLzEvMSA2Njg0LzIvMSA2NTgzLzMvMSA2NTgyLzQvMQpmIDY2ODQvMS8xIDY2ODUvMi8xIDY1ODQvMy8xIDY1ODMvNC8xCmYgNjY4NS8xLzEgNjY4Ni8yLzEgNjU4NS8zLzEgNjU4NC80LzEKZiA2Njg2LzEvMSA2Njg3LzIvMSA2NTg2LzMvMSA2NTg1LzQvMQpmIDY2ODcvMS8xIDY2ODgvMi8xIDY1ODcvMy8xIDY1ODYvNC8xCmYgNjY4OC8xLzEgNjY4OS8yLzEgNjU4OC8zLzEgNjU4Ny80LzEKZiA2Njg5LzEvMSA2NjkwLzIvMSA2NTg5LzMvMSA2NTg4LzQvMQpmIDY2OTAvMS8xIDY2OTEvMi8xIDY1OTAvMy8xIDY1ODkvNC8xCmYgNjY5MS8xLzEgNjY5Mi8yLzEgNjU5MS8zLzEgNjU5MC80LzEKZiA2NjkyLzEvMSA2NjkzLzIvMSA2NTkyLzMvMSA2NTkxLzQvMQpmIDY2OTMvMS8xIDY2OTQvMi8xIDY1OTMvMy8xIDY1OTIvNC8xCmYgNjY5NC8xLzEgNjY5NS8yLzEgNjU5NC8zLzEgNjU5My80LzEKZiA2Njk1LzEvMSA2Njk2LzIvMSA2NTk1LzMvMSA2NTk0LzQvMQpmIDY2OTYvMS8xIDY2OTcvMi8xIDY1OTYvMy8xIDY1OTUvNC8xCmYgNjY5Ny8xLzEgNjY5OC8yLzEgNjU5Ny8zLzEgNjU5Ni80LzEKZiA2Njk4LzEvMSA2Njk5LzIvMSA2NTk4LzMvMSA2NTk3LzQvMQpmIDY2OTkvMS8xIDY3MDAvMi8xIDY1OTkvMy8xIDY1OTgvNC8xCmYgNjcwMC8xLzEgNjcwMS8yLzEgNjYwMC8zLzEgNjU5OS80LzEKZiA2NzAxLzEvMSA2NzAyLzIvMSA2NjAxLzMvMSA2NjAwLzQvMQpmIDY3MDIvMS8xIDY3MDMvMi8xIDY2MDIvMy8xIDY2MDEvNC8xCmYgNjcwMy8xLzEgNjcwNC8yLzEgNjYwMy8zLzEgNjYwMi80LzEKZiA2NzA0LzEvMSA2NzA1LzIvMSA2NjA0LzMvMSA2NjAzLzQvMQpmIDY3MDUvMS8xIDY3MDYvMi8xIDY2MDUvMy8xIDY2MDQvNC8xCmYgNjcwNi8xLzEgNjcwNy8yLzEgNjYwNi8zLzEgNjYwNS80LzEKZiA2NzA3LzEvMSA2NzA4LzIvMSA2NjA3LzMvMSA2NjA2LzQvMQpmIDY3MDgvMS8xIDY3MDkvMi8xIDY2MDgvMy8xIDY2MDcvNC8xCmYgNjcwOS8xLzEgNjcxMC8yLzEgNjYwOS8zLzEgNjYwOC80LzEKZiA2NzEwLzEvMSA2NzExLzIvMSA2NjEwLzMvMSA2NjA5LzQvMQpmIDY3MTEvMS8xIDY3MTIvMi8xIDY2MTEvMy8xIDY2MTAvNC8xCmYgNjcxMi8xLzEgNjcxMy8yLzEgNjYxMi8zLzEgNjYxMS80LzEKZiA2NzEzLzEvMSA2NzE0LzIvMSA2NjEzLzMvMSA2NjEyLzQvMQpmIDY3MTQvMS8xIDY3MTUvMi8xIDY2MTQvMy8xIDY2MTMvNC8xCmYgNjcxNS8xLzEgNjcxNi8yLzEgNjYxNS8zLzEgNjYxNC80LzEKZiA2NzE2LzEvMSA2NzE3LzIvMSA2NjE2LzMvMSA2NjE1LzQvMQpmIDY3MTcvMS8xIDY3MTgvMi8xIDY2MTcvMy8xIDY2MTYvNC8xCmYgNjcxOC8xLzEgNjcxOS8yLzEgNjYxOC8zLzEgNjYxNy80LzEKZiA2NzE5LzEvMSA2NzIwLzIvMSA2NjE5LzMvMSA2NjE4LzQvMQpmIDY3MjAvMS8xIDY3MjEvMi8xIDY2MjAvMy8xIDY2MTkvNC8xCmYgNjcyMS8xLzEgNjcyMi8yLzEgNjYyMS8zLzEgNjYyMC80LzEKZiA2NzIyLzEvMSA2NzIzLzIvMSA2NjIyLzMvMSA2NjIxLzQvMQpmIDY3MjMvMS8xIDY3MjQvMi8xIDY2MjMvMy8xIDY2MjIvNC8xCmYgNjcyNC8xLzEgNjcyNS8yLzEgNjYyNC8zLzEgNjYyMy80LzEKZiA2NzI1LzEvMSA2NzI2LzIvMSA2NjI1LzMvMSA2NjI0LzQvMQpmIDY3MjYvMS8xIDY3MjcvMi8xIDY2MjYvMy8xIDY2MjUvNC8xCmYgNjcyNy8xLzEgNjcyOC8yLzEgNjYyNy8zLzEgNjYyNi80LzEKZiA2NzI4LzEvMSA2NzI5LzIvMSA2NjI4LzMvMSA2NjI3LzQvMQpmIDY3MjkvMS8xIDY3MzAvMi8xIDY2MjkvMy8xIDY2MjgvNC8xCmYgNjczMC8xLzEgNjczMS8yLzEgNjYzMC8zLzEgNjYyOS80LzEKZiA2NzMxLzEvMSA2NzMyLzIvMSA2NjMxLzMvMSA2NjMwLzQvMQpmIDY3MzIvMS8xIDY3MzMvMi8xIDY2MzIvMy8xIDY2MzEvNC8xCmYgNjczMy8xLzEgNjczNC8yLzEgNjYzMy8zLzEgNjYzMi80LzEKZiA2NzM0LzEvMSA2NzM1LzIvMSA2NjM0LzMvMSA2NjMzLzQvMQpmIDY3MzUvMS8xIDY3MzYvMi8xIDY2MzUvMy8xIDY2MzQvNC8xCmYgNjczNi8xLzEgNjczNy8yLzEgNjYzNi8zLzEgNjYzNS80LzEKZiA2NzM3LzEvMSA2NzM4LzIvMSA2NjM3LzMvMSA2NjM2LzQvMQpmIDY3MzgvMS8xIDY3MzkvMi8xIDY2MzgvMy8xIDY2MzcvNC8xCmYgNjczOS8xLzEgNjc0MC8yLzEgNjYzOS8zLzEgNjYzOC80LzEKZiA2NzQwLzEvMSA2NzQxLzIvMSA2NjQwLzMvMSA2NjM5LzQvMQpmIDY3NDEvMS8xIDY3NDIvMi8xIDY2NDEvMy8xIDY2NDAvNC8xCmYgNjc0Mi8xLzEgNjc0My8yLzEgNjY0Mi8zLzEgNjY0MS80LzEKZiA2NzQzLzEvMSA2NzQ0LzIvMSA2NjQzLzMvMSA2NjQyLzQvMQpmIDY3NDQvMS8xIDY3NDUvMi8xIDY2NDQvMy8xIDY2NDMvNC8xCmYgNjc0NS8xLzEgNjc0Ni8yLzEgNjY0NS8zLzEgNjY0NC80LzEKZiA2NzQ2LzEvMSA2NzQ3LzIvMSA2NjQ2LzMvMSA2NjQ1LzQvMQpmIDY3NDcvMS8xIDY3NDgvMi8xIDY2NDcvMy8xIDY2NDYvNC8xCmYgNjc0OC8xLzEgNjc0OS8yLzEgNjY0OC8zLzEgNjY0Ny80LzEKZiA2NzQ5LzEvMSA2NzUwLzIvMSA2NjQ5LzMvMSA2NjQ4LzQvMQpmIDY3NTAvMS8xIDY3NTEvMi8xIDY2NTAvMy8xIDY2NDkvNC8xCmYgNjc1MS8xLzEgNjc1Mi8yLzEgNjY1MS8zLzEgNjY1MC80LzEKZiA2NzUyLzEvMSA2NzUzLzIvMSA2NjUyLzMvMSA2NjUxLzQvMQpmIDY3NTMvMS8xIDY3NTQvMi8xIDY2NTMvMy8xIDY2NTIvNC8xCmYgNjc1NC8xLzEgNjc1NS8yLzEgNjY1NC8zLzEgNjY1My80LzEKZiA2NzU1LzEvMSA2NzU2LzIvMSA2NjU1LzMvMSA2NjU0LzQvMQpmIDY3NTYvMS8xIDY3NTcvMi8xIDY2NTYvMy8xIDY2NTUvNC8xCmYgNjc1Ny8xLzEgNjc1OC8yLzEgNjY1Ny8zLzEgNjY1Ni80LzEKZiA2NzU4LzEvMSA2NzU5LzIvMSA2NjU4LzMvMSA2NjU3LzQvMQpmIDY3NTkvMS8xIDY3NjAvMi8xIDY2NTkvMy8xIDY2NTgvNC8xCmYgNjc2MC8xLzEgNjc2MS8yLzEgNjY2MC8zLzEgNjY1OS80LzEKZiA2NzYxLzEvMSA2NzYyLzIvMSA2NjYxLzMvMSA2NjYwLzQvMQpmIDY3NjIvMS8xIDY3NjMvMi8xIDY2NjIvMy8xIDY2NjEvNC8xCmYgNjc2My8xLzEgNjc2NC8yLzEgNjY2My8zLzEgNjY2Mi80LzEKZiA2NzY0LzEvMSA2NzY1LzIvMSA2NjY0LzMvMSA2NjYzLzQvMQpmIDY3NjUvMS8xIDY3NjYvMi8xIDY2NjUvMy8xIDY2NjQvNC8xCmYgNjc2Ni8xLzEgNjc2Ny8yLzEgNjY2Ni8zLzEgNjY2NS80LzEKZiA2NzY4LzEvMSA2NzY5LzIvMSA2NjY4LzMvMSA2NjY3LzQvMQpmIDY3NjkvMS8xIDY3NzAvMi8xIDY2NjkvMy8xIDY2NjgvNC8xCmYgNjc3MC8xLzEgNjc3MS8yLzEgNjY3MC8zLzEgNjY2OS80LzEKZiA2NzcxLzEvMSA2NzcyLzIvMSA2NjcxLzMvMSA2NjcwLzQvMQpmIDY3NzIvMS8xIDY3NzMvMi8xIDY2NzIvMy8xIDY2NzEvNC8xCmYgNjc3My8xLzEgNjc3NC8yLzEgNjY3My8zLzEgNjY3Mi80LzEKZiA2Nzc0LzEvMSA2Nzc1LzIvMSA2Njc0LzMvMSA2NjczLzQvMQpmIDY3NzUvMS8xIDY3NzYvMi8xIDY2NzUvMy8xIDY2NzQvNC8xCmYgNjc3Ni8xLzEgNjc3Ny8yLzEgNjY3Ni8zLzEgNjY3NS80LzEKZiA2Nzc3LzEvMSA2Nzc4LzIvMSA2Njc3LzMvMSA2Njc2LzQvMQpmIDY3NzgvMS8xIDY3NzkvMi8xIDY2NzgvMy8xIDY2NzcvNC8xCmYgNjc3OS8xLzEgNjc4MC8yLzEgNjY3OS8zLzEgNjY3OC80LzEKZiA2NzgwLzEvMSA2NzgxLzIvMSA2NjgwLzMvMSA2Njc5LzQvMQpmIDY3ODEvMS8xIDY3ODIvMi8xIDY2ODEvMy8xIDY2ODAvNC8xCmYgNjc4Mi8xLzEgNjc4My8yLzEgNjY4Mi8zLzEgNjY4MS80LzEKZiA2NzgzLzEvMSA2Nzg0LzIvMSA2NjgzLzMvMSA2NjgyLzQvMQpmIDY3ODQvMS8xIDY3ODUvMi8xIDY2ODQvMy8xIDY2ODMvNC8xCmYgNjc4NS8xLzEgNjc4Ni8yLzEgNjY4NS8zLzEgNjY4NC80LzEKZiA2Nzg2LzEvMSA2Nzg3LzIvMSA2Njg2LzMvMSA2Njg1LzQvMQpmIDY3ODcvMS8xIDY3ODgvMi8xIDY2ODcvMy8xIDY2ODYvNC8xCmYgNjc4OC8xLzEgNjc4OS8yLzEgNjY4OC8zLzEgNjY4Ny80LzEKZiA2Nzg5LzEvMSA2NzkwLzIvMSA2Njg5LzMvMSA2Njg4LzQvMQpmIDY3OTAvMS8xIDY3OTEvMi8xIDY2OTAvMy8xIDY2ODkvNC8xCmYgNjc5MS8xLzEgNjc5Mi8yLzEgNjY5MS8zLzEgNjY5MC80LzEKZiA2NzkyLzEvMSA2NzkzLzIvMSA2NjkyLzMvMSA2NjkxLzQvMQpmIDY3OTMvMS8xIDY3OTQvMi8xIDY2OTMvMy8xIDY2OTIvNC8xCmYgNjc5NC8xLzEgNjc5NS8yLzEgNjY5NC8zLzEgNjY5My80LzEKZiA2Nzk1LzEvMSA2Nzk2LzIvMSA2Njk1LzMvMSA2Njk0LzQvMQpmIDY3OTYvMS8xIDY3OTcvMi8xIDY2OTYvMy8xIDY2OTUvNC8xCmYgNjc5Ny8xLzEgNjc5OC8yLzEgNjY5Ny8zLzEgNjY5Ni80LzEKZiA2Nzk4LzEvMSA2Nzk5LzIvMSA2Njk4LzMvMSA2Njk3LzQvMQpmIDY3OTkvMS8xIDY4MDAvMi8xIDY2OTkvMy8xIDY2OTgvNC8xCmYgNjgwMC8xLzEgNjgwMS8yLzEgNjcwMC8zLzEgNjY5OS80LzEKZiA2ODAxLzEvMSA2ODAyLzIvMSA2NzAxLzMvMSA2NzAwLzQvMQpmIDY4MDIvMS8xIDY4MDMvMi8xIDY3MDIvMy8xIDY3MDEvNC8xCmYgNjgwMy8xLzEgNjgwNC8yLzEgNjcwMy8zLzEgNjcwMi80LzEKZiA2ODA0LzEvMSA2ODA1LzIvMSA2NzA0LzMvMSA2NzAzLzQvMQpmIDY4MDUvMS8xIDY4MDYvMi8xIDY3MDUvMy8xIDY3MDQvNC8xCmYgNjgwNi8xLzEgNjgwNy8yLzEgNjcwNi8zLzEgNjcwNS80LzEKZiA2ODA3LzEvMSA2ODA4LzIvMSA2NzA3LzMvMSA2NzA2LzQvMQpmIDY4MDgvMS8xIDY4MDkvMi8xIDY3MDgvMy8xIDY3MDcvNC8xCmYgNjgwOS8xLzEgNjgxMC8yLzEgNjcwOS8zLzEgNjcwOC80LzEKZiA2ODEwLzEvMSA2ODExLzIvMSA2NzEwLzMvMSA2NzA5LzQvMQpmIDY4MTEvMS8xIDY4MTIvMi8xIDY3MTEvMy8xIDY3MTAvNC8xCmYgNjgxMi8xLzEgNjgxMy8yLzEgNjcxMi8zLzEgNjcxMS80LzEKZiA2ODEzLzEvMSA2ODE0LzIvMSA2NzEzLzMvMSA2NzEyLzQvMQpmIDY4MTQvMS8xIDY4MTUvMi8xIDY3MTQvMy8xIDY3MTMvNC8xCmYgNjgxNS8xLzEgNjgxNi8yLzEgNjcxNS8zLzEgNjcxNC80LzEKZiA2ODE2LzEvMSA2ODE3LzIvMSA2NzE2LzMvMSA2NzE1LzQvMQpmIDY4MTcvMS8xIDY4MTgvMi8xIDY3MTcvMy8xIDY3MTYvNC8xCmYgNjgxOC8xLzEgNjgxOS8yLzEgNjcxOC8zLzEgNjcxNy80LzEKZiA2ODE5LzEvMSA2ODIwLzIvMSA2NzE5LzMvMSA2NzE4LzQvMQpmIDY4MjAvMS8xIDY4MjEvMi8xIDY3MjAvMy8xIDY3MTkvNC8xCmYgNjgyMS8xLzEgNjgyMi8yLzEgNjcyMS8zLzEgNjcyMC80LzEKZiA2ODIyLzEvMSA2ODIzLzIvMSA2NzIyLzMvMSA2NzIxLzQvMQpmIDY4MjMvMS8xIDY4MjQvMi8xIDY3MjMvMy8xIDY3MjIvNC8xCmYgNjgyNC8xLzEgNjgyNS8yLzEgNjcyNC8zLzEgNjcyMy80LzEKZiA2ODI1LzEvMSA2ODI2LzIvMSA2NzI1LzMvMSA2NzI0LzQvMQpmIDY4MjYvMS8xIDY4MjcvMi8xIDY3MjYvMy8xIDY3MjUvNC8xCmYgNjgyNy8xLzEgNjgyOC8yLzEgNjcyNy8zLzEgNjcyNi80LzEKZiA2ODI4LzEvMSA2ODI5LzIvMSA2NzI4LzMvMSA2NzI3LzQvMQpmIDY4MjkvMS8xIDY4MzAvMi8xIDY3MjkvMy8xIDY3MjgvNC8xCmYgNjgzMC8xLzEgNjgzMS8yLzEgNjczMC8zLzEgNjcyOS80LzEKZiA2ODMxLzEvMSA2ODMyLzIvMSA2NzMxLzMvMSA2NzMwLzQvMQpmIDY4MzIvMS8xIDY4MzMvMi8xIDY3MzIvMy8xIDY3MzEvNC8xCmYgNjgzMy8xLzEgNjgzNC8yLzEgNjczMy8zLzEgNjczMi80LzEKZiA2ODM0LzEvMSA2ODM1LzIvMSA2NzM0LzMvMSA2NzMzLzQvMQpmIDY4MzUvMS8xIDY4MzYvMi8xIDY3MzUvMy8xIDY3MzQvNC8xCmYgNjgzNi8xLzEgNjgzNy8yLzEgNjczNi8zLzEgNjczNS80LzEKZiA2ODM3LzEvMSA2ODM4LzIvMSA2NzM3LzMvMSA2NzM2LzQvMQpmIDY4MzgvMS8xIDY4MzkvMi8xIDY3MzgvMy8xIDY3MzcvNC8xCmYgNjgzOS8xLzEgNjg0MC8yLzEgNjczOS8zLzEgNjczOC80LzEKZiA2ODQwLzEvMSA2ODQxLzIvMSA2NzQwLzMvMSA2NzM5LzQvMQpmIDY4NDEvMS8xIDY4NDIvMi8xIDY3NDEvMy8xIDY3NDAvNC8xCmYgNjg0Mi8xLzEgNjg0My8yLzEgNjc0Mi8zLzEgNjc0MS80LzEKZiA2ODQzLzEvMSA2ODQ0LzIvMSA2NzQzLzMvMSA2NzQyLzQvMQpmIDY4NDQvMS8xIDY4NDUvMi8xIDY3NDQvMy8xIDY3NDMvNC8xCmYgNjg0NS8xLzEgNjg0Ni8yLzEgNjc0NS8zLzEgNjc0NC80LzEKZiA2ODQ2LzEvMSA2ODQ3LzIvMSA2NzQ2LzMvMSA2NzQ1LzQvMQpmIDY4NDcvMS8xIDY4NDgvMi8xIDY3NDcvMy8xIDY3NDYvNC8xCmYgNjg0OC8xLzEgNjg0OS8yLzEgNjc0OC8zLzEgNjc0Ny80LzEKZiA2ODQ5LzEvMSA2ODUwLzIvMSA2NzQ5LzMvMSA2NzQ4LzQvMQpmIDY4NTAvMS8xIDY4NTEvMi8xIDY3NTAvMy8xIDY3NDkvNC8xCmYgNjg1MS8xLzEgNjg1Mi8yLzEgNjc1MS8zLzEgNjc1MC80LzEKZiA2ODUyLzEvMSA2ODUzLzIvMSA2NzUyLzMvMSA2NzUxLzQvMQpmIDY4NTMvMS8xIDY4NTQvMi8xIDY3NTMvMy8xIDY3NTIvNC8xCmYgNjg1NC8xLzEgNjg1NS8yLzEgNjc1NC8zLzEgNjc1My80LzEKZiA2ODU1LzEvMSA2ODU2LzIvMSA2NzU1LzMvMSA2NzU0LzQvMQpmIDY4NTYvMS8xIDY4NTcvMi8xIDY3NTYvMy8xIDY3NTUvNC8xCmYgNjg1Ny8xLzEgNjg1OC8yLzEgNjc1Ny8zLzEgNjc1Ni80LzEKZiA2ODU4LzEvMSA2ODU5LzIvMSA2NzU4LzMvMSA2NzU3LzQvMQpmIDY4NTkvMS8xIDY4NjAvMi8xIDY3NTkvMy8xIDY3NTgvNC8xCmYgNjg2MC8xLzEgNjg2MS8yLzEgNjc2MC8zLzEgNjc1OS80LzEKZiA2ODYxLzEvMSA2ODYyLzIvMSA2NzYxLzMvMSA2NzYwLzQvMQpmIDY4NjIvMS8xIDY4NjMvMi8xIDY3NjIvMy8xIDY3NjEvNC8xCmYgNjg2My8xLzEgNjg2NC8yLzEgNjc2My8zLzEgNjc2Mi80LzEKZiA2ODY0LzEvMSA2ODY1LzIvMSA2NzY0LzMvMSA2NzYzLzQvMQpmIDY4NjUvMS8xIDY4NjYvMi8xIDY3NjUvMy8xIDY3NjQvNC8xCmYgNjg2Ni8xLzEgNjg2Ny8yLzEgNjc2Ni8zLzEgNjc2NS80LzEKZiA2ODY3LzEvMSA2ODY4LzIvMSA2NzY3LzMvMSA2NzY2LzQvMQpmIDY4NjkvMS8xIDY4NzAvMi8xIDY3NjkvMy8xIDY3NjgvNC8xCmYgNjg3MC8xLzEgNjg3MS8yLzEgNjc3MC8zLzEgNjc2OS80LzEKZiA2ODcxLzEvMSA2ODcyLzIvMSA2NzcxLzMvMSA2NzcwLzQvMQpmIDY4NzIvMS8xIDY4NzMvMi8xIDY3NzIvMy8xIDY3NzEvNC8xCmYgNjg3My8xLzEgNjg3NC8yLzEgNjc3My8zLzEgNjc3Mi80LzEKZiA2ODc0LzEvMSA2ODc1LzIvMSA2Nzc0LzMvMSA2NzczLzQvMQpmIDY4NzUvMS8xIDY4NzYvMi8xIDY3NzUvMy8xIDY3NzQvNC8xCmYgNjg3Ni8xLzEgNjg3Ny8yLzEgNjc3Ni8zLzEgNjc3NS80LzEKZiA2ODc3LzEvMSA2ODc4LzIvMSA2Nzc3LzMvMSA2Nzc2LzQvMQpmIDY4NzgvMS8xIDY4NzkvMi8xIDY3NzgvMy8xIDY3NzcvNC8xCmYgNjg3OS8xLzEgNjg4MC8yLzEgNjc3OS8zLzEgNjc3OC80LzEKZiA2ODgwLzEvMSA2ODgxLzIvMSA2NzgwLzMvMSA2Nzc5LzQvMQpmIDY4ODEvMS8xIDY4ODIvMi8xIDY3ODEvMy8xIDY3ODAvNC8xCmYgNjg4Mi8xLzEgNjg4My8yLzEgNjc4Mi8zLzEgNjc4MS80LzEKZiA2ODgzLzEvMSA2ODg0LzIvMSA2NzgzLzMvMSA2NzgyLzQvMQpmIDY4ODQvMS8xIDY4ODUvMi8xIDY3ODQvMy8xIDY3ODMvNC8xCmYgNjg4NS8xLzEgNjg4Ni8yLzEgNjc4NS8zLzEgNjc4NC80LzEKZiA2ODg2LzEvMSA2ODg3LzIvMSA2Nzg2LzMvMSA2Nzg1LzQvMQpmIDY4ODcvMS8xIDY4ODgvMi8xIDY3ODcvMy8xIDY3ODYvNC8xCmYgNjg4OC8xLzEgNjg4OS8yLzEgNjc4OC8zLzEgNjc4Ny80LzEKZiA2ODg5LzEvMSA2ODkwLzIvMSA2Nzg5LzMvMSA2Nzg4LzQvMQpmIDY4OTAvMS8xIDY4OTEvMi8xIDY3OTAvMy8xIDY3ODkvNC8xCmYgNjg5MS8xLzEgNjg5Mi8yLzEgNjc5MS8zLzEgNjc5MC80LzEKZiA2ODkyLzEvMSA2ODkzLzIvMSA2NzkyLzMvMSA2NzkxLzQvMQpmIDY4OTMvMS8xIDY4OTQvMi8xIDY3OTMvMy8xIDY3OTIvNC8xCmYgNjg5NC8xLzEgNjg5NS8yLzEgNjc5NC8zLzEgNjc5My80LzEKZiA2ODk1LzEvMSA2ODk2LzIvMSA2Nzk1LzMvMSA2Nzk0LzQvMQpmIDY4OTYvMS8xIDY4OTcvMi8xIDY3OTYvMy8xIDY3OTUvNC8xCmYgNjg5Ny8xLzEgNjg5OC8yLzEgNjc5Ny8zLzEgNjc5Ni80LzEKZiA2ODk4LzEvMSA2ODk5LzIvMSA2Nzk4LzMvMSA2Nzk3LzQvMQpmIDY4OTkvMS8xIDY5MDAvMi8xIDY3OTkvMy8xIDY3OTgvNC8xCmYgNjkwMC8xLzEgNjkwMS8yLzEgNjgwMC8zLzEgNjc5OS80LzEKZiA2OTAxLzEvMSA2OTAyLzIvMSA2ODAxLzMvMSA2ODAwLzQvMQpmIDY5MDIvMS8xIDY5MDMvMi8xIDY4MDIvMy8xIDY4MDEvNC8xCmYgNjkwMy8xLzEgNjkwNC8yLzEgNjgwMy8zLzEgNjgwMi80LzEKZiA2OTA0LzEvMSA2OTA1LzIvMSA2ODA0LzMvMSA2ODAzLzQvMQpmIDY5MDUvMS8xIDY5MDYvMi8xIDY4MDUvMy8xIDY4MDQvNC8xCmYgNjkwNi8xLzEgNjkwNy8yLzEgNjgwNi8zLzEgNjgwNS80LzEKZiA2OTA3LzEvMSA2OTA4LzIvMSA2ODA3LzMvMSA2ODA2LzQvMQpmIDY5MDgvMS8xIDY5MDkvMi8xIDY4MDgvMy8xIDY4MDcvNC8xCmYgNjkwOS8xLzEgNjkxMC8yLzEgNjgwOS8zLzEgNjgwOC80LzEKZiA2OTEwLzEvMSA2OTExLzIvMSA2ODEwLzMvMSA2ODA5LzQvMQpmIDY5MTEvMS8xIDY5MTIvMi8xIDY4MTEvMy8xIDY4MTAvNC8xCmYgNjkxMi8xLzEgNjkxMy8yLzEgNjgxMi8zLzEgNjgxMS80LzEKZiA2OTEzLzEvMSA2OTE0LzIvMSA2ODEzLzMvMSA2ODEyLzQvMQpmIDY5MTQvMS8xIDY5MTUvMi8xIDY4MTQvMy8xIDY4MTMvNC8xCmYgNjkxNS8xLzEgNjkxNi8yLzEgNjgxNS8zLzEgNjgxNC80LzEKZiA2OTE2LzEvMSA2OTE3LzIvMSA2ODE2LzMvMSA2ODE1LzQvMQpmIDY5MTcvMS8xIDY5MTgvMi8xIDY4MTcvMy8xIDY4MTYvNC8xCmYgNjkxOC8xLzEgNjkxOS8yLzEgNjgxOC8zLzEgNjgxNy80LzEKZiA2OTE5LzEvMSA2OTIwLzIvMSA2ODE5LzMvMSA2ODE4LzQvMQpmIDY5MjAvMS8xIDY5MjEvMi8xIDY4MjAvMy8xIDY4MTkvNC8xCmYgNjkyMS8xLzEgNjkyMi8yLzEgNjgyMS8zLzEgNjgyMC80LzEKZiA2OTIyLzEvMSA2OTIzLzIvMSA2ODIyLzMvMSA2ODIxLzQvMQpmIDY5MjMvMS8xIDY5MjQvMi8xIDY4MjMvMy8xIDY4MjIvNC8xCmYgNjkyNC8xLzEgNjkyNS8yLzEgNjgyNC8zLzEgNjgyMy80LzEKZiA2OTI1LzEvMSA2OTI2LzIvMSA2ODI1LzMvMSA2ODI0LzQvMQpmIDY5MjYvMS8xIDY5MjcvMi8xIDY4MjYvMy8xIDY4MjUvNC8xCmYgNjkyNy8xLzEgNjkyOC8yLzEgNjgyNy8zLzEgNjgyNi80LzEKZiA2OTI4LzEvMSA2OTI5LzIvMSA2ODI4LzMvMSA2ODI3LzQvMQpmIDY5MjkvMS8xIDY5MzAvMi8xIDY4MjkvMy8xIDY4MjgvNC8xCmYgNjkzMC8xLzEgNjkzMS8yLzEgNjgzMC8zLzEgNjgyOS80LzEKZiA2OTMxLzEvMSA2OTMyLzIvMSA2ODMxLzMvMSA2ODMwLzQvMQpmIDY5MzIvMS8xIDY5MzMvMi8xIDY4MzIvMy8xIDY4MzEvNC8xCmYgNjkzMy8xLzEgNjkzNC8yLzEgNjgzMy8zLzEgNjgzMi80LzEKZiA2OTM0LzEvMSA2OTM1LzIvMSA2ODM0LzMvMSA2ODMzLzQvMQpmIDY5MzUvMS8xIDY5MzYvMi8xIDY4MzUvMy8xIDY4MzQvNC8xCmYgNjkzNi8xLzEgNjkzNy8yLzEgNjgzNi8zLzEgNjgzNS80LzEKZiA2OTM3LzEvMSA2OTM4LzIvMSA2ODM3LzMvMSA2ODM2LzQvMQpmIDY5MzgvMS8xIDY5MzkvMi8xIDY4MzgvMy8xIDY4MzcvNC8xCmYgNjkzOS8xLzEgNjk0MC8yLzEgNjgzOS8zLzEgNjgzOC80LzEKZiA2OTQwLzEvMSA2OTQxLzIvMSA2ODQwLzMvMSA2ODM5LzQvMQpmIDY5NDEvMS8xIDY5NDIvMi8xIDY4NDEvMy8xIDY4NDAvNC8xCmYgNjk0Mi8xLzEgNjk0My8yLzEgNjg0Mi8zLzEgNjg0MS80LzEKZiA2OTQzLzEvMSA2OTQ0LzIvMSA2ODQzLzMvMSA2ODQyLzQvMQpmIDY5NDQvMS8xIDY5NDUvMi8xIDY4NDQvMy8xIDY4NDMvNC8xCmYgNjk0NS8xLzEgNjk0Ni8yLzEgNjg0NS8zLzEgNjg0NC80LzEKZiA2OTQ2LzEvMSA2OTQ3LzIvMSA2ODQ2LzMvMSA2ODQ1LzQvMQpmIDY5NDcvMS8xIDY5NDgvMi8xIDY4NDcvMy8xIDY4NDYvNC8xCmYgNjk0OC8xLzEgNjk0OS8yLzEgNjg0OC8zLzEgNjg0Ny80LzEKZiA2OTQ5LzEvMSA2OTUwLzIvMSA2ODQ5LzMvMSA2ODQ4LzQvMQpmIDY5NTAvMS8xIDY5NTEvMi8xIDY4NTAvMy8xIDY4NDkvNC8xCmYgNjk1MS8xLzEgNjk1Mi8yLzEgNjg1MS8zLzEgNjg1MC80LzEKZiA2OTUyLzEvMSA2OTUzLzIvMSA2ODUyLzMvMSA2ODUxLzQvMQpmIDY5NTMvMS8xIDY5NTQvMi8xIDY4NTMvMy8xIDY4NTIvNC8xCmYgNjk1NC8xLzEgNjk1NS8yLzEgNjg1NC8zLzEgNjg1My80LzEKZiA2OTU1LzEvMSA2OTU2LzIvMSA2ODU1LzMvMSA2ODU0LzQvMQpmIDY5NTYvMS8xIDY5NTcvMi8xIDY4NTYvMy8xIDY4NTUvNC8xCmYgNjk1Ny8xLzEgNjk1OC8yLzEgNjg1Ny8zLzEgNjg1Ni80LzEKZiA2OTU4LzEvMSA2OTU5LzIvMSA2ODU4LzMvMSA2ODU3LzQvMQpmIDY5NTkvMS8xIDY5NjAvMi8xIDY4NTkvMy8xIDY4NTgvNC8xCmYgNjk2MC8xLzEgNjk2MS8yLzEgNjg2MC8zLzEgNjg1OS80LzEKZiA2OTYxLzEvMSA2OTYyLzIvMSA2ODYxLzMvMSA2ODYwLzQvMQpmIDY5NjIvMS8xIDY5NjMvMi8xIDY4NjIvMy8xIDY4NjEvNC8xCmYgNjk2My8xLzEgNjk2NC8yLzEgNjg2My8zLzEgNjg2Mi80LzEKZiA2OTY0LzEvMSA2OTY1LzIvMSA2ODY0LzMvMSA2ODYzLzQvMQpmIDY5NjUvMS8xIDY5NjYvMi8xIDY4NjUvMy8xIDY4NjQvNC8xCmYgNjk2Ni8xLzEgNjk2Ny8yLzEgNjg2Ni8zLzEgNjg2NS80LzEKZiA2OTY3LzEvMSA2OTY4LzIvMSA2ODY3LzMvMSA2ODY2LzQvMQpmIDY5NjgvMS8xIDY5NjkvMi8xIDY4NjgvMy8xIDY4NjcvNC8xCmYgNjk3MC8xLzEgNjk3MS8yLzEgNjg3MC8zLzEgNjg2OS80LzEKZiA2OTcxLzEvMSA2OTcyLzIvMSA2ODcxLzMvMSA2ODcwLzQvMQpmIDY5NzIvMS8xIDY5NzMvMi8xIDY4NzIvMy8xIDY4NzEvNC8xCmYgNjk3My8xLzEgNjk3NC8yLzEgNjg3My8zLzEgNjg3Mi80LzEKZiA2OTc0LzEvMSA2OTc1LzIvMSA2ODc0LzMvMSA2ODczLzQvMQpmIDY5NzUvMS8xIDY5NzYvMi8xIDY4NzUvMy8xIDY4NzQvNC8xCmYgNjk3Ni8xLzEgNjk3Ny8yLzEgNjg3Ni8zLzEgNjg3NS80LzEKZiA2OTc3LzEvMSA2OTc4LzIvMSA2ODc3LzMvMSA2ODc2LzQvMQpmIDY5NzgvMS8xIDY5NzkvMi8xIDY4NzgvMy8xIDY4NzcvNC8xCmYgNjk3OS8xLzEgNjk4MC8yLzEgNjg3OS8zLzEgNjg3OC80LzEKZiA2OTgwLzEvMSA2OTgxLzIvMSA2ODgwLzMvMSA2ODc5LzQvMQpmIDY5ODEvMS8xIDY5ODIvMi8xIDY4ODEvMy8xIDY4ODAvNC8xCmYgNjk4Mi8xLzEgNjk4My8yLzEgNjg4Mi8zLzEgNjg4MS80LzEKZiA2OTgzLzEvMSA2OTg0LzIvMSA2ODgzLzMvMSA2ODgyLzQvMQpmIDY5ODQvMS8xIDY5ODUvMi8xIDY4ODQvMy8xIDY4ODMvNC8xCmYgNjk4NS8xLzEgNjk4Ni8yLzEgNjg4NS8zLzEgNjg4NC80LzEKZiA2OTg2LzEvMSA2OTg3LzIvMSA2ODg2LzMvMSA2ODg1LzQvMQpmIDY5ODcvMS8xIDY5ODgvMi8xIDY4ODcvMy8xIDY4ODYvNC8xCmYgNjk4OC8xLzEgNjk4OS8yLzEgNjg4OC8zLzEgNjg4Ny80LzEKZiA2OTg5LzEvMSA2OTkwLzIvMSA2ODg5LzMvMSA2ODg4LzQvMQpmIDY5OTAvMS8xIDY5OTEvMi8xIDY4OTAvMy8xIDY4ODkvNC8xCmYgNjk5MS8xLzEgNjk5Mi8yLzEgNjg5MS8zLzEgNjg5MC80LzEKZiA2OTkyLzEvMSA2OTkzLzIvMSA2ODkyLzMvMSA2ODkxLzQvMQpmIDY5OTMvMS8xIDY5OTQvMi8xIDY4OTMvMy8xIDY4OTIvNC8xCmYgNjk5NC8xLzEgNjk5NS8yLzEgNjg5NC8zLzEgNjg5My80LzEKZiA2OTk1LzEvMSA2OTk2LzIvMSA2ODk1LzMvMSA2ODk0LzQvMQpmIDY5OTYvMS8xIDY5OTcvMi8xIDY4OTYvMy8xIDY4OTUvNC8xCmYgNjk5Ny8xLzEgNjk5OC8yLzEgNjg5Ny8zLzEgNjg5Ni80LzEKZiA2OTk4LzEvMSA2OTk5LzIvMSA2ODk4LzMvMSA2ODk3LzQvMQpmIDY5OTkvMS8xIDcwMDAvMi8xIDY4OTkvMy8xIDY4OTgvNC8xCmYgNzAwMC8xLzEgNzAwMS8yLzEgNjkwMC8zLzEgNjg5OS80LzEKZiA3MDAxLzEvMSA3MDAyLzIvMSA2OTAxLzMvMSA2OTAwLzQvMQpmIDcwMDIvMS8xIDcwMDMvMi8xIDY5MDIvMy8xIDY5MDEvNC8xCmYgNzAwMy8xLzEgNzAwNC8yLzEgNjkwMy8zLzEgNjkwMi80LzEKZiA3MDA0LzEvMSA3MDA1LzIvMSA2OTA0LzMvMSA2OTAzLzQvMQpmIDcwMDUvMS8xIDcwMDYvMi8xIDY5MDUvMy8xIDY5MDQvNC8xCmYgNzAwNi8xLzEgNzAwNy8yLzEgNjkwNi8zLzEgNjkwNS80LzEKZiA3MDA3LzEvMSA3MDA4LzIvMSA2OTA3LzMvMSA2OTA2LzQvMQpmIDcwMDgvMS8xIDcwMDkvMi8xIDY5MDgvMy8xIDY5MDcvNC8xCmYgNzAwOS8xLzEgNzAxMC8yLzEgNjkwOS8zLzEgNjkwOC80LzEKZiA3MDEwLzEvMSA3MDExLzIvMSA2OTEwLzMvMSA2OTA5LzQvMQpmIDcwMTEvMS8xIDcwMTIvMi8xIDY5MTEvMy8xIDY5MTAvNC8xCmYgNzAxMi8xLzEgNzAxMy8yLzEgNjkxMi8zLzEgNjkxMS80LzEKZiA3MDEzLzEvMSA3MDE0LzIvMSA2OTEzLzMvMSA2OTEyLzQvMQpmIDcwMTQvMS8xIDcwMTUvMi8xIDY5MTQvMy8xIDY5MTMvNC8xCmYgNzAxNS8xLzEgNzAxNi8yLzEgNjkxNS8zLzEgNjkxNC80LzEKZiA3MDE2LzEvMSA3MDE3LzIvMSA2OTE2LzMvMSA2OTE1LzQvMQpmIDcwMTcvMS8xIDcwMTgvMi8xIDY5MTcvMy8xIDY5MTYvNC8xCmYgNzAxOC8xLzEgNzAxOS8yLzEgNjkxOC8zLzEgNjkxNy80LzEKZiA3MDE5LzEvMSA3MDIwLzIvMSA2OTE5LzMvMSA2OTE4LzQvMQpmIDcwMjAvMS8xIDcwMjEvMi8xIDY5MjAvMy8xIDY5MTkvNC8xCmYgNzAyMS8xLzEgNzAyMi8yLzEgNjkyMS8zLzEgNjkyMC80LzEKZiA3MDIyLzEvMSA3MDIzLzIvMSA2OTIyLzMvMSA2OTIxLzQvMQpmIDcwMjMvMS8xIDcwMjQvMi8xIDY5MjMvMy8xIDY5MjIvNC8xCmYgNzAyNC8xLzEgNzAyNS8yLzEgNjkyNC8zLzEgNjkyMy80LzEKZiA3MDI1LzEvMSA3MDI2LzIvMSA2OTI1LzMvMSA2OTI0LzQvMQpmIDcwMjYvMS8xIDcwMjcvMi8xIDY5MjYvMy8xIDY5MjUvNC8xCmYgNzAyNy8xLzEgNzAyOC8yLzEgNjkyNy8zLzEgNjkyNi80LzEKZiA3MDI4LzEvMSA3MDI5LzIvMSA2OTI4LzMvMSA2OTI3LzQvMQpmIDcwMjkvMS8xIDcwMzAvMi8xIDY5MjkvMy8xIDY5MjgvNC8xCmYgNzAzMC8xLzEgNzAzMS8yLzEgNjkzMC8zLzEgNjkyOS80LzEKZiA3MDMxLzEvMSA3MDMyLzIvMSA2OTMxLzMvMSA2OTMwLzQvMQpmIDcwMzIvMS8xIDcwMzMvMi8xIDY5MzIvMy8xIDY5MzEvNC8xCmYgNzAzMy8xLzEgNzAzNC8yLzEgNjkzMy8zLzEgNjkzMi80LzEKZiA3MDM0LzEvMSA3MDM1LzIvMSA2OTM0LzMvMSA2OTMzLzQvMQpmIDcwMzUvMS8xIDcwMzYvMi8xIDY5MzUvMy8xIDY5MzQvNC8xCmYgNzAzNi8xLzEgNzAzNy8yLzEgNjkzNi8zLzEgNjkzNS80LzEKZiA3MDM3LzEvMSA3MDM4LzIvMSA2OTM3LzMvMSA2OTM2LzQvMQpmIDcwMzgvMS8xIDcwMzkvMi8xIDY5MzgvMy8xIDY5MzcvNC8xCmYgNzAzOS8xLzEgNzA0MC8yLzEgNjkzOS8zLzEgNjkzOC80LzEKZiA3MDQwLzEvMSA3MDQxLzIvMSA2OTQwLzMvMSA2OTM5LzQvMQpmIDcwNDEvMS8xIDcwNDIvMi8xIDY5NDEvMy8xIDY5NDAvNC8xCmYgNzA0Mi8xLzEgNzA0My8yLzEgNjk0Mi8zLzEgNjk0MS80LzEKZiA3MDQzLzEvMSA3MDQ0LzIvMSA2OTQzLzMvMSA2OTQyLzQvMQpmIDcwNDQvMS8xIDcwNDUvMi8xIDY5NDQvMy8xIDY5NDMvNC8xCmYgNzA0NS8xLzEgNzA0Ni8yLzEgNjk0NS8zLzEgNjk0NC80LzEKZiA3MDQ2LzEvMSA3MDQ3LzIvMSA2OTQ2LzMvMSA2OTQ1LzQvMQpmIDcwNDcvMS8xIDcwNDgvMi8xIDY5NDcvMy8xIDY5NDYvNC8xCmYgNzA0OC8xLzEgNzA0OS8yLzEgNjk0OC8zLzEgNjk0Ny80LzEKZiA3MDQ5LzEvMSA3MDUwLzIvMSA2OTQ5LzMvMSA2OTQ4LzQvMQpmIDcwNTAvMS8xIDcwNTEvMi8xIDY5NTAvMy8xIDY5NDkvNC8xCmYgNzA1MS8xLzEgNzA1Mi8yLzEgNjk1MS8zLzEgNjk1MC80LzEKZiA3MDUyLzEvMSA3MDUzLzIvMSA2OTUyLzMvMSA2OTUxLzQvMQpmIDcwNTMvMS8xIDcwNTQvMi8xIDY5NTMvMy8xIDY5NTIvNC8xCmYgNzA1NC8xLzEgNzA1NS8yLzEgNjk1NC8zLzEgNjk1My80LzEKZiA3MDU1LzEvMSA3MDU2LzIvMSA2OTU1LzMvMSA2OTU0LzQvMQpmIDcwNTYvMS8xIDcwNTcvMi8xIDY5NTYvMy8xIDY5NTUvNC8xCmYgNzA1Ny8xLzEgNzA1OC8yLzEgNjk1Ny8zLzEgNjk1Ni80LzEKZiA3MDU4LzEvMSA3MDU5LzIvMSA2OTU4LzMvMSA2OTU3LzQvMQpmIDcwNTkvMS8xIDcwNjAvMi8xIDY5NTkvMy8xIDY5NTgvNC8xCmYgNzA2MC8xLzEgNzA2MS8yLzEgNjk2MC8zLzEgNjk1OS80LzEKZiA3MDYxLzEvMSA3MDYyLzIvMSA2OTYxLzMvMSA2OTYwLzQvMQpmIDcwNjIvMS8xIDcwNjMvMi8xIDY5NjIvMy8xIDY5NjEvNC8xCmYgNzA2My8xLzEgNzA2NC8yLzEgNjk2My8zLzEgNjk2Mi80LzEKZiA3MDY0LzEvMSA3MDY1LzIvMSA2OTY0LzMvMSA2OTYzLzQvMQpmIDcwNjUvMS8xIDcwNjYvMi8xIDY5NjUvMy8xIDY5NjQvNC8xCmYgNzA2Ni8xLzEgNzA2Ny8yLzEgNjk2Ni8zLzEgNjk2NS80LzEKZiA3MDY3LzEvMSA3MDY4LzIvMSA2OTY3LzMvMSA2OTY2LzQvMQpmIDcwNjgvMS8xIDcwNjkvMi8xIDY5NjgvMy8xIDY5NjcvNC8xCmYgNzA2OS8xLzEgNzA3MC8yLzEgNjk2OS8zLzEgNjk2OC80LzEKZiA3MDcxLzEvMSA3MDcyLzIvMSA2OTcxLzMvMSA2OTcwLzQvMQpmIDcwNzIvMS8xIDcwNzMvMi8xIDY5NzIvMy8xIDY5NzEvNC8xCmYgNzA3My8xLzEgNzA3NC8yLzEgNjk3My8zLzEgNjk3Mi80LzEKZiA3MDc0LzEvMSA3MDc1LzIvMSA2OTc0LzMvMSA2OTczLzQvMQpmIDcwNzUvMS8xIDcwNzYvMi8xIDY5NzUvMy8xIDY5NzQvNC8xCmYgNzA3Ni8xLzEgNzA3Ny8yLzEgNjk3Ni8zLzEgNjk3NS80LzEKZiA3MDc3LzEvMSA3MDc4LzIvMSA2OTc3LzMvMSA2OTc2LzQvMQpmIDcwNzgvMS8xIDcwNzkvMi8xIDY5NzgvMy8xIDY5NzcvNC8xCmYgNzA3OS8xLzEgNzA4MC8yLzEgNjk3OS8zLzEgNjk3OC80LzEKZiA3MDgwLzEvMSA3MDgxLzIvMSA2OTgwLzMvMSA2OTc5LzQvMQpmIDcwODEvMS8xIDcwODIvMi8xIDY5ODEvMy8xIDY5ODAvNC8xCmYgNzA4Mi8xLzEgNzA4My8yLzEgNjk4Mi8zLzEgNjk4MS80LzEKZiA3MDgzLzEvMSA3MDg0LzIvMSA2OTgzLzMvMSA2OTgyLzQvMQpmIDcwODQvMS8xIDcwODUvMi8xIDY5ODQvMy8xIDY5ODMvNC8xCmYgNzA4NS8xLzEgNzA4Ni8yLzEgNjk4NS8zLzEgNjk4NC80LzEKZiA3MDg2LzEvMSA3MDg3LzIvMSA2OTg2LzMvMSA2OTg1LzQvMQpmIDcwODcvMS8xIDcwODgvMi8xIDY5ODcvMy8xIDY5ODYvNC8xCmYgNzA4OC8xLzEgNzA4OS8yLzEgNjk4OC8zLzEgNjk4Ny80LzEKZiA3MDg5LzEvMSA3MDkwLzIvMSA2OTg5LzMvMSA2OTg4LzQvMQpmIDcwOTAvMS8xIDcwOTEvMi8xIDY5OTAvMy8xIDY5ODkvNC8xCmYgNzA5MS8xLzEgNzA5Mi8yLzEgNjk5MS8zLzEgNjk5MC80LzEKZiA3MDkyLzEvMSA3MDkzLzIvMSA2OTkyLzMvMSA2OTkxLzQvMQpmIDcwOTMvMS8xIDcwOTQvMi8xIDY5OTMvMy8xIDY5OTIvNC8xCmYgNzA5NC8xLzEgNzA5NS8yLzEgNjk5NC8zLzEgNjk5My80LzEKZiA3MDk1LzEvMSA3MDk2LzIvMSA2OTk1LzMvMSA2OTk0LzQvMQpmIDcwOTYvMS8xIDcwOTcvMi8xIDY5OTYvMy8xIDY5OTUvNC8xCmYgNzA5Ny8xLzEgNzA5OC8yLzEgNjk5Ny8zLzEgNjk5Ni80LzEKZiA3MDk4LzEvMSA3MDk5LzIvMSA2OTk4LzMvMSA2OTk3LzQvMQpmIDcwOTkvMS8xIDcxMDAvMi8xIDY5OTkvMy8xIDY5OTgvNC8xCmYgNzEwMC8xLzEgNzEwMS8yLzEgNzAwMC8zLzEgNjk5OS80LzEKZiA3MTAxLzEvMSA3MTAyLzIvMSA3MDAxLzMvMSA3MDAwLzQvMQpmIDcxMDIvMS8xIDcxMDMvMi8xIDcwMDIvMy8xIDcwMDEvNC8xCmYgNzEwMy8xLzEgNzEwNC8yLzEgNzAwMy8zLzEgNzAwMi80LzEKZiA3MTA0LzEvMSA3MTA1LzIvMSA3MDA0LzMvMSA3MDAzLzQvMQpmIDcxMDUvMS8xIDcxMDYvMi8xIDcwMDUvMy8xIDcwMDQvNC8xCmYgNzEwNi8xLzEgNzEwNy8yLzEgNzAwNi8zLzEgNzAwNS80LzEKZiA3MTA3LzEvMSA3MTA4LzIvMSA3MDA3LzMvMSA3MDA2LzQvMQpmIDcxMDgvMS8xIDcxMDkvMi8xIDcwMDgvMy8xIDcwMDcvNC8xCmYgNzEwOS8xLzEgNzExMC8yLzEgNzAwOS8zLzEgNzAwOC80LzEKZiA3MTEwLzEvMSA3MTExLzIvMSA3MDEwLzMvMSA3MDA5LzQvMQpmIDcxMTEvMS8xIDcxMTIvMi8xIDcwMTEvMy8xIDcwMTAvNC8xCmYgNzExMi8xLzEgNzExMy8yLzEgNzAxMi8zLzEgNzAxMS80LzEKZiA3MTEzLzEvMSA3MTE0LzIvMSA3MDEzLzMvMSA3MDEyLzQvMQpmIDcxMTQvMS8xIDcxMTUvMi8xIDcwMTQvMy8xIDcwMTMvNC8xCmYgNzExNS8xLzEgNzExNi8yLzEgNzAxNS8zLzEgNzAxNC80LzEKZiA3MTE2LzEvMSA3MTE3LzIvMSA3MDE2LzMvMSA3MDE1LzQvMQpmIDcxMTcvMS8xIDcxMTgvMi8xIDcwMTcvMy8xIDcwMTYvNC8xCmYgNzExOC8xLzEgNzExOS8yLzEgNzAxOC8zLzEgNzAxNy80LzEKZiA3MTE5LzEvMSA3MTIwLzIvMSA3MDE5LzMvMSA3MDE4LzQvMQpmIDcxMjAvMS8xIDcxMjEvMi8xIDcwMjAvMy8xIDcwMTkvNC8xCmYgNzEyMS8xLzEgNzEyMi8yLzEgNzAyMS8zLzEgNzAyMC80LzEKZiA3MTIyLzEvMSA3MTIzLzIvMSA3MDIyLzMvMSA3MDIxLzQvMQpmIDcxMjMvMS8xIDcxMjQvMi8xIDcwMjMvMy8xIDcwMjIvNC8xCmYgNzEyNC8xLzEgNzEyNS8yLzEgNzAyNC8zLzEgNzAyMy80LzEKZiA3MTI1LzEvMSA3MTI2LzIvMSA3MDI1LzMvMSA3MDI0LzQvMQpmIDcxMjYvMS8xIDcxMjcvMi8xIDcwMjYvMy8xIDcwMjUvNC8xCmYgNzEyNy8xLzEgNzEyOC8yLzEgNzAyNy8zLzEgNzAyNi80LzEKZiA3MTI4LzEvMSA3MTI5LzIvMSA3MDI4LzMvMSA3MDI3LzQvMQpmIDcxMjkvMS8xIDcxMzAvMi8xIDcwMjkvMy8xIDcwMjgvNC8xCmYgNzEzMC8xLzEgNzEzMS8yLzEgNzAzMC8zLzEgNzAyOS80LzEKZiA3MTMxLzEvMSA3MTMyLzIvMSA3MDMxLzMvMSA3MDMwLzQvMQpmIDcxMzIvMS8xIDcxMzMvMi8xIDcwMzIvMy8xIDcwMzEvNC8xCmYgNzEzMy8xLzEgNzEzNC8yLzEgNzAzMy8zLzEgNzAzMi80LzEKZiA3MTM0LzEvMSA3MTM1LzIvMSA3MDM0LzMvMSA3MDMzLzQvMQpmIDcxMzUvMS8xIDcxMzYvMi8xIDcwMzUvMy8xIDcwMzQvNC8xCmYgNzEzNi8xLzEgNzEzNy8yLzEgNzAzNi8zLzEgNzAzNS80LzEKZiA3MTM3LzEvMSA3MTM4LzIvMSA3MDM3LzMvMSA3MDM2LzQvMQpmIDcxMzgvMS8xIDcxMzkvMi8xIDcwMzgvMy8xIDcwMzcvNC8xCmYgNzEzOS8xLzEgNzE0MC8yLzEgNzAzOS8zLzEgNzAzOC80LzEKZiA3MTQwLzEvMSA3MTQxLzIvMSA3MDQwLzMvMSA3MDM5LzQvMQpmIDcxNDEvMS8xIDcxNDIvMi8xIDcwNDEvMy8xIDcwNDAvNC8xCmYgNzE0Mi8xLzEgNzE0My8yLzEgNzA0Mi8zLzEgNzA0MS80LzEKZiA3MTQzLzEvMSA3MTQ0LzIvMSA3MDQzLzMvMSA3MDQyLzQvMQpmIDcxNDQvMS8xIDcxNDUvMi8xIDcwNDQvMy8xIDcwNDMvNC8xCmYgNzE0NS8xLzEgNzE0Ni8yLzEgNzA0NS8zLzEgNzA0NC80LzEKZiA3MTQ2LzEvMSA3MTQ3LzIvMSA3MDQ2LzMvMSA3MDQ1LzQvMQpmIDcxNDcvMS8xIDcxNDgvMi8xIDcwNDcvMy8xIDcwNDYvNC8xCmYgNzE0OC8xLzEgNzE0OS8yLzEgNzA0OC8zLzEgNzA0Ny80LzEKZiA3MTQ5LzEvMSA3MTUwLzIvMSA3MDQ5LzMvMSA3MDQ4LzQvMQpmIDcxNTAvMS8xIDcxNTEvMi8xIDcwNTAvMy8xIDcwNDkvNC8xCmYgNzE1MS8xLzEgNzE1Mi8yLzEgNzA1MS8zLzEgNzA1MC80LzEKZiA3MTUyLzEvMSA3MTUzLzIvMSA3MDUyLzMvMSA3MDUxLzQvMQpmIDcxNTMvMS8xIDcxNTQvMi8xIDcwNTMvMy8xIDcwNTIvNC8xCmYgNzE1NC8xLzEgNzE1NS8yLzEgNzA1NC8zLzEgNzA1My80LzEKZiA3MTU1LzEvMSA3MTU2LzIvMSA3MDU1LzMvMSA3MDU0LzQvMQpmIDcxNTYvMS8xIDcxNTcvMi8xIDcwNTYvMy8xIDcwNTUvNC8xCmYgNzE1Ny8xLzEgNzE1OC8yLzEgNzA1Ny8zLzEgNzA1Ni80LzEKZiA3MTU4LzEvMSA3MTU5LzIvMSA3MDU4LzMvMSA3MDU3LzQvMQpmIDcxNTkvMS8xIDcxNjAvMi8xIDcwNTkvMy8xIDcwNTgvNC8xCmYgNzE2MC8xLzEgNzE2MS8yLzEgNzA2MC8zLzEgNzA1OS80LzEKZiA3MTYxLzEvMSA3MTYyLzIvMSA3MDYxLzMvMSA3MDYwLzQvMQpmIDcxNjIvMS8xIDcxNjMvMi8xIDcwNjIvMy8xIDcwNjEvNC8xCmYgNzE2My8xLzEgNzE2NC8yLzEgNzA2My8zLzEgNzA2Mi80LzEKZiA3MTY0LzEvMSA3MTY1LzIvMSA3MDY0LzMvMSA3MDYzLzQvMQpmIDcxNjUvMS8xIDcxNjYvMi8xIDcwNjUvMy8xIDcwNjQvNC8xCmYgNzE2Ni8xLzEgNzE2Ny8yLzEgNzA2Ni8zLzEgNzA2NS80LzEKZiA3MTY3LzEvMSA3MTY4LzIvMSA3MDY3LzMvMSA3MDY2LzQvMQpmIDcxNjgvMS8xIDcxNjkvMi8xIDcwNjgvMy8xIDcwNjcvNC8xCmYgNzE2OS8xLzEgNzE3MC8yLzEgNzA2OS8zLzEgNzA2OC80LzEKZiA3MTcwLzEvMSA3MTcxLzIvMSA3MDcwLzMvMSA3MDY5LzQvMQpmIDcxNzIvMS8xIDcxNzMvMi8xIDcwNzIvMy8xIDcwNzEvNC8xCmYgNzE3My8xLzEgNzE3NC8yLzEgNzA3My8zLzEgNzA3Mi80LzEKZiA3MTc0LzEvMSA3MTc1LzIvMSA3MDc0LzMvMSA3MDczLzQvMQpmIDcxNzUvMS8xIDcxNzYvMi8xIDcwNzUvMy8xIDcwNzQvNC8xCmYgNzE3Ni8xLzEgNzE3Ny8yLzEgNzA3Ni8zLzEgNzA3NS80LzEKZiA3MTc3LzEvMSA3MTc4LzIvMSA3MDc3LzMvMSA3MDc2LzQvMQpmIDcxNzgvMS8xIDcxNzkvMi8xIDcwNzgvMy8xIDcwNzcvNC8xCmYgNzE3OS8xLzEgNzE4MC8yLzEgNzA3OS8zLzEgNzA3OC80LzEKZiA3MTgwLzEvMSA3MTgxLzIvMSA3MDgwLzMvMSA3MDc5LzQvMQpmIDcxODEvMS8xIDcxODIvMi8xIDcwODEvMy8xIDcwODAvNC8xCmYgNzE4Mi8xLzEgNzE4My8yLzEgNzA4Mi8zLzEgNzA4MS80LzEKZiA3MTgzLzEvMSA3MTg0LzIvMSA3MDgzLzMvMSA3MDgyLzQvMQpmIDcxODQvMS8xIDcxODUvMi8xIDcwODQvMy8xIDcwODMvNC8xCmYgNzE4NS8xLzEgNzE4Ni8yLzEgNzA4NS8zLzEgNzA4NC80LzEKZiA3MTg2LzEvMSA3MTg3LzIvMSA3MDg2LzMvMSA3MDg1LzQvMQpmIDcxODcvMS8xIDcxODgvMi8xIDcwODcvMy8xIDcwODYvNC8xCmYgNzE4OC8xLzEgNzE4OS8yLzEgNzA4OC8zLzEgNzA4Ny80LzEKZiA3MTg5LzEvMSA3MTkwLzIvMSA3MDg5LzMvMSA3MDg4LzQvMQpmIDcxOTAvMS8xIDcxOTEvMi8xIDcwOTAvMy8xIDcwODkvNC8xCmYgNzE5MS8xLzEgNzE5Mi8yLzEgNzA5MS8zLzEgNzA5MC80LzEKZiA3MTkyLzEvMSA3MTkzLzIvMSA3MDkyLzMvMSA3MDkxLzQvMQpmIDcxOTMvMS8xIDcxOTQvMi8xIDcwOTMvMy8xIDcwOTIvNC8xCmYgNzE5NC8xLzEgNzE5NS8yLzEgNzA5NC8zLzEgNzA5My80LzEKZiA3MTk1LzEvMSA3MTk2LzIvMSA3MDk1LzMvMSA3MDk0LzQvMQpmIDcxOTYvMS8xIDcxOTcvMi8xIDcwOTYvMy8xIDcwOTUvNC8xCmYgNzE5Ny8xLzEgNzE5OC8yLzEgNzA5Ny8zLzEgNzA5Ni80LzEKZiA3MTk4LzEvMSA3MTk5LzIvMSA3MDk4LzMvMSA3MDk3LzQvMQpmIDcxOTkvMS8xIDcyMDAvMi8xIDcwOTkvMy8xIDcwOTgvNC8xCmYgNzIwMC8xLzEgNzIwMS8yLzEgNzEwMC8zLzEgNzA5OS80LzEKZiA3MjAxLzEvMSA3MjAyLzIvMSA3MTAxLzMvMSA3MTAwLzQvMQpmIDcyMDIvMS8xIDcyMDMvMi8xIDcxMDIvMy8xIDcxMDEvNC8xCmYgNzIwMy8xLzEgNzIwNC8yLzEgNzEwMy8zLzEgNzEwMi80LzEKZiA3MjA0LzEvMSA3MjA1LzIvMSA3MTA0LzMvMSA3MTAzLzQvMQpmIDcyMDUvMS8xIDcyMDYvMi8xIDcxMDUvMy8xIDcxMDQvNC8xCmYgNzIwNi8xLzEgNzIwNy8yLzEgNzEwNi8zLzEgNzEwNS80LzEKZiA3MjA3LzEvMSA3MjA4LzIvMSA3MTA3LzMvMSA3MTA2LzQvMQpmIDcyMDgvMS8xIDcyMDkvMi8xIDcxMDgvMy8xIDcxMDcvNC8xCmYgNzIwOS8xLzEgNzIxMC8yLzEgNzEwOS8zLzEgNzEwOC80LzEKZiA3MjEwLzEvMSA3MjExLzIvMSA3MTEwLzMvMSA3MTA5LzQvMQpmIDcyMTEvMS8xIDcyMTIvMi8xIDcxMTEvMy8xIDcxMTAvNC8xCmYgNzIxMi8xLzEgNzIxMy8yLzEgNzExMi8zLzEgNzExMS80LzEKZiA3MjEzLzEvMSA3MjE0LzIvMSA3MTEzLzMvMSA3MTEyLzQvMQpmIDcyMTQvMS8xIDcyMTUvMi8xIDcxMTQvMy8xIDcxMTMvNC8xCmYgNzIxNS8xLzEgNzIxNi8yLzEgNzExNS8zLzEgNzExNC80LzEKZiA3MjE2LzEvMSA3MjE3LzIvMSA3MTE2LzMvMSA3MTE1LzQvMQpmIDcyMTcvMS8xIDcyMTgvMi8xIDcxMTcvMy8xIDcxMTYvNC8xCmYgNzIxOC8xLzEgNzIxOS8yLzEgNzExOC8zLzEgNzExNy80LzEKZiA3MjE5LzEvMSA3MjIwLzIvMSA3MTE5LzMvMSA3MTE4LzQvMQpmIDcyMjAvMS8xIDcyMjEvMi8xIDcxMjAvMy8xIDcxMTkvNC8xCmYgNzIyMS8xLzEgNzIyMi8yLzEgNzEyMS8zLzEgNzEyMC80LzEKZiA3MjIyLzEvMSA3MjIzLzIvMSA3MTIyLzMvMSA3MTIxLzQvMQpmIDcyMjMvMS8xIDcyMjQvMi8xIDcxMjMvMy8xIDcxMjIvNC8xCmYgNzIyNC8xLzEgNzIyNS8yLzEgNzEyNC8zLzEgNzEyMy80LzEKZiA3MjI1LzEvMSA3MjI2LzIvMSA3MTI1LzMvMSA3MTI0LzQvMQpmIDcyMjYvMS8xIDcyMjcvMi8xIDcxMjYvMy8xIDcxMjUvNC8xCmYgNzIyNy8xLzEgNzIyOC8yLzEgNzEyNy8zLzEgNzEyNi80LzEKZiA3MjI4LzEvMSA3MjI5LzIvMSA3MTI4LzMvMSA3MTI3LzQvMQpmIDcyMjkvMS8xIDcyMzAvMi8xIDcxMjkvMy8xIDcxMjgvNC8xCmYgNzIzMC8xLzEgNzIzMS8yLzEgNzEzMC8zLzEgNzEyOS80LzEKZiA3MjMxLzEvMSA3MjMyLzIvMSA3MTMxLzMvMSA3MTMwLzQvMQpmIDcyMzIvMS8xIDcyMzMvMi8xIDcxMzIvMy8xIDcxMzEvNC8xCmYgNzIzMy8xLzEgNzIzNC8yLzEgNzEzMy8zLzEgNzEzMi80LzEKZiA3MjM0LzEvMSA3MjM1LzIvMSA3MTM0LzMvMSA3MTMzLzQvMQpmIDcyMzUvMS8xIDcyMzYvMi8xIDcxMzUvMy8xIDcxMzQvNC8xCmYgNzIzNi8xLzEgNzIzNy8yLzEgNzEzNi8zLzEgNzEzNS80LzEKZiA3MjM3LzEvMSA3MjM4LzIvMSA3MTM3LzMvMSA3MTM2LzQvMQpmIDcyMzgvMS8xIDcyMzkvMi8xIDcxMzgvMy8xIDcxMzcvNC8xCmYgNzIzOS8xLzEgNzI0MC8yLzEgNzEzOS8zLzEgNzEzOC80LzEKZiA3MjQwLzEvMSA3MjQxLzIvMSA3MTQwLzMvMSA3MTM5LzQvMQpmIDcyNDEvMS8xIDcyNDIvMi8xIDcxNDEvMy8xIDcxNDAvNC8xCmYgNzI0Mi8xLzEgNzI0My8yLzEgNzE0Mi8zLzEgNzE0MS80LzEKZiA3MjQzLzEvMSA3MjQ0LzIvMSA3MTQzLzMvMSA3MTQyLzQvMQpmIDcyNDQvMS8xIDcyNDUvMi8xIDcxNDQvMy8xIDcxNDMvNC8xCmYgNzI0NS8xLzEgNzI0Ni8yLzEgNzE0NS8zLzEgNzE0NC80LzEKZiA3MjQ2LzEvMSA3MjQ3LzIvMSA3MTQ2LzMvMSA3MTQ1LzQvMQpmIDcyNDcvMS8xIDcyNDgvMi8xIDcxNDcvMy8xIDcxNDYvNC8xCmYgNzI0OC8xLzEgNzI0OS8yLzEgNzE0OC8zLzEgNzE0Ny80LzEKZiA3MjQ5LzEvMSA3MjUwLzIvMSA3MTQ5LzMvMSA3MTQ4LzQvMQpmIDcyNTAvMS8xIDcyNTEvMi8xIDcxNTAvMy8xIDcxNDkvNC8xCmYgNzI1MS8xLzEgNzI1Mi8yLzEgNzE1MS8zLzEgNzE1MC80LzEKZiA3MjUyLzEvMSA3MjUzLzIvMSA3MTUyLzMvMSA3MTUxLzQvMQpmIDcyNTMvMS8xIDcyNTQvMi8xIDcxNTMvMy8xIDcxNTIvNC8xCmYgNzI1NC8xLzEgNzI1NS8yLzEgNzE1NC8zLzEgNzE1My80LzEKZiA3MjU1LzEvMSA3MjU2LzIvMSA3MTU1LzMvMSA3MTU0LzQvMQpmIDcyNTYvMS8xIDcyNTcvMi8xIDcxNTYvMy8xIDcxNTUvNC8xCmYgNzI1Ny8xLzEgNzI1OC8yLzEgNzE1Ny8zLzEgNzE1Ni80LzEKZiA3MjU4LzEvMSA3MjU5LzIvMSA3MTU4LzMvMSA3MTU3LzQvMQpmIDcyNTkvMS8xIDcyNjAvMi8xIDcxNTkvMy8xIDcxNTgvNC8xCmYgNzI2MC8xLzEgNzI2MS8yLzEgNzE2MC8zLzEgNzE1OS80LzEKZiA3MjYxLzEvMSA3MjYyLzIvMSA3MTYxLzMvMSA3MTYwLzQvMQpmIDcyNjIvMS8xIDcyNjMvMi8xIDcxNjIvMy8xIDcxNjEvNC8xCmYgNzI2My8xLzEgNzI2NC8yLzEgNzE2My8zLzEgNzE2Mi80LzEKZiA3MjY0LzEvMSA3MjY1LzIvMSA3MTY0LzMvMSA3MTYzLzQvMQpmIDcyNjUvMS8xIDcyNjYvMi8xIDcxNjUvMy8xIDcxNjQvNC8xCmYgNzI2Ni8xLzEgNzI2Ny8yLzEgNzE2Ni8zLzEgNzE2NS80LzEKZiA3MjY3LzEvMSA3MjY4LzIvMSA3MTY3LzMvMSA3MTY2LzQvMQpmIDcyNjgvMS8xIDcyNjkvMi8xIDcxNjgvMy8xIDcxNjcvNC8xCmYgNzI2OS8xLzEgNzI3MC8yLzEgNzE2OS8zLzEgNzE2OC80LzEKZiA3MjcwLzEvMSA3MjcxLzIvMSA3MTcwLzMvMSA3MTY5LzQvMQpmIDcyNzEvMS8xIDcyNzIvMi8xIDcxNzEvMy8xIDcxNzAvNC8xCmYgNzI3My8xLzEgNzI3NC8yLzEgNzE3My8zLzEgNzE3Mi80LzEKZiA3Mjc0LzEvMSA3Mjc1LzIvMSA3MTc0LzMvMSA3MTczLzQvMQpmIDcyNzUvMS8xIDcyNzYvMi8xIDcxNzUvMy8xIDcxNzQvNC8xCmYgNzI3Ni8xLzEgNzI3Ny8yLzEgNzE3Ni8zLzEgNzE3NS80LzEKZiA3Mjc3LzEvMSA3Mjc4LzIvMSA3MTc3LzMvMSA3MTc2LzQvMQpmIDcyNzgvMS8xIDcyNzkvMi8xIDcxNzgvMy8xIDcxNzcvNC8xCmYgNzI3OS8xLzEgNzI4MC8yLzEgNzE3OS8zLzEgNzE3OC80LzEKZiA3MjgwLzEvMSA3MjgxLzIvMSA3MTgwLzMvMSA3MTc5LzQvMQpmIDcyODEvMS8xIDcyODIvMi8xIDcxODEvMy8xIDcxODAvNC8xCmYgNzI4Mi8xLzEgNzI4My8yLzEgNzE4Mi8zLzEgNzE4MS80LzEKZiA3MjgzLzEvMSA3Mjg0LzIvMSA3MTgzLzMvMSA3MTgyLzQvMQpmIDcyODQvMS8xIDcyODUvMi8xIDcxODQvMy8xIDcxODMvNC8xCmYgNzI4NS8xLzEgNzI4Ni8yLzEgNzE4NS8zLzEgNzE4NC80LzEKZiA3Mjg2LzEvMSA3Mjg3LzIvMSA3MTg2LzMvMSA3MTg1LzQvMQpmIDcyODcvMS8xIDcyODgvMi8xIDcxODcvMy8xIDcxODYvNC8xCmYgNzI4OC8xLzEgNzI4OS8yLzEgNzE4OC8zLzEgNzE4Ny80LzEKZiA3Mjg5LzEvMSA3MjkwLzIvMSA3MTg5LzMvMSA3MTg4LzQvMQpmIDcyOTAvMS8xIDcyOTEvMi8xIDcxOTAvMy8xIDcxODkvNC8xCmYgNzI5MS8xLzEgNzI5Mi8yLzEgNzE5MS8zLzEgNzE5MC80LzEKZiA3MjkyLzEvMSA3MjkzLzIvMSA3MTkyLzMvMSA3MTkxLzQvMQpmIDcyOTMvMS8xIDcyOTQvMi8xIDcxOTMvMy8xIDcxOTIvNC8xCmYgNzI5NC8xLzEgNzI5NS8yLzEgNzE5NC8zLzEgNzE5My80LzEKZiA3Mjk1LzEvMSA3Mjk2LzIvMSA3MTk1LzMvMSA3MTk0LzQvMQpmIDcyOTYvMS8xIDcyOTcvMi8xIDcxOTYvMy8xIDcxOTUvNC8xCmYgNzI5Ny8xLzEgNzI5OC8yLzEgNzE5Ny8zLzEgNzE5Ni80LzEKZiA3Mjk4LzEvMSA3Mjk5LzIvMSA3MTk4LzMvMSA3MTk3LzQvMQpmIDcyOTkvMS8xIDczMDAvMi8xIDcxOTkvMy8xIDcxOTgvNC8xCmYgNzMwMC8xLzEgNzMwMS8yLzEgNzIwMC8zLzEgNzE5OS80LzEKZiA3MzAxLzEvMSA3MzAyLzIvMSA3MjAxLzMvMSA3MjAwLzQvMQpmIDczMDIvMS8xIDczMDMvMi8xIDcyMDIvMy8xIDcyMDEvNC8xCmYgNzMwMy8xLzEgNzMwNC8yLzEgNzIwMy8zLzEgNzIwMi80LzEKZiA3MzA0LzEvMSA3MzA1LzIvMSA3MjA0LzMvMSA3MjAzLzQvMQpmIDczMDUvMS8xIDczMDYvMi8xIDcyMDUvMy8xIDcyMDQvNC8xCmYgNzMwNi8xLzEgNzMwNy8yLzEgNzIwNi8zLzEgNzIwNS80LzEKZiA3MzA3LzEvMSA3MzA4LzIvMSA3MjA3LzMvMSA3MjA2LzQvMQpmIDczMDgvMS8xIDczMDkvMi8xIDcyMDgvMy8xIDcyMDcvNC8xCmYgNzMwOS8xLzEgNzMxMC8yLzEgNzIwOS8zLzEgNzIwOC80LzEKZiA3MzEwLzEvMSA3MzExLzIvMSA3MjEwLzMvMSA3MjA5LzQvMQpmIDczMTEvMS8xIDczMTIvMi8xIDcyMTEvMy8xIDcyMTAvNC8xCmYgNzMxMi8xLzEgNzMxMy8yLzEgNzIxMi8zLzEgNzIxMS80LzEKZiA3MzEzLzEvMSA3MzE0LzIvMSA3MjEzLzMvMSA3MjEyLzQvMQpmIDczMTQvMS8xIDczMTUvMi8xIDcyMTQvMy8xIDcyMTMvNC8xCmYgNzMxNS8xLzEgNzMxNi8yLzEgNzIxNS8zLzEgNzIxNC80LzEKZiA3MzE2LzEvMSA3MzE3LzIvMSA3MjE2LzMvMSA3MjE1LzQvMQpmIDczMTcvMS8xIDczMTgvMi8xIDcyMTcvMy8xIDcyMTYvNC8xCmYgNzMxOC8xLzEgNzMxOS8yLzEgNzIxOC8zLzEgNzIxNy80LzEKZiA3MzE5LzEvMSA3MzIwLzIvMSA3MjE5LzMvMSA3MjE4LzQvMQpmIDczMjAvMS8xIDczMjEvMi8xIDcyMjAvMy8xIDcyMTkvNC8xCmYgNzMyMS8xLzEgNzMyMi8yLzEgNzIyMS8zLzEgNzIyMC80LzEKZiA3MzIyLzEvMSA3MzIzLzIvMSA3MjIyLzMvMSA3MjIxLzQvMQpmIDczMjMvMS8xIDczMjQvMi8xIDcyMjMvMy8xIDcyMjIvNC8xCmYgNzMyNC8xLzEgNzMyNS8yLzEgNzIyNC8zLzEgNzIyMy80LzEKZiA3MzI1LzEvMSA3MzI2LzIvMSA3MjI1LzMvMSA3MjI0LzQvMQpmIDczMjYvMS8xIDczMjcvMi8xIDcyMjYvMy8xIDcyMjUvNC8xCmYgNzMyNy8xLzEgNzMyOC8yLzEgNzIyNy8zLzEgNzIyNi80LzEKZiA3MzI4LzEvMSA3MzI5LzIvMSA3MjI4LzMvMSA3MjI3LzQvMQpmIDczMjkvMS8xIDczMzAvMi8xIDcyMjkvMy8xIDcyMjgvNC8xCmYgNzMzMC8xLzEgNzMzMS8yLzEgNzIzMC8zLzEgNzIyOS80LzEKZiA3MzMxLzEvMSA3MzMyLzIvMSA3MjMxLzMvMSA3MjMwLzQvMQpmIDczMzIvMS8xIDczMzMvMi8xIDcyMzIvMy8xIDcyMzEvNC8xCmYgNzMzMy8xLzEgNzMzNC8yLzEgNzIzMy8zLzEgNzIzMi80LzEKZiA3MzM0LzEvMSA3MzM1LzIvMSA3MjM0LzMvMSA3MjMzLzQvMQpmIDczMzUvMS8xIDczMzYvMi8xIDcyMzUvMy8xIDcyMzQvNC8xCmYgNzMzNi8xLzEgNzMzNy8yLzEgNzIzNi8zLzEgNzIzNS80LzEKZiA3MzM3LzEvMSA3MzM4LzIvMSA3MjM3LzMvMSA3MjM2LzQvMQpmIDczMzgvMS8xIDczMzkvMi8xIDcyMzgvMy8xIDcyMzcvNC8xCmYgNzMzOS8xLzEgNzM0MC8yLzEgNzIzOS8zLzEgNzIzOC80LzEKZiA3MzQwLzEvMSA3MzQxLzIvMSA3MjQwLzMvMSA3MjM5LzQvMQpmIDczNDEvMS8xIDczNDIvMi8xIDcyNDEvMy8xIDcyNDAvNC8xCmYgNzM0Mi8xLzEgNzM0My8yLzEgNzI0Mi8zLzEgNzI0MS80LzEKZiA3MzQzLzEvMSA3MzQ0LzIvMSA3MjQzLzMvMSA3MjQyLzQvMQpmIDczNDQvMS8xIDczNDUvMi8xIDcyNDQvMy8xIDcyNDMvNC8xCmYgNzM0NS8xLzEgNzM0Ni8yLzEgNzI0NS8zLzEgNzI0NC80LzEKZiA3MzQ2LzEvMSA3MzQ3LzIvMSA3MjQ2LzMvMSA3MjQ1LzQvMQpmIDczNDcvMS8xIDczNDgvMi8xIDcyNDcvMy8xIDcyNDYvNC8xCmYgNzM0OC8xLzEgNzM0OS8yLzEgNzI0OC8zLzEgNzI0Ny80LzEKZiA3MzQ5LzEvMSA3MzUwLzIvMSA3MjQ5LzMvMSA3MjQ4LzQvMQpmIDczNTAvMS8xIDczNTEvMi8xIDcyNTAvMy8xIDcyNDkvNC8xCmYgNzM1MS8xLzEgNzM1Mi8yLzEgNzI1MS8zLzEgNzI1MC80LzEKZiA3MzUyLzEvMSA3MzUzLzIvMSA3MjUyLzMvMSA3MjUxLzQvMQpmIDczNTMvMS8xIDczNTQvMi8xIDcyNTMvMy8xIDcyNTIvNC8xCmYgNzM1NC8xLzEgNzM1NS8yLzEgNzI1NC8zLzEgNzI1My80LzEKZiA3MzU1LzEvMSA3MzU2LzIvMSA3MjU1LzMvMSA3MjU0LzQvMQpmIDczNTYvMS8xIDczNTcvMi8xIDcyNTYvMy8xIDcyNTUvNC8xCmYgNzM1Ny8xLzEgNzM1OC8yLzEgNzI1Ny8zLzEgNzI1Ni80LzEKZiA3MzU4LzEvMSA3MzU5LzIvMSA3MjU4LzMvMSA3MjU3LzQvMQpmIDczNTkvMS8xIDczNjAvMi8xIDcyNTkvMy8xIDcyNTgvNC8xCmYgNzM2MC8xLzEgNzM2MS8yLzEgNzI2MC8zLzEgNzI1OS80LzEKZiA3MzYxLzEvMSA3MzYyLzIvMSA3MjYxLzMvMSA3MjYwLzQvMQpmIDczNjIvMS8xIDczNjMvMi8xIDcyNjIvMy8xIDcyNjEvNC8xCmYgNzM2My8xLzEgNzM2NC8yLzEgNzI2My8zLzEgNzI2Mi80LzEKZiA3MzY0LzEvMSA3MzY1LzIvMSA3MjY0LzMvMSA3MjYzLzQvMQpmIDczNjUvMS8xIDczNjYvMi8xIDcyNjUvMy8xIDcyNjQvNC8xCmYgNzM2Ni8xLzEgNzM2Ny8yLzEgNzI2Ni8zLzEgNzI2NS80LzEKZiA3MzY3LzEvMSA3MzY4LzIvMSA3MjY3LzMvMSA3MjY2LzQvMQpmIDczNjgvMS8xIDczNjkvMi8xIDcyNjgvMy8xIDcyNjcvNC8xCmYgNzM2OS8xLzEgNzM3MC8yLzEgNzI2OS8zLzEgNzI2OC80LzEKZiA3MzcwLzEvMSA3MzcxLzIvMSA3MjcwLzMvMSA3MjY5LzQvMQpmIDczNzEvMS8xIDczNzIvMi8xIDcyNzEvMy8xIDcyNzAvNC8xCmYgNzM3Mi8xLzEgNzM3My8yLzEgNzI3Mi8zLzEgNzI3MS80LzEKZiA3Mzc0LzEvMSA3Mzc1LzIvMSA3Mjc0LzMvMSA3MjczLzQvMQpmIDczNzUvMS8xIDczNzYvMi8xIDcyNzUvMy8xIDcyNzQvNC8xCmYgNzM3Ni8xLzEgNzM3Ny8yLzEgNzI3Ni8zLzEgNzI3NS80LzEKZiA3Mzc3LzEvMSA3Mzc4LzIvMSA3Mjc3LzMvMSA3Mjc2LzQvMQpmIDczNzgvMS8xIDczNzkvMi8xIDcyNzgvMy8xIDcyNzcvNC8xCmYgNzM3OS8xLzEgNzM4MC8yLzEgNzI3OS8zLzEgNzI3OC80LzEKZiA3MzgwLzEvMSA3MzgxLzIvMSA3MjgwLzMvMSA3Mjc5LzQvMQpmIDczODEvMS8xIDczODIvMi8xIDcyODEvMy8xIDcyODAvNC8xCmYgNzM4Mi8xLzEgNzM4My8yLzEgNzI4Mi8zLzEgNzI4MS80LzEKZiA3MzgzLzEvMSA3Mzg0LzIvMSA3MjgzLzMvMSA3MjgyLzQvMQpmIDczODQvMS8xIDczODUvMi8xIDcyODQvMy8xIDcyODMvNC8xCmYgNzM4NS8xLzEgNzM4Ni8yLzEgNzI4NS8zLzEgNzI4NC80LzEKZiA3Mzg2LzEvMSA3Mzg3LzIvMSA3Mjg2LzMvMSA3Mjg1LzQvMQpmIDczODcvMS8xIDczODgvMi8xIDcyODcvMy8xIDcyODYvNC8xCmYgNzM4OC8xLzEgNzM4OS8yLzEgNzI4OC8zLzEgNzI4Ny80LzEKZiA3Mzg5LzEvMSA3MzkwLzIvMSA3Mjg5LzMvMSA3Mjg4LzQvMQpmIDczOTAvMS8xIDczOTEvMi8xIDcyOTAvMy8xIDcyODkvNC8xCmYgNzM5MS8xLzEgNzM5Mi8yLzEgNzI5MS8zLzEgNzI5MC80LzEKZiA3MzkyLzEvMSA3MzkzLzIvMSA3MjkyLzMvMSA3MjkxLzQvMQpmIDczOTMvMS8xIDczOTQvMi8xIDcyOTMvMy8xIDcyOTIvNC8xCmYgNzM5NC8xLzEgNzM5NS8yLzEgNzI5NC8zLzEgNzI5My80LzEKZiA3Mzk1LzEvMSA3Mzk2LzIvMSA3Mjk1LzMvMSA3Mjk0LzQvMQpmIDczOTYvMS8xIDczOTcvMi8xIDcyOTYvMy8xIDcyOTUvNC8xCmYgNzM5Ny8xLzEgNzM5OC8yLzEgNzI5Ny8zLzEgNzI5Ni80LzEKZiA3Mzk4LzEvMSA3Mzk5LzIvMSA3Mjk4LzMvMSA3Mjk3LzQvMQpmIDczOTkvMS8xIDc0MDAvMi8xIDcyOTkvMy8xIDcyOTgvNC8xCmYgNzQwMC8xLzEgNzQwMS8yLzEgNzMwMC8zLzEgNzI5OS80LzEKZiA3NDAxLzEvMSA3NDAyLzIvMSA3MzAxLzMvMSA3MzAwLzQvMQpmIDc0MDIvMS8xIDc0MDMvMi8xIDczMDIvMy8xIDczMDEvNC8xCmYgNzQwMy8xLzEgNzQwNC8yLzEgNzMwMy8zLzEgNzMwMi80LzEKZiA3NDA0LzEvMSA3NDA1LzIvMSA3MzA0LzMvMSA3MzAzLzQvMQpmIDc0MDUvMS8xIDc0MDYvMi8xIDczMDUvMy8xIDczMDQvNC8xCmYgNzQwNi8xLzEgNzQwNy8yLzEgNzMwNi8zLzEgNzMwNS80LzEKZiA3NDA3LzEvMSA3NDA4LzIvMSA3MzA3LzMvMSA3MzA2LzQvMQpmIDc0MDgvMS8xIDc0MDkvMi8xIDczMDgvMy8xIDczMDcvNC8xCmYgNzQwOS8xLzEgNzQxMC8yLzEgNzMwOS8zLzEgNzMwOC80LzEKZiA3NDEwLzEvMSA3NDExLzIvMSA3MzEwLzMvMSA3MzA5LzQvMQpmIDc0MTEvMS8xIDc0MTIvMi8xIDczMTEvMy8xIDczMTAvNC8xCmYgNzQxMi8xLzEgNzQxMy8yLzEgNzMxMi8zLzEgNzMxMS80LzEKZiA3NDEzLzEvMSA3NDE0LzIvMSA3MzEzLzMvMSA3MzEyLzQvMQpmIDc0MTQvMS8xIDc0MTUvMi8xIDczMTQvMy8xIDczMTMvNC8xCmYgNzQxNS8xLzEgNzQxNi8yLzEgNzMxNS8zLzEgNzMxNC80LzEKZiA3NDE2LzEvMSA3NDE3LzIvMSA3MzE2LzMvMSA3MzE1LzQvMQpmIDc0MTcvMS8xIDc0MTgvMi8xIDczMTcvMy8xIDczMTYvNC8xCmYgNzQxOC8xLzEgNzQxOS8yLzEgNzMxOC8zLzEgNzMxNy80LzEKZiA3NDE5LzEvMSA3NDIwLzIvMSA3MzE5LzMvMSA3MzE4LzQvMQpmIDc0MjAvMS8xIDc0MjEvMi8xIDczMjAvMy8xIDczMTkvNC8xCmYgNzQyMS8xLzEgNzQyMi8yLzEgNzMyMS8zLzEgNzMyMC80LzEKZiA3NDIyLzEvMSA3NDIzLzIvMSA3MzIyLzMvMSA3MzIxLzQvMQpmIDc0MjMvMS8xIDc0MjQvMi8xIDczMjMvMy8xIDczMjIvNC8xCmYgNzQyNC8xLzEgNzQyNS8yLzEgNzMyNC8zLzEgNzMyMy80LzEKZiA3NDI1LzEvMSA3NDI2LzIvMSA3MzI1LzMvMSA3MzI0LzQvMQpmIDc0MjYvMS8xIDc0MjcvMi8xIDczMjYvMy8xIDczMjUvNC8xCmYgNzQyNy8xLzEgNzQyOC8yLzEgNzMyNy8zLzEgNzMyNi80LzEKZiA3NDI4LzEvMSA3NDI5LzIvMSA3MzI4LzMvMSA3MzI3LzQvMQpmIDc0MjkvMS8xIDc0MzAvMi8xIDczMjkvMy8xIDczMjgvNC8xCmYgNzQzMC8xLzEgNzQzMS8yLzEgNzMzMC8zLzEgNzMyOS80LzEKZiA3NDMxLzEvMSA3NDMyLzIvMSA3MzMxLzMvMSA3MzMwLzQvMQpmIDc0MzIvMS8xIDc0MzMvMi8xIDczMzIvMy8xIDczMzEvNC8xCmYgNzQzMy8xLzEgNzQzNC8yLzEgNzMzMy8zLzEgNzMzMi80LzEKZiA3NDM0LzEvMSA3NDM1LzIvMSA3MzM0LzMvMSA3MzMzLzQvMQpmIDc0MzUvMS8xIDc0MzYvMi8xIDczMzUvMy8xIDczMzQvNC8xCmYgNzQzNi8xLzEgNzQzNy8yLzEgNzMzNi8zLzEgNzMzNS80LzEKZiA3NDM3LzEvMSA3NDM4LzIvMSA3MzM3LzMvMSA3MzM2LzQvMQpmIDc0MzgvMS8xIDc0MzkvMi8xIDczMzgvMy8xIDczMzcvNC8xCmYgNzQzOS8xLzEgNzQ0MC8yLzEgNzMzOS8zLzEgNzMzOC80LzEKZiA3NDQwLzEvMSA3NDQxLzIvMSA3MzQwLzMvMSA3MzM5LzQvMQpmIDc0NDEvMS8xIDc0NDIvMi8xIDczNDEvMy8xIDczNDAvNC8xCmYgNzQ0Mi8xLzEgNzQ0My8yLzEgNzM0Mi8zLzEgNzM0MS80LzEKZiA3NDQzLzEvMSA3NDQ0LzIvMSA3MzQzLzMvMSA3MzQyLzQvMQpmIDc0NDQvMS8xIDc0NDUvMi8xIDczNDQvMy8xIDczNDMvNC8xCmYgNzQ0NS8xLzEgNzQ0Ni8yLzEgNzM0NS8zLzEgNzM0NC80LzEKZiA3NDQ2LzEvMSA3NDQ3LzIvMSA3MzQ2LzMvMSA3MzQ1LzQvMQpmIDc0NDcvMS8xIDc0NDgvMi8xIDczNDcvMy8xIDczNDYvNC8xCmYgNzQ0OC8xLzEgNzQ0OS8yLzEgNzM0OC8zLzEgNzM0Ny80LzEKZiA3NDQ5LzEvMSA3NDUwLzIvMSA3MzQ5LzMvMSA3MzQ4LzQvMQpmIDc0NTAvMS8xIDc0NTEvMi8xIDczNTAvMy8xIDczNDkvNC8xCmYgNzQ1MS8xLzEgNzQ1Mi8yLzEgNzM1MS8zLzEgNzM1MC80LzEKZiA3NDUyLzEvMSA3NDUzLzIvMSA3MzUyLzMvMSA3MzUxLzQvMQpmIDc0NTMvMS8xIDc0NTQvMi8xIDczNTMvMy8xIDczNTIvNC8xCmYgNzQ1NC8xLzEgNzQ1NS8yLzEgNzM1NC8zLzEgNzM1My80LzEKZiA3NDU1LzEvMSA3NDU2LzIvMSA3MzU1LzMvMSA3MzU0LzQvMQpmIDc0NTYvMS8xIDc0NTcvMi8xIDczNTYvMy8xIDczNTUvNC8xCmYgNzQ1Ny8xLzEgNzQ1OC8yLzEgNzM1Ny8zLzEgNzM1Ni80LzEKZiA3NDU4LzEvMSA3NDU5LzIvMSA3MzU4LzMvMSA3MzU3LzQvMQpmIDc0NTkvMS8xIDc0NjAvMi8xIDczNTkvMy8xIDczNTgvNC8xCmYgNzQ2MC8xLzEgNzQ2MS8yLzEgNzM2MC8zLzEgNzM1OS80LzEKZiA3NDYxLzEvMSA3NDYyLzIvMSA3MzYxLzMvMSA3MzYwLzQvMQpmIDc0NjIvMS8xIDc0NjMvMi8xIDczNjIvMy8xIDczNjEvNC8xCmYgNzQ2My8xLzEgNzQ2NC8yLzEgNzM2My8zLzEgNzM2Mi80LzEKZiA3NDY0LzEvMSA3NDY1LzIvMSA3MzY0LzMvMSA3MzYzLzQvMQpmIDc0NjUvMS8xIDc0NjYvMi8xIDczNjUvMy8xIDczNjQvNC8xCmYgNzQ2Ni8xLzEgNzQ2Ny8yLzEgNzM2Ni8zLzEgNzM2NS80LzEKZiA3NDY3LzEvMSA3NDY4LzIvMSA3MzY3LzMvMSA3MzY2LzQvMQpmIDc0NjgvMS8xIDc0NjkvMi8xIDczNjgvMy8xIDczNjcvNC8xCmYgNzQ2OS8xLzEgNzQ3MC8yLzEgNzM2OS8zLzEgNzM2OC80LzEKZiA3NDcwLzEvMSA3NDcxLzIvMSA3MzcwLzMvMSA3MzY5LzQvMQpmIDc0NzEvMS8xIDc0NzIvMi8xIDczNzEvMy8xIDczNzAvNC8xCmYgNzQ3Mi8xLzEgNzQ3My8yLzEgNzM3Mi8zLzEgNzM3MS80LzEKZiA3NDczLzEvMSA3NDc0LzIvMSA3MzczLzMvMSA3MzcyLzQvMQpmIDc0NzUvMS8xIDc0NzYvMi8xIDczNzUvMy8xIDczNzQvNC8xCmYgNzQ3Ni8xLzEgNzQ3Ny8yLzEgNzM3Ni8zLzEgNzM3NS80LzEKZiA3NDc3LzEvMSA3NDc4LzIvMSA3Mzc3LzMvMSA3Mzc2LzQvMQpmIDc0NzgvMS8xIDc0NzkvMi8xIDczNzgvMy8xIDczNzcvNC8xCmYgNzQ3OS8xLzEgNzQ4MC8yLzEgNzM3OS8zLzEgNzM3OC80LzEKZiA3NDgwLzEvMSA3NDgxLzIvMSA3MzgwLzMvMSA3Mzc5LzQvMQpmIDc0ODEvMS8xIDc0ODIvMi8xIDczODEvMy8xIDczODAvNC8xCmYgNzQ4Mi8xLzEgNzQ4My8yLzEgNzM4Mi8zLzEgNzM4MS80LzEKZiA3NDgzLzEvMSA3NDg0LzIvMSA3MzgzLzMvMSA3MzgyLzQvMQpmIDc0ODQvMS8xIDc0ODUvMi8xIDczODQvMy8xIDczODMvNC8xCmYgNzQ4NS8xLzEgNzQ4Ni8yLzEgNzM4NS8zLzEgNzM4NC80LzEKZiA3NDg2LzEvMSA3NDg3LzIvMSA3Mzg2LzMvMSA3Mzg1LzQvMQpmIDc0ODcvMS8xIDc0ODgvMi8xIDczODcvMy8xIDczODYvNC8xCmYgNzQ4OC8xLzEgNzQ4OS8yLzEgNzM4OC8zLzEgNzM4Ny80LzEKZiA3NDg5LzEvMSA3NDkwLzIvMSA3Mzg5LzMvMSA3Mzg4LzQvMQpmIDc0OTAvMS8xIDc0OTEvMi8xIDczOTAvMy8xIDczODkvNC8xCmYgNzQ5MS8xLzEgNzQ5Mi8yLzEgNzM5MS8zLzEgNzM5MC80LzEKZiA3NDkyLzEvMSA3NDkzLzIvMSA3MzkyLzMvMSA3MzkxLzQvMQpmIDc0OTMvMS8xIDc0OTQvMi8xIDczOTMvMy8xIDczOTIvNC8xCmYgNzQ5NC8xLzEgNzQ5NS8yLzEgNzM5NC8zLzEgNzM5My80LzEKZiA3NDk1LzEvMSA3NDk2LzIvMSA3Mzk1LzMvMSA3Mzk0LzQvMQpmIDc0OTYvMS8xIDc0OTcvMi8xIDczOTYvMy8xIDczOTUvNC8xCmYgNzQ5Ny8xLzEgNzQ5OC8yLzEgNzM5Ny8zLzEgNzM5Ni80LzEKZiA3NDk4LzEvMSA3NDk5LzIvMSA3Mzk4LzMvMSA3Mzk3LzQvMQpmIDc0OTkvMS8xIDc1MDAvMi8xIDczOTkvMy8xIDczOTgvNC8xCmYgNzUwMC8xLzEgNzUwMS8yLzEgNzQwMC8zLzEgNzM5OS80LzEKZiA3NTAxLzEvMSA3NTAyLzIvMSA3NDAxLzMvMSA3NDAwLzQvMQpmIDc1MDIvMS8xIDc1MDMvMi8xIDc0MDIvMy8xIDc0MDEvNC8xCmYgNzUwMy8xLzEgNzUwNC8yLzEgNzQwMy8zLzEgNzQwMi80LzEKZiA3NTA0LzEvMSA3NTA1LzIvMSA3NDA0LzMvMSA3NDAzLzQvMQpmIDc1MDUvMS8xIDc1MDYvMi8xIDc0MDUvMy8xIDc0MDQvNC8xCmYgNzUwNi8xLzEgNzUwNy8yLzEgNzQwNi8zLzEgNzQwNS80LzEKZiA3NTA3LzEvMSA3NTA4LzIvMSA3NDA3LzMvMSA3NDA2LzQvMQpmIDc1MDgvMS8xIDc1MDkvMi8xIDc0MDgvMy8xIDc0MDcvNC8xCmYgNzUwOS8xLzEgNzUxMC8yLzEgNzQwOS8zLzEgNzQwOC80LzEKZiA3NTEwLzEvMSA3NTExLzIvMSA3NDEwLzMvMSA3NDA5LzQvMQpmIDc1MTEvMS8xIDc1MTIvMi8xIDc0MTEvMy8xIDc0MTAvNC8xCmYgNzUxMi8xLzEgNzUxMy8yLzEgNzQxMi8zLzEgNzQxMS80LzEKZiA3NTEzLzEvMSA3NTE0LzIvMSA3NDEzLzMvMSA3NDEyLzQvMQpmIDc1MTQvMS8xIDc1MTUvMi8xIDc0MTQvMy8xIDc0MTMvNC8xCmYgNzUxNS8xLzEgNzUxNi8yLzEgNzQxNS8zLzEgNzQxNC80LzEKZiA3NTE2LzEvMSA3NTE3LzIvMSA3NDE2LzMvMSA3NDE1LzQvMQpmIDc1MTcvMS8xIDc1MTgvMi8xIDc0MTcvMy8xIDc0MTYvNC8xCmYgNzUxOC8xLzEgNzUxOS8yLzEgNzQxOC8zLzEgNzQxNy80LzEKZiA3NTE5LzEvMSA3NTIwLzIvMSA3NDE5LzMvMSA3NDE4LzQvMQpmIDc1MjAvMS8xIDc1MjEvMi8xIDc0MjAvMy8xIDc0MTkvNC8xCmYgNzUyMS8xLzEgNzUyMi8yLzEgNzQyMS8zLzEgNzQyMC80LzEKZiA3NTIyLzEvMSA3NTIzLzIvMSA3NDIyLzMvMSA3NDIxLzQvMQpmIDc1MjMvMS8xIDc1MjQvMi8xIDc0MjMvMy8xIDc0MjIvNC8xCmYgNzUyNC8xLzEgNzUyNS8yLzEgNzQyNC8zLzEgNzQyMy80LzEKZiA3NTI1LzEvMSA3NTI2LzIvMSA3NDI1LzMvMSA3NDI0LzQvMQpmIDc1MjYvMS8xIDc1MjcvMi8xIDc0MjYvMy8xIDc0MjUvNC8xCmYgNzUyNy8xLzEgNzUyOC8yLzEgNzQyNy8zLzEgNzQyNi80LzEKZiA3NTI4LzEvMSA3NTI5LzIvMSA3NDI4LzMvMSA3NDI3LzQvMQpmIDc1MjkvMS8xIDc1MzAvMi8xIDc0MjkvMy8xIDc0MjgvNC8xCmYgNzUzMC8xLzEgNzUzMS8yLzEgNzQzMC8zLzEgNzQyOS80LzEKZiA3NTMxLzEvMSA3NTMyLzIvMSA3NDMxLzMvMSA3NDMwLzQvMQpmIDc1MzIvMS8xIDc1MzMvMi8xIDc0MzIvMy8xIDc0MzEvNC8xCmYgNzUzMy8xLzEgNzUzNC8yLzEgNzQzMy8zLzEgNzQzMi80LzEKZiA3NTM0LzEvMSA3NTM1LzIvMSA3NDM0LzMvMSA3NDMzLzQvMQpmIDc1MzUvMS8xIDc1MzYvMi8xIDc0MzUvMy8xIDc0MzQvNC8xCmYgNzUzNi8xLzEgNzUzNy8yLzEgNzQzNi8zLzEgNzQzNS80LzEKZiA3NTM3LzEvMSA3NTM4LzIvMSA3NDM3LzMvMSA3NDM2LzQvMQpmIDc1MzgvMS8xIDc1MzkvMi8xIDc0MzgvMy8xIDc0MzcvNC8xCmYgNzUzOS8xLzEgNzU0MC8yLzEgNzQzOS8zLzEgNzQzOC80LzEKZiA3NTQwLzEvMSA3NTQxLzIvMSA3NDQwLzMvMSA3NDM5LzQvMQpmIDc1NDEvMS8xIDc1NDIvMi8xIDc0NDEvMy8xIDc0NDAvNC8xCmYgNzU0Mi8xLzEgNzU0My8yLzEgNzQ0Mi8zLzEgNzQ0MS80LzEKZiA3NTQzLzEvMSA3NTQ0LzIvMSA3NDQzLzMvMSA3NDQyLzQvMQpmIDc1NDQvMS8xIDc1NDUvMi8xIDc0NDQvMy8xIDc0NDMvNC8xCmYgNzU0NS8xLzEgNzU0Ni8yLzEgNzQ0NS8zLzEgNzQ0NC80LzEKZiA3NTQ2LzEvMSA3NTQ3LzIvMSA3NDQ2LzMvMSA3NDQ1LzQvMQpmIDc1NDcvMS8xIDc1NDgvMi8xIDc0NDcvMy8xIDc0NDYvNC8xCmYgNzU0OC8xLzEgNzU0OS8yLzEgNzQ0OC8zLzEgNzQ0Ny80LzEKZiA3NTQ5LzEvMSA3NTUwLzIvMSA3NDQ5LzMvMSA3NDQ4LzQvMQpmIDc1NTAvMS8xIDc1NTEvMi8xIDc0NTAvMy8xIDc0NDkvNC8xCmYgNzU1MS8xLzEgNzU1Mi8yLzEgNzQ1MS8zLzEgNzQ1MC80LzEKZiA3NTUyLzEvMSA3NTUzLzIvMSA3NDUyLzMvMSA3NDUxLzQvMQpmIDc1NTMvMS8xIDc1NTQvMi8xIDc0NTMvMy8xIDc0NTIvNC8xCmYgNzU1NC8xLzEgNzU1NS8yLzEgNzQ1NC8zLzEgNzQ1My80LzEKZiA3NTU1LzEvMSA3NTU2LzIvMSA3NDU1LzMvMSA3NDU0LzQvMQpmIDc1NTYvMS8xIDc1NTcvMi8xIDc0NTYvMy8xIDc0NTUvNC8xCmYgNzU1Ny8xLzEgNzU1OC8yLzEgNzQ1Ny8zLzEgNzQ1Ni80LzEKZiA3NTU4LzEvMSA3NTU5LzIvMSA3NDU4LzMvMSA3NDU3LzQvMQpmIDc1NTkvMS8xIDc1NjAvMi8xIDc0NTkvMy8xIDc0NTgvNC8xCmYgNzU2MC8xLzEgNzU2MS8yLzEgNzQ2MC8zLzEgNzQ1OS80LzEKZiA3NTYxLzEvMSA3NTYyLzIvMSA3NDYxLzMvMSA3NDYwLzQvMQpmIDc1NjIvMS8xIDc1NjMvMi8xIDc0NjIvMy8xIDc0NjEvNC8xCmYgNzU2My8xLzEgNzU2NC8yLzEgNzQ2My8zLzEgNzQ2Mi80LzEKZiA3NTY0LzEvMSA3NTY1LzIvMSA3NDY0LzMvMSA3NDYzLzQvMQpmIDc1NjUvMS8xIDc1NjYvMi8xIDc0NjUvMy8xIDc0NjQvNC8xCmYgNzU2Ni8xLzEgNzU2Ny8yLzEgNzQ2Ni8zLzEgNzQ2NS80LzEKZiA3NTY3LzEvMSA3NTY4LzIvMSA3NDY3LzMvMSA3NDY2LzQvMQpmIDc1NjgvMS8xIDc1NjkvMi8xIDc0NjgvMy8xIDc0NjcvNC8xCmYgNzU2OS8xLzEgNzU3MC8yLzEgNzQ2OS8zLzEgNzQ2OC80LzEKZiA3NTcwLzEvMSA3NTcxLzIvMSA3NDcwLzMvMSA3NDY5LzQvMQpmIDc1NzEvMS8xIDc1NzIvMi8xIDc0NzEvMy8xIDc0NzAvNC8xCmYgNzU3Mi8xLzEgNzU3My8yLzEgNzQ3Mi8zLzEgNzQ3MS80LzEKZiA3NTczLzEvMSA3NTc0LzIvMSA3NDczLzMvMSA3NDcyLzQvMQpmIDc1NzQvMS8xIDc1NzUvMi8xIDc0NzQvMy8xIDc0NzMvNC8xCmYgNzU3Ni8xLzEgNzU3Ny8yLzEgNzQ3Ni8zLzEgNzQ3NS80LzEKZiA3NTc3LzEvMSA3NTc4LzIvMSA3NDc3LzMvMSA3NDc2LzQvMQpmIDc1NzgvMS8xIDc1NzkvMi8xIDc0NzgvMy8xIDc0NzcvNC8xCmYgNzU3OS8xLzEgNzU4MC8yLzEgNzQ3OS8zLzEgNzQ3OC80LzEKZiA3NTgwLzEvMSA3NTgxLzIvMSA3NDgwLzMvMSA3NDc5LzQvMQpmIDc1ODEvMS8xIDc1ODIvMi8xIDc0ODEvMy8xIDc0ODAvNC8xCmYgNzU4Mi8xLzEgNzU4My8yLzEgNzQ4Mi8zLzEgNzQ4MS80LzEKZiA3NTgzLzEvMSA3NTg0LzIvMSA3NDgzLzMvMSA3NDgyLzQvMQpmIDc1ODQvMS8xIDc1ODUvMi8xIDc0ODQvMy8xIDc0ODMvNC8xCmYgNzU4NS8xLzEgNzU4Ni8yLzEgNzQ4NS8zLzEgNzQ4NC80LzEKZiA3NTg2LzEvMSA3NTg3LzIvMSA3NDg2LzMvMSA3NDg1LzQvMQpmIDc1ODcvMS8xIDc1ODgvMi8xIDc0ODcvMy8xIDc0ODYvNC8xCmYgNzU4OC8xLzEgNzU4OS8yLzEgNzQ4OC8zLzEgNzQ4Ny80LzEKZiA3NTg5LzEvMSA3NTkwLzIvMSA3NDg5LzMvMSA3NDg4LzQvMQpmIDc1OTAvMS8xIDc1OTEvMi8xIDc0OTAvMy8xIDc0ODkvNC8xCmYgNzU5MS8xLzEgNzU5Mi8yLzEgNzQ5MS8zLzEgNzQ5MC80LzEKZiA3NTkyLzEvMSA3NTkzLzIvMSA3NDkyLzMvMSA3NDkxLzQvMQpmIDc1OTMvMS8xIDc1OTQvMi8xIDc0OTMvMy8xIDc0OTIvNC8xCmYgNzU5NC8xLzEgNzU5NS8yLzEgNzQ5NC8zLzEgNzQ5My80LzEKZiA3NTk1LzEvMSA3NTk2LzIvMSA3NDk1LzMvMSA3NDk0LzQvMQpmIDc1OTYvMS8xIDc1OTcvMi8xIDc0OTYvMy8xIDc0OTUvNC8xCmYgNzU5Ny8xLzEgNzU5OC8yLzEgNzQ5Ny8zLzEgNzQ5Ni80LzEKZiA3NTk4LzEvMSA3NTk5LzIvMSA3NDk4LzMvMSA3NDk3LzQvMQpmIDc1OTkvMS8xIDc2MDAvMi8xIDc0OTkvMy8xIDc0OTgvNC8xCmYgNzYwMC8xLzEgNzYwMS8yLzEgNzUwMC8zLzEgNzQ5OS80LzEKZiA3NjAxLzEvMSA3NjAyLzIvMSA3NTAxLzMvMSA3NTAwLzQvMQpmIDc2MDIvMS8xIDc2MDMvMi8xIDc1MDIvMy8xIDc1MDEvNC8xCmYgNzYwMy8xLzEgNzYwNC8yLzEgNzUwMy8zLzEgNzUwMi80LzEKZiA3NjA0LzEvMSA3NjA1LzIvMSA3NTA0LzMvMSA3NTAzLzQvMQpmIDc2MDUvMS8xIDc2MDYvMi8xIDc1MDUvMy8xIDc1MDQvNC8xCmYgNzYwNi8xLzEgNzYwNy8yLzEgNzUwNi8zLzEgNzUwNS80LzEKZiA3NjA3LzEvMSA3NjA4LzIvMSA3NTA3LzMvMSA3NTA2LzQvMQpmIDc2MDgvMS8xIDc2MDkvMi8xIDc1MDgvMy8xIDc1MDcvNC8xCmYgNzYwOS8xLzEgNzYxMC8yLzEgNzUwOS8zLzEgNzUwOC80LzEKZiA3NjEwLzEvMSA3NjExLzIvMSA3NTEwLzMvMSA3NTA5LzQvMQpmIDc2MTEvMS8xIDc2MTIvMi8xIDc1MTEvMy8xIDc1MTAvNC8xCmYgNzYxMi8xLzEgNzYxMy8yLzEgNzUxMi8zLzEgNzUxMS80LzEKZiA3NjEzLzEvMSA3NjE0LzIvMSA3NTEzLzMvMSA3NTEyLzQvMQpmIDc2MTQvMS8xIDc2MTUvMi8xIDc1MTQvMy8xIDc1MTMvNC8xCmYgNzYxNS8xLzEgNzYxNi8yLzEgNzUxNS8zLzEgNzUxNC80LzEKZiA3NjE2LzEvMSA3NjE3LzIvMSA3NTE2LzMvMSA3NTE1LzQvMQpmIDc2MTcvMS8xIDc2MTgvMi8xIDc1MTcvMy8xIDc1MTYvNC8xCmYgNzYxOC8xLzEgNzYxOS8yLzEgNzUxOC8zLzEgNzUxNy80LzEKZiA3NjE5LzEvMSA3NjIwLzIvMSA3NTE5LzMvMSA3NTE4LzQvMQpmIDc2MjAvMS8xIDc2MjEvMi8xIDc1MjAvMy8xIDc1MTkvNC8xCmYgNzYyMS8xLzEgNzYyMi8yLzEgNzUyMS8zLzEgNzUyMC80LzEKZiA3NjIyLzEvMSA3NjIzLzIvMSA3NTIyLzMvMSA3NTIxLzQvMQpmIDc2MjMvMS8xIDc2MjQvMi8xIDc1MjMvMy8xIDc1MjIvNC8xCmYgNzYyNC8xLzEgNzYyNS8yLzEgNzUyNC8zLzEgNzUyMy80LzEKZiA3NjI1LzEvMSA3NjI2LzIvMSA3NTI1LzMvMSA3NTI0LzQvMQpmIDc2MjYvMS8xIDc2MjcvMi8xIDc1MjYvMy8xIDc1MjUvNC8xCmYgNzYyNy8xLzEgNzYyOC8yLzEgNzUyNy8zLzEgNzUyNi80LzEKZiA3NjI4LzEvMSA3NjI5LzIvMSA3NTI4LzMvMSA3NTI3LzQvMQpmIDc2MjkvMS8xIDc2MzAvMi8xIDc1MjkvMy8xIDc1MjgvNC8xCmYgNzYzMC8xLzEgNzYzMS8yLzEgNzUzMC8zLzEgNzUyOS80LzEKZiA3NjMxLzEvMSA3NjMyLzIvMSA3NTMxLzMvMSA3NTMwLzQvMQpmIDc2MzIvMS8xIDc2MzMvMi8xIDc1MzIvMy8xIDc1MzEvNC8xCmYgNzYzMy8xLzEgNzYzNC8yLzEgNzUzMy8zLzEgNzUzMi80LzEKZiA3NjM0LzEvMSA3NjM1LzIvMSA3NTM0LzMvMSA3NTMzLzQvMQpmIDc2MzUvMS8xIDc2MzYvMi8xIDc1MzUvMy8xIDc1MzQvNC8xCmYgNzYzNi8xLzEgNzYzNy8yLzEgNzUzNi8zLzEgNzUzNS80LzEKZiA3NjM3LzEvMSA3NjM4LzIvMSA3NTM3LzMvMSA3NTM2LzQvMQpmIDc2MzgvMS8xIDc2MzkvMi8xIDc1MzgvMy8xIDc1MzcvNC8xCmYgNzYzOS8xLzEgNzY0MC8yLzEgNzUzOS8zLzEgNzUzOC80LzEKZiA3NjQwLzEvMSA3NjQxLzIvMSA3NTQwLzMvMSA3NTM5LzQvMQpmIDc2NDEvMS8xIDc2NDIvMi8xIDc1NDEvMy8xIDc1NDAvNC8xCmYgNzY0Mi8xLzEgNzY0My8yLzEgNzU0Mi8zLzEgNzU0MS80LzEKZiA3NjQzLzEvMSA3NjQ0LzIvMSA3NTQzLzMvMSA3NTQyLzQvMQpmIDc2NDQvMS8xIDc2NDUvMi8xIDc1NDQvMy8xIDc1NDMvNC8xCmYgNzY0NS8xLzEgNzY0Ni8yLzEgNzU0NS8zLzEgNzU0NC80LzEKZiA3NjQ2LzEvMSA3NjQ3LzIvMSA3NTQ2LzMvMSA3NTQ1LzQvMQpmIDc2NDcvMS8xIDc2NDgvMi8xIDc1NDcvMy8xIDc1NDYvNC8xCmYgNzY0OC8xLzEgNzY0OS8yLzEgNzU0OC8zLzEgNzU0Ny80LzEKZiA3NjQ5LzEvMSA3NjUwLzIvMSA3NTQ5LzMvMSA3NTQ4LzQvMQpmIDc2NTAvMS8xIDc2NTEvMi8xIDc1NTAvMy8xIDc1NDkvNC8xCmYgNzY1MS8xLzEgNzY1Mi8yLzEgNzU1MS8zLzEgNzU1MC80LzEKZiA3NjUyLzEvMSA3NjUzLzIvMSA3NTUyLzMvMSA3NTUxLzQvMQpmIDc2NTMvMS8xIDc2NTQvMi8xIDc1NTMvMy8xIDc1NTIvNC8xCmYgNzY1NC8xLzEgNzY1NS8yLzEgNzU1NC8zLzEgNzU1My80LzEKZiA3NjU1LzEvMSA3NjU2LzIvMSA3NTU1LzMvMSA3NTU0LzQvMQpmIDc2NTYvMS8xIDc2NTcvMi8xIDc1NTYvMy8xIDc1NTUvNC8xCmYgNzY1Ny8xLzEgNzY1OC8yLzEgNzU1Ny8zLzEgNzU1Ni80LzEKZiA3NjU4LzEvMSA3NjU5LzIvMSA3NTU4LzMvMSA3NTU3LzQvMQpmIDc2NTkvMS8xIDc2NjAvMi8xIDc1NTkvMy8xIDc1NTgvNC8xCmYgNzY2MC8xLzEgNzY2MS8yLzEgNzU2MC8zLzEgNzU1OS80LzEKZiA3NjYxLzEvMSA3NjYyLzIvMSA3NTYxLzMvMSA3NTYwLzQvMQpmIDc2NjIvMS8xIDc2NjMvMi8xIDc1NjIvMy8xIDc1NjEvNC8xCmYgNzY2My8xLzEgNzY2NC8yLzEgNzU2My8zLzEgNzU2Mi80LzEKZiA3NjY0LzEvMSA3NjY1LzIvMSA3NTY0LzMvMSA3NTYzLzQvMQpmIDc2NjUvMS8xIDc2NjYvMi8xIDc1NjUvMy8xIDc1NjQvNC8xCmYgNzY2Ni8xLzEgNzY2Ny8yLzEgNzU2Ni8zLzEgNzU2NS80LzEKZiA3NjY3LzEvMSA3NjY4LzIvMSA3NTY3LzMvMSA3NTY2LzQvMQpmIDc2NjgvMS8xIDc2NjkvMi8xIDc1NjgvMy8xIDc1NjcvNC8xCmYgNzY2OS8xLzEgNzY3MC8yLzEgNzU2OS8zLzEgNzU2OC80LzEKZiA3NjcwLzEvMSA3NjcxLzIvMSA3NTcwLzMvMSA3NTY5LzQvMQpmIDc2NzEvMS8xIDc2NzIvMi8xIDc1NzEvMy8xIDc1NzAvNC8xCmYgNzY3Mi8xLzEgNzY3My8yLzEgNzU3Mi8zLzEgNzU3MS80LzEKZiA3NjczLzEvMSA3Njc0LzIvMSA3NTczLzMvMSA3NTcyLzQvMQpmIDc2NzQvMS8xIDc2NzUvMi8xIDc1NzQvMy8xIDc1NzMvNC8xCmYgNzY3NS8xLzEgNzY3Ni8yLzEgNzU3NS8zLzEgNzU3NC80LzEKZiA3Njc3LzEvMSA3Njc4LzIvMSA3NTc3LzMvMSA3NTc2LzQvMQpmIDc2NzgvMS8xIDc2NzkvMi8xIDc1NzgvMy8xIDc1NzcvNC8xCmYgNzY3OS8xLzEgNzY4MC8yLzEgNzU3OS8zLzEgNzU3OC80LzEKZiA3NjgwLzEvMSA3NjgxLzIvMSA3NTgwLzMvMSA3NTc5LzQvMQpmIDc2ODEvMS8xIDc2ODIvMi8xIDc1ODEvMy8xIDc1ODAvNC8xCmYgNzY4Mi8xLzEgNzY4My8yLzEgNzU4Mi8zLzEgNzU4MS80LzEKZiA3NjgzLzEvMSA3Njg0LzIvMSA3NTgzLzMvMSA3NTgyLzQvMQpmIDc2ODQvMS8xIDc2ODUvMi8xIDc1ODQvMy8xIDc1ODMvNC8xCmYgNzY4NS8xLzEgNzY4Ni8yLzEgNzU4NS8zLzEgNzU4NC80LzEKZiA3Njg2LzEvMSA3Njg3LzIvMSA3NTg2LzMvMSA3NTg1LzQvMQpmIDc2ODcvMS8xIDc2ODgvMi8xIDc1ODcvMy8xIDc1ODYvNC8xCmYgNzY4OC8xLzEgNzY4OS8yLzEgNzU4OC8zLzEgNzU4Ny80LzEKZiA3Njg5LzEvMSA3NjkwLzIvMSA3NTg5LzMvMSA3NTg4LzQvMQpmIDc2OTAvMS8xIDc2OTEvMi8xIDc1OTAvMy8xIDc1ODkvNC8xCmYgNzY5MS8xLzEgNzY5Mi8yLzEgNzU5MS8zLzEgNzU5MC80LzEKZiA3NjkyLzEvMSA3NjkzLzIvMSA3NTkyLzMvMSA3NTkxLzQvMQpmIDc2OTMvMS8xIDc2OTQvMi8xIDc1OTMvMy8xIDc1OTIvNC8xCmYgNzY5NC8xLzEgNzY5NS8yLzEgNzU5NC8zLzEgNzU5My80LzEKZiA3Njk1LzEvMSA3Njk2LzIvMSA3NTk1LzMvMSA3NTk0LzQvMQpmIDc2OTYvMS8xIDc2OTcvMi8xIDc1OTYvMy8xIDc1OTUvNC8xCmYgNzY5Ny8xLzEgNzY5OC8yLzEgNzU5Ny8zLzEgNzU5Ni80LzEKZiA3Njk4LzEvMSA3Njk5LzIvMSA3NTk4LzMvMSA3NTk3LzQvMQpmIDc2OTkvMS8xIDc3MDAvMi8xIDc1OTkvMy8xIDc1OTgvNC8xCmYgNzcwMC8xLzEgNzcwMS8yLzEgNzYwMC8zLzEgNzU5OS80LzEKZiA3NzAxLzEvMSA3NzAyLzIvMSA3NjAxLzMvMSA3NjAwLzQvMQpmIDc3MDIvMS8xIDc3MDMvMi8xIDc2MDIvMy8xIDc2MDEvNC8xCmYgNzcwMy8xLzEgNzcwNC8yLzEgNzYwMy8zLzEgNzYwMi80LzEKZiA3NzA0LzEvMSA3NzA1LzIvMSA3NjA0LzMvMSA3NjAzLzQvMQpmIDc3MDUvMS8xIDc3MDYvMi8xIDc2MDUvMy8xIDc2MDQvNC8xCmYgNzcwNi8xLzEgNzcwNy8yLzEgNzYwNi8zLzEgNzYwNS80LzEKZiA3NzA3LzEvMSA3NzA4LzIvMSA3NjA3LzMvMSA3NjA2LzQvMQpmIDc3MDgvMS8xIDc3MDkvMi8xIDc2MDgvMy8xIDc2MDcvNC8xCmYgNzcwOS8xLzEgNzcxMC8yLzEgNzYwOS8zLzEgNzYwOC80LzEKZiA3NzEwLzEvMSA3NzExLzIvMSA3NjEwLzMvMSA3NjA5LzQvMQpmIDc3MTEvMS8xIDc3MTIvMi8xIDc2MTEvMy8xIDc2MTAvNC8xCmYgNzcxMi8xLzEgNzcxMy8yLzEgNzYxMi8zLzEgNzYxMS80LzEKZiA3NzEzLzEvMSA3NzE0LzIvMSA3NjEzLzMvMSA3NjEyLzQvMQpmIDc3MTQvMS8xIDc3MTUvMi8xIDc2MTQvMy8xIDc2MTMvNC8xCmYgNzcxNS8xLzEgNzcxNi8yLzEgNzYxNS8zLzEgNzYxNC80LzEKZiA3NzE2LzEvMSA3NzE3LzIvMSA3NjE2LzMvMSA3NjE1LzQvMQpmIDc3MTcvMS8xIDc3MTgvMi8xIDc2MTcvMy8xIDc2MTYvNC8xCmYgNzcxOC8xLzEgNzcxOS8yLzEgNzYxOC8zLzEgNzYxNy80LzEKZiA3NzE5LzEvMSA3NzIwLzIvMSA3NjE5LzMvMSA3NjE4LzQvMQpmIDc3MjAvMS8xIDc3MjEvMi8xIDc2MjAvMy8xIDc2MTkvNC8xCmYgNzcyMS8xLzEgNzcyMi8yLzEgNzYyMS8zLzEgNzYyMC80LzEKZiA3NzIyLzEvMSA3NzIzLzIvMSA3NjIyLzMvMSA3NjIxLzQvMQpmIDc3MjMvMS8xIDc3MjQvMi8xIDc2MjMvMy8xIDc2MjIvNC8xCmYgNzcyNC8xLzEgNzcyNS8yLzEgNzYyNC8zLzEgNzYyMy80LzEKZiA3NzI1LzEvMSA3NzI2LzIvMSA3NjI1LzMvMSA3NjI0LzQvMQpmIDc3MjYvMS8xIDc3MjcvMi8xIDc2MjYvMy8xIDc2MjUvNC8xCmYgNzcyNy8xLzEgNzcyOC8yLzEgNzYyNy8zLzEgNzYyNi80LzEKZiA3NzI4LzEvMSA3NzI5LzIvMSA3NjI4LzMvMSA3NjI3LzQvMQpmIDc3MjkvMS8xIDc3MzAvMi8xIDc2MjkvMy8xIDc2MjgvNC8xCmYgNzczMC8xLzEgNzczMS8yLzEgNzYzMC8zLzEgNzYyOS80LzEKZiA3NzMxLzEvMSA3NzMyLzIvMSA3NjMxLzMvMSA3NjMwLzQvMQpmIDc3MzIvMS8xIDc3MzMvMi8xIDc2MzIvMy8xIDc2MzEvNC8xCmYgNzczMy8xLzEgNzczNC8yLzEgNzYzMy8zLzEgNzYzMi80LzEKZiA3NzM0LzEvMSA3NzM1LzIvMSA3NjM0LzMvMSA3NjMzLzQvMQpmIDc3MzUvMS8xIDc3MzYvMi8xIDc2MzUvMy8xIDc2MzQvNC8xCmYgNzczNi8xLzEgNzczNy8yLzEgNzYzNi8zLzEgNzYzNS80LzEKZiA3NzM3LzEvMSA3NzM4LzIvMSA3NjM3LzMvMSA3NjM2LzQvMQpmIDc3MzgvMS8xIDc3MzkvMi8xIDc2MzgvMy8xIDc2MzcvNC8xCmYgNzczOS8xLzEgNzc0MC8yLzEgNzYzOS8zLzEgNzYzOC80LzEKZiA3NzQwLzEvMSA3NzQxLzIvMSA3NjQwLzMvMSA3NjM5LzQvMQpmIDc3NDEvMS8xIDc3NDIvMi8xIDc2NDEvMy8xIDc2NDAvNC8xCmYgNzc0Mi8xLzEgNzc0My8yLzEgNzY0Mi8zLzEgNzY0MS80LzEKZiA3NzQzLzEvMSA3NzQ0LzIvMSA3NjQzLzMvMSA3NjQyLzQvMQpmIDc3NDQvMS8xIDc3NDUvMi8xIDc2NDQvMy8xIDc2NDMvNC8xCmYgNzc0NS8xLzEgNzc0Ni8yLzEgNzY0NS8zLzEgNzY0NC80LzEKZiA3NzQ2LzEvMSA3NzQ3LzIvMSA3NjQ2LzMvMSA3NjQ1LzQvMQpmIDc3NDcvMS8xIDc3NDgvMi8xIDc2NDcvMy8xIDc2NDYvNC8xCmYgNzc0OC8xLzEgNzc0OS8yLzEgNzY0OC8zLzEgNzY0Ny80LzEKZiA3NzQ5LzEvMSA3NzUwLzIvMSA3NjQ5LzMvMSA3NjQ4LzQvMQpmIDc3NTAvMS8xIDc3NTEvMi8xIDc2NTAvMy8xIDc2NDkvNC8xCmYgNzc1MS8xLzEgNzc1Mi8yLzEgNzY1MS8zLzEgNzY1MC80LzEKZiA3NzUyLzEvMSA3NzUzLzIvMSA3NjUyLzMvMSA3NjUxLzQvMQpmIDc3NTMvMS8xIDc3NTQvMi8xIDc2NTMvMy8xIDc2NTIvNC8xCmYgNzc1NC8xLzEgNzc1NS8yLzEgNzY1NC8zLzEgNzY1My80LzEKZiA3NzU1LzEvMSA3NzU2LzIvMSA3NjU1LzMvMSA3NjU0LzQvMQpmIDc3NTYvMS8xIDc3NTcvMi8xIDc2NTYvMy8xIDc2NTUvNC8xCmYgNzc1Ny8xLzEgNzc1OC8yLzEgNzY1Ny8zLzEgNzY1Ni80LzEKZiA3NzU4LzEvMSA3NzU5LzIvMSA3NjU4LzMvMSA3NjU3LzQvMQpmIDc3NTkvMS8xIDc3NjAvMi8xIDc2NTkvMy8xIDc2NTgvNC8xCmYgNzc2MC8xLzEgNzc2MS8yLzEgNzY2MC8zLzEgNzY1OS80LzEKZiA3NzYxLzEvMSA3NzYyLzIvMSA3NjYxLzMvMSA3NjYwLzQvMQpmIDc3NjIvMS8xIDc3NjMvMi8xIDc2NjIvMy8xIDc2NjEvNC8xCmYgNzc2My8xLzEgNzc2NC8yLzEgNzY2My8zLzEgNzY2Mi80LzEKZiA3NzY0LzEvMSA3NzY1LzIvMSA3NjY0LzMvMSA3NjYzLzQvMQpmIDc3NjUvMS8xIDc3NjYvMi8xIDc2NjUvMy8xIDc2NjQvNC8xCmYgNzc2Ni8xLzEgNzc2Ny8yLzEgNzY2Ni8zLzEgNzY2NS80LzEKZiA3NzY3LzEvMSA3NzY4LzIvMSA3NjY3LzMvMSA3NjY2LzQvMQpmIDc3NjgvMS8xIDc3NjkvMi8xIDc2NjgvMy8xIDc2NjcvNC8xCmYgNzc2OS8xLzEgNzc3MC8yLzEgNzY2OS8zLzEgNzY2OC80LzEKZiA3NzcwLzEvMSA3NzcxLzIvMSA3NjcwLzMvMSA3NjY5LzQvMQpmIDc3NzEvMS8xIDc3NzIvMi8xIDc2NzEvMy8xIDc2NzAvNC8xCmYgNzc3Mi8xLzEgNzc3My8yLzEgNzY3Mi8zLzEgNzY3MS80LzEKZiA3NzczLzEvMSA3Nzc0LzIvMSA3NjczLzMvMSA3NjcyLzQvMQpmIDc3NzQvMS8xIDc3NzUvMi8xIDc2NzQvMy8xIDc2NzMvNC8xCmYgNzc3NS8xLzEgNzc3Ni8yLzEgNzY3NS8zLzEgNzY3NC80LzEKZiA3Nzc2LzEvMSA3Nzc3LzIvMSA3Njc2LzMvMSA3Njc1LzQvMQpmIDc3NzgvMS8xIDc3NzkvMi8xIDc2NzgvMy8xIDc2NzcvNC8xCmYgNzc3OS8xLzEgNzc4MC8yLzEgNzY3OS8zLzEgNzY3OC80LzEKZiA3NzgwLzEvMSA3NzgxLzIvMSA3NjgwLzMvMSA3Njc5LzQvMQpmIDc3ODEvMS8xIDc3ODIvMi8xIDc2ODEvMy8xIDc2ODAvNC8xCmYgNzc4Mi8xLzEgNzc4My8yLzEgNzY4Mi8zLzEgNzY4MS80LzEKZiA3NzgzLzEvMSA3Nzg0LzIvMSA3NjgzLzMvMSA3NjgyLzQvMQpmIDc3ODQvMS8xIDc3ODUvMi8xIDc2ODQvMy8xIDc2ODMvNC8xCmYgNzc4NS8xLzEgNzc4Ni8yLzEgNzY4NS8zLzEgNzY4NC80LzEKZiA3Nzg2LzEvMSA3Nzg3LzIvMSA3Njg2LzMvMSA3Njg1LzQvMQpmIDc3ODcvMS8xIDc3ODgvMi8xIDc2ODcvMy8xIDc2ODYvNC8xCmYgNzc4OC8xLzEgNzc4OS8yLzEgNzY4OC8zLzEgNzY4Ny80LzEKZiA3Nzg5LzEvMSA3NzkwLzIvMSA3Njg5LzMvMSA3Njg4LzQvMQpmIDc3OTAvMS8xIDc3OTEvMi8xIDc2OTAvMy8xIDc2ODkvNC8xCmYgNzc5MS8xLzEgNzc5Mi8yLzEgNzY5MS8zLzEgNzY5MC80LzEKZiA3NzkyLzEvMSA3NzkzLzIvMSA3NjkyLzMvMSA3NjkxLzQvMQpmIDc3OTMvMS8xIDc3OTQvMi8xIDc2OTMvMy8xIDc2OTIvNC8xCmYgNzc5NC8xLzEgNzc5NS8yLzEgNzY5NC8zLzEgNzY5My80LzEKZiA3Nzk1LzEvMSA3Nzk2LzIvMSA3Njk1LzMvMSA3Njk0LzQvMQpmIDc3OTYvMS8xIDc3OTcvMi8xIDc2OTYvMy8xIDc2OTUvNC8xCmYgNzc5Ny8xLzEgNzc5OC8yLzEgNzY5Ny8zLzEgNzY5Ni80LzEKZiA3Nzk4LzEvMSA3Nzk5LzIvMSA3Njk4LzMvMSA3Njk3LzQvMQpmIDc3OTkvMS8xIDc4MDAvMi8xIDc2OTkvMy8xIDc2OTgvNC8xCmYgNzgwMC8xLzEgNzgwMS8yLzEgNzcwMC8zLzEgNzY5OS80LzEKZiA3ODAxLzEvMSA3ODAyLzIvMSA3NzAxLzMvMSA3NzAwLzQvMQpmIDc4MDIvMS8xIDc4MDMvMi8xIDc3MDIvMy8xIDc3MDEvNC8xCmYgNzgwMy8xLzEgNzgwNC8yLzEgNzcwMy8zLzEgNzcwMi80LzEKZiA3ODA0LzEvMSA3ODA1LzIvMSA3NzA0LzMvMSA3NzAzLzQvMQpmIDc4MDUvMS8xIDc4MDYvMi8xIDc3MDUvMy8xIDc3MDQvNC8xCmYgNzgwNi8xLzEgNzgwNy8yLzEgNzcwNi8zLzEgNzcwNS80LzEKZiA3ODA3LzEvMSA3ODA4LzIvMSA3NzA3LzMvMSA3NzA2LzQvMQpmIDc4MDgvMS8xIDc4MDkvMi8xIDc3MDgvMy8xIDc3MDcvNC8xCmYgNzgwOS8xLzEgNzgxMC8yLzEgNzcwOS8zLzEgNzcwOC80LzEKZiA3ODEwLzEvMSA3ODExLzIvMSA3NzEwLzMvMSA3NzA5LzQvMQpmIDc4MTEvMS8xIDc4MTIvMi8xIDc3MTEvMy8xIDc3MTAvNC8xCmYgNzgxMi8xLzEgNzgxMy8yLzEgNzcxMi8zLzEgNzcxMS80LzEKZiA3ODEzLzEvMSA3ODE0LzIvMSA3NzEzLzMvMSA3NzEyLzQvMQpmIDc4MTQvMS8xIDc4MTUvMi8xIDc3MTQvMy8xIDc3MTMvNC8xCmYgNzgxNS8xLzEgNzgxNi8yLzEgNzcxNS8zLzEgNzcxNC80LzEKZiA3ODE2LzEvMSA3ODE3LzIvMSA3NzE2LzMvMSA3NzE1LzQvMQpmIDc4MTcvMS8xIDc4MTgvMi8xIDc3MTcvMy8xIDc3MTYvNC8xCmYgNzgxOC8xLzEgNzgxOS8yLzEgNzcxOC8zLzEgNzcxNy80LzEKZiA3ODE5LzEvMSA3ODIwLzIvMSA3NzE5LzMvMSA3NzE4LzQvMQpmIDc4MjAvMS8xIDc4MjEvMi8xIDc3MjAvMy8xIDc3MTkvNC8xCmYgNzgyMS8xLzEgNzgyMi8yLzEgNzcyMS8zLzEgNzcyMC80LzEKZiA3ODIyLzEvMSA3ODIzLzIvMSA3NzIyLzMvMSA3NzIxLzQvMQpmIDc4MjMvMS8xIDc4MjQvMi8xIDc3MjMvMy8xIDc3MjIvNC8xCmYgNzgyNC8xLzEgNzgyNS8yLzEgNzcyNC8zLzEgNzcyMy80LzEKZiA3ODI1LzEvMSA3ODI2LzIvMSA3NzI1LzMvMSA3NzI0LzQvMQpmIDc4MjYvMS8xIDc4MjcvMi8xIDc3MjYvMy8xIDc3MjUvNC8xCmYgNzgyNy8xLzEgNzgyOC8yLzEgNzcyNy8zLzEgNzcyNi80LzEKZiA3ODI4LzEvMSA3ODI5LzIvMSA3NzI4LzMvMSA3NzI3LzQvMQpmIDc4MjkvMS8xIDc4MzAvMi8xIDc3MjkvMy8xIDc3MjgvNC8xCmYgNzgzMC8xLzEgNzgzMS8yLzEgNzczMC8zLzEgNzcyOS80LzEKZiA3ODMxLzEvMSA3ODMyLzIvMSA3NzMxLzMvMSA3NzMwLzQvMQpmIDc4MzIvMS8xIDc4MzMvMi8xIDc3MzIvMy8xIDc3MzEvNC8xCmYgNzgzMy8xLzEgNzgzNC8yLzEgNzczMy8zLzEgNzczMi80LzEKZiA3ODM0LzEvMSA3ODM1LzIvMSA3NzM0LzMvMSA3NzMzLzQvMQpmIDc4MzUvMS8xIDc4MzYvMi8xIDc3MzUvMy8xIDc3MzQvNC8xCmYgNzgzNi8xLzEgNzgzNy8yLzEgNzczNi8zLzEgNzczNS80LzEKZiA3ODM3LzEvMSA3ODM4LzIvMSA3NzM3LzMvMSA3NzM2LzQvMQpmIDc4MzgvMS8xIDc4MzkvMi8xIDc3MzgvMy8xIDc3MzcvNC8xCmYgNzgzOS8xLzEgNzg0MC8yLzEgNzczOS8zLzEgNzczOC80LzEKZiA3ODQwLzEvMSA3ODQxLzIvMSA3NzQwLzMvMSA3NzM5LzQvMQpmIDc4NDEvMS8xIDc4NDIvMi8xIDc3NDEvMy8xIDc3NDAvNC8xCmYgNzg0Mi8xLzEgNzg0My8yLzEgNzc0Mi8zLzEgNzc0MS80LzEKZiA3ODQzLzEvMSA3ODQ0LzIvMSA3NzQzLzMvMSA3NzQyLzQvMQpmIDc4NDQvMS8xIDc4NDUvMi8xIDc3NDQvMy8xIDc3NDMvNC8xCmYgNzg0NS8xLzEgNzg0Ni8yLzEgNzc0NS8zLzEgNzc0NC80LzEKZiA3ODQ2LzEvMSA3ODQ3LzIvMSA3NzQ2LzMvMSA3NzQ1LzQvMQpmIDc4NDcvMS8xIDc4NDgvMi8xIDc3NDcvMy8xIDc3NDYvNC8xCmYgNzg0OC8xLzEgNzg0OS8yLzEgNzc0OC8zLzEgNzc0Ny80LzEKZiA3ODQ5LzEvMSA3ODUwLzIvMSA3NzQ5LzMvMSA3NzQ4LzQvMQpmIDc4NTAvMS8xIDc4NTEvMi8xIDc3NTAvMy8xIDc3NDkvNC8xCmYgNzg1MS8xLzEgNzg1Mi8yLzEgNzc1MS8zLzEgNzc1MC80LzEKZiA3ODUyLzEvMSA3ODUzLzIvMSA3NzUyLzMvMSA3NzUxLzQvMQpmIDc4NTMvMS8xIDc4NTQvMi8xIDc3NTMvMy8xIDc3NTIvNC8xCmYgNzg1NC8xLzEgNzg1NS8yLzEgNzc1NC8zLzEgNzc1My80LzEKZiA3ODU1LzEvMSA3ODU2LzIvMSA3NzU1LzMvMSA3NzU0LzQvMQpmIDc4NTYvMS8xIDc4NTcvMi8xIDc3NTYvMy8xIDc3NTUvNC8xCmYgNzg1Ny8xLzEgNzg1OC8yLzEgNzc1Ny8zLzEgNzc1Ni80LzEKZiA3ODU4LzEvMSA3ODU5LzIvMSA3NzU4LzMvMSA3NzU3LzQvMQpmIDc4NTkvMS8xIDc4NjAvMi8xIDc3NTkvMy8xIDc3NTgvNC8xCmYgNzg2MC8xLzEgNzg2MS8yLzEgNzc2MC8zLzEgNzc1OS80LzEKZiA3ODYxLzEvMSA3ODYyLzIvMSA3NzYxLzMvMSA3NzYwLzQvMQpmIDc4NjIvMS8xIDc4NjMvMi8xIDc3NjIvMy8xIDc3NjEvNC8xCmYgNzg2My8xLzEgNzg2NC8yLzEgNzc2My8zLzEgNzc2Mi80LzEKZiA3ODY0LzEvMSA3ODY1LzIvMSA3NzY0LzMvMSA3NzYzLzQvMQpmIDc4NjUvMS8xIDc4NjYvMi8xIDc3NjUvMy8xIDc3NjQvNC8xCmYgNzg2Ni8xLzEgNzg2Ny8yLzEgNzc2Ni8zLzEgNzc2NS80LzEKZiA3ODY3LzEvMSA3ODY4LzIvMSA3NzY3LzMvMSA3NzY2LzQvMQpmIDc4NjgvMS8xIDc4NjkvMi8xIDc3NjgvMy8xIDc3NjcvNC8xCmYgNzg2OS8xLzEgNzg3MC8yLzEgNzc2OS8zLzEgNzc2OC80LzEKZiA3ODcwLzEvMSA3ODcxLzIvMSA3NzcwLzMvMSA3NzY5LzQvMQpmIDc4NzEvMS8xIDc4NzIvMi8xIDc3NzEvMy8xIDc3NzAvNC8xCmYgNzg3Mi8xLzEgNzg3My8yLzEgNzc3Mi8zLzEgNzc3MS80LzEKZiA3ODczLzEvMSA3ODc0LzIvMSA3NzczLzMvMSA3NzcyLzQvMQpmIDc4NzQvMS8xIDc4NzUvMi8xIDc3NzQvMy8xIDc3NzMvNC8xCmYgNzg3NS8xLzEgNzg3Ni8yLzEgNzc3NS8zLzEgNzc3NC80LzEKZiA3ODc2LzEvMSA3ODc3LzIvMSA3Nzc2LzMvMSA3Nzc1LzQvMQpmIDc4NzcvMS8xIDc4NzgvMi8xIDc3NzcvMy8xIDc3NzYvNC8xCmYgNzg3OS8xLzEgNzg4MC8yLzEgNzc3OS8zLzEgNzc3OC80LzEKZiA3ODgwLzEvMSA3ODgxLzIvMSA3NzgwLzMvMSA3Nzc5LzQvMQpmIDc4ODEvMS8xIDc4ODIvMi8xIDc3ODEvMy8xIDc3ODAvNC8xCmYgNzg4Mi8xLzEgNzg4My8yLzEgNzc4Mi8zLzEgNzc4MS80LzEKZiA3ODgzLzEvMSA3ODg0LzIvMSA3NzgzLzMvMSA3NzgyLzQvMQpmIDc4ODQvMS8xIDc4ODUvMi8xIDc3ODQvMy8xIDc3ODMvNC8xCmYgNzg4NS8xLzEgNzg4Ni8yLzEgNzc4NS8zLzEgNzc4NC80LzEKZiA3ODg2LzEvMSA3ODg3LzIvMSA3Nzg2LzMvMSA3Nzg1LzQvMQpmIDc4ODcvMS8xIDc4ODgvMi8xIDc3ODcvMy8xIDc3ODYvNC8xCmYgNzg4OC8xLzEgNzg4OS8yLzEgNzc4OC8zLzEgNzc4Ny80LzEKZiA3ODg5LzEvMSA3ODkwLzIvMSA3Nzg5LzMvMSA3Nzg4LzQvMQpmIDc4OTAvMS8xIDc4OTEvMi8xIDc3OTAvMy8xIDc3ODkvNC8xCmYgNzg5MS8xLzEgNzg5Mi8yLzEgNzc5MS8zLzEgNzc5MC80LzEKZiA3ODkyLzEvMSA3ODkzLzIvMSA3NzkyLzMvMSA3NzkxLzQvMQpmIDc4OTMvMS8xIDc4OTQvMi8xIDc3OTMvMy8xIDc3OTIvNC8xCmYgNzg5NC8xLzEgNzg5NS8yLzEgNzc5NC8zLzEgNzc5My80LzEKZiA3ODk1LzEvMSA3ODk2LzIvMSA3Nzk1LzMvMSA3Nzk0LzQvMQpmIDc4OTYvMS8xIDc4OTcvMi8xIDc3OTYvMy8xIDc3OTUvNC8xCmYgNzg5Ny8xLzEgNzg5OC8yLzEgNzc5Ny8zLzEgNzc5Ni80LzEKZiA3ODk4LzEvMSA3ODk5LzIvMSA3Nzk4LzMvMSA3Nzk3LzQvMQpmIDc4OTkvMS8xIDc5MDAvMi8xIDc3OTkvMy8xIDc3OTgvNC8xCmYgNzkwMC8xLzEgNzkwMS8yLzEgNzgwMC8zLzEgNzc5OS80LzEKZiA3OTAxLzEvMSA3OTAyLzIvMSA3ODAxLzMvMSA3ODAwLzQvMQpmIDc5MDIvMS8xIDc5MDMvMi8xIDc4MDIvMy8xIDc4MDEvNC8xCmYgNzkwMy8xLzEgNzkwNC8yLzEgNzgwMy8zLzEgNzgwMi80LzEKZiA3OTA0LzEvMSA3OTA1LzIvMSA3ODA0LzMvMSA3ODAzLzQvMQpmIDc5MDUvMS8xIDc5MDYvMi8xIDc4MDUvMy8xIDc4MDQvNC8xCmYgNzkwNi8xLzEgNzkwNy8yLzEgNzgwNi8zLzEgNzgwNS80LzEKZiA3OTA3LzEvMSA3OTA4LzIvMSA3ODA3LzMvMSA3ODA2LzQvMQpmIDc5MDgvMS8xIDc5MDkvMi8xIDc4MDgvMy8xIDc4MDcvNC8xCmYgNzkwOS8xLzEgNzkxMC8yLzEgNzgwOS8zLzEgNzgwOC80LzEKZiA3OTEwLzEvMSA3OTExLzIvMSA3ODEwLzMvMSA3ODA5LzQvMQpmIDc5MTEvMS8xIDc5MTIvMi8xIDc4MTEvMy8xIDc4MTAvNC8xCmYgNzkxMi8xLzEgNzkxMy8yLzEgNzgxMi8zLzEgNzgxMS80LzEKZiA3OTEzLzEvMSA3OTE0LzIvMSA3ODEzLzMvMSA3ODEyLzQvMQpmIDc5MTQvMS8xIDc5MTUvMi8xIDc4MTQvMy8xIDc4MTMvNC8xCmYgNzkxNS8xLzEgNzkxNi8yLzEgNzgxNS8zLzEgNzgxNC80LzEKZiA3OTE2LzEvMSA3OTE3LzIvMSA3ODE2LzMvMSA3ODE1LzQvMQpmIDc5MTcvMS8xIDc5MTgvMi8xIDc4MTcvMy8xIDc4MTYvNC8xCmYgNzkxOC8xLzEgNzkxOS8yLzEgNzgxOC8zLzEgNzgxNy80LzEKZiA3OTE5LzEvMSA3OTIwLzIvMSA3ODE5LzMvMSA3ODE4LzQvMQpmIDc5MjAvMS8xIDc5MjEvMi8xIDc4MjAvMy8xIDc4MTkvNC8xCmYgNzkyMS8xLzEgNzkyMi8yLzEgNzgyMS8zLzEgNzgyMC80LzEKZiA3OTIyLzEvMSA3OTIzLzIvMSA3ODIyLzMvMSA3ODIxLzQvMQpmIDc5MjMvMS8xIDc5MjQvMi8xIDc4MjMvMy8xIDc4MjIvNC8xCmYgNzkyNC8xLzEgNzkyNS8yLzEgNzgyNC8zLzEgNzgyMy80LzEKZiA3OTI1LzEvMSA3OTI2LzIvMSA3ODI1LzMvMSA3ODI0LzQvMQpmIDc5MjYvMS8xIDc5MjcvMi8xIDc4MjYvMy8xIDc4MjUvNC8xCmYgNzkyNy8xLzEgNzkyOC8yLzEgNzgyNy8zLzEgNzgyNi80LzEKZiA3OTI4LzEvMSA3OTI5LzIvMSA3ODI4LzMvMSA3ODI3LzQvMQpmIDc5MjkvMS8xIDc5MzAvMi8xIDc4MjkvMy8xIDc4MjgvNC8xCmYgNzkzMC8xLzEgNzkzMS8yLzEgNzgzMC8zLzEgNzgyOS80LzEKZiA3OTMxLzEvMSA3OTMyLzIvMSA3ODMxLzMvMSA3ODMwLzQvMQpmIDc5MzIvMS8xIDc5MzMvMi8xIDc4MzIvMy8xIDc4MzEvNC8xCmYgNzkzMy8xLzEgNzkzNC8yLzEgNzgzMy8zLzEgNzgzMi80LzEKZiA3OTM0LzEvMSA3OTM1LzIvMSA3ODM0LzMvMSA3ODMzLzQvMQpmIDc5MzUvMS8xIDc5MzYvMi8xIDc4MzUvMy8xIDc4MzQvNC8xCmYgNzkzNi8xLzEgNzkzNy8yLzEgNzgzNi8zLzEgNzgzNS80LzEKZiA3OTM3LzEvMSA3OTM4LzIvMSA3ODM3LzMvMSA3ODM2LzQvMQpmIDc5MzgvMS8xIDc5MzkvMi8xIDc4MzgvMy8xIDc4MzcvNC8xCmYgNzkzOS8xLzEgNzk0MC8yLzEgNzgzOS8zLzEgNzgzOC80LzEKZiA3OTQwLzEvMSA3OTQxLzIvMSA3ODQwLzMvMSA3ODM5LzQvMQpmIDc5NDEvMS8xIDc5NDIvMi8xIDc4NDEvMy8xIDc4NDAvNC8xCmYgNzk0Mi8xLzEgNzk0My8yLzEgNzg0Mi8zLzEgNzg0MS80LzEKZiA3OTQzLzEvMSA3OTQ0LzIvMSA3ODQzLzMvMSA3ODQyLzQvMQpmIDc5NDQvMS8xIDc5NDUvMi8xIDc4NDQvMy8xIDc4NDMvNC8xCmYgNzk0NS8xLzEgNzk0Ni8yLzEgNzg0NS8zLzEgNzg0NC80LzEKZiA3OTQ2LzEvMSA3OTQ3LzIvMSA3ODQ2LzMvMSA3ODQ1LzQvMQpmIDc5NDcvMS8xIDc5NDgvMi8xIDc4NDcvMy8xIDc4NDYvNC8xCmYgNzk0OC8xLzEgNzk0OS8yLzEgNzg0OC8zLzEgNzg0Ny80LzEKZiA3OTQ5LzEvMSA3OTUwLzIvMSA3ODQ5LzMvMSA3ODQ4LzQvMQpmIDc5NTAvMS8xIDc5NTEvMi8xIDc4NTAvMy8xIDc4NDkvNC8xCmYgNzk1MS8xLzEgNzk1Mi8yLzEgNzg1MS8zLzEgNzg1MC80LzEKZiA3OTUyLzEvMSA3OTUzLzIvMSA3ODUyLzMvMSA3ODUxLzQvMQpmIDc5NTMvMS8xIDc5NTQvMi8xIDc4NTMvMy8xIDc4NTIvNC8xCmYgNzk1NC8xLzEgNzk1NS8yLzEgNzg1NC8zLzEgNzg1My80LzEKZiA3OTU1LzEvMSA3OTU2LzIvMSA3ODU1LzMvMSA3ODU0LzQvMQpmIDc5NTYvMS8xIDc5NTcvMi8xIDc4NTYvMy8xIDc4NTUvNC8xCmYgNzk1Ny8xLzEgNzk1OC8yLzEgNzg1Ny8zLzEgNzg1Ni80LzEKZiA3OTU4LzEvMSA3OTU5LzIvMSA3ODU4LzMvMSA3ODU3LzQvMQpmIDc5NTkvMS8xIDc5NjAvMi8xIDc4NTkvMy8xIDc4NTgvNC8xCmYgNzk2MC8xLzEgNzk2MS8yLzEgNzg2MC8zLzEgNzg1OS80LzEKZiA3OTYxLzEvMSA3OTYyLzIvMSA3ODYxLzMvMSA3ODYwLzQvMQpmIDc5NjIvMS8xIDc5NjMvMi8xIDc4NjIvMy8xIDc4NjEvNC8xCmYgNzk2My8xLzEgNzk2NC8yLzEgNzg2My8zLzEgNzg2Mi80LzEKZiA3OTY0LzEvMSA3OTY1LzIvMSA3ODY0LzMvMSA3ODYzLzQvMQpmIDc5NjUvMS8xIDc5NjYvMi8xIDc4NjUvMy8xIDc4NjQvNC8xCmYgNzk2Ni8xLzEgNzk2Ny8yLzEgNzg2Ni8zLzEgNzg2NS80LzEKZiA3OTY3LzEvMSA3OTY4LzIvMSA3ODY3LzMvMSA3ODY2LzQvMQpmIDc5NjgvMS8xIDc5NjkvMi8xIDc4NjgvMy8xIDc4NjcvNC8xCmYgNzk2OS8xLzEgNzk3MC8yLzEgNzg2OS8zLzEgNzg2OC80LzEKZiA3OTcwLzEvMSA3OTcxLzIvMSA3ODcwLzMvMSA3ODY5LzQvMQpmIDc5NzEvMS8xIDc5NzIvMi8xIDc4NzEvMy8xIDc4NzAvNC8xCmYgNzk3Mi8xLzEgNzk3My8yLzEgNzg3Mi8zLzEgNzg3MS80LzEKZiA3OTczLzEvMSA3OTc0LzIvMSA3ODczLzMvMSA3ODcyLzQvMQpmIDc5NzQvMS8xIDc5NzUvMi8xIDc4NzQvMy8xIDc4NzMvNC8xCmYgNzk3NS8xLzEgNzk3Ni8yLzEgNzg3NS8zLzEgNzg3NC80LzEKZiA3OTc2LzEvMSA3OTc3LzIvMSA3ODc2LzMvMSA3ODc1LzQvMQpmIDc5NzcvMS8xIDc5NzgvMi8xIDc4NzcvMy8xIDc4NzYvNC8xCmYgNzk3OC8xLzEgNzk3OS8yLzEgNzg3OC8zLzEgNzg3Ny80LzEKZiA3OTgwLzEvMSA3OTgxLzIvMSA3ODgwLzMvMSA3ODc5LzQvMQpmIDc5ODEvMS8xIDc5ODIvMi8xIDc4ODEvMy8xIDc4ODAvNC8xCmYgNzk4Mi8xLzEgNzk4My8yLzEgNzg4Mi8zLzEgNzg4MS80LzEKZiA3OTgzLzEvMSA3OTg0LzIvMSA3ODgzLzMvMSA3ODgyLzQvMQpmIDc5ODQvMS8xIDc5ODUvMi8xIDc4ODQvMy8xIDc4ODMvNC8xCmYgNzk4NS8xLzEgNzk4Ni8yLzEgNzg4NS8zLzEgNzg4NC80LzEKZiA3OTg2LzEvMSA3OTg3LzIvMSA3ODg2LzMvMSA3ODg1LzQvMQpmIDc5ODcvMS8xIDc5ODgvMi8xIDc4ODcvMy8xIDc4ODYvNC8xCmYgNzk4OC8xLzEgNzk4OS8yLzEgNzg4OC8zLzEgNzg4Ny80LzEKZiA3OTg5LzEvMSA3OTkwLzIvMSA3ODg5LzMvMSA3ODg4LzQvMQpmIDc5OTAvMS8xIDc5OTEvMi8xIDc4OTAvMy8xIDc4ODkvNC8xCmYgNzk5MS8xLzEgNzk5Mi8yLzEgNzg5MS8zLzEgNzg5MC80LzEKZiA3OTkyLzEvMSA3OTkzLzIvMSA3ODkyLzMvMSA3ODkxLzQvMQpmIDc5OTMvMS8xIDc5OTQvMi8xIDc4OTMvMy8xIDc4OTIvNC8xCmYgNzk5NC8xLzEgNzk5NS8yLzEgNzg5NC8zLzEgNzg5My80LzEKZiA3OTk1LzEvMSA3OTk2LzIvMSA3ODk1LzMvMSA3ODk0LzQvMQpmIDc5OTYvMS8xIDc5OTcvMi8xIDc4OTYvMy8xIDc4OTUvNC8xCmYgNzk5Ny8xLzEgNzk5OC8yLzEgNzg5Ny8zLzEgNzg5Ni80LzEKZiA3OTk4LzEvMSA3OTk5LzIvMSA3ODk4LzMvMSA3ODk3LzQvMQpmIDc5OTkvMS8xIDgwMDAvMi8xIDc4OTkvMy8xIDc4OTgvNC8xCmYgODAwMC8xLzEgODAwMS8yLzEgNzkwMC8zLzEgNzg5OS80LzEKZiA4MDAxLzEvMSA4MDAyLzIvMSA3OTAxLzMvMSA3OTAwLzQvMQpmIDgwMDIvMS8xIDgwMDMvMi8xIDc5MDIvMy8xIDc5MDEvNC8xCmYgODAwMy8xLzEgODAwNC8yLzEgNzkwMy8zLzEgNzkwMi80LzEKZiA4MDA0LzEvMSA4MDA1LzIvMSA3OTA0LzMvMSA3OTAzLzQvMQpmIDgwMDUvMS8xIDgwMDYvMi8xIDc5MDUvMy8xIDc5MDQvNC8xCmYgODAwNi8xLzEgODAwNy8yLzEgNzkwNi8zLzEgNzkwNS80LzEKZiA4MDA3LzEvMSA4MDA4LzIvMSA3OTA3LzMvMSA3OTA2LzQvMQpmIDgwMDgvMS8xIDgwMDkvMi8xIDc5MDgvMy8xIDc5MDcvNC8xCmYgODAwOS8xLzEgODAxMC8yLzEgNzkwOS8zLzEgNzkwOC80LzEKZiA4MDEwLzEvMSA4MDExLzIvMSA3OTEwLzMvMSA3OTA5LzQvMQpmIDgwMTEvMS8xIDgwMTIvMi8xIDc5MTEvMy8xIDc5MTAvNC8xCmYgODAxMi8xLzEgODAxMy8yLzEgNzkxMi8zLzEgNzkxMS80LzEKZiA4MDEzLzEvMSA4MDE0LzIvMSA3OTEzLzMvMSA3OTEyLzQvMQpmIDgwMTQvMS8xIDgwMTUvMi8xIDc5MTQvMy8xIDc5MTMvNC8xCmYgODAxNS8xLzEgODAxNi8yLzEgNzkxNS8zLzEgNzkxNC80LzEKZiA4MDE2LzEvMSA4MDE3LzIvMSA3OTE2LzMvMSA3OTE1LzQvMQpmIDgwMTcvMS8xIDgwMTgvMi8xIDc5MTcvMy8xIDc5MTYvNC8xCmYgODAxOC8xLzEgODAxOS8yLzEgNzkxOC8zLzEgNzkxNy80LzEKZiA4MDE5LzEvMSA4MDIwLzIvMSA3OTE5LzMvMSA3OTE4LzQvMQpmIDgwMjAvMS8xIDgwMjEvMi8xIDc5MjAvMy8xIDc5MTkvNC8xCmYgODAyMS8xLzEgODAyMi8yLzEgNzkyMS8zLzEgNzkyMC80LzEKZiA4MDIyLzEvMSA4MDIzLzIvMSA3OTIyLzMvMSA3OTIxLzQvMQpmIDgwMjMvMS8xIDgwMjQvMi8xIDc5MjMvMy8xIDc5MjIvNC8xCmYgODAyNC8xLzEgODAyNS8yLzEgNzkyNC8zLzEgNzkyMy80LzEKZiA4MDI1LzEvMSA4MDI2LzIvMSA3OTI1LzMvMSA3OTI0LzQvMQpmIDgwMjYvMS8xIDgwMjcvMi8xIDc5MjYvMy8xIDc5MjUvNC8xCmYgODAyNy8xLzEgODAyOC8yLzEgNzkyNy8zLzEgNzkyNi80LzEKZiA4MDI4LzEvMSA4MDI5LzIvMSA3OTI4LzMvMSA3OTI3LzQvMQpmIDgwMjkvMS8xIDgwMzAvMi8xIDc5MjkvMy8xIDc5MjgvNC8xCmYgODAzMC8xLzEgODAzMS8yLzEgNzkzMC8zLzEgNzkyOS80LzEKZiA4MDMxLzEvMSA4MDMyLzIvMSA3OTMxLzMvMSA3OTMwLzQvMQpmIDgwMzIvMS8xIDgwMzMvMi8xIDc5MzIvMy8xIDc5MzEvNC8xCmYgODAzMy8xLzEgODAzNC8yLzEgNzkzMy8zLzEgNzkzMi80LzEKZiA4MDM0LzEvMSA4MDM1LzIvMSA3OTM0LzMvMSA3OTMzLzQvMQpmIDgwMzUvMS8xIDgwMzYvMi8xIDc5MzUvMy8xIDc5MzQvNC8xCmYgODAzNi8xLzEgODAzNy8yLzEgNzkzNi8zLzEgNzkzNS80LzEKZiA4MDM3LzEvMSA4MDM4LzIvMSA3OTM3LzMvMSA3OTM2LzQvMQpmIDgwMzgvMS8xIDgwMzkvMi8xIDc5MzgvMy8xIDc5MzcvNC8xCmYgODAzOS8xLzEgODA0MC8yLzEgNzkzOS8zLzEgNzkzOC80LzEKZiA4MDQwLzEvMSA4MDQxLzIvMSA3OTQwLzMvMSA3OTM5LzQvMQpmIDgwNDEvMS8xIDgwNDIvMi8xIDc5NDEvMy8xIDc5NDAvNC8xCmYgODA0Mi8xLzEgODA0My8yLzEgNzk0Mi8zLzEgNzk0MS80LzEKZiA4MDQzLzEvMSA4MDQ0LzIvMSA3OTQzLzMvMSA3OTQyLzQvMQpmIDgwNDQvMS8xIDgwNDUvMi8xIDc5NDQvMy8xIDc5NDMvNC8xCmYgODA0NS8xLzEgODA0Ni8yLzEgNzk0NS8zLzEgNzk0NC80LzEKZiA4MDQ2LzEvMSA4MDQ3LzIvMSA3OTQ2LzMvMSA3OTQ1LzQvMQpmIDgwNDcvMS8xIDgwNDgvMi8xIDc5NDcvMy8xIDc5NDYvNC8xCmYgODA0OC8xLzEgODA0OS8yLzEgNzk0OC8zLzEgNzk0Ny80LzEKZiA4MDQ5LzEvMSA4MDUwLzIvMSA3OTQ5LzMvMSA3OTQ4LzQvMQpmIDgwNTAvMS8xIDgwNTEvMi8xIDc5NTAvMy8xIDc5NDkvNC8xCmYgODA1MS8xLzEgODA1Mi8yLzEgNzk1MS8zLzEgNzk1MC80LzEKZiA4MDUyLzEvMSA4MDUzLzIvMSA3OTUyLzMvMSA3OTUxLzQvMQpmIDgwNTMvMS8xIDgwNTQvMi8xIDc5NTMvMy8xIDc5NTIvNC8xCmYgODA1NC8xLzEgODA1NS8yLzEgNzk1NC8zLzEgNzk1My80LzEKZiA4MDU1LzEvMSA4MDU2LzIvMSA3OTU1LzMvMSA3OTU0LzQvMQpmIDgwNTYvMS8xIDgwNTcvMi8xIDc5NTYvMy8xIDc5NTUvNC8xCmYgODA1Ny8xLzEgODA1OC8yLzEgNzk1Ny8zLzEgNzk1Ni80LzEKZiA4MDU4LzEvMSA4MDU5LzIvMSA3OTU4LzMvMSA3OTU3LzQvMQpmIDgwNTkvMS8xIDgwNjAvMi8xIDc5NTkvMy8xIDc5NTgvNC8xCmYgODA2MC8xLzEgODA2MS8yLzEgNzk2MC8zLzEgNzk1OS80LzEKZiA4MDYxLzEvMSA4MDYyLzIvMSA3OTYxLzMvMSA3OTYwLzQvMQpmIDgwNjIvMS8xIDgwNjMvMi8xIDc5NjIvMy8xIDc5NjEvNC8xCmYgODA2My8xLzEgODA2NC8yLzEgNzk2My8zLzEgNzk2Mi80LzEKZiA4MDY0LzEvMSA4MDY1LzIvMSA3OTY0LzMvMSA3OTYzLzQvMQpmIDgwNjUvMS8xIDgwNjYvMi8xIDc5NjUvMy8xIDc5NjQvNC8xCmYgODA2Ni8xLzEgODA2Ny8yLzEgNzk2Ni8zLzEgNzk2NS80LzEKZiA4MDY3LzEvMSA4MDY4LzIvMSA3OTY3LzMvMSA3OTY2LzQvMQpmIDgwNjgvMS8xIDgwNjkvMi8xIDc5NjgvMy8xIDc5NjcvNC8xCmYgODA2OS8xLzEgODA3MC8yLzEgNzk2OS8zLzEgNzk2OC80LzEKZiA4MDcwLzEvMSA4MDcxLzIvMSA3OTcwLzMvMSA3OTY5LzQvMQpmIDgwNzEvMS8xIDgwNzIvMi8xIDc5NzEvMy8xIDc5NzAvNC8xCmYgODA3Mi8xLzEgODA3My8yLzEgNzk3Mi8zLzEgNzk3MS80LzEKZiA4MDczLzEvMSA4MDc0LzIvMSA3OTczLzMvMSA3OTcyLzQvMQpmIDgwNzQvMS8xIDgwNzUvMi8xIDc5NzQvMy8xIDc5NzMvNC8xCmYgODA3NS8xLzEgODA3Ni8yLzEgNzk3NS8zLzEgNzk3NC80LzEKZiA4MDc2LzEvMSA4MDc3LzIvMSA3OTc2LzMvMSA3OTc1LzQvMQpmIDgwNzcvMS8xIDgwNzgvMi8xIDc5NzcvMy8xIDc5NzYvNC8xCmYgODA3OC8xLzEgODA3OS8yLzEgNzk3OC8zLzEgNzk3Ny80LzEKZiA4MDc5LzEvMSA4MDgwLzIvMSA3OTc5LzMvMSA3OTc4LzQvMQpmIDgwODEvMS8xIDgwODIvMi8xIDc5ODEvMy8xIDc5ODAvNC8xCmYgODA4Mi8xLzEgODA4My8yLzEgNzk4Mi8zLzEgNzk4MS80LzEKZiA4MDgzLzEvMSA4MDg0LzIvMSA3OTgzLzMvMSA3OTgyLzQvMQpmIDgwODQvMS8xIDgwODUvMi8xIDc5ODQvMy8xIDc5ODMvNC8xCmYgODA4NS8xLzEgODA4Ni8yLzEgNzk4NS8zLzEgNzk4NC80LzEKZiA4MDg2LzEvMSA4MDg3LzIvMSA3OTg2LzMvMSA3OTg1LzQvMQpmIDgwODcvMS8xIDgwODgvMi8xIDc5ODcvMy8xIDc5ODYvNC8xCmYgODA4OC8xLzEgODA4OS8yLzEgNzk4OC8zLzEgNzk4Ny80LzEKZiA4MDg5LzEvMSA4MDkwLzIvMSA3OTg5LzMvMSA3OTg4LzQvMQpmIDgwOTAvMS8xIDgwOTEvMi8xIDc5OTAvMy8xIDc5ODkvNC8xCmYgODA5MS8xLzEgODA5Mi8yLzEgNzk5MS8zLzEgNzk5MC80LzEKZiA4MDkyLzEvMSA4MDkzLzIvMSA3OTkyLzMvMSA3OTkxLzQvMQpmIDgwOTMvMS8xIDgwOTQvMi8xIDc5OTMvMy8xIDc5OTIvNC8xCmYgODA5NC8xLzEgODA5NS8yLzEgNzk5NC8zLzEgNzk5My80LzEKZiA4MDk1LzEvMSA4MDk2LzIvMSA3OTk1LzMvMSA3OTk0LzQvMQpmIDgwOTYvMS8xIDgwOTcvMi8xIDc5OTYvMy8xIDc5OTUvNC8xCmYgODA5Ny8xLzEgODA5OC8yLzEgNzk5Ny8zLzEgNzk5Ni80LzEKZiA4MDk4LzEvMSA4MDk5LzIvMSA3OTk4LzMvMSA3OTk3LzQvMQpmIDgwOTkvMS8xIDgxMDAvMi8xIDc5OTkvMy8xIDc5OTgvNC8xCmYgODEwMC8xLzEgODEwMS8yLzEgODAwMC8zLzEgNzk5OS80LzEKZiA4MTAxLzEvMSA4MTAyLzIvMSA4MDAxLzMvMSA4MDAwLzQvMQpmIDgxMDIvMS8xIDgxMDMvMi8xIDgwMDIvMy8xIDgwMDEvNC8xCmYgODEwMy8xLzEgODEwNC8yLzEgODAwMy8zLzEgODAwMi80LzEKZiA4MTA0LzEvMSA4MTA1LzIvMSA4MDA0LzMvMSA4MDAzLzQvMQpmIDgxMDUvMS8xIDgxMDYvMi8xIDgwMDUvMy8xIDgwMDQvNC8xCmYgODEwNi8xLzEgODEwNy8yLzEgODAwNi8zLzEgODAwNS80LzEKZiA4MTA3LzEvMSA4MTA4LzIvMSA4MDA3LzMvMSA4MDA2LzQvMQpmIDgxMDgvMS8xIDgxMDkvMi8xIDgwMDgvMy8xIDgwMDcvNC8xCmYgODEwOS8xLzEgODExMC8yLzEgODAwOS8zLzEgODAwOC80LzEKZiA4MTEwLzEvMSA4MTExLzIvMSA4MDEwLzMvMSA4MDA5LzQvMQpmIDgxMTEvMS8xIDgxMTIvMi8xIDgwMTEvMy8xIDgwMTAvNC8xCmYgODExMi8xLzEgODExMy8yLzEgODAxMi8zLzEgODAxMS80LzEKZiA4MTEzLzEvMSA4MTE0LzIvMSA4MDEzLzMvMSA4MDEyLzQvMQpmIDgxMTQvMS8xIDgxMTUvMi8xIDgwMTQvMy8xIDgwMTMvNC8xCmYgODExNS8xLzEgODExNi8yLzEgODAxNS8zLzEgODAxNC80LzEKZiA4MTE2LzEvMSA4MTE3LzIvMSA4MDE2LzMvMSA4MDE1LzQvMQpmIDgxMTcvMS8xIDgxMTgvMi8xIDgwMTcvMy8xIDgwMTYvNC8xCmYgODExOC8xLzEgODExOS8yLzEgODAxOC8zLzEgODAxNy80LzEKZiA4MTE5LzEvMSA4MTIwLzIvMSA4MDE5LzMvMSA4MDE4LzQvMQpmIDgxMjAvMS8xIDgxMjEvMi8xIDgwMjAvMy8xIDgwMTkvNC8xCmYgODEyMS8xLzEgODEyMi8yLzEgODAyMS8zLzEgODAyMC80LzEKZiA4MTIyLzEvMSA4MTIzLzIvMSA4MDIyLzMvMSA4MDIxLzQvMQpmIDgxMjMvMS8xIDgxMjQvMi8xIDgwMjMvMy8xIDgwMjIvNC8xCmYgODEyNC8xLzEgODEyNS8yLzEgODAyNC8zLzEgODAyMy80LzEKZiA4MTI1LzEvMSA4MTI2LzIvMSA4MDI1LzMvMSA4MDI0LzQvMQpmIDgxMjYvMS8xIDgxMjcvMi8xIDgwMjYvMy8xIDgwMjUvNC8xCmYgODEyNy8xLzEgODEyOC8yLzEgODAyNy8zLzEgODAyNi80LzEKZiA4MTI4LzEvMSA4MTI5LzIvMSA4MDI4LzMvMSA4MDI3LzQvMQpmIDgxMjkvMS8xIDgxMzAvMi8xIDgwMjkvMy8xIDgwMjgvNC8xCmYgODEzMC8xLzEgODEzMS8yLzEgODAzMC8zLzEgODAyOS80LzEKZiA4MTMxLzEvMSA4MTMyLzIvMSA4MDMxLzMvMSA4MDMwLzQvMQpmIDgxMzIvMS8xIDgxMzMvMi8xIDgwMzIvMy8xIDgwMzEvNC8xCmYgODEzMy8xLzEgODEzNC8yLzEgODAzMy8zLzEgODAzMi80LzEKZiA4MTM0LzEvMSA4MTM1LzIvMSA4MDM0LzMvMSA4MDMzLzQvMQpmIDgxMzUvMS8xIDgxMzYvMi8xIDgwMzUvMy8xIDgwMzQvNC8xCmYgODEzNi8xLzEgODEzNy8yLzEgODAzNi8zLzEgODAzNS80LzEKZiA4MTM3LzEvMSA4MTM4LzIvMSA4MDM3LzMvMSA4MDM2LzQvMQpmIDgxMzgvMS8xIDgxMzkvMi8xIDgwMzgvMy8xIDgwMzcvNC8xCmYgODEzOS8xLzEgODE0MC8yLzEgODAzOS8zLzEgODAzOC80LzEKZiA4MTQwLzEvMSA4MTQxLzIvMSA4MDQwLzMvMSA4MDM5LzQvMQpmIDgxNDEvMS8xIDgxNDIvMi8xIDgwNDEvMy8xIDgwNDAvNC8xCmYgODE0Mi8xLzEgODE0My8yLzEgODA0Mi8zLzEgODA0MS80LzEKZiA4MTQzLzEvMSA4MTQ0LzIvMSA4MDQzLzMvMSA4MDQyLzQvMQpmIDgxNDQvMS8xIDgxNDUvMi8xIDgwNDQvMy8xIDgwNDMvNC8xCmYgODE0NS8xLzEgODE0Ni8yLzEgODA0NS8zLzEgODA0NC80LzEKZiA4MTQ2LzEvMSA4MTQ3LzIvMSA4MDQ2LzMvMSA4MDQ1LzQvMQpmIDgxNDcvMS8xIDgxNDgvMi8xIDgwNDcvMy8xIDgwNDYvNC8xCmYgODE0OC8xLzEgODE0OS8yLzEgODA0OC8zLzEgODA0Ny80LzEKZiA4MTQ5LzEvMSA4MTUwLzIvMSA4MDQ5LzMvMSA4MDQ4LzQvMQpmIDgxNTAvMS8xIDgxNTEvMi8xIDgwNTAvMy8xIDgwNDkvNC8xCmYgODE1MS8xLzEgODE1Mi8yLzEgODA1MS8zLzEgODA1MC80LzEKZiA4MTUyLzEvMSA4MTUzLzIvMSA4MDUyLzMvMSA4MDUxLzQvMQpmIDgxNTMvMS8xIDgxNTQvMi8xIDgwNTMvMy8xIDgwNTIvNC8xCmYgODE1NC8xLzEgODE1NS8yLzEgODA1NC8zLzEgODA1My80LzEKZiA4MTU1LzEvMSA4MTU2LzIvMSA4MDU1LzMvMSA4MDU0LzQvMQpmIDgxNTYvMS8xIDgxNTcvMi8xIDgwNTYvMy8xIDgwNTUvNC8xCmYgODE1Ny8xLzEgODE1OC8yLzEgODA1Ny8zLzEgODA1Ni80LzEKZiA4MTU4LzEvMSA4MTU5LzIvMSA4MDU4LzMvMSA4MDU3LzQvMQpmIDgxNTkvMS8xIDgxNjAvMi8xIDgwNTkvMy8xIDgwNTgvNC8xCmYgODE2MC8xLzEgODE2MS8yLzEgODA2MC8zLzEgODA1OS80LzEKZiA4MTYxLzEvMSA4MTYyLzIvMSA4MDYxLzMvMSA4MDYwLzQvMQpmIDgxNjIvMS8xIDgxNjMvMi8xIDgwNjIvMy8xIDgwNjEvNC8xCmYgODE2My8xLzEgODE2NC8yLzEgODA2My8zLzEgODA2Mi80LzEKZiA4MTY0LzEvMSA4MTY1LzIvMSA4MDY0LzMvMSA4MDYzLzQvMQpmIDgxNjUvMS8xIDgxNjYvMi8xIDgwNjUvMy8xIDgwNjQvNC8xCmYgODE2Ni8xLzEgODE2Ny8yLzEgODA2Ni8zLzEgODA2NS80LzEKZiA4MTY3LzEvMSA4MTY4LzIvMSA4MDY3LzMvMSA4MDY2LzQvMQpmIDgxNjgvMS8xIDgxNjkvMi8xIDgwNjgvMy8xIDgwNjcvNC8xCmYgODE2OS8xLzEgODE3MC8yLzEgODA2OS8zLzEgODA2OC80LzEKZiA4MTcwLzEvMSA4MTcxLzIvMSA4MDcwLzMvMSA4MDY5LzQvMQpmIDgxNzEvMS8xIDgxNzIvMi8xIDgwNzEvMy8xIDgwNzAvNC8xCmYgODE3Mi8xLzEgODE3My8yLzEgODA3Mi8zLzEgODA3MS80LzEKZiA4MTczLzEvMSA4MTc0LzIvMSA4MDczLzMvMSA4MDcyLzQvMQpmIDgxNzQvMS8xIDgxNzUvMi8xIDgwNzQvMy8xIDgwNzMvNC8xCmYgODE3NS8xLzEgODE3Ni8yLzEgODA3NS8zLzEgODA3NC80LzEKZiA4MTc2LzEvMSA4MTc3LzIvMSA4MDc2LzMvMSA4MDc1LzQvMQpmIDgxNzcvMS8xIDgxNzgvMi8xIDgwNzcvMy8xIDgwNzYvNC8xCmYgODE3OC8xLzEgODE3OS8yLzEgODA3OC8zLzEgODA3Ny80LzEKZiA4MTc5LzEvMSA4MTgwLzIvMSA4MDc5LzMvMSA4MDc4LzQvMQpmIDgxODAvMS8xIDgxODEvMi8xIDgwODAvMy8xIDgwNzkvNC8xCmYgODE4Mi8xLzEgODE4My8yLzEgODA4Mi8zLzEgODA4MS80LzEKZiA4MTgzLzEvMSA4MTg0LzIvMSA4MDgzLzMvMSA4MDgyLzQvMQpmIDgxODQvMS8xIDgxODUvMi8xIDgwODQvMy8xIDgwODMvNC8xCmYgODE4NS8xLzEgODE4Ni8yLzEgODA4NS8zLzEgODA4NC80LzEKZiA4MTg2LzEvMSA4MTg3LzIvMSA4MDg2LzMvMSA4MDg1LzQvMQpmIDgxODcvMS8xIDgxODgvMi8xIDgwODcvMy8xIDgwODYvNC8xCmYgODE4OC8xLzEgODE4OS8yLzEgODA4OC8zLzEgODA4Ny80LzEKZiA4MTg5LzEvMSA4MTkwLzIvMSA4MDg5LzMvMSA4MDg4LzQvMQpmIDgxOTAvMS8xIDgxOTEvMi8xIDgwOTAvMy8xIDgwODkvNC8xCmYgODE5MS8xLzEgODE5Mi8yLzEgODA5MS8zLzEgODA5MC80LzEKZiA4MTkyLzEvMSA4MTkzLzIvMSA4MDkyLzMvMSA4MDkxLzQvMQpmIDgxOTMvMS8xIDgxOTQvMi8xIDgwOTMvMy8xIDgwOTIvNC8xCmYgODE5NC8xLzEgODE5NS8yLzEgODA5NC8zLzEgODA5My80LzEKZiA4MTk1LzEvMSA4MTk2LzIvMSA4MDk1LzMvMSA4MDk0LzQvMQpmIDgxOTYvMS8xIDgxOTcvMi8xIDgwOTYvMy8xIDgwOTUvNC8xCmYgODE5Ny8xLzEgODE5OC8yLzEgODA5Ny8zLzEgODA5Ni80LzEKZiA4MTk4LzEvMSA4MTk5LzIvMSA4MDk4LzMvMSA4MDk3LzQvMQpmIDgxOTkvMS8xIDgyMDAvMi8xIDgwOTkvMy8xIDgwOTgvNC8xCmYgODIwMC8xLzEgODIwMS8yLzEgODEwMC8zLzEgODA5OS80LzEKZiA4MjAxLzEvMSA4MjAyLzIvMSA4MTAxLzMvMSA4MTAwLzQvMQpmIDgyMDIvMS8xIDgyMDMvMi8xIDgxMDIvMy8xIDgxMDEvNC8xCmYgODIwMy8xLzEgODIwNC8yLzEgODEwMy8zLzEgODEwMi80LzEKZiA4MjA0LzEvMSA4MjA1LzIvMSA4MTA0LzMvMSA4MTAzLzQvMQpmIDgyMDUvMS8xIDgyMDYvMi8xIDgxMDUvMy8xIDgxMDQvNC8xCmYgODIwNi8xLzEgODIwNy8yLzEgODEwNi8zLzEgODEwNS80LzEKZiA4MjA3LzEvMSA4MjA4LzIvMSA4MTA3LzMvMSA4MTA2LzQvMQpmIDgyMDgvMS8xIDgyMDkvMi8xIDgxMDgvMy8xIDgxMDcvNC8xCmYgODIwOS8xLzEgODIxMC8yLzEgODEwOS8zLzEgODEwOC80LzEKZiA4MjEwLzEvMSA4MjExLzIvMSA4MTEwLzMvMSA4MTA5LzQvMQpmIDgyMTEvMS8xIDgyMTIvMi8xIDgxMTEvMy8xIDgxMTAvNC8xCmYgODIxMi8xLzEgODIxMy8yLzEgODExMi8zLzEgODExMS80LzEKZiA4MjEzLzEvMSA4MjE0LzIvMSA4MTEzLzMvMSA4MTEyLzQvMQpmIDgyMTQvMS8xIDgyMTUvMi8xIDgxMTQvMy8xIDgxMTMvNC8xCmYgODIxNS8xLzEgODIxNi8yLzEgODExNS8zLzEgODExNC80LzEKZiA4MjE2LzEvMSA4MjE3LzIvMSA4MTE2LzMvMSA4MTE1LzQvMQpmIDgyMTcvMS8xIDgyMTgvMi8xIDgxMTcvMy8xIDgxMTYvNC8xCmYgODIxOC8xLzEgODIxOS8yLzEgODExOC8zLzEgODExNy80LzEKZiA4MjE5LzEvMSA4MjIwLzIvMSA4MTE5LzMvMSA4MTE4LzQvMQpmIDgyMjAvMS8xIDgyMjEvMi8xIDgxMjAvMy8xIDgxMTkvNC8xCmYgODIyMS8xLzEgODIyMi8yLzEgODEyMS8zLzEgODEyMC80LzEKZiA4MjIyLzEvMSA4MjIzLzIvMSA4MTIyLzMvMSA4MTIxLzQvMQpmIDgyMjMvMS8xIDgyMjQvMi8xIDgxMjMvMy8xIDgxMjIvNC8xCmYgODIyNC8xLzEgODIyNS8yLzEgODEyNC8zLzEgODEyMy80LzEKZiA4MjI1LzEvMSA4MjI2LzIvMSA4MTI1LzMvMSA4MTI0LzQvMQpmIDgyMjYvMS8xIDgyMjcvMi8xIDgxMjYvMy8xIDgxMjUvNC8xCmYgODIyNy8xLzEgODIyOC8yLzEgODEyNy8zLzEgODEyNi80LzEKZiA4MjI4LzEvMSA4MjI5LzIvMSA4MTI4LzMvMSA4MTI3LzQvMQpmIDgyMjkvMS8xIDgyMzAvMi8xIDgxMjkvMy8xIDgxMjgvNC8xCmYgODIzMC8xLzEgODIzMS8yLzEgODEzMC8zLzEgODEyOS80LzEKZiA4MjMxLzEvMSA4MjMyLzIvMSA4MTMxLzMvMSA4MTMwLzQvMQpmIDgyMzIvMS8xIDgyMzMvMi8xIDgxMzIvMy8xIDgxMzEvNC8xCmYgODIzMy8xLzEgODIzNC8yLzEgODEzMy8zLzEgODEzMi80LzEKZiA4MjM0LzEvMSA4MjM1LzIvMSA4MTM0LzMvMSA4MTMzLzQvMQpmIDgyMzUvMS8xIDgyMzYvMi8xIDgxMzUvMy8xIDgxMzQvNC8xCmYgODIzNi8xLzEgODIzNy8yLzEgODEzNi8zLzEgODEzNS80LzEKZiA4MjM3LzEvMSA4MjM4LzIvMSA4MTM3LzMvMSA4MTM2LzQvMQpmIDgyMzgvMS8xIDgyMzkvMi8xIDgxMzgvMy8xIDgxMzcvNC8xCmYgODIzOS8xLzEgODI0MC8yLzEgODEzOS8zLzEgODEzOC80LzEKZiA4MjQwLzEvMSA4MjQxLzIvMSA4MTQwLzMvMSA4MTM5LzQvMQpmIDgyNDEvMS8xIDgyNDIvMi8xIDgxNDEvMy8xIDgxNDAvNC8xCmYgODI0Mi8xLzEgODI0My8yLzEgODE0Mi8zLzEgODE0MS80LzEKZiA4MjQzLzEvMSA4MjQ0LzIvMSA4MTQzLzMvMSA4MTQyLzQvMQpmIDgyNDQvMS8xIDgyNDUvMi8xIDgxNDQvMy8xIDgxNDMvNC8xCmYgODI0NS8xLzEgODI0Ni8yLzEgODE0NS8zLzEgODE0NC80LzEKZiA4MjQ2LzEvMSA4MjQ3LzIvMSA4MTQ2LzMvMSA4MTQ1LzQvMQpmIDgyNDcvMS8xIDgyNDgvMi8xIDgxNDcvMy8xIDgxNDYvNC8xCmYgODI0OC8xLzEgODI0OS8yLzEgODE0OC8zLzEgODE0Ny80LzEKZiA4MjQ5LzEvMSA4MjUwLzIvMSA4MTQ5LzMvMSA4MTQ4LzQvMQpmIDgyNTAvMS8xIDgyNTEvMi8xIDgxNTAvMy8xIDgxNDkvNC8xCmYgODI1MS8xLzEgODI1Mi8yLzEgODE1MS8zLzEgODE1MC80LzEKZiA4MjUyLzEvMSA4MjUzLzIvMSA4MTUyLzMvMSA4MTUxLzQvMQpmIDgyNTMvMS8xIDgyNTQvMi8xIDgxNTMvMy8xIDgxNTIvNC8xCmYgODI1NC8xLzEgODI1NS8yLzEgODE1NC8zLzEgODE1My80LzEKZiA4MjU1LzEvMSA4MjU2LzIvMSA4MTU1LzMvMSA4MTU0LzQvMQpmIDgyNTYvMS8xIDgyNTcvMi8xIDgxNTYvMy8xIDgxNTUvNC8xCmYgODI1Ny8xLzEgODI1OC8yLzEgODE1Ny8zLzEgODE1Ni80LzEKZiA4MjU4LzEvMSA4MjU5LzIvMSA4MTU4LzMvMSA4MTU3LzQvMQpmIDgyNTkvMS8xIDgyNjAvMi8xIDgxNTkvMy8xIDgxNTgvNC8xCmYgODI2MC8xLzEgODI2MS8yLzEgODE2MC8zLzEgODE1OS80LzEKZiA4MjYxLzEvMSA4MjYyLzIvMSA4MTYxLzMvMSA4MTYwLzQvMQpmIDgyNjIvMS8xIDgyNjMvMi8xIDgxNjIvMy8xIDgxNjEvNC8xCmYgODI2My8xLzEgODI2NC8yLzEgODE2My8zLzEgODE2Mi80LzEKZiA4MjY0LzEvMSA4MjY1LzIvMSA4MTY0LzMvMSA4MTYzLzQvMQpmIDgyNjUvMS8xIDgyNjYvMi8xIDgxNjUvMy8xIDgxNjQvNC8xCmYgODI2Ni8xLzEgODI2Ny8yLzEgODE2Ni8zLzEgODE2NS80LzEKZiA4MjY3LzEvMSA4MjY4LzIvMSA4MTY3LzMvMSA4MTY2LzQvMQpmIDgyNjgvMS8xIDgyNjkvMi8xIDgxNjgvMy8xIDgxNjcvNC8xCmYgODI2OS8xLzEgODI3MC8yLzEgODE2OS8zLzEgODE2OC80LzEKZiA4MjcwLzEvMSA4MjcxLzIvMSA4MTcwLzMvMSA4MTY5LzQvMQpmIDgyNzEvMS8xIDgyNzIvMi8xIDgxNzEvMy8xIDgxNzAvNC8xCmYgODI3Mi8xLzEgODI3My8yLzEgODE3Mi8zLzEgODE3MS80LzEKZiA4MjczLzEvMSA4Mjc0LzIvMSA4MTczLzMvMSA4MTcyLzQvMQpmIDgyNzQvMS8xIDgyNzUvMi8xIDgxNzQvMy8xIDgxNzMvNC8xCmYgODI3NS8xLzEgODI3Ni8yLzEgODE3NS8zLzEgODE3NC80LzEKZiA4Mjc2LzEvMSA4Mjc3LzIvMSA4MTc2LzMvMSA4MTc1LzQvMQpmIDgyNzcvMS8xIDgyNzgvMi8xIDgxNzcvMy8xIDgxNzYvNC8xCmYgODI3OC8xLzEgODI3OS8yLzEgODE3OC8zLzEgODE3Ny80LzEKZiA4Mjc5LzEvMSA4MjgwLzIvMSA4MTc5LzMvMSA4MTc4LzQvMQpmIDgyODAvMS8xIDgyODEvMi8xIDgxODAvMy8xIDgxNzkvNC8xCmYgODI4MS8xLzEgODI4Mi8yLzEgODE4MS8zLzEgODE4MC80LzEKZiA4MjgzLzEvMSA4Mjg0LzIvMSA4MTgzLzMvMSA4MTgyLzQvMQpmIDgyODQvMS8xIDgyODUvMi8xIDgxODQvMy8xIDgxODMvNC8xCmYgODI4NS8xLzEgODI4Ni8yLzEgODE4NS8zLzEgODE4NC80LzEKZiA4Mjg2LzEvMSA4Mjg3LzIvMSA4MTg2LzMvMSA4MTg1LzQvMQpmIDgyODcvMS8xIDgyODgvMi8xIDgxODcvMy8xIDgxODYvNC8xCmYgODI4OC8xLzEgODI4OS8yLzEgODE4OC8zLzEgODE4Ny80LzEKZiA4Mjg5LzEvMSA4MjkwLzIvMSA4MTg5LzMvMSA4MTg4LzQvMQpmIDgyOTAvMS8xIDgyOTEvMi8xIDgxOTAvMy8xIDgxODkvNC8xCmYgODI5MS8xLzEgODI5Mi8yLzEgODE5MS8zLzEgODE5MC80LzEKZiA4MjkyLzEvMSA4MjkzLzIvMSA4MTkyLzMvMSA4MTkxLzQvMQpmIDgyOTMvMS8xIDgyOTQvMi8xIDgxOTMvMy8xIDgxOTIvNC8xCmYgODI5NC8xLzEgODI5NS8yLzEgODE5NC8zLzEgODE5My80LzEKZiA4Mjk1LzEvMSA4Mjk2LzIvMSA4MTk1LzMvMSA4MTk0LzQvMQpmIDgyOTYvMS8xIDgyOTcvMi8xIDgxOTYvMy8xIDgxOTUvNC8xCmYgODI5Ny8xLzEgODI5OC8yLzEgODE5Ny8zLzEgODE5Ni80LzEKZiA4Mjk4LzEvMSA4Mjk5LzIvMSA4MTk4LzMvMSA4MTk3LzQvMQpmIDgyOTkvMS8xIDgzMDAvMi8xIDgxOTkvMy8xIDgxOTgvNC8xCmYgODMwMC8xLzEgODMwMS8yLzEgODIwMC8zLzEgODE5OS80LzEKZiA4MzAxLzEvMSA4MzAyLzIvMSA4MjAxLzMvMSA4MjAwLzQvMQpmIDgzMDIvMS8xIDgzMDMvMi8xIDgyMDIvMy8xIDgyMDEvNC8xCmYgODMwMy8xLzEgODMwNC8yLzEgODIwMy8zLzEgODIwMi80LzEKZiA4MzA0LzEvMSA4MzA1LzIvMSA4MjA0LzMvMSA4MjAzLzQvMQpmIDgzMDUvMS8xIDgzMDYvMi8xIDgyMDUvMy8xIDgyMDQvNC8xCmYgODMwNi8xLzEgODMwNy8yLzEgODIwNi8zLzEgODIwNS80LzEKZiA4MzA3LzEvMSA4MzA4LzIvMSA4MjA3LzMvMSA4MjA2LzQvMQpmIDgzMDgvMS8xIDgzMDkvMi8xIDgyMDgvMy8xIDgyMDcvNC8xCmYgODMwOS8xLzEgODMxMC8yLzEgODIwOS8zLzEgODIwOC80LzEKZiA4MzEwLzEvMSA4MzExLzIvMSA4MjEwLzMvMSA4MjA5LzQvMQpmIDgzMTEvMS8xIDgzMTIvMi8xIDgyMTEvMy8xIDgyMTAvNC8xCmYgODMxMi8xLzEgODMxMy8yLzEgODIxMi8zLzEgODIxMS80LzEKZiA4MzEzLzEvMSA4MzE0LzIvMSA4MjEzLzMvMSA4MjEyLzQvMQpmIDgzMTQvMS8xIDgzMTUvMi8xIDgyMTQvMy8xIDgyMTMvNC8xCmYgODMxNS8xLzEgODMxNi8yLzEgODIxNS8zLzEgODIxNC80LzEKZiA4MzE2LzEvMSA4MzE3LzIvMSA4MjE2LzMvMSA4MjE1LzQvMQpmIDgzMTcvMS8xIDgzMTgvMi8xIDgyMTcvMy8xIDgyMTYvNC8xCmYgODMxOC8xLzEgODMxOS8yLzEgODIxOC8zLzEgODIxNy80LzEKZiA4MzE5LzEvMSA4MzIwLzIvMSA4MjE5LzMvMSA4MjE4LzQvMQpmIDgzMjAvMS8xIDgzMjEvMi8xIDgyMjAvMy8xIDgyMTkvNC8xCmYgODMyMS8xLzEgODMyMi8yLzEgODIyMS8zLzEgODIyMC80LzEKZiA4MzIyLzEvMSA4MzIzLzIvMSA4MjIyLzMvMSA4MjIxLzQvMQpmIDgzMjMvMS8xIDgzMjQvMi8xIDgyMjMvMy8xIDgyMjIvNC8xCmYgODMyNC8xLzEgODMyNS8yLzEgODIyNC8zLzEgODIyMy80LzEKZiA4MzI1LzEvMSA4MzI2LzIvMSA4MjI1LzMvMSA4MjI0LzQvMQpmIDgzMjYvMS8xIDgzMjcvMi8xIDgyMjYvMy8xIDgyMjUvNC8xCmYgODMyNy8xLzEgODMyOC8yLzEgODIyNy8zLzEgODIyNi80LzEKZiA4MzI4LzEvMSA4MzI5LzIvMSA4MjI4LzMvMSA4MjI3LzQvMQpmIDgzMjkvMS8xIDgzMzAvMi8xIDgyMjkvMy8xIDgyMjgvNC8xCmYgODMzMC8xLzEgODMzMS8yLzEgODIzMC8zLzEgODIyOS80LzEKZiA4MzMxLzEvMSA4MzMyLzIvMSA4MjMxLzMvMSA4MjMwLzQvMQpmIDgzMzIvMS8xIDgzMzMvMi8xIDgyMzIvMy8xIDgyMzEvNC8xCmYgODMzMy8xLzEgODMzNC8yLzEgODIzMy8zLzEgODIzMi80LzEKZiA4MzM0LzEvMSA4MzM1LzIvMSA4MjM0LzMvMSA4MjMzLzQvMQpmIDgzMzUvMS8xIDgzMzYvMi8xIDgyMzUvMy8xIDgyMzQvNC8xCmYgODMzNi8xLzEgODMzNy8yLzEgODIzNi8zLzEgODIzNS80LzEKZiA4MzM3LzEvMSA4MzM4LzIvMSA4MjM3LzMvMSA4MjM2LzQvMQpmIDgzMzgvMS8xIDgzMzkvMi8xIDgyMzgvMy8xIDgyMzcvNC8xCmYgODMzOS8xLzEgODM0MC8yLzEgODIzOS8zLzEgODIzOC80LzEKZiA4MzQwLzEvMSA4MzQxLzIvMSA4MjQwLzMvMSA4MjM5LzQvMQpmIDgzNDEvMS8xIDgzNDIvMi8xIDgyNDEvMy8xIDgyNDAvNC8xCmYgODM0Mi8xLzEgODM0My8yLzEgODI0Mi8zLzEgODI0MS80LzEKZiA4MzQzLzEvMSA4MzQ0LzIvMSA4MjQzLzMvMSA4MjQyLzQvMQpmIDgzNDQvMS8xIDgzNDUvMi8xIDgyNDQvMy8xIDgyNDMvNC8xCmYgODM0NS8xLzEgODM0Ni8yLzEgODI0NS8zLzEgODI0NC80LzEKZiA4MzQ2LzEvMSA4MzQ3LzIvMSA4MjQ2LzMvMSA4MjQ1LzQvMQpmIDgzNDcvMS8xIDgzNDgvMi8xIDgyNDcvMy8xIDgyNDYvNC8xCmYgODM0OC8xLzEgODM0OS8yLzEgODI0OC8zLzEgODI0Ny80LzEKZiA4MzQ5LzEvMSA4MzUwLzIvMSA4MjQ5LzMvMSA4MjQ4LzQvMQpmIDgzNTAvMS8xIDgzNTEvMi8xIDgyNTAvMy8xIDgyNDkvNC8xCmYgODM1MS8xLzEgODM1Mi8yLzEgODI1MS8zLzEgODI1MC80LzEKZiA4MzUyLzEvMSA4MzUzLzIvMSA4MjUyLzMvMSA4MjUxLzQvMQpmIDgzNTMvMS8xIDgzNTQvMi8xIDgyNTMvMy8xIDgyNTIvNC8xCmYgODM1NC8xLzEgODM1NS8yLzEgODI1NC8zLzEgODI1My80LzEKZiA4MzU1LzEvMSA4MzU2LzIvMSA4MjU1LzMvMSA4MjU0LzQvMQpmIDgzNTYvMS8xIDgzNTcvMi8xIDgyNTYvMy8xIDgyNTUvNC8xCmYgODM1Ny8xLzEgODM1OC8yLzEgODI1Ny8zLzEgODI1Ni80LzEKZiA4MzU4LzEvMSA4MzU5LzIvMSA4MjU4LzMvMSA4MjU3LzQvMQpmIDgzNTkvMS8xIDgzNjAvMi8xIDgyNTkvMy8xIDgyNTgvNC8xCmYgODM2MC8xLzEgODM2MS8yLzEgODI2MC8zLzEgODI1OS80LzEKZiA4MzYxLzEvMSA4MzYyLzIvMSA4MjYxLzMvMSA4MjYwLzQvMQpmIDgzNjIvMS8xIDgzNjMvMi8xIDgyNjIvMy8xIDgyNjEvNC8xCmYgODM2My8xLzEgODM2NC8yLzEgODI2My8zLzEgODI2Mi80LzEKZiA4MzY0LzEvMSA4MzY1LzIvMSA4MjY0LzMvMSA4MjYzLzQvMQpmIDgzNjUvMS8xIDgzNjYvMi8xIDgyNjUvMy8xIDgyNjQvNC8xCmYgODM2Ni8xLzEgODM2Ny8yLzEgODI2Ni8zLzEgODI2NS80LzEKZiA4MzY3LzEvMSA4MzY4LzIvMSA4MjY3LzMvMSA4MjY2LzQvMQpmIDgzNjgvMS8xIDgzNjkvMi8xIDgyNjgvMy8xIDgyNjcvNC8xCmYgODM2OS8xLzEgODM3MC8yLzEgODI2OS8zLzEgODI2OC80LzEKZiA4MzcwLzEvMSA4MzcxLzIvMSA4MjcwLzMvMSA4MjY5LzQvMQpmIDgzNzEvMS8xIDgzNzIvMi8xIDgyNzEvMy8xIDgyNzAvNC8xCmYgODM3Mi8xLzEgODM3My8yLzEgODI3Mi8zLzEgODI3MS80LzEKZiA4MzczLzEvMSA4Mzc0LzIvMSA4MjczLzMvMSA4MjcyLzQvMQpmIDgzNzQvMS8xIDgzNzUvMi8xIDgyNzQvMy8xIDgyNzMvNC8xCmYgODM3NS8xLzEgODM3Ni8yLzEgODI3NS8zLzEgODI3NC80LzEKZiA4Mzc2LzEvMSA4Mzc3LzIvMSA4Mjc2LzMvMSA4Mjc1LzQvMQpmIDgzNzcvMS8xIDgzNzgvMi8xIDgyNzcvMy8xIDgyNzYvNC8xCmYgODM3OC8xLzEgODM3OS8yLzEgODI3OC8zLzEgODI3Ny80LzEKZiA4Mzc5LzEvMSA4MzgwLzIvMSA4Mjc5LzMvMSA4Mjc4LzQvMQpmIDgzODAvMS8xIDgzODEvMi8xIDgyODAvMy8xIDgyNzkvNC8xCmYgODM4MS8xLzEgODM4Mi8yLzEgODI4MS8zLzEgODI4MC80LzEKZiA4MzgyLzEvMSA4MzgzLzIvMSA4MjgyLzMvMSA4MjgxLzQvMQpmIDgzODQvMS8xIDgzODUvMi8xIDgyODQvMy8xIDgyODMvNC8xCmYgODM4NS8xLzEgODM4Ni8yLzEgODI4NS8zLzEgODI4NC80LzEKZiA4Mzg2LzEvMSA4Mzg3LzIvMSA4Mjg2LzMvMSA4Mjg1LzQvMQpmIDgzODcvMS8xIDgzODgvMi8xIDgyODcvMy8xIDgyODYvNC8xCmYgODM4OC8xLzEgODM4OS8yLzEgODI4OC8zLzEgODI4Ny80LzEKZiA4Mzg5LzEvMSA4MzkwLzIvMSA4Mjg5LzMvMSA4Mjg4LzQvMQpmIDgzOTAvMS8xIDgzOTEvMi8xIDgyOTAvMy8xIDgyODkvNC8xCmYgODM5MS8xLzEgODM5Mi8yLzEgODI5MS8zLzEgODI5MC80LzEKZiA4MzkyLzEvMSA4MzkzLzIvMSA4MjkyLzMvMSA4MjkxLzQvMQpmIDgzOTMvMS8xIDgzOTQvMi8xIDgyOTMvMy8xIDgyOTIvNC8xCmYgODM5NC8xLzEgODM5NS8yLzEgODI5NC8zLzEgODI5My80LzEKZiA4Mzk1LzEvMSA4Mzk2LzIvMSA4Mjk1LzMvMSA4Mjk0LzQvMQpmIDgzOTYvMS8xIDgzOTcvMi8xIDgyOTYvMy8xIDgyOTUvNC8xCmYgODM5Ny8xLzEgODM5OC8yLzEgODI5Ny8zLzEgODI5Ni80LzEKZiA4Mzk4LzEvMSA4Mzk5LzIvMSA4Mjk4LzMvMSA4Mjk3LzQvMQpmIDgzOTkvMS8xIDg0MDAvMi8xIDgyOTkvMy8xIDgyOTgvNC8xCmYgODQwMC8xLzEgODQwMS8yLzEgODMwMC8zLzEgODI5OS80LzEKZiA4NDAxLzEvMSA4NDAyLzIvMSA4MzAxLzMvMSA4MzAwLzQvMQpmIDg0MDIvMS8xIDg0MDMvMi8xIDgzMDIvMy8xIDgzMDEvNC8xCmYgODQwMy8xLzEgODQwNC8yLzEgODMwMy8zLzEgODMwMi80LzEKZiA4NDA0LzEvMSA4NDA1LzIvMSA4MzA0LzMvMSA4MzAzLzQvMQpmIDg0MDUvMS8xIDg0MDYvMi8xIDgzMDUvMy8xIDgzMDQvNC8xCmYgODQwNi8xLzEgODQwNy8yLzEgODMwNi8zLzEgODMwNS80LzEKZiA4NDA3LzEvMSA4NDA4LzIvMSA4MzA3LzMvMSA4MzA2LzQvMQpmIDg0MDgvMS8xIDg0MDkvMi8xIDgzMDgvMy8xIDgzMDcvNC8xCmYgODQwOS8xLzEgODQxMC8yLzEgODMwOS8zLzEgODMwOC80LzEKZiA4NDEwLzEvMSA4NDExLzIvMSA4MzEwLzMvMSA4MzA5LzQvMQpmIDg0MTEvMS8xIDg0MTIvMi8xIDgzMTEvMy8xIDgzMTAvNC8xCmYgODQxMi8xLzEgODQxMy8yLzEgODMxMi8zLzEgODMxMS80LzEKZiA4NDEzLzEvMSA4NDE0LzIvMSA4MzEzLzMvMSA4MzEyLzQvMQpmIDg0MTQvMS8xIDg0MTUvMi8xIDgzMTQvMy8xIDgzMTMvNC8xCmYgODQxNS8xLzEgODQxNi8yLzEgODMxNS8zLzEgODMxNC80LzEKZiA4NDE2LzEvMSA4NDE3LzIvMSA4MzE2LzMvMSA4MzE1LzQvMQpmIDg0MTcvMS8xIDg0MTgvMi8xIDgzMTcvMy8xIDgzMTYvNC8xCmYgODQxOC8xLzEgODQxOS8yLzEgODMxOC8zLzEgODMxNy80LzEKZiA4NDE5LzEvMSA4NDIwLzIvMSA4MzE5LzMvMSA4MzE4LzQvMQpmIDg0MjAvMS8xIDg0MjEvMi8xIDgzMjAvMy8xIDgzMTkvNC8xCmYgODQyMS8xLzEgODQyMi8yLzEgODMyMS8zLzEgODMyMC80LzEKZiA4NDIyLzEvMSA4NDIzLzIvMSA4MzIyLzMvMSA4MzIxLzQvMQpmIDg0MjMvMS8xIDg0MjQvMi8xIDgzMjMvMy8xIDgzMjIvNC8xCmYgODQyNC8xLzEgODQyNS8yLzEgODMyNC8zLzEgODMyMy80LzEKZiA4NDI1LzEvMSA4NDI2LzIvMSA4MzI1LzMvMSA4MzI0LzQvMQpmIDg0MjYvMS8xIDg0MjcvMi8xIDgzMjYvMy8xIDgzMjUvNC8xCmYgODQyNy8xLzEgODQyOC8yLzEgODMyNy8zLzEgODMyNi80LzEKZiA4NDI4LzEvMSA4NDI5LzIvMSA4MzI4LzMvMSA4MzI3LzQvMQpmIDg0MjkvMS8xIDg0MzAvMi8xIDgzMjkvMy8xIDgzMjgvNC8xCmYgODQzMC8xLzEgODQzMS8yLzEgODMzMC8zLzEgODMyOS80LzEKZiA4NDMxLzEvMSA4NDMyLzIvMSA4MzMxLzMvMSA4MzMwLzQvMQpmIDg0MzIvMS8xIDg0MzMvMi8xIDgzMzIvMy8xIDgzMzEvNC8xCmYgODQzMy8xLzEgODQzNC8yLzEgODMzMy8zLzEgODMzMi80LzEKZiA4NDM0LzEvMSA4NDM1LzIvMSA4MzM0LzMvMSA4MzMzLzQvMQpmIDg0MzUvMS8xIDg0MzYvMi8xIDgzMzUvMy8xIDgzMzQvNC8xCmYgODQzNi8xLzEgODQzNy8yLzEgODMzNi8zLzEgODMzNS80LzEKZiA4NDM3LzEvMSA4NDM4LzIvMSA4MzM3LzMvMSA4MzM2LzQvMQpmIDg0MzgvMS8xIDg0MzkvMi8xIDgzMzgvMy8xIDgzMzcvNC8xCmYgODQzOS8xLzEgODQ0MC8yLzEgODMzOS8zLzEgODMzOC80LzEKZiA4NDQwLzEvMSA4NDQxLzIvMSA4MzQwLzMvMSA4MzM5LzQvMQpmIDg0NDEvMS8xIDg0NDIvMi8xIDgzNDEvMy8xIDgzNDAvNC8xCmYgODQ0Mi8xLzEgODQ0My8yLzEgODM0Mi8zLzEgODM0MS80LzEKZiA4NDQzLzEvMSA4NDQ0LzIvMSA4MzQzLzMvMSA4MzQyLzQvMQpmIDg0NDQvMS8xIDg0NDUvMi8xIDgzNDQvMy8xIDgzNDMvNC8xCmYgODQ0NS8xLzEgODQ0Ni8yLzEgODM0NS8zLzEgODM0NC80LzEKZiA4NDQ2LzEvMSA4NDQ3LzIvMSA4MzQ2LzMvMSA4MzQ1LzQvMQpmIDg0NDcvMS8xIDg0NDgvMi8xIDgzNDcvMy8xIDgzNDYvNC8xCmYgODQ0OC8xLzEgODQ0OS8yLzEgODM0OC8zLzEgODM0Ny80LzEKZiA4NDQ5LzEvMSA4NDUwLzIvMSA4MzQ5LzMvMSA4MzQ4LzQvMQpmIDg0NTAvMS8xIDg0NTEvMi8xIDgzNTAvMy8xIDgzNDkvNC8xCmYgODQ1MS8xLzEgODQ1Mi8yLzEgODM1MS8zLzEgODM1MC80LzEKZiA4NDUyLzEvMSA4NDUzLzIvMSA4MzUyLzMvMSA4MzUxLzQvMQpmIDg0NTMvMS8xIDg0NTQvMi8xIDgzNTMvMy8xIDgzNTIvNC8xCmYgODQ1NC8xLzEgODQ1NS8yLzEgODM1NC8zLzEgODM1My80LzEKZiA4NDU1LzEvMSA4NDU2LzIvMSA4MzU1LzMvMSA4MzU0LzQvMQpmIDg0NTYvMS8xIDg0NTcvMi8xIDgzNTYvMy8xIDgzNTUvNC8xCmYgODQ1Ny8xLzEgODQ1OC8yLzEgODM1Ny8zLzEgODM1Ni80LzEKZiA4NDU4LzEvMSA4NDU5LzIvMSA4MzU4LzMvMSA4MzU3LzQvMQpmIDg0NTkvMS8xIDg0NjAvMi8xIDgzNTkvMy8xIDgzNTgvNC8xCmYgODQ2MC8xLzEgODQ2MS8yLzEgODM2MC8zLzEgODM1OS80LzEKZiA4NDYxLzEvMSA4NDYyLzIvMSA4MzYxLzMvMSA4MzYwLzQvMQpmIDg0NjIvMS8xIDg0NjMvMi8xIDgzNjIvMy8xIDgzNjEvNC8xCmYgODQ2My8xLzEgODQ2NC8yLzEgODM2My8zLzEgODM2Mi80LzEKZiA4NDY0LzEvMSA4NDY1LzIvMSA4MzY0LzMvMSA4MzYzLzQvMQpmIDg0NjUvMS8xIDg0NjYvMi8xIDgzNjUvMy8xIDgzNjQvNC8xCmYgODQ2Ni8xLzEgODQ2Ny8yLzEgODM2Ni8zLzEgODM2NS80LzEKZiA4NDY3LzEvMSA4NDY4LzIvMSA4MzY3LzMvMSA4MzY2LzQvMQpmIDg0NjgvMS8xIDg0NjkvMi8xIDgzNjgvMy8xIDgzNjcvNC8xCmYgODQ2OS8xLzEgODQ3MC8yLzEgODM2OS8zLzEgODM2OC80LzEKZiA4NDcwLzEvMSA4NDcxLzIvMSA4MzcwLzMvMSA4MzY5LzQvMQpmIDg0NzEvMS8xIDg0NzIvMi8xIDgzNzEvMy8xIDgzNzAvNC8xCmYgODQ3Mi8xLzEgODQ3My8yLzEgODM3Mi8zLzEgODM3MS80LzEKZiA4NDczLzEvMSA4NDc0LzIvMSA4MzczLzMvMSA4MzcyLzQvMQpmIDg0NzQvMS8xIDg0NzUvMi8xIDgzNzQvMy8xIDgzNzMvNC8xCmYgODQ3NS8xLzEgODQ3Ni8yLzEgODM3NS8zLzEgODM3NC80LzEKZiA4NDc2LzEvMSA4NDc3LzIvMSA4Mzc2LzMvMSA4Mzc1LzQvMQpmIDg0NzcvMS8xIDg0NzgvMi8xIDgzNzcvMy8xIDgzNzYvNC8xCmYgODQ3OC8xLzEgODQ3OS8yLzEgODM3OC8zLzEgODM3Ny80LzEKZiA4NDc5LzEvMSA4NDgwLzIvMSA4Mzc5LzMvMSA4Mzc4LzQvMQpmIDg0ODAvMS8xIDg0ODEvMi8xIDgzODAvMy8xIDgzNzkvNC8xCmYgODQ4MS8xLzEgODQ4Mi8yLzEgODM4MS8zLzEgODM4MC80LzEKZiA4NDgyLzEvMSA4NDgzLzIvMSA4MzgyLzMvMSA4MzgxLzQvMQpmIDg0ODMvMS8xIDg0ODQvMi8xIDgzODMvMy8xIDgzODIvNC8xCmYgODQ4NS8xLzEgODQ4Ni8yLzEgODM4NS8zLzEgODM4NC80LzEKZiA4NDg2LzEvMSA4NDg3LzIvMSA4Mzg2LzMvMSA4Mzg1LzQvMQpmIDg0ODcvMS8xIDg0ODgvMi8xIDgzODcvMy8xIDgzODYvNC8xCmYgODQ4OC8xLzEgODQ4OS8yLzEgODM4OC8zLzEgODM4Ny80LzEKZiA4NDg5LzEvMSA4NDkwLzIvMSA4Mzg5LzMvMSA4Mzg4LzQvMQpmIDg0OTAvMS8xIDg0OTEvMi8xIDgzOTAvMy8xIDgzODkvNC8xCmYgODQ5MS8xLzEgODQ5Mi8yLzEgODM5MS8zLzEgODM5MC80LzEKZiA4NDkyLzEvMSA4NDkzLzIvMSA4MzkyLzMvMSA4MzkxLzQvMQpmIDg0OTMvMS8xIDg0OTQvMi8xIDgzOTMvMy8xIDgzOTIvNC8xCmYgODQ5NC8xLzEgODQ5NS8yLzEgODM5NC8zLzEgODM5My80LzEKZiA4NDk1LzEvMSA4NDk2LzIvMSA4Mzk1LzMvMSA4Mzk0LzQvMQpmIDg0OTYvMS8xIDg0OTcvMi8xIDgzOTYvMy8xIDgzOTUvNC8xCmYgODQ5Ny8xLzEgODQ5OC8yLzEgODM5Ny8zLzEgODM5Ni80LzEKZiA4NDk4LzEvMSA4NDk5LzIvMSA4Mzk4LzMvMSA4Mzk3LzQvMQpmIDg0OTkvMS8xIDg1MDAvMi8xIDgzOTkvMy8xIDgzOTgvNC8xCmYgODUwMC8xLzEgODUwMS8yLzEgODQwMC8zLzEgODM5OS80LzEKZiA4NTAxLzEvMSA4NTAyLzIvMSA4NDAxLzMvMSA4NDAwLzQvMQpmIDg1MDIvMS8xIDg1MDMvMi8xIDg0MDIvMy8xIDg0MDEvNC8xCmYgODUwMy8xLzEgODUwNC8yLzEgODQwMy8zLzEgODQwMi80LzEKZiA4NTA0LzEvMSA4NTA1LzIvMSA4NDA0LzMvMSA4NDAzLzQvMQpmIDg1MDUvMS8xIDg1MDYvMi8xIDg0MDUvMy8xIDg0MDQvNC8xCmYgODUwNi8xLzEgODUwNy8yLzEgODQwNi8zLzEgODQwNS80LzEKZiA4NTA3LzEvMSA4NTA4LzIvMSA4NDA3LzMvMSA4NDA2LzQvMQpmIDg1MDgvMS8xIDg1MDkvMi8xIDg0MDgvMy8xIDg0MDcvNC8xCmYgODUwOS8xLzEgODUxMC8yLzEgODQwOS8zLzEgODQwOC80LzEKZiA4NTEwLzEvMSA4NTExLzIvMSA4NDEwLzMvMSA4NDA5LzQvMQpmIDg1MTEvMS8xIDg1MTIvMi8xIDg0MTEvMy8xIDg0MTAvNC8xCmYgODUxMi8xLzEgODUxMy8yLzEgODQxMi8zLzEgODQxMS80LzEKZiA4NTEzLzEvMSA4NTE0LzIvMSA4NDEzLzMvMSA4NDEyLzQvMQpmIDg1MTQvMS8xIDg1MTUvMi8xIDg0MTQvMy8xIDg0MTMvNC8xCmYgODUxNS8xLzEgODUxNi8yLzEgODQxNS8zLzEgODQxNC80LzEKZiA4NTE2LzEvMSA4NTE3LzIvMSA4NDE2LzMvMSA4NDE1LzQvMQpmIDg1MTcvMS8xIDg1MTgvMi8xIDg0MTcvMy8xIDg0MTYvNC8xCmYgODUxOC8xLzEgODUxOS8yLzEgODQxOC8zLzEgODQxNy80LzEKZiA4NTE5LzEvMSA4NTIwLzIvMSA4NDE5LzMvMSA4NDE4LzQvMQpmIDg1MjAvMS8xIDg1MjEvMi8xIDg0MjAvMy8xIDg0MTkvNC8xCmYgODUyMS8xLzEgODUyMi8yLzEgODQyMS8zLzEgODQyMC80LzEKZiA4NTIyLzEvMSA4NTIzLzIvMSA4NDIyLzMvMSA4NDIxLzQvMQpmIDg1MjMvMS8xIDg1MjQvMi8xIDg0MjMvMy8xIDg0MjIvNC8xCmYgODUyNC8xLzEgODUyNS8yLzEgODQyNC8zLzEgODQyMy80LzEKZiA4NTI1LzEvMSA4NTI2LzIvMSA4NDI1LzMvMSA4NDI0LzQvMQpmIDg1MjYvMS8xIDg1MjcvMi8xIDg0MjYvMy8xIDg0MjUvNC8xCmYgODUyNy8xLzEgODUyOC8yLzEgODQyNy8zLzEgODQyNi80LzEKZiA4NTI4LzEvMSA4NTI5LzIvMSA4NDI4LzMvMSA4NDI3LzQvMQpmIDg1MjkvMS8xIDg1MzAvMi8xIDg0MjkvMy8xIDg0MjgvNC8xCmYgODUzMC8xLzEgODUzMS8yLzEgODQzMC8zLzEgODQyOS80LzEKZiA4NTMxLzEvMSA4NTMyLzIvMSA4NDMxLzMvMSA4NDMwLzQvMQpmIDg1MzIvMS8xIDg1MzMvMi8xIDg0MzIvMy8xIDg0MzEvNC8xCmYgODUzMy8xLzEgODUzNC8yLzEgODQzMy8zLzEgODQzMi80LzEKZiA4NTM0LzEvMSA4NTM1LzIvMSA4NDM0LzMvMSA4NDMzLzQvMQpmIDg1MzUvMS8xIDg1MzYvMi8xIDg0MzUvMy8xIDg0MzQvNC8xCmYgODUzNi8xLzEgODUzNy8yLzEgODQzNi8zLzEgODQzNS80LzEKZiA4NTM3LzEvMSA4NTM4LzIvMSA4NDM3LzMvMSA4NDM2LzQvMQpmIDg1MzgvMS8xIDg1MzkvMi8xIDg0MzgvMy8xIDg0MzcvNC8xCmYgODUzOS8xLzEgODU0MC8yLzEgODQzOS8zLzEgODQzOC80LzEKZiA4NTQwLzEvMSA4NTQxLzIvMSA4NDQwLzMvMSA4NDM5LzQvMQpmIDg1NDEvMS8xIDg1NDIvMi8xIDg0NDEvMy8xIDg0NDAvNC8xCmYgODU0Mi8xLzEgODU0My8yLzEgODQ0Mi8zLzEgODQ0MS80LzEKZiA4NTQzLzEvMSA4NTQ0LzIvMSA4NDQzLzMvMSA4NDQyLzQvMQpmIDg1NDQvMS8xIDg1NDUvMi8xIDg0NDQvMy8xIDg0NDMvNC8xCmYgODU0NS8xLzEgODU0Ni8yLzEgODQ0NS8zLzEgODQ0NC80LzEKZiA4NTQ2LzEvMSA4NTQ3LzIvMSA4NDQ2LzMvMSA4NDQ1LzQvMQpmIDg1NDcvMS8xIDg1NDgvMi8xIDg0NDcvMy8xIDg0NDYvNC8xCmYgODU0OC8xLzEgODU0OS8yLzEgODQ0OC8zLzEgODQ0Ny80LzEKZiA4NTQ5LzEvMSA4NTUwLzIvMSA4NDQ5LzMvMSA4NDQ4LzQvMQpmIDg1NTAvMS8xIDg1NTEvMi8xIDg0NTAvMy8xIDg0NDkvNC8xCmYgODU1MS8xLzEgODU1Mi8yLzEgODQ1MS8zLzEgODQ1MC80LzEKZiA4NTUyLzEvMSA4NTUzLzIvMSA4NDUyLzMvMSA4NDUxLzQvMQpmIDg1NTMvMS8xIDg1NTQvMi8xIDg0NTMvMy8xIDg0NTIvNC8xCmYgODU1NC8xLzEgODU1NS8yLzEgODQ1NC8zLzEgODQ1My80LzEKZiA4NTU1LzEvMSA4NTU2LzIvMSA4NDU1LzMvMSA4NDU0LzQvMQpmIDg1NTYvMS8xIDg1NTcvMi8xIDg0NTYvMy8xIDg0NTUvNC8xCmYgODU1Ny8xLzEgODU1OC8yLzEgODQ1Ny8zLzEgODQ1Ni80LzEKZiA4NTU4LzEvMSA4NTU5LzIvMSA4NDU4LzMvMSA4NDU3LzQvMQpmIDg1NTkvMS8xIDg1NjAvMi8xIDg0NTkvMy8xIDg0NTgvNC8xCmYgODU2MC8xLzEgODU2MS8yLzEgODQ2MC8zLzEgODQ1OS80LzEKZiA4NTYxLzEvMSA4NTYyLzIvMSA4NDYxLzMvMSA4NDYwLzQvMQpmIDg1NjIvMS8xIDg1NjMvMi8xIDg0NjIvMy8xIDg0NjEvNC8xCmYgODU2My8xLzEgODU2NC8yLzEgODQ2My8zLzEgODQ2Mi80LzEKZiA4NTY0LzEvMSA4NTY1LzIvMSA4NDY0LzMvMSA4NDYzLzQvMQpmIDg1NjUvMS8xIDg1NjYvMi8xIDg0NjUvMy8xIDg0NjQvNC8xCmYgODU2Ni8xLzEgODU2Ny8yLzEgODQ2Ni8zLzEgODQ2NS80LzEKZiA4NTY3LzEvMSA4NTY4LzIvMSA4NDY3LzMvMSA4NDY2LzQvMQpmIDg1NjgvMS8xIDg1NjkvMi8xIDg0NjgvMy8xIDg0NjcvNC8xCmYgODU2OS8xLzEgODU3MC8yLzEgODQ2OS8zLzEgODQ2OC80LzEKZiA4NTcwLzEvMSA4NTcxLzIvMSA4NDcwLzMvMSA4NDY5LzQvMQpmIDg1NzEvMS8xIDg1NzIvMi8xIDg0NzEvMy8xIDg0NzAvNC8xCmYgODU3Mi8xLzEgODU3My8yLzEgODQ3Mi8zLzEgODQ3MS80LzEKZiA4NTczLzEvMSA4NTc0LzIvMSA4NDczLzMvMSA4NDcyLzQvMQpmIDg1NzQvMS8xIDg1NzUvMi8xIDg0NzQvMy8xIDg0NzMvNC8xCmYgODU3NS8xLzEgODU3Ni8yLzEgODQ3NS8zLzEgODQ3NC80LzEKZiA4NTc2LzEvMSA4NTc3LzIvMSA4NDc2LzMvMSA4NDc1LzQvMQpmIDg1NzcvMS8xIDg1NzgvMi8xIDg0NzcvMy8xIDg0NzYvNC8xCmYgODU3OC8xLzEgODU3OS8yLzEgODQ3OC8zLzEgODQ3Ny80LzEKZiA4NTc5LzEvMSA4NTgwLzIvMSA4NDc5LzMvMSA4NDc4LzQvMQpmIDg1ODAvMS8xIDg1ODEvMi8xIDg0ODAvMy8xIDg0NzkvNC8xCmYgODU4MS8xLzEgODU4Mi8yLzEgODQ4MS8zLzEgODQ4MC80LzEKZiA4NTgyLzEvMSA4NTgzLzIvMSA4NDgyLzMvMSA4NDgxLzQvMQpmIDg1ODMvMS8xIDg1ODQvMi8xIDg0ODMvMy8xIDg0ODIvNC8xCmYgODU4NC8xLzEgODU4NS8yLzEgODQ4NC8zLzEgODQ4My80LzEKZiA4NTg2LzEvMSA4NTg3LzIvMSA4NDg2LzMvMSA4NDg1LzQvMQpmIDg1ODcvMS8xIDg1ODgvMi8xIDg0ODcvMy8xIDg0ODYvNC8xCmYgODU4OC8xLzEgODU4OS8yLzEgODQ4OC8zLzEgODQ4Ny80LzEKZiA4NTg5LzEvMSA4NTkwLzIvMSA4NDg5LzMvMSA4NDg4LzQvMQpmIDg1OTAvMS8xIDg1OTEvMi8xIDg0OTAvMy8xIDg0ODkvNC8xCmYgODU5MS8xLzEgODU5Mi8yLzEgODQ5MS8zLzEgODQ5MC80LzEKZiA4NTkyLzEvMSA4NTkzLzIvMSA4NDkyLzMvMSA4NDkxLzQvMQpmIDg1OTMvMS8xIDg1OTQvMi8xIDg0OTMvMy8xIDg0OTIvNC8xCmYgODU5NC8xLzEgODU5NS8yLzEgODQ5NC8zLzEgODQ5My80LzEKZiA4NTk1LzEvMSA4NTk2LzIvMSA4NDk1LzMvMSA4NDk0LzQvMQpmIDg1OTYvMS8xIDg1OTcvMi8xIDg0OTYvMy8xIDg0OTUvNC8xCmYgODU5Ny8xLzEgODU5OC8yLzEgODQ5Ny8zLzEgODQ5Ni80LzEKZiA4NTk4LzEvMSA4NTk5LzIvMSA4NDk4LzMvMSA4NDk3LzQvMQpmIDg1OTkvMS8xIDg2MDAvMi8xIDg0OTkvMy8xIDg0OTgvNC8xCmYgODYwMC8xLzEgODYwMS8yLzEgODUwMC8zLzEgODQ5OS80LzEKZiA4NjAxLzEvMSA4NjAyLzIvMSA4NTAxLzMvMSA4NTAwLzQvMQpmIDg2MDIvMS8xIDg2MDMvMi8xIDg1MDIvMy8xIDg1MDEvNC8xCmYgODYwMy8xLzEgODYwNC8yLzEgODUwMy8zLzEgODUwMi80LzEKZiA4NjA0LzEvMSA4NjA1LzIvMSA4NTA0LzMvMSA4NTAzLzQvMQpmIDg2MDUvMS8xIDg2MDYvMi8xIDg1MDUvMy8xIDg1MDQvNC8xCmYgODYwNi8xLzEgODYwNy8yLzEgODUwNi8zLzEgODUwNS80LzEKZiA4NjA3LzEvMSA4NjA4LzIvMSA4NTA3LzMvMSA4NTA2LzQvMQpmIDg2MDgvMS8xIDg2MDkvMi8xIDg1MDgvMy8xIDg1MDcvNC8xCmYgODYwOS8xLzEgODYxMC8yLzEgODUwOS8zLzEgODUwOC80LzEKZiA4NjEwLzEvMSA4NjExLzIvMSA4NTEwLzMvMSA4NTA5LzQvMQpmIDg2MTEvMS8xIDg2MTIvMi8xIDg1MTEvMy8xIDg1MTAvNC8xCmYgODYxMi8xLzEgODYxMy8yLzEgODUxMi8zLzEgODUxMS80LzEKZiA4NjEzLzEvMSA4NjE0LzIvMSA4NTEzLzMvMSA4NTEyLzQvMQpmIDg2MTQvMS8xIDg2MTUvMi8xIDg1MTQvMy8xIDg1MTMvNC8xCmYgODYxNS8xLzEgODYxNi8yLzEgODUxNS8zLzEgODUxNC80LzEKZiA4NjE2LzEvMSA4NjE3LzIvMSA4NTE2LzMvMSA4NTE1LzQvMQpmIDg2MTcvMS8xIDg2MTgvMi8xIDg1MTcvMy8xIDg1MTYvNC8xCmYgODYxOC8xLzEgODYxOS8yLzEgODUxOC8zLzEgODUxNy80LzEKZiA4NjE5LzEvMSA4NjIwLzIvMSA4NTE5LzMvMSA4NTE4LzQvMQpmIDg2MjAvMS8xIDg2MjEvMi8xIDg1MjAvMy8xIDg1MTkvNC8xCmYgODYyMS8xLzEgODYyMi8yLzEgODUyMS8zLzEgODUyMC80LzEKZiA4NjIyLzEvMSA4NjIzLzIvMSA4NTIyLzMvMSA4NTIxLzQvMQpmIDg2MjMvMS8xIDg2MjQvMi8xIDg1MjMvMy8xIDg1MjIvNC8xCmYgODYyNC8xLzEgODYyNS8yLzEgODUyNC8zLzEgODUyMy80LzEKZiA4NjI1LzEvMSA4NjI2LzIvMSA4NTI1LzMvMSA4NTI0LzQvMQpmIDg2MjYvMS8xIDg2MjcvMi8xIDg1MjYvMy8xIDg1MjUvNC8xCmYgODYyNy8xLzEgODYyOC8yLzEgODUyNy8zLzEgODUyNi80LzEKZiA4NjI4LzEvMSA4NjI5LzIvMSA4NTI4LzMvMSA4NTI3LzQvMQpmIDg2MjkvMS8xIDg2MzAvMi8xIDg1MjkvMy8xIDg1MjgvNC8xCmYgODYzMC8xLzEgODYzMS8yLzEgODUzMC8zLzEgODUyOS80LzEKZiA4NjMxLzEvMSA4NjMyLzIvMSA4NTMxLzMvMSA4NTMwLzQvMQpmIDg2MzIvMS8xIDg2MzMvMi8xIDg1MzIvMy8xIDg1MzEvNC8xCmYgODYzMy8xLzEgODYzNC8yLzEgODUzMy8zLzEgODUzMi80LzEKZiA4NjM0LzEvMSA4NjM1LzIvMSA4NTM0LzMvMSA4NTMzLzQvMQpmIDg2MzUvMS8xIDg2MzYvMi8xIDg1MzUvMy8xIDg1MzQvNC8xCmYgODYzNi8xLzEgODYzNy8yLzEgODUzNi8zLzEgODUzNS80LzEKZiA4NjM3LzEvMSA4NjM4LzIvMSA4NTM3LzMvMSA4NTM2LzQvMQpmIDg2MzgvMS8xIDg2MzkvMi8xIDg1MzgvMy8xIDg1MzcvNC8xCmYgODYzOS8xLzEgODY0MC8yLzEgODUzOS8zLzEgODUzOC80LzEKZiA4NjQwLzEvMSA4NjQxLzIvMSA4NTQwLzMvMSA4NTM5LzQvMQpmIDg2NDEvMS8xIDg2NDIvMi8xIDg1NDEvMy8xIDg1NDAvNC8xCmYgODY0Mi8xLzEgODY0My8yLzEgODU0Mi8zLzEgODU0MS80LzEKZiA4NjQzLzEvMSA4NjQ0LzIvMSA4NTQzLzMvMSA4NTQyLzQvMQpmIDg2NDQvMS8xIDg2NDUvMi8xIDg1NDQvMy8xIDg1NDMvNC8xCmYgODY0NS8xLzEgODY0Ni8yLzEgODU0NS8zLzEgODU0NC80LzEKZiA4NjQ2LzEvMSA4NjQ3LzIvMSA4NTQ2LzMvMSA4NTQ1LzQvMQpmIDg2NDcvMS8xIDg2NDgvMi8xIDg1NDcvMy8xIDg1NDYvNC8xCmYgODY0OC8xLzEgODY0OS8yLzEgODU0OC8zLzEgODU0Ny80LzEKZiA4NjQ5LzEvMSA4NjUwLzIvMSA4NTQ5LzMvMSA4NTQ4LzQvMQpmIDg2NTAvMS8xIDg2NTEvMi8xIDg1NTAvMy8xIDg1NDkvNC8xCmYgODY1MS8xLzEgODY1Mi8yLzEgODU1MS8zLzEgODU1MC80LzEKZiA4NjUyLzEvMSA4NjUzLzIvMSA4NTUyLzMvMSA4NTUxLzQvMQpmIDg2NTMvMS8xIDg2NTQvMi8xIDg1NTMvMy8xIDg1NTIvNC8xCmYgODY1NC8xLzEgODY1NS8yLzEgODU1NC8zLzEgODU1My80LzEKZiA4NjU1LzEvMSA4NjU2LzIvMSA4NTU1LzMvMSA4NTU0LzQvMQpmIDg2NTYvMS8xIDg2NTcvMi8xIDg1NTYvMy8xIDg1NTUvNC8xCmYgODY1Ny8xLzEgODY1OC8yLzEgODU1Ny8zLzEgODU1Ni80LzEKZiA4NjU4LzEvMSA4NjU5LzIvMSA4NTU4LzMvMSA4NTU3LzQvMQpmIDg2NTkvMS8xIDg2NjAvMi8xIDg1NTkvMy8xIDg1NTgvNC8xCmYgODY2MC8xLzEgODY2MS8yLzEgODU2MC8zLzEgODU1OS80LzEKZiA4NjYxLzEvMSA4NjYyLzIvMSA4NTYxLzMvMSA4NTYwLzQvMQpmIDg2NjIvMS8xIDg2NjMvMi8xIDg1NjIvMy8xIDg1NjEvNC8xCmYgODY2My8xLzEgODY2NC8yLzEgODU2My8zLzEgODU2Mi80LzEKZiA4NjY0LzEvMSA4NjY1LzIvMSA4NTY0LzMvMSA4NTYzLzQvMQpmIDg2NjUvMS8xIDg2NjYvMi8xIDg1NjUvMy8xIDg1NjQvNC8xCmYgODY2Ni8xLzEgODY2Ny8yLzEgODU2Ni8zLzEgODU2NS80LzEKZiA4NjY3LzEvMSA4NjY4LzIvMSA4NTY3LzMvMSA4NTY2LzQvMQpmIDg2NjgvMS8xIDg2NjkvMi8xIDg1NjgvMy8xIDg1NjcvNC8xCmYgODY2OS8xLzEgODY3MC8yLzEgODU2OS8zLzEgODU2OC80LzEKZiA4NjcwLzEvMSA4NjcxLzIvMSA4NTcwLzMvMSA4NTY5LzQvMQpmIDg2NzEvMS8xIDg2NzIvMi8xIDg1NzEvMy8xIDg1NzAvNC8xCmYgODY3Mi8xLzEgODY3My8yLzEgODU3Mi8zLzEgODU3MS80LzEKZiA4NjczLzEvMSA4Njc0LzIvMSA4NTczLzMvMSA4NTcyLzQvMQpmIDg2NzQvMS8xIDg2NzUvMi8xIDg1NzQvMy8xIDg1NzMvNC8xCmYgODY3NS8xLzEgODY3Ni8yLzEgODU3NS8zLzEgODU3NC80LzEKZiA4Njc2LzEvMSA4Njc3LzIvMSA4NTc2LzMvMSA4NTc1LzQvMQpmIDg2NzcvMS8xIDg2NzgvMi8xIDg1NzcvMy8xIDg1NzYvNC8xCmYgODY3OC8xLzEgODY3OS8yLzEgODU3OC8zLzEgODU3Ny80LzEKZiA4Njc5LzEvMSA4NjgwLzIvMSA4NTc5LzMvMSA4NTc4LzQvMQpmIDg2ODAvMS8xIDg2ODEvMi8xIDg1ODAvMy8xIDg1NzkvNC8xCmYgODY4MS8xLzEgODY4Mi8yLzEgODU4MS8zLzEgODU4MC80LzEKZiA4NjgyLzEvMSA4NjgzLzIvMSA4NTgyLzMvMSA4NTgxLzQvMQpmIDg2ODMvMS8xIDg2ODQvMi8xIDg1ODMvMy8xIDg1ODIvNC8xCmYgODY4NC8xLzEgODY4NS8yLzEgODU4NC8zLzEgODU4My80LzEKZiA4Njg1LzEvMSA4Njg2LzIvMSA4NTg1LzMvMSA4NTg0LzQvMQpmIDg2ODcvMS8xIDg2ODgvMi8xIDg1ODcvMy8xIDg1ODYvNC8xCmYgODY4OC8xLzEgODY4OS8yLzEgODU4OC8zLzEgODU4Ny80LzEKZiA4Njg5LzEvMSA4NjkwLzIvMSA4NTg5LzMvMSA4NTg4LzQvMQpmIDg2OTAvMS8xIDg2OTEvMi8xIDg1OTAvMy8xIDg1ODkvNC8xCmYgODY5MS8xLzEgODY5Mi8yLzEgODU5MS8zLzEgODU5MC80LzEKZiA4NjkyLzEvMSA4NjkzLzIvMSA4NTkyLzMvMSA4NTkxLzQvMQpmIDg2OTMvMS8xIDg2OTQvMi8xIDg1OTMvMy8xIDg1OTIvNC8xCmYgODY5NC8xLzEgODY5NS8yLzEgODU5NC8zLzEgODU5My80LzEKZiA4Njk1LzEvMSA4Njk2LzIvMSA4NTk1LzMvMSA4NTk0LzQvMQpmIDg2OTYvMS8xIDg2OTcvMi8xIDg1OTYvMy8xIDg1OTUvNC8xCmYgODY5Ny8xLzEgODY5OC8yLzEgODU5Ny8zLzEgODU5Ni80LzEKZiA4Njk4LzEvMSA4Njk5LzIvMSA4NTk4LzMvMSA4NTk3LzQvMQpmIDg2OTkvMS8xIDg3MDAvMi8xIDg1OTkvMy8xIDg1OTgvNC8xCmYgODcwMC8xLzEgODcwMS8yLzEgODYwMC8zLzEgODU5OS80LzEKZiA4NzAxLzEvMSA4NzAyLzIvMSA4NjAxLzMvMSA4NjAwLzQvMQpmIDg3MDIvMS8xIDg3MDMvMi8xIDg2MDIvMy8xIDg2MDEvNC8xCmYgODcwMy8xLzEgODcwNC8yLzEgODYwMy8zLzEgODYwMi80LzEKZiA4NzA0LzEvMSA4NzA1LzIvMSA4NjA0LzMvMSA4NjAzLzQvMQpmIDg3MDUvMS8xIDg3MDYvMi8xIDg2MDUvMy8xIDg2MDQvNC8xCmYgODcwNi8xLzEgODcwNy8yLzEgODYwNi8zLzEgODYwNS80LzEKZiA4NzA3LzEvMSA4NzA4LzIvMSA4NjA3LzMvMSA4NjA2LzQvMQpmIDg3MDgvMS8xIDg3MDkvMi8xIDg2MDgvMy8xIDg2MDcvNC8xCmYgODcwOS8xLzEgODcxMC8yLzEgODYwOS8zLzEgODYwOC80LzEKZiA4NzEwLzEvMSA4NzExLzIvMSA4NjEwLzMvMSA4NjA5LzQvMQpmIDg3MTEvMS8xIDg3MTIvMi8xIDg2MTEvMy8xIDg2MTAvNC8xCmYgODcxMi8xLzEgODcxMy8yLzEgODYxMi8zLzEgODYxMS80LzEKZiA4NzEzLzEvMSA4NzE0LzIvMSA4NjEzLzMvMSA4NjEyLzQvMQpmIDg3MTQvMS8xIDg3MTUvMi8xIDg2MTQvMy8xIDg2MTMvNC8xCmYgODcxNS8xLzEgODcxNi8yLzEgODYxNS8zLzEgODYxNC80LzEKZiA4NzE2LzEvMSA4NzE3LzIvMSA4NjE2LzMvMSA4NjE1LzQvMQpmIDg3MTcvMS8xIDg3MTgvMi8xIDg2MTcvMy8xIDg2MTYvNC8xCmYgODcxOC8xLzEgODcxOS8yLzEgODYxOC8zLzEgODYxNy80LzEKZiA4NzE5LzEvMSA4NzIwLzIvMSA4NjE5LzMvMSA4NjE4LzQvMQpmIDg3MjAvMS8xIDg3MjEvMi8xIDg2MjAvMy8xIDg2MTkvNC8xCmYgODcyMS8xLzEgODcyMi8yLzEgODYyMS8zLzEgODYyMC80LzEKZiA4NzIyLzEvMSA4NzIzLzIvMSA4NjIyLzMvMSA4NjIxLzQvMQpmIDg3MjMvMS8xIDg3MjQvMi8xIDg2MjMvMy8xIDg2MjIvNC8xCmYgODcyNC8xLzEgODcyNS8yLzEgODYyNC8zLzEgODYyMy80LzEKZiA4NzI1LzEvMSA4NzI2LzIvMSA4NjI1LzMvMSA4NjI0LzQvMQpmIDg3MjYvMS8xIDg3MjcvMi8xIDg2MjYvMy8xIDg2MjUvNC8xCmYgODcyNy8xLzEgODcyOC8yLzEgODYyNy8zLzEgODYyNi80LzEKZiA4NzI4LzEvMSA4NzI5LzIvMSA4NjI4LzMvMSA4NjI3LzQvMQpmIDg3MjkvMS8xIDg3MzAvMi8xIDg2MjkvMy8xIDg2MjgvNC8xCmYgODczMC8xLzEgODczMS8yLzEgODYzMC8zLzEgODYyOS80LzEKZiA4NzMxLzEvMSA4NzMyLzIvMSA4NjMxLzMvMSA4NjMwLzQvMQpmIDg3MzIvMS8xIDg3MzMvMi8xIDg2MzIvMy8xIDg2MzEvNC8xCmYgODczMy8xLzEgODczNC8yLzEgODYzMy8zLzEgODYzMi80LzEKZiA4NzM0LzEvMSA4NzM1LzIvMSA4NjM0LzMvMSA4NjMzLzQvMQpmIDg3MzUvMS8xIDg3MzYvMi8xIDg2MzUvMy8xIDg2MzQvNC8xCmYgODczNi8xLzEgODczNy8yLzEgODYzNi8zLzEgODYzNS80LzEKZiA4NzM3LzEvMSA4NzM4LzIvMSA4NjM3LzMvMSA4NjM2LzQvMQpmIDg3MzgvMS8xIDg3MzkvMi8xIDg2MzgvMy8xIDg2MzcvNC8xCmYgODczOS8xLzEgODc0MC8yLzEgODYzOS8zLzEgODYzOC80LzEKZiA4NzQwLzEvMSA4NzQxLzIvMSA4NjQwLzMvMSA4NjM5LzQvMQpmIDg3NDEvMS8xIDg3NDIvMi8xIDg2NDEvMy8xIDg2NDAvNC8xCmYgODc0Mi8xLzEgODc0My8yLzEgODY0Mi8zLzEgODY0MS80LzEKZiA4NzQzLzEvMSA4NzQ0LzIvMSA4NjQzLzMvMSA4NjQyLzQvMQpmIDg3NDQvMS8xIDg3NDUvMi8xIDg2NDQvMy8xIDg2NDMvNC8xCmYgODc0NS8xLzEgODc0Ni8yLzEgODY0NS8zLzEgODY0NC80LzEKZiA4NzQ2LzEvMSA4NzQ3LzIvMSA4NjQ2LzMvMSA4NjQ1LzQvMQpmIDg3NDcvMS8xIDg3NDgvMi8xIDg2NDcvMy8xIDg2NDYvNC8xCmYgODc0OC8xLzEgODc0OS8yLzEgODY0OC8zLzEgODY0Ny80LzEKZiA4NzQ5LzEvMSA4NzUwLzIvMSA4NjQ5LzMvMSA4NjQ4LzQvMQpmIDg3NTAvMS8xIDg3NTEvMi8xIDg2NTAvMy8xIDg2NDkvNC8xCmYgODc1MS8xLzEgODc1Mi8yLzEgODY1MS8zLzEgODY1MC80LzEKZiA4NzUyLzEvMSA4NzUzLzIvMSA4NjUyLzMvMSA4NjUxLzQvMQpmIDg3NTMvMS8xIDg3NTQvMi8xIDg2NTMvMy8xIDg2NTIvNC8xCmYgODc1NC8xLzEgODc1NS8yLzEgODY1NC8zLzEgODY1My80LzEKZiA4NzU1LzEvMSA4NzU2LzIvMSA4NjU1LzMvMSA4NjU0LzQvMQpmIDg3NTYvMS8xIDg3NTcvMi8xIDg2NTYvMy8xIDg2NTUvNC8xCmYgODc1Ny8xLzEgODc1OC8yLzEgODY1Ny8zLzEgODY1Ni80LzEKZiA4NzU4LzEvMSA4NzU5LzIvMSA4NjU4LzMvMSA4NjU3LzQvMQpmIDg3NTkvMS8xIDg3NjAvMi8xIDg2NTkvMy8xIDg2NTgvNC8xCmYgODc2MC8xLzEgODc2MS8yLzEgODY2MC8zLzEgODY1OS80LzEKZiA4NzYxLzEvMSA4NzYyLzIvMSA4NjYxLzMvMSA4NjYwLzQvMQpmIDg3NjIvMS8xIDg3NjMvMi8xIDg2NjIvMy8xIDg2NjEvNC8xCmYgODc2My8xLzEgODc2NC8yLzEgODY2My8zLzEgODY2Mi80LzEKZiA4NzY0LzEvMSA4NzY1LzIvMSA4NjY0LzMvMSA4NjYzLzQvMQpmIDg3NjUvMS8xIDg3NjYvMi8xIDg2NjUvMy8xIDg2NjQvNC8xCmYgODc2Ni8xLzEgODc2Ny8yLzEgODY2Ni8zLzEgODY2NS80LzEKZiA4NzY3LzEvMSA4NzY4LzIvMSA4NjY3LzMvMSA4NjY2LzQvMQpmIDg3NjgvMS8xIDg3NjkvMi8xIDg2NjgvMy8xIDg2NjcvNC8xCmYgODc2OS8xLzEgODc3MC8yLzEgODY2OS8zLzEgODY2OC80LzEKZiA4NzcwLzEvMSA4NzcxLzIvMSA4NjcwLzMvMSA4NjY5LzQvMQpmIDg3NzEvMS8xIDg3NzIvMi8xIDg2NzEvMy8xIDg2NzAvNC8xCmYgODc3Mi8xLzEgODc3My8yLzEgODY3Mi8zLzEgODY3MS80LzEKZiA4NzczLzEvMSA4Nzc0LzIvMSA4NjczLzMvMSA4NjcyLzQvMQpmIDg3NzQvMS8xIDg3NzUvMi8xIDg2NzQvMy8xIDg2NzMvNC8xCmYgODc3NS8xLzEgODc3Ni8yLzEgODY3NS8zLzEgODY3NC80LzEKZiA4Nzc2LzEvMSA4Nzc3LzIvMSA4Njc2LzMvMSA4Njc1LzQvMQpmIDg3NzcvMS8xIDg3NzgvMi8xIDg2NzcvMy8xIDg2NzYvNC8xCmYgODc3OC8xLzEgODc3OS8yLzEgODY3OC8zLzEgODY3Ny80LzEKZiA4Nzc5LzEvMSA4NzgwLzIvMSA4Njc5LzMvMSA4Njc4LzQvMQpmIDg3ODAvMS8xIDg3ODEvMi8xIDg2ODAvMy8xIDg2NzkvNC8xCmYgODc4MS8xLzEgODc4Mi8yLzEgODY4MS8zLzEgODY4MC80LzEKZiA4NzgyLzEvMSA4NzgzLzIvMSA4NjgyLzMvMSA4NjgxLzQvMQpmIDg3ODMvMS8xIDg3ODQvMi8xIDg2ODMvMy8xIDg2ODIvNC8xCmYgODc4NC8xLzEgODc4NS8yLzEgODY4NC8zLzEgODY4My80LzEKZiA4Nzg1LzEvMSA4Nzg2LzIvMSA4Njg1LzMvMSA4Njg0LzQvMQpmIDg3ODYvMS8xIDg3ODcvMi8xIDg2ODYvMy8xIDg2ODUvNC8xCmYgODc4OC8xLzEgODc4OS8yLzEgODY4OC8zLzEgODY4Ny80LzEKZiA4Nzg5LzEvMSA4NzkwLzIvMSA4Njg5LzMvMSA4Njg4LzQvMQpmIDg3OTAvMS8xIDg3OTEvMi8xIDg2OTAvMy8xIDg2ODkvNC8xCmYgODc5MS8xLzEgODc5Mi8yLzEgODY5MS8zLzEgODY5MC80LzEKZiA4NzkyLzEvMSA4NzkzLzIvMSA4NjkyLzMvMSA4NjkxLzQvMQpmIDg3OTMvMS8xIDg3OTQvMi8xIDg2OTMvMy8xIDg2OTIvNC8xCmYgODc5NC8xLzEgODc5NS8yLzEgODY5NC8zLzEgODY5My80LzEKZiA4Nzk1LzEvMSA4Nzk2LzIvMSA4Njk1LzMvMSA4Njk0LzQvMQpmIDg3OTYvMS8xIDg3OTcvMi8xIDg2OTYvMy8xIDg2OTUvNC8xCmYgODc5Ny8xLzEgODc5OC8yLzEgODY5Ny8zLzEgODY5Ni80LzEKZiA4Nzk4LzEvMSA4Nzk5LzIvMSA4Njk4LzMvMSA4Njk3LzQvMQpmIDg3OTkvMS8xIDg4MDAvMi8xIDg2OTkvMy8xIDg2OTgvNC8xCmYgODgwMC8xLzEgODgwMS8yLzEgODcwMC8zLzEgODY5OS80LzEKZiA4ODAxLzEvMSA4ODAyLzIvMSA4NzAxLzMvMSA4NzAwLzQvMQpmIDg4MDIvMS8xIDg4MDMvMi8xIDg3MDIvMy8xIDg3MDEvNC8xCmYgODgwMy8xLzEgODgwNC8yLzEgODcwMy8zLzEgODcwMi80LzEKZiA4ODA0LzEvMSA4ODA1LzIvMSA4NzA0LzMvMSA4NzAzLzQvMQpmIDg4MDUvMS8xIDg4MDYvMi8xIDg3MDUvMy8xIDg3MDQvNC8xCmYgODgwNi8xLzEgODgwNy8yLzEgODcwNi8zLzEgODcwNS80LzEKZiA4ODA3LzEvMSA4ODA4LzIvMSA4NzA3LzMvMSA4NzA2LzQvMQpmIDg4MDgvMS8xIDg4MDkvMi8xIDg3MDgvMy8xIDg3MDcvNC8xCmYgODgwOS8xLzEgODgxMC8yLzEgODcwOS8zLzEgODcwOC80LzEKZiA4ODEwLzEvMSA4ODExLzIvMSA4NzEwLzMvMSA4NzA5LzQvMQpmIDg4MTEvMS8xIDg4MTIvMi8xIDg3MTEvMy8xIDg3MTAvNC8xCmYgODgxMi8xLzEgODgxMy8yLzEgODcxMi8zLzEgODcxMS80LzEKZiA4ODEzLzEvMSA4ODE0LzIvMSA4NzEzLzMvMSA4NzEyLzQvMQpmIDg4MTQvMS8xIDg4MTUvMi8xIDg3MTQvMy8xIDg3MTMvNC8xCmYgODgxNS8xLzEgODgxNi8yLzEgODcxNS8zLzEgODcxNC80LzEKZiA4ODE2LzEvMSA4ODE3LzIvMSA4NzE2LzMvMSA4NzE1LzQvMQpmIDg4MTcvMS8xIDg4MTgvMi8xIDg3MTcvMy8xIDg3MTYvNC8xCmYgODgxOC8xLzEgODgxOS8yLzEgODcxOC8zLzEgODcxNy80LzEKZiA4ODE5LzEvMSA4ODIwLzIvMSA4NzE5LzMvMSA4NzE4LzQvMQpmIDg4MjAvMS8xIDg4MjEvMi8xIDg3MjAvMy8xIDg3MTkvNC8xCmYgODgyMS8xLzEgODgyMi8yLzEgODcyMS8zLzEgODcyMC80LzEKZiA4ODIyLzEvMSA4ODIzLzIvMSA4NzIyLzMvMSA4NzIxLzQvMQpmIDg4MjMvMS8xIDg4MjQvMi8xIDg3MjMvMy8xIDg3MjIvNC8xCmYgODgyNC8xLzEgODgyNS8yLzEgODcyNC8zLzEgODcyMy80LzEKZiA4ODI1LzEvMSA4ODI2LzIvMSA4NzI1LzMvMSA4NzI0LzQvMQpmIDg4MjYvMS8xIDg4MjcvMi8xIDg3MjYvMy8xIDg3MjUvNC8xCmYgODgyNy8xLzEgODgyOC8yLzEgODcyNy8zLzEgODcyNi80LzEKZiA4ODI4LzEvMSA4ODI5LzIvMSA4NzI4LzMvMSA4NzI3LzQvMQpmIDg4MjkvMS8xIDg4MzAvMi8xIDg3MjkvMy8xIDg3MjgvNC8xCmYgODgzMC8xLzEgODgzMS8yLzEgODczMC8zLzEgODcyOS80LzEKZiA4ODMxLzEvMSA4ODMyLzIvMSA4NzMxLzMvMSA4NzMwLzQvMQpmIDg4MzIvMS8xIDg4MzMvMi8xIDg3MzIvMy8xIDg3MzEvNC8xCmYgODgzMy8xLzEgODgzNC8yLzEgODczMy8zLzEgODczMi80LzEKZiA4ODM0LzEvMSA4ODM1LzIvMSA4NzM0LzMvMSA4NzMzLzQvMQpmIDg4MzUvMS8xIDg4MzYvMi8xIDg3MzUvMy8xIDg3MzQvNC8xCmYgODgzNi8xLzEgODgzNy8yLzEgODczNi8zLzEgODczNS80LzEKZiA4ODM3LzEvMSA4ODM4LzIvMSA4NzM3LzMvMSA4NzM2LzQvMQpmIDg4MzgvMS8xIDg4MzkvMi8xIDg3MzgvMy8xIDg3MzcvNC8xCmYgODgzOS8xLzEgODg0MC8yLzEgODczOS8zLzEgODczOC80LzEKZiA4ODQwLzEvMSA4ODQxLzIvMSA4NzQwLzMvMSA4NzM5LzQvMQpmIDg4NDEvMS8xIDg4NDIvMi8xIDg3NDEvMy8xIDg3NDAvNC8xCmYgODg0Mi8xLzEgODg0My8yLzEgODc0Mi8zLzEgODc0MS80LzEKZiA4ODQzLzEvMSA4ODQ0LzIvMSA4NzQzLzMvMSA4NzQyLzQvMQpmIDg4NDQvMS8xIDg4NDUvMi8xIDg3NDQvMy8xIDg3NDMvNC8xCmYgODg0NS8xLzEgODg0Ni8yLzEgODc0NS8zLzEgODc0NC80LzEKZiA4ODQ2LzEvMSA4ODQ3LzIvMSA4NzQ2LzMvMSA4NzQ1LzQvMQpmIDg4NDcvMS8xIDg4NDgvMi8xIDg3NDcvMy8xIDg3NDYvNC8xCmYgODg0OC8xLzEgODg0OS8yLzEgODc0OC8zLzEgODc0Ny80LzEKZiA4ODQ5LzEvMSA4ODUwLzIvMSA4NzQ5LzMvMSA4NzQ4LzQvMQpmIDg4NTAvMS8xIDg4NTEvMi8xIDg3NTAvMy8xIDg3NDkvNC8xCmYgODg1MS8xLzEgODg1Mi8yLzEgODc1MS8zLzEgODc1MC80LzEKZiA4ODUyLzEvMSA4ODUzLzIvMSA4NzUyLzMvMSA4NzUxLzQvMQpmIDg4NTMvMS8xIDg4NTQvMi8xIDg3NTMvMy8xIDg3NTIvNC8xCmYgODg1NC8xLzEgODg1NS8yLzEgODc1NC8zLzEgODc1My80LzEKZiA4ODU1LzEvMSA4ODU2LzIvMSA4NzU1LzMvMSA4NzU0LzQvMQpmIDg4NTYvMS8xIDg4NTcvMi8xIDg3NTYvMy8xIDg3NTUvNC8xCmYgODg1Ny8xLzEgODg1OC8yLzEgODc1Ny8zLzEgODc1Ni80LzEKZiA4ODU4LzEvMSA4ODU5LzIvMSA4NzU4LzMvMSA4NzU3LzQvMQpmIDg4NTkvMS8xIDg4NjAvMi8xIDg3NTkvMy8xIDg3NTgvNC8xCmYgODg2MC8xLzEgODg2MS8yLzEgODc2MC8zLzEgODc1OS80LzEKZiA4ODYxLzEvMSA4ODYyLzIvMSA4NzYxLzMvMSA4NzYwLzQvMQpmIDg4NjIvMS8xIDg4NjMvMi8xIDg3NjIvMy8xIDg3NjEvNC8xCmYgODg2My8xLzEgODg2NC8yLzEgODc2My8zLzEgODc2Mi80LzEKZiA4ODY0LzEvMSA4ODY1LzIvMSA4NzY0LzMvMSA4NzYzLzQvMQpmIDg4NjUvMS8xIDg4NjYvMi8xIDg3NjUvMy8xIDg3NjQvNC8xCmYgODg2Ni8xLzEgODg2Ny8yLzEgODc2Ni8zLzEgODc2NS80LzEKZiA4ODY3LzEvMSA4ODY4LzIvMSA4NzY3LzMvMSA4NzY2LzQvMQpmIDg4NjgvMS8xIDg4NjkvMi8xIDg3NjgvMy8xIDg3NjcvNC8xCmYgODg2OS8xLzEgODg3MC8yLzEgODc2OS8zLzEgODc2OC80LzEKZiA4ODcwLzEvMSA4ODcxLzIvMSA4NzcwLzMvMSA4NzY5LzQvMQpmIDg4NzEvMS8xIDg4NzIvMi8xIDg3NzEvMy8xIDg3NzAvNC8xCmYgODg3Mi8xLzEgODg3My8yLzEgODc3Mi8zLzEgODc3MS80LzEKZiA4ODczLzEvMSA4ODc0LzIvMSA4NzczLzMvMSA4NzcyLzQvMQpmIDg4NzQvMS8xIDg4NzUvMi8xIDg3NzQvMy8xIDg3NzMvNC8xCmYgODg3NS8xLzEgODg3Ni8yLzEgODc3NS8zLzEgODc3NC80LzEKZiA4ODc2LzEvMSA4ODc3LzIvMSA4Nzc2LzMvMSA4Nzc1LzQvMQpmIDg4NzcvMS8xIDg4NzgvMi8xIDg3NzcvMy8xIDg3NzYvNC8xCmYgODg3OC8xLzEgODg3OS8yLzEgODc3OC8zLzEgODc3Ny80LzEKZiA4ODc5LzEvMSA4ODgwLzIvMSA4Nzc5LzMvMSA4Nzc4LzQvMQpmIDg4ODAvMS8xIDg4ODEvMi8xIDg3ODAvMy8xIDg3NzkvNC8xCmYgODg4MS8xLzEgODg4Mi8yLzEgODc4MS8zLzEgODc4MC80LzEKZiA4ODgyLzEvMSA4ODgzLzIvMSA4NzgyLzMvMSA4NzgxLzQvMQpmIDg4ODMvMS8xIDg4ODQvMi8xIDg3ODMvMy8xIDg3ODIvNC8xCmYgODg4NC8xLzEgODg4NS8yLzEgODc4NC8zLzEgODc4My80LzEKZiA4ODg1LzEvMSA4ODg2LzIvMSA4Nzg1LzMvMSA4Nzg0LzQvMQpmIDg4ODYvMS8xIDg4ODcvMi8xIDg3ODYvMy8xIDg3ODUvNC8xCmYgODg4Ny8xLzEgODg4OC8yLzEgODc4Ny8zLzEgODc4Ni80LzEKZiA4ODg5LzEvMSA4ODkwLzIvMSA4Nzg5LzMvMSA4Nzg4LzQvMQpmIDg4OTAvMS8xIDg4OTEvMi8xIDg3OTAvMy8xIDg3ODkvNC8xCmYgODg5MS8xLzEgODg5Mi8yLzEgODc5MS8zLzEgODc5MC80LzEKZiA4ODkyLzEvMSA4ODkzLzIvMSA4NzkyLzMvMSA4NzkxLzQvMQpmIDg4OTMvMS8xIDg4OTQvMi8xIDg3OTMvMy8xIDg3OTIvNC8xCmYgODg5NC8xLzEgODg5NS8yLzEgODc5NC8zLzEgODc5My80LzEKZiA4ODk1LzEvMSA4ODk2LzIvMSA4Nzk1LzMvMSA4Nzk0LzQvMQpmIDg4OTYvMS8xIDg4OTcvMi8xIDg3OTYvMy8xIDg3OTUvNC8xCmYgODg5Ny8xLzEgODg5OC8yLzEgODc5Ny8zLzEgODc5Ni80LzEKZiA4ODk4LzEvMSA4ODk5LzIvMSA4Nzk4LzMvMSA4Nzk3LzQvMQpmIDg4OTkvMS8xIDg5MDAvMi8xIDg3OTkvMy8xIDg3OTgvNC8xCmYgODkwMC8xLzEgODkwMS8yLzEgODgwMC8zLzEgODc5OS80LzEKZiA4OTAxLzEvMSA4OTAyLzIvMSA4ODAxLzMvMSA4ODAwLzQvMQpmIDg5MDIvMS8xIDg5MDMvMi8xIDg4MDIvMy8xIDg4MDEvNC8xCmYgODkwMy8xLzEgODkwNC8yLzEgODgwMy8zLzEgODgwMi80LzEKZiA4OTA0LzEvMSA4OTA1LzIvMSA4ODA0LzMvMSA4ODAzLzQvMQpmIDg5MDUvMS8xIDg5MDYvMi8xIDg4MDUvMy8xIDg4MDQvNC8xCmYgODkwNi8xLzEgODkwNy8yLzEgODgwNi8zLzEgODgwNS80LzEKZiA4OTA3LzEvMSA4OTA4LzIvMSA4ODA3LzMvMSA4ODA2LzQvMQpmIDg5MDgvMS8xIDg5MDkvMi8xIDg4MDgvMy8xIDg4MDcvNC8xCmYgODkwOS8xLzEgODkxMC8yLzEgODgwOS8zLzEgODgwOC80LzEKZiA4OTEwLzEvMSA4OTExLzIvMSA4ODEwLzMvMSA4ODA5LzQvMQpmIDg5MTEvMS8xIDg5MTIvMi8xIDg4MTEvMy8xIDg4MTAvNC8xCmYgODkxMi8xLzEgODkxMy8yLzEgODgxMi8zLzEgODgxMS80LzEKZiA4OTEzLzEvMSA4OTE0LzIvMSA4ODEzLzMvMSA4ODEyLzQvMQpmIDg5MTQvMS8xIDg5MTUvMi8xIDg4MTQvMy8xIDg4MTMvNC8xCmYgODkxNS8xLzEgODkxNi8yLzEgODgxNS8zLzEgODgxNC80LzEKZiA4OTE2LzEvMSA4OTE3LzIvMSA4ODE2LzMvMSA4ODE1LzQvMQpmIDg5MTcvMS8xIDg5MTgvMi8xIDg4MTcvMy8xIDg4MTYvNC8xCmYgODkxOC8xLzEgODkxOS8yLzEgODgxOC8zLzEgODgxNy80LzEKZiA4OTE5LzEvMSA4OTIwLzIvMSA4ODE5LzMvMSA4ODE4LzQvMQpmIDg5MjAvMS8xIDg5MjEvMi8xIDg4MjAvMy8xIDg4MTkvNC8xCmYgODkyMS8xLzEgODkyMi8yLzEgODgyMS8zLzEgODgyMC80LzEKZiA4OTIyLzEvMSA4OTIzLzIvMSA4ODIyLzMvMSA4ODIxLzQvMQpmIDg5MjMvMS8xIDg5MjQvMi8xIDg4MjMvMy8xIDg4MjIvNC8xCmYgODkyNC8xLzEgODkyNS8yLzEgODgyNC8zLzEgODgyMy80LzEKZiA4OTI1LzEvMSA4OTI2LzIvMSA4ODI1LzMvMSA4ODI0LzQvMQpmIDg5MjYvMS8xIDg5MjcvMi8xIDg4MjYvMy8xIDg4MjUvNC8xCmYgODkyNy8xLzEgODkyOC8yLzEgODgyNy8zLzEgODgyNi80LzEKZiA4OTI4LzEvMSA4OTI5LzIvMSA4ODI4LzMvMSA4ODI3LzQvMQpmIDg5MjkvMS8xIDg5MzAvMi8xIDg4MjkvMy8xIDg4MjgvNC8xCmYgODkzMC8xLzEgODkzMS8yLzEgODgzMC8zLzEgODgyOS80LzEKZiA4OTMxLzEvMSA4OTMyLzIvMSA4ODMxLzMvMSA4ODMwLzQvMQpmIDg5MzIvMS8xIDg5MzMvMi8xIDg4MzIvMy8xIDg4MzEvNC8xCmYgODkzMy8xLzEgODkzNC8yLzEgODgzMy8zLzEgODgzMi80LzEKZiA4OTM0LzEvMSA4OTM1LzIvMSA4ODM0LzMvMSA4ODMzLzQvMQpmIDg5MzUvMS8xIDg5MzYvMi8xIDg4MzUvMy8xIDg4MzQvNC8xCmYgODkzNi8xLzEgODkzNy8yLzEgODgzNi8zLzEgODgzNS80LzEKZiA4OTM3LzEvMSA4OTM4LzIvMSA4ODM3LzMvMSA4ODM2LzQvMQpmIDg5MzgvMS8xIDg5MzkvMi8xIDg4MzgvMy8xIDg4MzcvNC8xCmYgODkzOS8xLzEgODk0MC8yLzEgODgzOS8zLzEgODgzOC80LzEKZiA4OTQwLzEvMSA4OTQxLzIvMSA4ODQwLzMvMSA4ODM5LzQvMQpmIDg5NDEvMS8xIDg5NDIvMi8xIDg4NDEvMy8xIDg4NDAvNC8xCmYgODk0Mi8xLzEgODk0My8yLzEgODg0Mi8zLzEgODg0MS80LzEKZiA4OTQzLzEvMSA4OTQ0LzIvMSA4ODQzLzMvMSA4ODQyLzQvMQpmIDg5NDQvMS8xIDg5NDUvMi8xIDg4NDQvMy8xIDg4NDMvNC8xCmYgODk0NS8xLzEgODk0Ni8yLzEgODg0NS8zLzEgODg0NC80LzEKZiA4OTQ2LzEvMSA4OTQ3LzIvMSA4ODQ2LzMvMSA4ODQ1LzQvMQpmIDg5NDcvMS8xIDg5NDgvMi8xIDg4NDcvMy8xIDg4NDYvNC8xCmYgODk0OC8xLzEgODk0OS8yLzEgODg0OC8zLzEgODg0Ny80LzEKZiA4OTQ5LzEvMSA4OTUwLzIvMSA4ODQ5LzMvMSA4ODQ4LzQvMQpmIDg5NTAvMS8xIDg5NTEvMi8xIDg4NTAvMy8xIDg4NDkvNC8xCmYgODk1MS8xLzEgODk1Mi8yLzEgODg1MS8zLzEgODg1MC80LzEKZiA4OTUyLzEvMSA4OTUzLzIvMSA4ODUyLzMvMSA4ODUxLzQvMQpmIDg5NTMvMS8xIDg5NTQvMi8xIDg4NTMvMy8xIDg4NTIvNC8xCmYgODk1NC8xLzEgODk1NS8yLzEgODg1NC8zLzEgODg1My80LzEKZiA4OTU1LzEvMSA4OTU2LzIvMSA4ODU1LzMvMSA4ODU0LzQvMQpmIDg5NTYvMS8xIDg5NTcvMi8xIDg4NTYvMy8xIDg4NTUvNC8xCmYgODk1Ny8xLzEgODk1OC8yLzEgODg1Ny8zLzEgODg1Ni80LzEKZiA4OTU4LzEvMSA4OTU5LzIvMSA4ODU4LzMvMSA4ODU3LzQvMQpmIDg5NTkvMS8xIDg5NjAvMi8xIDg4NTkvMy8xIDg4NTgvNC8xCmYgODk2MC8xLzEgODk2MS8yLzEgODg2MC8zLzEgODg1OS80LzEKZiA4OTYxLzEvMSA4OTYyLzIvMSA4ODYxLzMvMSA4ODYwLzQvMQpmIDg5NjIvMS8xIDg5NjMvMi8xIDg4NjIvMy8xIDg4NjEvNC8xCmYgODk2My8xLzEgODk2NC8yLzEgODg2My8zLzEgODg2Mi80LzEKZiA4OTY0LzEvMSA4OTY1LzIvMSA4ODY0LzMvMSA4ODYzLzQvMQpmIDg5NjUvMS8xIDg5NjYvMi8xIDg4NjUvMy8xIDg4NjQvNC8xCmYgODk2Ni8xLzEgODk2Ny8yLzEgODg2Ni8zLzEgODg2NS80LzEKZiA4OTY3LzEvMSA4OTY4LzIvMSA4ODY3LzMvMSA4ODY2LzQvMQpmIDg5NjgvMS8xIDg5NjkvMi8xIDg4NjgvMy8xIDg4NjcvNC8xCmYgODk2OS8xLzEgODk3MC8yLzEgODg2OS8zLzEgODg2OC80LzEKZiA4OTcwLzEvMSA4OTcxLzIvMSA4ODcwLzMvMSA4ODY5LzQvMQpmIDg5NzEvMS8xIDg5NzIvMi8xIDg4NzEvMy8xIDg4NzAvNC8xCmYgODk3Mi8xLzEgODk3My8yLzEgODg3Mi8zLzEgODg3MS80LzEKZiA4OTczLzEvMSA4OTc0LzIvMSA4ODczLzMvMSA4ODcyLzQvMQpmIDg5NzQvMS8xIDg5NzUvMi8xIDg4NzQvMy8xIDg4NzMvNC8xCmYgODk3NS8xLzEgODk3Ni8yLzEgODg3NS8zLzEgODg3NC80LzEKZiA4OTc2LzEvMSA4OTc3LzIvMSA4ODc2LzMvMSA4ODc1LzQvMQpmIDg5NzcvMS8xIDg5NzgvMi8xIDg4NzcvMy8xIDg4NzYvNC8xCmYgODk3OC8xLzEgODk3OS8yLzEgODg3OC8zLzEgODg3Ny80LzEKZiA4OTc5LzEvMSA4OTgwLzIvMSA4ODc5LzMvMSA4ODc4LzQvMQpmIDg5ODAvMS8xIDg5ODEvMi8xIDg4ODAvMy8xIDg4NzkvNC8xCmYgODk4MS8xLzEgODk4Mi8yLzEgODg4MS8zLzEgODg4MC80LzEKZiA4OTgyLzEvMSA4OTgzLzIvMSA4ODgyLzMvMSA4ODgxLzQvMQpmIDg5ODMvMS8xIDg5ODQvMi8xIDg4ODMvMy8xIDg4ODIvNC8xCmYgODk4NC8xLzEgODk4NS8yLzEgODg4NC8zLzEgODg4My80LzEKZiA4OTg1LzEvMSA4OTg2LzIvMSA4ODg1LzMvMSA4ODg0LzQvMQpmIDg5ODYvMS8xIDg5ODcvMi8xIDg4ODYvMy8xIDg4ODUvNC8xCmYgODk4Ny8xLzEgODk4OC8yLzEgODg4Ny8zLzEgODg4Ni80LzEKZiA4OTg4LzEvMSA4OTg5LzIvMSA4ODg4LzMvMSA4ODg3LzQvMQpmIDg5OTAvMS8xIDg5OTEvMi8xIDg4OTAvMy8xIDg4ODkvNC8xCmYgODk5MS8xLzEgODk5Mi8yLzEgODg5MS8zLzEgODg5MC80LzEKZiA4OTkyLzEvMSA4OTkzLzIvMSA4ODkyLzMvMSA4ODkxLzQvMQpmIDg5OTMvMS8xIDg5OTQvMi8xIDg4OTMvMy8xIDg4OTIvNC8xCmYgODk5NC8xLzEgODk5NS8yLzEgODg5NC8zLzEgODg5My80LzEKZiA4OTk1LzEvMSA4OTk2LzIvMSA4ODk1LzMvMSA4ODk0LzQvMQpmIDg5OTYvMS8xIDg5OTcvMi8xIDg4OTYvMy8xIDg4OTUvNC8xCmYgODk5Ny8xLzEgODk5OC8yLzEgODg5Ny8zLzEgODg5Ni80LzEKZiA4OTk4LzEvMSA4OTk5LzIvMSA4ODk4LzMvMSA4ODk3LzQvMQpmIDg5OTkvMS8xIDkwMDAvMi8xIDg4OTkvMy8xIDg4OTgvNC8xCmYgOTAwMC8xLzEgOTAwMS8yLzEgODkwMC8zLzEgODg5OS80LzEKZiA5MDAxLzEvMSA5MDAyLzIvMSA4OTAxLzMvMSA4OTAwLzQvMQpmIDkwMDIvMS8xIDkwMDMvMi8xIDg5MDIvMy8xIDg5MDEvNC8xCmYgOTAwMy8xLzEgOTAwNC8yLzEgODkwMy8zLzEgODkwMi80LzEKZiA5MDA0LzEvMSA5MDA1LzIvMSA4OTA0LzMvMSA4OTAzLzQvMQpmIDkwMDUvMS8xIDkwMDYvMi8xIDg5MDUvMy8xIDg5MDQvNC8xCmYgOTAwNi8xLzEgOTAwNy8yLzEgODkwNi8zLzEgODkwNS80LzEKZiA5MDA3LzEvMSA5MDA4LzIvMSA4OTA3LzMvMSA4OTA2LzQvMQpmIDkwMDgvMS8xIDkwMDkvMi8xIDg5MDgvMy8xIDg5MDcvNC8xCmYgOTAwOS8xLzEgOTAxMC8yLzEgODkwOS8zLzEgODkwOC80LzEKZiA5MDEwLzEvMSA5MDExLzIvMSA4OTEwLzMvMSA4OTA5LzQvMQpmIDkwMTEvMS8xIDkwMTIvMi8xIDg5MTEvMy8xIDg5MTAvNC8xCmYgOTAxMi8xLzEgOTAxMy8yLzEgODkxMi8zLzEgODkxMS80LzEKZiA5MDEzLzEvMSA5MDE0LzIvMSA4OTEzLzMvMSA4OTEyLzQvMQpmIDkwMTQvMS8xIDkwMTUvMi8xIDg5MTQvMy8xIDg5MTMvNC8xCmYgOTAxNS8xLzEgOTAxNi8yLzEgODkxNS8zLzEgODkxNC80LzEKZiA5MDE2LzEvMSA5MDE3LzIvMSA4OTE2LzMvMSA4OTE1LzQvMQpmIDkwMTcvMS8xIDkwMTgvMi8xIDg5MTcvMy8xIDg5MTYvNC8xCmYgOTAxOC8xLzEgOTAxOS8yLzEgODkxOC8zLzEgODkxNy80LzEKZiA5MDE5LzEvMSA5MDIwLzIvMSA4OTE5LzMvMSA4OTE4LzQvMQpmIDkwMjAvMS8xIDkwMjEvMi8xIDg5MjAvMy8xIDg5MTkvNC8xCmYgOTAyMS8xLzEgOTAyMi8yLzEgODkyMS8zLzEgODkyMC80LzEKZiA5MDIyLzEvMSA5MDIzLzIvMSA4OTIyLzMvMSA4OTIxLzQvMQpmIDkwMjMvMS8xIDkwMjQvMi8xIDg5MjMvMy8xIDg5MjIvNC8xCmYgOTAyNC8xLzEgOTAyNS8yLzEgODkyNC8zLzEgODkyMy80LzEKZiA5MDI1LzEvMSA5MDI2LzIvMSA4OTI1LzMvMSA4OTI0LzQvMQpmIDkwMjYvMS8xIDkwMjcvMi8xIDg5MjYvMy8xIDg5MjUvNC8xCmYgOTAyNy8xLzEgOTAyOC8yLzEgODkyNy8zLzEgODkyNi80LzEKZiA5MDI4LzEvMSA5MDI5LzIvMSA4OTI4LzMvMSA4OTI3LzQvMQpmIDkwMjkvMS8xIDkwMzAvMi8xIDg5MjkvMy8xIDg5MjgvNC8xCmYgOTAzMC8xLzEgOTAzMS8yLzEgODkzMC8zLzEgODkyOS80LzEKZiA5MDMxLzEvMSA5MDMyLzIvMSA4OTMxLzMvMSA4OTMwLzQvMQpmIDkwMzIvMS8xIDkwMzMvMi8xIDg5MzIvMy8xIDg5MzEvNC8xCmYgOTAzMy8xLzEgOTAzNC8yLzEgODkzMy8zLzEgODkzMi80LzEKZiA5MDM0LzEvMSA5MDM1LzIvMSA4OTM0LzMvMSA4OTMzLzQvMQpmIDkwMzUvMS8xIDkwMzYvMi8xIDg5MzUvMy8xIDg5MzQvNC8xCmYgOTAzNi8xLzEgOTAzNy8yLzEgODkzNi8zLzEgODkzNS80LzEKZiA5MDM3LzEvMSA5MDM4LzIvMSA4OTM3LzMvMSA4OTM2LzQvMQpmIDkwMzgvMS8xIDkwMzkvMi8xIDg5MzgvMy8xIDg5MzcvNC8xCmYgOTAzOS8xLzEgOTA0MC8yLzEgODkzOS8zLzEgODkzOC80LzEKZiA5MDQwLzEvMSA5MDQxLzIvMSA4OTQwLzMvMSA4OTM5LzQvMQpmIDkwNDEvMS8xIDkwNDIvMi8xIDg5NDEvMy8xIDg5NDAvNC8xCmYgOTA0Mi8xLzEgOTA0My8yLzEgODk0Mi8zLzEgODk0MS80LzEKZiA5MDQzLzEvMSA5MDQ0LzIvMSA4OTQzLzMvMSA4OTQyLzQvMQpmIDkwNDQvMS8xIDkwNDUvMi8xIDg5NDQvMy8xIDg5NDMvNC8xCmYgOTA0NS8xLzEgOTA0Ni8yLzEgODk0NS8zLzEgODk0NC80LzEKZiA5MDQ2LzEvMSA5MDQ3LzIvMSA4OTQ2LzMvMSA4OTQ1LzQvMQpmIDkwNDcvMS8xIDkwNDgvMi8xIDg5NDcvMy8xIDg5NDYvNC8xCmYgOTA0OC8xLzEgOTA0OS8yLzEgODk0OC8zLzEgODk0Ny80LzEKZiA5MDQ5LzEvMSA5MDUwLzIvMSA4OTQ5LzMvMSA4OTQ4LzQvMQpmIDkwNTAvMS8xIDkwNTEvMi8xIDg5NTAvMy8xIDg5NDkvNC8xCmYgOTA1MS8xLzEgOTA1Mi8yLzEgODk1MS8zLzEgODk1MC80LzEKZiA5MDUyLzEvMSA5MDUzLzIvMSA4OTUyLzMvMSA4OTUxLzQvMQpmIDkwNTMvMS8xIDkwNTQvMi8xIDg5NTMvMy8xIDg5NTIvNC8xCmYgOTA1NC8xLzEgOTA1NS8yLzEgODk1NC8zLzEgODk1My80LzEKZiA5MDU1LzEvMSA5MDU2LzIvMSA4OTU1LzMvMSA4OTU0LzQvMQpmIDkwNTYvMS8xIDkwNTcvMi8xIDg5NTYvMy8xIDg5NTUvNC8xCmYgOTA1Ny8xLzEgOTA1OC8yLzEgODk1Ny8zLzEgODk1Ni80LzEKZiA5MDU4LzEvMSA5MDU5LzIvMSA4OTU4LzMvMSA4OTU3LzQvMQpmIDkwNTkvMS8xIDkwNjAvMi8xIDg5NTkvMy8xIDg5NTgvNC8xCmYgOTA2MC8xLzEgOTA2MS8yLzEgODk2MC8zLzEgODk1OS80LzEKZiA5MDYxLzEvMSA5MDYyLzIvMSA4OTYxLzMvMSA4OTYwLzQvMQpmIDkwNjIvMS8xIDkwNjMvMi8xIDg5NjIvMy8xIDg5NjEvNC8xCmYgOTA2My8xLzEgOTA2NC8yLzEgODk2My8zLzEgODk2Mi80LzEKZiA5MDY0LzEvMSA5MDY1LzIvMSA4OTY0LzMvMSA4OTYzLzQvMQpmIDkwNjUvMS8xIDkwNjYvMi8xIDg5NjUvMy8xIDg5NjQvNC8xCmYgOTA2Ni8xLzEgOTA2Ny8yLzEgODk2Ni8zLzEgODk2NS80LzEKZiA5MDY3LzEvMSA5MDY4LzIvMSA4OTY3LzMvMSA4OTY2LzQvMQpmIDkwNjgvMS8xIDkwNjkvMi8xIDg5NjgvMy8xIDg5NjcvNC8xCmYgOTA2OS8xLzEgOTA3MC8yLzEgODk2OS8zLzEgODk2OC80LzEKZiA5MDcwLzEvMSA5MDcxLzIvMSA4OTcwLzMvMSA4OTY5LzQvMQpmIDkwNzEvMS8xIDkwNzIvMi8xIDg5NzEvMy8xIDg5NzAvNC8xCmYgOTA3Mi8xLzEgOTA3My8yLzEgODk3Mi8zLzEgODk3MS80LzEKZiA5MDczLzEvMSA5MDc0LzIvMSA4OTczLzMvMSA4OTcyLzQvMQpmIDkwNzQvMS8xIDkwNzUvMi8xIDg5NzQvMy8xIDg5NzMvNC8xCmYgOTA3NS8xLzEgOTA3Ni8yLzEgODk3NS8zLzEgODk3NC80LzEKZiA5MDc2LzEvMSA5MDc3LzIvMSA4OTc2LzMvMSA4OTc1LzQvMQpmIDkwNzcvMS8xIDkwNzgvMi8xIDg5NzcvMy8xIDg5NzYvNC8xCmYgOTA3OC8xLzEgOTA3OS8yLzEgODk3OC8zLzEgODk3Ny80LzEKZiA5MDc5LzEvMSA5MDgwLzIvMSA4OTc5LzMvMSA4OTc4LzQvMQpmIDkwODAvMS8xIDkwODEvMi8xIDg5ODAvMy8xIDg5NzkvNC8xCmYgOTA4MS8xLzEgOTA4Mi8yLzEgODk4MS8zLzEgODk4MC80LzEKZiA5MDgyLzEvMSA5MDgzLzIvMSA4OTgyLzMvMSA4OTgxLzQvMQpmIDkwODMvMS8xIDkwODQvMi8xIDg5ODMvMy8xIDg5ODIvNC8xCmYgOTA4NC8xLzEgOTA4NS8yLzEgODk4NC8zLzEgODk4My80LzEKZiA5MDg1LzEvMSA5MDg2LzIvMSA4OTg1LzMvMSA4OTg0LzQvMQpmIDkwODYvMS8xIDkwODcvMi8xIDg5ODYvMy8xIDg5ODUvNC8xCmYgOTA4Ny8xLzEgOTA4OC8yLzEgODk4Ny8zLzEgODk4Ni80LzEKZiA5MDg4LzEvMSA5MDg5LzIvMSA4OTg4LzMvMSA4OTg3LzQvMQpmIDkwODkvMS8xIDkwOTAvMi8xIDg5ODkvMy8xIDg5ODgvNC8xCmYgOTA5MS8xLzEgOTA5Mi8yLzEgODk5MS8zLzEgODk5MC80LzEKZiA5MDkyLzEvMSA5MDkzLzIvMSA4OTkyLzMvMSA4OTkxLzQvMQpmIDkwOTMvMS8xIDkwOTQvMi8xIDg5OTMvMy8xIDg5OTIvNC8xCmYgOTA5NC8xLzEgOTA5NS8yLzEgODk5NC8zLzEgODk5My80LzEKZiA5MDk1LzEvMSA5MDk2LzIvMSA4OTk1LzMvMSA4OTk0LzQvMQpmIDkwOTYvMS8xIDkwOTcvMi8xIDg5OTYvMy8xIDg5OTUvNC8xCmYgOTA5Ny8xLzEgOTA5OC8yLzEgODk5Ny8zLzEgODk5Ni80LzEKZiA5MDk4LzEvMSA5MDk5LzIvMSA4OTk4LzMvMSA4OTk3LzQvMQpmIDkwOTkvMS8xIDkxMDAvMi8xIDg5OTkvMy8xIDg5OTgvNC8xCmYgOTEwMC8xLzEgOTEwMS8yLzEgOTAwMC8zLzEgODk5OS80LzEKZiA5MTAxLzEvMSA5MTAyLzIvMSA5MDAxLzMvMSA5MDAwLzQvMQpmIDkxMDIvMS8xIDkxMDMvMi8xIDkwMDIvMy8xIDkwMDEvNC8xCmYgOTEwMy8xLzEgOTEwNC8yLzEgOTAwMy8zLzEgOTAwMi80LzEKZiA5MTA0LzEvMSA5MTA1LzIvMSA5MDA0LzMvMSA5MDAzLzQvMQpmIDkxMDUvMS8xIDkxMDYvMi8xIDkwMDUvMy8xIDkwMDQvNC8xCmYgOTEwNi8xLzEgOTEwNy8yLzEgOTAwNi8zLzEgOTAwNS80LzEKZiA5MTA3LzEvMSA5MTA4LzIvMSA5MDA3LzMvMSA5MDA2LzQvMQpmIDkxMDgvMS8xIDkxMDkvMi8xIDkwMDgvMy8xIDkwMDcvNC8xCmYgOTEwOS8xLzEgOTExMC8yLzEgOTAwOS8zLzEgOTAwOC80LzEKZiA5MTEwLzEvMSA5MTExLzIvMSA5MDEwLzMvMSA5MDA5LzQvMQpmIDkxMTEvMS8xIDkxMTIvMi8xIDkwMTEvMy8xIDkwMTAvNC8xCmYgOTExMi8xLzEgOTExMy8yLzEgOTAxMi8zLzEgOTAxMS80LzEKZiA5MTEzLzEvMSA5MTE0LzIvMSA5MDEzLzMvMSA5MDEyLzQvMQpmIDkxMTQvMS8xIDkxMTUvMi8xIDkwMTQvMy8xIDkwMTMvNC8xCmYgOTExNS8xLzEgOTExNi8yLzEgOTAxNS8zLzEgOTAxNC80LzEKZiA5MTE2LzEvMSA5MTE3LzIvMSA5MDE2LzMvMSA5MDE1LzQvMQpmIDkxMTcvMS8xIDkxMTgvMi8xIDkwMTcvMy8xIDkwMTYvNC8xCmYgOTExOC8xLzEgOTExOS8yLzEgOTAxOC8zLzEgOTAxNy80LzEKZiA5MTE5LzEvMSA5MTIwLzIvMSA5MDE5LzMvMSA5MDE4LzQvMQpmIDkxMjAvMS8xIDkxMjEvMi8xIDkwMjAvMy8xIDkwMTkvNC8xCmYgOTEyMS8xLzEgOTEyMi8yLzEgOTAyMS8zLzEgOTAyMC80LzEKZiA5MTIyLzEvMSA5MTIzLzIvMSA5MDIyLzMvMSA5MDIxLzQvMQpmIDkxMjMvMS8xIDkxMjQvMi8xIDkwMjMvMy8xIDkwMjIvNC8xCmYgOTEyNC8xLzEgOTEyNS8yLzEgOTAyNC8zLzEgOTAyMy80LzEKZiA5MTI1LzEvMSA5MTI2LzIvMSA5MDI1LzMvMSA5MDI0LzQvMQpmIDkxMjYvMS8xIDkxMjcvMi8xIDkwMjYvMy8xIDkwMjUvNC8xCmYgOTEyNy8xLzEgOTEyOC8yLzEgOTAyNy8zLzEgOTAyNi80LzEKZiA5MTI4LzEvMSA5MTI5LzIvMSA5MDI4LzMvMSA5MDI3LzQvMQpmIDkxMjkvMS8xIDkxMzAvMi8xIDkwMjkvMy8xIDkwMjgvNC8xCmYgOTEzMC8xLzEgOTEzMS8yLzEgOTAzMC8zLzEgOTAyOS80LzEKZiA5MTMxLzEvMSA5MTMyLzIvMSA5MDMxLzMvMSA5MDMwLzQvMQpmIDkxMzIvMS8xIDkxMzMvMi8xIDkwMzIvMy8xIDkwMzEvNC8xCmYgOTEzMy8xLzEgOTEzNC8yLzEgOTAzMy8zLzEgOTAzMi80LzEKZiA5MTM0LzEvMSA5MTM1LzIvMSA5MDM0LzMvMSA5MDMzLzQvMQpmIDkxMzUvMS8xIDkxMzYvMi8xIDkwMzUvMy8xIDkwMzQvNC8xCmYgOTEzNi8xLzEgOTEzNy8yLzEgOTAzNi8zLzEgOTAzNS80LzEKZiA5MTM3LzEvMSA5MTM4LzIvMSA5MDM3LzMvMSA5MDM2LzQvMQpmIDkxMzgvMS8xIDkxMzkvMi8xIDkwMzgvMy8xIDkwMzcvNC8xCmYgOTEzOS8xLzEgOTE0MC8yLzEgOTAzOS8zLzEgOTAzOC80LzEKZiA5MTQwLzEvMSA5MTQxLzIvMSA5MDQwLzMvMSA5MDM5LzQvMQpmIDkxNDEvMS8xIDkxNDIvMi8xIDkwNDEvMy8xIDkwNDAvNC8xCmYgOTE0Mi8xLzEgOTE0My8yLzEgOTA0Mi8zLzEgOTA0MS80LzEKZiA5MTQzLzEvMSA5MTQ0LzIvMSA5MDQzLzMvMSA5MDQyLzQvMQpmIDkxNDQvMS8xIDkxNDUvMi8xIDkwNDQvMy8xIDkwNDMvNC8xCmYgOTE0NS8xLzEgOTE0Ni8yLzEgOTA0NS8zLzEgOTA0NC80LzEKZiA5MTQ2LzEvMSA5MTQ3LzIvMSA5MDQ2LzMvMSA5MDQ1LzQvMQpmIDkxNDcvMS8xIDkxNDgvMi8xIDkwNDcvMy8xIDkwNDYvNC8xCmYgOTE0OC8xLzEgOTE0OS8yLzEgOTA0OC8zLzEgOTA0Ny80LzEKZiA5MTQ5LzEvMSA5MTUwLzIvMSA5MDQ5LzMvMSA5MDQ4LzQvMQpmIDkxNTAvMS8xIDkxNTEvMi8xIDkwNTAvMy8xIDkwNDkvNC8xCmYgOTE1MS8xLzEgOTE1Mi8yLzEgOTA1MS8zLzEgOTA1MC80LzEKZiA5MTUyLzEvMSA5MTUzLzIvMSA5MDUyLzMvMSA5MDUxLzQvMQpmIDkxNTMvMS8xIDkxNTQvMi8xIDkwNTMvMy8xIDkwNTIvNC8xCmYgOTE1NC8xLzEgOTE1NS8yLzEgOTA1NC8zLzEgOTA1My80LzEKZiA5MTU1LzEvMSA5MTU2LzIvMSA5MDU1LzMvMSA5MDU0LzQvMQpmIDkxNTYvMS8xIDkxNTcvMi8xIDkwNTYvMy8xIDkwNTUvNC8xCmYgOTE1Ny8xLzEgOTE1OC8yLzEgOTA1Ny8zLzEgOTA1Ni80LzEKZiA5MTU4LzEvMSA5MTU5LzIvMSA5MDU4LzMvMSA5MDU3LzQvMQpmIDkxNTkvMS8xIDkxNjAvMi8xIDkwNTkvMy8xIDkwNTgvNC8xCmYgOTE2MC8xLzEgOTE2MS8yLzEgOTA2MC8zLzEgOTA1OS80LzEKZiA5MTYxLzEvMSA5MTYyLzIvMSA5MDYxLzMvMSA5MDYwLzQvMQpmIDkxNjIvMS8xIDkxNjMvMi8xIDkwNjIvMy8xIDkwNjEvNC8xCmYgOTE2My8xLzEgOTE2NC8yLzEgOTA2My8zLzEgOTA2Mi80LzEKZiA5MTY0LzEvMSA5MTY1LzIvMSA5MDY0LzMvMSA5MDYzLzQvMQpmIDkxNjUvMS8xIDkxNjYvMi8xIDkwNjUvMy8xIDkwNjQvNC8xCmYgOTE2Ni8xLzEgOTE2Ny8yLzEgOTA2Ni8zLzEgOTA2NS80LzEKZiA5MTY3LzEvMSA5MTY4LzIvMSA5MDY3LzMvMSA5MDY2LzQvMQpmIDkxNjgvMS8xIDkxNjkvMi8xIDkwNjgvMy8xIDkwNjcvNC8xCmYgOTE2OS8xLzEgOTE3MC8yLzEgOTA2OS8zLzEgOTA2OC80LzEKZiA5MTcwLzEvMSA5MTcxLzIvMSA5MDcwLzMvMSA5MDY5LzQvMQpmIDkxNzEvMS8xIDkxNzIvMi8xIDkwNzEvMy8xIDkwNzAvNC8xCmYgOTE3Mi8xLzEgOTE3My8yLzEgOTA3Mi8zLzEgOTA3MS80LzEKZiA5MTczLzEvMSA5MTc0LzIvMSA5MDczLzMvMSA5MDcyLzQvMQpmIDkxNzQvMS8xIDkxNzUvMi8xIDkwNzQvMy8xIDkwNzMvNC8xCmYgOTE3NS8xLzEgOTE3Ni8yLzEgOTA3NS8zLzEgOTA3NC80LzEKZiA5MTc2LzEvMSA5MTc3LzIvMSA5MDc2LzMvMSA5MDc1LzQvMQpmIDkxNzcvMS8xIDkxNzgvMi8xIDkwNzcvMy8xIDkwNzYvNC8xCmYgOTE3OC8xLzEgOTE3OS8yLzEgOTA3OC8zLzEgOTA3Ny80LzEKZiA5MTc5LzEvMSA5MTgwLzIvMSA5MDc5LzMvMSA5MDc4LzQvMQpmIDkxODAvMS8xIDkxODEvMi8xIDkwODAvMy8xIDkwNzkvNC8xCmYgOTE4MS8xLzEgOTE4Mi8yLzEgOTA4MS8zLzEgOTA4MC80LzEKZiA5MTgyLzEvMSA5MTgzLzIvMSA5MDgyLzMvMSA5MDgxLzQvMQpmIDkxODMvMS8xIDkxODQvMi8xIDkwODMvMy8xIDkwODIvNC8xCmYgOTE4NC8xLzEgOTE4NS8yLzEgOTA4NC8zLzEgOTA4My80LzEKZiA5MTg1LzEvMSA5MTg2LzIvMSA5MDg1LzMvMSA5MDg0LzQvMQpmIDkxODYvMS8xIDkxODcvMi8xIDkwODYvMy8xIDkwODUvNC8xCmYgOTE4Ny8xLzEgOTE4OC8yLzEgOTA4Ny8zLzEgOTA4Ni80LzEKZiA5MTg4LzEvMSA5MTg5LzIvMSA5MDg4LzMvMSA5MDg3LzQvMQpmIDkxODkvMS8xIDkxOTAvMi8xIDkwODkvMy8xIDkwODgvNC8xCmYgOTE5MC8xLzEgOTE5MS8yLzEgOTA5MC8zLzEgOTA4OS80LzEKZiA5MTkyLzEvMSA5MTkzLzIvMSA5MDkyLzMvMSA5MDkxLzQvMQpmIDkxOTMvMS8xIDkxOTQvMi8xIDkwOTMvMy8xIDkwOTIvNC8xCmYgOTE5NC8xLzEgOTE5NS8yLzEgOTA5NC8zLzEgOTA5My80LzEKZiA5MTk1LzEvMSA5MTk2LzIvMSA5MDk1LzMvMSA5MDk0LzQvMQpmIDkxOTYvMS8xIDkxOTcvMi8xIDkwOTYvMy8xIDkwOTUvNC8xCmYgOTE5Ny8xLzEgOTE5OC8yLzEgOTA5Ny8zLzEgOTA5Ni80LzEKZiA5MTk4LzEvMSA5MTk5LzIvMSA5MDk4LzMvMSA5MDk3LzQvMQpmIDkxOTkvMS8xIDkyMDAvMi8xIDkwOTkvMy8xIDkwOTgvNC8xCmYgOTIwMC8xLzEgOTIwMS8yLzEgOTEwMC8zLzEgOTA5OS80LzEKZiA5MjAxLzEvMSA5MjAyLzIvMSA5MTAxLzMvMSA5MTAwLzQvMQpmIDkyMDIvMS8xIDkyMDMvMi8xIDkxMDIvMy8xIDkxMDEvNC8xCmYgOTIwMy8xLzEgOTIwNC8yLzEgOTEwMy8zLzEgOTEwMi80LzEKZiA5MjA0LzEvMSA5MjA1LzIvMSA5MTA0LzMvMSA5MTAzLzQvMQpmIDkyMDUvMS8xIDkyMDYvMi8xIDkxMDUvMy8xIDkxMDQvNC8xCmYgOTIwNi8xLzEgOTIwNy8yLzEgOTEwNi8zLzEgOTEwNS80LzEKZiA5MjA3LzEvMSA5MjA4LzIvMSA5MTA3LzMvMSA5MTA2LzQvMQpmIDkyMDgvMS8xIDkyMDkvMi8xIDkxMDgvMy8xIDkxMDcvNC8xCmYgOTIwOS8xLzEgOTIxMC8yLzEgOTEwOS8zLzEgOTEwOC80LzEKZiA5MjEwLzEvMSA5MjExLzIvMSA5MTEwLzMvMSA5MTA5LzQvMQpmIDkyMTEvMS8xIDkyMTIvMi8xIDkxMTEvMy8xIDkxMTAvNC8xCmYgOTIxMi8xLzEgOTIxMy8yLzEgOTExMi8zLzEgOTExMS80LzEKZiA5MjEzLzEvMSA5MjE0LzIvMSA5MTEzLzMvMSA5MTEyLzQvMQpmIDkyMTQvMS8xIDkyMTUvMi8xIDkxMTQvMy8xIDkxMTMvNC8xCmYgOTIxNS8xLzEgOTIxNi8yLzEgOTExNS8zLzEgOTExNC80LzEKZiA5MjE2LzEvMSA5MjE3LzIvMSA5MTE2LzMvMSA5MTE1LzQvMQpmIDkyMTcvMS8xIDkyMTgvMi8xIDkxMTcvMy8xIDkxMTYvNC8xCmYgOTIxOC8xLzEgOTIxOS8yLzEgOTExOC8zLzEgOTExNy80LzEKZiA5MjE5LzEvMSA5MjIwLzIvMSA5MTE5LzMvMSA5MTE4LzQvMQpmIDkyMjAvMS8xIDkyMjEvMi8xIDkxMjAvMy8xIDkxMTkvNC8xCmYgOTIyMS8xLzEgOTIyMi8yLzEgOTEyMS8zLzEgOTEyMC80LzEKZiA5MjIyLzEvMSA5MjIzLzIvMSA5MTIyLzMvMSA5MTIxLzQvMQpmIDkyMjMvMS8xIDkyMjQvMi8xIDkxMjMvMy8xIDkxMjIvNC8xCmYgOTIyNC8xLzEgOTIyNS8yLzEgOTEyNC8zLzEgOTEyMy80LzEKZiA5MjI1LzEvMSA5MjI2LzIvMSA5MTI1LzMvMSA5MTI0LzQvMQpmIDkyMjYvMS8xIDkyMjcvMi8xIDkxMjYvMy8xIDkxMjUvNC8xCmYgOTIyNy8xLzEgOTIyOC8yLzEgOTEyNy8zLzEgOTEyNi80LzEKZiA5MjI4LzEvMSA5MjI5LzIvMSA5MTI4LzMvMSA5MTI3LzQvMQpmIDkyMjkvMS8xIDkyMzAvMi8xIDkxMjkvMy8xIDkxMjgvNC8xCmYgOTIzMC8xLzEgOTIzMS8yLzEgOTEzMC8zLzEgOTEyOS80LzEKZiA5MjMxLzEvMSA5MjMyLzIvMSA5MTMxLzMvMSA5MTMwLzQvMQpmIDkyMzIvMS8xIDkyMzMvMi8xIDkxMzIvMy8xIDkxMzEvNC8xCmYgOTIzMy8xLzEgOTIzNC8yLzEgOTEzMy8zLzEgOTEzMi80LzEKZiA5MjM0LzEvMSA5MjM1LzIvMSA5MTM0LzMvMSA5MTMzLzQvMQpmIDkyMzUvMS8xIDkyMzYvMi8xIDkxMzUvMy8xIDkxMzQvNC8xCmYgOTIzNi8xLzEgOTIzNy8yLzEgOTEzNi8zLzEgOTEzNS80LzEKZiA5MjM3LzEvMSA5MjM4LzIvMSA5MTM3LzMvMSA5MTM2LzQvMQpmIDkyMzgvMS8xIDkyMzkvMi8xIDkxMzgvMy8xIDkxMzcvNC8xCmYgOTIzOS8xLzEgOTI0MC8yLzEgOTEzOS8zLzEgOTEzOC80LzEKZiA5MjQwLzEvMSA5MjQxLzIvMSA5MTQwLzMvMSA5MTM5LzQvMQpmIDkyNDEvMS8xIDkyNDIvMi8xIDkxNDEvMy8xIDkxNDAvNC8xCmYgOTI0Mi8xLzEgOTI0My8yLzEgOTE0Mi8zLzEgOTE0MS80LzEKZiA5MjQzLzEvMSA5MjQ0LzIvMSA5MTQzLzMvMSA5MTQyLzQvMQpmIDkyNDQvMS8xIDkyNDUvMi8xIDkxNDQvMy8xIDkxNDMvNC8xCmYgOTI0NS8xLzEgOTI0Ni8yLzEgOTE0NS8zLzEgOTE0NC80LzEKZiA5MjQ2LzEvMSA5MjQ3LzIvMSA5MTQ2LzMvMSA5MTQ1LzQvMQpmIDkyNDcvMS8xIDkyNDgvMi8xIDkxNDcvMy8xIDkxNDYvNC8xCmYgOTI0OC8xLzEgOTI0OS8yLzEgOTE0OC8zLzEgOTE0Ny80LzEKZiA5MjQ5LzEvMSA5MjUwLzIvMSA5MTQ5LzMvMSA5MTQ4LzQvMQpmIDkyNTAvMS8xIDkyNTEvMi8xIDkxNTAvMy8xIDkxNDkvNC8xCmYgOTI1MS8xLzEgOTI1Mi8yLzEgOTE1MS8zLzEgOTE1MC80LzEKZiA5MjUyLzEvMSA5MjUzLzIvMSA5MTUyLzMvMSA5MTUxLzQvMQpmIDkyNTMvMS8xIDkyNTQvMi8xIDkxNTMvMy8xIDkxNTIvNC8xCmYgOTI1NC8xLzEgOTI1NS8yLzEgOTE1NC8zLzEgOTE1My80LzEKZiA5MjU1LzEvMSA5MjU2LzIvMSA5MTU1LzMvMSA5MTU0LzQvMQpmIDkyNTYvMS8xIDkyNTcvMi8xIDkxNTYvMy8xIDkxNTUvNC8xCmYgOTI1Ny8xLzEgOTI1OC8yLzEgOTE1Ny8zLzEgOTE1Ni80LzEKZiA5MjU4LzEvMSA5MjU5LzIvMSA5MTU4LzMvMSA5MTU3LzQvMQpmIDkyNTkvMS8xIDkyNjAvMi8xIDkxNTkvMy8xIDkxNTgvNC8xCmYgOTI2MC8xLzEgOTI2MS8yLzEgOTE2MC8zLzEgOTE1OS80LzEKZiA5MjYxLzEvMSA5MjYyLzIvMSA5MTYxLzMvMSA5MTYwLzQvMQpmIDkyNjIvMS8xIDkyNjMvMi8xIDkxNjIvMy8xIDkxNjEvNC8xCmYgOTI2My8xLzEgOTI2NC8yLzEgOTE2My8zLzEgOTE2Mi80LzEKZiA5MjY0LzEvMSA5MjY1LzIvMSA5MTY0LzMvMSA5MTYzLzQvMQpmIDkyNjUvMS8xIDkyNjYvMi8xIDkxNjUvMy8xIDkxNjQvNC8xCmYgOTI2Ni8xLzEgOTI2Ny8yLzEgOTE2Ni8zLzEgOTE2NS80LzEKZiA5MjY3LzEvMSA5MjY4LzIvMSA5MTY3LzMvMSA5MTY2LzQvMQpmIDkyNjgvMS8xIDkyNjkvMi8xIDkxNjgvMy8xIDkxNjcvNC8xCmYgOTI2OS8xLzEgOTI3MC8yLzEgOTE2OS8zLzEgOTE2OC80LzEKZiA5MjcwLzEvMSA5MjcxLzIvMSA5MTcwLzMvMSA5MTY5LzQvMQpmIDkyNzEvMS8xIDkyNzIvMi8xIDkxNzEvMy8xIDkxNzAvNC8xCmYgOTI3Mi8xLzEgOTI3My8yLzEgOTE3Mi8zLzEgOTE3MS80LzEKZiA5MjczLzEvMSA5Mjc0LzIvMSA5MTczLzMvMSA5MTcyLzQvMQpmIDkyNzQvMS8xIDkyNzUvMi8xIDkxNzQvMy8xIDkxNzMvNC8xCmYgOTI3NS8xLzEgOTI3Ni8yLzEgOTE3NS8zLzEgOTE3NC80LzEKZiA5Mjc2LzEvMSA5Mjc3LzIvMSA5MTc2LzMvMSA5MTc1LzQvMQpmIDkyNzcvMS8xIDkyNzgvMi8xIDkxNzcvMy8xIDkxNzYvNC8xCmYgOTI3OC8xLzEgOTI3OS8yLzEgOTE3OC8zLzEgOTE3Ny80LzEKZiA5Mjc5LzEvMSA5MjgwLzIvMSA5MTc5LzMvMSA5MTc4LzQvMQpmIDkyODAvMS8xIDkyODEvMi8xIDkxODAvMy8xIDkxNzkvNC8xCmYgOTI4MS8xLzEgOTI4Mi8yLzEgOTE4MS8zLzEgOTE4MC80LzEKZiA5MjgyLzEvMSA5MjgzLzIvMSA5MTgyLzMvMSA5MTgxLzQvMQpmIDkyODMvMS8xIDkyODQvMi8xIDkxODMvMy8xIDkxODIvNC8xCmYgOTI4NC8xLzEgOTI4NS8yLzEgOTE4NC8zLzEgOTE4My80LzEKZiA5Mjg1LzEvMSA5Mjg2LzIvMSA5MTg1LzMvMSA5MTg0LzQvMQpmIDkyODYvMS8xIDkyODcvMi8xIDkxODYvMy8xIDkxODUvNC8xCmYgOTI4Ny8xLzEgOTI4OC8yLzEgOTE4Ny8zLzEgOTE4Ni80LzEKZiA5Mjg4LzEvMSA5Mjg5LzIvMSA5MTg4LzMvMSA5MTg3LzQvMQpmIDkyODkvMS8xIDkyOTAvMi8xIDkxODkvMy8xIDkxODgvNC8xCmYgOTI5MC8xLzEgOTI5MS8yLzEgOTE5MC8zLzEgOTE4OS80LzEKZiA5MjkxLzEvMSA5MjkyLzIvMSA5MTkxLzMvMSA5MTkwLzQvMQpmIDkyOTMvMS8xIDkyOTQvMi8xIDkxOTMvMy8xIDkxOTIvNC8xCmYgOTI5NC8xLzEgOTI5NS8yLzEgOTE5NC8zLzEgOTE5My80LzEKZiA5Mjk1LzEvMSA5Mjk2LzIvMSA5MTk1LzMvMSA5MTk0LzQvMQpmIDkyOTYvMS8xIDkyOTcvMi8xIDkxOTYvMy8xIDkxOTUvNC8xCmYgOTI5Ny8xLzEgOTI5OC8yLzEgOTE5Ny8zLzEgOTE5Ni80LzEKZiA5Mjk4LzEvMSA5Mjk5LzIvMSA5MTk4LzMvMSA5MTk3LzQvMQpmIDkyOTkvMS8xIDkzMDAvMi8xIDkxOTkvMy8xIDkxOTgvNC8xCmYgOTMwMC8xLzEgOTMwMS8yLzEgOTIwMC8zLzEgOTE5OS80LzEKZiA5MzAxLzEvMSA5MzAyLzIvMSA5MjAxLzMvMSA5MjAwLzQvMQpmIDkzMDIvMS8xIDkzMDMvMi8xIDkyMDIvMy8xIDkyMDEvNC8xCmYgOTMwMy8xLzEgOTMwNC8yLzEgOTIwMy8zLzEgOTIwMi80LzEKZiA5MzA0LzEvMSA5MzA1LzIvMSA5MjA0LzMvMSA5MjAzLzQvMQpmIDkzMDUvMS8xIDkzMDYvMi8xIDkyMDUvMy8xIDkyMDQvNC8xCmYgOTMwNi8xLzEgOTMwNy8yLzEgOTIwNi8zLzEgOTIwNS80LzEKZiA5MzA3LzEvMSA5MzA4LzIvMSA5MjA3LzMvMSA5MjA2LzQvMQpmIDkzMDgvMS8xIDkzMDkvMi8xIDkyMDgvMy8xIDkyMDcvNC8xCmYgOTMwOS8xLzEgOTMxMC8yLzEgOTIwOS8zLzEgOTIwOC80LzEKZiA5MzEwLzEvMSA5MzExLzIvMSA5MjEwLzMvMSA5MjA5LzQvMQpmIDkzMTEvMS8xIDkzMTIvMi8xIDkyMTEvMy8xIDkyMTAvNC8xCmYgOTMxMi8xLzEgOTMxMy8yLzEgOTIxMi8zLzEgOTIxMS80LzEKZiA5MzEzLzEvMSA5MzE0LzIvMSA5MjEzLzMvMSA5MjEyLzQvMQpmIDkzMTQvMS8xIDkzMTUvMi8xIDkyMTQvMy8xIDkyMTMvNC8xCmYgOTMxNS8xLzEgOTMxNi8yLzEgOTIxNS8zLzEgOTIxNC80LzEKZiA5MzE2LzEvMSA5MzE3LzIvMSA5MjE2LzMvMSA5MjE1LzQvMQpmIDkzMTcvMS8xIDkzMTgvMi8xIDkyMTcvMy8xIDkyMTYvNC8xCmYgOTMxOC8xLzEgOTMxOS8yLzEgOTIxOC8zLzEgOTIxNy80LzEKZiA5MzE5LzEvMSA5MzIwLzIvMSA5MjE5LzMvMSA5MjE4LzQvMQpmIDkzMjAvMS8xIDkzMjEvMi8xIDkyMjAvMy8xIDkyMTkvNC8xCmYgOTMyMS8xLzEgOTMyMi8yLzEgOTIyMS8zLzEgOTIyMC80LzEKZiA5MzIyLzEvMSA5MzIzLzIvMSA5MjIyLzMvMSA5MjIxLzQvMQpmIDkzMjMvMS8xIDkzMjQvMi8xIDkyMjMvMy8xIDkyMjIvNC8xCmYgOTMyNC8xLzEgOTMyNS8yLzEgOTIyNC8zLzEgOTIyMy80LzEKZiA5MzI1LzEvMSA5MzI2LzIvMSA5MjI1LzMvMSA5MjI0LzQvMQpmIDkzMjYvMS8xIDkzMjcvMi8xIDkyMjYvMy8xIDkyMjUvNC8xCmYgOTMyNy8xLzEgOTMyOC8yLzEgOTIyNy8zLzEgOTIyNi80LzEKZiA5MzI4LzEvMSA5MzI5LzIvMSA5MjI4LzMvMSA5MjI3LzQvMQpmIDkzMjkvMS8xIDkzMzAvMi8xIDkyMjkvMy8xIDkyMjgvNC8xCmYgOTMzMC8xLzEgOTMzMS8yLzEgOTIzMC8zLzEgOTIyOS80LzEKZiA5MzMxLzEvMSA5MzMyLzIvMSA5MjMxLzMvMSA5MjMwLzQvMQpmIDkzMzIvMS8xIDkzMzMvMi8xIDkyMzIvMy8xIDkyMzEvNC8xCmYgOTMzMy8xLzEgOTMzNC8yLzEgOTIzMy8zLzEgOTIzMi80LzEKZiA5MzM0LzEvMSA5MzM1LzIvMSA5MjM0LzMvMSA5MjMzLzQvMQpmIDkzMzUvMS8xIDkzMzYvMi8xIDkyMzUvMy8xIDkyMzQvNC8xCmYgOTMzNi8xLzEgOTMzNy8yLzEgOTIzNi8zLzEgOTIzNS80LzEKZiA5MzM3LzEvMSA5MzM4LzIvMSA5MjM3LzMvMSA5MjM2LzQvMQpmIDkzMzgvMS8xIDkzMzkvMi8xIDkyMzgvMy8xIDkyMzcvNC8xCmYgOTMzOS8xLzEgOTM0MC8yLzEgOTIzOS8zLzEgOTIzOC80LzEKZiA5MzQwLzEvMSA5MzQxLzIvMSA5MjQwLzMvMSA5MjM5LzQvMQpmIDkzNDEvMS8xIDkzNDIvMi8xIDkyNDEvMy8xIDkyNDAvNC8xCmYgOTM0Mi8xLzEgOTM0My8yLzEgOTI0Mi8zLzEgOTI0MS80LzEKZiA5MzQzLzEvMSA5MzQ0LzIvMSA5MjQzLzMvMSA5MjQyLzQvMQpmIDkzNDQvMS8xIDkzNDUvMi8xIDkyNDQvMy8xIDkyNDMvNC8xCmYgOTM0NS8xLzEgOTM0Ni8yLzEgOTI0NS8zLzEgOTI0NC80LzEKZiA5MzQ2LzEvMSA5MzQ3LzIvMSA5MjQ2LzMvMSA5MjQ1LzQvMQpmIDkzNDcvMS8xIDkzNDgvMi8xIDkyNDcvMy8xIDkyNDYvNC8xCmYgOTM0OC8xLzEgOTM0OS8yLzEgOTI0OC8zLzEgOTI0Ny80LzEKZiA5MzQ5LzEvMSA5MzUwLzIvMSA5MjQ5LzMvMSA5MjQ4LzQvMQpmIDkzNTAvMS8xIDkzNTEvMi8xIDkyNTAvMy8xIDkyNDkvNC8xCmYgOTM1MS8xLzEgOTM1Mi8yLzEgOTI1MS8zLzEgOTI1MC80LzEKZiA5MzUyLzEvMSA5MzUzLzIvMSA5MjUyLzMvMSA5MjUxLzQvMQpmIDkzNTMvMS8xIDkzNTQvMi8xIDkyNTMvMy8xIDkyNTIvNC8xCmYgOTM1NC8xLzEgOTM1NS8yLzEgOTI1NC8zLzEgOTI1My80LzEKZiA5MzU1LzEvMSA5MzU2LzIvMSA5MjU1LzMvMSA5MjU0LzQvMQpmIDkzNTYvMS8xIDkzNTcvMi8xIDkyNTYvMy8xIDkyNTUvNC8xCmYgOTM1Ny8xLzEgOTM1OC8yLzEgOTI1Ny8zLzEgOTI1Ni80LzEKZiA5MzU4LzEvMSA5MzU5LzIvMSA5MjU4LzMvMSA5MjU3LzQvMQpmIDkzNTkvMS8xIDkzNjAvMi8xIDkyNTkvMy8xIDkyNTgvNC8xCmYgOTM2MC8xLzEgOTM2MS8yLzEgOTI2MC8zLzEgOTI1OS80LzEKZiA5MzYxLzEvMSA5MzYyLzIvMSA5MjYxLzMvMSA5MjYwLzQvMQpmIDkzNjIvMS8xIDkzNjMvMi8xIDkyNjIvMy8xIDkyNjEvNC8xCmYgOTM2My8xLzEgOTM2NC8yLzEgOTI2My8zLzEgOTI2Mi80LzEKZiA5MzY0LzEvMSA5MzY1LzIvMSA5MjY0LzMvMSA5MjYzLzQvMQpmIDkzNjUvMS8xIDkzNjYvMi8xIDkyNjUvMy8xIDkyNjQvNC8xCmYgOTM2Ni8xLzEgOTM2Ny8yLzEgOTI2Ni8zLzEgOTI2NS80LzEKZiA5MzY3LzEvMSA5MzY4LzIvMSA5MjY3LzMvMSA5MjY2LzQvMQpmIDkzNjgvMS8xIDkzNjkvMi8xIDkyNjgvMy8xIDkyNjcvNC8xCmYgOTM2OS8xLzEgOTM3MC8yLzEgOTI2OS8zLzEgOTI2OC80LzEKZiA5MzcwLzEvMSA5MzcxLzIvMSA5MjcwLzMvMSA5MjY5LzQvMQpmIDkzNzEvMS8xIDkzNzIvMi8xIDkyNzEvMy8xIDkyNzAvNC8xCmYgOTM3Mi8xLzEgOTM3My8yLzEgOTI3Mi8zLzEgOTI3MS80LzEKZiA5MzczLzEvMSA5Mzc0LzIvMSA5MjczLzMvMSA5MjcyLzQvMQpmIDkzNzQvMS8xIDkzNzUvMi8xIDkyNzQvMy8xIDkyNzMvNC8xCmYgOTM3NS8xLzEgOTM3Ni8yLzEgOTI3NS8zLzEgOTI3NC80LzEKZiA5Mzc2LzEvMSA5Mzc3LzIvMSA5Mjc2LzMvMSA5Mjc1LzQvMQpmIDkzNzcvMS8xIDkzNzgvMi8xIDkyNzcvMy8xIDkyNzYvNC8xCmYgOTM3OC8xLzEgOTM3OS8yLzEgOTI3OC8zLzEgOTI3Ny80LzEKZiA5Mzc5LzEvMSA5MzgwLzIvMSA5Mjc5LzMvMSA5Mjc4LzQvMQpmIDkzODAvMS8xIDkzODEvMi8xIDkyODAvMy8xIDkyNzkvNC8xCmYgOTM4MS8xLzEgOTM4Mi8yLzEgOTI4MS8zLzEgOTI4MC80LzEKZiA5MzgyLzEvMSA5MzgzLzIvMSA5MjgyLzMvMSA5MjgxLzQvMQpmIDkzODMvMS8xIDkzODQvMi8xIDkyODMvMy8xIDkyODIvNC8xCmYgOTM4NC8xLzEgOTM4NS8yLzEgOTI4NC8zLzEgOTI4My80LzEKZiA5Mzg1LzEvMSA5Mzg2LzIvMSA5Mjg1LzMvMSA5Mjg0LzQvMQpmIDkzODYvMS8xIDkzODcvMi8xIDkyODYvMy8xIDkyODUvNC8xCmYgOTM4Ny8xLzEgOTM4OC8yLzEgOTI4Ny8zLzEgOTI4Ni80LzEKZiA5Mzg4LzEvMSA5Mzg5LzIvMSA5Mjg4LzMvMSA5Mjg3LzQvMQpmIDkzODkvMS8xIDkzOTAvMi8xIDkyODkvMy8xIDkyODgvNC8xCmYgOTM5MC8xLzEgOTM5MS8yLzEgOTI5MC8zLzEgOTI4OS80LzEKZiA5MzkxLzEvMSA5MzkyLzIvMSA5MjkxLzMvMSA5MjkwLzQvMQpmIDkzOTIvMS8xIDkzOTMvMi8xIDkyOTIvMy8xIDkyOTEvNC8xCmYgOTM5NC8xLzEgOTM5NS8yLzEgOTI5NC8zLzEgOTI5My80LzEKZiA5Mzk1LzEvMSA5Mzk2LzIvMSA5Mjk1LzMvMSA5Mjk0LzQvMQpmIDkzOTYvMS8xIDkzOTcvMi8xIDkyOTYvMy8xIDkyOTUvNC8xCmYgOTM5Ny8xLzEgOTM5OC8yLzEgOTI5Ny8zLzEgOTI5Ni80LzEKZiA5Mzk4LzEvMSA5Mzk5LzIvMSA5Mjk4LzMvMSA5Mjk3LzQvMQpmIDkzOTkvMS8xIDk0MDAvMi8xIDkyOTkvMy8xIDkyOTgvNC8xCmYgOTQwMC8xLzEgOTQwMS8yLzEgOTMwMC8zLzEgOTI5OS80LzEKZiA5NDAxLzEvMSA5NDAyLzIvMSA5MzAxLzMvMSA5MzAwLzQvMQpmIDk0MDIvMS8xIDk0MDMvMi8xIDkzMDIvMy8xIDkzMDEvNC8xCmYgOTQwMy8xLzEgOTQwNC8yLzEgOTMwMy8zLzEgOTMwMi80LzEKZiA5NDA0LzEvMSA5NDA1LzIvMSA5MzA0LzMvMSA5MzAzLzQvMQpmIDk0MDUvMS8xIDk0MDYvMi8xIDkzMDUvMy8xIDkzMDQvNC8xCmYgOTQwNi8xLzEgOTQwNy8yLzEgOTMwNi8zLzEgOTMwNS80LzEKZiA5NDA3LzEvMSA5NDA4LzIvMSA5MzA3LzMvMSA5MzA2LzQvMQpmIDk0MDgvMS8xIDk0MDkvMi8xIDkzMDgvMy8xIDkzMDcvNC8xCmYgOTQwOS8xLzEgOTQxMC8yLzEgOTMwOS8zLzEgOTMwOC80LzEKZiA5NDEwLzEvMSA5NDExLzIvMSA5MzEwLzMvMSA5MzA5LzQvMQpmIDk0MTEvMS8xIDk0MTIvMi8xIDkzMTEvMy8xIDkzMTAvNC8xCmYgOTQxMi8xLzEgOTQxMy8yLzEgOTMxMi8zLzEgOTMxMS80LzEKZiA5NDEzLzEvMSA5NDE0LzIvMSA5MzEzLzMvMSA5MzEyLzQvMQpmIDk0MTQvMS8xIDk0MTUvMi8xIDkzMTQvMy8xIDkzMTMvNC8xCmYgOTQxNS8xLzEgOTQxNi8yLzEgOTMxNS8zLzEgOTMxNC80LzEKZiA5NDE2LzEvMSA5NDE3LzIvMSA5MzE2LzMvMSA5MzE1LzQvMQpmIDk0MTcvMS8xIDk0MTgvMi8xIDkzMTcvMy8xIDkzMTYvNC8xCmYgOTQxOC8xLzEgOTQxOS8yLzEgOTMxOC8zLzEgOTMxNy80LzEKZiA5NDE5LzEvMSA5NDIwLzIvMSA5MzE5LzMvMSA5MzE4LzQvMQpmIDk0MjAvMS8xIDk0MjEvMi8xIDkzMjAvMy8xIDkzMTkvNC8xCmYgOTQyMS8xLzEgOTQyMi8yLzEgOTMyMS8zLzEgOTMyMC80LzEKZiA5NDIyLzEvMSA5NDIzLzIvMSA5MzIyLzMvMSA5MzIxLzQvMQpmIDk0MjMvMS8xIDk0MjQvMi8xIDkzMjMvMy8xIDkzMjIvNC8xCmYgOTQyNC8xLzEgOTQyNS8yLzEgOTMyNC8zLzEgOTMyMy80LzEKZiA5NDI1LzEvMSA5NDI2LzIvMSA5MzI1LzMvMSA5MzI0LzQvMQpmIDk0MjYvMS8xIDk0MjcvMi8xIDkzMjYvMy8xIDkzMjUvNC8xCmYgOTQyNy8xLzEgOTQyOC8yLzEgOTMyNy8zLzEgOTMyNi80LzEKZiA5NDI4LzEvMSA5NDI5LzIvMSA5MzI4LzMvMSA5MzI3LzQvMQpmIDk0MjkvMS8xIDk0MzAvMi8xIDkzMjkvMy8xIDkzMjgvNC8xCmYgOTQzMC8xLzEgOTQzMS8yLzEgOTMzMC8zLzEgOTMyOS80LzEKZiA5NDMxLzEvMSA5NDMyLzIvMSA5MzMxLzMvMSA5MzMwLzQvMQpmIDk0MzIvMS8xIDk0MzMvMi8xIDkzMzIvMy8xIDkzMzEvNC8xCmYgOTQzMy8xLzEgOTQzNC8yLzEgOTMzMy8zLzEgOTMzMi80LzEKZiA5NDM0LzEvMSA5NDM1LzIvMSA5MzM0LzMvMSA5MzMzLzQvMQpmIDk0MzUvMS8xIDk0MzYvMi8xIDkzMzUvMy8xIDkzMzQvNC8xCmYgOTQzNi8xLzEgOTQzNy8yLzEgOTMzNi8zLzEgOTMzNS80LzEKZiA5NDM3LzEvMSA5NDM4LzIvMSA5MzM3LzMvMSA5MzM2LzQvMQpmIDk0MzgvMS8xIDk0MzkvMi8xIDkzMzgvMy8xIDkzMzcvNC8xCmYgOTQzOS8xLzEgOTQ0MC8yLzEgOTMzOS8zLzEgOTMzOC80LzEKZiA5NDQwLzEvMSA5NDQxLzIvMSA5MzQwLzMvMSA5MzM5LzQvMQpmIDk0NDEvMS8xIDk0NDIvMi8xIDkzNDEvMy8xIDkzNDAvNC8xCmYgOTQ0Mi8xLzEgOTQ0My8yLzEgOTM0Mi8zLzEgOTM0MS80LzEKZiA5NDQzLzEvMSA5NDQ0LzIvMSA5MzQzLzMvMSA5MzQyLzQvMQpmIDk0NDQvMS8xIDk0NDUvMi8xIDkzNDQvMy8xIDkzNDMvNC8xCmYgOTQ0NS8xLzEgOTQ0Ni8yLzEgOTM0NS8zLzEgOTM0NC80LzEKZiA5NDQ2LzEvMSA5NDQ3LzIvMSA5MzQ2LzMvMSA5MzQ1LzQvMQpmIDk0NDcvMS8xIDk0NDgvMi8xIDkzNDcvMy8xIDkzNDYvNC8xCmYgOTQ0OC8xLzEgOTQ0OS8yLzEgOTM0OC8zLzEgOTM0Ny80LzEKZiA5NDQ5LzEvMSA5NDUwLzIvMSA5MzQ5LzMvMSA5MzQ4LzQvMQpmIDk0NTAvMS8xIDk0NTEvMi8xIDkzNTAvMy8xIDkzNDkvNC8xCmYgOTQ1MS8xLzEgOTQ1Mi8yLzEgOTM1MS8zLzEgOTM1MC80LzEKZiA5NDUyLzEvMSA5NDUzLzIvMSA5MzUyLzMvMSA5MzUxLzQvMQpmIDk0NTMvMS8xIDk0NTQvMi8xIDkzNTMvMy8xIDkzNTIvNC8xCmYgOTQ1NC8xLzEgOTQ1NS8yLzEgOTM1NC8zLzEgOTM1My80LzEKZiA5NDU1LzEvMSA5NDU2LzIvMSA5MzU1LzMvMSA5MzU0LzQvMQpmIDk0NTYvMS8xIDk0NTcvMi8xIDkzNTYvMy8xIDkzNTUvNC8xCmYgOTQ1Ny8xLzEgOTQ1OC8yLzEgOTM1Ny8zLzEgOTM1Ni80LzEKZiA5NDU4LzEvMSA5NDU5LzIvMSA5MzU4LzMvMSA5MzU3LzQvMQpmIDk0NTkvMS8xIDk0NjAvMi8xIDkzNTkvMy8xIDkzNTgvNC8xCmYgOTQ2MC8xLzEgOTQ2MS8yLzEgOTM2MC8zLzEgOTM1OS80LzEKZiA5NDYxLzEvMSA5NDYyLzIvMSA5MzYxLzMvMSA5MzYwLzQvMQpmIDk0NjIvMS8xIDk0NjMvMi8xIDkzNjIvMy8xIDkzNjEvNC8xCmYgOTQ2My8xLzEgOTQ2NC8yLzEgOTM2My8zLzEgOTM2Mi80LzEKZiA5NDY0LzEvMSA5NDY1LzIvMSA5MzY0LzMvMSA5MzYzLzQvMQpmIDk0NjUvMS8xIDk0NjYvMi8xIDkzNjUvMy8xIDkzNjQvNC8xCmYgOTQ2Ni8xLzEgOTQ2Ny8yLzEgOTM2Ni8zLzEgOTM2NS80LzEKZiA5NDY3LzEvMSA5NDY4LzIvMSA5MzY3LzMvMSA5MzY2LzQvMQpmIDk0NjgvMS8xIDk0NjkvMi8xIDkzNjgvMy8xIDkzNjcvNC8xCmYgOTQ2OS8xLzEgOTQ3MC8yLzEgOTM2OS8zLzEgOTM2OC80LzEKZiA5NDcwLzEvMSA5NDcxLzIvMSA5MzcwLzMvMSA5MzY5LzQvMQpmIDk0NzEvMS8xIDk0NzIvMi8xIDkzNzEvMy8xIDkzNzAvNC8xCmYgOTQ3Mi8xLzEgOTQ3My8yLzEgOTM3Mi8zLzEgOTM3MS80LzEKZiA5NDczLzEvMSA5NDc0LzIvMSA5MzczLzMvMSA5MzcyLzQvMQpmIDk0NzQvMS8xIDk0NzUvMi8xIDkzNzQvMy8xIDkzNzMvNC8xCmYgOTQ3NS8xLzEgOTQ3Ni8yLzEgOTM3NS8zLzEgOTM3NC80LzEKZiA5NDc2LzEvMSA5NDc3LzIvMSA5Mzc2LzMvMSA5Mzc1LzQvMQpmIDk0NzcvMS8xIDk0NzgvMi8xIDkzNzcvMy8xIDkzNzYvNC8xCmYgOTQ3OC8xLzEgOTQ3OS8yLzEgOTM3OC8zLzEgOTM3Ny80LzEKZiA5NDc5LzEvMSA5NDgwLzIvMSA5Mzc5LzMvMSA5Mzc4LzQvMQpmIDk0ODAvMS8xIDk0ODEvMi8xIDkzODAvMy8xIDkzNzkvNC8xCmYgOTQ4MS8xLzEgOTQ4Mi8yLzEgOTM4MS8zLzEgOTM4MC80LzEKZiA5NDgyLzEvMSA5NDgzLzIvMSA5MzgyLzMvMSA5MzgxLzQvMQpmIDk0ODMvMS8xIDk0ODQvMi8xIDkzODMvMy8xIDkzODIvNC8xCmYgOTQ4NC8xLzEgOTQ4NS8yLzEgOTM4NC8zLzEgOTM4My80LzEKZiA5NDg1LzEvMSA5NDg2LzIvMSA5Mzg1LzMvMSA5Mzg0LzQvMQpmIDk0ODYvMS8xIDk0ODcvMi8xIDkzODYvMy8xIDkzODUvNC8xCmYgOTQ4Ny8xLzEgOTQ4OC8yLzEgOTM4Ny8zLzEgOTM4Ni80LzEKZiA5NDg4LzEvMSA5NDg5LzIvMSA5Mzg4LzMvMSA5Mzg3LzQvMQpmIDk0ODkvMS8xIDk0OTAvMi8xIDkzODkvMy8xIDkzODgvNC8xCmYgOTQ5MC8xLzEgOTQ5MS8yLzEgOTM5MC8zLzEgOTM4OS80LzEKZiA5NDkxLzEvMSA5NDkyLzIvMSA5MzkxLzMvMSA5MzkwLzQvMQpmIDk0OTIvMS8xIDk0OTMvMi8xIDkzOTIvMy8xIDkzOTEvNC8xCmYgOTQ5My8xLzEgOTQ5NC8yLzEgOTM5My8zLzEgOTM5Mi80LzEKZiA5NDk1LzEvMSA5NDk2LzIvMSA5Mzk1LzMvMSA5Mzk0LzQvMQpmIDk0OTYvMS8xIDk0OTcvMi8xIDkzOTYvMy8xIDkzOTUvNC8xCmYgOTQ5Ny8xLzEgOTQ5OC8yLzEgOTM5Ny8zLzEgOTM5Ni80LzEKZiA5NDk4LzEvMSA5NDk5LzIvMSA5Mzk4LzMvMSA5Mzk3LzQvMQpmIDk0OTkvMS8xIDk1MDAvMi8xIDkzOTkvMy8xIDkzOTgvNC8xCmYgOTUwMC8xLzEgOTUwMS8yLzEgOTQwMC8zLzEgOTM5OS80LzEKZiA5NTAxLzEvMSA5NTAyLzIvMSA5NDAxLzMvMSA5NDAwLzQvMQpmIDk1MDIvMS8xIDk1MDMvMi8xIDk0MDIvMy8xIDk0MDEvNC8xCmYgOTUwMy8xLzEgOTUwNC8yLzEgOTQwMy8zLzEgOTQwMi80LzEKZiA5NTA0LzEvMSA5NTA1LzIvMSA5NDA0LzMvMSA5NDAzLzQvMQpmIDk1MDUvMS8xIDk1MDYvMi8xIDk0MDUvMy8xIDk0MDQvNC8xCmYgOTUwNi8xLzEgOTUwNy8yLzEgOTQwNi8zLzEgOTQwNS80LzEKZiA5NTA3LzEvMSA5NTA4LzIvMSA5NDA3LzMvMSA5NDA2LzQvMQpmIDk1MDgvMS8xIDk1MDkvMi8xIDk0MDgvMy8xIDk0MDcvNC8xCmYgOTUwOS8xLzEgOTUxMC8yLzEgOTQwOS8zLzEgOTQwOC80LzEKZiA5NTEwLzEvMSA5NTExLzIvMSA5NDEwLzMvMSA5NDA5LzQvMQpmIDk1MTEvMS8xIDk1MTIvMi8xIDk0MTEvMy8xIDk0MTAvNC8xCmYgOTUxMi8xLzEgOTUxMy8yLzEgOTQxMi8zLzEgOTQxMS80LzEKZiA5NTEzLzEvMSA5NTE0LzIvMSA5NDEzLzMvMSA5NDEyLzQvMQpmIDk1MTQvMS8xIDk1MTUvMi8xIDk0MTQvMy8xIDk0MTMvNC8xCmYgOTUxNS8xLzEgOTUxNi8yLzEgOTQxNS8zLzEgOTQxNC80LzEKZiA5NTE2LzEvMSA5NTE3LzIvMSA5NDE2LzMvMSA5NDE1LzQvMQpmIDk1MTcvMS8xIDk1MTgvMi8xIDk0MTcvMy8xIDk0MTYvNC8xCmYgOTUxOC8xLzEgOTUxOS8yLzEgOTQxOC8zLzEgOTQxNy80LzEKZiA5NTE5LzEvMSA5NTIwLzIvMSA5NDE5LzMvMSA5NDE4LzQvMQpmIDk1MjAvMS8xIDk1MjEvMi8xIDk0MjAvMy8xIDk0MTkvNC8xCmYgOTUyMS8xLzEgOTUyMi8yLzEgOTQyMS8zLzEgOTQyMC80LzEKZiA5NTIyLzEvMSA5NTIzLzIvMSA5NDIyLzMvMSA5NDIxLzQvMQpmIDk1MjMvMS8xIDk1MjQvMi8xIDk0MjMvMy8xIDk0MjIvNC8xCmYgOTUyNC8xLzEgOTUyNS8yLzEgOTQyNC8zLzEgOTQyMy80LzEKZiA5NTI1LzEvMSA5NTI2LzIvMSA5NDI1LzMvMSA5NDI0LzQvMQpmIDk1MjYvMS8xIDk1MjcvMi8xIDk0MjYvMy8xIDk0MjUvNC8xCmYgOTUyNy8xLzEgOTUyOC8yLzEgOTQyNy8zLzEgOTQyNi80LzEKZiA5NTI4LzEvMSA5NTI5LzIvMSA5NDI4LzMvMSA5NDI3LzQvMQpmIDk1MjkvMS8xIDk1MzAvMi8xIDk0MjkvMy8xIDk0MjgvNC8xCmYgOTUzMC8xLzEgOTUzMS8yLzEgOTQzMC8zLzEgOTQyOS80LzEKZiA5NTMxLzEvMSA5NTMyLzIvMSA5NDMxLzMvMSA5NDMwLzQvMQpmIDk1MzIvMS8xIDk1MzMvMi8xIDk0MzIvMy8xIDk0MzEvNC8xCmYgOTUzMy8xLzEgOTUzNC8yLzEgOTQzMy8zLzEgOTQzMi80LzEKZiA5NTM0LzEvMSA5NTM1LzIvMSA5NDM0LzMvMSA5NDMzLzQvMQpmIDk1MzUvMS8xIDk1MzYvMi8xIDk0MzUvMy8xIDk0MzQvNC8xCmYgOTUzNi8xLzEgOTUzNy8yLzEgOTQzNi8zLzEgOTQzNS80LzEKZiA5NTM3LzEvMSA5NTM4LzIvMSA5NDM3LzMvMSA5NDM2LzQvMQpmIDk1MzgvMS8xIDk1MzkvMi8xIDk0MzgvMy8xIDk0MzcvNC8xCmYgOTUzOS8xLzEgOTU0MC8yLzEgOTQzOS8zLzEgOTQzOC80LzEKZiA5NTQwLzEvMSA5NTQxLzIvMSA5NDQwLzMvMSA5NDM5LzQvMQpmIDk1NDEvMS8xIDk1NDIvMi8xIDk0NDEvMy8xIDk0NDAvNC8xCmYgOTU0Mi8xLzEgOTU0My8yLzEgOTQ0Mi8zLzEgOTQ0MS80LzEKZiA5NTQzLzEvMSA5NTQ0LzIvMSA5NDQzLzMvMSA5NDQyLzQvMQpmIDk1NDQvMS8xIDk1NDUvMi8xIDk0NDQvMy8xIDk0NDMvNC8xCmYgOTU0NS8xLzEgOTU0Ni8yLzEgOTQ0NS8zLzEgOTQ0NC80LzEKZiA5NTQ2LzEvMSA5NTQ3LzIvMSA5NDQ2LzMvMSA5NDQ1LzQvMQpmIDk1NDcvMS8xIDk1NDgvMi8xIDk0NDcvMy8xIDk0NDYvNC8xCmYgOTU0OC8xLzEgOTU0OS8yLzEgOTQ0OC8zLzEgOTQ0Ny80LzEKZiA5NTQ5LzEvMSA5NTUwLzIvMSA5NDQ5LzMvMSA5NDQ4LzQvMQpmIDk1NTAvMS8xIDk1NTEvMi8xIDk0NTAvMy8xIDk0NDkvNC8xCmYgOTU1MS8xLzEgOTU1Mi8yLzEgOTQ1MS8zLzEgOTQ1MC80LzEKZiA5NTUyLzEvMSA5NTUzLzIvMSA5NDUyLzMvMSA5NDUxLzQvMQpmIDk1NTMvMS8xIDk1NTQvMi8xIDk0NTMvMy8xIDk0NTIvNC8xCmYgOTU1NC8xLzEgOTU1NS8yLzEgOTQ1NC8zLzEgOTQ1My80LzEKZiA5NTU1LzEvMSA5NTU2LzIvMSA5NDU1LzMvMSA5NDU0LzQvMQpmIDk1NTYvMS8xIDk1NTcvMi8xIDk0NTYvMy8xIDk0NTUvNC8xCmYgOTU1Ny8xLzEgOTU1OC8yLzEgOTQ1Ny8zLzEgOTQ1Ni80LzEKZiA5NTU4LzEvMSA5NTU5LzIvMSA5NDU4LzMvMSA5NDU3LzQvMQpmIDk1NTkvMS8xIDk1NjAvMi8xIDk0NTkvMy8xIDk0NTgvNC8xCmYgOTU2MC8xLzEgOTU2MS8yLzEgOTQ2MC8zLzEgOTQ1OS80LzEKZiA5NTYxLzEvMSA5NTYyLzIvMSA5NDYxLzMvMSA5NDYwLzQvMQpmIDk1NjIvMS8xIDk1NjMvMi8xIDk0NjIvMy8xIDk0NjEvNC8xCmYgOTU2My8xLzEgOTU2NC8yLzEgOTQ2My8zLzEgOTQ2Mi80LzEKZiA5NTY0LzEvMSA5NTY1LzIvMSA5NDY0LzMvMSA5NDYzLzQvMQpmIDk1NjUvMS8xIDk1NjYvMi8xIDk0NjUvMy8xIDk0NjQvNC8xCmYgOTU2Ni8xLzEgOTU2Ny8yLzEgOTQ2Ni8zLzEgOTQ2NS80LzEKZiA5NTY3LzEvMSA5NTY4LzIvMSA5NDY3LzMvMSA5NDY2LzQvMQpmIDk1NjgvMS8xIDk1NjkvMi8xIDk0NjgvMy8xIDk0NjcvNC8xCmYgOTU2OS8xLzEgOTU3MC8yLzEgOTQ2OS8zLzEgOTQ2OC80LzEKZiA5NTcwLzEvMSA5NTcxLzIvMSA5NDcwLzMvMSA5NDY5LzQvMQpmIDk1NzEvMS8xIDk1NzIvMi8xIDk0NzEvMy8xIDk0NzAvNC8xCmYgOTU3Mi8xLzEgOTU3My8yLzEgOTQ3Mi8zLzEgOTQ3MS80LzEKZiA5NTczLzEvMSA5NTc0LzIvMSA5NDczLzMvMSA5NDcyLzQvMQpmIDk1NzQvMS8xIDk1NzUvMi8xIDk0NzQvMy8xIDk0NzMvNC8xCmYgOTU3NS8xLzEgOTU3Ni8yLzEgOTQ3NS8zLzEgOTQ3NC80LzEKZiA5NTc2LzEvMSA5NTc3LzIvMSA5NDc2LzMvMSA5NDc1LzQvMQpmIDk1NzcvMS8xIDk1NzgvMi8xIDk0NzcvMy8xIDk0NzYvNC8xCmYgOTU3OC8xLzEgOTU3OS8yLzEgOTQ3OC8zLzEgOTQ3Ny80LzEKZiA5NTc5LzEvMSA5NTgwLzIvMSA5NDc5LzMvMSA5NDc4LzQvMQpmIDk1ODAvMS8xIDk1ODEvMi8xIDk0ODAvMy8xIDk0NzkvNC8xCmYgOTU4MS8xLzEgOTU4Mi8yLzEgOTQ4MS8zLzEgOTQ4MC80LzEKZiA5NTgyLzEvMSA5NTgzLzIvMSA5NDgyLzMvMSA5NDgxLzQvMQpmIDk1ODMvMS8xIDk1ODQvMi8xIDk0ODMvMy8xIDk0ODIvNC8xCmYgOTU4NC8xLzEgOTU4NS8yLzEgOTQ4NC8zLzEgOTQ4My80LzEKZiA5NTg1LzEvMSA5NTg2LzIvMSA5NDg1LzMvMSA5NDg0LzQvMQpmIDk1ODYvMS8xIDk1ODcvMi8xIDk0ODYvMy8xIDk0ODUvNC8xCmYgOTU4Ny8xLzEgOTU4OC8yLzEgOTQ4Ny8zLzEgOTQ4Ni80LzEKZiA5NTg4LzEvMSA5NTg5LzIvMSA5NDg4LzMvMSA5NDg3LzQvMQpmIDk1ODkvMS8xIDk1OTAvMi8xIDk0ODkvMy8xIDk0ODgvNC8xCmYgOTU5MC8xLzEgOTU5MS8yLzEgOTQ5MC8zLzEgOTQ4OS80LzEKZiA5NTkxLzEvMSA5NTkyLzIvMSA5NDkxLzMvMSA5NDkwLzQvMQpmIDk1OTIvMS8xIDk1OTMvMi8xIDk0OTIvMy8xIDk0OTEvNC8xCmYgOTU5My8xLzEgOTU5NC8yLzEgOTQ5My8zLzEgOTQ5Mi80LzEKZiA5NTk0LzEvMSA5NTk1LzIvMSA5NDk0LzMvMSA5NDkzLzQvMQpmIDk1OTYvMS8xIDk1OTcvMi8xIDk0OTYvMy8xIDk0OTUvNC8xCmYgOTU5Ny8xLzEgOTU5OC8yLzEgOTQ5Ny8zLzEgOTQ5Ni80LzEKZiA5NTk4LzEvMSA5NTk5LzIvMSA5NDk4LzMvMSA5NDk3LzQvMQpmIDk1OTkvMS8xIDk2MDAvMi8xIDk0OTkvMy8xIDk0OTgvNC8xCmYgOTYwMC8xLzEgOTYwMS8yLzEgOTUwMC8zLzEgOTQ5OS80LzEKZiA5NjAxLzEvMSA5NjAyLzIvMSA5NTAxLzMvMSA5NTAwLzQvMQpmIDk2MDIvMS8xIDk2MDMvMi8xIDk1MDIvMy8xIDk1MDEvNC8xCmYgOTYwMy8xLzEgOTYwNC8yLzEgOTUwMy8zLzEgOTUwMi80LzEKZiA5NjA0LzEvMSA5NjA1LzIvMSA5NTA0LzMvMSA5NTAzLzQvMQpmIDk2MDUvMS8xIDk2MDYvMi8xIDk1MDUvMy8xIDk1MDQvNC8xCmYgOTYwNi8xLzEgOTYwNy8yLzEgOTUwNi8zLzEgOTUwNS80LzEKZiA5NjA3LzEvMSA5NjA4LzIvMSA5NTA3LzMvMSA5NTA2LzQvMQpmIDk2MDgvMS8xIDk2MDkvMi8xIDk1MDgvMy8xIDk1MDcvNC8xCmYgOTYwOS8xLzEgOTYxMC8yLzEgOTUwOS8zLzEgOTUwOC80LzEKZiA5NjEwLzEvMSA5NjExLzIvMSA5NTEwLzMvMSA5NTA5LzQvMQpmIDk2MTEvMS8xIDk2MTIvMi8xIDk1MTEvMy8xIDk1MTAvNC8xCmYgOTYxMi8xLzEgOTYxMy8yLzEgOTUxMi8zLzEgOTUxMS80LzEKZiA5NjEzLzEvMSA5NjE0LzIvMSA5NTEzLzMvMSA5NTEyLzQvMQpmIDk2MTQvMS8xIDk2MTUvMi8xIDk1MTQvMy8xIDk1MTMvNC8xCmYgOTYxNS8xLzEgOTYxNi8yLzEgOTUxNS8zLzEgOTUxNC80LzEKZiA5NjE2LzEvMSA5NjE3LzIvMSA5NTE2LzMvMSA5NTE1LzQvMQpmIDk2MTcvMS8xIDk2MTgvMi8xIDk1MTcvMy8xIDk1MTYvNC8xCmYgOTYxOC8xLzEgOTYxOS8yLzEgOTUxOC8zLzEgOTUxNy80LzEKZiA5NjE5LzEvMSA5NjIwLzIvMSA5NTE5LzMvMSA5NTE4LzQvMQpmIDk2MjAvMS8xIDk2MjEvMi8xIDk1MjAvMy8xIDk1MTkvNC8xCmYgOTYyMS8xLzEgOTYyMi8yLzEgOTUyMS8zLzEgOTUyMC80LzEKZiA5NjIyLzEvMSA5NjIzLzIvMSA5NTIyLzMvMSA5NTIxLzQvMQpmIDk2MjMvMS8xIDk2MjQvMi8xIDk1MjMvMy8xIDk1MjIvNC8xCmYgOTYyNC8xLzEgOTYyNS8yLzEgOTUyNC8zLzEgOTUyMy80LzEKZiA5NjI1LzEvMSA5NjI2LzIvMSA5NTI1LzMvMSA5NTI0LzQvMQpmIDk2MjYvMS8xIDk2MjcvMi8xIDk1MjYvMy8xIDk1MjUvNC8xCmYgOTYyNy8xLzEgOTYyOC8yLzEgOTUyNy8zLzEgOTUyNi80LzEKZiA5NjI4LzEvMSA5NjI5LzIvMSA5NTI4LzMvMSA5NTI3LzQvMQpmIDk2MjkvMS8xIDk2MzAvMi8xIDk1MjkvMy8xIDk1MjgvNC8xCmYgOTYzMC8xLzEgOTYzMS8yLzEgOTUzMC8zLzEgOTUyOS80LzEKZiA5NjMxLzEvMSA5NjMyLzIvMSA5NTMxLzMvMSA5NTMwLzQvMQpmIDk2MzIvMS8xIDk2MzMvMi8xIDk1MzIvMy8xIDk1MzEvNC8xCmYgOTYzMy8xLzEgOTYzNC8yLzEgOTUzMy8zLzEgOTUzMi80LzEKZiA5NjM0LzEvMSA5NjM1LzIvMSA5NTM0LzMvMSA5NTMzLzQvMQpmIDk2MzUvMS8xIDk2MzYvMi8xIDk1MzUvMy8xIDk1MzQvNC8xCmYgOTYzNi8xLzEgOTYzNy8yLzEgOTUzNi8zLzEgOTUzNS80LzEKZiA5NjM3LzEvMSA5NjM4LzIvMSA5NTM3LzMvMSA5NTM2LzQvMQpmIDk2MzgvMS8xIDk2MzkvMi8xIDk1MzgvMy8xIDk1MzcvNC8xCmYgOTYzOS8xLzEgOTY0MC8yLzEgOTUzOS8zLzEgOTUzOC80LzEKZiA5NjQwLzEvMSA5NjQxLzIvMSA5NTQwLzMvMSA5NTM5LzQvMQpmIDk2NDEvMS8xIDk2NDIvMi8xIDk1NDEvMy8xIDk1NDAvNC8xCmYgOTY0Mi8xLzEgOTY0My8yLzEgOTU0Mi8zLzEgOTU0MS80LzEKZiA5NjQzLzEvMSA5NjQ0LzIvMSA5NTQzLzMvMSA5NTQyLzQvMQpmIDk2NDQvMS8xIDk2NDUvMi8xIDk1NDQvMy8xIDk1NDMvNC8xCmYgOTY0NS8xLzEgOTY0Ni8yLzEgOTU0NS8zLzEgOTU0NC80LzEKZiA5NjQ2LzEvMSA5NjQ3LzIvMSA5NTQ2LzMvMSA5NTQ1LzQvMQpmIDk2NDcvMS8xIDk2NDgvMi8xIDk1NDcvMy8xIDk1NDYvNC8xCmYgOTY0OC8xLzEgOTY0OS8yLzEgOTU0OC8zLzEgOTU0Ny80LzEKZiA5NjQ5LzEvMSA5NjUwLzIvMSA5NTQ5LzMvMSA5NTQ4LzQvMQpmIDk2NTAvMS8xIDk2NTEvMi8xIDk1NTAvMy8xIDk1NDkvNC8xCmYgOTY1MS8xLzEgOTY1Mi8yLzEgOTU1MS8zLzEgOTU1MC80LzEKZiA5NjUyLzEvMSA5NjUzLzIvMSA5NTUyLzMvMSA5NTUxLzQvMQpmIDk2NTMvMS8xIDk2NTQvMi8xIDk1NTMvMy8xIDk1NTIvNC8xCmYgOTY1NC8xLzEgOTY1NS8yLzEgOTU1NC8zLzEgOTU1My80LzEKZiA5NjU1LzEvMSA5NjU2LzIvMSA5NTU1LzMvMSA5NTU0LzQvMQpmIDk2NTYvMS8xIDk2NTcvMi8xIDk1NTYvMy8xIDk1NTUvNC8xCmYgOTY1Ny8xLzEgOTY1OC8yLzEgOTU1Ny8zLzEgOTU1Ni80LzEKZiA5NjU4LzEvMSA5NjU5LzIvMSA5NTU4LzMvMSA5NTU3LzQvMQpmIDk2NTkvMS8xIDk2NjAvMi8xIDk1NTkvMy8xIDk1NTgvNC8xCmYgOTY2MC8xLzEgOTY2MS8yLzEgOTU2MC8zLzEgOTU1OS80LzEKZiA5NjYxLzEvMSA5NjYyLzIvMSA5NTYxLzMvMSA5NTYwLzQvMQpmIDk2NjIvMS8xIDk2NjMvMi8xIDk1NjIvMy8xIDk1NjEvNC8xCmYgOTY2My8xLzEgOTY2NC8yLzEgOTU2My8zLzEgOTU2Mi80LzEKZiA5NjY0LzEvMSA5NjY1LzIvMSA5NTY0LzMvMSA5NTYzLzQvMQpmIDk2NjUvMS8xIDk2NjYvMi8xIDk1NjUvMy8xIDk1NjQvNC8xCmYgOTY2Ni8xLzEgOTY2Ny8yLzEgOTU2Ni8zLzEgOTU2NS80LzEKZiA5NjY3LzEvMSA5NjY4LzIvMSA5NTY3LzMvMSA5NTY2LzQvMQpmIDk2NjgvMS8xIDk2NjkvMi8xIDk1NjgvMy8xIDk1NjcvNC8xCmYgOTY2OS8xLzEgOTY3MC8yLzEgOTU2OS8zLzEgOTU2OC80LzEKZiA5NjcwLzEvMSA5NjcxLzIvMSA5NTcwLzMvMSA5NTY5LzQvMQpmIDk2NzEvMS8xIDk2NzIvMi8xIDk1NzEvMy8xIDk1NzAvNC8xCmYgOTY3Mi8xLzEgOTY3My8yLzEgOTU3Mi8zLzEgOTU3MS80LzEKZiA5NjczLzEvMSA5Njc0LzIvMSA5NTczLzMvMSA5NTcyLzQvMQpmIDk2NzQvMS8xIDk2NzUvMi8xIDk1NzQvMy8xIDk1NzMvNC8xCmYgOTY3NS8xLzEgOTY3Ni8yLzEgOTU3NS8zLzEgOTU3NC80LzEKZiA5Njc2LzEvMSA5Njc3LzIvMSA5NTc2LzMvMSA5NTc1LzQvMQpmIDk2NzcvMS8xIDk2NzgvMi8xIDk1NzcvMy8xIDk1NzYvNC8xCmYgOTY3OC8xLzEgOTY3OS8yLzEgOTU3OC8zLzEgOTU3Ny80LzEKZiA5Njc5LzEvMSA5NjgwLzIvMSA5NTc5LzMvMSA5NTc4LzQvMQpmIDk2ODAvMS8xIDk2ODEvMi8xIDk1ODAvMy8xIDk1NzkvNC8xCmYgOTY4MS8xLzEgOTY4Mi8yLzEgOTU4MS8zLzEgOTU4MC80LzEKZiA5NjgyLzEvMSA5NjgzLzIvMSA5NTgyLzMvMSA5NTgxLzQvMQpmIDk2ODMvMS8xIDk2ODQvMi8xIDk1ODMvMy8xIDk1ODIvNC8xCmYgOTY4NC8xLzEgOTY4NS8yLzEgOTU4NC8zLzEgOTU4My80LzEKZiA5Njg1LzEvMSA5Njg2LzIvMSA5NTg1LzMvMSA5NTg0LzQvMQpmIDk2ODYvMS8xIDk2ODcvMi8xIDk1ODYvMy8xIDk1ODUvNC8xCmYgOTY4Ny8xLzEgOTY4OC8yLzEgOTU4Ny8zLzEgOTU4Ni80LzEKZiA5Njg4LzEvMSA5Njg5LzIvMSA5NTg4LzMvMSA5NTg3LzQvMQpmIDk2ODkvMS8xIDk2OTAvMi8xIDk1ODkvMy8xIDk1ODgvNC8xCmYgOTY5MC8xLzEgOTY5MS8yLzEgOTU5MC8zLzEgOTU4OS80LzEKZiA5NjkxLzEvMSA5NjkyLzIvMSA5NTkxLzMvMSA5NTkwLzQvMQpmIDk2OTIvMS8xIDk2OTMvMi8xIDk1OTIvMy8xIDk1OTEvNC8xCmYgOTY5My8xLzEgOTY5NC8yLzEgOTU5My8zLzEgOTU5Mi80LzEKZiA5Njk0LzEvMSA5Njk1LzIvMSA5NTk0LzMvMSA5NTkzLzQvMQpmIDk2OTUvMS8xIDk2OTYvMi8xIDk1OTUvMy8xIDk1OTQvNC8xCmYgOTY5Ny8xLzEgOTY5OC8yLzEgOTU5Ny8zLzEgOTU5Ni80LzEKZiA5Njk4LzEvMSA5Njk5LzIvMSA5NTk4LzMvMSA5NTk3LzQvMQpmIDk2OTkvMS8xIDk3MDAvMi8xIDk1OTkvMy8xIDk1OTgvNC8xCmYgOTcwMC8xLzEgOTcwMS8yLzEgOTYwMC8zLzEgOTU5OS80LzEKZiA5NzAxLzEvMSA5NzAyLzIvMSA5NjAxLzMvMSA5NjAwLzQvMQpmIDk3MDIvMS8xIDk3MDMvMi8xIDk2MDIvMy8xIDk2MDEvNC8xCmYgOTcwMy8xLzEgOTcwNC8yLzEgOTYwMy8zLzEgOTYwMi80LzEKZiA5NzA0LzEvMSA5NzA1LzIvMSA5NjA0LzMvMSA5NjAzLzQvMQpmIDk3MDUvMS8xIDk3MDYvMi8xIDk2MDUvMy8xIDk2MDQvNC8xCmYgOTcwNi8xLzEgOTcwNy8yLzEgOTYwNi8zLzEgOTYwNS80LzEKZiA5NzA3LzEvMSA5NzA4LzIvMSA5NjA3LzMvMSA5NjA2LzQvMQpmIDk3MDgvMS8xIDk3MDkvMi8xIDk2MDgvMy8xIDk2MDcvNC8xCmYgOTcwOS8xLzEgOTcxMC8yLzEgOTYwOS8zLzEgOTYwOC80LzEKZiA5NzEwLzEvMSA5NzExLzIvMSA5NjEwLzMvMSA5NjA5LzQvMQpmIDk3MTEvMS8xIDk3MTIvMi8xIDk2MTEvMy8xIDk2MTAvNC8xCmYgOTcxMi8xLzEgOTcxMy8yLzEgOTYxMi8zLzEgOTYxMS80LzEKZiA5NzEzLzEvMSA5NzE0LzIvMSA5NjEzLzMvMSA5NjEyLzQvMQpmIDk3MTQvMS8xIDk3MTUvMi8xIDk2MTQvMy8xIDk2MTMvNC8xCmYgOTcxNS8xLzEgOTcxNi8yLzEgOTYxNS8zLzEgOTYxNC80LzEKZiA5NzE2LzEvMSA5NzE3LzIvMSA5NjE2LzMvMSA5NjE1LzQvMQpmIDk3MTcvMS8xIDk3MTgvMi8xIDk2MTcvMy8xIDk2MTYvNC8xCmYgOTcxOC8xLzEgOTcxOS8yLzEgOTYxOC8zLzEgOTYxNy80LzEKZiA5NzE5LzEvMSA5NzIwLzIvMSA5NjE5LzMvMSA5NjE4LzQvMQpmIDk3MjAvMS8xIDk3MjEvMi8xIDk2MjAvMy8xIDk2MTkvNC8xCmYgOTcyMS8xLzEgOTcyMi8yLzEgOTYyMS8zLzEgOTYyMC80LzEKZiA5NzIyLzEvMSA5NzIzLzIvMSA5NjIyLzMvMSA5NjIxLzQvMQpmIDk3MjMvMS8xIDk3MjQvMi8xIDk2MjMvMy8xIDk2MjIvNC8xCmYgOTcyNC8xLzEgOTcyNS8yLzEgOTYyNC8zLzEgOTYyMy80LzEKZiA5NzI1LzEvMSA5NzI2LzIvMSA5NjI1LzMvMSA5NjI0LzQvMQpmIDk3MjYvMS8xIDk3MjcvMi8xIDk2MjYvMy8xIDk2MjUvNC8xCmYgOTcyNy8xLzEgOTcyOC8yLzEgOTYyNy8zLzEgOTYyNi80LzEKZiA5NzI4LzEvMSA5NzI5LzIvMSA5NjI4LzMvMSA5NjI3LzQvMQpmIDk3MjkvMS8xIDk3MzAvMi8xIDk2MjkvMy8xIDk2MjgvNC8xCmYgOTczMC8xLzEgOTczMS8yLzEgOTYzMC8zLzEgOTYyOS80LzEKZiA5NzMxLzEvMSA5NzMyLzIvMSA5NjMxLzMvMSA5NjMwLzQvMQpmIDk3MzIvMS8xIDk3MzMvMi8xIDk2MzIvMy8xIDk2MzEvNC8xCmYgOTczMy8xLzEgOTczNC8yLzEgOTYzMy8zLzEgOTYzMi80LzEKZiA5NzM0LzEvMSA5NzM1LzIvMSA5NjM0LzMvMSA5NjMzLzQvMQpmIDk3MzUvMS8xIDk3MzYvMi8xIDk2MzUvMy8xIDk2MzQvNC8xCmYgOTczNi8xLzEgOTczNy8yLzEgOTYzNi8zLzEgOTYzNS80LzEKZiA5NzM3LzEvMSA5NzM4LzIvMSA5NjM3LzMvMSA5NjM2LzQvMQpmIDk3MzgvMS8xIDk3MzkvMi8xIDk2MzgvMy8xIDk2MzcvNC8xCmYgOTczOS8xLzEgOTc0MC8yLzEgOTYzOS8zLzEgOTYzOC80LzEKZiA5NzQwLzEvMSA5NzQxLzIvMSA5NjQwLzMvMSA5NjM5LzQvMQpmIDk3NDEvMS8xIDk3NDIvMi8xIDk2NDEvMy8xIDk2NDAvNC8xCmYgOTc0Mi8xLzEgOTc0My8yLzEgOTY0Mi8zLzEgOTY0MS80LzEKZiA5NzQzLzEvMSA5NzQ0LzIvMSA5NjQzLzMvMSA5NjQyLzQvMQpmIDk3NDQvMS8xIDk3NDUvMi8xIDk2NDQvMy8xIDk2NDMvNC8xCmYgOTc0NS8xLzEgOTc0Ni8yLzEgOTY0NS8zLzEgOTY0NC80LzEKZiA5NzQ2LzEvMSA5NzQ3LzIvMSA5NjQ2LzMvMSA5NjQ1LzQvMQpmIDk3NDcvMS8xIDk3NDgvMi8xIDk2NDcvMy8xIDk2NDYvNC8xCmYgOTc0OC8xLzEgOTc0OS8yLzEgOTY0OC8zLzEgOTY0Ny80LzEKZiA5NzQ5LzEvMSA5NzUwLzIvMSA5NjQ5LzMvMSA5NjQ4LzQvMQpmIDk3NTAvMS8xIDk3NTEvMi8xIDk2NTAvMy8xIDk2NDkvNC8xCmYgOTc1MS8xLzEgOTc1Mi8yLzEgOTY1MS8zLzEgOTY1MC80LzEKZiA5NzUyLzEvMSA5NzUzLzIvMSA5NjUyLzMvMSA5NjUxLzQvMQpmIDk3NTMvMS8xIDk3NTQvMi8xIDk2NTMvMy8xIDk2NTIvNC8xCmYgOTc1NC8xLzEgOTc1NS8yLzEgOTY1NC8zLzEgOTY1My80LzEKZiA5NzU1LzEvMSA5NzU2LzIvMSA5NjU1LzMvMSA5NjU0LzQvMQpmIDk3NTYvMS8xIDk3NTcvMi8xIDk2NTYvMy8xIDk2NTUvNC8xCmYgOTc1Ny8xLzEgOTc1OC8yLzEgOTY1Ny8zLzEgOTY1Ni80LzEKZiA5NzU4LzEvMSA5NzU5LzIvMSA5NjU4LzMvMSA5NjU3LzQvMQpmIDk3NTkvMS8xIDk3NjAvMi8xIDk2NTkvMy8xIDk2NTgvNC8xCmYgOTc2MC8xLzEgOTc2MS8yLzEgOTY2MC8zLzEgOTY1OS80LzEKZiA5NzYxLzEvMSA5NzYyLzIvMSA5NjYxLzMvMSA5NjYwLzQvMQpmIDk3NjIvMS8xIDk3NjMvMi8xIDk2NjIvMy8xIDk2NjEvNC8xCmYgOTc2My8xLzEgOTc2NC8yLzEgOTY2My8zLzEgOTY2Mi80LzEKZiA5NzY0LzEvMSA5NzY1LzIvMSA5NjY0LzMvMSA5NjYzLzQvMQpmIDk3NjUvMS8xIDk3NjYvMi8xIDk2NjUvMy8xIDk2NjQvNC8xCmYgOTc2Ni8xLzEgOTc2Ny8yLzEgOTY2Ni8zLzEgOTY2NS80LzEKZiA5NzY3LzEvMSA5NzY4LzIvMSA5NjY3LzMvMSA5NjY2LzQvMQpmIDk3NjgvMS8xIDk3NjkvMi8xIDk2NjgvMy8xIDk2NjcvNC8xCmYgOTc2OS8xLzEgOTc3MC8yLzEgOTY2OS8zLzEgOTY2OC80LzEKZiA5NzcwLzEvMSA5NzcxLzIvMSA5NjcwLzMvMSA5NjY5LzQvMQpmIDk3NzEvMS8xIDk3NzIvMi8xIDk2NzEvMy8xIDk2NzAvNC8xCmYgOTc3Mi8xLzEgOTc3My8yLzEgOTY3Mi8zLzEgOTY3MS80LzEKZiA5NzczLzEvMSA5Nzc0LzIvMSA5NjczLzMvMSA5NjcyLzQvMQpmIDk3NzQvMS8xIDk3NzUvMi8xIDk2NzQvMy8xIDk2NzMvNC8xCmYgOTc3NS8xLzEgOTc3Ni8yLzEgOTY3NS8zLzEgOTY3NC80LzEKZiA5Nzc2LzEvMSA5Nzc3LzIvMSA5Njc2LzMvMSA5Njc1LzQvMQpmIDk3NzcvMS8xIDk3NzgvMi8xIDk2NzcvMy8xIDk2NzYvNC8xCmYgOTc3OC8xLzEgOTc3OS8yLzEgOTY3OC8zLzEgOTY3Ny80LzEKZiA5Nzc5LzEvMSA5NzgwLzIvMSA5Njc5LzMvMSA5Njc4LzQvMQpmIDk3ODAvMS8xIDk3ODEvMi8xIDk2ODAvMy8xIDk2NzkvNC8xCmYgOTc4MS8xLzEgOTc4Mi8yLzEgOTY4MS8zLzEgOTY4MC80LzEKZiA5NzgyLzEvMSA5NzgzLzIvMSA5NjgyLzMvMSA5NjgxLzQvMQpmIDk3ODMvMS8xIDk3ODQvMi8xIDk2ODMvMy8xIDk2ODIvNC8xCmYgOTc4NC8xLzEgOTc4NS8yLzEgOTY4NC8zLzEgOTY4My80LzEKZiA5Nzg1LzEvMSA5Nzg2LzIvMSA5Njg1LzMvMSA5Njg0LzQvMQpmIDk3ODYvMS8xIDk3ODcvMi8xIDk2ODYvMy8xIDk2ODUvNC8xCmYgOTc4Ny8xLzEgOTc4OC8yLzEgOTY4Ny8zLzEgOTY4Ni80LzEKZiA5Nzg4LzEvMSA5Nzg5LzIvMSA5Njg4LzMvMSA5Njg3LzQvMQpmIDk3ODkvMS8xIDk3OTAvMi8xIDk2ODkvMy8xIDk2ODgvNC8xCmYgOTc5MC8xLzEgOTc5MS8yLzEgOTY5MC8zLzEgOTY4OS80LzEKZiA5NzkxLzEvMSA5NzkyLzIvMSA5NjkxLzMvMSA5NjkwLzQvMQpmIDk3OTIvMS8xIDk3OTMvMi8xIDk2OTIvMy8xIDk2OTEvNC8xCmYgOTc5My8xLzEgOTc5NC8yLzEgOTY5My8zLzEgOTY5Mi80LzEKZiA5Nzk0LzEvMSA5Nzk1LzIvMSA5Njk0LzMvMSA5NjkzLzQvMQpmIDk3OTUvMS8xIDk3OTYvMi8xIDk2OTUvMy8xIDk2OTQvNC8xCmYgOTc5Ni8xLzEgOTc5Ny8yLzEgOTY5Ni8zLzEgOTY5NS80LzEKZiA5Nzk4LzEvMSA5Nzk5LzIvMSA5Njk4LzMvMSA5Njk3LzQvMQpmIDk3OTkvMS8xIDk4MDAvMi8xIDk2OTkvMy8xIDk2OTgvNC8xCmYgOTgwMC8xLzEgOTgwMS8yLzEgOTcwMC8zLzEgOTY5OS80LzEKZiA5ODAxLzEvMSA5ODAyLzIvMSA5NzAxLzMvMSA5NzAwLzQvMQpmIDk4MDIvMS8xIDk4MDMvMi8xIDk3MDIvMy8xIDk3MDEvNC8xCmYgOTgwMy8xLzEgOTgwNC8yLzEgOTcwMy8zLzEgOTcwMi80LzEKZiA5ODA0LzEvMSA5ODA1LzIvMSA5NzA0LzMvMSA5NzAzLzQvMQpmIDk4MDUvMS8xIDk4MDYvMi8xIDk3MDUvMy8xIDk3MDQvNC8xCmYgOTgwNi8xLzEgOTgwNy8yLzEgOTcwNi8zLzEgOTcwNS80LzEKZiA5ODA3LzEvMSA5ODA4LzIvMSA5NzA3LzMvMSA5NzA2LzQvMQpmIDk4MDgvMS8xIDk4MDkvMi8xIDk3MDgvMy8xIDk3MDcvNC8xCmYgOTgwOS8xLzEgOTgxMC8yLzEgOTcwOS8zLzEgOTcwOC80LzEKZiA5ODEwLzEvMSA5ODExLzIvMSA5NzEwLzMvMSA5NzA5LzQvMQpmIDk4MTEvMS8xIDk4MTIvMi8xIDk3MTEvMy8xIDk3MTAvNC8xCmYgOTgxMi8xLzEgOTgxMy8yLzEgOTcxMi8zLzEgOTcxMS80LzEKZiA5ODEzLzEvMSA5ODE0LzIvMSA5NzEzLzMvMSA5NzEyLzQvMQpmIDk4MTQvMS8xIDk4MTUvMi8xIDk3MTQvMy8xIDk3MTMvNC8xCmYgOTgxNS8xLzEgOTgxNi8yLzEgOTcxNS8zLzEgOTcxNC80LzEKZiA5ODE2LzEvMSA5ODE3LzIvMSA5NzE2LzMvMSA5NzE1LzQvMQpmIDk4MTcvMS8xIDk4MTgvMi8xIDk3MTcvMy8xIDk3MTYvNC8xCmYgOTgxOC8xLzEgOTgxOS8yLzEgOTcxOC8zLzEgOTcxNy80LzEKZiA5ODE5LzEvMSA5ODIwLzIvMSA5NzE5LzMvMSA5NzE4LzQvMQpmIDk4MjAvMS8xIDk4MjEvMi8xIDk3MjAvMy8xIDk3MTkvNC8xCmYgOTgyMS8xLzEgOTgyMi8yLzEgOTcyMS8zLzEgOTcyMC80LzEKZiA5ODIyLzEvMSA5ODIzLzIvMSA5NzIyLzMvMSA5NzIxLzQvMQpmIDk4MjMvMS8xIDk4MjQvMi8xIDk3MjMvMy8xIDk3MjIvNC8xCmYgOTgyNC8xLzEgOTgyNS8yLzEgOTcyNC8zLzEgOTcyMy80LzEKZiA5ODI1LzEvMSA5ODI2LzIvMSA5NzI1LzMvMSA5NzI0LzQvMQpmIDk4MjYvMS8xIDk4MjcvMi8xIDk3MjYvMy8xIDk3MjUvNC8xCmYgOTgyNy8xLzEgOTgyOC8yLzEgOTcyNy8zLzEgOTcyNi80LzEKZiA5ODI4LzEvMSA5ODI5LzIvMSA5NzI4LzMvMSA5NzI3LzQvMQpmIDk4MjkvMS8xIDk4MzAvMi8xIDk3MjkvMy8xIDk3MjgvNC8xCmYgOTgzMC8xLzEgOTgzMS8yLzEgOTczMC8zLzEgOTcyOS80LzEKZiA5ODMxLzEvMSA5ODMyLzIvMSA5NzMxLzMvMSA5NzMwLzQvMQpmIDk4MzIvMS8xIDk4MzMvMi8xIDk3MzIvMy8xIDk3MzEvNC8xCmYgOTgzMy8xLzEgOTgzNC8yLzEgOTczMy8zLzEgOTczMi80LzEKZiA5ODM0LzEvMSA5ODM1LzIvMSA5NzM0LzMvMSA5NzMzLzQvMQpmIDk4MzUvMS8xIDk4MzYvMi8xIDk3MzUvMy8xIDk3MzQvNC8xCmYgOTgzNi8xLzEgOTgzNy8yLzEgOTczNi8zLzEgOTczNS80LzEKZiA5ODM3LzEvMSA5ODM4LzIvMSA5NzM3LzMvMSA5NzM2LzQvMQpmIDk4MzgvMS8xIDk4MzkvMi8xIDk3MzgvMy8xIDk3MzcvNC8xCmYgOTgzOS8xLzEgOTg0MC8yLzEgOTczOS8zLzEgOTczOC80LzEKZiA5ODQwLzEvMSA5ODQxLzIvMSA5NzQwLzMvMSA5NzM5LzQvMQpmIDk4NDEvMS8xIDk4NDIvMi8xIDk3NDEvMy8xIDk3NDAvNC8xCmYgOTg0Mi8xLzEgOTg0My8yLzEgOTc0Mi8zLzEgOTc0MS80LzEKZiA5ODQzLzEvMSA5ODQ0LzIvMSA5NzQzLzMvMSA5NzQyLzQvMQpmIDk4NDQvMS8xIDk4NDUvMi8xIDk3NDQvMy8xIDk3NDMvNC8xCmYgOTg0NS8xLzEgOTg0Ni8yLzEgOTc0NS8zLzEgOTc0NC80LzEKZiA5ODQ2LzEvMSA5ODQ3LzIvMSA5NzQ2LzMvMSA5NzQ1LzQvMQpmIDk4NDcvMS8xIDk4NDgvMi8xIDk3NDcvMy8xIDk3NDYvNC8xCmYgOTg0OC8xLzEgOTg0OS8yLzEgOTc0OC8zLzEgOTc0Ny80LzEKZiA5ODQ5LzEvMSA5ODUwLzIvMSA5NzQ5LzMvMSA5NzQ4LzQvMQpmIDk4NTAvMS8xIDk4NTEvMi8xIDk3NTAvMy8xIDk3NDkvNC8xCmYgOTg1MS8xLzEgOTg1Mi8yLzEgOTc1MS8zLzEgOTc1MC80LzEKZiA5ODUyLzEvMSA5ODUzLzIvMSA5NzUyLzMvMSA5NzUxLzQvMQpmIDk4NTMvMS8xIDk4NTQvMi8xIDk3NTMvMy8xIDk3NTIvNC8xCmYgOTg1NC8xLzEgOTg1NS8yLzEgOTc1NC8zLzEgOTc1My80LzEKZiA5ODU1LzEvMSA5ODU2LzIvMSA5NzU1LzMvMSA5NzU0LzQvMQpmIDk4NTYvMS8xIDk4NTcvMi8xIDk3NTYvMy8xIDk3NTUvNC8xCmYgOTg1Ny8xLzEgOTg1OC8yLzEgOTc1Ny8zLzEgOTc1Ni80LzEKZiA5ODU4LzEvMSA5ODU5LzIvMSA5NzU4LzMvMSA5NzU3LzQvMQpmIDk4NTkvMS8xIDk4NjAvMi8xIDk3NTkvMy8xIDk3NTgvNC8xCmYgOTg2MC8xLzEgOTg2MS8yLzEgOTc2MC8zLzEgOTc1OS80LzEKZiA5ODYxLzEvMSA5ODYyLzIvMSA5NzYxLzMvMSA5NzYwLzQvMQpmIDk4NjIvMS8xIDk4NjMvMi8xIDk3NjIvMy8xIDk3NjEvNC8xCmYgOTg2My8xLzEgOTg2NC8yLzEgOTc2My8zLzEgOTc2Mi80LzEKZiA5ODY0LzEvMSA5ODY1LzIvMSA5NzY0LzMvMSA5NzYzLzQvMQpmIDk4NjUvMS8xIDk4NjYvMi8xIDk3NjUvMy8xIDk3NjQvNC8xCmYgOTg2Ni8xLzEgOTg2Ny8yLzEgOTc2Ni8zLzEgOTc2NS80LzEKZiA5ODY3LzEvMSA5ODY4LzIvMSA5NzY3LzMvMSA5NzY2LzQvMQpmIDk4NjgvMS8xIDk4NjkvMi8xIDk3NjgvMy8xIDk3NjcvNC8xCmYgOTg2OS8xLzEgOTg3MC8yLzEgOTc2OS8zLzEgOTc2OC80LzEKZiA5ODcwLzEvMSA5ODcxLzIvMSA5NzcwLzMvMSA5NzY5LzQvMQpmIDk4NzEvMS8xIDk4NzIvMi8xIDk3NzEvMy8xIDk3NzAvNC8xCmYgOTg3Mi8xLzEgOTg3My8yLzEgOTc3Mi8zLzEgOTc3MS80LzEKZiA5ODczLzEvMSA5ODc0LzIvMSA5NzczLzMvMSA5NzcyLzQvMQpmIDk4NzQvMS8xIDk4NzUvMi8xIDk3NzQvMy8xIDk3NzMvNC8xCmYgOTg3NS8xLzEgOTg3Ni8yLzEgOTc3NS8zLzEgOTc3NC80LzEKZiA5ODc2LzEvMSA5ODc3LzIvMSA5Nzc2LzMvMSA5Nzc1LzQvMQpmIDk4NzcvMS8xIDk4NzgvMi8xIDk3NzcvMy8xIDk3NzYvNC8xCmYgOTg3OC8xLzEgOTg3OS8yLzEgOTc3OC8zLzEgOTc3Ny80LzEKZiA5ODc5LzEvMSA5ODgwLzIvMSA5Nzc5LzMvMSA5Nzc4LzQvMQpmIDk4ODAvMS8xIDk4ODEvMi8xIDk3ODAvMy8xIDk3NzkvNC8xCmYgOTg4MS8xLzEgOTg4Mi8yLzEgOTc4MS8zLzEgOTc4MC80LzEKZiA5ODgyLzEvMSA5ODgzLzIvMSA5NzgyLzMvMSA5NzgxLzQvMQpmIDk4ODMvMS8xIDk4ODQvMi8xIDk3ODMvMy8xIDk3ODIvNC8xCmYgOTg4NC8xLzEgOTg4NS8yLzEgOTc4NC8zLzEgOTc4My80LzEKZiA5ODg1LzEvMSA5ODg2LzIvMSA5Nzg1LzMvMSA5Nzg0LzQvMQpmIDk4ODYvMS8xIDk4ODcvMi8xIDk3ODYvMy8xIDk3ODUvNC8xCmYgOTg4Ny8xLzEgOTg4OC8yLzEgOTc4Ny8zLzEgOTc4Ni80LzEKZiA5ODg4LzEvMSA5ODg5LzIvMSA5Nzg4LzMvMSA5Nzg3LzQvMQpmIDk4ODkvMS8xIDk4OTAvMi8xIDk3ODkvMy8xIDk3ODgvNC8xCmYgOTg5MC8xLzEgOTg5MS8yLzEgOTc5MC8zLzEgOTc4OS80LzEKZiA5ODkxLzEvMSA5ODkyLzIvMSA5NzkxLzMvMSA5NzkwLzQvMQpmIDk4OTIvMS8xIDk4OTMvMi8xIDk3OTIvMy8xIDk3OTEvNC8xCmYgOTg5My8xLzEgOTg5NC8yLzEgOTc5My8zLzEgOTc5Mi80LzEKZiA5ODk0LzEvMSA5ODk1LzIvMSA5Nzk0LzMvMSA5NzkzLzQvMQpmIDk4OTUvMS8xIDk4OTYvMi8xIDk3OTUvMy8xIDk3OTQvNC8xCmYgOTg5Ni8xLzEgOTg5Ny8yLzEgOTc5Ni8zLzEgOTc5NS80LzEKZiA5ODk3LzEvMSA5ODk4LzIvMSA5Nzk3LzMvMSA5Nzk2LzQvMQpmIDk4OTkvMS8xIDk5MDAvMi8xIDk3OTkvMy8xIDk3OTgvNC8xCmYgOTkwMC8xLzEgOTkwMS8yLzEgOTgwMC8zLzEgOTc5OS80LzEKZiA5OTAxLzEvMSA5OTAyLzIvMSA5ODAxLzMvMSA5ODAwLzQvMQpmIDk5MDIvMS8xIDk5MDMvMi8xIDk4MDIvMy8xIDk4MDEvNC8xCmYgOTkwMy8xLzEgOTkwNC8yLzEgOTgwMy8zLzEgOTgwMi80LzEKZiA5OTA0LzEvMSA5OTA1LzIvMSA5ODA0LzMvMSA5ODAzLzQvMQpmIDk5MDUvMS8xIDk5MDYvMi8xIDk4MDUvMy8xIDk4MDQvNC8xCmYgOTkwNi8xLzEgOTkwNy8yLzEgOTgwNi8zLzEgOTgwNS80LzEKZiA5OTA3LzEvMSA5OTA4LzIvMSA5ODA3LzMvMSA5ODA2LzQvMQpmIDk5MDgvMS8xIDk5MDkvMi8xIDk4MDgvMy8xIDk4MDcvNC8xCmYgOTkwOS8xLzEgOTkxMC8yLzEgOTgwOS8zLzEgOTgwOC80LzEKZiA5OTEwLzEvMSA5OTExLzIvMSA5ODEwLzMvMSA5ODA5LzQvMQpmIDk5MTEvMS8xIDk5MTIvMi8xIDk4MTEvMy8xIDk4MTAvNC8xCmYgOTkxMi8xLzEgOTkxMy8yLzEgOTgxMi8zLzEgOTgxMS80LzEKZiA5OTEzLzEvMSA5OTE0LzIvMSA5ODEzLzMvMSA5ODEyLzQvMQpmIDk5MTQvMS8xIDk5MTUvMi8xIDk4MTQvMy8xIDk4MTMvNC8xCmYgOTkxNS8xLzEgOTkxNi8yLzEgOTgxNS8zLzEgOTgxNC80LzEKZiA5OTE2LzEvMSA5OTE3LzIvMSA5ODE2LzMvMSA5ODE1LzQvMQpmIDk5MTcvMS8xIDk5MTgvMi8xIDk4MTcvMy8xIDk4MTYvNC8xCmYgOTkxOC8xLzEgOTkxOS8yLzEgOTgxOC8zLzEgOTgxNy80LzEKZiA5OTE5LzEvMSA5OTIwLzIvMSA5ODE5LzMvMSA5ODE4LzQvMQpmIDk5MjAvMS8xIDk5MjEvMi8xIDk4MjAvMy8xIDk4MTkvNC8xCmYgOTkyMS8xLzEgOTkyMi8yLzEgOTgyMS8zLzEgOTgyMC80LzEKZiA5OTIyLzEvMSA5OTIzLzIvMSA5ODIyLzMvMSA5ODIxLzQvMQpmIDk5MjMvMS8xIDk5MjQvMi8xIDk4MjMvMy8xIDk4MjIvNC8xCmYgOTkyNC8xLzEgOTkyNS8yLzEgOTgyNC8zLzEgOTgyMy80LzEKZiA5OTI1LzEvMSA5OTI2LzIvMSA5ODI1LzMvMSA5ODI0LzQvMQpmIDk5MjYvMS8xIDk5MjcvMi8xIDk4MjYvMy8xIDk4MjUvNC8xCmYgOTkyNy8xLzEgOTkyOC8yLzEgOTgyNy8zLzEgOTgyNi80LzEKZiA5OTI4LzEvMSA5OTI5LzIvMSA5ODI4LzMvMSA5ODI3LzQvMQpmIDk5MjkvMS8xIDk5MzAvMi8xIDk4MjkvMy8xIDk4MjgvNC8xCmYgOTkzMC8xLzEgOTkzMS8yLzEgOTgzMC8zLzEgOTgyOS80LzEKZiA5OTMxLzEvMSA5OTMyLzIvMSA5ODMxLzMvMSA5ODMwLzQvMQpmIDk5MzIvMS8xIDk5MzMvMi8xIDk4MzIvMy8xIDk4MzEvNC8xCmYgOTkzMy8xLzEgOTkzNC8yLzEgOTgzMy8zLzEgOTgzMi80LzEKZiA5OTM0LzEvMSA5OTM1LzIvMSA5ODM0LzMvMSA5ODMzLzQvMQpmIDk5MzUvMS8xIDk5MzYvMi8xIDk4MzUvMy8xIDk4MzQvNC8xCmYgOTkzNi8xLzEgOTkzNy8yLzEgOTgzNi8zLzEgOTgzNS80LzEKZiA5OTM3LzEvMSA5OTM4LzIvMSA5ODM3LzMvMSA5ODM2LzQvMQpmIDk5MzgvMS8xIDk5MzkvMi8xIDk4MzgvMy8xIDk4MzcvNC8xCmYgOTkzOS8xLzEgOTk0MC8yLzEgOTgzOS8zLzEgOTgzOC80LzEKZiA5OTQwLzEvMSA5OTQxLzIvMSA5ODQwLzMvMSA5ODM5LzQvMQpmIDk5NDEvMS8xIDk5NDIvMi8xIDk4NDEvMy8xIDk4NDAvNC8xCmYgOTk0Mi8xLzEgOTk0My8yLzEgOTg0Mi8zLzEgOTg0MS80LzEKZiA5OTQzLzEvMSA5OTQ0LzIvMSA5ODQzLzMvMSA5ODQyLzQvMQpmIDk5NDQvMS8xIDk5NDUvMi8xIDk4NDQvMy8xIDk4NDMvNC8xCmYgOTk0NS8xLzEgOTk0Ni8yLzEgOTg0NS8zLzEgOTg0NC80LzEKZiA5OTQ2LzEvMSA5OTQ3LzIvMSA5ODQ2LzMvMSA5ODQ1LzQvMQpmIDk5NDcvMS8xIDk5NDgvMi8xIDk4NDcvMy8xIDk4NDYvNC8xCmYgOTk0OC8xLzEgOTk0OS8yLzEgOTg0OC8zLzEgOTg0Ny80LzEKZiA5OTQ5LzEvMSA5OTUwLzIvMSA5ODQ5LzMvMSA5ODQ4LzQvMQpmIDk5NTAvMS8xIDk5NTEvMi8xIDk4NTAvMy8xIDk4NDkvNC8xCmYgOTk1MS8xLzEgOTk1Mi8yLzEgOTg1MS8zLzEgOTg1MC80LzEKZiA5OTUyLzEvMSA5OTUzLzIvMSA5ODUyLzMvMSA5ODUxLzQvMQpmIDk5NTMvMS8xIDk5NTQvMi8xIDk4NTMvMy8xIDk4NTIvNC8xCmYgOTk1NC8xLzEgOTk1NS8yLzEgOTg1NC8zLzEgOTg1My80LzEKZiA5OTU1LzEvMSA5OTU2LzIvMSA5ODU1LzMvMSA5ODU0LzQvMQpmIDk5NTYvMS8xIDk5NTcvMi8xIDk4NTYvMy8xIDk4NTUvNC8xCmYgOTk1Ny8xLzEgOTk1OC8yLzEgOTg1Ny8zLzEgOTg1Ni80LzEKZiA5OTU4LzEvMSA5OTU5LzIvMSA5ODU4LzMvMSA5ODU3LzQvMQpmIDk5NTkvMS8xIDk5NjAvMi8xIDk4NTkvMy8xIDk4NTgvNC8xCmYgOTk2MC8xLzEgOTk2MS8yLzEgOTg2MC8zLzEgOTg1OS80LzEKZiA5OTYxLzEvMSA5OTYyLzIvMSA5ODYxLzMvMSA5ODYwLzQvMQpmIDk5NjIvMS8xIDk5NjMvMi8xIDk4NjIvMy8xIDk4NjEvNC8xCmYgOTk2My8xLzEgOTk2NC8yLzEgOTg2My8zLzEgOTg2Mi80LzEKZiA5OTY0LzEvMSA5OTY1LzIvMSA5ODY0LzMvMSA5ODYzLzQvMQpmIDk5NjUvMS8xIDk5NjYvMi8xIDk4NjUvMy8xIDk4NjQvNC8xCmYgOTk2Ni8xLzEgOTk2Ny8yLzEgOTg2Ni8zLzEgOTg2NS80LzEKZiA5OTY3LzEvMSA5OTY4LzIvMSA5ODY3LzMvMSA5ODY2LzQvMQpmIDk5NjgvMS8xIDk5NjkvMi8xIDk4NjgvMy8xIDk4NjcvNC8xCmYgOTk2OS8xLzEgOTk3MC8yLzEgOTg2OS8zLzEgOTg2OC80LzEKZiA5OTcwLzEvMSA5OTcxLzIvMSA5ODcwLzMvMSA5ODY5LzQvMQpmIDk5NzEvMS8xIDk5NzIvMi8xIDk4NzEvMy8xIDk4NzAvNC8xCmYgOTk3Mi8xLzEgOTk3My8yLzEgOTg3Mi8zLzEgOTg3MS80LzEKZiA5OTczLzEvMSA5OTc0LzIvMSA5ODczLzMvMSA5ODcyLzQvMQpmIDk5NzQvMS8xIDk5NzUvMi8xIDk4NzQvMy8xIDk4NzMvNC8xCmYgOTk3NS8xLzEgOTk3Ni8yLzEgOTg3NS8zLzEgOTg3NC80LzEKZiA5OTc2LzEvMSA5OTc3LzIvMSA5ODc2LzMvMSA5ODc1LzQvMQpmIDk5NzcvMS8xIDk5NzgvMi8xIDk4NzcvMy8xIDk4NzYvNC8xCmYgOTk3OC8xLzEgOTk3OS8yLzEgOTg3OC8zLzEgOTg3Ny80LzEKZiA5OTc5LzEvMSA5OTgwLzIvMSA5ODc5LzMvMSA5ODc4LzQvMQpmIDk5ODAvMS8xIDk5ODEvMi8xIDk4ODAvMy8xIDk4NzkvNC8xCmYgOTk4MS8xLzEgOTk4Mi8yLzEgOTg4MS8zLzEgOTg4MC80LzEKZiA5OTgyLzEvMSA5OTgzLzIvMSA5ODgyLzMvMSA5ODgxLzQvMQpmIDk5ODMvMS8xIDk5ODQvMi8xIDk4ODMvMy8xIDk4ODIvNC8xCmYgOTk4NC8xLzEgOTk4NS8yLzEgOTg4NC8zLzEgOTg4My80LzEKZiA5OTg1LzEvMSA5OTg2LzIvMSA5ODg1LzMvMSA5ODg0LzQvMQpmIDk5ODYvMS8xIDk5ODcvMi8xIDk4ODYvMy8xIDk4ODUvNC8xCmYgOTk4Ny8xLzEgOTk4OC8yLzEgOTg4Ny8zLzEgOTg4Ni80LzEKZiA5OTg4LzEvMSA5OTg5LzIvMSA5ODg4LzMvMSA5ODg3LzQvMQpmIDk5ODkvMS8xIDk5OTAvMi8xIDk4ODkvMy8xIDk4ODgvNC8xCmYgOTk5MC8xLzEgOTk5MS8yLzEgOTg5MC8zLzEgOTg4OS80LzEKZiA5OTkxLzEvMSA5OTkyLzIvMSA5ODkxLzMvMSA5ODkwLzQvMQpmIDk5OTIvMS8xIDk5OTMvMi8xIDk4OTIvMy8xIDk4OTEvNC8xCmYgOTk5My8xLzEgOTk5NC8yLzEgOTg5My8zLzEgOTg5Mi80LzEKZiA5OTk0LzEvMSA5OTk1LzIvMSA5ODk0LzMvMSA5ODkzLzQvMQpmIDk5OTUvMS8xIDk5OTYvMi8xIDk4OTUvMy8xIDk4OTQvNC8xCmYgOTk5Ni8xLzEgOTk5Ny8yLzEgOTg5Ni8zLzEgOTg5NS80LzEKZiA5OTk3LzEvMSA5OTk4LzIvMSA5ODk3LzMvMSA5ODk2LzQvMQpmIDk5OTgvMS8xIDk5OTkvMi8xIDk4OTgvMy8xIDk4OTcvNC8xCmYgMTAwMDAvMS8xIDEwMDAxLzIvMSA5OTAwLzMvMSA5ODk5LzQvMQpmIDEwMDAxLzEvMSAxMDAwMi8yLzEgOTkwMS8zLzEgOTkwMC80LzEKZiAxMDAwMi8xLzEgMTAwMDMvMi8xIDk5MDIvMy8xIDk5MDEvNC8xCmYgMTAwMDMvMS8xIDEwMDA0LzIvMSA5OTAzLzMvMSA5OTAyLzQvMQpmIDEwMDA0LzEvMSAxMDAwNS8yLzEgOTkwNC8zLzEgOTkwMy80LzEKZiAxMDAwNS8xLzEgMTAwMDYvMi8xIDk5MDUvMy8xIDk5MDQvNC8xCmYgMTAwMDYvMS8xIDEwMDA3LzIvMSA5OTA2LzMvMSA5OTA1LzQvMQpmIDEwMDA3LzEvMSAxMDAwOC8yLzEgOTkwNy8zLzEgOTkwNi80LzEKZiAxMDAwOC8xLzEgMTAwMDkvMi8xIDk5MDgvMy8xIDk5MDcvNC8xCmYgMTAwMDkvMS8xIDEwMDEwLzIvMSA5OTA5LzMvMSA5OTA4LzQvMQpmIDEwMDEwLzEvMSAxMDAxMS8yLzEgOTkxMC8zLzEgOTkwOS80LzEKZiAxMDAxMS8xLzEgMTAwMTIvMi8xIDk5MTEvMy8xIDk5MTAvNC8xCmYgMTAwMTIvMS8xIDEwMDEzLzIvMSA5OTEyLzMvMSA5OTExLzQvMQpmIDEwMDEzLzEvMSAxMDAxNC8yLzEgOTkxMy8zLzEgOTkxMi80LzEKZiAxMDAxNC8xLzEgMTAwMTUvMi8xIDk5MTQvMy8xIDk5MTMvNC8xCmYgMTAwMTUvMS8xIDEwMDE2LzIvMSA5OTE1LzMvMSA5OTE0LzQvMQpmIDEwMDE2LzEvMSAxMDAxNy8yLzEgOTkxNi8zLzEgOTkxNS80LzEKZiAxMDAxNy8xLzEgMTAwMTgvMi8xIDk5MTcvMy8xIDk5MTYvNC8xCmYgMTAwMTgvMS8xIDEwMDE5LzIvMSA5OTE4LzMvMSA5OTE3LzQvMQpmIDEwMDE5LzEvMSAxMDAyMC8yLzEgOTkxOS8zLzEgOTkxOC80LzEKZiAxMDAyMC8xLzEgMTAwMjEvMi8xIDk5MjAvMy8xIDk5MTkvNC8xCmYgMTAwMjEvMS8xIDEwMDIyLzIvMSA5OTIxLzMvMSA5OTIwLzQvMQpmIDEwMDIyLzEvMSAxMDAyMy8yLzEgOTkyMi8zLzEgOTkyMS80LzEKZiAxMDAyMy8xLzEgMTAwMjQvMi8xIDk5MjMvMy8xIDk5MjIvNC8xCmYgMTAwMjQvMS8xIDEwMDI1LzIvMSA5OTI0LzMvMSA5OTIzLzQvMQpmIDEwMDI1LzEvMSAxMDAyNi8yLzEgOTkyNS8zLzEgOTkyNC80LzEKZiAxMDAyNi8xLzEgMTAwMjcvMi8xIDk5MjYvMy8xIDk5MjUvNC8xCmYgMTAwMjcvMS8xIDEwMDI4LzIvMSA5OTI3LzMvMSA5OTI2LzQvMQpmIDEwMDI4LzEvMSAxMDAyOS8yLzEgOTkyOC8zLzEgOTkyNy80LzEKZiAxMDAyOS8xLzEgMTAwMzAvMi8xIDk5MjkvMy8xIDk5MjgvNC8xCmYgMTAwMzAvMS8xIDEwMDMxLzIvMSA5OTMwLzMvMSA5OTI5LzQvMQpmIDEwMDMxLzEvMSAxMDAzMi8yLzEgOTkzMS8zLzEgOTkzMC80LzEKZiAxMDAzMi8xLzEgMTAwMzMvMi8xIDk5MzIvMy8xIDk5MzEvNC8xCmYgMTAwMzMvMS8xIDEwMDM0LzIvMSA5OTMzLzMvMSA5OTMyLzQvMQpmIDEwMDM0LzEvMSAxMDAzNS8yLzEgOTkzNC8zLzEgOTkzMy80LzEKZiAxMDAzNS8xLzEgMTAwMzYvMi8xIDk5MzUvMy8xIDk5MzQvNC8xCmYgMTAwMzYvMS8xIDEwMDM3LzIvMSA5OTM2LzMvMSA5OTM1LzQvMQpmIDEwMDM3LzEvMSAxMDAzOC8yLzEgOTkzNy8zLzEgOTkzNi80LzEKZiAxMDAzOC8xLzEgMTAwMzkvMi8xIDk5MzgvMy8xIDk5MzcvNC8xCmYgMTAwMzkvMS8xIDEwMDQwLzIvMSA5OTM5LzMvMSA5OTM4LzQvMQpmIDEwMDQwLzEvMSAxMDA0MS8yLzEgOTk0MC8zLzEgOTkzOS80LzEKZiAxMDA0MS8xLzEgMTAwNDIvMi8xIDk5NDEvMy8xIDk5NDAvNC8xCmYgMTAwNDIvMS8xIDEwMDQzLzIvMSA5OTQyLzMvMSA5OTQxLzQvMQpmIDEwMDQzLzEvMSAxMDA0NC8yLzEgOTk0My8zLzEgOTk0Mi80LzEKZiAxMDA0NC8xLzEgMTAwNDUvMi8xIDk5NDQvMy8xIDk5NDMvNC8xCmYgMTAwNDUvMS8xIDEwMDQ2LzIvMSA5OTQ1LzMvMSA5OTQ0LzQvMQpmIDEwMDQ2LzEvMSAxMDA0Ny8yLzEgOTk0Ni8zLzEgOTk0NS80LzEKZiAxMDA0Ny8xLzEgMTAwNDgvMi8xIDk5NDcvMy8xIDk5NDYvNC8xCmYgMTAwNDgvMS8xIDEwMDQ5LzIvMSA5OTQ4LzMvMSA5OTQ3LzQvMQpmIDEwMDQ5LzEvMSAxMDA1MC8yLzEgOTk0OS8zLzEgOTk0OC80LzEKZiAxMDA1MC8xLzEgMTAwNTEvMi8xIDk5NTAvMy8xIDk5NDkvNC8xCmYgMTAwNTEvMS8xIDEwMDUyLzIvMSA5OTUxLzMvMSA5OTUwLzQvMQpmIDEwMDUyLzEvMSAxMDA1My8yLzEgOTk1Mi8zLzEgOTk1MS80LzEKZiAxMDA1My8xLzEgMTAwNTQvMi8xIDk5NTMvMy8xIDk5NTIvNC8xCmYgMTAwNTQvMS8xIDEwMDU1LzIvMSA5OTU0LzMvMSA5OTUzLzQvMQpmIDEwMDU1LzEvMSAxMDA1Ni8yLzEgOTk1NS8zLzEgOTk1NC80LzEKZiAxMDA1Ni8xLzEgMTAwNTcvMi8xIDk5NTYvMy8xIDk5NTUvNC8xCmYgMTAwNTcvMS8xIDEwMDU4LzIvMSA5OTU3LzMvMSA5OTU2LzQvMQpmIDEwMDU4LzEvMSAxMDA1OS8yLzEgOTk1OC8zLzEgOTk1Ny80LzEKZiAxMDA1OS8xLzEgMTAwNjAvMi8xIDk5NTkvMy8xIDk5NTgvNC8xCmYgMTAwNjAvMS8xIDEwMDYxLzIvMSA5OTYwLzMvMSA5OTU5LzQvMQpmIDEwMDYxLzEvMSAxMDA2Mi8yLzEgOTk2MS8zLzEgOTk2MC80LzEKZiAxMDA2Mi8xLzEgMTAwNjMvMi8xIDk5NjIvMy8xIDk5NjEvNC8xCmYgMTAwNjMvMS8xIDEwMDY0LzIvMSA5OTYzLzMvMSA5OTYyLzQvMQpmIDEwMDY0LzEvMSAxMDA2NS8yLzEgOTk2NC8zLzEgOTk2My80LzEKZiAxMDA2NS8xLzEgMTAwNjYvMi8xIDk5NjUvMy8xIDk5NjQvNC8xCmYgMTAwNjYvMS8xIDEwMDY3LzIvMSA5OTY2LzMvMSA5OTY1LzQvMQpmIDEwMDY3LzEvMSAxMDA2OC8yLzEgOTk2Ny8zLzEgOTk2Ni80LzEKZiAxMDA2OC8xLzEgMTAwNjkvMi8xIDk5NjgvMy8xIDk5NjcvNC8xCmYgMTAwNjkvMS8xIDEwMDcwLzIvMSA5OTY5LzMvMSA5OTY4LzQvMQpmIDEwMDcwLzEvMSAxMDA3MS8yLzEgOTk3MC8zLzEgOTk2OS80LzEKZiAxMDA3MS8xLzEgMTAwNzIvMi8xIDk5NzEvMy8xIDk5NzAvNC8xCmYgMTAwNzIvMS8xIDEwMDczLzIvMSA5OTcyLzMvMSA5OTcxLzQvMQpmIDEwMDczLzEvMSAxMDA3NC8yLzEgOTk3My8zLzEgOTk3Mi80LzEKZiAxMDA3NC8xLzEgMTAwNzUvMi8xIDk5NzQvMy8xIDk5NzMvNC8xCmYgMTAwNzUvMS8xIDEwMDc2LzIvMSA5OTc1LzMvMSA5OTc0LzQvMQpmIDEwMDc2LzEvMSAxMDA3Ny8yLzEgOTk3Ni8zLzEgOTk3NS80LzEKZiAxMDA3Ny8xLzEgMTAwNzgvMi8xIDk5NzcvMy8xIDk5NzYvNC8xCmYgMTAwNzgvMS8xIDEwMDc5LzIvMSA5OTc4LzMvMSA5OTc3LzQvMQpmIDEwMDc5LzEvMSAxMDA4MC8yLzEgOTk3OS8zLzEgOTk3OC80LzEKZiAxMDA4MC8xLzEgMTAwODEvMi8xIDk5ODAvMy8xIDk5NzkvNC8xCmYgMTAwODEvMS8xIDEwMDgyLzIvMSA5OTgxLzMvMSA5OTgwLzQvMQpmIDEwMDgyLzEvMSAxMDA4My8yLzEgOTk4Mi8zLzEgOTk4MS80LzEKZiAxMDA4My8xLzEgMTAwODQvMi8xIDk5ODMvMy8xIDk5ODIvNC8xCmYgMTAwODQvMS8xIDEwMDg1LzIvMSA5OTg0LzMvMSA5OTgzLzQvMQpmIDEwMDg1LzEvMSAxMDA4Ni8yLzEgOTk4NS8zLzEgOTk4NC80LzEKZiAxMDA4Ni8xLzEgMTAwODcvMi8xIDk5ODYvMy8xIDk5ODUvNC8xCmYgMTAwODcvMS8xIDEwMDg4LzIvMSA5OTg3LzMvMSA5OTg2LzQvMQpmIDEwMDg4LzEvMSAxMDA4OS8yLzEgOTk4OC8zLzEgOTk4Ny80LzEKZiAxMDA4OS8xLzEgMTAwOTAvMi8xIDk5ODkvMy8xIDk5ODgvNC8xCmYgMTAwOTAvMS8xIDEwMDkxLzIvMSA5OTkwLzMvMSA5OTg5LzQvMQpmIDEwMDkxLzEvMSAxMDA5Mi8yLzEgOTk5MS8zLzEgOTk5MC80LzEKZiAxMDA5Mi8xLzEgMTAwOTMvMi8xIDk5OTIvMy8xIDk5OTEvNC8xCmYgMTAwOTMvMS8xIDEwMDk0LzIvMSA5OTkzLzMvMSA5OTkyLzQvMQpmIDEwMDk0LzEvMSAxMDA5NS8yLzEgOTk5NC8zLzEgOTk5My80LzEKZiAxMDA5NS8xLzEgMTAwOTYvMi8xIDk5OTUvMy8xIDk5OTQvNC8xCmYgMTAwOTYvMS8xIDEwMDk3LzIvMSA5OTk2LzMvMSA5OTk1LzQvMQpmIDEwMDk3LzEvMSAxMDA5OC8yLzEgOTk5Ny8zLzEgOTk5Ni80LzEKZiAxMDA5OC8xLzEgMTAwOTkvMi8xIDk5OTgvMy8xIDk5OTcvNC8xCmYgMTAwOTkvMS8xIDEwMTAwLzIvMSA5OTk5LzMvMSA5OTk4LzQvMQpmIDEwMTAxLzEvMSAxMDEwMi8yLzEgMTAwMDEvMy8xIDEwMDAwLzQvMQpmIDEwMTAyLzEvMSAxMDEwMy8yLzEgMTAwMDIvMy8xIDEwMDAxLzQvMQpmIDEwMTAzLzEvMSAxMDEwNC8yLzEgMTAwMDMvMy8xIDEwMDAyLzQvMQpmIDEwMTA0LzEvMSAxMDEwNS8yLzEgMTAwMDQvMy8xIDEwMDAzLzQvMQpmIDEwMTA1LzEvMSAxMDEwNi8yLzEgMTAwMDUvMy8xIDEwMDA0LzQvMQpmIDEwMTA2LzEvMSAxMDEwNy8yLzEgMTAwMDYvMy8xIDEwMDA1LzQvMQpmIDEwMTA3LzEvMSAxMDEwOC8yLzEgMTAwMDcvMy8xIDEwMDA2LzQvMQpmIDEwMTA4LzEvMSAxMDEwOS8yLzEgMTAwMDgvMy8xIDEwMDA3LzQvMQpmIDEwMTA5LzEvMSAxMDExMC8yLzEgMTAwMDkvMy8xIDEwMDA4LzQvMQpmIDEwMTEwLzEvMSAxMDExMS8yLzEgMTAwMTAvMy8xIDEwMDA5LzQvMQpmIDEwMTExLzEvMSAxMDExMi8yLzEgMTAwMTEvMy8xIDEwMDEwLzQvMQpmIDEwMTEyLzEvMSAxMDExMy8yLzEgMTAwMTIvMy8xIDEwMDExLzQvMQpmIDEwMTEzLzEvMSAxMDExNC8yLzEgMTAwMTMvMy8xIDEwMDEyLzQvMQpmIDEwMTE0LzEvMSAxMDExNS8yLzEgMTAwMTQvMy8xIDEwMDEzLzQvMQpmIDEwMTE1LzEvMSAxMDExNi8yLzEgMTAwMTUvMy8xIDEwMDE0LzQvMQpmIDEwMTE2LzEvMSAxMDExNy8yLzEgMTAwMTYvMy8xIDEwMDE1LzQvMQpmIDEwMTE3LzEvMSAxMDExOC8yLzEgMTAwMTcvMy8xIDEwMDE2LzQvMQpmIDEwMTE4LzEvMSAxMDExOS8yLzEgMTAwMTgvMy8xIDEwMDE3LzQvMQpmIDEwMTE5LzEvMSAxMDEyMC8yLzEgMTAwMTkvMy8xIDEwMDE4LzQvMQpmIDEwMTIwLzEvMSAxMDEyMS8yLzEgMTAwMjAvMy8xIDEwMDE5LzQvMQpmIDEwMTIxLzEvMSAxMDEyMi8yLzEgMTAwMjEvMy8xIDEwMDIwLzQvMQpmIDEwMTIyLzEvMSAxMDEyMy8yLzEgMTAwMjIvMy8xIDEwMDIxLzQvMQpmIDEwMTIzLzEvMSAxMDEyNC8yLzEgMTAwMjMvMy8xIDEwMDIyLzQvMQpmIDEwMTI0LzEvMSAxMDEyNS8yLzEgMTAwMjQvMy8xIDEwMDIzLzQvMQpmIDEwMTI1LzEvMSAxMDEyNi8yLzEgMTAwMjUvMy8xIDEwMDI0LzQvMQpmIDEwMTI2LzEvMSAxMDEyNy8yLzEgMTAwMjYvMy8xIDEwMDI1LzQvMQpmIDEwMTI3LzEvMSAxMDEyOC8yLzEgMTAwMjcvMy8xIDEwMDI2LzQvMQpmIDEwMTI4LzEvMSAxMDEyOS8yLzEgMTAwMjgvMy8xIDEwMDI3LzQvMQpmIDEwMTI5LzEvMSAxMDEzMC8yLzEgMTAwMjkvMy8xIDEwMDI4LzQvMQpmIDEwMTMwLzEvMSAxMDEzMS8yLzEgMTAwMzAvMy8xIDEwMDI5LzQvMQpmIDEwMTMxLzEvMSAxMDEzMi8yLzEgMTAwMzEvMy8xIDEwMDMwLzQvMQpmIDEwMTMyLzEvMSAxMDEzMy8yLzEgMTAwMzIvMy8xIDEwMDMxLzQvMQpmIDEwMTMzLzEvMSAxMDEzNC8yLzEgMTAwMzMvMy8xIDEwMDMyLzQvMQpmIDEwMTM0LzEvMSAxMDEzNS8yLzEgMTAwMzQvMy8xIDEwMDMzLzQvMQpmIDEwMTM1LzEvMSAxMDEzNi8yLzEgMTAwMzUvMy8xIDEwMDM0LzQvMQpmIDEwMTM2LzEvMSAxMDEzNy8yLzEgMTAwMzYvMy8xIDEwMDM1LzQvMQpmIDEwMTM3LzEvMSAxMDEzOC8yLzEgMTAwMzcvMy8xIDEwMDM2LzQvMQpmIDEwMTM4LzEvMSAxMDEzOS8yLzEgMTAwMzgvMy8xIDEwMDM3LzQvMQpmIDEwMTM5LzEvMSAxMDE0MC8yLzEgMTAwMzkvMy8xIDEwMDM4LzQvMQpmIDEwMTQwLzEvMSAxMDE0MS8yLzEgMTAwNDAvMy8xIDEwMDM5LzQvMQpmIDEwMTQxLzEvMSAxMDE0Mi8yLzEgMTAwNDEvMy8xIDEwMDQwLzQvMQpmIDEwMTQyLzEvMSAxMDE0My8yLzEgMTAwNDIvMy8xIDEwMDQxLzQvMQpmIDEwMTQzLzEvMSAxMDE0NC8yLzEgMTAwNDMvMy8xIDEwMDQyLzQvMQpmIDEwMTQ0LzEvMSAxMDE0NS8yLzEgMTAwNDQvMy8xIDEwMDQzLzQvMQpmIDEwMTQ1LzEvMSAxMDE0Ni8yLzEgMTAwNDUvMy8xIDEwMDQ0LzQvMQpmIDEwMTQ2LzEvMSAxMDE0Ny8yLzEgMTAwNDYvMy8xIDEwMDQ1LzQvMQpmIDEwMTQ3LzEvMSAxMDE0OC8yLzEgMTAwNDcvMy8xIDEwMDQ2LzQvMQpmIDEwMTQ4LzEvMSAxMDE0OS8yLzEgMTAwNDgvMy8xIDEwMDQ3LzQvMQpmIDEwMTQ5LzEvMSAxMDE1MC8yLzEgMTAwNDkvMy8xIDEwMDQ4LzQvMQpmIDEwMTUwLzEvMSAxMDE1MS8yLzEgMTAwNTAvMy8xIDEwMDQ5LzQvMQpmIDEwMTUxLzEvMSAxMDE1Mi8yLzEgMTAwNTEvMy8xIDEwMDUwLzQvMQpmIDEwMTUyLzEvMSAxMDE1My8yLzEgMTAwNTIvMy8xIDEwMDUxLzQvMQpmIDEwMTUzLzEvMSAxMDE1NC8yLzEgMTAwNTMvMy8xIDEwMDUyLzQvMQpmIDEwMTU0LzEvMSAxMDE1NS8yLzEgMTAwNTQvMy8xIDEwMDUzLzQvMQpmIDEwMTU1LzEvMSAxMDE1Ni8yLzEgMTAwNTUvMy8xIDEwMDU0LzQvMQpmIDEwMTU2LzEvMSAxMDE1Ny8yLzEgMTAwNTYvMy8xIDEwMDU1LzQvMQpmIDEwMTU3LzEvMSAxMDE1OC8yLzEgMTAwNTcvMy8xIDEwMDU2LzQvMQpmIDEwMTU4LzEvMSAxMDE1OS8yLzEgMTAwNTgvMy8xIDEwMDU3LzQvMQpmIDEwMTU5LzEvMSAxMDE2MC8yLzEgMTAwNTkvMy8xIDEwMDU4LzQvMQpmIDEwMTYwLzEvMSAxMDE2MS8yLzEgMTAwNjAvMy8xIDEwMDU5LzQvMQpmIDEwMTYxLzEvMSAxMDE2Mi8yLzEgMTAwNjEvMy8xIDEwMDYwLzQvMQpmIDEwMTYyLzEvMSAxMDE2My8yLzEgMTAwNjIvMy8xIDEwMDYxLzQvMQpmIDEwMTYzLzEvMSAxMDE2NC8yLzEgMTAwNjMvMy8xIDEwMDYyLzQvMQpmIDEwMTY0LzEvMSAxMDE2NS8yLzEgMTAwNjQvMy8xIDEwMDYzLzQvMQpmIDEwMTY1LzEvMSAxMDE2Ni8yLzEgMTAwNjUvMy8xIDEwMDY0LzQvMQpmIDEwMTY2LzEvMSAxMDE2Ny8yLzEgMTAwNjYvMy8xIDEwMDY1LzQvMQpmIDEwMTY3LzEvMSAxMDE2OC8yLzEgMTAwNjcvMy8xIDEwMDY2LzQvMQpmIDEwMTY4LzEvMSAxMDE2OS8yLzEgMTAwNjgvMy8xIDEwMDY3LzQvMQpmIDEwMTY5LzEvMSAxMDE3MC8yLzEgMTAwNjkvMy8xIDEwMDY4LzQvMQpmIDEwMTcwLzEvMSAxMDE3MS8yLzEgMTAwNzAvMy8xIDEwMDY5LzQvMQpmIDEwMTcxLzEvMSAxMDE3Mi8yLzEgMTAwNzEvMy8xIDEwMDcwLzQvMQpmIDEwMTcyLzEvMSAxMDE3My8yLzEgMTAwNzIvMy8xIDEwMDcxLzQvMQpmIDEwMTczLzEvMSAxMDE3NC8yLzEgMTAwNzMvMy8xIDEwMDcyLzQvMQpmIDEwMTc0LzEvMSAxMDE3NS8yLzEgMTAwNzQvMy8xIDEwMDczLzQvMQpmIDEwMTc1LzEvMSAxMDE3Ni8yLzEgMTAwNzUvMy8xIDEwMDc0LzQvMQpmIDEwMTc2LzEvMSAxMDE3Ny8yLzEgMTAwNzYvMy8xIDEwMDc1LzQvMQpmIDEwMTc3LzEvMSAxMDE3OC8yLzEgMTAwNzcvMy8xIDEwMDc2LzQvMQpmIDEwMTc4LzEvMSAxMDE3OS8yLzEgMTAwNzgvMy8xIDEwMDc3LzQvMQpmIDEwMTc5LzEvMSAxMDE4MC8yLzEgMTAwNzkvMy8xIDEwMDc4LzQvMQpmIDEwMTgwLzEvMSAxMDE4MS8yLzEgMTAwODAvMy8xIDEwMDc5LzQvMQpmIDEwMTgxLzEvMSAxMDE4Mi8yLzEgMTAwODEvMy8xIDEwMDgwLzQvMQpmIDEwMTgyLzEvMSAxMDE4My8yLzEgMTAwODIvMy8xIDEwMDgxLzQvMQpmIDEwMTgzLzEvMSAxMDE4NC8yLzEgMTAwODMvMy8xIDEwMDgyLzQvMQpmIDEwMTg0LzEvMSAxMDE4NS8yLzEgMTAwODQvMy8xIDEwMDgzLzQvMQpmIDEwMTg1LzEvMSAxMDE4Ni8yLzEgMTAwODUvMy8xIDEwMDg0LzQvMQpmIDEwMTg2LzEvMSAxMDE4Ny8yLzEgMTAwODYvMy8xIDEwMDg1LzQvMQpmIDEwMTg3LzEvMSAxMDE4OC8yLzEgMTAwODcvMy8xIDEwMDg2LzQvMQpmIDEwMTg4LzEvMSAxMDE4OS8yLzEgMTAwODgvMy8xIDEwMDg3LzQvMQpmIDEwMTg5LzEvMSAxMDE5MC8yLzEgMTAwODkvMy8xIDEwMDg4LzQvMQpmIDEwMTkwLzEvMSAxMDE5MS8yLzEgMTAwOTAvMy8xIDEwMDg5LzQvMQpmIDEwMTkxLzEvMSAxMDE5Mi8yLzEgMTAwOTEvMy8xIDEwMDkwLzQvMQpmIDEwMTkyLzEvMSAxMDE5My8yLzEgMTAwOTIvMy8xIDEwMDkxLzQvMQpmIDEwMTkzLzEvMSAxMDE5NC8yLzEgMTAwOTMvMy8xIDEwMDkyLzQvMQpmIDEwMTk0LzEvMSAxMDE5NS8yLzEgMTAwOTQvMy8xIDEwMDkzLzQvMQpmIDEwMTk1LzEvMSAxMDE5Ni8yLzEgMTAwOTUvMy8xIDEwMDk0LzQvMQpmIDEwMTk2LzEvMSAxMDE5Ny8yLzEgMTAwOTYvMy8xIDEwMDk1LzQvMQpmIDEwMTk3LzEvMSAxMDE5OC8yLzEgMTAwOTcvMy8xIDEwMDk2LzQvMQpmIDEwMTk4LzEvMSAxMDE5OS8yLzEgMTAwOTgvMy8xIDEwMDk3LzQvMQpmIDEwMTk5LzEvMSAxMDIwMC8yLzEgMTAwOTkvMy8xIDEwMDk4LzQvMQpmIDEwMjAwLzEvMSAxMDIwMS8yLzEgMTAxMDAvMy8xIDEwMDk5LzQvMQoKZyBtZXNoXzAwMDIKZiA2NDEvMTcvMSA2NDIvMTgvMSA1NDEvMTkvMSA1NDAvMjAvMQpmIDY0Mi8yMS8xIDY0My8yMi8xIDU0Mi8yMy8xIDU0MS8yNC8xCmYgNjQzLzIxLzEgNjQ0LzIyLzEgNTQzLzIzLzEgNTQyLzI0LzEKZiA2NDQvMjUvMSA2NDUvMjYvMSA1NDQvMjcvMSA1NDMvMjgvMQpmIDc0Mi8yOS8xIDc0My8zMC8xIDY0Mi8zMS8xIDY0MS8zMi8xCmYgNzQzLzMzLzEgNzQ0LzM0LzEgNjQzLzM1LzEgNjQyLzM2LzEKZiA3NDQvMzMvMSA3NDUvMzQvMSA2NDQvMzUvMSA2NDMvMzYvMQpmIDc0NS8zNy8xIDc0Ni8zOC8xIDY0NS8zOS8xIDY0NC80MC8xCmYgNzQ2LzIxLzEgNzQ3LzIyLzEgNjQ2LzIzLzEgNjQ1LzI0LzEKZiA3NDcvMjUvMSA3NDgvMjYvMSA2NDcvMjcvMSA2NDYvMjgvMQpmIDg0My80MS8xIDg0NC80Mi8xIDc0My80My8xIDc0Mi80NC8xCmYgODQ0LzQ1LzEgODQ1LzQ2LzEgNzQ0LzQ3LzEgNzQzLzQ4LzEKZiA4NDUvMzMvMSA4NDYvMzQvMSA3NDUvMzUvMSA3NDQvMzYvMQpmIDg0Ni8zMy8xIDg0Ny8zNC8xIDc0Ni8zNS8xIDc0NS8zNi8xCmYgODQ3LzMzLzEgODQ4LzM0LzEgNzQ3LzM1LzEgNzQ2LzM2LzEKZiA4NDgvMzcvMSA4NDkvMzgvMSA3NDgvMzkvMSA3NDcvNDAvMQpmIDg0OS8yNS8xIDg1MC8yNi8xIDc0OS8yNy8xIDc0OC8yOC8xCmYgOTQ1LzQxLzEgOTQ2LzQyLzEgODQ1LzQzLzEgODQ0LzQ0LzEKZiA5NDYvNDUvMSA5NDcvNDYvMSA4NDYvNDcvMSA4NDUvNDgvMQpmIDk0Ny8zMy8xIDk0OC8zNC8xIDg0Ny8zNS8xIDg0Ni8zNi8xCmYgOTQ4LzMzLzEgOTQ5LzM0LzEgODQ4LzM1LzEgODQ3LzM2LzEKZiA5NDkvMzMvMSA5NTAvMzQvMSA4NDkvMzUvMSA4NDgvMzYvMQpmIDk1MC8zNy8xIDk1MS8zOC8xIDg1MC8zOS8xIDg0OS80MC8xCmYgOTUxLzI1LzEgOTUyLzI2LzEgODUxLzI3LzEgODUwLzI4LzEKZiAxMDMyLzE3LzEgMTAzMy8xOC8xIDkzMi8xOS8xIDkzMS8yMC8xCmYgMTAzMy8yMS8xIDEwMzQvMjIvMSA5MzMvMjMvMSA5MzIvMjQvMQpmIDEwMzQvMjUvMSAxMDM1LzI2LzEgOTM0LzI3LzEgOTMzLzI4LzEKZiAxMDQ3LzQxLzEgMTA0OC80Mi8xIDk0Ny80My8xIDk0Ni80NC8xCmYgMTA0OC80OS8xIDEwNDkvNTAvMSA5NDgvNTEvMSA5NDcvNTIvMQpmIDEwNDkvNDUvMSAxMDUwLzQ2LzEgOTQ5LzQ3LzEgOTQ4LzQ4LzEKZiAxMDUwLzMzLzEgMTA1MS8zNC8xIDk1MC8zNS8xIDk0OS8zNi8xCmYgMTA1MS8zMy8xIDEwNTIvMzQvMSA5NTEvMzUvMSA5NTAvMzYvMQpmIDEwNTIvMzcvMSAxMDUzLzM4LzEgOTUyLzM5LzEgOTUxLzQwLzEKZiAxMDUzLzI1LzEgMTA1NC8yNi8xIDk1My8yNy8xIDk1Mi8yOC8xCmYgMTEzMy8yOS8xIDExMzQvMzAvMSAxMDMzLzMxLzEgMTAzMi8zMi8xCmYgMTEzNC8zMy8xIDExMzUvMzQvMSAxMDM0LzM1LzEgMTAzMy8zNi8xCmYgMTEzNS8zNy8xIDExMzYvMzgvMSAxMDM1LzM5LzEgMTAzNC80MC8xCmYgMTEzNi8yNS8xIDExMzcvMjYvMSAxMDM2LzI3LzEgMTAzNS8yOC8xCmYgMTE1MC80MS8xIDExNTEvNDIvMSAxMDUwLzQzLzEgMTA0OS80NC8xCmYgMTE1MS80NS8xIDExNTIvNDYvMSAxMDUxLzQ3LzEgMTA1MC80OC8xCmYgMTE1Mi8zMy8xIDExNTMvMzQvMSAxMDUyLzM1LzEgMTA1MS8zNi8xCmYgMTE1My8zMy8xIDExNTQvMzQvMSAxMDUzLzM1LzEgMTA1Mi8zNi8xCmYgMTE1NC81My8xIDExNTUvNTQvMSAxMDU0LzU1LzEgMTA1My81Ni8xCmYgMTE1Ni8xNy8xIDExNTcvMTgvMSAxMDU2LzE5LzEgMTA1NS8yMC8xCmYgMTE1Ny8yMS8xIDExNTgvMjIvMSAxMDU3LzIzLzEgMTA1Ni8yNC8xCmYgMTE1OC8yNS8xIDExNTkvMjYvMSAxMDU4LzI3LzEgMTA1Ny8yOC8xCmYgMTIzNC80MS8xIDEyMzUvNDIvMSAxMTM0LzQzLzEgMTEzMy80NC8xCmYgMTIzNS80NS8xIDEyMzYvNDYvMSAxMTM1LzQ3LzEgMTEzNC80OC8xCmYgMTIzNi8zMy8xIDEyMzcvMzQvMSAxMTM2LzM1LzEgMTEzNS8zNi8xCmYgMTIzNy8zNy8xIDEyMzgvMzgvMSAxMTM3LzM5LzEgMTEzNi80MC8xCmYgMTIzOC8yNS8xIDEyMzkvMjYvMSAxMTM4LzI3LzEgMTEzNy8yOC8xCmYgMTI1Mi80MS8xIDEyNTMvNDIvMSAxMTUyLzQzLzEgMTE1MS80NC8xCmYgMTI1My80NS8xIDEyNTQvNDYvMSAxMTUzLzQ3LzEgMTE1Mi80OC8xCmYgMTI1NC8zMy8xIDEyNTUvMzQvMSAxMTU0LzM1LzEgMTE1My8zNi8xCmYgMTI1NS8zNy8xIDEyNTYvMzgvMSAxMTU1LzM5LzEgMTE1NC80MC8xCmYgMTI1Ni8yMS8xIDEyNTcvMjIvMSAxMTU2LzIzLzEgMTE1NS8yNC8xCmYgMTI1Ny81Ny8xIDEyNTgvNTgvMSAxMTU3LzU5LzEgMTE1Ni82MC8xCmYgMTI1OC8zMy8xIDEyNTkvMzQvMSAxMTU4LzM1LzEgMTE1Ny8zNi8xCmYgMTI1OS81My8xIDEyNjAvNTQvMSAxMTU5LzU1LzEgMTE1OC81Ni8xCmYgMTMzNi80MS8xIDEzMzcvNDIvMSAxMjM2LzQzLzEgMTIzNS80NC8xCmYgMTMzNy80NS8xIDEzMzgvNDYvMSAxMjM3LzQ3LzEgMTIzNi80OC8xCmYgMTMzOC8zMy8xIDEzMzkvMzQvMSAxMjM4LzM1LzEgMTIzNy8zNi8xCmYgMTMzOS8zNy8xIDEzNDAvMzgvMSAxMjM5LzM5LzEgMTIzOC80MC8xCmYgMTM0MC8yNS8xIDEzNDEvMjYvMSAxMjQwLzI3LzEgMTIzOS8yOC8xCmYgMTM1My8xNy8xIDEzNTQvMTgvMSAxMjUzLzE5LzEgMTI1Mi8yMC8xCmYgMTM1NC81Ny8xIDEzNTUvNTgvMSAxMjU0LzU5LzEgMTI1My82MC8xCmYgMTM1NS8zMy8xIDEzNTYvMzQvMSAxMjU1LzM1LzEgMTI1NC8zNi8xCmYgMTM1Ni8zMy8xIDEzNTcvMzQvMSAxMjU2LzM1LzEgMTI1NS8zNi8xCmYgMTM1Ny8zMy8xIDEzNTgvMzQvMSAxMjU3LzM1LzEgMTI1Ni8zNi8xCmYgMTM1OC82MS8xIDEzNTkvNjIvMSAxMjU4LzYzLzEgMTI1Ny82NC8xCmYgMTM1OS80OS8xIDEzNjAvNTAvMSAxMjU5LzUxLzEgMTI1OC81Mi8xCmYgMTM2MC82NS8xIDEzNjEvNjYvMSAxMjYwLzY3LzEgMTI1OS82OC8xCmYgMTQzOC80MS8xIDE0MzkvNDIvMSAxMzM4LzQzLzEgMTMzNy80NC8xCmYgMTQzOS80NS8xIDE0NDAvNDYvMSAxMzM5LzQ3LzEgMTMzOC80OC8xCmYgMTQ0MC8zMy8xIDE0NDEvMzQvMSAxMzQwLzM1LzEgMTMzOS8zNi8xCmYgMTQ0MS8zNy8xIDE0NDIvMzgvMSAxMzQxLzM5LzEgMTM0MC80MC8xCmYgMTQ0Mi8yNS8xIDE0NDMvMjYvMSAxMzQyLzI3LzEgMTM0MS8yOC8xCmYgMTQ1My85LzEgMTQ1NC8xMC8xIDEzNTMvMTEvMSAxMzUyLzEyLzEKZiAxNDU0LzU3LzEgMTQ1NS81OC8xIDEzNTQvNTkvMSAxMzUzLzYwLzEKZiAxNDU1LzMzLzEgMTQ1Ni8zNC8xIDEzNTUvMzUvMSAxMzU0LzM2LzEKZiAxNDU2LzMzLzEgMTQ1Ny8zNC8xIDEzNTYvMzUvMSAxMzU1LzM2LzEKZiAxNDU3LzMzLzEgMTQ1OC8zNC8xIDEzNTcvMzUvMSAxMzU2LzM2LzEKZiAxNDU4LzYxLzEgMTQ1OS82Mi8xIDEzNTgvNjMvMSAxMzU3LzY0LzEKZiAxNDU5LzY1LzEgMTQ2MC82Ni8xIDEzNTkvNjcvMSAxMzU4LzY4LzEKZiAxNTQwLzQxLzEgMTU0MS80Mi8xIDE0NDAvNDMvMSAxNDM5LzQ0LzEKZiAxNTQxLzQ1LzEgMTU0Mi80Ni8xIDE0NDEvNDcvMSAxNDQwLzQ4LzEKZiAxNTQyLzMzLzEgMTU0My8zNC8xIDE0NDIvMzUvMSAxNDQxLzM2LzEKZiAxNTQzLzM3LzEgMTU0NC8zOC8xIDE0NDMvMzkvMSAxNDQyLzQwLzEKZiAxNTQ0LzI1LzEgMTU0NS8yNi8xIDE0NDQvMjcvMSAxNDQzLzI4LzEKZiAxNTUyLzE3LzEgMTU1My8xOC8xIDE0NTIvMTkvMSAxNDUxLzIwLzEKZiAxNTUzLzIxLzEgMTU1NC8yMi8xIDE0NTMvMjMvMSAxNDUyLzI0LzEKZiAxNTU0LzU3LzEgMTU1NS81OC8xIDE0NTQvNTkvMSAxNDUzLzYwLzEKZiAxNTU1LzMzLzEgMTU1Ni8zNC8xIDE0NTUvMzUvMSAxNDU0LzM2LzEKZiAxNTU2LzMzLzEgMTU1Ny8zNC8xIDE0NTYvMzUvMSAxNDU1LzM2LzEKZiAxNTU3LzMzLzEgMTU1OC8zNC8xIDE0NTcvMzUvMSAxNDU2LzM2LzEKZiAxNTU4LzYxLzEgMTU1OS82Mi8xIDE0NTgvNjMvMSAxNDU3LzY0LzEKZiAxNTU5LzY1LzEgMTU2MC82Ni8xIDE0NTkvNjcvMSAxNDU4LzY4LzEKZiAxNjQyLzQxLzEgMTY0My80Mi8xIDE1NDIvNDMvMSAxNTQxLzQ0LzEKZiAxNjQzLzQ1LzEgMTY0NC80Ni8xIDE1NDMvNDcvMSAxNTQyLzQ4LzEKZiAxNjQ0LzMzLzEgMTY0NS8zNC8xIDE1NDQvMzUvMSAxNTQzLzM2LzEKZiAxNjQ1LzM3LzEgMTY0Ni8zOC8xIDE1NDUvMzkvMSAxNTQ0LzQwLzEKZiAxNjQ2LzIxLzEgMTY0Ny8yMi8xIDE1NDYvMjMvMSAxNTQ1LzI0LzEKZiAxNjQ3LzIxLzEgMTY0OC8yMi8xIDE1NDcvMjMvMSAxNTQ2LzI0LzEKZiAxNjQ4LzIxLzEgMTY0OS8yMi8xIDE1NDgvMjMvMSAxNTQ3LzI0LzEKZiAxNjQ5LzI1LzEgMTY1MC8yNi8xIDE1NDkvMjcvMSAxNTQ4LzI4LzEKZiAxNjUyLzE3LzEgMTY1My8xOC8xIDE1NTIvMTkvMSAxNTUxLzIwLzEKZiAxNjUzLzU3LzEgMTY1NC81OC8xIDE1NTMvNTkvMSAxNTUyLzYwLzEKZiAxNjU0LzMzLzEgMTY1NS8zNC8xIDE1NTQvMzUvMSAxNTUzLzM2LzEKZiAxNjU1LzYxLzEgMTY1Ni82Mi8xIDE1NTUvNjMvMSAxNTU0LzY0LzEKZiAxNjU2LzQ5LzEgMTY1Ny81MC8xIDE1NTYvNTEvMSAxNTU1LzUyLzEKZiAxNjU3LzQ1LzEgMTY1OC80Ni8xIDE1NTcvNDcvMSAxNTU2LzQ4LzEKZiAxNjU4LzMzLzEgMTY1OS8zNC8xIDE1NTgvMzUvMSAxNTU3LzM2LzEKZiAxNjU5LzM3LzEgMTY2MC8zOC8xIDE1NTkvMzkvMSAxNTU4LzQwLzEKZiAxNjYwLzIxLzEgMTY2MS8yMi8xIDE1NjAvMjMvMSAxNTU5LzI0LzEKZiAxNjYxLzI1LzEgMTY2Mi8yNi8xIDE1NjEvMjcvMSAxNTYwLzI4LzEKZiAxNzQ0LzI5LzEgMTc0NS8zMC8xIDE2NDQvMzEvMSAxNjQzLzMyLzEKZiAxNzQ1LzMzLzEgMTc0Ni8zNC8xIDE2NDUvMzUvMSAxNjQ0LzM2LzEKZiAxNzQ2LzMzLzEgMTc0Ny8zNC8xIDE2NDYvMzUvMSAxNjQ1LzM2LzEKZiAxNzQ3LzMzLzEgMTc0OC8zNC8xIDE2NDcvMzUvMSAxNjQ2LzM2LzEKZiAxNzQ4LzMzLzEgMTc0OS8zNC8xIDE2NDgvMzUvMSAxNjQ3LzM2LzEKZiAxNzQ5LzMzLzEgMTc1MC8zNC8xIDE2NDkvMzUvMSAxNjQ4LzM2LzEKZiAxNzUwLzM3LzEgMTc1MS8zOC8xIDE2NTAvMzkvMSAxNjQ5LzQwLzEKZiAxNzUxLzIxLzEgMTc1Mi8yMi8xIDE2NTEvMjMvMSAxNjUwLzI0LzEKZiAxNzUyLzIxLzEgMTc1My8yMi8xIDE2NTIvMjMvMSAxNjUxLzI0LzEKZiAxNzUzLzU3LzEgMTc1NC81OC8xIDE2NTMvNTkvMSAxNjUyLzYwLzEKZiAxNzU0LzMzLzEgMTc1NS8zNC8xIDE2NTQvMzUvMSAxNjUzLzM2LzEKZiAxNzU1LzYxLzEgMTc1Ni82Mi8xIDE2NTUvNjMvMSAxNjU0LzY0LzEKZiAxNzU2LzY1LzEgMTc1Ny82Ni8xIDE2NTYvNjcvMSAxNjU1LzY4LzEKZiAxNzU4LzQxLzEgMTc1OS80Mi8xIDE2NTgvNDMvMSAxNjU3LzQ0LzEKZiAxNzU5LzQ5LzEgMTc2MC81MC8xIDE2NTkvNTEvMSAxNjU4LzUyLzEKZiAxNzYwLzQ1LzEgMTc2MS80Ni8xIDE2NjAvNDcvMSAxNjU5LzQ4LzEKZiAxNzYxLzMzLzEgMTc2Mi8zNC8xIDE2NjEvMzUvMSAxNjYwLzM2LzEKZiAxNzYyLzM3LzEgMTc2My8zOC8xIDE2NjIvMzkvMSAxNjYxLzQwLzEKZiAxNzYzLzI1LzEgMTc2NC8yNi8xIDE2NjMvMjcvMSAxNjYyLzI4LzEKZiAxODQzLzE3LzEgMTg0NC8xOC8xIDE3NDMvMTkvMSAxNzQyLzIwLzEKZiAxODQ0LzIxLzEgMTg0NS8yMi8xIDE3NDQvMjMvMSAxNzQzLzI0LzEKZiAxODQ1LzU3LzEgMTg0Ni81OC8xIDE3NDUvNTkvMSAxNzQ0LzYwLzEKZiAxODQ2LzMzLzEgMTg0Ny8zNC8xIDE3NDYvMzUvMSAxNzQ1LzM2LzEKZiAxODQ3LzMzLzEgMTg0OC8zNC8xIDE3NDcvMzUvMSAxNzQ2LzM2LzEKZiAxODQ4LzMzLzEgMTg0OS8zNC8xIDE3NDgvMzUvMSAxNzQ3LzM2LzEKZiAxODQ5LzYxLzEgMTg1MC82Mi8xIDE3NDkvNjMvMSAxNzQ4LzY0LzEKZiAxODUwLzQ5LzEgMTg1MS81MC8xIDE3NTAvNTEvMSAxNzQ5LzUyLzEKZiAxODUxLzQ1LzEgMTg1Mi80Ni8xIDE3NTEvNDcvMSAxNzUwLzQ4LzEKZiAxODUyLzMzLzEgMTg1My8zNC8xIDE3NTIvMzUvMSAxNzUxLzM2LzEKZiAxODUzLzMzLzEgMTg1NC8zNC8xIDE3NTMvMzUvMSAxNzUyLzM2LzEKZiAxODU0LzMzLzEgMTg1NS8zNC8xIDE3NTQvMzUvMSAxNzUzLzM2LzEKZiAxODU1LzMzLzEgMTg1Ni8zNC8xIDE3NTUvMzUvMSAxNzU0LzM2LzEKZiAxODU2LzUzLzEgMTg1Ny81NC8xIDE3NTYvNTUvMSAxNzU1LzU2LzEKZiAxODYxLzQxLzEgMTg2Mi80Mi8xIDE3NjEvNDMvMSAxNzYwLzQ0LzEKZiAxODYyLzQ1LzEgMTg2My80Ni8xIDE3NjIvNDcvMSAxNzYxLzQ4LzEKZiAxODYzLzMzLzEgMTg2NC8zNC8xIDE3NjMvMzUvMSAxNzYyLzM2LzEKZiAxODY0LzM3LzEgMTg2NS8zOC8xIDE3NjQvMzkvMSAxNzYzLzQwLzEKZiAxODY1LzI1LzEgMTg2Ni8yNi8xIDE3NjUvMjcvMSAxNzY0LzI4LzEKZiAxOTQ0LzI5LzEgMTk0NS8zMC8xIDE4NDQvMzEvMSAxODQzLzMyLzEKZiAxOTQ1LzMzLzEgMTk0Ni8zNC8xIDE4NDUvMzUvMSAxODQ0LzM2LzEKZiAxOTQ2LzYxLzEgMTk0Ny82Mi8xIDE4NDYvNjMvMSAxODQ1LzY0LzEKZiAxOTQ3LzQ5LzEgMTk0OC81MC8xIDE4NDcvNTEvMSAxODQ2LzUyLzEKZiAxOTQ4LzQ1LzEgMTk0OS80Ni8xIDE4NDgvNDcvMSAxODQ3LzQ4LzEKZiAxOTQ5LzMzLzEgMTk1MC8zNC8xIDE4NDkvMzUvMSAxODQ4LzM2LzEKZiAxOTUwLzM3LzEgMTk1MS8zOC8xIDE4NTAvMzkvMSAxODQ5LzQwLzEKZiAxOTUxLzI1LzEgMTk1Mi8yNi8xIDE4NTEvMjcvMSAxODUwLzI4LzEKZiAxOTUyLzQxLzEgMTk1My80Mi8xIDE4NTIvNDMvMSAxODUxLzQ0LzEKZiAxOTUzLzQ1LzEgMTk1NC80Ni8xIDE4NTMvNDcvMSAxODUyLzQ4LzEKZiAxOTU0LzMzLzEgMTk1NS8zNC8xIDE4NTQvMzUvMSAxODUzLzM2LzEKZiAxOTU1LzMzLzEgMTk1Ni8zNC8xIDE4NTUvMzUvMSAxODU0LzM2LzEKZiAxOTU2LzMzLzEgMTk1Ny8zNC8xIDE4NTYvMzUvMSAxODU1LzM2LzEKZiAxOTU3LzUzLzEgMTk1OC81NC8xIDE4NTcvNTUvMSAxODU2LzU2LzEKZiAxOTYzLzQxLzEgMTk2NC80Mi8xIDE4NjMvNDMvMSAxODYyLzQ0LzEKZiAxOTY0LzQ1LzEgMTk2NS80Ni8xIDE4NjQvNDcvMSAxODYzLzQ4LzEKZiAxOTY1LzMzLzEgMTk2Ni8zNC8xIDE4NjUvMzUvMSAxODY0LzM2LzEKZiAxOTY2LzM3LzEgMTk2Ny8zOC8xIDE4NjYvMzkvMSAxODY1LzQwLzEKZiAxOTY3LzI1LzEgMTk2OC8yNi8xIDE4NjcvMjcvMSAxODY2LzI4LzEKZiAyMDQ1LzQxLzEgMjA0Ni80Mi8xIDE5NDUvNDMvMSAxOTQ0LzQ0LzEKZiAyMDQ2LzQ5LzEgMjA0Ny81MC8xIDE5NDYvNTEvMSAxOTQ1LzUyLzEKZiAyMDQ3LzY1LzEgMjA0OC82Ni8xIDE5NDcvNjcvMSAxOTQ2LzY4LzEKZiAyMDQ5LzQxLzEgMjA1MC80Mi8xIDE5NDkvNDMvMSAxOTQ4LzQ0LzEKZiAyMDUwLzQ1LzEgMjA1MS80Ni8xIDE5NTAvNDcvMSAxOTQ5LzQ4LzEKZiAyMDUxLzMzLzEgMjA1Mi8zNC8xIDE5NTEvMzUvMSAxOTUwLzM2LzEKZiAyMDUyLzUzLzEgMjA1My81NC8xIDE5NTIvNTUvMSAxOTUxLzU2LzEKZiAyMDU0LzI5LzEgMjA1NS8zMC8xIDE5NTQvMzEvMSAxOTUzLzMyLzEKZiAyMDU1LzMzLzEgMjA1Ni8zNC8xIDE5NTUvMzUvMSAxOTU0LzM2LzEKZiAyMDU2LzYxLzEgMjA1Ny82Mi8xIDE5NTYvNjMvMSAxOTU1LzY0LzEKZiAyMDU3LzQ5LzEgMjA1OC81MC8xIDE5NTcvNTEvMSAxOTU2LzUyLzEKZiAyMDU4LzY1LzEgMjA1OS82Ni8xIDE5NTgvNjcvMSAxOTU3LzY4LzEKZiAyMDY1LzQxLzEgMjA2Ni80Mi8xIDE5NjUvNDMvMSAxOTY0LzQ0LzEKZiAyMDY2LzQ1LzEgMjA2Ny80Ni8xIDE5NjYvNDcvMSAxOTY1LzQ4LzEKZiAyMDY3LzMzLzEgMjA2OC8zNC8xIDE5NjcvMzUvMSAxOTY2LzM2LzEKZiAyMDY4LzM3LzEgMjA2OS8zOC8xIDE5NjgvMzkvMSAxOTY3LzQwLzEKZiAyMDY5LzI1LzEgMjA3MC8yNi8xIDE5NjkvMjcvMSAxOTY4LzI4LzEKZiAyMTUxLzQxLzEgMjE1Mi80Mi8xIDIwNTEvNDMvMSAyMDUwLzQ0LzEKZiAyMTUyLzQ1LzEgMjE1My80Ni8xIDIwNTIvNDcvMSAyMDUxLzQ4LzEKZiAyMTUzLzM3LzEgMjE1NC8zOC8xIDIwNTMvMzkvMSAyMDUyLzQwLzEKZiAyMTU0LzI1LzEgMjE1NS8yNi8xIDIwNTQvMjcvMSAyMDUzLzI4LzEKZiAyMTU1LzQxLzEgMjE1Ni80Mi8xIDIwNTUvNDMvMSAyMDU0LzQ0LzEKZiAyMTU2LzQ5LzEgMjE1Ny81MC8xIDIwNTYvNTEvMSAyMDU1LzUyLzEKZiAyMTU3LzY1LzEgMjE1OC82Ni8xIDIwNTcvNjcvMSAyMDU2LzY4LzEKZiAyMTY3LzQxLzEgMjE2OC80Mi8xIDIwNjcvNDMvMSAyMDY2LzQ0LzEKZiAyMTY4LzQ1LzEgMjE2OS80Ni8xIDIwNjgvNDcvMSAyMDY3LzQ4LzEKZiAyMTY5LzMzLzEgMjE3MC8zNC8xIDIwNjkvMzUvMSAyMDY4LzM2LzEKZiAyMTcwLzM3LzEgMjE3MS8zOC8xIDIwNzAvMzkvMSAyMDY5LzQwLzEKZiAyMTcxLzI1LzEgMjE3Mi8yNi8xIDIwNzEvMjcvMSAyMDcwLzI4LzEKZiAyMjUzLzI5LzEgMjI1NC8zMC8xIDIxNTMvMzEvMSAyMTUyLzMyLzEKZiAyMjU0LzMzLzEgMjI1NS8zNC8xIDIxNTQvMzUvMSAyMTUzLzM2LzEKZiAyMjU1LzM3LzEgMjI1Ni8zOC8xIDIxNTUvMzkvMSAyMTU0LzQwLzEKZiAyMjU2LzIxLzEgMjI1Ny8yMi8xIDIxNTYvMjMvMSAyMTU1LzI0LzEKZiAyMjU3LzI1LzEgMjI1OC8yNi8xIDIxNTcvMjcvMSAyMTU2LzI4LzEKZiAyMjY5LzQxLzEgMjI3MC80Mi8xIDIxNjkvNDMvMSAyMTY4LzQ0LzEKZiAyMjcwLzQ1LzEgMjI3MS80Ni8xIDIxNzAvNDcvMSAyMTY5LzQ4LzEKZiAyMjcxLzMzLzEgMjI3Mi8zNC8xIDIxNzEvMzUvMSAyMTcwLzM2LzEKZiAyMjcyLzM3LzEgMjI3My8zOC8xIDIxNzIvMzkvMSAyMTcxLzQwLzEKZiAyMjczLzI1LzEgMjI3NC8yNi8xIDIxNzMvMjcvMSAyMTcyLzI4LzEKZiAyMzU0LzQxLzEgMjM1NS80Mi8xIDIyNTQvNDMvMSAyMjUzLzQ0LzEKZiAyMzU1LzQ5LzEgMjM1Ni81MC8xIDIyNTUvNTEvMSAyMjU0LzUyLzEKZiAyMzU2LzQ1LzEgMjM1Ny80Ni8xIDIyNTYvNDcvMSAyMjU1LzQ4LzEKZiAyMzU3LzMzLzEgMjM1OC8zNC8xIDIyNTcvMzUvMSAyMjU2LzM2LzEKZiAyMzU4LzM3LzEgMjM1OS8zOC8xIDIyNTgvMzkvMSAyMjU3LzQwLzEKZiAyMzU5LzIxLzEgMjM2MC8yMi8xIDIyNTkvMjMvMSAyMjU4LzI0LzEKZiAyMzYwLzI1LzEgMjM2MS8yNi8xIDIyNjAvMjcvMSAyMjU5LzI4LzEKZiAyMzcxLzI5LzEgMjM3Mi8zMC8xIDIyNzEvMzEvMSAyMjcwLzMyLzEKZiAyMzcyLzMzLzEgMjM3My8zNC8xIDIyNzIvMzUvMSAyMjcxLzM2LzEKZiAyMzczLzMzLzEgMjM3NC8zNC8xIDIyNzMvMzUvMSAyMjcyLzM2LzEKZiAyMzc0LzUzLzEgMjM3NS81NC8xIDIyNzQvNTUvMSAyMjczLzU2LzEKZiAyNDU2LzE3LzEgMjQ1Ny8xOC8xIDIzNTYvMTkvMSAyMzU1LzIwLzEKZiAyNDU3LzU3LzEgMjQ1OC81OC8xIDIzNTcvNTkvMSAyMzU2LzYwLzEKZiAyNDU4LzMzLzEgMjQ1OS8zNC8xIDIzNTgvMzUvMSAyMzU3LzM2LzEKZiAyNDU5LzMzLzEgMjQ2MC8zNC8xIDIzNTkvMzUvMSAyMzU4LzM2LzEKZiAyNDYwLzMzLzEgMjQ2MS8zNC8xIDIzNjAvMzUvMSAyMzU5LzM2LzEKZiAyNDYxLzUzLzEgMjQ2Mi81NC8xIDIzNjEvNTUvMSAyMzYwLzU2LzEKZiAyNDcxLzE3LzEgMjQ3Mi8xOC8xIDIzNzEvMTkvMSAyMzcwLzIwLzEKZiAyNDcyLzU3LzEgMjQ3My81OC8xIDIzNzIvNTkvMSAyMzcxLzYwLzEKZiAyNDczLzMzLzEgMjQ3NC8zNC8xIDIzNzMvMzUvMSAyMzcyLzM2LzEKZiAyNDc0LzYxLzEgMjQ3NS82Mi8xIDIzNzQvNjMvMSAyMzczLzY0LzEKZiAyNDc1LzY1LzEgMjQ3Ni82Ni8xIDIzNzUvNjcvMSAyMzc0LzY4LzEKZiAyNTU3LzI5LzEgMjU1OC8zMC8xIDI0NTcvMzEvMSAyNDU2LzMyLzEKZiAyNTU4LzMzLzEgMjU1OS8zNC8xIDI0NTgvMzUvMSAyNDU3LzM2LzEKZiAyNTU5LzMzLzEgMjU2MC8zNC8xIDI0NTkvMzUvMSAyNDU4LzM2LzEKZiAyNTYwLzYxLzEgMjU2MS82Mi8xIDI0NjAvNjMvMSAyNDU5LzY0LzEKZiAyNTYxLzQ5LzEgMjU2Mi81MC8xIDI0NjEvNTEvMSAyNDYwLzUyLzEKZiAyNTYyLzY1LzEgMjU2My82Ni8xIDI0NjIvNjcvMSAyNDYxLzY4LzEKZiAyNTcxLzE3LzEgMjU3Mi8xOC8xIDI0NzEvMTkvMSAyNDcwLzIwLzEKZiAyNTcyLzU3LzEgMjU3My81OC8xIDI0NzIvNTkvMSAyNDcxLzYwLzEKZiAyNTczLzMzLzEgMjU3NC8zNC8xIDI0NzMvMzUvMSAyNDcyLzM2LzEKZiAyNTc0LzYxLzEgMjU3NS82Mi8xIDI0NzQvNjMvMSAyNDczLzY0LzEKZiAyNTc1LzY1LzEgMjU3Ni82Ni8xIDI0NzUvNjcvMSAyNDc0LzY4LzEKZiAyNjU3LzE3LzEgMjY1OC8xOC8xIDI1NTcvMTkvMSAyNTU2LzIwLzEKZiAyNjU4LzU3LzEgMjY1OS81OC8xIDI1NTgvNTkvMSAyNTU3LzYwLzEKZiAyNjU5LzMzLzEgMjY2MC8zNC8xIDI1NTkvMzUvMSAyNTU4LzM2LzEKZiAyNjYwLzYxLzEgMjY2MS82Mi8xIDI1NjAvNjMvMSAyNTU5LzY0LzEKZiAyNjYxLzY1LzEgMjY2Mi82Ni8xIDI1NjEvNjcvMSAyNTYwLzY4LzEKZiAyNjcxLzE3LzEgMjY3Mi8xOC8xIDI1NzEvMTkvMSAyNTcwLzIwLzEKZiAyNjcyLzU3LzEgMjY3My81OC8xIDI1NzIvNTkvMSAyNTcxLzYwLzEKZiAyNjczLzMzLzEgMjY3NC8zNC8xIDI1NzMvMzUvMSAyNTcyLzM2LzEKZiAyNjc0LzYxLzEgMjY3NS82Mi8xIDI1NzQvNjMvMSAyNTczLzY0LzEKZiAyNjc1LzY1LzEgMjY3Ni82Ni8xIDI1NzUvNjcvMSAyNTc0LzY4LzEKZiAyNzU3LzE3LzEgMjc1OC8xOC8xIDI2NTcvMTkvMSAyNjU2LzIwLzEKZiAyNzU4LzU3LzEgMjc1OS81OC8xIDI2NTgvNTkvMSAyNjU3LzYwLzEKZiAyNzU5LzMzLzEgMjc2MC8zNC8xIDI2NTkvMzUvMSAyNjU4LzM2LzEKZiAyNzYwLzYxLzEgMjc2MS82Mi8xIDI2NjAvNjMvMSAyNjU5LzY0LzEKZiAyNzYxLzY1LzEgMjc2Mi82Ni8xIDI2NjEvNjcvMSAyNjYwLzY4LzEKZiAyNzcyLzI5LzEgMjc3My8zMC8xIDI2NzIvMzEvMSAyNjcxLzMyLzEKZiAyNzczLzMzLzEgMjc3NC8zNC8xIDI2NzMvMzUvMSAyNjcyLzM2LzEKZiAyNzc0LzYxLzEgMjc3NS82Mi8xIDI2NzQvNjMvMSAyNjczLzY0LzEKZiAyNzc1LzY1LzEgMjc3Ni82Ni8xIDI2NzUvNjcvMSAyNjc0LzY4LzEKZiAyODU3LzE3LzEgMjg1OC8xOC8xIDI3NTcvMTkvMSAyNzU2LzIwLzEKZiAyODU4LzU3LzEgMjg1OS81OC8xIDI3NTgvNTkvMSAyNzU3LzYwLzEKZiAyODU5LzMzLzEgMjg2MC8zNC8xIDI3NTkvMzUvMSAyNzU4LzM2LzEKZiAyODYwLzYxLzEgMjg2MS82Mi8xIDI3NjAvNjMvMSAyNzU5LzY0LzEKZiAyODYxLzY1LzEgMjg2Mi82Ni8xIDI3NjEvNjcvMSAyNzYwLzY4LzEKZiAyODczLzQxLzEgMjg3NC80Mi8xIDI3NzMvNDMvMSAyNzcyLzQ0LzEKZiAyODc0LzQ5LzEgMjg3NS81MC8xIDI3NzQvNTEvMSAyNzczLzUyLzEKZiAyODc1LzY1LzEgMjg3Ni82Ni8xIDI3NzUvNjcvMSAyNzc0LzY4LzEKZiAyOTU4LzI5LzEgMjk1OS8zMC8xIDI4NTgvMzEvMSAyODU3LzMyLzEKZiAyOTU5LzMzLzEgMjk2MC8zNC8xIDI4NTkvMzUvMSAyODU4LzM2LzEKZiAyOTYwLzYxLzEgMjk2MS82Mi8xIDI4NjAvNjMvMSAyODU5LzY0LzEKZiAyOTYxLzY1LzEgMjk2Mi82Ni8xIDI4NjEvNjcvMSAyODYwLzY4LzEKZiAzMDU5LzQxLzEgMzA2MC80Mi8xIDI5NTkvNDMvMSAyOTU4LzQ0LzEKZiAzMDYwLzQ5LzEgMzA2MS81MC8xIDI5NjAvNTEvMSAyOTU5LzUyLzEKZiAzMDYxLzY1LzEgMzA2Mi82Ni8xIDI5NjEvNjcvMSAyOTYwLzY4LzEKCmcgbWVzaF8wMDAzCmYgMTQ1Mi82OS8xIDE0NTMvNzAvMSAxMzUyLzcxLzEgMTM1MS83Mi8xCmYgMTU2MC82OS8xIDE1NjEvNzAvMSAxNDYwLzcxLzEgMTQ1OS83Mi8xCmYgMTY1MC83My8xIDE2NTEvNzQvMSAxNTUwLzc1LzEgMTU0OS83Ni8xCmYgMTY1NS83Ny8xIDE2NTYvNzgvMSAxNTU1Lzc5LzEgMTU1NC84MC8xCmYgMTY1Ni84MS8xIDE2NTcvODIvMSAxNTU2LzgzLzEgMTU1NS84NC8xCmYgMTY1Ny84NS8xIDE2NTgvODYvMSAxNTU3Lzg3LzEgMTU1Ni84OC8xCmYgMTc1NS83Ny8xIDE3NTYvNzgvMSAxNjU1Lzc5LzEgMTY1NC84MC8xCmYgMTc1Ni84OS8xIDE3NTcvOTAvMSAxNjU2LzkxLzEgMTY1NS85Mi8xCmYgMTc1Ny85My8xIDE3NTgvOTQvMSAxNjU3Lzk1LzEgMTY1Ni85Ni8xCmYgMTc1OC85Ny8xIDE3NTkvOTgvMSAxNjU4Lzk5LzEgMTY1Ny8xMDAvMQpmIDE3NTkvODUvMSAxNzYwLzg2LzEgMTY1OS84Ny8xIDE2NTgvODgvMQpmIDE4NTYvMTAxLzEgMTg1Ny8xMDIvMSAxNzU2LzEwMy8xIDE3NTUvMTA0LzEKZiAxODU3LzkzLzEgMTg1OC85NC8xIDE3NTcvOTUvMSAxNzU2Lzk2LzEKZiAxODU4LzkzLzEgMTg1OS85NC8xIDE3NTgvOTUvMSAxNzU3Lzk2LzEKZiAxODU5LzkzLzEgMTg2MC85NC8xIDE3NTkvOTUvMSAxNzU4Lzk2LzEKZiAxODYwLzEwNS8xIDE4NjEvMTA2LzEgMTc2MC8xMDcvMSAxNzU5LzEwOC8xCmYgMTk1Ny8xMDEvMSAxOTU4LzEwMi8xIDE4NTcvMTAzLzEgMTg1Ni8xMDQvMQpmIDE5NTgvOTMvMSAxOTU5Lzk0LzEgMTg1OC85NS8xIDE4NTcvOTYvMQpmIDE5NTkvMTA5LzEgMTk2MC8xMTAvMSAxODU5LzExMS8xIDE4NTgvMTEyLzEKZiAxOTYwLzExMy8xIDE5NjEvMTE0LzEgMTg2MC8xMTUvMSAxODU5LzExNi8xCmYgMTk2MS85Ny8xIDE5NjIvOTgvMSAxODYxLzk5LzEgMTg2MC8xMDAvMQpmIDE5NjIvODUvMSAxOTYzLzg2LzEgMTg2Mi84Ny8xIDE4NjEvODgvMQpmIDE5NzAvNjkvMSAxOTcxLzcwLzEgMTg3MC83MS8xIDE4NjkvNzIvMQpmIDE5NzEvNzcvMSAxOTcyLzc4LzEgMTg3MS83OS8xIDE4NzAvODAvMQpmIDE5NzIvODEvMSAxOTczLzgyLzEgMTg3Mi84My8xIDE4NzEvODQvMQpmIDE5NzMvODUvMSAxOTc0Lzg2LzEgMTg3My84Ny8xIDE4NzIvODgvMQpmIDIwNTMvNjkvMSAyMDU0LzcwLzEgMTk1My83MS8xIDE5NTIvNzIvMQpmIDIwNTcvNzcvMSAyMDU4Lzc4LzEgMTk1Ny83OS8xIDE5NTYvODAvMQpmIDIwNTgvODkvMSAyMDU5LzkwLzEgMTk1OC85MS8xIDE5NTcvOTIvMQpmIDIwNTkvMTA5LzEgMjA2MC8xMTAvMSAxOTU5LzExMS8xIDE5NTgvMTEyLzEKZiAyMDYwLzExNy8xIDIwNjEvMTE4LzEgMTk2MC8xMTkvMSAxOTU5LzEyMC8xCmYgMjA2MS8xMDEvMSAyMDYyLzEwMi8xIDE5NjEvMTAzLzEgMTk2MC8xMDQvMQpmIDIwNjIvOTMvMSAyMDYzLzk0LzEgMTk2Mi85NS8xIDE5NjEvOTYvMQpmIDIwNjMvOTcvMSAyMDY0Lzk4LzEgMTk2My85OS8xIDE5NjIvMTAwLzEKZiAyMDY0Lzg1LzEgMjA2NS84Ni8xIDE5NjQvODcvMSAxOTYzLzg4LzEKZiAyMDcwLzczLzEgMjA3MS83NC8xIDE5NzAvNzUvMSAxOTY5Lzc2LzEKZiAyMDcxLzc3LzEgMjA3Mi83OC8xIDE5NzEvNzkvMSAxOTcwLzgwLzEKZiAyMDcyLzg5LzEgMjA3My85MC8xIDE5NzIvOTEvMSAxOTcxLzkyLzEKZiAyMDczLzkzLzEgMjA3NC85NC8xIDE5NzMvOTUvMSAxOTcyLzk2LzEKZiAyMDc0Lzk3LzEgMjA3NS85OC8xIDE5NzQvOTkvMSAxOTczLzEwMC8xCmYgMjA3NS84NS8xIDIwNzYvODYvMSAxOTc1Lzg3LzEgMTk3NC84OC8xCmYgMjE1Ny83Ny8xIDIxNTgvNzgvMSAyMDU3Lzc5LzEgMjA1Ni84MC8xCmYgMjE1OC84OS8xIDIxNTkvOTAvMSAyMDU4LzkxLzEgMjA1Ny85Mi8xCmYgMjE1OS85My8xIDIxNjAvOTQvMSAyMDU5Lzk1LzEgMjA1OC85Ni8xCmYgMjE2MC8xMDUvMSAyMTYxLzEwNi8xIDIwNjAvMTA3LzEgMjA1OS8xMDgvMQpmIDIxNjIvMTIxLzEgMjE2My8xMjIvMSAyMDYyLzEyMy8xIDIwNjEvMTI0LzEKZiAyMTYzLzEyNS8xIDIxNjQvMTI2LzEgMjA2My8xMjcvMSAyMDYyLzEyOC8xCmYgMjE2NC8xMTMvMSAyMTY1LzExNC8xIDIwNjQvMTE1LzEgMjA2My8xMTYvMQpmIDIxNjUvMTA1LzEgMjE2Ni8xMDYvMSAyMDY1LzEwNy8xIDIwNjQvMTA4LzEKZiAyMTY2LzY5LzEgMjE2Ny83MC8xIDIwNjYvNzEvMSAyMDY1LzcyLzEKZiAyMTcxLzc3LzEgMjE3Mi83OC8xIDIwNzEvNzkvMSAyMDcwLzgwLzEKZiAyMTcyLzg5LzEgMjE3My85MC8xIDIwNzIvOTEvMSAyMDcxLzkyLzEKZiAyMTczLzkzLzEgMjE3NC85NC8xIDIwNzMvOTUvMSAyMDcyLzk2LzEKZiAyMTc0LzkzLzEgMjE3NS85NC8xIDIwNzQvOTUvMSAyMDczLzk2LzEKZiAyMTc1LzkzLzEgMjE3Ni85NC8xIDIwNzUvOTUvMSAyMDc0Lzk2LzEKZiAyMTc2Lzk3LzEgMjE3Ny85OC8xIDIwNzYvOTkvMSAyMDc1LzEwMC8xCmYgMjE3Ny84NS8xIDIxNzgvODYvMSAyMDc3Lzg3LzEgMjA3Ni84OC8xCmYgMjI1OC8xMDEvMSAyMjU5LzEwMi8xIDIxNTgvMTAzLzEgMjE1Ny8xMDQvMQpmIDIyNTkvMTA5LzEgMjI2MC8xMTAvMSAyMTU5LzExMS8xIDIxNTgvMTEyLzEKZiAyMjYwLzEyNS8xIDIyNjEvMTI2LzEgMjE2MC8xMjcvMSAyMTU5LzEyOC8xCmYgMjI2MS8xMTcvMSAyMjYyLzExOC8xIDIxNjEvMTE5LzEgMjE2MC8xMjAvMQpmIDIyNjIvNzcvMSAyMjYzLzc4LzEgMjE2Mi83OS8xIDIxNjEvODAvMQpmIDIyNjMvODEvMSAyMjY0LzgyLzEgMjE2My84My8xIDIxNjIvODQvMQpmIDIyNjQvODUvMSAyMjY1Lzg2LzEgMjE2NC84Ny8xIDIxNjMvODgvMQpmIDIyNjUvMTAxLzEgMjI2Ni8xMDIvMSAyMTY1LzEwMy8xIDIxNjQvMTA0LzEKZiAyMjY2Lzk3LzEgMjI2Ny85OC8xIDIxNjYvOTkvMSAyMTY1LzEwMC8xCmYgMjI2Ny84NS8xIDIyNjgvODYvMSAyMTY3Lzg3LzEgMjE2Ni84OC8xCmYgMjI3Mi8xMDEvMSAyMjczLzEwMi8xIDIxNzIvMTAzLzEgMjE3MS8xMDQvMQpmIDIyNzMvOTMvMSAyMjc0Lzk0LzEgMjE3My85NS8xIDIxNzIvOTYvMQpmIDIyNzQvMTI5LzEgMjI3NS8xMzAvMSAyMTc0LzEzMS8xIDIxNzMvMTMyLzEKZiAyMjc1LzkzLzEgMjI3Ni85NC8xIDIxNzUvOTUvMSAyMTc0Lzk2LzEKZiAyMjc2LzkzLzEgMjI3Ny85NC8xIDIxNzYvOTUvMSAyMTc1Lzk2LzEKZiAyMjc3LzkzLzEgMjI3OC85NC8xIDIxNzcvOTUvMSAyMTc2Lzk2LzEKZiAyMjc4LzEwNS8xIDIyNzkvMTA2LzEgMjE3OC8xMDcvMSAyMTc3LzEwOC8xCmYgMjM1OS8xMjEvMSAyMzYwLzEyMi8xIDIyNTkvMTIzLzEgMjI1OC8xMjQvMQpmIDIzNjAvMTE3LzEgMjM2MS8xMTgvMSAyMjYwLzExOS8xIDIyNTkvMTIwLzEKZiAyMzYxLzc3LzEgMjM2Mi83OC8xIDIyNjEvNzkvMSAyMjYwLzgwLzEKZiAyMzYyLzgxLzEgMjM2My84Mi8xIDIyNjIvODMvMSAyMjYxLzg0LzEKZiAyMzYzLzg5LzEgMjM2NC85MC8xIDIyNjMvOTEvMSAyMjYyLzkyLzEKZiAyMzY0LzkzLzEgMjM2NS85NC8xIDIyNjQvOTUvMSAyMjYzLzk2LzEKZiAyMzY1Lzk3LzEgMjM2Ni85OC8xIDIyNjUvOTkvMSAyMjY0LzEwMC8xCmYgMjM2Ni84OS8xIDIzNjcvOTAvMSAyMjY2LzkxLzEgMjI2NS85Mi8xCmYgMjM2Ny85My8xIDIzNjgvOTQvMSAyMjY3Lzk1LzEgMjI2Ni85Ni8xCmYgMjM2OC8xMDUvMSAyMzY5LzEwNi8xIDIyNjgvMTA3LzEgMjI2Ny8xMDgvMQpmIDIzNzAvNzMvMSAyMzcxLzc0LzEgMjI3MC83NS8xIDIyNjkvNzYvMQpmIDIzNzMvMTIxLzEgMjM3NC8xMjIvMSAyMjczLzEyMy8xIDIyNzIvMTI0LzEKZiAyMzc0LzExMy8xIDIzNzUvMTE0LzEgMjI3NC8xMTUvMSAyMjczLzExNi8xCmYgMjM3NS85My8xIDIzNzYvOTQvMSAyMjc1Lzk1LzEgMjI3NC85Ni8xCmYgMjM3Ni85My8xIDIzNzcvOTQvMSAyMjc2Lzk1LzEgMjI3NS85Ni8xCmYgMjM3Ny8xMzMvMSAyMzc4LzEzNC8xIDIyNzcvMTM1LzEgMjI3Ni8xMzYvMQpmIDIzNzgvOTMvMSAyMzc5Lzk0LzEgMjI3OC85NS8xIDIyNzcvOTYvMQpmIDIzNzkvMTA1LzEgMjM4MC8xMDYvMSAyMjc5LzEwNy8xIDIyNzgvMTA4LzEKZiAyNDYyLzEwMS8xIDI0NjMvMTAyLzEgMjM2Mi8xMDMvMSAyMzYxLzEwNC8xCmYgMjQ2My85My8xIDI0NjQvOTQvMSAyMzYzLzk1LzEgMjM2Mi85Ni8xCmYgMjQ2NC8xMDkvMSAyNDY1LzExMC8xIDIzNjQvMTExLzEgMjM2My8xMTIvMQpmIDI0NjUvMTI1LzEgMjQ2Ni8xMjYvMSAyMzY1LzEyNy8xIDIzNjQvMTI4LzEKZiAyNDY2LzExMy8xIDI0NjcvMTE0LzEgMjM2Ni8xMTUvMSAyMzY1LzExNi8xCmYgMjQ2Ny85My8xIDI0NjgvOTQvMSAyMzY3Lzk1LzEgMjM2Ni85Ni8xCmYgMjQ2OC85My8xIDI0NjkvOTQvMSAyMzY4Lzk1LzEgMjM2Ny85Ni8xCmYgMjQ2OS85Ny8xIDI0NzAvOTgvMSAyMzY5Lzk5LzEgMjM2OC8xMDAvMQpmIDI0NzAvODUvMSAyNDcxLzg2LzEgMjM3MC84Ny8xIDIzNjkvODgvMQpmIDI0NzUvMTIxLzEgMjQ3Ni8xMjIvMSAyMzc1LzEyMy8xIDIzNzQvMTI0LzEKZiAyNDc2LzExMy8xIDI0NzcvMTE0LzEgMjM3Ni8xMTUvMSAyMzc1LzExNi8xCmYgMjQ3Ny85My8xIDI0NzgvOTQvMSAyMzc3Lzk1LzEgMjM3Ni85Ni8xCmYgMjQ3OC85My8xIDI0NzkvOTQvMSAyMzc4Lzk1LzEgMjM3Ny85Ni8xCmYgMjQ3OS8xMDkvMSAyNDgwLzExMC8xIDIzNzkvMTExLzEgMjM3OC8xMTIvMQpmIDI0ODAvMTE3LzEgMjQ4MS8xMTgvMSAyMzgwLzExOS8xIDIzNzkvMTIwLzEKZiAyNTYyLzc3LzEgMjU2My83OC8xIDI0NjIvNzkvMSAyNDYxLzgwLzEKZiAyNTYzLzg5LzEgMjU2NC85MC8xIDI0NjMvOTEvMSAyNDYyLzkyLzEKZiAyNTY0LzEwOS8xIDI1NjUvMTEwLzEgMjQ2NC8xMTEvMSAyNDYzLzExMi8xCmYgMjU2NS8xMTcvMSAyNTY2LzExOC8xIDI0NjUvMTE5LzEgMjQ2NC8xMjAvMQpmIDI1NjcvMTIxLzEgMjU2OC8xMjIvMSAyNDY3LzEyMy8xIDI0NjYvMTI0LzEKZiAyNTY4LzExMy8xIDI1NjkvMTE0LzEgMjQ2OC8xMTUvMSAyNDY3LzExNi8xCmYgMjU2OS85My8xIDI1NzAvOTQvMSAyNDY5Lzk1LzEgMjQ2OC85Ni8xCmYgMjU3MC85My8xIDI1NzEvOTQvMSAyNDcwLzk1LzEgMjQ2OS85Ni8xCmYgMjU3MS8xMDUvMSAyNTcyLzEwNi8xIDI0NzEvMTA3LzEgMjQ3MC8xMDgvMQpmIDI1NzcvMTIxLzEgMjU3OC8xMjIvMSAyNDc3LzEyMy8xIDI0NzYvMTI0LzEKZiAyNTc4LzEyNS8xIDI1NzkvMTI2LzEgMjQ3OC8xMjcvMSAyNDc3LzEyOC8xCmYgMjU3OS8xMjUvMSAyNTgwLzEyNi8xIDI0NzkvMTI3LzEgMjQ3OC8xMjgvMQpmIDI1ODAvMTE3LzEgMjU4MS8xMTgvMSAyNDgwLzExOS8xIDI0NzkvMTIwLzEKZiAyNjYyLzc3LzEgMjY2My83OC8xIDI1NjIvNzkvMSAyNTYxLzgwLzEKZiAyNjYzLzg5LzEgMjY2NC85MC8xIDI1NjMvOTEvMSAyNTYyLzkyLzEKZiAyNjY0LzkzLzEgMjY2NS85NC8xIDI1NjQvOTUvMSAyNTYzLzk2LzEKZiAyNjY1LzEwNS8xIDI2NjYvMTA2LzEgMjU2NS8xMDcvMSAyNTY0LzEwOC8xCmYgMjY2OS8xMjEvMSAyNjcwLzEyMi8xIDI1NjkvMTIzLzEgMjU2OC8xMjQvMQpmIDI2NzAvMTI1LzEgMjY3MS8xMjYvMSAyNTcwLzEyNy8xIDI1NjkvMTI4LzEKZiAyNjcxLzEyNS8xIDI2NzIvMTI2LzEgMjU3MS8xMjcvMSAyNTcwLzEyOC8xCmYgMjY3Mi8xMTcvMSAyNjczLzExOC8xIDI1NzIvMTE5LzEgMjU3MS8xMjAvMQpmIDI3NjMvMTAxLzEgMjc2NC8xMDIvMSAyNjYzLzEwMy8xIDI2NjIvMTA0LzEKZiAyNzY0LzkzLzEgMjc2NS85NC8xIDI2NjQvOTUvMSAyNjYzLzk2LzEKZiAyNzY1LzEwOS8xIDI3NjYvMTEwLzEgMjY2NS8xMTEvMSAyNjY0LzExMi8xCmYgMjc2Ni8xMTcvMSAyNzY3LzExOC8xIDI2NjYvMTE5LzEgMjY2NS8xMjAvMQpmIDI4NjQvMTIxLzEgMjg2NS8xMjIvMSAyNzY0LzEyMy8xIDI3NjMvMTI0LzEKZiAyODY1LzEyNS8xIDI4NjYvMTI2LzEgMjc2NS8xMjcvMSAyNzY0LzEyOC8xCmYgMjg2Ni8xMTcvMSAyODY3LzExOC8xIDI3NjYvMTE5LzEgMjc2NS8xMjAvMQoKZyBtZXNoXzAwMDQKZiA1NDAvMTM3LzEgNTQxLzEzOC8xIDQ0MC8xMzkvMSA0MzkvMTQwLzEKZiA1NDEvMTQxLzEgNTQyLzE0Mi8xIDQ0MS8xNDMvMSA0NDAvMTQ0LzEKZiA1NDIvMTQ1LzEgNTQzLzE0Ni8xIDQ0Mi8xNDcvMSA0NDEvMTQ4LzEKZiA1NDMvMTQ5LzEgNTQ0LzE1MC8xIDQ0My8xNTEvMSA0NDIvMTUyLzEKZiA2NDAvMTUzLzEgNjQxLzE1NC8xIDU0MC8xNTUvMSA1MzkvMTU2LzEKZiA2NDEvMTU3LzEgNjQyLzE1OC8xIDU0MS8xNTkvMSA1NDAvMTYwLzEKZiA2NDQvMTQ5LzEgNjQ1LzE1MC8xIDU0NC8xNTEvMSA1NDMvMTUyLzEKZiA2NDUvMTQxLzEgNjQ2LzE0Mi8xIDU0NS8xNDMvMSA1NDQvMTQ0LzEKZiA2NDYvMTM3LzEgNjQ3LzEzOC8xIDU0Ni8xMzkvMSA1NDUvMTQwLzEKZiA3NDEvMTQ1LzEgNzQyLzE0Ni8xIDY0MS8xNDcvMSA2NDAvMTQ4LzEKZiA3NDcvMTM3LzEgNzQ4LzEzOC8xIDY0Ny8xMzkvMSA2NDYvMTQwLzEKZiA3NDgvMTUzLzEgNzQ5LzE1NC8xIDY0OC8xNTUvMSA2NDcvMTU2LzEKZiA4NDIvMTM3LzEgODQzLzEzOC8xIDc0Mi8xMzkvMSA3NDEvMTQwLzEKZiA4NDMvMTUzLzEgODQ0LzE1NC8xIDc0My8xNTUvMSA3NDIvMTU2LzEKZiA4NDkvMTM3LzEgODUwLzEzOC8xIDc0OS8xMzkvMSA3NDgvMTQwLzEKZiA4NTAvMTQxLzEgODUxLzE0Mi8xIDc1MC8xNDMvMSA3NDkvMTQ0LzEKZiA5MzEvMTUzLzEgOTMyLzE1NC8xIDgzMS8xNTUvMSA4MzAvMTU2LzEKZiA5MzIvMTU3LzEgOTMzLzE1OC8xIDgzMi8xNTkvMSA4MzEvMTYwLzEKZiA5MzMvMTUzLzEgOTM0LzE1NC8xIDgzMy8xNTUvMSA4MzIvMTU2LzEKZiA5MzQvMTM3LzEgOTM1LzEzOC8xIDgzNC8xMzkvMSA4MzMvMTQwLzEKZiA5NDQvMTUzLzEgOTQ1LzE1NC8xIDg0NC8xNTUvMSA4NDMvMTU2LzEKZiA5NDUvMTQ5LzEgOTQ2LzE1MC8xIDg0NS8xNTEvMSA4NDQvMTUyLzEKZiA5NTEvMTQxLzEgOTUyLzE0Mi8xIDg1MS8xNDMvMSA4NTAvMTQ0LzEKZiA5NTIvMTM3LzEgOTUzLzEzOC8xIDg1Mi8xMzkvMSA4NTEvMTQwLzEKZiAxMDMyLzE0OS8xIDEwMzMvMTUwLzEgOTMyLzE1MS8xIDkzMS8xNTIvMQpmIDEwMzUvMTQ1LzEgMTAzNi8xNDYvMSA5MzUvMTQ3LzEgOTM0LzE0OC8xCmYgMTAzNi8xNTMvMSAxMDM3LzE1NC8xIDkzNi8xNTUvMSA5MzUvMTU2LzEKZiAxMDQ2LzE0NS8xIDEwNDcvMTQ2LzEgOTQ2LzE0Ny8xIDk0NS8xNDgvMQpmIDEwNDcvMTU3LzEgMTA0OC8xNTgvMSA5NDcvMTU5LzEgOTQ2LzE2MC8xCmYgMTA1My8xNDkvMSAxMDU0LzE1MC8xIDk1My8xNTEvMSA5NTIvMTUyLzEKZiAxMDU2LzE1My8xIDEwNTcvMTU0LzEgOTU2LzE1NS8xIDk1NS8xNTYvMQpmIDExMzMvMTQ5LzEgMTEzNC8xNTAvMSAxMDMzLzE1MS8xIDEwMzIvMTUyLzEKZiAxMTM1LzE0OS8xIDExMzYvMTUwLzEgMTAzNS8xNTEvMSAxMDM0LzE1Mi8xCmYgMTEzNi8xNTcvMSAxMTM3LzE1OC8xIDEwMzYvMTU5LzEgMTAzNS8xNjAvMQpmIDExMzcvMTU3LzEgMTEzOC8xNTgvMSAxMDM3LzE1OS8xIDEwMzYvMTYwLzEKZiAxMTQ0LzE0MS8xIDExNDUvMTQyLzEgMTA0NC8xNDMvMSAxMDQzLzE0NC8xCmYgMTE0NS8xMzcvMSAxMTQ2LzEzOC8xIDEwNDUvMTM5LzEgMTA0NC8xNDAvMQpmIDExNDYvMTQxLzEgMTE0Ny8xNDIvMSAxMDQ2LzE0My8xIDEwNDUvMTQ0LzEKZiAxMTQ3LzE1Ny8xIDExNDgvMTU4LzEgMTA0Ny8xNTkvMSAxMDQ2LzE2MC8xCmYgMTE0OC8xNTMvMSAxMTQ5LzE1NC8xIDEwNDgvMTU1LzEgMTA0Ny8xNTYvMQpmIDExNDkvMTUzLzEgMTE1MC8xNTQvMSAxMDQ5LzE1NS8xIDEwNDgvMTU2LzEKZiAxMTU0LzE1My8xIDExNTUvMTU0LzEgMTA1NC8xNTUvMSAxMDUzLzE1Ni8xCmYgMTE1NS8xNTMvMSAxMTU2LzE1NC8xIDEwNTUvMTU1LzEgMTA1NC8xNTYvMQpmIDExNTYvMTQ1LzEgMTE1Ny8xNDYvMSAxMDU2LzE0Ny8xIDEwNTUvMTQ4LzEKZiAxMTU3LzE1My8xIDExNTgvMTU0LzEgMTA1Ny8xNTUvMSAxMDU2LzE1Ni8xCmYgMTE1OC8xNTcvMSAxMTU5LzE1OC8xIDEwNTgvMTU5LzEgMTA1Ny8xNjAvMQpmIDEyMzMvMTUzLzEgMTIzNC8xNTQvMSAxMTMzLzE1NS8xIDExMzIvMTU2LzEKZiAxMjM0LzE0MS8xIDEyMzUvMTQyLzEgMTEzNC8xNDMvMSAxMTMzLzE0NC8xCmYgMTIzOC8xNDkvMSAxMjM5LzE1MC8xIDExMzgvMTUxLzEgMTEzNy8xNTIvMQpmIDEyMzkvMTU3LzEgMTI0MC8xNTgvMSAxMTM5LzE1OS8xIDExMzgvMTYwLzEKZiAxMjQwLzE0MS8xIDEyNDEvMTQyLzEgMTE0MC8xNDMvMSAxMTM5LzE0NC8xCmYgMTI0MS8xNTMvMSAxMjQyLzE1NC8xIDExNDEvMTU1LzEgMTE0MC8xNTYvMQpmIDEyNDIvMTM3LzEgMTI0My8xMzgvMSAxMTQyLzEzOS8xIDExNDEvMTQwLzEKZiAxMjQ0LzE0MS8xIDEyNDUvMTQyLzEgMTE0NC8xNDMvMSAxMTQzLzE0NC8xCmYgMTI0NS8xNTcvMSAxMjQ2LzE1OC8xIDExNDUvMTU5LzEgMTE0NC8xNjAvMQpmIDEyNDcvMTU3LzEgMTI0OC8xNTgvMSAxMTQ3LzE1OS8xIDExNDYvMTYwLzEKZiAxMjQ4LzE0OS8xIDEyNDkvMTUwLzEgMTE0OC8xNTEvMSAxMTQ3LzE1Mi8xCmYgMTI0OS8xNDUvMSAxMjUwLzE0Ni8xIDExNDkvMTQ3LzEgMTE0OC8xNDgvMQpmIDEyNTAvMTU3LzEgMTI1MS8xNTgvMSAxMTUwLzE1OS8xIDExNDkvMTYwLzEKZiAxMjUxLzE0OS8xIDEyNTIvMTUwLzEgMTE1MS8xNTEvMSAxMTUwLzE1Mi8xCmYgMTI1Mi8xNDkvMSAxMjUzLzE1MC8xIDExNTIvMTUxLzEgMTE1MS8xNTIvMQpmIDEyNTkvMTU3LzEgMTI2MC8xNTgvMSAxMTU5LzE1OS8xIDExNTgvMTYwLzEKZiAxMzM0LzE1Ny8xIDEzMzUvMTU4LzEgMTIzNC8xNTkvMSAxMjMzLzE2MC8xCmYgMTMzNS8xNDEvMSAxMzM2LzE0Mi8xIDEyMzUvMTQzLzEgMTIzNC8xNDQvMQpmIDEzNDEvMTM3LzEgMTM0Mi8xMzgvMSAxMjQxLzEzOS8xIDEyNDAvMTQwLzEKZiAxMzQyLzE1My8xIDEzNDMvMTU0LzEgMTI0Mi8xNTUvMSAxMjQxLzE1Ni8xCmYgMTM0My8xNTMvMSAxMzQ0LzE1NC8xIDEyNDMvMTU1LzEgMTI0Mi8xNTYvMQpmIDEzNDQvMTQ1LzEgMTM0NS8xNDYvMSAxMjQ0LzE0Ny8xIDEyNDMvMTQ4LzEKZiAxMzQ1LzE1My8xIDEzNDYvMTU0LzEgMTI0NS8xNTUvMSAxMjQ0LzE1Ni8xCmYgMTM0Ni8xNDkvMSAxMzQ3LzE1MC8xIDEyNDYvMTUxLzEgMTI0NS8xNTIvMQpmIDEzNDcvMTQxLzEgMTM0OC8xNDIvMSAxMjQ3LzE0My8xIDEyNDYvMTQ0LzEKZiAxMzQ4LzE0MS8xIDEzNDkvMTQyLzEgMTI0OC8xNDMvMSAxMjQ3LzE0NC8xCmYgMTM0OS8xNDkvMSAxMzUwLzE1MC8xIDEyNDkvMTUxLzEgMTI0OC8xNTIvMQpmIDEzNTAvMTQ5LzEgMTM1MS8xNTAvMSAxMjUwLzE1MS8xIDEyNDkvMTUyLzEKZiAxMzUyLzE1Ny8xIDEzNTMvMTU4LzEgMTI1Mi8xNTkvMSAxMjUxLzE2MC8xCmYgMTM1My8xNTcvMSAxMzU0LzE1OC8xIDEyNTMvMTU5LzEgMTI1Mi8xNjAvMQpmIDEzNTgvMTUzLzEgMTM1OS8xNTQvMSAxMjU4LzE1NS8xIDEyNTcvMTU2LzEKZiAxMzU5LzE0NS8xIDEzNjAvMTQ2LzEgMTI1OS8xNDcvMSAxMjU4LzE0OC8xCmYgMTM2MC8xNTcvMSAxMzYxLzE1OC8xIDEyNjAvMTU5LzEgMTI1OS8xNjAvMQpmIDE0MzYvMTQ5LzEgMTQzNy8xNTAvMSAxMzM2LzE1MS8xIDEzMzUvMTUyLzEKZiAxNDM3LzE0MS8xIDE0MzgvMTQyLzEgMTMzNy8xNDMvMSAxMzM2LzE0NC8xCmYgMTQ0My8xNDkvMSAxNDQ0LzE1MC8xIDEzNDMvMTUxLzEgMTM0Mi8xNTIvMQpmIDE0NDQvMTQxLzEgMTQ0NS8xNDIvMSAxMzQ0LzE0My8xIDEzNDMvMTQ0LzEKZiAxNDQ1LzE0MS8xIDE0NDYvMTQyLzEgMTM0NS8xNDMvMSAxMzQ0LzE0NC8xCmYgMTQ0Ni8xNTcvMSAxNDQ3LzE1OC8xIDEzNDYvMTU5LzEgMTM0NS8xNjAvMQpmIDE0NDgvMTU3LzEgMTQ0OS8xNTgvMSAxMzQ4LzE1OS8xIDEzNDcvMTYwLzEKZiAxNDQ5LzE0MS8xIDE0NTAvMTQyLzEgMTM0OS8xNDMvMSAxMzQ4LzE0NC8xCmYgMTQ1MC8xNDkvMSAxNDUxLzE1MC8xIDEzNTAvMTUxLzEgMTM0OS8xNTIvMQpmIDE0NTkvMTQxLzEgMTQ2MC8xNDIvMSAxMzU5LzE0My8xIDEzNTgvMTQ0LzEKZiAxNDYwLzE1My8xIDE0NjEvMTU0LzEgMTM2MC8xNTUvMSAxMzU5LzE1Ni8xCmYgMTUzOC8xNTMvMSAxNTM5LzE1NC8xIDE0MzgvMTU1LzEgMTQzNy8xNTYvMQpmIDE1MzkvMTM3LzEgMTU0MC8xMzgvMSAxNDM5LzEzOS8xIDE0MzgvMTQwLzEKZiAxNTQwLzE1Ny8xIDE1NDEvMTU4LzEgMTQ0MC8xNTkvMSAxNDM5LzE2MC8xCmYgMTU0NC8xNDEvMSAxNTQ1LzE0Mi8xIDE0NDQvMTQzLzEgMTQ0My8xNDQvMQpmIDE1NDUvMTQ5LzEgMTU0Ni8xNTAvMSAxNDQ1LzE1MS8xIDE0NDQvMTUyLzEKZiAxNTQ2LzE0NS8xIDE1NDcvMTQ2LzEgMTQ0Ni8xNDcvMSAxNDQ1LzE0OC8xCmYgMTU0Ny8xNTcvMSAxNTQ4LzE1OC8xIDE0NDcvMTU5LzEgMTQ0Ni8xNjAvMQpmIDE1NDgvMTM3LzEgMTU0OS8xMzgvMSAxNDQ4LzEzOS8xIDE0NDcvMTQwLzEKZiAxNTQ5LzE0OS8xIDE1NTAvMTUwLzEgMTQ0OS8xNTEvMSAxNDQ4LzE1Mi8xCmYgMTU1OS8xNjEvMSAxNTYwLzE2Mi8xIDE0NTkvMTYzLzEgMTQ1OC8xNjQvMQpmIDE1NjEvMTM3LzEgMTU2Mi8xMzgvMSAxNDYxLzEzOS8xIDE0NjAvMTQwLzEKZiAxNjQwLzE0OS8xIDE2NDEvMTUwLzEgMTU0MC8xNTEvMSAxNTM5LzE1Mi8xCmYgMTY0MS8xNTMvMSAxNjQyLzE1NC8xIDE1NDEvMTU1LzEgMTU0MC8xNTYvMQpmIDE2NDIvMTQxLzEgMTY0My8xNDIvMSAxNTQyLzE0My8xIDE1NDEvMTQ0LzEKZiAxNjUxLzE2NS8xIDE2NTIvMTY2LzEgMTU1MS8xNjcvMSAxNTUwLzE2OC8xCmYgMTY1Mi8xNjkvMSAxNjUzLzE3MC8xIDE1NTIvMTcxLzEgMTU1MS8xNzIvMQpmIDE2NjEvMTQ5LzEgMTY2Mi8xNTAvMSAxNTYxLzE1MS8xIDE1NjAvMTUyLzEKZiAxNjYyLzE0MS8xIDE2NjMvMTQyLzEgMTU2Mi8xNDMvMSAxNTYxLzE0NC8xCmYgMTc0MS8xNDUvMSAxNzQyLzE0Ni8xIDE2NDEvMTQ3LzEgMTY0MC8xNDgvMQpmIDE3NDIvMTM3LzEgMTc0My8xMzgvMSAxNjQyLzEzOS8xIDE2NDEvMTQwLzEKZiAxNzQzLzE0MS8xIDE3NDQvMTQyLzEgMTY0My8xNDMvMSAxNjQyLzE0NC8xCmYgMTc0NC8xNDUvMSAxNzQ1LzE0Ni8xIDE2NDQvMTQ3LzEgMTY0My8xNDgvMQpmIDE3NjMvMTM3LzEgMTc2NC8xMzgvMSAxNjYzLzEzOS8xIDE2NjIvMTQwLzEKZiAxNzY0LzEzNy8xIDE3NjUvMTM4LzEgMTY2NC8xMzkvMSAxNjYzLzE0MC8xCmYgMTg0Mi8xNDUvMSAxODQzLzE0Ni8xIDE3NDIvMTQ3LzEgMTc0MS8xNDgvMQpmIDE4NDMvMTUzLzEgMTg0NC8xNTQvMSAxNzQzLzE1NS8xIDE3NDIvMTU2LzEKZiAxODY2LzE0NS8xIDE4NjcvMTQ2LzEgMTc2Ni8xNDcvMSAxNzY1LzE0OC8xCmYgMTk0My8xNTcvMSAxOTQ0LzE1OC8xIDE4NDMvMTU5LzEgMTg0Mi8xNjAvMQpmIDE5NjMvMTQ1LzEgMTk2NC8xNDYvMSAxODYzLzE0Ny8xIDE4NjIvMTQ4LzEKZiAxOTY3LzE3My8xIDE5NjgvMTc0LzEgMTg2Ny8xNzUvMSAxODY2LzE3Ni8xCmYgMTk2OC8xNzcvMSAxOTY5LzE3OC8xIDE4NjgvMTc5LzEgMTg2Ny8xODAvMQpmIDIwNDQvMTU3LzEgMjA0NS8xNTgvMSAxOTQ0LzE1OS8xIDE5NDMvMTYwLzEKZiAyMDQ1LzE0MS8xIDIwNDYvMTQyLzEgMTk0NS8xNDMvMSAxOTQ0LzE0NC8xCmYgMjA0Ni8xNDkvMSAyMDQ3LzE1MC8xIDE5NDYvMTUxLzEgMTk0NS8xNTIvMQpmIDIwNDcvMTQ1LzEgMjA0OC8xNDYvMSAxOTQ3LzE0Ny8xIDE5NDYvMTQ4LzEKZiAyMDQ4LzE1My8xIDIwNDkvMTU0LzEgMTk0OC8xNTUvMSAxOTQ3LzE1Ni8xCmYgMjA0OS8xMzcvMSAyMDUwLzEzOC8xIDE5NDkvMTM5LzEgMTk0OC8xNDAvMQpmIDIwNjUvMTYxLzEgMjA2Ni8xNjIvMSAxOTY1LzE2My8xIDE5NjQvMTY0LzEKZiAyMTUwLzEzNy8xIDIxNTEvMTM4LzEgMjA1MC8xMzkvMSAyMDQ5LzE0MC8xCmYgMjE1MS8xNTcvMSAyMTUyLzE1OC8xIDIwNTEvMTU5LzEgMjA1MC8xNjAvMQpmIDIxNTYvMTgxLzEgMjE1Ny8xODIvMSAyMDU2LzE4My8xIDIwNTUvMTg0LzEKZiAyMTY3LzE1Ny8xIDIxNjgvMTU4LzEgMjA2Ny8xNTkvMSAyMDY2LzE2MC8xCmYgMjI1Mi8xNDUvMSAyMjUzLzE0Ni8xIDIxNTIvMTQ3LzEgMjE1MS8xNDgvMQpmIDIyNTMvMTUzLzEgMjI1NC8xNTQvMSAyMTUzLzE1NS8xIDIxNTIvMTU2LzEKZiAyMzU0LzE0MS8xIDIzNTUvMTQyLzEgMjI1NC8xNDMvMSAyMjUzLzE0NC8xCmYgMjM1NS8xNDUvMSAyMzU2LzE0Ni8xIDIyNTUvMTQ3LzEgMjI1NC8xNDgvMQpmIDIzNjkvMTUzLzEgMjM3MC8xNTQvMSAyMjY5LzE1NS8xIDIyNjgvMTU2LzEKZiAyNDU1LzE1My8xIDI0NTYvMTU0LzEgMjM1NS8xNTUvMSAyMzU0LzE1Ni8xCmYgMjQ1Ni8xNTcvMSAyNDU3LzE1OC8xIDIzNTYvMTU5LzEgMjM1NS8xNjAvMQpmIDI0NzUvMTM3LzEgMjQ3Ni8xMzgvMSAyMzc1LzEzOS8xIDIzNzQvMTQwLzEKZiAyNDc2LzE0MS8xIDI0NzcvMTQyLzEgMjM3Ni8xNDMvMSAyMzc1LzE0NC8xCmYgMjU1Ni8xNDEvMSAyNTU3LzE0Mi8xIDI0NTYvMTQzLzEgMjQ1NS8xNDQvMQpmIDI1NTcvMTQ1LzEgMjU1OC8xNDYvMSAyNDU3LzE0Ny8xIDI0NTYvMTQ4LzEKZiAyNTY1LzE0MS8xIDI1NjYvMTQyLzEgMjQ2NS8xNDMvMSAyNDY0LzE0NC8xCmYgMjU2Ni8xNDkvMSAyNTY3LzE1MC8xIDI0NjYvMTUxLzEgMjQ2NS8xNTIvMQpmIDI1NzUvMTQ1LzEgMjU3Ni8xNDYvMSAyNDc1LzE0Ny8xIDI0NzQvMTQ4LzEKZiAyNTc2LzE1Ny8xIDI1NzcvMTU4LzEgMjQ3Ni8xNTkvMSAyNDc1LzE2MC8xCmYgMjY1Ny8xNDkvMSAyNjU4LzE1MC8xIDI1NTcvMTUxLzEgMjU1Ni8xNTIvMQpmIDI2NjEvMTUzLzEgMjY2Mi8xNTQvMSAyNTYxLzE1NS8xIDI1NjAvMTU2LzEKZiAyNjY2LzEzNy8xIDI2NjcvMTM4LzEgMjU2Ni8xMzkvMSAyNTY1LzE0MC8xCmYgMjY2Ny8xMzcvMSAyNjY4LzEzOC8xIDI1NjcvMTM5LzEgMjU2Ni8xNDAvMQpmIDI2NjgvMTUzLzEgMjY2OS8xNTQvMSAyNTY4LzE1NS8xIDI1NjcvMTU2LzEKZiAyNjY5LzEzNy8xIDI2NzAvMTM4LzEgMjU2OS8xMzkvMSAyNTY4LzE0MC8xCmYgMjY3MC8xNDkvMSAyNjcxLzE1MC8xIDI1NzAvMTUxLzEgMjU2OS8xNTIvMQpmIDI2NzEvMTM3LzEgMjY3Mi8xMzgvMSAyNTcxLzEzOS8xIDI1NzAvMTQwLzEKZiAyNjcyLzE0NS8xIDI2NzMvMTQ2LzEgMjU3Mi8xNDcvMSAyNTcxLzE0OC8xCmYgMjY3NS8xNDEvMSAyNjc2LzE0Mi8xIDI1NzUvMTQzLzEgMjU3NC8xNDQvMQpmIDI2NzYvMTM3LzEgMjY3Ny8xMzgvMSAyNTc2LzEzOS8xIDI1NzUvMTQwLzEKZiAyNzU3LzE0MS8xIDI3NTgvMTQyLzEgMjY1Ny8xNDMvMSAyNjU2LzE0NC8xCmYgMjc1OC8xNTcvMSAyNzU5LzE1OC8xIDI2NTgvMTU5LzEgMjY1Ny8xNjAvMQpmIDI3NjAvMTQ5LzEgMjc2MS8xNTAvMSAyNjYwLzE1MS8xIDI2NTkvMTUyLzEKZiAyNzYxLzE1Ny8xIDI3NjIvMTU4LzEgMjY2MS8xNTkvMSAyNjYwLzE2MC8xCmYgMjc2Mi8xNDUvMSAyNzYzLzE0Ni8xIDI2NjIvMTQ3LzEgMjY2MS8xNDgvMQpmIDI3NjMvMTQ5LzEgMjc2NC8xNTAvMSAyNjYzLzE1MS8xIDI2NjIvMTUyLzEKZiAyNzY2LzE1My8xIDI3NjcvMTU0LzEgMjY2Ni8xNTUvMSAyNjY1LzE1Ni8xCmYgMjc2Ny8xNDEvMSAyNzY4LzE0Mi8xIDI2NjcvMTQzLzEgMjY2Ni8xNDQvMQpmIDI3NzMvMTU3LzEgMjc3NC8xNTgvMSAyNjczLzE1OS8xIDI2NzIvMTYwLzEKZiAyNzc1LzE1Ny8xIDI3NzYvMTU4LzEgMjY3NS8xNTkvMSAyNjc0LzE2MC8xCmYgMjc3Ni8xNTMvMSAyNzc3LzE1NC8xIDI2NzYvMTU1LzEgMjY3NS8xNTYvMQpmIDI4NTgvMTM3LzEgMjg1OS8xMzgvMSAyNzU4LzEzOS8xIDI3NTcvMTQwLzEKZiAyODU5LzE0NS8xIDI4NjAvMTQ2LzEgMjc1OS8xNDcvMSAyNzU4LzE0OC8xCmYgMjg2MC8xNDUvMSAyODYxLzE0Ni8xIDI3NjAvMTQ3LzEgMjc1OS8xNDgvMQpmIDI4NjEvMTQxLzEgMjg2Mi8xNDIvMSAyNzYxLzE0My8xIDI3NjAvMTQ0LzEKZiAyODY0LzE0OS8xIDI4NjUvMTUwLzEgMjc2NC8xNTEvMSAyNzYzLzE1Mi8xCmYgMjg2NS8xMzcvMSAyODY2LzEzOC8xIDI3NjUvMTM5LzEgMjc2NC8xNDAvMQpmIDI4NjYvMTM3LzEgMjg2Ny8xMzgvMSAyNzY2LzEzOS8xIDI3NjUvMTQwLzEKZiAyODY3LzEzNy8xIDI4NjgvMTM4LzEgMjc2Ny8xMzkvMSAyNzY2LzE0MC8xCmYgMjg3NC8xMzcvMSAyODc1LzEzOC8xIDI3NzQvMTM5LzEgMjc3My8xNDAvMQpmIDI4NzUvMTU3LzEgMjg3Ni8xNTgvMSAyNzc1LzE1OS8xIDI3NzQvMTYwLzEKZiAyODc2LzEzNy8xIDI4NzcvMTM4LzEgMjc3Ni8xMzkvMSAyNzc1LzE0MC8xCmYgMjk1OC8xNTMvMSAyOTU5LzE1NC8xIDI4NTgvMTU1LzEgMjg1Ny8xNTYvMQpmIDI5NTkvMTM3LzEgMjk2MC8xMzgvMSAyODU5LzEzOS8xIDI4NTgvMTQwLzEKZiAyOTYwLzE1Ny8xIDI5NjEvMTU4LzEgMjg2MC8xNTkvMSAyODU5LzE2MC8xCmYgMzA1OS8xMzcvMSAzMDYwLzEzOC8xIDI5NTkvMTM5LzEgMjk1OC8xNDAvMQpmIDMwNjAvMTUzLzEgMzA2MS8xNTQvMSAyOTYwLzE1NS8xIDI5NTkvMTU2LzEKCmcgbWVzaF8wMDA1CmYgMTQ1OC8xODUvMSAxNDU5LzE4Ni8xIDEzNTgvMTg3LzEgMTM1Ny8xODgvMQpmIDE1NTAvMTg5LzEgMTU1MS8xOTAvMSAxNDUwLzE5MS8xIDE0NDkvMTkyLzEKZiAxNTUxLzE5My8xIDE1NTIvMTk0LzEgMTQ1MS8xOTUvMSAxNDUwLzE5Ni8xCmYgMTg2Ni8xOTcvMSAxODY3LzE5OC8xIDE3NjYvMTk5LzEgMTc2NS8yMDAvMQpmIDE4NjcvMjAxLzEgMTg2OC8yMDIvMSAxNzY3LzIwMy8xIDE3NjYvMjA0LzEKZiAxOTY0LzE4NS8xIDE5NjUvMTg2LzEgMTg2NC8xODcvMSAxODYzLzE4OC8xCmYgMjA1NS8yMDUvMSAyMDU2LzIwNi8xIDE5NTUvMjA3LzEgMTk1NC8yMDgvMQoK</ImportMesh>
  <ImportTexture filename="terrain.png">iVBORw0KGgoAAAANSUhEUgAABAAAAAQACAYAAAB/HSuDAAAABHNCSVQICAgIfAhkiAAAAAlwSFlzAAAOxAAADsQBlSsOGwAAIABJREFUeJzsvV1sHNeVLvqRE1EtkmpS/FEUiT6iKFmyGMoj68Qi5sSZKMLJgWHFZyA5AS4wHuPCwZGvE2Me5iGAfeN5GM+xL+YhD0ESwT43fgh8niaWMSexYdwMNE7smYDOHMuwaTqSbZGKfqyITYpss6kmNaO+D9WretWqtX+qu7qbcvoDCHXv2rX3riK1q7718602CJz8zpES/37s715uk33SxOsnHijZjhcWboafu3rbE/fhxzSYxmzU/Pc+/lLk/j55/92R+/HUz35T1/v//ccOW+//Ur6y/u6sfv22PvyYBtOYjZr/iZ+8Frm/j+7bGbkfJ979qK73X/6+JQqLhfBzV09X4j78mAbTmI2a/3u/morc36GRkcj9uHjuXF3v/+j+L1jvf7G4HH7OZDoT9+HHNJjGbNT8534bvf/jB74YuR8Tb/1zXe//Xxyz7/9z+Rvh5/7susR9+DENpjEbNf8r//i/6np/XSj93/8pfv/PZCqf9xSDf8d6Km2Ti5XP1D65GD3PBRpXQwPnb/vv/9LU+39gx+3Wv/9PO96a/qB1/5uIZt9/AH/Q9x9AU+//4GPP/kHf/9kfPNLsv/+mIsKWTn7nSGlwRwb8RxoE0oaJIBcWbnqRb3mMn+Mi30nmt6GW+TmevP/u0uD2jeA/LoJYK0wEeSl/04t8y2P8HBf5TjK/DbXMz/Hovp2lgeE+8B9pEEgbJoJcWCx4kW95jJ/jIt9J5rehlvk5hkZGStlsH/iPNAikDRNBLhaXvci3PMbPcZHvJPPbUMv8HOMHvljaPbwF/EcaBNKGiSDP5W94kW95jJ/jIt9J5rehlvlvGRDp5uQ7CfYU7aR/rc/fQgsttNBCC58ifIY+7N+x69nZQgmdCzcjhLZzUwdOfudI6W/+/sxzb09/+Eg9FuFL1F3eem08EzlPOn8SaOO5IgMO7BiZKiwWsCHfFSG0GzZ14cn77y69PDn3/lvT50ZTXWgZvkTd5a3XxjOR86TzJ4E2nisy4MCOkanC0go2LBYihHbDpvV4dN/O0sRSqW7335eou7z12ngmcp50/iTQxnNFBuzfsevZmfwCOjoyEULb0ZHB0MhIaaDUXrf9x5eou7z12ngmcp50/iTQxnNFBjz1xHdLJ3/6MubyNyKEtr+vH+MHvlj62r1fwZNP/21drOW+RN3lrdfGM5HzpPMngTZe0siApmJPUfemc/JNx8+slM9JOP5anr+FFlpooYUWPuX4jGxYvrYKoANdve0oLNzE8rVVzBYCJ9D+HbueNb2E2yIFbGkENI/WDsQ96poRQJ5vMhRoY/qcR/195/cZ1zTX9WsFAIERYCl/E9evVTyxB3aMTJlIqC1SwJZGQPNo7UDco64ZAeT5JkOBNqbPedTfd36fcU1zXb8WvFB29XShsFjA9WsrKCytAOiw3n9bpIAtjYDm0dqBuEddMwLI802GAm1Mn/Oov+/8PuOa5lpdDV7OM5lOFIvLWF0tYimfx8DGXuv+Y4sUsKUR0DxaOxD3qGtGAHm+yVCgjelzHvX3nd9nXNNcc/NzAPrRn10XeMHn57C6FIz/1BPfLZmMALZIAVsaAc2jtQNxj7pmBJDnmwwF2pg+51F/3/l9xvU1Zvigd2Agcu8Xcjl/Q82ZjB8hJsLNyTmddyYTD9uXBJ5/l8eaPX+NePWZo5H7L9P6Wqgvnn7oUOT+y7S+FuqLkTtGI/dfppW1UF+09p8WqkVoAHh7+sNHTrwCPHrf7uMorAAX3Sdz0t+5qcNIjl0RBNwIIMeQBoJac/q1MV3n8f5JowV8oxYCYjkydQjYW1gsIOdxDif9GzZ1GcmxK4KAGwHkGNJAUGtOvzam6zzeP2m0gG/UwlvT50axY2RqbGllb2FpBbkLeec5nPRv2LTeSI5dEQTcCCDHkAaCWnP6tTFd5/H+SaMFfKMW3p7+8JH9O3ZhJr9wHHDfeyBK+mXkAKFYXHZGEHAjgBxDGghqzenXxnSdx/snjRbwjVp48um/baMogI+XlvGxxzmc9Pf39RvJsSuCgBsB5BjSQFBrTr82pus83j+p5z5tor+Qy/HvAICFXA7Hxr8atp/C6VKqRgCNPPP+knAnJdjNnt8Trz5ztKRFFHb1tmNq8nqkX+slPH08/dChkhZR2J1tx4fvzkb6tYwA6WPkjtGSFtGWyXTi8sWZSL+WESB9tPafFtJGJALg7ekPH3nkh35htie/c6RkIv0cwfEO/PU39hz/m7+vzFPdcs0RA5W56gPbvGnhrelzo29N+/V98v67SybSzxEc78KRMewFMEXzVLtGU8RAZa76wDZvWnhr+tzoW559H923s2Qi/Rx0fBwre7FjpOb7b4oY4HPVA7Z500J5X1D3hrdzUZPY0MhIyUT6Oeh4brV4fP+OXXyeqmCKGOBz1QO2edOCLcT/9NOnI9/HD3yxZCL9HMHxfvz81X/CU098t+SaxwVTxEBlrvrANm+dUQICsv/8nQfxQiFYw8mJX4CMAXt2VraTB7vW4b2ezQAQMQLwKAHVODDWUwmxbwCZXnPzG0AixYWFm/jHN6Zx+/BWAMDo2IbwfWN2umKM+GDmMga7tsVewrmXrvVy7g8SKV7K38R771xGf896AMCufYPh+8bs+U/C/nOLK+i5VogZAXiUQMs44A8SyS0Wl3H5dzPIdAbPuK1Dw+HzLp+fD/sXl4OoPWkE4FECLeOAP1r7Twv1RCwFwAe+5N8EWyivDLPX8vlNofw+OgEuHYBqr8kmBJi2YcKX/JtgC2WXYfZaPr8plN9HJ8ClA1DtNdmEANM2TPiSfxNs91+G2Wv5/KZQfh+dAJcOQLXXZBMCTNsw4Uv+TbDtPzLMXsvnN4Xy++gEuHQAqr0mmxBg2oYJX/Jvgi2VQIbZa/n8plB+H50Alw5AtddkEwJMOib39JOX//DOuwAEBP+Fwg3s2TmKzw9sw3u5S+oYh3fehVM4XQKCCAERORCPEEgqrse99hpJlx59LeyftzV7fgbuaaNn+fmLQWrYBzOXcfvwVsxOFzFbKGGwS3+XPn9xJXzpls//lofODu7pp2f5lfNzAAKC39+zHrPnP8FivoierP47vHJ+LiT98vnfihCwg3v66Vkyn7safF9eRqazE/n8PJbyeXRns+oY87mrIemXz59WhIAdrf2nhUahKgMAwbdEXqAr4DeO9r2aNfmI/7nW4juGT9pCPaITfEvkBboCfuNo36tZk4/4n2stvmP4pC3UIzrBt0Qe6Qr4jKN9r2ZNPuJ/rrX4juGTtlCP6ATfEnmkK+Azjva9mjX5iP+51uI7hk/aQj2iE3xL5AW6An7jaN+rWZOP+J9rLb5j+KQt+BoBOPk/efg+AAi9/oQHu9bhBWwLv39+YFvYzvtg512hwYAMBWc+msJCLqcbAXy87Zw4m/pr4fxa7n41oftpzy/AX77/4ecfAUDodSN8MHMZYG2kkfTBzOVoH2wNX9jpRX1wRwZdve2tl3ADOPmfeCPIQyWvP2FuMfo8XcwXY+1ziyvA+bnQYECGgsHtG9GdbW8ZAQzg5P/c2SkACL3+hOJy9Fm0lM/H2ovLy5jPXQ0NBmQoyGb7kMl0towABrT2nxYaiaoMALOFEgaxis5NHWGbiXgT+ac/Uomk5Nwl5KeNS2vg69WMEvL48rV4e7XrqtUwERmrTK42bKqQKhPxJvJvInBJyblLyE8bl9bA16sZJeTx69fi7dWuq1bDBEcgChjk/YdtBuJN5J+EBGNjJSTnLiE/bVxaA1+vZpSQx7Xzql1XrYYJjsDzEOT9E0zEm8g/CQlKJCXnLiE/bVxaA1+vZpSQx7Xzql1XrYYJjtWlZcwhyPsnmIg3kX8SEpRISs5dQn7auLSGyHoVo4Q8Pjcfb692XUkNE3t2juKFwg082LUuQuwJYVvXcOyYZhAgHBv/aiR9IIQv+aZ/z2SAB9YDL9qNm5HQfj5XteS/XvMLzE4Xcftw8ALNX6wJ1PaBdq7yQk6YmrweCd9tQcfs+U/Q37Mec4srMcIPVMi+dkwzCBA+fHc2kj7Qgo58fh6Zzk4Ul5djhB+okH3tmGYQIFy+OBNJH2hBh9x/5q9G9+uJq3GVsL7NQbRYa/9pwRdVGQBOvHL2uUfv2318EFES3bmpIyTDNvJfSw6uRppdEQa0Nk7SOzd1RM4jkk9r58e1fj7rqqWfDa9dKL5/CNgr2zds6grJsI3815KDrpFmV4QBrY2T9A2buiLnEcmntfPjWj+fddXSz4ZJdLw/trSi3P/1IRmOk/8Karn/Gml2RRjQ2jhJ37BpfeQ8Ivm0dn5c6+ezrlr62TC8sfe5mfzC8W4RfdjRkQnJsCT/HLXsPxppdkUY0No4Se/oyETOI5JPa+fHtX4+66qlnw3Hvn4EJ3/6MiSF7u/rD8mwjfzXogGgkWZXhAGtjZP0/r7+yHlE8mnt/LjWz2ddtfQDEHjtywT/4Goeb3ZkcXA1+Ft+syMbthOoTSP+QMUwAASpBaERwEGGI6H29PmB9ZV/bSR8cjFKwrWw/WbPb8BgV1tI8E9Nufetw6PB/qq9eAPR96B66wl9GtCTzYQk/v1FY5GREHt7gm1FI/5AxTAApF96+NOI7mzWSvQlKFLA1Jc/h+utZ/NpwGBXW0j0n//mj4DxfcDEu8HB8X3Bv/QdwMM//lbQVD6HDAKE1v7TgkRVBoBIxQCOQnnjVSoInHjl7HN0Lm93ldVzedZ9vPtSr0CG6GvHg3Gic7kiAbS12K6hWiscrxjA24lcaRUEXrtQfL9ybgWusnouz7qPd1/qFcgQfe14ME50LlckgLYW2zVU6wXgFQN4OxF9rYLAJDrU++8qq+fyrPt496VegQzR146bxrHBFDFguoZq0wKiFQM4zNUDhjf2qvuPq6yey7Pu492XegUyRF87bhrHBlPEgOkaqvXC8IoBHB+Xib5WQeDY14+E5/J2V1k9p2fdw7sv9QpkiL52PBgnOpczEkBZi+0atGsvh+WXPj+wDQ92rYsQ/IOreWz7crCHHcVCmdjeDMnsURRx6cpqaCjgBgGeMsDmCVCN0F6EWAsyzzHWU/n3jIGoN3t+hnsff6nt9RMPlGYLJXwwc9mL+BNk34hBQITxtsJvdTzxk9favv/Y4dJivoi5xRUv4k+QfW0GgVb4v45zv51qG93/hdJSPm/0/psg+9oMAq3wfx18/5l4852A+BMm3sXgZPnpOhl/yv5s/EnMjn0uNBRwg8D4wTtj89TtIlq4ZVC1BgBVDNi/Y9ezgGIMKMNE/G0ggm4j7YTBHdGXB827L4m21CUIPneo4fkktMFJvSmMn+ZdvrYaiSjQrqHWEByqGHCgrCx/6LZMzCMNmIm/DUTQbaSdMLh9Y+S75t2XRFvqEgSfu9TwfPKoc1JvCuOnea9fK0QiCrRrqDUEkCoG0P0fw6p6/03E3wYi6DbSThgY7ot817z7kmhLXQL6rIXnF5ZW0NW9PkLqTWH8NO/1ayuRiALtGmrVBKCKAbT/zHwijQEBTMTfBiLoNtJOyGaj91/z7kuiLXUJ6LMWnk9CS5zUm8L4ad7V1WIkokC7hlpDMInIk7K/NAYQTMTfhtALbyHthN3DWyLfVe++INpSlyD43K+G568uLaOjuzNC6o0iheV55+bnIhEF2jWYNAF6BwZKh8u5+wBCMr9tCz1/GMGVXm0A2/YAB38ZNYQdXM0DXZVwmVNJvP+A+bgyv9pnrKfipU8gxteQ+QVefeZoaWryemLyryF6fiUqYPvQjprG/TTj6YcOlT58dzYx+dfAz9+LyvNuS8v7b8TIHaOlyxdnEpN/DabzW95/M2j/mXjzHTz/3OtBIyf+DgxOfgwqiMnPx4+/FUYEtPafFgheBoCT3zmi7sTH/u7lNnqx9i0fmASm3HobedYMBbPTxZCQm9IFKOff1U8T/OPrdUUJVIMn779bvf9P/ew3bUQsfcsHJoEpt95GnjVDwez5T0JCbkoXoJx/Vz9N8I+v1xUlUA0e3bdTvf8n3v2ocv9Tn9WcW28jz5qhIDczHxJyU7qAJO6mfprgH1+vK0qgGgyNjKj3/+K5c22M2HuVD0wCU269jTxrhoJ8fj4k5KZ0AUncTf00wT++XleUQDUYP/BF9f5PvPXPbS5iL8sHJoEpt94mqKcZCs7OXAkJuSldgHL+Xf00wb/Ieh1RAjYQ+SdUiD97pvAweA1jPdiGReBMBkfLxoJLVxCJCIhBI+GmUHmP+TG5KPL7HZ73Zs9fxqvPHC2R2nbaODVVCCMCWtDx9EOHSqT2nzbeXyyFEQEt6Bi5Y7REav9pg8QAWzAjtv8kIP4cMkpgduxzeP6bP8LDzAjQQgsA4HSDnvzOkdLgjgz4T+emDnRu6jAaBtJEYeGmN/knaOSdPPM+58p+s4WS17ldve1qtEEtePL+u0uD2zeC/2zYFHjETYaBNLGUv+lN/gkaeSfPvM+5sl/gsXaf251tV6MNasGj+3aWBob7wH82bAo84ibDQJooLBa8yT9BI+9c1M91ruxXWPI7t6unS402qAVDIyOlbLYP/KejI4OOjozRMJAmisVlb/JP0Mg7F/VznSv7LeXzXudmMp1qtEEtGD/wxdLu4S3gP/19/ejv6zcaBtLEXP6GN/kPz1HIO3nmfc6V/VaXlv10BrLr1GiDJHgvdwnv5S7hhcINvNmRxaUrq+FPCJsXW5JfgEUPBDi88y70DgyYf3ecYGtkO+H8xjlMRL6J8w92tWGwqw23D2+tG2HnJbpaiKInm0FPNoP+nvV1I+y8RGALUXRns+jOZpHp7KwbYeclAluIgvaf8YN34uEffwuzY58Lf6oeUxgRWvtPCwQrm9u/Y9ezs4USZqcrD0oKnz9/cQWzhRIoBLdaJCHIPuSf1soFL8hg4eOdl32pfIavEUBbJxkxZGlA17Uf2DEyVVgsYPb8J2Ebhc/nZq6isFgIQ9CrRRKC7EP+aa3R0PCu8McF2Zd7wH2MANo6yYghSwO6rv3AjpGpwtIKcjOVZGAKn89dyKOwtFLz/U9CkH3IP62VCw+SwcLHOy/7dnWvD8fzMQJo6yQjhiwN6Lr2/Tt2PbuUzyOfr9x/Cp+fz13FUj5f8/6ThCD7kH9aKxc8IoOFj3de9qXySb5GAG2dZMSQpQFd1/7UE98trS4t4+zMlbCNwuc//t0FrC4thykA1SIJQfYh/7RWLjxIBgsf77zs29HdGY7nYwTQ1klGDFkaUF77Qi6HMx8F2wk3Amzb0lEh8TbiDMTILxkPpPefSgFq51iRcP7IOVzFf6ynkp/f7PnL6OptD1MK62EE4CkBVIortcE/BejOtocphfUwAvCUACoFmNrgnwJkMp1hSls9jAA8JYBKAaY2+KcAcv8hI8Dg5MdVRQIAqBgPxvfh+edeD6sJtPafFgCPFABS/J+dvK4eA4IXdS3HVosQ+Ju/PxPLyZX5/tV6zTXyz+EbAWAyFMwWSkA5ncBmjEhTYZMU/wvvxMkS5fcf2DEypeWYaxECL0/OxXLSZb5/tV5zjfxz+EYAmAwFhcUCcD4uGiiRpsIvKf4XlA2Y8vtN91+LEJhYKsXuv8z3r9ZrrpF/Dt8IAKPS/9IKUE4nsBkj0lD6J5Div1Typ2OAef/RIgQGSu2x/Ufm+1frNdfIP4dvBIDJUEDjStFAiTRzLEnxf3LynHoMCAwFWiqAFiHwtXu/AiCqCSDz/ZN6zQka+efwjQAwGQrIGCJFA2NjVLl+wucHtgUVAAC8ULgBLnJ38JeroRBgDJz8llXyt2E9MLmIo1jApV+2x9MANMLMw+yTkHNlfgDApMWj3+z5FZDuD0A1uCv5+7XqArTgxmK+iJ5s8Lvs71kfyd+vVRegBTdIdwZAzABQqy5AC27w/Wf84J3AxFPhsee/+aNExgCeDlBLFEELbnC+9dTPftPwfKNq5q/bIil1gIOiB7gRwMcKZRLV42MSTOSf/kP5Qo7DIwHou7w+Wo+2boI0dNRLjZNSBzgoeoAbAXys4CZRPT4mwUT+koq+mRTjuYicvD5aj7ZugjR01EsNmFIHOCh6gBsB/upP3VZwk6geHzP8biD/5Mn3hRyHRwLQd3l9tB5t3eE4wtDxvV/VRw2YUgc4KHqAGwF8vBAmUT0+JsFE/umFyhdyHB4JQN/l9dF6tHUTpKGjXmrMlDrAQdED3Ahw33/+r877bxLV42MSTOSfPPm+kOPwSAD6Lq+P1qOtmyANHa/84/+i+18CgGPjXw2Pv5e7FJbu46X9jv7JgnnhRIIZAb70w0oE2ZsdWbxQuIGTE79A78AArh26U45ghgd51uYPxfoEXvp1r9p+tM8jNSCF+QGg7b//SxsAvH7igRIQ1MkmDHa1qTW1azECHB7twu3DWzE6tgGFhZt44rnJqseqFabohkYaOd6a/qANAL7/2OESAHz47mx4rCebCUv3cSX/WowAe3va0N+zHrv2DWIpfxM/ff1S1WPVClN0QyONHHT/R/d/oQQAly/OhMe6s9nwecOJfy1GAIoq2Do0TM+fqseqFabohgYbORLtP/NXc/jZ+JOJJuDE/+EffwvjB+8M95+/uHRvjcuvHvczwwZH0uurBbM/eKTm95/v/fk9pWv5+Hs3Lzs6t7iC//n22bpxPT4XGU83ZSvPwL/6n2+oc1ddBcCF2UIJncyz7/LOu0BkWnrXJfmXRJ/mq3ZeOR7/TtfkK/xnExBMG4XFAjbkK55yl3feBSLT0rsuyb8pB7zaeW2ic3RNvsJ/NgHBtFFYWsEGdj+i3vnkQpFEpuV9lORfEn0i7CbDgAtyPP6drslX+M/2u0wbS/l8xFPOvfMDG3XiYQORaeldl+RfEn16gTIZBlyQ4/HvdE2+wn82AcG0sbq0HPHsu7zzLhCZlt51Sf4l0af5qp1Xjse/0zX5Cv9ZBARLJw/fFzn2QuGGSv4B4NIv26NRAA5hvG1fvhl6/4n8R+DjlbfBJcwnQMT/8fMz4TVSxMMz24fx0nzGbARIYf7wnDJeP/FA6R9+/lHk8O3DW1XyXws4+W8miPj/p89vizg0AOBf3ruEw6NdDTUCfP+xw6WJN6K1o/t71qvkvxZw8t9MEPEfua0nvEZ6aT93YRF7e9oaagQY3f+F0rmzUSKe6exUyX8t4OS/mSDiP7BlS8SgDgC5K1eQ6exsqBEg6f4zO/a5xFEAs2Ofi5D/ZoKI/9e+8sfq/nP/xFMNNQJUi+/9+T0lAODkn5Nu+jxzcRH9Pevx5/t3lzQjwJ/v3x37z+5jLPjLL+8rzS2u4NyFYHwA+Mb/sRtAXDT/e7inpBkB6mYAeOSHr7Q9++37SrioH09SlovgCuGnPyKXkr/rfGks8KkgoPWXhgGZ6lBPfO9XU21/BZRMGuhJytIRXCH8ROhcSv6u8yXJ9akgoPWXhgGZ6lBP/GT6YttDGCrlLujEr7r7b38RInLuUvJ3nS+NBT4VBLT+0jCgGYjqBaqnbjpezf7jCuGnlwiXkr/rfGks8KkgoPWXhgGZ6lBPnD57ug1AyfSakqQsIMEVwk/k3KXk7zpfGgt8Kgho/aVhQKY6lFE6Nv5VvFC4ESH6kvQTDq4GfxuhEYCIrCTBL65Evkvy3xuUAmzDnmL0/0jSMn0e81/6ZWXPpRSEILUBEWMEj34IjQApzG/D6yceKE1NXsftw1sjL9om0l8tMZbkn6L/Duy4vaEx7UT+g9QGRMgA9z42ygjw/ccOlz58dxb9PesjRN9E+qslxpL8U/Rfo+8/kX96YefGCB790CgjwOj+L5QuX5yJkV5jCb8qibEk/yz6rKH3n8g//cuNETz6oVFGAG3/mb+aw8RV/c39+W/+CEByI4Ak/7T/DD52b93vv4xA6Ns8YN1/+jYPrEkjABF+jtExuzFxanIWw0M9mLkYRKFpZB8I9oPhoYgmjTsycnEl3EeGh3owOjZoTD+/+57PAv8z3m40ANhK/7kWRnjkh6+kEvLQuakjjADQSLhG0LV+Ee89I/mal58fl6H8NoOAKxrAVx/AVvrPawAgtfDqDZu6wggAjYRrBF3rZ8pz1zzD0VDyaCi/zSDgigbw1Qewlf7zGgCBEcC3rw0bNq0PIwA0Eq4RdK0f995zkq95+flxGcpvMwi4ogF8I0Fspf+8BkBoBIghaWnAjo5MGAGgkXCNoGv9uPeek3zNy8+Py1B+m0HAFQ3gqw9gK/3nNQBCI0C8PWFpwP6+/koEgELCNYKu9ePee07yNS8/Py5D+W0GAVc0gIxg6B0IyjJxwk8kX+brU/u2L99kAnaLFfIrBQAZ8eZBRzSnFyLl9BjJTjq/cj1nPpoK17KQy+HkxC/w4OH7QmPIpSurwJV2AMFzdhuSzR8zCsgSgXuK4fM4rRB/H6SpEZQEMuR/cEcmXEtXbztGxzbggxmEZGT/wHW8nauvt5Cex2mF+CeZs9GQIf+D2zeGa+nOtmPXvkHMvXExNIZs/qN/w9V/r5uPDkDleZBWiH+SORsNGfKfzfaFa8lkAuPEubNTDY0AoP9/E2++E7YRycf4vmjniXcBxFX9TYjk/E/E56w3pOaALENo238mruZi51crhJgGtFR1zZkr723UQLAY7nNE+GcuLmJ4qCcg6Oz80bFBTE3OhoYDE/i52vzUZnI8R3YXTvo1obvCws2YYYDy+TmSetd8bmQl3z5qBJDEnJfxS0LyTaC0AhpTm0+ukXQJNGMAXav2i+KkXxO6W8rfjBkGKJ+fI6l3WfOKy4dkJd8+agSQxJyX8UtC8k0grzGNqc0n10i6BJoxgK5VewngpF8TuissFmKGAcrn50h6/zWvuLw3PN+eE29JzHkZvyQk3wRKK6AxtfnkGkmXQDMGmKI8gCjp14TuisXlmGGA8vk5ku4/mldcvqTwfHtOvCUx52X8kpB8EyitgMbU5pNrJF0CzRhA16q9hHHSrwndzeVvxAwDlM+/T5KcAAAgAElEQVTPkdS7rwnqSaJcybePGgEkMedl/JKQfBMorYDG1OaTayRdAs0YQNfKr+/BrnU4uJpXCX+0hF+H7tU2eLrp3JfmM6HHnWAyjjk97qZzHPMDgdef6xqEUQjB59JCLheu84XCDaArWzF6bLEY1l1VAei4oUTgBzOX60r6yfvPUS/tH9P8QPBizd97uAbRq88cLXX1tofrvH14Kz4AsB+5uhsB5hZX6kr6yfvPUS/tH9P8QPDSz3UNuAbR0w8dKnVn28N1hutdulF/I8Dycl0Jr1ZNoF7aM6b56d+IrgHTwBm5Y7SUyXTGIgQaYQiYePOdgPQT4S8TfUy8WxPppXPvn3gqEBNkaMT+w+cHAkFD3/1n/OCdwI+/FRpDGk3+SZPBZCwxEequ3nb1nNGxQTVagNrkOV297bj7ns9idEGPMEg6v+k6wp3l5HeOlFzq9kGd+8oDtLBwE3/9jT3HgaghwKTKbRrT1K4tuqu3HcvXgs+SYCcN+SdI7QCbYUCLBqB5ydLC1yjXrn0GAvLvUrcP6txXhO+W8jdxZAx7gaghwKRKbxrT1K6R5O5sO66Xr00S7KQh/4QkKvhaNADNSyH+fI1y7dpnICD/LnV7Wee+sFjAOFb2AlFDQJL7b5rPZCAJjCFxMg4kD/knSO0Am2FAiwYIDQ7l3yNfo1y79hkIyL9L3V7WuS8Wl5FbLR4HooaAJPuPab5MplMlyZlMp0rGgeQh/wSpHWAzDGjRADQvhfjzNcq1a5+BgPy71O2DOvcV4bu5/A38/NV/AhA1BJiqApjGNLVravr92XWYK1eFjIXYJwz5J0jtAJthQIsGoHkpxJ+vUa5d+wwE3vGDq/l4br9E2LZo71fGpSurQEcGD3atwwuFGzg2/lWc+sgRgWFT4PeYnwi/Ce/lLuH3i1cjRgj6fHLiFxExxBjxT3j9XscbgA9mLuP24a2YmryO7UPJBFmTwlW6cLCrDZ2bOiIkgD5rYmSNiASoNyhc9sN3Z7Flu59mR7VwlS7syWawYVNXxAhBnzUxxEZEAtQbxeVlZDo7cfniDPoGNtd1Llfpwu5sFh0dmYgRgj5rYogNwfi+mgm/htmxzwETjd1/pLgf9/oDyfafZnj9aQ2AzkNdady2c2RuvmyT46c5/+snHih96dEXI5tTO+BH/k0TDe7IoHNTB/76G3uOkzEAQM31uWl8ICDddEFcTNAU8j9bKCUW/aNztPNku2Zo4OuhtfJ+tnvrQ/41UN3cDZu6cGSsf++Rsf69dKzW+vQ0PhCQbjIGcDFBU8i/T413Ca1WvGk8zdDA10Nr5f1s99aH/Gvo6unCwHAfNmxaj/Hutr3j3W2p3n9az/VrK+H1czFBU8h/YWklsegfnaOdJ9s1cs/XQ2vl/Wz31of8a6C6xR0dGeTabh7Ptd1Mdf+h9ayuFkNjABcTNIX8L+XziUX/6BztPNmukXu+Hlor72e7tz7kX0N/dh12D29Bf18/fv7qP4XGACAwAiQazDA+EJBuMgZwMUFTyP/q0nJi0T86RztPtmuGBr4eWmskUsFxb3luvxfOZCo/HMIbTrn/gFlXAGM9LKTeE4b5Kdrg8fMzkfZjp17ByYlf4PeLV2PkX4AMAVXNn1gMsM7g3v+0xAR95vtPn98Waf+zr+3E6NgGdG7qiL18c9ALIuXm9m0eQN/mAewfiJeBvhXAvf9piQn6zDdyW/T/0/g9Q9i1bxAbNnXFyD/HX/7gVBtQ0Qbo716H/u512PxH/1bvpdcF3PvfCG86zTewJVqhZWT3KLYODaOjIxMj/xxTb/9rG1DRBtCiF+qCstc/7VJ9lPsPNGb/oWiDr33lj8O9A6h+/2k0OPnXUI2Gm+b4NTmDfch9LfPL6/tMteRfWhjIK/7X39hzXEsLqAWV0P74MZ8SgPyYSegvFC20gI9hqj5ABgpfVEv+pXeevOJHxrBXSwuoBZXQ/vgxnxKA/JgpBPx7v5pqc5XE42OYqg+QgcIX1ZL/uFBh8JIxjpW9WlpALZCh/Rw+JQD5MZPQ30+mL7Y9tGPIfv/ZGKbqA2Sg8EW15F9658krnlstHtfSAmqBDO3n8CkByI+ZhP4Wcrm23oEB6/3nY5iqD5CBwhfVkn/pnSev+M9f/Sc1LaAWVEL7lXV4lADkx0xCf6fPnm67a/dd1vvPxzBVHyADRRLwcPcwAkCWs6NSdjZv9p5irLQeD6l/sGsdTn10Okq+OfGnHPkq55epBo+fn8GZjwI7KNcdsJD/sG8lHSCDo/+t5H394b8+Xv8zGeA/kiBeOmkA0vseCamfuYztQ+vrEn67f+B6RFwLCFT+eVoiwTU/RTLSmufLgmT1igTo71mPvUgnDUB633lI/dziCrZs769L+P/mP/q3gKyzVIOR23oiaYkE1/wUyUhrnlu6Ec5Rj0iANAm6JMs8pL64vIy+gc11C/+XZH1gy5ZIWhzBNX8YSVdec70NFzzcvVaPt/S+E/mv9/5Dc/NUg1r3n/GDdwINFgOU+fLV6CVwXYPCws3ImK7x6j2/jAD4jDyJTvSZAIh7w6stt5cErtJ+JpJvaiOxQnmeaZx6XCN/QLiMAbLWPUe15faSwFXaz5bnrbWRWKE8zzROPa7Rpldg6ytJebVl/pLAVdrPRPJNbSRWKM8zjVNtSUEb+APaZQyQte45qi3zlwSu0n4mkm9qI0IkzzONU21JQRs4oXcZA2Ste45qy+0lgau0n4nkm9pIrFCeZxon7Ws8OfELYPyrQFcWR7HgJrlSbO9K8Ax+cz7+d/9g17qw3J7UATAiwfw0N4BIqsHnB7bh5MQvuMhfIvFOMoa9ULgB/I91ACrXRtESgEgRMIkBOhB4m2o3Amih9x/MXA7L7UkdgDQgPfMU6jtbKIW1voFkOb/3Pv5SG4lekRYA4fBmhAaBtIwBu/YNAu/O1mwE0ELv5xZXwnJ7UgcgDUjPPKUaLOaL2LVvMHxXS2J0eOInr7U9/dChEoDYmvuB0CCQljFg69BwGPJeC9nVPOXF5eWw3F4jPOmUarCUz2Pr0HD4rpDE6HDut1NtI3cEzijTNaWJYP8JjADVkF2KGpAie0D99x8pNJj2/kNGAI5QJBH1SRGoRSSRk2/6l0i47GcyCjRifsJnZgslDCKa1y4H0RZmCoMn+Obg2hQKbTfCJOLHc/l5H16RgHv6qV16/+U4gDvCgJ8jBQK1e1pYuBmSSZ7XzpVhOWzEH4gSU98cdFtpPJtari1HXevDKxJwTz+1S++/li/uijDg50iBQO2eLuVvhmSW57VLA4RsB8xh8ATf+28rjWe7XpOIH8/l5314RQLu6ad26f2X4wDuCAN+jhQI1O5pYbFQ9l5H8+m5Mi+HjfgDUWLsu//YSuPZ1IpNIn48l5/34QSIe/q5CJptHMAdYcDPkQKB2j0tFpex/ua/Yw7RfHoi+JoIYPjZEAZP8NUAMJTGi80nYRLx47n8vA+vSMA9/dQuvf9yHMAdYcDPkQKB2j3Vru+lX/dWyt8BwKQ9oiwk/0qoPyf8Wt49gKBcHnn5X1wBUFHIN80fIf0KyAjARf6SYiGXazuF06XDO++KlUgkvQS5lm1bOnTyz9MCHMaBasvfaaH+/IVby3utBZz4ay/9tw9vjYhsJQW9hJ+/uBIrkdi3eQDzV3PhGtKMCqi2/J0W6s/Js5Z3Xws48e/vFvtk2QjARf6SgowAV87PxUok9nevw9zSjXANaUYFVKuAr4X6c/Ks5d2nBUnSyQjARf6SgowA87mrsXtSryoB1ZS/4+RfhvrXa/9xpSmkvf+MH7wzsv88zMQB+VpqNQZo4f8mcu4jXG9qMx3zGTPN+YFyBAAZAQDEDAGalcIWdn/ilbPPJVXhdi3SVAJw+9B6LF9b9fLIE8F/5IevtJnKE/qkENhARgBbKUD1l8SInjQEaKr1trD71y4U30+qQu8qi2MqATgwvBnXr/nl+xPB/96vptpM5Ql9UghsIDJtKwWoXSsnttIQoBkfbGH3k+hIfP9d12YqAThwWzbQB/DwyBPB/8n0xTZTeUKfFAIbyAhgKwWoXSsZAYC4IUBTrbeF3Q9v7E28/7jKEplKAPYNbMbqatHLI08EfyGXazORIp8UAhvICGArBahd6+rSMoiqSkOAplpvC7s/9vUjiasA2Ig+zaeVAPzcf7gNc/NzXh55Ivinz55uM5Un9EkhsIGMALZSgPJay38LJSqBB5RF9H6dwdE/WXDOuW1LRyi6Rwr7RPwpj97phX9R/N925NHHhPkeWB+MMV9R+k8DZAQAgAfvPAiAGTV4hYBvb4xfA0GWARwrfy73v/fxl9peP/FAiUpQARVPvq8hgPqTw0HWuK7GC2aDjfyT0n8a4J44ujehkQNIJTXgiZ+81vb9xw6XqAQeUPHk+xoCqD8p7BPxpzz6arzwNtjIPyn9pwEeCTD3zuVwfEIaqQHnfjvVNrr/CyUqgQckTwmg/mTwpu+UR1+NF94XWsqBrLhTLXgkwOXfzcTmS8MIIPcfMgIA8DIEDE5+jPsnnkLf5oGG7T82ot2Q/Wd4a+oVAky5/1JQL0kovzzHdp6vGH6t80t85sQrZ5979L7dx0OCW6g8SINc9/hJJjJcDfl3gUh/cBGBEaCWP7Bnv31fSTMASA0A3zB/WT2A9BQKCzethgDCaxeK7x+6LbNXC6sPct3j55gIYzXk3wUi/YEhIjACJM2X5/irPx0taQYAqQHgG+YvPcqkp7CUv2k1BBAm0fH+GFb3amH1Mtc9nMdAhqsh/y7Q/FwQkDztA8ObceHahUTjPbRjqKQZAKQGgG+Yv6weQHoKwe/CHXI5vLH3uZlPFo5XCG60dJ7L0y/HSnv/ofm5IGAtLxjlcmex+y81AHzD/GX1ANJTKBaXrYYAwrGvH8HJn74cEtyPRek8Le/eRIarIf8uhOX3sutAJQBlSb8kuGv3XSXNACA1AHzD/GX1ANJTmMvfsBoCOHjOO3nPAQC/9ktlkZ5+yrtnY9f2O+Gl9BQP+qUffhKJQKAyf79fvFrTtEDFaPHwO2+WPttTUQ9/AduClIm+oh/5t0DmvFc8Z36iWdLTVilZjJq8YBo08j9/NRfJ/6d3l+2bap+Pl+mKOGDKqQHcCABUFw0gc96J5O6F3zNIevorJYtRkxdeg0b+55ZuRPL/qcyfz/uHC7xMoBb1yY0AQHXRADLnPWmovvT085K5tXjhfeelNdN3enb2DdRuiOFlArV3kTSMAHL/CfPoRei7CTzvvt77j4bZsc9FIhAasf+QbkJa+gC2SHTiczZ1fh9Ff+28Rs8vKwGEH7hq9qP37T4OD5x45WwotmV68T75nSMxJk0igW9Pf/gIWXhMVpLla6uRP2hNZK+anHxTFAAQTwfgxgGeDsC9/fTHKf/zEUzXR3/gXDX+0G2ZUE3ehtcuFEOxORPxfPL+u2M3h0QC35o+N0oWZhkaT7h+rRB5oGoie9Xk5JuiAIB4OgA3DnCPPPf208NRPvwJpuujByy//2NY9br/k+hw3v9H9+2M3X8SCXxr+tyovC66NsL1aysYGK48UDWRvWpy8k1RAEA8HYAbB3g6APf2k6GCr9Wkq8Db6e+A7z8znyx47T/DG3ud+8/QyEjs/pNI4NvTHz4S5vqJ0HjC6mox8kKjiexVk5NvI2UyHYAbB3g6APf208uJfPkimK6PXnC4av/Jn77sdQ3Hvn4k/Gwi/uMHvhi7/yQS+OTTf9t233/+r0GuqyE0fm5+DruHK4rOmsheNTn5pigAIJ4OwI0DPB2Ae/vJUMHXatJV4O2v/OP/ClNAFnK5sPwdUAnlpxx+8vDzcHgi3VTabyGXo0NeL32lrx/WH562UoBl8PD7NzuiRrFjp17xXoMnSnt2jobGBSC4PwdX8/GIBII0AHDBw7LRoO2np8IXzK7e9kj5Owo7pRxa8rDxcFQi3VRayyS2ZMKBHbd7v7xwkm2LAgAC1W3fNfjg9RMPlGani5F3LboP81dzVUcAvDX9QUhwu7PtkfJ3FPZOOfzk4Y+Ew5dJN5X2o+c8qem7kOT+c5JtiwIAAtV/3zX44PuPHS7Nnv8kNC4Alfszt3Sj6ggAuv8jd4yWMpnOSPk7IreUw08efhkODyAs7UfPGVLT90DNglqawWJk92iSNTgxuv8LpXx+PvKsp/tQoxGgqfvP4GPPVn3/efi91B9oxP4z8eY7NQsnzv7gkfD+U5sp9V3jcLZQfJvn3ebBb8T89Lupq2VIqzBQWLiJ5WuroRHg/zm+77hPPkNXb7tRYb9WA4CmCcAhyT/NqRkAeAQAX7tE2mE5GrQKA0v5m7h+rRAaAb7+pf+wV9MAkKHy3dl2o8J+rQYATROAw0SSNQMAjwDga5dIOyxQg1ZhIChXuBIaAQ7dltmrRVTIe9rV02VU2K/VAKBpAnBI8k9zagYAHgHA1x5bs6INkTa0CgPF4jJWV4uhESC/vuO4pgEgQ+UzmU6jwn6tBgBNE4BDkn+aUzMA8AgAvnaJeoZlErQKA3P5G5ibnwuNAL9+8x1VAyBWZSC7zqiwX6sBQNME4JDkn+bUDAA8AoCvXYKOkwGAQL/rwzvvCqMBeEi99O5zVOPpNxoAPME1CAik/p9K9AHixhFuAAnTAGT1BCAwAPDKBhzlfmQAINCL4PmLK2E0QEQPyGDgB6p7lichoAQi/xrxByrq22l5/yQ50cqJVSsMSASUQA6JK+fnwmgAHlJvMvAD1T3Lq7n/RP414g9U1P/Tij6QxhGtnGG1woDy/pNBfD53NfSs8+eOycAMVP0sqXr/MUUqkPp/WtEH0jiiEf4ajABN3X9qMQAAugBho/af+au5mtMAZn/wSBsP/69GgM8W4u+jb1er6n+189/7+Ett6dcUKYNIc0CMK6RY5uz7lB+UJQAl6SZw77yJ4ANm8m/qa0sPIH0C/p1U4OmYLbyjXiDSHBDjCimWOfs+5QdlCUBJugncO28i+ICZ/Jv62tIDSJ+Afwe6IsdsQof1ApFmHsJP5J9XCvBJp5AlACXpJnDvvIngA2byb+prSw8gfQL+XR6zCR3WC0SkeAg/kX9eKcCn/KAsAShJN4F7500EHzCTf1NfW3oA6RPw7/KYTeiwXiDSHBDjCimWOfs+5QdlCUBJugncO28i+ICZ/Jv62tIDSJ+Afw+0upl2gUXoUIL+Nk7hdOkUIh59iTbLsfpACanfhkyoQSCNFWmsTyuNyUUBK95/xTlAHn9pBLBENfCQ0+1DO4zP7TS9W0lgI/+SLKTxzsE9Y3we/hJO9b5JGLAWUUAe8r4F5veTNL3rSWAj/9JYkcY7BxlE5Dzc+9/fvS4iDFiLKCAPeQfMz8c0vevVQCP/0liRxjOP7oOch3v/Kf0gLU0AYO3uPxJcg6AZ+0/awn824XsTfIT+TCRdSxFo1PyvPnO0VDcDAGkLBDOuABfjfYKw3T+Ohfu6qg1o7VIXgOf628L9XaBxTNUCtLVoa66ltEM1eO1C8f1DwF4gIMzaq9hb0+dG/08Mx67HVW1Aa5cEj+f61+LlpXFM1QK0tWhrdgkdpo1JdLw/trQS3P+lFeQuxL3Eb02fGz0y1h9XHnVUG9DauXceiOb628L9XaBxTNUCtLWougkNKE/JMbyx97mZPKUS6B76t6c/fGR0/xdi+4+r2oDWLnUBeK5/LV5QGqf8oxIiuRY1V9EhdJg2SFsACHQFtMf0k0//bdtfHIuL77iqDWjtUheA5/rbwv1doHFM1QK0tWhrdgkdSqThOfeCr0K+wZv+0nwmRvw/P7AtLAOYBjRDAhkBLl1ZNav/U4UDT/LPUe+82WpgIv/yxXu2UMLs5PVQBKxWaC/ymhEgTdQzMq9amMi/JP6L+SIW3y2GIoS1QjMkaEaANFHPyLBa4RL+W8rnwzKAqcynGBI0I0CaWIv7j4b7J57C+ME7m7L/TFzNYXbsc3UpBcjnTiLCZyL61fK/es9fNwPA29MfPvLID5MLcpkWavL6E3gZPsqVMQn+JYEtWkCuz7S2ZuCt6XOjb00nP89ElE1efwL38pK32yT4lwS2aAG5PtPamoG3ps+NvlXFeSaibPL6h+exMnxU/s8k+JcEtmgBuT7T2pqBsiaAcf952+CdNBFlk9efwMvwUa6kSfAvCWzRAnJ9prU1Ay4xwNNPn1bbTUTZ5PUn8DJ8VP7PJPiXBLZoAbk+09puGWh5/9Rm8qaXwXPzCSRuWAuoSsKenaOhkUHOdenKapACYDICQGn3FAhcS6Dcfwq3ByrGAC0NMg2nA6mUz04XreWQ+ZpqjQJYq6Dcfwq3ByrGAJ6bT0jD6UBVEmbPfxIaGbS5+JpqjQJY69A0CLQ0vDSM3lQlIZ+ft5bjrUdZwFsJzdx/6mkEMHnrfZX9a70H9Z6/sXHRCnysFDzEnnLsNYX92UIp/PGFyUAgywW6yL/WNrgjg67e9vBnLYI/pFzknz53Z9tVhdvCYiH88YXJQCDLBbrIv9Y2uH0jurPt4c9aBL9XLvJPnwPtg7jCfmFpJfzxhclAIMsFusi/1jYw3Ieunq7wZy2CvyS4yD99zmQ6VYV98jwk0QQwGQhkuUAX+dfastm+QN25/LMWEfH2O8g/fe7PrlMV9leXlsMfX5gMBLJcoIv8a227h7cEay3/3NIg0s/I/6VfxvdUnp9fL/A53uzI4s2OLF76dS8uXVmNCBNGsKd4S5J+Di78Z4KWn582tDk+jYRfggv/maDl56cNbY5PM+FPgkYQ8T90sk/gIoCEhu8/4/uA8X2Y/eZ/wezY59Q12WDinIWFm96l9Grx+jd7/jWxa8xOF0MSbStnQG22CzNZiWw6ALVGCXDPvxQ95EjDIlQPzJ7/JCTRRJQ1EUBqs1m2uQ4Ah00HoNYoAe75l6KHHFIccK0gNzMfkmjT/ePCejYDC9cB4LDpANQaJSD1CUxkX4oDrhXk8/MhiSairIkAUpvNs2DyEth0AGqNEpD6BCayL8UB1wrOzlwJSTQRZU0EkNps4fRcB4DDpgNQa5QA9/xL0UMOKQ64ZrGnqHvTJxdV0g/Eif+pj06nJgD42Z7NYRUEbT4SAiRwI4BaIeAWNwQQeNi9fPHePrQ+NQEuUt/mYb40H+X+A9HqBJ/WKAAOHnYvSfmW7f2pCQCS+j9PM6D5KPcfiFYn+LRHAQDRVABJyvsGNqcmAEjq/zzNgOZLK/f/VoGJYDdr/wEATLxrXKNPZEDanEwbz5bb38z5m75DcBE9rc4hJ9RUCUALt5caADwNQJvXV/lfCgC6kMTTvxaiAriIHifORJY5oaZKAFq4vSR9PA1Am9dX+V8KALqQxNO/FqICuIgev4d0/zihpkoAWri91ADgaQDavL7K/1IA0IUknv61EBXARfQ4cSayzAk1VQLQwu2lBgBPA9Dm9VX+lwKALiTx9K+FqAAuoseJM5FlTqipEoAWbi81AHgagDavr/K/FAB0IYmnf01EBZzJ+BHiskFg25eLuPTL9ojqvyT/5dz/1HNYpRGAI0L0NQMG/+6pA7CW8XZuAw4HlddiL9+jYxvqIhImX8L/kHH13z8DivuR5H/XvsG6iBRKI0ALASQB3zo0XBeRQmkE+EPE4OTHAcEe3wcAeH78deD4lyLGyEbsP/NXc3j+udcj66oGJqesK9eew9VH43muEP5Gzd90BkRh8jbwC5wtlCIl96xjK0YB7QFmqwTASwBq5/I1zBZKqYR0NBIUJm8D95oHSvaVkns2aEYBjfTZKgHwEoDauXwNhcWC0cO/lL/pLA3YDFCYvA2RNIGlSkUALfSeQzMKyDbAXgmAlwDUzuVrKCytGD38MjVkLZB/AGGYvA3ca76Uz0dK7tmgGQW0FwhbJQBeAlA7l69hKZ83eviLxWVnacBmgMLkbeBe89Wl5UjJPRs0o4BsA+yVAHgJQO1cvobVpWWjh38uf8NZGrBpMBDiS1dWcemX7cFPObyeIgAOruZjnncAOHbqFSBl8q/pC/A1hCUACZ8Cgi/Bw/+5Z53n3gPp198G3Dn/HJ9Wrz8P/+eedZ57DwDj9wylTv5dOf8cn3avv4Qk/yO7R1Mn/3+oOf8UUi9/AARed+Z5p/2gEftPSP7La6g1/9+mxG8j4hqnc6n6r7X5b5ndQhoBBrva0NXbHikPmBa4198UWSBBbbwM4KcJ0gjQ1RNEBlyvw/3nXn9TZIEEtfEygJ8mSCNAV3cQGVAP4T3u9TdFFsTWV25bS0KAaUIaAbqzWWQynXUR3uNef1NkgQS1rSUhwDQhjQAd3Z1BlMC85aQqwb3+psgCCWrjZQDThC2FJBVwcT/y9jOvuim3/uBqPowGOHbqlVSE/zgWcrm2UzhdOrzzLgAVY4BmfKgnZDmqZql0awSbVPj/7Gs7Uw8nvffxl9pefeZo6fzFYF/n7z68BCBy9U3tkuXwmlUlQCPYpMI/fs9Q6imGT/zktbanHzpUunI+MHpyYwAvAXh1saZy7k7IcnhrqUoAqfCP7B5NPcXt3G+n2kbuGC3N564CiBoD0i4BaEMz9h9OrI259RPv4vnnXsfDx7/U2P1HhP2nCa10Hm/X4PLyr9X515QBoLBw02rxWL62GiHgU5MVq7gWnhZTi/QQB0wS+j9bKAGFlUj1AVonQWoCcB2DtRIFQFjK3zRqAAABueYEfOadK+Exrda7JOo++d9JQv/Jq8xD5GmdBKkJwHUM1koUAIFfi3avrl9biRDw82yD5lUAeJvtu4Ykof8kOMirD9A6CVITgOsYrJUoAEKxuGzUAAACcs0J+OWLM+ExLTxQEnUfccAkof/BeNHqA7ROgtQE4DoGayUKgDCXv2HUAAACcs0J+OTkufAYrwLA22zfNSQJ/V9dWsbHovoArZMgNQG4joFvFEC5mgSOjX81bDuF0yX6G+GEu0zAk78cKsr+HDKX/tKV1UgaQL3xYNc6vFAI7t0LhRtAV42ur3EAACAASURBVDD3wdU8Lv2yHdu2iBNkWoOMCjDpHCh49Zmjpa7e9sj7xqvPHC3Ry6l8vtfr5ZyT/6AagFsUMC18MHMZtw9vBVAuAYjAAKCVAORaAGng6YcOlbqz7fjw3dlIG5Fj+Xyvl3GAk/+gGkA9ZtExt7iC/p7g+Ur/zi3dUEsAci2ANDByx2gpk+mMPO9G7hgtETmWz5dGGQca6YXnpf7o3+Lycl1KAEqshf1Hetl5GkAjwPef8YN3Aj/+VhgFkGYVAM4/m6HX1uj51wQDkoII9J0TaZnzb/LCmyoBUAi/FspPGgDPfvu+Eh0n8s/HMVUYMBkWNEHAtUb6gXglAPrOibTM+Td54U2VALgavCR+pAHwV386WqLjRP6lSr7N+y+hCQKuNdIPmK+RE2npWTd54U2VACiEXwvlJw2Ah3YMleg4kX8+jqnCgMmwoAkCrjXSD8QrAdB3TqSlZ93khTdVAqAQfi2Unwhb78BAiY4T+efjmCoMmAwLmiDgWiP9QLwSQEiSGZGWOf8mL7ypEgCF8Guh/KQBcNfuu0p0nMg/H8dUYcBkWNAEAasI/Q/JP8+1P7zzLnDyf2z8qzh5+L6wPekkAAJC7CLFZWK9bUsHjvYV1VSAqudPCD5vmKJwZVXXNOBt9NlD++D1Ew+EL9881/78xRXwl++pyev4h59/FLZXd0XpoNHzz1/NpUr4Ob7/2OGQ/PNc+yvn58DJ/4fvzmLijYthe10W44lGzz+3dCNVws8xuv8LIfnnhHs+dxWc/F++OINzZ6fC9rosxhONnr+ehoi1uv8MTn6MwR//f7FUAKCB+w+bN5aikACax93kUdd+aAxJ2n0JfDPnb3oEgG2Rmtgfh8vjb+pHbbOFklcFAM2Y4DOvC2uhIoAtZE0T++NwefxN/aitsFjwqgCgGRN85nVhLVQEsK1dE/vjcHn8Tf2orbC04lUBQDMm+MzrHHcNVASwhQxqYn8cLo+/qR+1LeXzXt5azZjgM68La6EigE0VXxP743B5/E39qG11admrAoBmTPCZ14VqKgKQJ/zBrnV48M6DoVdcGgcoQsB7YB9vOCfOZzLAA+uBH1YiAY6Nf5UEAJ0il77g4/BrBxDOS4aASpQC+z/LUxsIJHxYhVYAeaI+mLmMD2YQeqW0l/M0PXFa6L/0tE9NXsfoWNCPv4TXsg4+Dr/2atabBsgTPre4grl3Lle84YpxIM1IAC30X3raP3x3Frv2DQKIGgFqWQcfh197NetNA+TxLi4v4/LvZiLecAIZARqdJnD54gy2Dg0DiBoBalkHH4dfe7PQrP3HivF9wI+bsP9QBELZEFBNFMBv3vg9ruUr/582Zdfj7ns+G+vnKsNn034znZ+E/6U5/2/e+D1mLgbPxKp3iZPfORJhvcf+7uWqf8k+N4e86bPT5hdyUwlADRr5d4X9c+IfESAsrMTayXBRr1D/J++/O7LOp372m6rvv+YVl+SYvOmz5z8xjmMLX5fQyL8r7J8Tfyn+J9vJcFGvUP9H9+2MrPPEux9V//evGEjkPSRvem7GnPRsKgGoQSP/rrB/Tvyl+J9sJ8NFvUL9h0ZGIuu8eO5c1fdf84pLckze9HzefP9NJQA1aOS//N14/znxjwoQ5mPtZLioV6j/+IEvRtY58dY/V33/Na94rAxg2Zt+duZKrC/BVAJQg0b+XWH/nPhz8b+P2XzUToaLJKH+Jpw8fB9eKNyoEH9G9qUCP6EcGVDySglwkWEi/rxiwANxo+J7uUvYs3MUZz6aCnUAegcGrMYAWwoDHTt5+L7wOF1vSPq/vRF40aK5M7kYNQLwa/HEP/z8I9w+vJW9eFdetk1kuKu3Ha+feKBUr5BcTrApBH+wqw2z08WIsHJh4ab1ZdwWQkzH/uHnH4XH5fWmHe6vYeKNi+jvWV8h/owAm8hwd7Yd33/scKleKQGcYFMIfk82g9nzn0SElZfyN63GAFsKAx2beONieFxeb9rh/hrOnZ2K5LpzAmwiw5lMJ0b3f6HUiJQAMkJ0Z7PI5+cjwr7F4rLVGGBLYaBj585OVY43gfzz/WfizXcwwQQ4J6QYZ9kgUO/9h+PhchWARuw/E2++AwB4/ps/SkUA8Fp+JdTVoP9b//u9q+jvWY+ebMZoEJCQJFxek6+av5YC7ysk6Jp/anI2JP5UTSTRHwYn/Ty8vbBwM+ap/5u/P/McfX57+sNHTGO+fuIB4wsXTwUY3FF5YMu6kJJ0h/2YIYCT92o89kbyj8DiNtjVFq7R17LT1dueSDGTk34e3r6Uvxnz1L88Ofc+fX5r+tyoaczvP3bYeDN4KsDg9o1h++z5TyLETpJugkn1vRrPr4n8A0Bu5iq6errCNfp69ruz7YkUeznp5+HtQWWE6IN5Yqnkdf+lIYeDpwIMDPeF7bmZ+UjuvSTd4fmMmHPyXo3H3kT+ASB3IY+u7vXhGn1/v109XYkMV5z08/D2YnE55qkfKLV77T+j+79gvP88FSCbrdx/WRdYkm4CNwRw8l6Nx95M/gOPS3c2G67R17OfyXQmUkzmpJ+Ht8/lb8Q89V+79yvh5yef/lvjHH9xzLz/81SA3cOVJO+zM1ciOf+SdBO4IYCT92o89ibyDwAf/+4COro7wzX6evZncpet9793YKD0/J0HI21cdE8TwqNjLxRucG+80QhQ+rp5/w+hGQCAsCLAmx3ZMBLhvdwlfH5gW+itp+9Uvu/3i1cjQx/eeVd47MxHU9Ag0x8I/PpD778M6x/rqXx+cSVmAGj7qXn/f/WZo6V/fGM60nZqyr63HR4Nngm3D28NvWG2l/ADO26vKVx2/8B19G0eCD2BFNlI3jL6Lt+VCPTuAiDyjsXBw495zv/81VzEAFCN1/+t6Q+M9//phw6V3nsnanB43yF2t7cnGK6/Z33ojbcZAWq9/5v/6N8CIb5yJEJPNoPFfDH01tN3euGW7y5Xzs+Fx/g7FgdPf+A5/3NLNyIGgGq8/rb7P3LHaOny72YibS4CzPPkyRvvMALUHC5OxgmgEllH3nr6Lp/VBHp2Aog84zl4+gPP+U/JGOC1/5DK/vPf/FHM883x8I+/BSDIk/fZfwYfe7bq+0/h9g//+FtBXj7qu//I0n/8+qs1BPxf5//fyHf6vwsgsREgqbffVQpQ61fN/NzjP7e4gpHbKs9E7x3j5HeOlLScdpqwq7fyyyss3MRff2PPcSAwBOzfsetZwP4iXi34H5QtZcBG+l3GARv55/ORBccWkkFIGhXw5P13l7ScdiAgst3ZysNjKX8TR8awFwgMAQd2jEwBdiJaLfgDzZYyYCOFLuOAjfzz+cjb351tdxoBkkYFPLpvZ0nLaaf1yWsYx8peIDAE1Pf+R4m5KWXARvpdxgEb+efzkVHIVKkhMmbCqIChkZGSltMOBERWWvFzq8XjQGAIqOf+w18obCkDNtLvMg7YyD+fj7z9mUyn0wiQNCpg/MAXS1pOOxB48PuzFYI+l7+Bn7/6TwACQ8BTT3y3BNgNAdWCk3FbyoCN9LuMAzbyH9EpKHv7+7PrnEaAoN92TL39r+px6RkHKoT36J8sRNo5ESc82LUOKIfkL+RyNF78/vuEwpePX7qyClxhcymOd16y78GudXg8V2l/L3cJn+3ZHOtH37mhgIwBe3aOBm1dw7H7wBFWKSivLywNSBEAL65ErsUF6ZlyEf94v8sAAiNAV2973UJypQAff3/5YOYyBj+/LWwf7GoL31c0geTZyeuxl/HZ6SIGu9pC0T8N9YgCkJ5xF/GX/fZiBSiH5Hdn21NPCSBIAb6ISv/iSkjuyQhA7yuytN9ivojFd4sxY8Ds+U/Qk80EkQ+W0n9pRwHEPOOeZJf3o5D8TKazbikBUoBPqvTzqLzubDZ8XmoCvdxQQMaAfH4e3dlsLPKh3uD7T6TsHRDk3jOEee/j+/D8eJkgH/8SgDtT3X8i+fVcAPDHrE+d9p8JTv4Vw4fM/a/WIED//2Sk0W/e+D0AeBkCNNg89Np3IL0UcU7+JbxYkI38a+jqbcfgjgw6N3WEhgAAoBfxajA7XURh4WaYAqAp7tNnIula7j+1+x6zRRnQZ74WvkYgKtxQLWzkX0N3th2D2zdiw6YuHBnr30vtRESrwez5T7CUvxmmAGiK+/SZSLqJ5GlCgKZjtigD+szXwtcIIDQI1JIGYCP/pmsYGO7Dhk3rMd7dlsr9z83Mo7BYCFMANMV9+kwkXcv9p3bfY7YoA/rM18LXCETFH6uFjfxryGQ6kc32oaMjg1zbzVT2n3x+HsXicpgCoCnu02ci6VruP7X7HrNFGdBnvha+RqBiHKklDcBG/jX0Z9dh9/AW9Pf1h4YAAKEhoBqcnbmCufyNMAVAU9ynz0TStdx/avc9ZosyoM98LXyNAEKDQJI0AKn6z4X2pBo/EJDdbV++iaN/shAT5eOVA4wwieaJ9m1bOsL5aR6ay5SWwIm+JP3Uj9of7FoXft6zcxR7do7GzgHgVX3g0i/bA8PImUyF/HtCqm77kn8NXLk7bXDSbUpLkCLGHNSP2j+YuRx+np0uhpGWEmQIqFeev1T99yX/GnjlgLTBSbcpLYETfUn6qR8PQabPs+c/wez5T2LnAAgNAfXK85eq/7UQX145oJ4wpSVIEV3tHGovLi+Hn/P5+TDSzzZXPcD3n/mruTDcHdCJ7eDkx0ZRvjT3H5oHQGWechlACs0H6r//+FQf8BUEXMwXIz8cI7f1hBEAQJAuQIYAiWrE/1ywVcTznZ/Wq5H/xXzRPwIgCYHlCyAjAE8JSDKGJPU2Is7hEhCUf5i2KACyRi1fM8+nrcV2z5JqAyQhsNz7HRgBsJenBCQZQ5J6GxHncAkISuV7WxQAWcOvXzPPp63Fds+SagMkIbBRTYL1GMfKXp4SkGQMSeptRJzDJSAo1f1tUQAU2k/j2cblx2z3LKk2QBICy73fHR0Z5FaLx3lKQJIxJKm3EXEOl4CgfDGxRQGQN4LGs43Lj9nuWVJtgCQElnu/yQjAUwKSjCFJvY2IR9brEBCU6v62KIAwtH/ePJ+2Fts9c2kD8Lx3QBB/EYof6fflm3jp170RccCTxlkMkIr5wmu+bUtH2OfSL9vDtASTHgG105ooRUDrQ8cpEoC+A7rnX4NmJInBUQGA550mxeHRrog41+jYzqrH8sX81Rw+MByjF21aE4Xoan3ouOl9yOTtT9sYwPPek2JvT1tEHHBXWouywOSdpzUAlfJ9PMxY9qHj5Imk7wSTtz9tYwDPe08KHpLfKK+5bR46RmuiFAHT+a7ncSMg9x9fj/bg5Me4f+KpMCS/HvsPX8vs2OdCI0AQdSDARPtq3n8Uz79rfT7g/9c4FvNFDA9VwuU3Zddj5uIi7kY0CkAj6DIcv1ajgC16wDQ/5fzT3jJyWw/OXQiiAWhP8do1ZgslYLoYkm8TcZVaAETC6RfoCsE13SQZds/bNDJuI+iAuYSgsb9FeNC0juB7h/UPwLtMxGIBOF8h3ybiKrUAiIQTmXSFoJvC5mXYPW/TyLiNoAPmEoIm2IQHTesIvkd1EiR8tQIKSyvAzHzFs24grlILgEh4QKg7nPffXM4w7q035f2b2iLzJCjlB8AqPGhaRxgdYBGG9NUKoAcwkW8TcZVaAETCl/J5DGzsde4/prB5GXbP2zQybiPogLmEoAk24UHTOug710mQ8NUKWF1axtmZKxUSbiCuUguASDgRalcKgClsXobd8zaNjNsIOmAuIWiCTXjQtI7ge1QnIbZOS5oAV7uPEFoLcaVUAArNp/OdQoBJ1PCV+aVHnusUSKKvRQGQYUCCRwZIhCH+Etq18DWT8YRrAyjwVbu3gc5vhBAXEM/P79s8ELsGzQtHL+YS3DOnzQXUJwIAgLfavQ10fr2EAGPzifz8/u51sWvQogDIMCAhxcnkXPUs4pWG2n2YN98AIUCajxsetGvQogBkGoHsq92Hehs2+P7jS2hDj/dE8E/D9p+yRz4Soj++Dw8f/xIm3nwnkqaU1v5Tq/ifC/R/kioEUBQA4M7n533qUR3ANj/P9wcqe8d//PzmSDtpk3jtICdeOfvco/ftPj6IVXRu6lAXrwkBcvKf5GL4+ZL8x3MnMpFQEVMlAFPIvwlhKIphXC76R+ug66H7QEYAiaRWodcuFN8/hCCnf8OmrpC4SvVYjQS7SJaNBF+/VoiRf2l86M5uDEUBATPhSxoCTuebxuWif7QOuh66D2QEkLAZBTRMouP9saWV8v1fH1sTrUsjwS7BPdvv5/q1lRj5l/eRKgPQPKZKAKaQf+O6yuebxuWif3xd/D6YDBFJqkUAwPDG3udm8gvHu7MB4SXiKvP+NRLsst7bSPDqajFG/qXxgSoD0DymSgCmkH8T6HzTuFz0j6+L3weTIcJmFNBw7OtHcPKnL2MOZVJfJq7cEKAJAXLyb4KNBM/Nz8XIvzQ+9Ge3hKKAgLkSgCnk3wQ63zQuF/2jddD1hBUAykYACZtRAAiU8k/hdAk77yq3ZHC0z12zftuWDly6shp4yrsqYoBWaISZRxg4jAPbvnwTB38Z/z/GjQASpkgBDhv5BwJjR8wIwNfKqxRMiogGB+59/KW2QLmaXkwvJ0oDCPpGvV71hMzNp+/cIMDhY9iwvXzXG0/85LW2px86VML54P/RXqwkSgN4f7EUaAAARnKdJqT3n75zg0DkuIdhw0b+641zv51qG7ljtDSfqwh2JiG8vK+JXKcJkzffRO59rsVG/uuNyP4zvBWYeAo/G3/Sed7g5MeYHftckDLw429FxEHrhcHJj6Em2ZSjAh4+/qXYPkSCfiGUNfL9R2ogAIGxIy0jgIy4MR0jb/rU5CzuvuezVhLvyvmXBgIbJ7Q53PlxSf57splIBAMXACSDhpcB4O3pDx858Qrw6H27j1PJu4AQx73fGuE/8crZ56oR4HKRf8Lgjgw6y8RbU/63RQuY5t2+CRHBCk78bXoIQbuZ9Ptcj0TgOR6ZOgTsjZLPuPdbI1WvXSi+X40AnYv8Ewa3b8SGfFfM4OCqEmCbl6cQFBYLEdJt00MI2s2k3+d6JN6aPjeKHSNTY0sreyUhBoQQnkL4J9FR5f23k3/CwHAfNpSJt6b8b4sWMM3LUwgKSysR4m/TQ0jS7msUenv6w0f279iFmfzCcSp5xwk1J7oa4R/e2FvV/uMi/wTSG5AGB1eVANu8fQOZiGARJ/42PYQk7b4pAE8+/bdtTz3x3dLJn74clrwLCHHc+60R/mNfP1KVAKCL/BN2D28Jibem/G+LFjDOy1IIVpeWI8TfpocQtJtJv8/1EE5O/ALHxr9aJvGZmPhfDHuK2IZMRRAPwKmPTrvLAGpwedIZiIiHEQjQ8/RdKQL0macvcLzZkcXB1bzZ++8jaEiYXHR2GR3bgKnJ6+WX6ORGgMOjXdg+tL4h3n8Cz8+XofqSzGtRAtwjZyL/jSj9BwC79g3iw3dn0d+zvjojQE8btmzvb4j3n8Dz82WofizsX4kS4BEBJvLfiNJ/ALB1aBiXL85UFc5P5LtvYHNDvP98Xt9jWpRAHVT+qwbtP+MH70xuBCiT7+337Kj7/kNEXBMJpKiAh49/KVKyMKLmX04doL2I9p+w5B/1Hd+XSuk/DvKE24wABPq/SVoA3Ahgg4+BwDSOjSPyMTTyz0HHeCQDkCCGiIwAQGAImC2UQMYADSdeOfscnWcb11W/UGs3jdPVmwFMwhFw6wJQHxOk19+2lqR1HF0gIwAAHLots5eTYg2vXSi+XznPDKmYL6MKtHbTON3ZjcB5Wyi7XReA+pggvf62tSRZuw/ICAAAY1jdy0mxhkl0eN1/qZhv0kJwkeVQaI9FA0i4dAGoj3EO4fW3rSXJ2n1ARgAAmPlk4XhAiM3e/eGNveH+83ZOV68GEFPMl1EFWrtpHOpjijpw6QJQHxOk19+2liRr9wEZAQDg5E9fxurScmgM0HDs60fC804/fdrYTyrmy6gCrd00jowGiPVx6AJQHxOk19+2liRrl+gdGAgfYJwQE8FWPd+Uk18m/zYPfAyS2CskmlcA8AHl69vWYOrDiX9E/NDkvbdoIhhhMRTwutW2ENVmggg496TZiLkpGkA7rpX8aySefuhQeP9tIfLNBBFw7v23EXNTNIB2XCv510iM3DEa3n9biPxaQJLqBLbr0Ih/s67dtP8QwbYR4EoagF++vC98BPUioPlleoDShxsJAISGgtDrnzLplyAjgKsNEMKdbwCjY4OqnlsSw4ApCsDFG3kUAUUnyL3yWn4l1Bz5j5/fHBsjURIRkflHfph+OS2XlcRXNG9wR8UIIEtP+ED2lZ5/H6SlAilBZPKtaVfP5DB5yIlI+4rmDW6vGAFI6M3X8w/EowSk598HvqH9SRHe/zqMbfKQ81QIHyI9MNwXGgFI3M/X8w/EowSk598HvqH9ScGMic79x0b6NZg85ESkfUXziKDzskK+nn8gHiUgPf8+8A3tT4okXnwb6ddg8pCHYoAO0TzC7uGKEYDE/Xw9/0A8SkB6/r3GcJQA9AGvAvBg17oKETaFvZdJMOkFkCHAWgIQcJP/slddEnDu7efgZF5WJJDHyaPP+8jzw/mEASK8D+L6Q7y4ktwowMCrAHwwk8z7L8epVwlAE7ggn6YLQJ95Hw7TOY0ErwIwt5jM+y/HqVcJQBO4IJ+mC0CfeR8O0zmNhKwCUK03vJ4lAH2g6QLQZ97H55xGgu8/E2++E4T1w537Lr3xae0/cl6jQYAr9IuKBLHjZY9+aAj45o/i5xvmq7cGAOA2AgCLmLm4iOGhHoyODdY0l0kLwEcjYGoynoShrftafiVS0QDwLANYT/iQZSLlhYWbXv0Hd2RiOf+dmzq8CLzWzxX2TzCtr14GgTTgQ5aJlC/lb3r1H9y+MUZWKazfBa2fK+yfYFpfvQwCacCHLIeh+I6oD8LAcF8s55/C+l3Q+rnC/gmm9dXLIJAGfMgykfJicdmrfzbbF8v57+jIeBF4rZ8r7J9gWl+9DAJpwIcshzn1+Rte/XcPb4nl/Pf39XsReK2fK+w/XKdhfbUaBA6u5iMl+AAEInZjPRWSK8Lfqe+x8a+GRoCqJucGAT7+tzcGP1++GVmXLA+oXYutD29/syMb/khQmb8w3UEL/5ffSfiP2j0NBLWWAaSX8KoHscBHfd+2fs0Q8HZug1FXIMm8aaHWMoBkBEhxSSF81Pdt69cMAVf//TNGXYEk86aFWssAkhEgxSUlgm9agMso0AxQGcBICT4PUN967T9h6UG5LlYeUAU/rvXh7eP7Kj8CVOYvcWRCQshQ+pHbeiIpOnOLK5i5uGgt9W7jf/KY9l3+EAIjUUXpn/L7JbTIgERVAADg5HeOlADg2N+9XBdLnsvDzwUBXeH18iZKsT5NsDBO8N3pAtpctn6m9AYfPHn/3SUAeOpnv6nL/Xd5+LkgoCu8XhJuKdanCRbGCb5f5IAvuZfXl9Qo8Oi+nSUAOPHuR/X5+3d4+LkgoCu8XhJuKdanCRZqBN8ncsCX3LtKPbowNDJSAoCL587V5f67PPxcENAVXi8JtxTr0wQLNYLvEzngS+7l9SU1Cowf+GIJACbe+ue63H+Xh58LArrC6yXhlmJ9mmBhf18/ZnKXsTscz50uoM1l62dKb5Aoe+tLFAr/ZkcWB6+UIwD2KCcoRPal+YxbAFBDkjx6ds62PYicx3UIfBCJbDiTwVFEUxpsqEQHrMZLAPLIgMlFr2u79/GX2l4/8UCpFs8/LwXYSPgQc43MNyKn3xdP/OS1tu8/drhUi+eflwJsJHyIuUbmG5HT74tzv51qG93/hVJNnn9WCnCtodm5/S7Q/jPx5jtheDz5eH2NALwUYCPgHSHgeT40XQEDeJ9qIwM40XdpAQwP9WB4KBpeT5Dp34Skyv4uoXg6zvP+NRD559dE3n/A0wBw8jtHSkSiyRDwN39/xivH3wVbmD+1a7n7FaX9KHnn5N6k/E9CfdRP8+539bZj+VplDK2sn1alwAbTL9mFJ++/u0QkmgwBL0/OeeWYu2AL86d2LXe/orQfJe+c3JsILQn1UT/Nu9+dbcf1a5UxtLJ+WpUCGyTp99UGeHTfzhKR6EeBgAgtlVK5/7Ywf2rXcve50j4n75zcm5T/K/d0JRxfqy5w/dpKOIZW1k+rUmBDtZUhhkZGSkSih0aC+z9Qak9l/7GF+VO7lrvPlfY5eefk3qT8T32pn0b+M5lOrK4WwzG0sn5alQIbJOn31QYYP/DFUoVEB4aAr937FQDJ0gI02ML8w2oDSu5+RWkfEe88J/cm5X8S6qN+RP5j65qvjKGV9dOqFNggSb9PSgN5/0Nh2TN0hD34y6T2pfn438Kpj067ywBK2CoAhG3x+QE3YbeVNKykFfgZD2JpACYkNWhUicOj8f1s+9D6upfhshF4aRCYv5oL27RzpMHj7dwG7EclMmAtY29P/BZv2d5f9zKANgIvDQJzSzfCNu0cafC4+u+fAVhkwFqGRvj7BjY3rAygD1zkvxkl/6xIkP9+/8RT4WdK22nE/sPhIuxe+gWeqFcagKsqABCI6XFBPRIFBHQjgEboTSSf80LbWL954/cAdLFQSl/QNAE4nDvK/h27np0tlNBZJueDOwIP+l9/Y8/xv/n7M8/t37Hr2bSNABok0eZGgeVrq1i+VmnnfZevrWJ2uhgj+dygYCL3fN5gjso82pq06zJdky/5P7BjZKqwWMCGfEB+B7cHHvQjY9j78uTc+wd2jEylbQTQIIk2Nwpcv1bA9WuVdt73+rUCZs9/EiP53KBgIvd83mCOyjzamrTrMl2TL/k/sGNkqrC0gg1lcj4w3IfCYgHjWNk7sVRK5f5LI4AGSbS5UeD6tZUImed9r19bQW5mPkbyuUHBRO75vDQHP89F/m3l/nzJ//4du56dyS+EJDmb7UOxuIzcavH4QKk9lf1H3R4x8gAAIABJREFUGgE0SKLNjQKrq8UImed9V1eLyOfnYySfGxRM5J7PS3Pw81zk31buz5f8k/o/kXNS3P/5q/+Er937FTz1xHdLaRsB1D6yIgAzCszNz2FuvtLO+87Nz+HszJVYCD83KMzNz2F4YKtqROAVBPg82pq06zJdk4389w4MlA6XSwDGPNoEQWq5x//BrnU4duoVf+JPofEeyvim+QnbvnzTahDg38NohvL82yDmdxJ7pa2aCAaBV585WqL8W19wj/8HM5fxZ1/b2RDir332PUe2S4NAswj/0w8dKlH+vy+4x39ucQXj9ww1hPhrn33Pke3SINAswj9yx2iJ8v99wT3+xeVljOweXVPE/1YC33+q8fg3av/R4IoEsHnrG5HXXwv6e9ZjbnEFPdlMJJ8eCDzxd+Oz6nkaoTeRfB+xez4nkf+R23qwKbteNV7YjBleO8yJV84+9+h9u4/jok/v+oKTahkZoBFy3qaF/hPICGAaS5YSNJUoNJH9WnQAXrtQfP8Qru5NJmtWH3BSLSMDNELO27TQfwIZAUxjyVKCphKFJrJfiw7AJDreH7uQ35u7IHNW/aM/0gIn1TIyQCPkvE0L/SdoKQHad2kY0NalrbkWHYDhjb3PzeSuHpftAxt7qx6zWnBSLSMDNELO27TQf4KWEqB9l4YBbV3ammvRATj29SM4+dOXsRYez5xUy8gAjZBHjAFK6H94rOzh/+3FD3HH0C7V4FDpZy5RaCL7VesAUD17IucKuZWe/2OngnI9icg/fZbzeMwfQtEjMBowgIDAP8D2kTrMb0VKkQHS8/9nX9sJAA1/+ZbwIfBr3avvA+n5H79nCAAaWv5Pgw+BX+tefR9Iz//I7sAf0iL/jcH9E09FhDrXyv4DrH1SDwTefOkZl7iWD4j/3OJKSLLlObI0IPE+Tvh9UgGSpooT+QcQGigAs4ghb3PuPvVU/idUU0uRbi4ZATght5VkSBKyL8ei+Wx9fKIZ6JhPFEA9lf8JPuRYC9HnRgBOyGVfPn6SkH05Fs1n6+MTzUDHfKIA6qn8T/Ahx1qIPjcCcEIu+/Lxk4Tsy7FoPlsfn2gGOuYTBWBT/k+q9G+CDznWQvS5EYATctmXj58kZF+ORfPZ+vhEM9AxnygAm3c/qdK/CT7kWHrMiVSTEYATctk3ohlg8dr/9uKH1nlpPlsfn2iGcCxLFMDJiV8A418F/sc6HP1vLCzYQm55ycCy9984vhUukm06Tvn2tRLrZs+PoAY3sBWAvw4AL9lVb+HfpMTdJ89/LRkDdu0bBN6dxV746wBwsat6C/8mJe4+ef5ryRiwdWg4UgXABxH1/DUsPHsrINh/7gQmnsLPxp/0OqeR+8+nGS4NAE6yOZmeubiI0YWgGgBxO24E4LAZBXx+d7954/eh8J9U9k+Cpu84voJ+NsJsI/9am0tYwQSbwINvSL/POhoJX0E/G2G2kX+tzfRwdhFykyffl8xr5zUbvoJ+NsJsI/9am4mYuwi5yZPvS+a185oNX0E/G2G2kX+tzfRy5CLkJk++L5nXzms2fAX9bITZRv61NhMx/+LoXutaTZ583xKF2nkaFnK5tt6BgRI3AgC9OPonC7G+MvT/5MQvkuX8v7hS8bK/uAJAKORPJiylp5Fvnusvjzd7fgX3Pv5S26vPHC1xIwCgq+nL0P/RsQ1NCb1NGzK9oJEigU/85LW2px86VOJGAEBX05eh/7v2DdY99L8RkOkFjRQJPPfbqbaRO0ZL3AgA6IYAGfq/dWi4FfpfI6L7T2AEAKAaAmTo/6dl/2k2TDoAlAagedaBoCQfLwmYpAKAj6A9fedknz5ra3IZM5puACCYCLSvR902hm3MNM6ltdmugfdbizARaF+Pum0M25hpnEtrs10D77cWYSLQvh512xi2MdM4l9Zmuwbeby3CRKB9Peq2MWxjpnEurc12DbzfWoSR3Ht61G1j2MZM41xam+0aeD8fcCPASQTl/PDreMoLkf9TH53GqaCpLbHn/0XhOfAsjxfigfXxMbSxxnqAMWXOZs+vgL+Ej47tLNfkvhzrR+R/+9B6bB/agS89+mLrxTsFcCPALgTl/MgQwEHkf8v2fmwB8Jc/ONW6/ymAGwEAwKQJQOS/b2AzAGDq7X9t3f8UEN1/xoP9h4n8EYj8t/af2iDTACh83mYEoL2H+py7sAgSx+VGAB/+58N/6ftv3vh9jOxTNQJak2nt8rw1YwBwEei1Qpxt6o4+Yn9r6Vo4XAR6rRBnk+FgKX/TS+zPdC1UXYEIKuW6F5aCf38yfbGuG6uLQK8V4mwyHBQWC15if2vpWjhcBHqtEGeT4aBYXPYS+1tL18LhItBV59CnDJPhYC5/w0vsL8m1cC/+qY9Olx688yCACuk/OfEL3r1++xMvpad50H3I9y04P/eivfrM0dIHM8FnIv2Bhy7ArfDiXUuIfzPSA7gX/+mHDpXm3gkMMPSSu2tf5SX7ViD+tYT4NyM9gHvxR+4YLV3+3QyACukn4wDQIv71QHz/CfL8b9X951aEJNIyr16S7ECUbzE0APjyPx/+S+SfxP842fch/xrWjAEAqJDrpCH7PmkCrvF8VBirLdegrXutGgGA5CH7PmkCrvFMc9vOM+X+a8dl+1oxaHAQMU4asu+TJuAazzS37TxT7r92XLavVSMAkDxk3ydNwDWeaW7beabcf+24bF+rRgDAP2RfCu/5huKbPPja3LbzTLn/2nHZntSgsZDLtT38zpsl6d1PXOLPBxrhblApvTUxvwLyyGnvJrdquO1ayvl3gSICtHeTWzXcfy3l/LtAEQHas7EV7l9/fBr3n7UCUvQ3RQFokOX1qI2X5EvK/2z8d2pyFjMXg+gCPgetb+S2HuNabVgTO5AMkUhKjrU0AZ98Cg1J5napO1arDdBoyBD5pORYSxOw6QnYkGRubnCoVRvgqZ/9pmmbqAyRT0qOtTQBm56ADUnm5gaHNLUBGg0ZIp+UHGtpAjY9ARuSzM0NDmlqAzQaMkQ+KTnW0gRsegI2JJmbGxzS1AYwgYh+78BASbaljqSE2+Sh58r+kTKDrhJ/TZ5fAb1ov/rM0ZJsa6H+IKL/9EOHSrKthfqDiP7IHaMl2dZC/dHaf+oLWdqPlP9NsKUHkBaAD/9z8V8i/5z4cwOEbY1kFDBFMTTdAKCFSHD4KOnbrCmuOV2ef5+yDT7H16oOgBYiz+GjpG/z6LvmdHn+XQYB3+NrVQdAC5Hn8FHSt3n0XXO6PP8ug4Dv8bWqA6CFyHP4KOnbPPquOV2ef5dBwPf4WtUB0ELkOXyU9G0efdecLs+/yyDge7waHQAT6kb6XdBC6m1EnUoMchLuOmctz19G66W7uWiR/uaiRfqbi9b+Uz9wI4BPeUAN/T3rg4oAY4NO/ufDf03k34f4S8hzmm4AcEETQQAQ8/jL49ox7XhS5X9XPUfT/GuJ9CeBJPha2L/sT3Dl5Pt46F3zu8a3reVWgCT4Wti/7E9w5eT7eOhd87vGt63lVoAk+FrYv+xPcOXk+3joXfO7xret5VaAJPha2L/sT3Dl5Pt46F3zu8a3rWVNwFchf08xTqSp/UzGnJv/wHo7+W72/C200EILLfxBQ6rqu8i/Rr5tKQPV8r+pydlU5jed37IktdBCCy200EILLbTQQgsttPAHARL/BvRweQ02kb1zFxZDD/199+5yzu9yQEvRP/rXNL8UKHRd09pPUG+hhRZaaKGFFlpooYUWWmihhTUGTv6Hh3q8zjFFBpAWAC8n6AMi+muuCsCz376vxL8/8sNXGhp90Oz5m42/+tPRyPV/71eNzeNq9vzNxkM7hiLXX++ygmtt/maDC6cBjc+jbvb8zcZdu++KXP/ps6cbev3Nnr+FFlpooYUWWlh7SKKgr5HrxXwR/T3rMTzUo5J2m7adKz1geKgHc4tXrfPb1ie/8wiGhrwESfItoZFxOicNot7s+ZsNSb4lNDJO56RB1Js9f7MhybeERsbpnDSIerPnbzYk+ZbQyDidkwZRb/b8zYYk3xIaGadz0iDqzZ6/hRZaaKGFFlpYW6AUAFuovC3kH6h4/n3Jv4RNq46OTU3O4n+/FxgBRm6LRhfY1qcd49ea6suNRppd5JtgO8eXhPPz6JxGzt9saKTZRb4JtnN8STg/j85p5PzNhkaaXeSbYDvHl4Tz8+icRs7fbGik2UW+CbZzfEm4Vp6tkfM3GxppdpFvgu0cXxLOz6NzGjl/Cy200EILLbRwa+Avv7wvfNa78uq145z8333PZwHYVf5NsJ1Dx1559UPMLa4kMgBo4NEOqWkAaETbl3xLPPLDV9qSku5ayH8a8zcbGtH2Jd8S3/vVVFtS0l0L+U9j/mZDI9q+5FviJ9MX25KS7lrIfxrzNxsa0fYl3xILuVxbUtJdC/lPY/5mQyPavuRb4vTZ021JSXct5D+N+VtooYUWWmihhVsPSQi0di6Rfw5f8i9B+f8Sw0M9ocYAIUnqAoFf65orA6gR+WbMfysaAdKARuSbMf+taARIAxqRb8b8t6IRIA1oRL4Z89+KRoA0oBH5ZszfMgL4QTNyLeRy9LF1/+qMV585Grv/9OL5pUdfbN3/OuPphw7F7j+VIv7LH5xq3f86Y+SOuJOJSuFOvf2vrftfZ/wh7T/S007ke9P/z97bxtZxXmmCD9XR5WcuRfJSViy6RcuJ7KUoj4UeS+isE3uMzSIwEjTkYLELxCtgHGwHbQ/8I/8coH8FsP/1j0Y7g2RgL2B4gAEGjjHogWFsGtq4404gpQf22hI7/hSVSIosXpLiNb/V0d0fxVP31Klz3vetulWX5JUf4IJVb70fVUWybj3n4znVXmtIZvDQf24EmDk/F1cDoHPIQ/4JuTQALI+6iyiHeOEtj72cdzeuXyQsj7qLKId44S2PvZx3N65fJCyPuosoh3jhLY+9nHc3rl8kLI+6iyiHeOEtj72cdzeuXyQsj7qLKId44S2PvZx3N67frRCGMuyr1VJ9PjcElAf+4j24b48zj7TbXsR3AjjxH6ruwXIjff8/NwSUB078+/oGsL6+murzuSGgPHTL8+eZh481Q7z/RP65EcCX+w+ERQHQvXMJBb7+xkcAgPmlDQCRDoA0AOSJYgj+xeQR0vON9xHsLFoCO339dpFHSM833kews2gJ7PT120UeIT3feB/BzqIlsNPXbxd5hPR8430EO4uWwE5fv13kEdLzjfcR7CxaAjt9/Z2GdkQm2VgAwL33TOFo7SAu1K8k+lHb+x/PhMyJvOezG0Ev0N989rXM10tj6YVx7uI65laaGB9MTkVt43f7XwzpZTPP+exGEIH/4cu/yHy9NJYI/tylz0yxreFqH8YPfdE7JxkQ8pzPbgQR+E9+m/29jcYSwW80FrDcaGCoWk30o7ZqddQ7JxkQ8pzPbsTnz58IoQYAAjcEzC9tYGy4F8PVPoxUe50l+zRDgDSa+AwAtB79JLSTvhB0s9sV0stCji0hQfrjmluJppX7Za8fMraI9TW0K6SXhRxbQoKDw4MAgJWlFQCA3C97/ZCxRayvoV0hvSzk2BISHByK/uFXliMLoNwve/2QsUWsr6FdIb0spMISEqSXi+VGAwAg98teP2RsEetraFdILws5toQEK0PRy97mcvSiJvfLXj9kbBHrlw36u3j0nuMAgDMfvx0TeR8J31erNZlXHwDw+MlvxNtkACDiL38S+P7R2kH87OzPtbWc57JbQS/Ply5Hz+1DE70pxWfrJfiN50815UvizPm1eJu/E40P9qR+Evj+3EoTU9P9qbW61SBA5P3apXkAwIFDYzGR95Hw504/0qS+hI/em4u3eWgu9xZqocO875ePpYlDtxoEiLwv1CNF89Ha/pjI+0j44fummtSXcPXybLzNv5OHqtXUTwLfX240cOfEZGqtbjUIfP78SYKqAISCe90lEeeRAPw++cr8ccjfBbX91//ygWoAaIf8AyUZAEK87bKfL4xf/nFJzK00M62fRem/rOsPRVYCHOJtl/18Yfyc8NM2x8rSSqb1syj9l3X9ochKgEO87bKfL4yfE37a5lhZ3si0fhal/7KuPxRZCXCIt13284Xxy5cLieVGI9P6WZT+y7r+UGQlwCHedtnPF8bPCT9tc2wur2ZaP4vSf1nX30lwr/3jJ7+BJwb34pWVmwCQ8tx/ymoO0xiJe++ZAgA8f2gynofmOlo7mOrPCb/sK4+RQaCbjADcazZzfg0fzl7FVybvBIDU+8zASCWxr3mP5i5GL6K/unAlnofm4k4R3g4kHSby5ZyO0Qt5NxkBuNf+o/fmnC/R/SPJ9xtJ+oHI6w+0woAJRPgltLxdaRygY2QQ6CYjAPfaX708i/XVVfQNRM9x+X1aqSR/H5L0A5HXHwDq167F89Bc3CjP24GkwV4aB+gYGQS6yQjw+fNHh2UAsJT1pQGAQM8AXg2Aw5UiYR3n/X7z1qdxGUAf+c+SGtAxEcCfPP1Y0+VV95Fm7Y9KW8O3vtWnaNJurV/UfFnxg69PNV1edR9p5p5+1xq+9a0+RZN2a/2i5suK03dPNF1edR9p5p5+1xq+9a0+RZN2a/2i5suKLe+l6VX3kWbtpUJbw7e+1ado0m6tX9R8WXH8yPGmy6vuI83c0+9aw7e+1ads0i6vv5OQIftPDO41+3KCTuT8juH9zvm5MUEj/08M7sWzaRtCai0gMgqQceH9j2ewr1ZrK11hJ0CGzH44e9XsO7fSxDg2W9uDPVhddM/PX+a196QPZ69i/Gj698L78shKerkfv7sPKzdutRUuvBMgQ/b5i7sEf3kmErDmuf/cmKCRfy7c5VoLiF7WybgwfuiLWG7caitdYSdAhuyvr9rP8oiQ8+0qNjfdYmfcmKB9T6+vrppGe7k9VK3GxoVqdRTr66ttpSvsBHz+/MmGEHG94WpfXJLvk98vxc+A2ctLeBB6RQBXqT9fisCDD90RiwDS+nSu7UQBBNUpCCGu7ZJbzav/k6cfa2rEWf6R8T8ebR4+X5Zz0tIBLPA+RRP9EOLaLrnVvPo/+PpUUyPO0hjA0wK0efh8Wc5JSwewwPsUTfRDiGu75Fbz6p++e6KpEWdpDOBpAdo8fL4s56SlA1jgfYom+iEv/u2SA+0FYV+t1tSIs3zJ4C8P2jx8viznlIX48D5FE6UQ4touudW8+sePHG9qxFkaA3hagDYPny/LOWnpABZ4n+329msg8s9D9jmO1g7GJJx+PjG4N9HOj8lt6m8ZF+Q8GvjYo7WDuPeeKdwxvB+P3nMcj95zPHdZzZ0AesHjIbMccyvN+D2Gfn44ezXRzo/JbepvvdzLeTTwsXMrTcxdXMfq4iYuXd7ApcsbquL3bgGRfx6yz7HUWI9f/Onn/NJGop0fk9vU3zIuyHk08LFLjXXMXfoMa4sruHZpHtcuzasVB3YLiPzzkH2O5UYj/h6ln+urq4l2fkxuU3/LuCDn0cDHLjcaaDQWsLm5joX6dSzUr6sVB3YLPn/+6KD/y5D/TwuH7xqOQ/OBbCH/Lsh0AK0MoBZxpGmRaFhqrOdT5w0Jn88iqCfzQ3hbiOffN4dsz4Ks12b1LdIoEBI+n0VQj5N2V46/C645ZHsWZL02q2+RRoGQ8PksgnqctLty/F1wzSHbsyDrtVl9izQKhITPZxHUk/mBvC3E8++bQ7ZnQdZrs/oWaRQICZ/PIqjHSbsrx98F1xyyPQuyXpvVdzu9/1KsjxNtHr5P7dTGPfscF+pX4tB/i/DzOeQ62ty8n5UaAMSaBTvOwGKB582SWBZ/0eXhs9RObdyzxjE+2BOH3lov3HwOuY42N+9nheYCUc7wbooE4Hn7JNanhe4CLQJObTLHlzBc7YtD/y3Cz+eQ62hz835WagAQaRbspkgAnrdPYn2caPPwfWqnNu7Z5xiqVuPQf4vw8znkOtrcvJ+VGgBEmgW7KRLg8+ePG3lEAIHkM4D/n84vbeDPju5PaQH4BP8syHFUDcASHJXnSbCMArlSAEJIsdbX6sPFIoAkcbdySrQ5OLRIgNC5OLQIhCxGgTLC/kNIsdbX6kN5/Rpx5+0uyD5aJEDoXBxaBEIWo0AZYf8hpFjra/WhvH6NuPN2F2QfLRIgdC4OLQIhi1GgjLD/EFKs9bX6cLEgIEncrZxCbQ4OLRIgdC4OLQIhi1GgDLIUQoq1vlYfyuvXiDtvd0H20SIBQufi0CIQshgFtoP4yxJ9QCtn34Ik8q40gZA+oeM1A4MrymA3QJbIAlo5sxbki7QrTDekT+h47QXf5eXbDZAl+oBWzr4FSeRdaQIhfULHawYGV5TBboAs0Qe0cvYtSCLvShMI6RM6XjMwuKIMdgO26/mzcL2V53V2a3t0f7o8LB+/E58/nORrsMg0TwMAgKnpcTMawCr9x49pmJwYjud3gUcGaNdBx4NeTnzkPmtoPeD28GvefNmuIaRvGdEBIcaPduAj91lD6wG3h1/z5st2DSF9y4gOCDF+tAMfuc8aWg+4PfyaN1+2awjpW0Z0QIjxox34yH2e0GCXh1/z5st2DSF9y4gOCDF+tAMfuc8aWg+4PfyaN1+2awjpW0Z0QIjxo1PYV6s1X7r/hCrMRz9DyDlBI+hAGMHX5vKN06IPaJtVLNixHrg3nj/V/Ie3LqrCWPQz5OWaoL0gA2Ev6NpcvnGa94+2STF8J9f1fu70I80L715Vhfl4+a5QaAQdCCP42ly+cVr0AW1TxYJn/u7Mjr3/h++bal793awqzEc/Q8g5QSPoQBjB1+byjdOiD2ibKhbMvPPPO/b+hz5/OFnXQMQ95PlDc73001+m+j35l1+L56Pnj7a2XK9Tz59nHj7WBKB6zy3dDt5uRQKNDffisW9+Od53lfjjx31igQDwm7c+xezlJW/uv8+QAQREAPiE9XzjJSTx1gwBPqOAb25fvokVHWCtbaETwn4+Yb2s80nirRkCfEYB39wrSytOQm9FB1hrW+iEsJ9PWC/rfJJ4a4YAn1HAN/fK8oaT0FvRAdbaFjoh7OcT1ss6nyTemiHAZxTwze3LN7SiA6y1LXRC2M8nrJd1Pkm8NUOAzyjgm3tzedVJ6K3oAGttC9sp7KdhX63WpPJ+hCcG9+IVtHL7sxJ3y0vvwonN5N/wuUo1nsvqR31kP9q+UL+CG/U69tVqalWCnYA3nj/VpPJahA9nrwJbL7K/unBFG+aE5SVzYeF6XfW8yZd2yzvH+9H2+GBPSshqp+G50480qbwfgb+Yf/J7v+dMwvLSO8cs38TYUPr/jJ+L1SfVj4l+DVX3xJUBdiIO3zfVpPJ+BE6469euZZ7T8tLnGcPPxTWv7AdE3899fQNxZYCdCN/zZ26libPn3gWgk3WgRdjp+eB6/pjE/+x78eZL3/sxcPIYnvzLr8VRAfEY1u/JF5+KNoSRsuznDxkF2xXTA5LGu/mlDcycn8PU9Ljq5ZfXYl2XNvbBh+4A3oJqBMh6Hc6XlzwE34UsHnxrPJWoWF3czD1X6Hn4jAKu9IYiDAN5CL4LWTz41ngqkbO26O6b1QCgjfUZBVzpDUUYBvIQfBeyePCt8f0j0Rxri+6+WQ0A2lifUcCV3lCEYaBo0a8sHnxrPJUo8ikTZzUAaGN9RgFXekMRhoE8BN+FLB58a/zY6BgAYH5h3tk3qwFAG+szCrjSGzptGKBcfyrxB/g97pKoEzgZJ/C55LzWPCFzW0YAqSHw7KVZvP/xDICdWR6Qcm2pxBYQ5nEH3GScwOdyzbtghN7KNWQ/eVzm8H716EGM3x09+3ZieUDK9acSf0CYxx1wk3ECn8s17/xy9Hcr55NryH7yuNQQOHzXMMYPfRHAziwPSLn+VOIPCPO4A2Ekn8/lmjdPzr92XGoI1A4cQLU6GrXtwPKAvuePStYZAU9gi7ATuPee5k0YEqx5jLkT4GO31qX1gPKfP1QGUGpuhJJoGQFw+K7hOMqIogB8+f4yHcCVHkCgsoCH7xpOtGe9DmcEgFU2LyT030eeB0YqJol3he9TiQo+D4ecUwv15wIT1vq8n9QO0Mh9Wbn+rvJ4LgOBjzz3jwyaJN4Xvi/n4ZBzaqH+pDlggbQCqJ/UDtDIfVm5/q7yeC4DgY8894/0miTeF74v5+GQc2qh/qQ5YIG0Aqif1A7QyH1Zuf6u8nguA4GPPFcqfSaJd4XvD4lDsmaxnFML9ecCQ9b6vJ/UDtCIT1m5/q7yeC4DgY88j42OmSTeFb4vR5BBgCDn1EL9SXPAAmkFUD+pHaCR+50UCWDBR9Q14k/QvPJ8zoMHKsC968D77P/h3nVceXNPam4rQsC1JhDpGLz/8UwcAbBbywNqhF8j6Hxf84rJfjy0Vmu3DA1WOLA0MsxdXMf43X3xi+luLQ+oEX6NoCf2Fa+87Eek3mo3IwOW9QgbaWSYu/QZxg99MdY12K3lATXCrxF0jbBr25KsW+0hkQGu9kZjAdXqaKxrsFvKAy5cr7eIuousM3LODQXSe3+WGxO25hs//wd1yrnpL6XmTp2DWPfJv/xaKhIA2NnPH24EINKdJU3I0gLIqhEAZNMNyX3jLPKvEWvpUeeWnNXFTTMvH0CQx5/3cc0lz4n6cCMCrZNXfKLslACCRf41Yi096tySvLa4YublAwjy+PM+rrnkOVEfbkSgdfJoAgDlGAI0WORfI9bSo16bjCzJK0srWFvcMPPyAQR5/Hkf11zynKgPNyLQOnk0AYByDAEaLPLvqvdLx7glf3Nz3czLBxDk8ed9XHPJc6I+3IhA6+QVH+oUGbLIv0aspUf9yOQBAMB84ybmF+bNvHwAQR5/3sc1lzwn6sONCLROHk0AYPvy/sn7D/jz87N47Dksop4nAsA1Rlvn2Uuz8TZFAhC20gK27SWQe98Af36+5n137VObZjTQxhGo/czMCh6orZlr+KIBgMgDR6D3N8LKjVvb+hLOvf+A/8Vb876XrhtqAAAgAElEQVS79qlNMxpo4wjU/i9LTez/k3811/BFAwBIePro/Y2w3Li1rUYA7v0H/Pn5mvfdtU9tmtFAG0fQ2rU1QqoP1A4ciLfp/SE+j/XVbTUCuJ4/MfnnyOKx55De+zzz0RweQwRFAhDKev4UFQHAweeZnBg20wDo3AG3BoDEzPk5zF5ewvzShhoBoJ2LBF2jGQHgKl+XhfxzEOkmywaRbde41cVNDIxUnBEDRPzJWw9EfyRkYAAiks9vsowkoHl81+UzDBSlC+AqX5eF/HMQ6V5u3MJQdU9Mtl3j1hZX0D8y6IwYIOJP3nog+pIiAwMQkXyyXFt5bCERCT7DQFG6AK7ydVnIP0es9r91r4hsu8atLW6gf6TXGTFAxJ+89UBkZCADAxCRfF9USEhEgs8wUJQugMu7l4X8cxDpXl9fRV/fQEy2XeM2N9dRqfQ5IwaI+JO3HoheEsjAAEQknzwH6+urqUgCmsd3XT7DQFG6AK7ydVnIPweR7vnGTYxV98Zk2zVufmEeY6NjzogBIv7krQciIwMZGICI5I9Vt16wGzdTkQQ0j++6fIaBTusCaP8LWuh/kaTfN9fBA8moPNzb+rs+9f46rlyzjflW+gGAWMiQDB1UJlAaBDoJrTa1FqIfEubvQ545InLfb87hEwMDWukA9I5FREM6dLYDXPGfoIXoh4T5+5BnjojcfyGxr6UCuEAEg17aydBBL/fSINBJcMV/ghainyeXXyKvHoBrjpAUBepP3/Fk6JAOhe2A6/mTIP9Fkn7PXFY0AADg/B9aUQGB63Xi+cOJclYtAAr3l3ohw9U+zF5eclYDIISKAnLyT9AMFqHXoJolOMHPJfR3d1/8S5GEeW6liUuXN+JfIh8jw/kJq4ubJjnXQvq1qAHa5kYBGi/nd1UTCBEj1O7ZT55+rBl6LznBz6MDMH7oi/GXgiR7K0srqM9ex+y711JjZDg/YW1xxSTnWki/FjVA29woQOPl/K5qAiFihNo9+8HXp5qh95IT/Dw6ALXJ0ZaXXxDmleUN1H/fwCXxkKxNjqbC+QlrixsmOddC+rWogdizz4wCNF7O76omECJGqN2z03dPNEPvJSc1eXQAqtXR+EtZEublRgML9evxlzgfI8P5CZub6yY510L6tagB2uZGARov53dVEwgRI9Tu2b5arRl6LznBz6MDcGTyQOzll4R5c3kVf/jd73H+/CepMTKcnzC/MG+Scy2kX4saoG1uFKDxcn5XNYEQMULtnh0/crxZtKYCgULiXZ5/jVgffPhW/LFwYrOR+qTGH6gkPim839f6AK2+bH36nPrzG6l1OLSygKQJsF2gl7W8nn953NrnbfzYmZls0XIL1+t4p96faLPOSUJzgGy3MCA5FvJ6/uVxa5+38WP/spTt33p++Sau/zHpe7POSUIL791uYcDYsJ3T8y+PW/u8zUoJCIHW3zonCc0Av93CgEHPH4VYj5//Q/wxQWkD/KOMD5rLM278/B8w/uL/A5x9Dy9978fqs6gTz58sIfTSA8+9/xyD+/akogC0NmrXtgGkyL+GLAaMVASAj6Rqx2WOvCTZsq8EEfYoKiDdBqTrWLo88RGhT7dbtTB9Xv1Q4UEL0qDiihDwkVTtuMyRlyRb9pUgwh5FBaTbgHQdXZcnPiL06XarFq/Pqx8qPGhBGlRcEQI+kqodlznykmTLvhJE2HlUAG8DgPpsso6uyxNvGQzkHCFz8XPxCQ9akAYVV4SAj6Rqx2WOvCTZsq8EEXYeFcDbgHQdY5cn3jIYWLWQfV79UOFBC9Kg4ooQ8JFU7bjMkZckW/aVIMIeRQWk2wDgg9mkwdLliY8IfbpdzhEyFwDMbX2ZjA+MOPtZkAaVoiIEKPQfiPLjgbRqv0akWyR96+9pehgHpwGcj1TSKW9fH8PwvnJSUgcgBNPDuPJC9N1wrlIF2FJaBQJ+jUdrB3G0dhBn8HbpFTEkKPQWaL1b+FT7LQ/8O/X+OEyfb/u8/kTkXcaCEFh9tWvh1zi30gRWNvDG86eanU4DoNB/oPVu4VPttzzw1//4hThMn2/7vP5E5F3GghBYfbVr4ddICubPnX6k2ek0AAr9B1rfbT4vfVYPfKjX32UsCIHV19IM4FEBQAOH75tqdjoNwPX8SeT9C2gknbdpHvoQYt8OVK2AF3f288cCkX8SA5w5Pxcp96Ol/i9JfojwH0eowKnvPFOrSXLqC2fXwuOtPHrLe766uIm5i+sJgr66uJm4GTyqgObiH6v038BIJR5rRRj44BMWlJAiifwe+u6nJKe+cHYtPN7Ko7e852uLK5i79FmCoK8trsTkH0hGFdBc/GOV/usfGYzHWhEGPviEBSWkSCK/h777KcmpL5xdC4+38ugt7/na4gbqswsJgr62uJG4Th5VQHPxj1X6r3+kNx5rRRj44BMWlJAiifwe+u6nfIn3vdRr4fFWHr3lPd/cXEejsZAg6Jub6zH5B5JRBTQX/1il/yqVvnisFWHgg09YUEKKJPJ76Lufkpz6yKoWHm/l0Vve8/mFeXwwey1B0OcX5mPyDySjCmgu/rFK/42NjsVjrQgDH8YHRnDfRKumry8KQIok8ntYRnoAhcQTKBLA8qJfubYZfd7cE31e+Cz6bO07xzjC9+NQ/3sDDVXv98XrE7RIAyDt+afw/50AGc0YGgmQ9Zirj/Tou47Lvr6xQPi73HaAQuIJoZEAWY+5+kiPvuu47OsbC4Tn9m4HZDRdaCRA1mNZ+hSN0HeJ7YD5/DFC9eemv+T8+MYUidScSqQBsLOfP4D+zNHasqYCyP3JieF4bh59QM8HKmvoAj+e+S7KCADp/dcQKu5nEXSXQAI/ps0lLSpaCoBWKcB3/r7SgPw+FSkMKCMApPdfQ6i4n0XQXbn7/Jg2FzciaP20igAhhgtfaUB+n4oUBpQRANL7ryFU3M8i6K7cfX5Mm0u7tzLcX6sU4Dt/X2lAfp+KFAaUEQDS+68hVNzPIug8d991TJuLGxG0flpFgJCXDV9pQH6fivSMyggA6f3XECruZxF0nrvvOqbNxY0IWj+tIkCI4cJXGpDfpxI1AZoyH/75Q5NqRzMS4Dvif/v8UtKDT8fPsxrqLg9/1ggAY/0r1zbjtAUeBcDLApJRgK7906XrHRUD/OV//E5T5qP+6kLLMGEp9GuwIgCsPryNYI2nPvy4q7+MOOBeOF6WSwouD4xUOioG+Lf/4dGmzIf/5Petv1NLoV+DFQFg9eFtBGs89eHHXf1lxAGPApDlxoDWtfePDHZUDHDqgX/blPnw9WstI66l0L/TIb3+WsRC7cCBlOBvpdLXUTFA6/kTKvxXtle/HcxNfykWAzx54v64vejnD4kAhkLLt+fPHFm+c2y4NxYClMgi/MfH/OatTzF7eSmVbhAqYsgNAAnTo6vkn9ynvnnJP1386qJN/Aku4s/3B/f1mRYUHmZB5wAgFgOkc+ICgXRt8g/NR/59bRZcJf/kPvXNS/6JmK8t2sSf4CL+fH+o+sVUX9ofqu5JHJNr0jnxPnRtsrKAj/z72iy4Sv7Jfeqbl/zTtZDInwsu4s/3NWMQv3f8mFyTzon3oWuTlQV85N/XZsFV8k/uU9+85J+IOYn8ueAi/ny/r28g1Zf25TFak8QA6Zy4QCBdm3zR8JF/X5sFV8k/uU9985L/mLgv2MSf4CL+fH+seiDVl/bHqnsTx2IDhDgnLhBI1yYrC/jIv6+tDJBAHhcAdIf/b+HVjRYJf3UDwNb/Annxz2dMO9HIP48IkMet9RGd/7lKVdU2IPL/xOBePBse6V4ayJEgBQCtEH4XyW8HWceH9NciGugd6MPZqxg/mtZl6DTopVeGxloh/C6S3w6yjg/pr3kS6SV+fmljR0QDkCFbCgAWIf633dCMF/QdvL66uiOiAfjzJy7Zt8tIfwpn34sMGX/5tbiJnqVlP39cJFp62H3h+Br5B2zhP1cf2tc8/XTOWZ4H8cuJK/efk1hfBQDNe84V+aUav4UQr78L1tx0DrJNKklSOkJoOUAX0Q+JBnDl/nMS66sAoHnPuSJ/iBo/EOb1d8Gl9C/J/9riSkrJltIRQssBuoh+SDSAK/efk1hfBQDNe84V+UPU+IEwr78LLqV/Sf7XFjcS6QVASy8gtBygi+iHRAO4cv85ifVVANC851yRX6rxWwjx+rtgza0ZHDY311NKwpSOEFoO0EX0Q6IBXLn/nMT6KgBo3nOuyC/V+C2EeP1dsOamc5BtPL0AaOkFhJYDdBH9MqIBZOk/jicG96bE+gAA00yw6FXH/7UvhF+S+O/02vPxuTKuL9MRuJAhN3RQNMDPzv68YyUBZektDiLMLtE/zUv/QG0t5Z3n8EUAcEhvP7VZ+zICQCtFyMENHeSNm5ru71hJQFn6j4Nexl2if5qXfv+f/GvKO8/hiwDgkN5+arP2ZQSAVoqQg5MOigb48rHxjpUElKX/OKRQ326LAtBKA7r6UDTAnROTHSsJ6Hr+nD33Ll763o/j/V1F+hlS6QasPGBRzx9XBIBmBNDC64erfakoAPrf/LOj++P8f8DmpS5Oy8fwKgAUbZCF8Mvzj1cNIbAh5f/kthaKv3LjVhD559uuSgC+OTi0aIOBkUrifPKoSloq/7LNuochBDak/J/c1kLxlxu3gsg/33ZVAvDNwaFFG/SPDCbOJ4+qraXyL9usexhCYEPK/8ltLRTf0kuIxym/T1clAN8cHFq0Qf9Ib9LzH2h04bBU/mWbdQ9DCGxI+T+5rYXir6+vBpF/vu2qBOCbg0OLNqhU+hLnk0dV2FL5l23WPQwhsCHl/+S2Foo/37gZRP75tqsSgG+ORLsSbTA2OpY4H9e5WbBU/mVbEZUAiPxz4T+CSf7bASf8moc/hPy3CVnFgK5ZigTeqNdzVQ7JAnr55sJbBM1bLsP/LdKutb9T7zfz98uKFnBVI6Btuk4p0jW4b49amqxIEPnnwn8ENRdXhP9bpF1rv/7HL5j5+2VFC7iqEcRVCFiIMcdQdY9aGrFIEPnnwn+EdsX4dgJc1Qgs4wahr29ALY1YJFzPn24h/ylsiQO+9NNfYuF6vWPPH5/2Bu3LagBA9L/JyT+dnwYfH545P4d/+tVl/I8L1xNlB9uN/kmczfdfeL0nbxh7SP5+iAifVRaBawb4DAh5sXLjFuYuricMDVoZQPpoCCmh6DIC5A1jD8nfDxHh04j7UHVPQjPAZ0DIi+XGLcxd+ixhaLBC3S2CG1JC0WUEyBvGHpK/HyLCp11XZMhpaQb4DAh5EZWIXEgYGrQygPTREFJC0WUEyBvGHpK/HyLCpxH3vr6BhGaAz4CQF+vrq2g0FhKGBq0MIH00hJRQdBkB8oaxh+Tvh4jwacR9rLo3oRngMyDkxXzjJj6YvZYwNGhlAOmjIaSEYl4jABl5uOef8t+fGNwbk+JzlWpMmGOhPy7298JnbkE/jfCzMn6lg8oFbpUYBNLlCIGI/F+oX4nTAbRoiCLxxvOnmtLzRu8BH85eVcm/S6V/J8ESBnSd91cm70xoQGneyCLx3OlHmtLzTy/A80sbKvl3qfTvJFjCgK7zHhvuTYQCa9EQReLwfVNN6fmn76H11dW2xf12Ilzn3TcwkNAg0qIhioTv+XP23LtRyPzJYzFhziP4t1OQKCvIxAGpRGDZz5+85JqeQyTYJ+EyAmi89jdvfYrFxkYcZeCqcpIVqgnSIvyuVADKwZel9nzCfRKyRALvJw0IrtIJWdclaOKE9EemGQNkioBU/PeVVdRgEX5XKgDl4MtSez7hPonlxi1VuA9IGxl4fr82T5Z1CZo4IeWma8YASYSl4r+vrKIGi/C7UgHIKJEq1+cR7pNwiSJKA4LURmhnXYImTkhCh5oxQKYISMV/X1lFDRbhd6UCUA6+LLXnE+6TWF9fVYX7gLSRgef3a/NkWZegiRPSS4ZmDJApAlLxP4831CL8rlQAysGXpfZ8wn0S842bqnAfkDYy8Px+bZ4s68Z9FHFCEjrUjAEyRUAq/hfh8QeSJf9+9uhjeGXlZpz3z2Ep/xPiiAAfmc9K9snbL8dND7cEBLmQIMLXJyMAGSx4NADXAnhl5SYeP/kN/Ozsz7OdewB4ya3/9t8/xlcm70y8E0jBPx46n0XUzzqWJ7ffmjtkrAZXXW4qzTVzfg1T0+1FJmjgJf/OvnUZY8O9iRBdKfjHQ+eziPpZx/Lk9ltzh4zVoBkDuBbA2HAvPnpvDl8+pucctwNe8u+TD2bQNzCQ+E6Sgn+7Pe9fg08LoG8gMozcOTFZ+Nqu5w/9X1pl/zh2Y0QAnXOiVOCL0WbZzx+XEUAe46H/Y8O9Zu6/REh0PE8xANJVAAB3ygJv50bDXLkqnNTSFyDP85eieYCuyl+GF9+CZVRwQVYLODTRq7ZrkEaUIqsCcFJLpI7n+WvE0EoF6BQso4ILslpAbXK/2q5BGlGKrArASS2RYp7nL0XzAF2VvwwvvgVfpQUNslpA7a6q2q5BGlGKrArASS29gPA8fymaB+iq/GV48S1YRgUXZLWA0dp+tV2DNKIUWRWAk1oixTzPX4rmAboqfxlefAuWUcEFWS3gS396l9quQRpR2tEB4OT/8ZPfSIS/awJ5JzYbaYX/UBV/F7SQfppLMwAUsL6r7OC5SjVxD3hEwJmP3y5MC4C/fM+cX0uEn344e9Wb6w/oOfmudjpmtVtj2oGlGyDBjRs8F5d75A5N9BamBcDJ/0fvzSVesueXNry5/oCek+9qp2NWuzWmHVi6ARLcuCFJB73cHzg0VpgWACf/Vy/PJsLfued/t+X65wU3bki9ADLKj9b2F6YF4Hr+xF5/jrPv7Uqir8EVpfDki0/h5In723r+ZK0CAOikmtq5Lsf//NWJ+JjFe316dis3buGffnUZn/x+Sf1f185Lg9U38xPM8mhz0Tz6JWhec/Lw+xQQfWIJWY0HWmSBtnbIvAMjldgIYJVB/MnTjzVlNECmEzZgebS5aB55xjVvMnn4JQEPJeghXnwNWmSBtnbIvP0jg7ERwCqD+IOvTzVlNECmEzZgebS5aB55xtUSe+z3wxFK0EO8+Bq0vwVt7ZB5+0d6YyOAVQbx9N0TTRkNkOmEDVgebS6aR1/CmtecPPySgIcS9BAvvgYtskBbO2TeSqUvNgJYZRC3SGMiGiDTCRuwPNpcNI8845rXnDz8koCHEvQQL74GLbJAWztk3rHRsdgIYJVBPH7keFNGA2Q6YQMX6lfwCg7GIf+JfP9Y4X/rJynsu8i3S6Ff9uPefN5upQdkXF+K/klIHQAAKfJfNsYHe4At0itD/i3FfyB/FECWuYqAb01+fQvX6/hwa5tevsuGK+TfUvwH8kcBZJmrCPjW5NfHDR0aISgDrpD/bvX8c2glAam9E9UA+PMnzvff8vrvdtLvTUnYSmsgvHQyqhBAooCdeP4QtP+14WqfWQ0gr7N7cN8eU3hQa7OMADI6gLYzGQAk+ddueBwRoHj/CSEWEI3oa+KAvvl84n5aOUGKZOAYH+xRRQi1aAdqk0aAdiHJv5UvLo9ZofuALdanEX1NHNA3n0/cTysnSJEMHIPDg6oIoRbtQG3SCNAuUmH/Sh48tWnef3l+gC3WpxF9S+zRNZ9P3M9Kq5CCg4NDvaoIoRbtQG3SCNAuJPnXvnCpTfP+EzjJ9pFyq69F2l2GhNByghTJwDFUraoihFq0A7VJI0C7kORfy4OnNs37T0iU4/OQcquvRdpdhoTQcoIUycBRGRpQRQi1aAdqk0aAdkGifxfqV4DBybj94NNfjEj2+8ogUVqvNZnyoqB58amNFPylEWB6GJjG1vqWQKC9vo/0c8j0BjIISC2AskBOjvHBnpj4SpD33xL005DHk1+099+aMyQdQObilgVycrhetIkUW4J+GvJ48ov2/ltzhqQDSC2AskBG9qFq1fTyd7v3n6CR/9CKPXlhPX92M/HPpEMg0xu2DALtPH9c5f5C+mjRAJSeVAR+89anqTauAWBFI1iQ/YO/fTXPP7/h8uYPjFSCRP8sy4jMhXCFSljGgBCri1VnkZ8737b+yCjigR8vk/wDbnLXPzIYJPpnedyl0J+r9J9lDAjx5ss+mt4A37Y81BTxwI+XSf6BZPi79IL3j/QGif75rofgKv1nGQNCvPmyj6Y3wLetkH+KeODHyyT/QDL8XX75Vip9QaJ/lsddCv25Sv9ZxoAQb77so+kN8G3rJYMiHvjxMsk/kAx/l17wsdGxINE/s1yfEPpzlf6zjAFBYf6ij6Y3wLetkH+KeODHiyT/BCK5z16aBbBF/kNw73p7qvxqHn8GGOsffPhW+nOg0vrwdnatMhqA7suZj98uNPxfgr7fv1pC7emdDO7910oE0n05NNFbaPi/BL3Aaqrb3Qzu/ddKBNJ9OXBorNDwfwn6fqkdOODp2X2QKQ48GoDuy2htf6Hh/xLy+bObyT/QEvoL/cQQ0QBFPH9cpN1H6Jca63GYPmALAEr4+G+ojkBWg0PuFADydNMNd+X7y20LRWsBhHj6sxgKLIFDl8WpSPKfOBfhGXbl+8ttC0VrAYR4+rMYCiyBQxfBLZL8c5Cnm4iuK99fblsoWgsgxNOfxVBgChwaxgCgWPLPQZ5u+sJ15fvLbQtFawGEePqzGAosgUOXx6EsAkSebiK6rnx/uW2haC2AEE9/FkOBJXBoGQOAYsn/1u+yCSDh6X5l5Sbwn6I0gIMPZ5jQZwigsH4JLZT//a1nwL2dWZ+u89T70RyvLUT9znz8NoBy/u6/+exrPb/8j99pAsmUP8p/H91f2/Eq/0VBI/8AYn2kMoj/D1/+Rc/f/odHm0AyzJVyYseG9u54lf+ioJF/ICL+AEoh/p/8dqZn6oF/2wSSKWeU/87z4LsdVvk/0ucpg/hbz5+TJ+4Hzv4IL33vx7veEBCK+DrF9bb7/CHyHhIRYB0fG+7F5MSwStrb4Z+TE8OYX7ruXV8DiYNqbUuNdTsCQKtrb+VYZMm9iMh08uPqF4IQAp9nfjJe8Pm5vgFvo3tglVLMCq2ufUgOtw8RmU5+XP1CEELg88xPxgs+P9c34G10D6xSilmh1bW3St9Z7WpfVsbQVc7QdUwihMDnmZ+MF4l7zfQNeBvdA6uUYlZode2tHLssuXdEpvnH1S8EIQQ+z/xkvODzc30D3kb3wCqlmBVaXXur9J3VriEi08mPq18IQgh8nvnjigBsfq5vwNvoHlilFAtAz/sfzwBAItf9lZWbOFepRmX+SDDPEuuTJf2ylPaT42kdV9pAyeu/ttCHV1Zuxqr/ZRm9AOBrf/Vqz/jd0br8fUfWoS4jNH+7QXoDGvn/yuSdsep2WV5/AHjm7870jB+KIkBkuC1HGaH52w3SG9DI/9hwb6z6X5bXHwBm3vnnnmp1FEDy+7bbc/45NPLfNzAQq/6X5fUH7OfPyRP348kXn9oVZf2KxrfP/ggnT9zf9vPH5z2ndCOrHy/7F0L+qS2U/05Nj+PPju63054850fgx2mMurpWy/77L7zeI4kv4Cb/Mmc+RIRP7vtKBso0AddcPli/kNXFzZT3nyCvP0/ZPwmtlv3f/ONMj1b/3UXiZM58iAif3PeVDJRpAq65fLCMAmuLKynvP0Fef56yfxJaLfuXL17ukcQXcJP/VB59oAFHy/W3SgZahhDfmtZ5aP3XFjdS3v94jLj+PGX/JLRa9jfq9R5JfAE3+Zc58yEifHLfVzJQpgm45vLBMgpsbq6nvP8Eef15yv5JaLXs3/7g7R5JfAE3+Zc58yEifHLfVzJQpgm45vLBMgrML8ynvP8Eef1Flf3TsK9Ww9HaQTXXnULmAWRX+c9SElCq/svtDq//s7M/x75arVTyT1i5cStl/CfIsn/djIXr9dgYMDXdj5Ubt0ol/4Tlxi0sNdbVF11Z9q+bMb98MzYGfPnYOJYbt0ol/4T19dWU8ZlwuxkCyBhw58Qk1tdXSyX/BNfzJxUif5ug3eePJiZKzxeNMMt+5E2fnBjGgw/dkYt/hvDfqenxlLHTZ5BwnTu1q09K8mBLMss92y6iS8Q/JPxfA5H6LKX7LCtLKORN14QACWUL3pAHW5JZ7tl2EV0i/iHh/xqI1Gcp3Wd5+UMhjQ6aECDBUv4vCuTBlmSWe7ZdRJeIf0j4vwYtrYO3a3AJQoZAGh00IcD4uKH8XxToZV6SWWq/Ua87iS4R/5Dwfw1E6rOU7rO8/KGQRgdNCJBQtuAQebAlmeWebRfRJeIfEv6vjqc8/Ayl+ywvfyik0UETAiRYyv9l40a93nMGbzdfuv8EgK0UgC1o5fJaVQECwMX9NMJdNjKu/9qv98XX3wnyD0QepjeeP9X8h7cuAkh7/wG7dF+3gZS3gXI9/xw/fPkXPc+dfqR54d2o+oJ8IQbs0n3dhrGhvfH1d4L8A5GH+/B9U82rv5sFcHuRfom+gYH4+jtB/gH380fz/nezQYC8/0Axzx/tWQKkSbalyP/gQ3ek2rPwTw6L/0a6Aktew0TIMULqSck9/looOx23QuEJGvl3leIjcI9/0doAeaBdBzcM8LKHRYB7/LVQdjpuhcITNPLvKsVH4B7/orUB8kC7Dm4YsMrq5QX3+Guh7HTcCoVvnXf6geIqxRfPwTz+ZRo5QqFdBzcM8LKHRYB7/LUXezpuhcITNPLvKsVH4B7/orUB8kC7Dm4Y4GUPiwD3+Guh7HTcCoUnaOTfVYovHsc8/kVrA+SBeh3MMMDLHpaNraoOeGXlZlwGkEjwuUo1Vsk/eKCy5SF3lPiTefZZxf3e79PD//n8sn9B61Pof6dB9bi/wsoAakaAbgIvN8hLAW7HdT93+pHmUHVPnPuv5bd2G3i5QV4KcDuu+/B9U82+voE45/92KPungZP/TsL5/Dl5rGvKAfrAyX8nIZ83RLBHqsX9L1r8d+b8HGYvLyXOgRN869ys44QEG9RC/52V+q8AACAASURBVK3jQJLw0zYnzFqeg0bsNYuHL29Czk3zZq0C4MLASEVdSxoFJPnPmwaghf5bxwE9VJwTZi3PXyP2msfflbevaQjQvFmrALjQPzKoriWNApIo500D0EL/reNAkvDTNifMWp6/Ruw1j78rb1/TENCqILRrQOgf6VXXSpU1FOQ/bxqAFvpvHQeShJ+2OWHW8vw1Yq95/F15+5qGAM2btQqAC5VKn7qWNApI8p83DUAL/beOA0nCT9sJAUAlz18j9prH35W3r2kI0LxZqwC4MDY6pq4ljQKS/JeRBiB/p0SAnxiMzilN/gW0kH2NpPs8/vcKo0II+S9wfR7pQOH/ncAbz59K3H968f5w9mqqLyfN3QKKauCpDhR+2wk8d/qRxP3XXoIJnDR3Cyiqgac6UPh/J3D4vuQ7lVTEv13AiT+F/3cC3ufPbUL+eaRDGc8f7XniItZ0rB3+GcJ/Zy+3DOTyHBqrm2isbuLiHz7DxT98Fu/Tx0JjdTO8CoAktZrHW5J/DgqrJ2T9xfnKALrKKVjj5flIvQHLCCHXkpURyoAktRq5k+Sfg8LqCVm/OHxlAF3lBK3x8nyk3oBlhJBrufLki4IktZrHW5J/DhmlkPVcfWUAXeUErfHyfOR9tIwQKR0KURmhDEgCpHm8JfnnoLB6QtYvbl8ZQFc5QWu8PB+pN2AZIeRasjJCGZCkVvN4S/KfOLYVVk/ISs59ZQBd5QSt8fJ8pN6AZYSQa8nKCGXhRr2Oe++ZUmvex2XxFoATb0Zf+gcfvpUMrSeQ9z5rqD8n7u/3Ad/pBV71/M/nXF9LadhuDO7bg7mL66mIv4XrdYzur2F0fw1nZla6zgBA5D+6rnxphUVgqLoHc5c+S9W8n1++GXnFh/biX5aaXWcAIPIfXVd4WlPRoEo0MuKMIgFup2oA2wHt+bNwvY6XfvrLuM9cl0QCbIegISfW9HyxPOe872JjAzPn51QBwFD+GXp+PPoJiEj8338w60yB+PaRySb1lUgYAL7/wus9PAWA2jXPfxlkVyPhQLiQgjUmNJ0g9BfCUwC0KIi5lWbinoVWBfibf5zp4SkA1K55/ssguxoJB8Jy+SUx90UdWOuHgKcAWIJ5/J6FVgV4+eLlHp4CQO2a578MsquRcCAsl1/+TfiiDqz1Q8BTALQoiJXljcQ9C60KcKNe7+EpANSuef7LILsaCQfCcvklMfdFHVjrh4CnAGhREMuNRuKeheZIv/3B2z08BYDaNc9/GWRXI+FAWC6/JOa+qANr/aDzZCkAWhTE5vJq4p6VURXgQv0KXsHBVAQAx5U39wBvfoZWoB97Abi2B8BmK2LAZQDgof60/Z3e1k+XEeD8UtIIYFUNEOsn9AvuXY+uxYD2zCgb44M9wFYoLtAyAnSbBgC/Fln6j0DeyU5pAQCtSgD0IkxGgG7TAODXIkv/ESg6olNaAEDru4YI/+2QDmBdH0VHdEoLAGg9f85S+dEt0s8RQqJ3qpFAnpfrWtp5/hApluTYF07fWN1EdSD6juLCpGQEyMs/Q/kvna+P/Pv6pGb2lbEjkit/AhExJnIccsGhKQJZEarE6CtHaFUeyIosKQG+MnZE7ORPICLGRI5DyHRoikBWhFYC8JUjtCoPZEWWlABfGTsiufInEBFjIschZDo0RSArQisB+MoRWpUHsiJLSoCvjB29eMifQESMiRyHkOnQFIGsCK0E4CtHaFUeyIosKQG+MnZEcuVPICLGRI5DyHRoikBWhFYC8JUjtCoPZEURKQH0P8GrAPBygHEEgIGDT38xqhTw8K3o007VAKBF6KV3X4b1Tw8nf2oIWJ/OGYiMHWT4uFGv40Y9egkuogKGBXq55LpHWcof73bIqAYyfPB3JxmmXCSI3PKX7Sz1sHc7ZFQDkRL+7iTTJIoEkVuuu5Ol/G63IS4JyL67ZZpEkfA+f04ec46nKgHys1vAz/el7/0YZ8+9C6D958/ffzDbIz+ucHr6EKnm3vjZy0uYOT+Xi38SLP4bCQC2jA90rlmvV6ItUyk3ApAYHiEyBFRSFo3Vxc04t56jiBAJF1wRArItWQEgme+/uriZiH6Q121FRvzk6ceaoZEAoeBGACkwFxkCBlMe/bXFlTi3niOUgOeFK0JAtiUrACSJ6dpiOs9dEmgNP/j6VDM0EiAU3AhAYnit84weCtKjv7a4EefWJ+YKJOC5z9URISDbXBUA1haTwofyuq3IiNN3TzRDIwFCwY0AJIZHIEOA9Ohvbq7HufUcoQQ8L1wRArLNVQFgc3M9Ef0gr9uKjNgSkCv0/nMjAInhESJDwFjKoz+/MB/n1nOEEvC8cEUIyLZkBYBkvv/8wnwi+kFetxUZcfzI8Wa7kQA8352nAEjv/8GHxXN7erjlpfeJ8WmwjkuvvtWnwPXja/s18PjJbwCItAC2KoOU8ndO4O8P2vd8FP7fnZUAyPtPkQ4AMHM+MgpMTffH71dvPH+qWVYkAH9/0NS4o/D/7qwEQN5/inQAgI/emwMQaQHQ+9Vzpx9plhUJwL+/tO+Zbg7/55oHtH318iyASAuAvt8P3zfVLCsSwHz+CO//biL2WcGvraznTxZiffiuYXzy+5Y43+zlJTwIvSKAi3/6+O+DD90RiwAWQfwJQXUKOHElCxT/AxwYqeDQRDpPYnVxsy2PvhYOYaFI8T+gpWdAUQ300b74tXtSJDhx1cTe+kcGUZvcnxq3trjSlkdfSwewUKT4H9DSM6CoBvpYXukyVfM5cSXlf050+0d6UbsrbQ1fW9xo67yyaBsUKf4HtPQMKKqBPhrB1+5JkeAv9OSB4C8glUofRmvpv//NzfW2PPpaOoCFIsX/gJaeAUU10Ed78dLuSZHgxJWU/znRHRsdw5f+9K7UuPmF+bY8+lo6gIUixf+Alp4BRTXQRyP42j0pAzfq9Z4zH7+NC/Ursff/lZWbOFeptjz7T38x6kyCeu/3+fP0LdE+rd1H1snTX8L6V65t4sqbe+J0ALoHj5/8Bh4/+Y04EqAsfPPZ13oOTfRifLAnNvp/ZfJOMzS+W0De/4XryftL92Dm/Bpmzq/lLnsVih++/IueA4fGMFzti73/Y8O9Zmh8t4C8//PLyeca3YOP3pvDR+/NZSq7nAef/HamZ7S2H0PVamx03i5F/O2ANHDQPbh6eRZXL89mKvubB9rz5+SJ+/Hki0/tSq9+VsxNfyn+AJ1//lg4fNdwnJsPFOe4lvx3cmK48OofwXeMUgNcXmyrZB7Pmdf6hEBTWeTHrP6uPtY6BE3tn/75+D+hBnmf2vX+U2qAy4ttlczjOfNanxBoKv/8mNXf1cdah6Cp/fvC1gnyPrXr/afUAJcX2yqZx73pWp8QuIwcLqOIq4+1DkFT+x8c6k18LMj71K73n1IDXN49q2Qe96ZrfUKgqfzzY1Z/Vx9rHYKm9k8vX/wlTIO8T+16RSk1wOXFtkrm8Zx5rU8INJV/fszq7+pjrUPQ1P4rQwOJjwV5n4rUAeBpACmcXwoX9LM895piP4dr/pLW56KA5yrVuAoCT4PohBEAgNPYnxTM6z6QsYNUyPk7UKdewnkagERSMK/7QMYOIgI8DaITRgAApRqbdzrI2EE/+XdwJ4wAgPv5063gGgBPvvhUXAZwO54/HDwdiYwAM+fnCq9It3Ljlioy2C5yv5T85OnHmvzmc485kAyNd5H+okL/5Tyhc8j8Cw3cgKGB/zNSOkTR4f4SP/j6VJMTYO4xB5Kh8S7SX1Tov5wndA6pP6CBGzA0yND2laWVtgm/D6fvnmhyAsw95kAyNN5F+osK/ZfzhM4Rkj5hpQPE45aTooAryxttE34f9tVqTf7lyz3mQDI03kX6iwr9l/OEziH1BzRY6QAE/jJG6RBlC6IdP3K8yQkw95gDydB4F+kvKvRfzhM6h9Qf0MANGBq455/SIcoQ/iPsq9Waj95zHE8M7k2UA0yUAuSQpfvuXW956jXCrpXns45J+MoCFrD+a7/eh2cvzQJopUI8MbgXj595PU6TKPPv/43nTzUvXd5I1OH+cPYqFq7Xuy70XxoyyADw1aPRfad3nw9nr+IvvnVP/A5VpiDgc6cfaV67NJ+qiT2/fLPrQv+lIYMMAIfviv5/uFr5yYcm4neoMgUBD9831VyoX0+Ew6+vrnZ1CgCBrrd24ACA1nfv+uoqDh+Zir/DyxQE1J4/Z8+9i5e+92MA3Z0CAADfPvsjfOvf/RsA2/P8IXz3gSNNKRZI+5MTw0GEPSv/nTk/h9nLS/jbN98r5PqCJrFE7FwecDIAEPn3Xagr3N+y6rhKLFjza8d8IAMAN2Rwo4BmAADa9/oTLBE7lwecDABE/n1E3xXub1mVXeX6rPm1Yz6QAYAbMrhRQDMAAO17/QmWiJ3LA04GACL/PqLvCve3fs+ucn3W/NoxH8gAwA0Z3CigGQCA9r3+BEvcy+UBJwMAkX8f0XeF+1tWfVe5Pmt+7ZgPZADghgxuFNAMAEBxJMgSsXN5wMkAQOTfR/Rd4f6WiJ+rXJ81v3bMBzIAcEMGNwpoBgCgHPV/wr5arfnS/ScSbSktAEoHkEJ9QIuAW+H5mlo/b9fA+36HPRsLXv+1X++LDR8AYkHAx8+8Hrftq9VKNwL8w1sXE223kwGAiAfQEgT8i2/dE7et3LhVuhHgwrtXE223kwFAUyk/+dBE3LbcuFW6EeDq72YTbbeTAYCnPdB1Hz4y1WpbXy3dCMCfPwvX67EBgNCthoBvn/1RHAEAbM/zh0BGAFkpYGy4F49988vxvo9/ZuG/v3nr08KMAN54Ca0EoAZOjmV4iksFkWCF97tCOkLDPVyCf7LNqgggoxj4fogIYF5oJQA1cHIsyZ1LhZ9ghfe7QspCw81cgn+yzaoIIKMY+H6IFzsvtBKAGjg5lrnwLhX+eIwR3u8y8oSUB7T6WW1WaoWMYuD7ISKAeaGVANTAybEMT3Sp8BOs8H5XSF9ouJ9L8E+2WRUBZBQD3w8RAcwLrQSgBk6OZS68S4WfYIX3u0oAhpQHtPpZbVZFABnFwPdDRACLxo16vefJd8+Zx2Pyb+H8kk7MCZS/z+Hz/vuOF7T+qT+/EZN++vnKyk3ce89ULAzYCT2A/+Whu0tdY6eBCwHSSzf9/MrknZi7uB4Lc3VCD+Do/Xf6O3YRuBBgXP5w6+fYcC/mLn0WCwN2Qg/gzj+dLHWNnQYt2iGuBjAwgEZjIRYG7IQegOv5063kHwD+/uRfx1UAtuv5o2FsuDcRkTRzfs48F80gEMp/H3zoDkxODOOZh4+1TTYTs//k6ceanPBb5F8aAYgM58nv5xcoybfvl0g3LG+5Pr6epcroC/+3kMf7/4OvTzU54bfIvyRoRIbz5PfzLwpJvn1fImQwyFuuj69nVSXwhf9byOP9P333RJMTfkn+D23lIUkjAJHhPPn9/HcpybeP4JPBIG+5Pr6eVZXAF/5vIY/3f1+t1uSE3yL/0ghAZDhPfj//opbk2/clTgaDvOX6+HpWVQJf+L+FPN7P40eONznht8i/NALEXv4c+f2cbEvy7SP4cWWBnOX6+HpWVQJf+L+FMr3/hBv1ehwKD0S58Ynyfi5wgk35+K68fN9cecY41r9ybTP92RIAJBFAIv9AWgsAKLcsIBC9I1AoPBAR5G7K/deuhQsB0ss3kM7FBcotCwhE7wgUCg9EBLmbcv+1a+FCgNzrKLUAgHLLAgLRdxSFwgO4LcQAeZQD35ZaAEC5ZQGB5PNndH8tIQa428EF/7TPSz/9Jc6eezd+Hm3H80difmkj1gIAorKALmh8Nwv/lVEHeRCvoIX5WySWvNyWIr4UyAsl4xLWOM1awkUCi1ZhBNKGACsFAMhP/mWbRWJ9xE8SyVAyLmGN06IFuEhgUeUD+TlJQ4CVAgDkJ/+yzSKx5OW2FPGlQF4oGU/NZYzTogW4SGBRURDJspLJa7VSAID85F+2WSSWvNyWIr4UyAsl4xLWOC1agIsEFlU+kJ+TNARYKQBAfvIv2ywSS15uSxFfCuSFknEJMydfiRbgIoFFlQ9MRCgIQ4CVAgB0hvxzPHtpNhESDyAKrfd52QF3vr12XIL6y3EZ1ufE/sqbexKCfxLnKlWcq+hRQEdrB1vpAB0SBASifHgeEn87gRsE5laasVGgk4JcpMJ9O4IbBJYa6zEp6JQgIBDlw98O5F8DNwIsNxrxfqcEAYHd//zRCL6Jk8eiD4CXfvpLvPTTX8bPoO16/gDJlBwuCBiKrPy3KKQSpnzq9dJQMLfSxDg2MTBSwerippkisHLjVlAevkbsLYTeNG3tkPkltGgAK/8/L3zq9dJQQGSvf2QQa4srptd4uXErKA9fI/YWQo0G2toh80to0QBW/n9eONXrL15OGQqI/PaP9GJtccNMEeCijNq5W22u6wk1Gmhrh8wvoUUDWPn/eeFSr9+q9Z24/xHhj7z/m5vrZorA+vpqUB6+RuwthBoNtLVD5pfQogGs/P+88KnXS0PB5vIq5hF5/+cX5s0UgfnGzaA8fI3YWwg1Gmhrh8yf6qtEA1j5/2Vjq949jtYOJrzfCZDgHmF6OCm6F+Lt58Sez0c5/FhqtUsjQOD6Bx++lRzDII0BUucAiIwCsirChfoV0gFwX19OkHeJix0THqitdZUWwDv1fjxQW0uVAeSQ7z3jgz2FvqhKkHd7qbGe8H4Dkee8m7QArv/xC9j/J/+aKgPIIasiDFf7CnPEaCDvNhfb7Xa4NA7k9+5QtVqYI0CD6/mz2+CKWEgZA86+p/fr8PNHw9hwb/w8omfSzPk5TE2PB/PPEP5LQoBFwPzLIaJvebO1iAHtDzFv2T+XKAI/riHvL16bc+5i8sHK/+Ek+ae2IsT/iOhb3mwtYkDP3c5X9s8lCsiPa8j7xaPNOXfps8Q+J7OWiF4R4n9E9C1vthYxoJH/vGX/XKKA/LiGvEYQbc767EJyblbdQJJ/aitC/I+IvuXN1iIGtBeRvGX/XKKA/LiGvF/82pyNRvL+8xcuSf6prQjxMyL6ljdbixjQyH/esn8uUUB+XEPeCABtzg9mryX2eXUDSf6prewIACL/FOpOeGJwL06NKqReqvBr7RyukH5pAOAefmtcSetfeeEzNRqAVwg48/HbhYsBvvH8qebgvj1xqCmBvE/dIgZIKQBkACBwLQC+T+AVAg5N9BYuxvXc6UeaQ9U9cag7Ic6L7xIxQEoBIAMAgWsB8H0CrxBw4NBY4WKAh++bavb1DcSh7gSZF9+t4FoAfJ/AKwSM1vYXLgZoPX/OnnsXf3/yr4tcakdjbvpLcTTAk3/5NbVCSRnPH47vPnCkCSD2+I8N9yYMkkuN9YQYYCgs/kvkn551//mdD9q6NpXFuXQArDatJCCge8252J5PICFUwM93XFtLtoXWbtTqcPI2655Z1RQkXDoAVptWEhDQveZcbM8n0Bcq4Oc7rq0l22T6gGVIcIXAA/Y9s6opSLh0AKw2rSQgoHvNudieT6AvVMDPd1xbS7bJ+2qmICxvpDz9vM26Z1Y1BQmXDoDVppUEBHSvORfb8wn0hQr4+Y5ra8k2mT5gGRK0Osy8zbpnoTnRLh0Aq00rCQjoXnMutucT6AsV8PMd19aSbTJ9wDIkbC6vpjz9vM26Z1Y1hSwg8g8kc+AJavg85duH5uq7tABoHh7e75u7wPXjNIEXIsOwFhFQJujlG0jmwHcruCGDb7uiAcoEkX+gmBzYnQ5uyODbrmiAMkHkH+h+ou/Cdl277/njDJ/vAqTSBIyIgE5BEnAi/zIiJ4R/8nZtG0CC/BeB1Oo+khpK/i3Pfx7C7xvvgza/a00yBPDyf3Q9ecJtfAYVDh9JDSX/luc/D+H3jfdBm9+1JhkCePk/up5Q5XsOn0GFw0dSQ8m/5fnPQ/h9433Q5netSYYAXv4vLmfoKH1owWdQ4fCR1FDyb3n+8xB+33gftPlda5IhgJf/o+vJE27pM6hw+EhqKPm3PP95CL9vvA/a/K41Yy0BVv6PrsdV+tCCz6CSB9L73xamh1lIfyAsUp9HRFBZn7QA5Ado6QBoegCkhUCpEXcM7y9FDFDzvnF0kxigBCf/MhqAcpEpUnJ1cbMUMS7p/f/gynJiv5vEACU4+U9FA2zlIlMo8triSiligNL73ym9jZ0ATv6taACK1NvcXC9FDFA+f7oNlvgfgJYOgNADWLhe79jzxwUi/6TJQdUAAD//DOW3RWmepFbzaQBIWJ5/V5sLWTQAfHNoYRRZ5uPEn/YlSPBQCh8CehqF7376NAAkLM+/q82FLBoAvjm0NIIs83HiT/sSLm+6lkbhu59ODQAFluff1eZCFg0A3xxaGkGW+Tjxp30JEjyUwoeAnkbhu58uDQANluff1eZCFg0A3xxaGkGW+Tjxp30JEjyUwoeAnkbhu58+DYDUORqef1ebC1k0AHxzaGkEWebjxJ/2JUjwUAofAnoaRbvpAfL3x8vhndhsRPn0oST8/b4k8ebbROy/0xt9QioE0PEC1qdqBlo5wxObDfUDRLn/XA9AagO0CxlOSl640f21bfOKlwXL+y/Br1vqIBVdFlmGs8dl8Ib2bptXvCxY3n8Jft3D1b6E91F6ItuFDGfnxPd2jQiQ1QB4dF7RZXmt58/Zc+/ipe/9uCsqAACIqxmo13P2Pf2D8p8/FjSvvNbm458+/js5MRzP3W74P6CIABKKyGMfGKmYIfaynaMd8QY5/+C+PWbVgHw6AxWMY9MrvkHk/ydPP9b8/guv92S9n0XksfePDJoh9rKdox3xGDn/UHWPWTUgn85Ai9S6vOFE/n/w9anm3/zjTE/W+1lEHnv/SK8ZYi/bOdoRMpTzkzCitkZbOgPLtuAh0CL/p++eaL588XJP1vtZRN5updJnhtjLdo52xHvk/H19A2bVgLw6A0NVv/gSkf+tkPGerPeziDz2sdExM8RetnO0o+Iv5x+r7jWrBuTTGRjDPJJaABqI/B8/crz59gdv9xSsC9Bz5uO3m0/cfwJAywgQlf9TxPiywpeDbx23xADbXP/g0180tQZ4VADQIvzSEFAkvvZXr/a88fyp5oez0f7tkAoAuMsCUiQAvXAXIYhs4Zm/O9Pz3OlHmvPvRvf9dkgFANxlASkSgAi/NAQUiZl3/rnn8H1Tzau/mwXweSoAkPT8A8UI8lqwnj/dQv4lgkQCTx4DXuzM88cF+p+LDZNbnvos/NPFfx986A4A/hKDoXAq/AN+EUBXBECW0gZZ+/v6+si9NadmoJCYu7huGgDaKQmYpRQg9XVFAGQp7Ze1v6+vj9xbc2oGCom5S5+ZBoB2SgJmKQVIfV0RAFlK+2Xt7+vrI/fWnJqBQqI+u2AaANopCZilFCD1dUUAZCntl7W/r6+P3FtzagYKiUZjwTQAtFMSMEspQOrrigDIUtova39fXx+5t+bUDBQSH8xeMw0AnSwJuK9Wa760ZQTgufCRIYDBEuEjfGfr//hV9r/r8uJnJfgdWv+1hb44BeCJwb14ZeVmKSKAhDeeP9X8h7cuxvsL1+upSIBuEAMkWGkNXASQQnA/nL2Kr0zeWaoI13OnH2leeLdlfJlfvpmKBOgGMUCCldbARQCJcJAgWRkigARuBAAiMnw7RgJwEUCeEtA3MFCKCCCBnj8L1+t46Xs/jtu71RDgw7fP/ggnT9wPoDPPHw4uBggkDQChIoCh/Hfm/BwWGxtYaqzjb998r61ri5+OVm46ebCtfhYRXl3cxOC+8BcFi3BzUs77ZQmlcEUbyD5yPde88tql9YnuG79nlkHAyk0nD7bVzyLCa4srGKqmwyctWISbk3Lez0fstTGucTJiIGReee2cvPJqAPyeWQYBKzedPNhWP4sIry1uZMrXt/rK0oahxF4b4xonIwZC5pXXTuSfygHSfeP3zDIIWHm65MG2+llEeHNzPVO+vtWXk3Lez0fstTGucTJiIGReee3S+0D3jd8ziwxZuenkwbb6WUR4fmEeY9UD5nVIWISbk3Lez0fstTGucTJiIGReee1E/qkcIN03fs/aNQiwtI5EeyIXfkEYBO7d2pgeBqa3tjnZflV4ULPm8X+nNz2HNleJ67/2n3oS5L8sUD6p9Z7QbWkAWcDJf1mgfHbrPaHb0gCyQJKPMkD57Nb31O1G/jmkHkAZMJ8/W7nwADB38lhCHO92MAhI8r9dIMMbYXJiOBP/1Nr5GF4FoAgdgHhVl6eah7MDSOW7E/GViv8y9z6UWEuECPeFKCpq+9Z5aGEZXBiQQOr/nPxzSIOJZWhxeap5ODugq7cDacV/mXsfSqwlQoT7QioKaPvWeWgpA1wYkEDh7ZbnWhpMLEOLy1PNw9kBpPLdifhKxX+Zex9KrCVChPtCKgpo+9Z5WFUWUte4pf7PyT+HNJhYhhaXl46HswOtvHcCEV+p+C9z70OJtUSIcF9IRQFt3zoPLWWACwMSSP2fk38OaTCxDC0uYsrD2QGk8t2J+ErFf5l7H0qsJUKE+0IqCmj71nloKQNcGJBA6v+c/HNIg0leEUCq4nCjXseNeh37ajU8es/x+LiWD3/w4VuRJkC74B53zfseQv5LWD8WB3yhVSqWyH/R3v83nj/VJAVueim7dDm6bkn6u8nrT+Def359sgQgvXwX7X177vQjTaoAQOT/2qXof1GS/m7y+hO4959fnywByD2PRXr/D9831aQKAET+F+rXAXxO+jl4SkCR3n/r+bNwvY6XfvpLPR/eyqHvEqTEAVHe88cHLR9/bLg3DtknWPzTx39nzs/hn351Gf/jwvWY/Bdh6Es8KTWPNW93gasuEqLtcBFAK/xeuzlW35Awfs16z/dXFzcxMFJxlgG0wI+FRlUQNI81b3eBvOGcIEfb4V5oK/xeMw5YfUPC+DXrPd9fW1xB/8igswygBX4sNKqCoHmsebsL5A3nBFkrAeicwzBiaNdr9Q0J49e8EOmsGgAAIABJREFU/Hx/bXED/SO9zjKA5jWwY6FRFQTNY83bXeCquwStBKALVvi96ukw+oaE8WveE76/ubmOSqXPWQbQAj8WGlVB0DzWvN0F8oZzghxth4sAWuH3mnHA6hsSxq95+RPGioV5jI2OOcsAWuDHQqMqfJBe/3vvmUr1OVeppkriXXlTPH/f/AwSqXQBoJXLT9v8ZycQsL5W7pCT/wv1K4WdDve6AVEKoA/v1Pu7shJAKPnPUy3JAvf6A1EKoA/X//iFrqwEEEr+eS3ydsG9/kCUgvY53OQ/T7UeC0HPH+H1B8JKAu5WA4F2bWU9f7KC/g9JsE/Cih6zeOtv3voUi40NfPL7KO+/qAoAgCECaBH+77/wes9Pnn6syUku3Wjygue58ZZQoIR106wQC3nMtT4fNzBSiY0ABOn559etwTKmhMAi/H/zjzM9P/j6VNMKCfcJ41mwhAIlLEOAFeIvj7nW5+P6RwZjIwBBev59ofCWMSUEFuF/+eLlntN3TzQ5ySWPN3nB85TJs4QCJSxDgBXiH/r3IA0C/SO9sRGAII0Z/Lo1WMaUEFiE/0a93rOvVmtykktftOQFz/PFawkFSliGACvEXx5zrc/HVSp9sRGAII0Z/Lo1WMaUEFjk9O0P3u45fuR4k5Nc8niTFzxPmTxLKFDCMgRYIf7ymGv9RMrA6FhsBIjnEp5/ft0aLGNKXhD5f/zkN2JyS8r/oUhEA/gIfd48fzluergl4MeF/NDe+mS4uHJtM1UK8EL9Cj5dul5o7j+9R8ycX4u/+32hpt0UCcCvxWfYGB/swcBIpVDvG71HfPTeXExufR6wbooE4NfiM2wMV/vQPzJYaO4/fY9dvTwbf/fczp5/F4aqVVQqfYXm/mvPH1L+l8Tfwm4l+xroWuamv4QnX3wqYYws4/kTgv/8zgc9XAtgano8aFwI/yXyTyiqCkDmou7cOMDJvlYGD4ASEZCEFcpvhfRroJtmGQhc3n4tvYCfL30I0shh3QNeAjBraUUXuHFAhoRbWgDaNsEK5bdC+jWQ0cAyELi8/Vp6AT9f+hAkqbXuAS8BmLW0ogvcOMDJvlYGL7oGd0SAFcpv/T41yDQI7Zhsk+vrfzsb8SceK4wc1j3gJQCzllZ0gb/Uc7KvlcED4I0IsEL5rZB+DWQ0sAwELm+/ll7Az5c+BGnksO4BLwGYtbSiC9w4wMm+VgYPgBIRkIQVym+F9GuIw/MNA4HL26+lF/DzpQ9BGjmse8BLAGYtrWjh8ZPfAJAsbXeuUk0RYF5CL/5kIf8WqBQg/7hAZf2mhSekpPVfWbmJZy/N5ps7AFR726cu3Y2efwnp/Qciz9tXj5ZTeQGIyD/gL23XjZ5/Cen9ByLScfgu3etYBK5engVQfGm73Qjp/ae22oFw3ZusUJ8/J48l8v+BZAk9Zzm9LkPZz58sICNlKP/k+5L/LjaSFQWKIv+AowyghTwebSLQskpACLKKALqiAbKsRVEAEiERDloJiiLKKgL5PNpEoGWVgBBkFQF0RQNkWYuiACTyeLSBYsoqAvk82kSgZZWAEGQVAXRFA2RZi6IAUn0CIhxIBJCjiLKKQD6PNhFoWSUgBFlFAF3RAFnWoigAiZAIB60EUVHe0DwebSLQskpACLKKALqiAbKsRVEAEiERDiQCyFF0NQBuBIhz/mU4/6sbkUCfUUIPgF+hn/fj3nze/n6frQ1Q4vpX3tyDc5VqLP4HtO7Lp0vX7bkKgPx+v13E/7hxg6oekPgf0Lovh0bKPQ9pBLhdxP+4cYOqHvCQYLoved71skB+v9yO0QCk9M+NAXRfRmvlpkwlnj8s5/92Ann/SfwP6NzzJyvylrYf3LentHKeQEYDgI/8W6TZBStMX7thlgigyxgQUi3AZVSQX/TSAMCPy75Wrn9e+Mi/RZpdsML0NcJuiQC6jAEh1QJcRgVJXF358bKvleufFz7yb5FmF0LLGQK2CKDLGBBSLcBlVJBEXhoA+HHZ18r1zwsf+bdIswtWmL5G2C0RQJcxIKRagMuoIF+0pAGAH5d9rVz/vPCRf4s0u2CF6WuE3RIBdBkDQqoFuIwKkshLAwA/LvtmzfV3YV+thp+d/TkeP/mNhMo9F/zD+8rAVzeghttr3nstjJ/auDefE3pS9j+/5BAILG79lK5Bh7By4xampvsxc34tFfovS/8BEVHuphQAiU4bPJYbt/DlY+P46L25VOi/LP0HRES5m1IAJDpt8FhfX8WdE5O4enk2RfZvx9J/nb5e8/lzm5H/EF2D7QR55p8ZPtYM4Z8+0HgS/SvK808I/jYNIf/0UxLhgZGK0/vPQ/jzaABY+6E3X1uTDBkyxN93LZzwd5r8009J5PpHBp0WYR7Cn0cDwNoP8frz9TnIkCFJr+9aOOHvNPmnn5II94/0Or3/PIQ/jwaAtR/i9efrc5AhQ4b4+66FE/5Ok3/6KYlwpdLn9P7zEP48GgDWfojXn6/PQYYMGeLvuxZO+DtN/umnJMJjo2NO7z8P4c+jAWDth3j9+fqJti1Dhgzx910LJ/xFkX/5e+Qeb0oBeO3X+2JVfBUhIfsuqHn8GdDG+lfe3IMrL3yWUPuXeGJwb2wYKVL9H0Aql5R7vG8nuFIbPpy9GhOTotW3ZS57kSJYuwmu1Ib5pY3YMFKk+j+AVC67Fv5+u2N9dTU2ChSp/g/Yz5/R/TU8+eJTwMljmPve/5pSxO8WaGr/EmU+f7LimYePNScnhoP4p4vr0jFLTLAIBN8kywDACTIR40uXN+J2agtR9ieEePfb6Z8Fq4ubiRJ/dD28XaJI4k+wDACcIBMxrs9ej9upLUTZnxDi3W+nfxasLSZL/NH18HaJIok/wTIAcIJMxLj++0bcTm0hyv7xnAHe/Xb6Z8HaYrLEH10Pb5cokvgTLAMAJ8hEjBfq1+N2agtR9ieEePfb6Z8Fm5vriRJ/dD28XaJI8kOwDACcIBMx/sPvfh+3x4aBAGX/eJ4A7347/bNgfmE+UeKProe3SxQd7k+gMoCkBQC4hQATKQHcux5CxMkLb/XVQvl9IfwFr//aQnI9Moz87OzPgQzvNqGgMlyUiwskhQC7uRwgJ/9a/j/QIiZT0/342l+9Wvj9pzKApAUAJIUAu7kcICf/Wv4/0DKMfPnYOJ75uzOF338qA0haAEDSE367RAFYBhBqv3NiEjPv/HNHnj+xEKCCbo8K+PbZHyWeRWU/f0Lx3QeONP/P//1ooi0L/9Uwc34Os5eXCo8CMCMAfvL0Y82s+f5SMM8FLexfE/5zCQFm7Z8Flgih7/qKzPXPmu8vBfNc0ML+NeE/lxBg1v5ZYIkQ+q6vyFz/rPn+UjDPBS3sXxP+c2keZO2fBbaopPv6isz1z5rvLwXzXNDC/jXhP5cQYNb+WWCJEPqur8hc/6z5/lIwzwUt7F8T/nMJAWbtnwWWCKHv+soi/0BcBQNnPn47dSwW/jtQwcGHb6X1AHiePm1bufsa5Hgg6dXXwvZLXN8i/1v3ppTfwTeffa1n5cYtHJpIeqCtcPhuEwMc3V/zkv9DE72lvXz/8OVf9Cw3buHAoWQEjhUO321igGNDe73k/8ChsVLIPxBFAqyvr2K0tj/RfjsRfx/5H63tL4X8A/bzB9CF/7oZFvkv8/kTgmcePtb8s6PJ/w8X13WVqufHHnzoDkxODGNsuBfPPHyskMpCgPFFKYm/r6QdjwKQJQJ5uHyIFSREDyCE5OeNBFhd3MT43a2Xi7mL64kIAI6yIgAk8feVtLM8wNxjDoRFAYToAYSQ/LyRAGuLKxg/9MV4f+7SZ2Zd+7IiACTx95W041EAskQgD5cPOf8QPYAQkp83EmBtcQO1ydF4vz67kIgASKxRUgSAJP6+knY8CkCWCOTh8iFRACF6ACEkP28kwObmOqrV1v1vNBYSEQAcZUUASOLvK2nHowBkiUAeLh8SBRCiBxBC8vNGAswvzOPIZEvJ+YPZa4kIAI5ORwBw0P/Co/ccxxODe3FqtE2hIEnaOcnXSLrVvwPrv7bQh1dWbsblEEn4r+jQfxeoNvelyxv4cPaqaQTohigAzfvPa23HwlsdDL197vQjTQC4dmk+Cn83jADdEAWgef/HhntjpXESCSs69N+Fw/dF76IL9euJ8PduBxH9voGBVCneokP/XeDPn7Pn3sXfn/zrTiy7I/Dtsz/CyRP3b+vzRwOF/vPyf1kq2Vlj6Bi1/+atTzF7OUrF+9s332vretWz00rXudrnVprxR8LymIfkPrj6FQmyttC50pqc/ANuwb8ioZWuc7W7csctj7krzz9PHn87IG8/nSutyck/kC+/PQ+00nWu9pXljfgjYXnMXXn+nbpOAnn76VxpTU7+AbfgX5HQSte52pcbjfgjYXnMXXn+efL42wF5++lcaU1O/gG34F+R0ErXudo3l1fjj4TlMXfl+efJ428H5O2nc6U1OfkH3IJ/nQb9L2jRALnAS/Vxwt0usS9xfU78O0n+gcgb981nX+vRvHFAdxB/wjv1/vh6uKGDv3h3+uX7hy//oueHL/+iR0YDELqB+BOu//EL8fVwQwcn/p0k/0AUDfDJb2d6ZDRAt4MbOjjx7yT5B/zPn9sB2/n84Xjm4WNNIv8PPnRH3J43Gt1X0n5qehyPffPLmJwYbjsaIPWUdNWvJ/B2V5rA3EoT44M9WF3cxMBIRb0oOibhIv5W5QDX2CyKjFEqg36sTOIPuOvXE3i7K02AFN7XFlfQPzKoknk6JuEi/lblANfYkIoA/JzWjPtfNiF21a8n8HZXmsDK8gYGh6LKAP0jvYaBZkMV1XNdp1U5wDU2pCIAPyfTcFEi8Qfc9esJvN2VJrDcaGCoWsXm5joqlT6VzNMxCRfxtyoHuMaGVATg52QZLsquweyqX0/g7a40gc3lVVSGBjC/MB9VCNBE/LaOpdodxN+qHOAaG1IRgJ/T/IJ+bLuJv4Yo/L0vGQXg89BLz3pWcT+ey58nQqDd9RHl+u+r1TpK/DV8ZfJOfLi1TQS526oAaOkMU9P9WLlxa1u9bkBSFJAIcrdVAdDSGb58bBzLjVsdJf4aeFj87RIJAES5/uvrqx0l/hpOnrgfOPuj2yoKANj+5893HzjSHBvuhST+7YBXpPPx1anp8TgSIC8SN84K/beOS8iQDNlO4ISfRwhohgCfwJ+rhJ8cT/1oTes8CD6yPz7Yg7mVZqF5/3xfGgB8mgBWOTdJFjnh5xECmiHAJ/DnKuEnx1M/WtM6D4KPsBKpLTLvn+9LA4BPE4BC5H2l8zjh50RbMwT4BP5cJfzkeOpHa1rnEff1kP3BoajiQZF5/3xfvtj7NAFkSJ5sJ3DCz4m2ZgjwCfy5SvjJ8dSP1rTOg+Aj+0PVKpYbjULz/vm+NAD4NAEoRN5XOo8Tfh4hoBkCfAJ/rhJ+cjz1ozWt8yD4yH5laACby6sdCfl3YV+t1qRUAAA49ec39I6asJ4v1F8ipJ9PODDD+lpVg3OVKh4/8/qOIP9AFI5LqQCEhev1rjEASPI/ur+Gv/jWPTuC/ANROgClAhDml292jQFAkv+xob04+dDEjiD/QJQOQKkAhG42BPQNDODwkakdQf6B1vPn7Ll3AaCrDAGa8v+TLz6Ff//kyR1D/nnIv0SWdHVfirw2F6UD5E0FCH5ChpJ/vk0EmiIBCFZagGznufhAdAPmLiZfLshTb+XpA5WUkWBgpOIULHQZMLR1fvL0Y80ylP85Qsk/3yZSKD3GVlqAbOe5+EBE5ucuJUsxkafeytMHBlNGgv6RQadgocuAoa3zg69PNctQ/ucIJf98mwg0RQIQLO+6bOe5+EB0zfXZpGsyDts38vRpHNC6d/0jvZm8/JrGAW87ffdEswzlf45Q8s+3iUBTJADB8q7Ldp6LD0RkvtFI3n8aY+Xp0zigZSSoVPoyefk1jQPetqUOX+r9DyX/fJsINEUCEMy0ANHOc/GBiMx/MHtNjEFiLWlsAMZSRoKx0TGnYKHLgKGtc/zI8eZ2GgFu1Os9Z/B28wwiTQD8eh+ALUPA9HDau07e+6yh/kTcaex3eoFXPRFBba5PYoaaIeBGvbO16C1889nXet54/lTz0MTdsSbA6P4aUC8/fatsuIQMixJcbhc/fPkXPc+dfqR5AC1NgLGhvbi+VG60ZifgEjIsSnC5XXzy25keqQnQNzDQ1UYAoDjB33bRev48iEuXN4CzPwLQHYYAEjPUDAHb/fyZX9rA5IQ7utwi9/xYCKxrffChO4C3EKcCZDUEpDrzFADZ5oIsB0jk2hcNQP3pJkrvvObh10rwafPy+TWEeP15OUN+TeT957DuWRbjAE8BkG0uyHKARK5DBOT6RwbjEH3pndc8/FoJPldIuhZZQPNIWPPKa9JC2q17lsU4wFMAZJsLshygJOZaP96frkd65zUPv1aCT5uXz68hxOvPyxnyayLvP4d1z7IYB3gKgGxzQZYDlMRc68f7U4i+9M5rHn6tBJ82L59fQ4jXn5cz5NdE3n8O655lMQ7wFADZ5oIsB0jk2hcNQP0pRF965zUPv1aCT5uXz68hxOvPyxnyayLvP4d1zzppHKBSgQDws0cfi0sEHnz4lh22n6eEH8/Zl0YAGQFARoAc60vif65SxSsrN6nU346JAiBQqS4A+G///WOcmdndRgBKZSBDwOj+Gr4yeSempqPohp0SBUCgUoEAcPaty/iXXW4EoFQGMgSMDe3F2HAvvnws8jrulCgAApUKBIBPPpjpOiMAVQK4c2ISAHZMFACBP3/+75fOxiUCd2tVAEn8n3zxKZw8cf+2P3+++8CRJhClH1EKgCXkl4fou0QBLVA0AEVChZQLTM3syv13QZJhi3RrYoFErC0riXYDxwd7TNI/MFIx1yexP07+XSKG1rW40gOkwSRLOUVX7r8LkgxbpFsTCyRibVUA0ML7rTJxtLa1Pon9cfLvEjG0rsWVHiANJlnKKbpy/12QZNgi3ZpYIBFrqwKAGvo/1GuS/v6RXnN9Evvj5N8lYmhdiys9QBpMspRTdOX+uyDJsEW6NbFAItZWBQAtvH+oWjVJf6XSZ65PYn+c/LtEDK1rcaUHSINJlnKKrtx/FzgZ/u3ljzBniKhoYoEx6TcqAGjh/ZWhAZP0j42OmaSfxP44+XeJGNJ82nVYkAaTrOUU28HW/04PADx+5nWcq0R/o1fe3KN60QHkE/ojr7707mvkn/90rH/l2mbqY+Hxk9+It7OWCy0T33z2tR4qQ/UX37oHj04VU5Z1u0BpDLIEIK9FTorkOwE/fPkXPVQG7+RDE/ifhncMN8sFSmOQJQA/em8u3qaKCDsBn/x2pofK4B0+MmWWzdttkCUAr16ejbcp+mEngD9//v2TJ/Hki08BiIi05kXfSaBz5B8L2/384eRa5uGHlqbXSgGG5P5bmJoex+TEMA7fFX3XkpHChVJiKKzweiLtGnGfu7ieCu/noJuUShPYmo8T8tXFTQzu2xMTd2lgkIR+arofhyZ6U+dF+650gVBkMQK0Cyu8nki7RjTnLn2WCu/nIOOAnJfmS3qoVzBU3RMTd2lgkIR+8v4DqE3uN2vau9IFQpHFCNAurPB6Iu0aca/PLqTC+xNj43uR9tBLb/za4sZWCcjexJhWNEVy/UPTX0LtrmrqvGjflS4QiixGgHZhhdcTadeIe6OxkArv5yDjgJyX5uOEfHNzHX19AzFxlwYGSejvnJjEaG1/6rxo35UuEIpOkqTxgRGMD4yk2om0a8T9g9lrqfB+jjgSQHjtaT5OyOcX5iNl/y3iLg0MktBPTx/Gl/70rtR50b4rXSAUnTQCAJFnXOLggUpEtqX33Qc5hkDk/9711sfqQ1ECjvUPHqjEHw1kzCBo17hT0InqRZ2CZcTYydfYiepFnYJlxNjJ19iJ6jmdgmXE2MnXqDpNd3gUwPj5P8QfDU+++FTCCLndzx8uPuqDzyjAjQHSKJAFU9PjGKn2Bp9b0CqhEQHSK873ZYoAJ+GuqAAAqfQAiYGRShwSEnvzL64n+q8ubsZGBp5CIFMNXKkE2jUS+D0qWg8gNCJAeor5vkwR4CTcFRUAIJUeINE/MojJ+w8k5pq79Fmi/9riSmxk4CkEMtXAV+Pe8vzze1S0HkBoRID0ivN9mSLASbgrKgBAKj1Aon+kF4e2rKU0V312IdF/bXEjNjLwFAKZauBKJdCukcDvUdF6AKERAdIrzvdligAn4a6oAACp9ACJSqUvDgmkuRqNhUT/zc312MjAUwhkqoErlUC7RgK/R0WHRIdGBEivON+XKQKchLuiAgCk0gMkxkbHMD19ODHXB7PXEv3nF+ZjIwNPIZCpBq5UAu0aCfwe7QRRQNp+ZeUmzlWqJqkGoBN3i9D7ogXI009E//0+v06Ass7Bh29Fny2DACf/TwzuBS9/uJNSAICkR+ork3fu+igAmcbw4exV8PJjOykFAEh6xMeGe3d9FIBMY5hf2gAvf7iTUgCApEdces53I2Qaw/rqKnj5w52UAgAknz8nT9yPJ198aseTfwluDBg//4cE+d8Jzx9efm9yYriU0vU+gXsO3idLZYBgEUCXJsD3X3i9h9p8yvlaOL0UDeSe9+gn4uMpLz0TChwYqWAcSe0B2V9fo2LqAViVDTg0wk9tmqZCHrg0Af7mH2d6qM2nnK+F08s8c+55j34iPi4JOhcKlEYFPpfVHq0xqBoX+Hqu69IIP7Vpmgp54NIEePni5R5q8ynnq0r/QjSQe975TykmCCSFAqVRgc9ltcs1ZF+rsgGHRvipTdNUyAOXJsCNer2H2nzK+Vo4vRQN5J53/lOKCQJJocBKpQ9DW4ctUUDfGrKvVdmAQyNA1KZpKuSBSxPg7Q/e7qE2n3L+3OpiygMvRQO55z36ifi4JOhcKHBsdAxE+S1RQH2NMVMPwKpswKERfmrTNBU6gRv1eiJMnpAKq79GPoBW+8GH2QuHlp/Pc/m38NqW8CB+DQD74nbSIACQNEK4Ig/YsdcWorVl3j+w84g/x+C+PYkw1bJhGRna0SDgc8q8f2DnEX+OoeqeRJh82bCMDO1oEPA5Zd4/sPOIP0df30AiTL709SwvfRsaBHxOmfcP7Dziz2E9f0LSAPIYC769JTwoQRoE7c4r8/6Bzj9/eN4/ADX3nyDF/9o1Crg0AbS555c2gjQACruB0iigEee83nU+Xob155mr3fPQyLyvhGLZkEYBjTjn9a7z8TKsP89c7Z6HRuZ9JRTLhjQKaMQ5r3edj5dh/Xnmavc8NDLvK6FYNqRRQCPOeb3rfLwM688zV7vnoREfXwnFsiGNAhpxzutd5+NlWH+eudo9D43M+0oodhL0t/DoPcfjticG90ZVAYi8b3nqr7zQSvuSIfYAWmO2oInyAcCzl2ZxtHYQAHChfgUAcLR2EE8M7sWJzUbLqCDWj8UBOe5dbxkUsPvIP3ngLl1uPUepRKCLkGsk3kfgacxXjx5MOTfmVpr4cPYqzsysxP1CDQK7mfxTBMC1SywCaEsYy0XINRLvI/A05vBdw1hqRN8Jw9Xo73mpsY75pQ38y1Iz7hdqENjN5J9XBCAQEXcRco3E+wg8jakdOJAyri83GlhfXY2rEoTMp53LbiP/2vPn7Ll31aoA3CBAegEccowmygcA3/p3/0Z9/pw99y5e+t6PM5N/Iv6a6CiwM8g/L/8XQso1tFsdQJvnv/6XDwCEVQQIuolW/rr0cku4vOeWZ96Cj7QXNZdvLIfv+osyAlj569LLLeHynlueeQs+0l7UXL6xHL7rL8oIYOWvSy+3hMt7bnnmLfhIe1Fz+cZy+K6/KCOAlb8uvdwSLu+55Zm34CPtRc3lG8vhu/6iSJKVvy693BIu77nlmbfgI+1FzeUby+G7/p1iBCBC/vyhSQCsPCAQh+eTpx2ICDfhicEoNYJ78rmh4JWVm/H87388E7ffe88UgJYRQMOp/6uZSA+Q50DjyACwG8g/gb+E0/vGry5E90kj4ZJwEzTDgexL8/NoSNJTIiOABde8NI5ewHcD+SdwIwAR8k9+H4XGaiRcEm6CZjiQfWl+Hg1JekpkBLDgmpfGkQFgN5B/AjcC0Pdd/Vqk8aKRcEm4CZrhQPal+Xk0Hun5kBHAgmteOkYGgN1A/gna8+e//7//HwC9POC3z/4oDrHnz5+z594FkPTkc0PByRP3e58/NIeEPA8eRXDyxP076vnz3QeONC3Pv5Wvn8Vr74oU8M0vj1M1AMBvBPDeSJ94HQ//z3M8C/J47vkYVzRCFuLP4bq+IgwAPvE6Hv6f53gW5PHc8zGuaIQsxJ/DdX1FGAB84nU8/D/P8SzI47nnY1zRCFmIP4fr+oowAPjE63j4f57jWZDHc8/HuKIRshB/Dtf1FUGUfOJ1PPw/z/EsyOO552Nc0QhZiD+H6/q2WwsASP7/3DEc5a2SIUADJ/Qu8s77k3d+az0AUQoCF+njKQkX6le8c3MjxG7y/kvwfFyKWiRDgAZO6H3knfqTdwxIvhTKF1AKCSbRZNfcnARst/etHXA9AIpaJEOABk7ofeSd+pN3Hmh56Ek3icBTEoarfd65uRFiN3n/JbgeAEXNkSFAAyf0PvJO/ck7D7Q89KTbE/djKQkk2hsajbCbvP8S2vOHDAEcnPxrz5+F6/VUX+qf9/kjDQNyXsJ2P3+k9/9/+z+OxMdWbtzKTNDlcRd8YoCu9bkhANCNAc4bGUL+rb6uYxZC8u19Y/l4tdpAwNyhRovQ68+LEPJv9XUdsxCSb+8by8dbZe18CDVahF5/XoSQf6uv65iFkHx731g+XjMYhMwdarQIvf68CCH/Vl/XMQsh+fa+sXy8ZjAImTvUaBF6/XkRQv6tvq5jFkLy7X1j+XjNYBAyd6jRIvT6dwr21WrNO4b3x6H6RMAfP/N6qu+990zFJJ3IOG1r41zknOlQJCID+JwE7vXnkQVqFmgqAAAgAElEQVS7kfxLvPH8qSYXIKaX67/41j2pvnMX1+MXcHoZpm1tnOvlmEjA4L49Cc8cn5PAvW7cs7cbyb/Ec6cfaa4trsSh+kTATz40keo7d+mzmKTTiz9ta+Nc5JyMEEPVPYnIAD4ngXv9eWTBbiT/Eofvm2pyAVwi4IePTKX6NhoLMUnn4fvcM8/Hucg5GSH6+gYSkQF8znge5vXnkQW7kfxLfP78yQfN+w+Ee/hDSDzv5zMchKwhj5ExQBoBckUAZCW3IWQ6xCPvE/TztVtzS8LvM150Mr9fI8JZyW0ImQ7xyPsE/Xzt1tyS8PuMF53M79eIcFZyG0KmQzzyPkE/X7s1tyT8PuNFJ/P7NSKclQSEkOkQj7xP0M/Xbs0tCb/PeNFJEqQR4azkNoRMh3jkfYJ+vnZrbkn4fcaLnUjuQ7GvVmuSNsATg3tjEr+vVpN/V0FGm1Bivq9Wa96o17V2Gp8SLbxQv9I15J/wxv/P3tsH13Fdd4I/UCRIAhRAEATEbxHUB2mKIqCVKdqOLFmxo1hcaVOyRrVbNXZmstaAM2Jqs4637HF57MnE41HimownU6EcMdpMduLZypZW+VjZkqOy40hy4kiyYkCiKJKSCIrgBwQQBAECIABKfPtHv3P79Olzb9/u1w/vgepfFQvvdd97z+3GI17/zsfvPHJ/iWpz3zx+2jxET52/HHm4feE7D3jdf98H4x88cn/JVW+qiYZ1NDfU/OE7b/yHX/1EibQBRsdnDYmfnLgcIdf/5dd/0ev++xLz//CrnyhRpyNtviZa2Nqy7Ioh/4Qt27aXSBtgZnrakPiZmekIud7e82Gv++9LzLds216iTjvafE20cEVLyxVD/gnF358oSM3fJprnSv33RdoofpLzIKt9cgLwzKOKbmgacpzWCWCL1PuIC6ZxAFSi1r+QnANpnQC2SL2PuGAaB0Alav0LyTmQ1glgi9T7iAumcQBUota/kJwDaZ0Atki9j7hgGgdAJWr9C8k5kNYJYIvU+4gLpnEAVKLWv1CdAzwirxB/dawNaT+v5ASw2I3ZupLIP4FHxOSDt22sDWkeivlDuGZXe+i/ksg/gUfkJfG3jbUhDSnnTgDNruZ0uJLIP4FH5CXxt421IQ0p504Aza7mdLiSyD+h+PsT3dOhg4Hj7ZXXh2PnbaJ/QDpy7lsmkIbcZ7HPywJGx2ezOwCS6v7zWIevJSP0Pl0H+HGCFv137SuLQ2M+nABJdf95rMPXkhF6n64D/DhBi/679pXFoTEfToCkuv881uFryQi9T9cBfpygRf9d+8ri0JgPJ0BS3X8e6/C1ZITep+sAP07Qov+ufWVxaMwHWUqq+89jHb6WjND7dB3gxwla9N+1rywOjYXgBKhn2LJhCswP+EP/lUT8Fwq40+FKIv4LBdzpcCUR/4WC+fz7Ix0chw6OROrmNeIPuKP6lbb84+undSiktZ/p5qatj+dztPT6JELPnQBp6vN9tQdse/U977NmnkhbH8/naOn1SYSeOwHS1Of7ag/Y9up73mfNPJG2Pp7P0dLrkwg9dwKkqc/31R6w7dX3vM+aeSJtfTyfo6XXJxF67gRIU5/vqz1g26vveZ8180Ta+ng+R0uvTyL03AmQpj7fV3vAtlff8z5rFihQoECBAgXqBy9854GSTZGfkHReg4/Kv43kz6f95JUEsij68zn0Wh7zIcyc1Hc0N5h/rvE+x7X92ZBXR4OsyKLoz+fQa3nMhzBzUt/c2mz+ucb7HNf2Z0NeHQ2yIouiP59Dr+UxH8LMSX3ziqXmn2u8z3Ftfzbk1dEgK7Io+vM59Foe8yHMnNSvaGkx/1zjfY5r+7Mhr44GWZFF0Z/PodfymA9h5qS+cUWT+eca73Nc258NeXU0KFCgQIECBQrUFpxQJ5FrH/Lts77N5nzbT7+aB1x19S6iv3f/0w10fmSqFIn+c0jSL9/LjAFf+9r5LJH8+dQB0OCqq3cR/f/0/KEGOj81PhWJ/nNI0i/fy4wBX/va+SyR/PnUAdDgqqt3Ef3/NnCygc5PTc5Gov8ckvTL9zJjwNe+dj5LJH8+dQA0uOrqXUT//NmzDXR+cmIiEv3nkKRfvpcZA772tfNZIvm1Tpt21dW7iP7Pj/68gc7PTU5Hov8ckvTL9zJjwNe+dj5LJL+I/hcoUKBAgQILCzJyniWd31XXn7TefNtP/aCStWbftVZWzQBNNHA+7WuoNvnPWrPvWiurZoAmGjif9jVUm/xnrdl3rZVVM0ATDZxP+xqqTf6z1uy71sqqGaCJBs6nfQ3VJv9Za/Zda2XVDNBEA+fTvoaC/BcoUKBAgQL1D60EwIW0Lf34MdtatbSf+WElSQG/2qr69W6/2khSwK+2qn692682khTwq62qX+/2q40kBfxqq+rXu/1qI0kBv9qq+vVuv0CBAgUKFChQv+AigJWq+vvU97tQC/vz8sCSJhqvIU9iXwv7tUaaaLyGPIl9LezXGmmi8RryJPa1sF9rpInGa8iT2NfCfq2RJhqvIU9iXwv7BQoUKFCgQIH6Am+JaEOexL5SVf+87VdFA4BDEmsb0XYRaptwoByjrT1f9usVkljbiLaLUNuEA+UYbe35sl+vkMTaRrRdhNomHCjHaGvPl/16hSTWNqLt0wvdJda3cvXqkrb2fNmvV0hibSPaLkJtEw6UY7S158t+gQIFChQoUGDhwUWok4T76L1G4rVx9WS/qlEM36h60jxXXb8rFX8+7NczfKPqSfNcdf2uVPz5sF/P8I2qJ81z1fW7UvHnw349wzeqnjTPVdfvSsWfD/v1DN+oetI8V12/KxV/PuwXKFCgQIECBRYeeAkAwdaGT4uku1LxfaP6tbRf9YeYLBH3Smxo6frVtl/PyBJxr8SGlq5fbfv1jCwR90psaOn61bZfz8gSca/EhpauX2379YwsEfdKbGjp+tW2X6BAgQIFChRYWPjBI/eXfFL0XXDN94n419L+vD0E1Tp6Xmv7tUato+e1tl9r1Dp6Xmv7tUato+e1tl9r1Dp6Xmv7BQoUKFCgQIH6wQvfecBZypeFkGuwkXRfVf9q2S8ehAoUKFCgQIECBQoUKFCgwAcCSQ4AIJ0IX9pofpIDoNr2G9J4QHzaFNjqF2xI4wFJm06xEOwfPTXuPD85Ec5f0RK3z89rY+R5CW3NNPaTxtS7/YtjU87zU+Ph+ebWZud5bYw8L6GtmcZ+0ph6t/+DiSbn+ZmZafN62bL4WH5eGyPPS2hrprGfNKbe7f/C9g85z49OXDKv21uWOM9rY+R5CW3NNPaTxtS7/e/vPhs/eGRZ+HrrTPBzR2t47CD7zqDjB8ej85JA62r4ANm/9f8e8Z9TIHf848CbFQehHtu3p1TLrM5PX99V+sFbA7UMppWQPZhXiJnWEB2//litt/CBxsgf7K3K/9sXvvNA6VvffgWnLrmfL5KwfsklfOkLtwIAOjcvx9Z7vpvrfhfZCOrU+cte5NdFeH08EJXal+dqbT8tbAR1cuKyF/l1Ed4k8puHfXmu1vbTwkZQp8anvMivi/Amkd887MtztbafFjaCOjMz7UV+XYQ3ifzmYV+eq7X9tLAR1NGJS17k10V4k8hvHvbluVrbrxqI9DLye+q5RTi1/wL+4o8agtdDc/b5W2fcpDuD/VRY6PYL1ARJ3ZYe27entH3H8qp1Zfr09V3OdT99fVdp14dWJ46rAEnrljZs2eIzrsAVhpEda4N/n7/bvC5Qe+RF/gHg1KUl+Na3X8lhVzoWA26iPD02h6a2xsSF+Li0dQt51Tm41qvUUZHGtitNQ3MWuIjyxbEpLG9LJlh8nA/x9rWfBdp6lToq0tgmWz77OAs3Ub44NovlbUsT7fJxPsSbI+34LOtV6qhIY5ts+ewDw1NOojw3N4PGxuTIHh/nQ7w50o7Psl6ljoo0tsmWzz4AN1EePTeK9lXtiXb5OB/i7Ws/C7T1KnVUpLFNtnz2oWLrjB7N5uT3yDKsXxO8vB8zwNbLZs5fnAvn3jY3EbwYWoT1d14O10+wf+q5RXipsQW3PTcXzhP2g5+z5TnJl8XXTzzvcf1Vs1+gLvDYvj2lazcsTYzwd25ejkMHL+Zu/9PXd5VuXL8CgDvCHzx3KZk8laO0cvVqnD971hnh9/l+LHDloePgmeAF/Sxj5PN3h29efC0+3gMjO9YCu28GXnwt1bwCwd+jPEFOgC994VYceeazpTyzABY3r1yUSICnx+YANCaWAPg6C3zS5JNqHZLmu+zJY64yhiz2feozCCtaFnmmqTcnlgD4Ogt80uRdJNq1Bx978pirjCGLfdscbR/Nrc2JBPji2KwZK8Hn+joLfNLkXSTatQcfe/KYq4whi33bHG0fy5Y1JRLgubkZM1aCz/V1FvikybtItGsPPvbkMVcZQxb7tjnaPtpbliQS4NFzowDaE0sAfJ0FPmnyLhLt2oOPPXnMVcaQxb5tjkr+jyzzI6RHluHUUEDGTz23CEAQ7V9/Z0D8+bHbMBeQ9zL5X7+m/J18hNnkUOyvX9MYOhaA8vr8PJt3ZFk8bV/a4O897AMIMhqGhN07Q0dHbvYL1C26eprxzsnZmtlfc207jp6arJn9Vas7cf5sVZwLBRYYRnasRcfBM5FIP5HzSPT/xdcMeedj0qDj4JmIY0FmF8yHU0DLaKh3Z8QL33mg9H/8xk9yif5LPPv0Cdy9ZxNe+M4DpY//qydzcQIsBgJiahMaaGprxPTYnOoEoDnBOcTmy3HaOZd9fo5H1rV1AeDdqSAL6prmhsj8JHD7cnwa+zZ7SU4E6QTg5Ht5WzMujk2pTgCaI+vYXQTfRsZtY+gcj6xr6wLAVW3B+ffH/FL3NftyfBr7NntJTgTpBODke3nbUlwcm1WdADSHzsn5cpx2zmWfn+ORdW1dALhqVXCd759bFJmfBG5fjk9j32YvyYkgnQCcfDc2LsPc3IzqBKA5dE7Ol+O0cy77/ByPrGvr8n1wJ4RPej63L8ensW+zl+REkE4ATr7bV7Vj9Nyo6gSgOcE5xObLcdo5l31+jkfWtXX5PrgTwifizu3L8Wns2+wlOhGSnABlwrp+TSNwRJBvBK/XIxhDZQBE/l9qbMFtQxOR5YxDwGKfOxMkATfzhf2KCLZy/XQdLzW2AAivh/ZmshIc9mVJROy6C1wx8MkUqCZ8MgWqCZ9MgQILG0R+NRIccwRQ5H/3zZAqJ0kkOqmUYF7J/+6bg5/l66HjPnuYb6dFnqn/EqcuLQGOjKDvyAh6tnYY8cJKHQGL5QGNfBMCR0B0/MhUCR0JhJvWmR6bQ/PK5IcDGxl3EWki/9JupUhTKuDSSfAtM9DINyFwBIj9CWLmIvgXx6awouXqxD3YyLiLSBP5l3YrRZpSAZdOgm+ZgUa+CdwRQJianEXziqXqfLnOxbFZL0JuI+MuIk3kX9qtFGlKBVw6Cb5lBhr5JnBHAGFyYgIrWlrU+XKdubkZL0JuI+NJpQqa3UqRplTApZPgW2agkW9C4AiIjp+bnEbjiqbIHG3N0YlLQYZAy5rEPdjIeFKpgma3UqQpFXDpJCQ6AXa0hinuFZBpSXLvxwwAD+LL7K9f0xgh4NyZAAA4h2hpQB4Q18/LG3Qin5w1URD+hY/h4xfR0dyQSO6bVy4CTuZv/+LYFNpXLEkU+mttWQZUIVNgbm4Gy5qaMDM97ST3K1paikyBAnGSmzH6HyHgzJkAACPzUBrAyxuyEvn5yhYgMv7s0yeqasc4FoQjoBInQMQB4EOYO7qWGTIPAB3NDRgpk2/uCJBoXrko5jzQ0HRj8KU9fXQud20AH1Ta1aAS+BDmjmuvNmQecEdv5drSeaBh25pgjcNDU7lrA/ig0q4GlcCHMK/evMqQeQBoXrEUU5Pha9fa0nmgYWt74KA5Mnohd20AH1Ta1aAS+BDmlpZVhswDwYPP5MSEee1aWyPpLuStDZDFZlpV/0rgQ5hv3LzGkHkAaFzRhLnJafPatbZ0HiQhb22ALDbTqvpnRlpxu3LUPEzNnzME/f5ViuBdUlRc2CcngNEQQBCFD0k1I+Gak8JiP3K+XNYAANg/h5caV5btzUXIu0rk+VwAJmMBSoaCw36B+oMk+01tjcBU/LuTNALyhiT77a1LMToZ/38fagTkjgjZLzsA1HErV6+uhv0CCwQRclwm6B3/57N+42EnycYJwDQEqkH6Y/tXyhZsNm2ZCvNF/I8889nS8PGLePbpE+g7EuRZVCP6L8EdAXfv2VTRWl4igISOruALU5J5Tvy1VHluY2RgxqwjzxH5p9fTR92lBXz+NYrzwbYX2958bNmi+Ul2aF4WEUBCx7UBOZRknpM0LVWe2xh554JZR54j8k+vDw+5Swv4fJ72n7QX2958bNmi+Ul2aJ42LkkEkLB68yoAcTLPib+WKs9tnD1+zqwjzxH5p9dHRi9Exrna8PG0/6S92PbmY8sWzU+yQ/O0cb6R9ZaW4L5JMs+Jv5Yqz21MTJwz6/jY53C14dO0B2x7se3Nx5Ytmp9kh+ZlEQEk3Lg5CMtKMs+Jv5Yqz20cPT5k1vGxz+Fqw6dpD9j2Ytubjy1bND/JDs1zjrOQdI5IDTyLlHOyfmoIkdT99XdeNoQ3Ro6PgL0OP8N8DzwN/9QQI+c2Aq2VM3DCTedZ6QK2zuD+I3q2gtwLd0rIPQIwGQoAosKHin1UT2C5QAY8tm9P6RP3rsJjCFX9XdF9/jxlKwNIUxrw6eu7Snd87FqAqeq7ovutLeH/AVsZQMo2gaUt27bj2OFDxr4rus+/+xxlAEVpwAKCKwVfkttI6r9Ik9fm+JJjzbGAF18zOgR5IbKWD9HnGQkctEeEGQqx9XOEJP/zQfwlSBywkiyAxbZ0eyBKjCVpJ8gSAKkVoOkEjAzMeIkFciS14XO187PNTyPWl2Vftv3we2NLtweixFiSdrOeIFVSK0DTCRh554KXWCBHUhs+Vzs/2/w0Yn1Z9mXbD783ruwJTnQlaTdjRAmA1ArQdALOHj/nJRbIkdSGz9XOzzY/jVhfln3Z9sPvzUz5WTypdl2SdoIsAZBaAZpOwMTEudTKyUlt+Fzt/Gzz04j1ZdmXbT/83tjS7YEoMZaknSBLAKRWgKYTcPT4kJdYIEdSGz5XOz/b/FRifRn2ZdtP5N6sLJ9gZFqLeBMJDtT5lc8uOyYJMs8SABCQ7oS6fV4GcP8qIsz097o894GlwJMJWU08tZ/b8qjbp/tAP2VGAkdE8JA7IHztF6gbDB8PFP19ovua4jYn/L6dBDjoWcknuq89R3HC79tJgIO+q3yi+5bvMU74vToJFKgfaKSVSLBR53dBEOQsKfS8DMCVUZA3NIFDzckRQ5UJv4bOzctrRv45nn36RGZNgJgGAIGn+dN7XssPwKT+A0GaVvPKRRgZmFG1AmgMEBcNJEwfnYuUABDSCvkB0WyCPMsJXA6FtGu4wNP86T2v5QeiBG55W0D6R965oGoF0BggLhpIODw0FSkBIKQV8gOi2QR5lhO4HApp13CBp/nTe17LD8Ck/gPA8ralaG5txtnj51StABoDxEUDCUdGL0RKAAhphfyAaDZBnuUEPuUmvmu4wNP86T2v5QdgUv+B4EFo2bImTEycU7UCaAyg1+u7kFbIT0Neqfsuh0LaNVzgaf70ntfyAzCp/0AgvNfesgRHjw+pWgE0BtDr9V1IK+SnIa/UfZdDIe0aBklkdOsM1m+FIa7347xp0wfI1Hwwol4GkWAjtifsCfunhsrlBI3LTNQfYI4DICD/9NPlBDg4HiXhXLlfsa+m+0dKHQJEIv5gIoHlzgG8daF0gJhrKVDX8InuA6HD4J2Ts7h2w9JY14CsnQR8ovtA+Dx19NQkbly/ItY1IGsnAc/ovvk+O3/2LI2LnC86CSx8yEh5xBGQc2q+XDuN8F6l8E73l04Qh0hgNbsJfOkLt6Jawn8+0MQBySnq0y7QOACS+tdTZH96bM5E/Xn9Pwn80TnuEJAgR4DaUeCoPf3RF5z803ttXVu7vyQRwjzEBeU6Sf3rKbJ/cSxUZOekjwT+6Bx3CEiQI0DrKCDT/rOAk396r61ra/eXJEKYh7ggrUNfi0n964m0XxybNVF/Xv9PAn90jjsEJMgRoHUUkGn/WcDJP73X1rW1+0sSIcxDXNCsMxysmdS/nh5y5uZmTNSf1/+TwB+d4w4BCXIEpG23lzds9pNECPMQF5TrJPWvp8j+6LlRE/Xn9f8k8EfnuENAghwBadvt5Q2b/SQRwjzEBSPrxOrZA5jINyewLLWfR8P/4tyyMAq+VbTte+4C1u9rBY5YSJASfedrGzLNywXKxP7U/vDvilp7v6M1/Jlg3wVT+lBen5wgHJFShefc3xGRUoYCdYVDBy9Gov9UNvqJnqA0YO/+pxts9f+c7D+2b0/JpUtlw8tvnI1E/48NjmPLxlbccW07AJR+8NZAg63+n5P9T1/fVWpfkf5vxcljxyLR/7NDQ1i9Zg1Wre6k0oAGWOr/BdkvLWvK57uiQHXhIqnWkgAWDR/5/N2RKHiWqH+slaDHXC1iXw1o4oZWpwBzWthQaSnD1nu+23Dkmc+WgDpxAgDAkbDfw2cf3oojz3y2lOQEWMwj51LxX0J6UUeE8j6RfSL/QFA6oDkBtHZ7EnkK7kkngK3dX7Xs28QFeeRcKv5LnD0+HF1TEFUi+0T+gaB0QHMCaO32JPIU3JNOAFu7v2rZt4kLcieKVPyXODsYTT/lGQAADNkn8g8EpQOaE0BrtyeRp+CedALY2v1Vy75NXJBHzqXiv8S5s9HPP88AAGDIPpF/ICgd0JwAWrs9iWo6BWzt/qpl3yYuyCPnUvFf4syJwch7ngEAwJB9Iv9AUDqgOgGUdnsS1XQK2Nr9Vcu+VVyQ1+ZbEI3u69kr9+N8dA5X6N/RGkbpHWJ41j0c0Q/j4DjW38kPKHujDAAP+4Cuf2CL1tM1EtmX5QHmHnD7BeoWROrfOTlrno8OHbxoSkx5RwAgeIai6D89X9F7AgWbfMoAiNQfPTVpov8vv3EWROJ5RwAgyBCg57TxiRkzhqO9NXBSeJYBULq+if6fPHYMROJFRwCsaGmJZcPFWuKW5xZlAPUNFxn1IqoWbYC89pDnHBfSROutrQ+rtDcJ+bem1qBsgJ6tHRg+flEtj5KIlQDw9H76w2vq/8tEfmSqFCP/hI7mhpgOADkBpsfmUtX+Eyn3EfOLOC9YKUFW5Kn+n2YuT+8nkmTq/9+BOeeq35Y6AOQEuDg2lar2n0i5j5gfJ9i8lCAr8lT/TzOXp/dTbb+p/y8T+anJ2Rj5JzSvWBrTASAnwMWx2VS1/0TKfcT8+OeBlxJkRZ7q/2nm8gcaegiS9f+TExMx8k/gD0XSCTA3N5Oq9p9IuY+YX97OgjzV/9PM5en9VNtP9f9E5Ocmp2Pkn9C4oimmA0BOgNFzo6lq/03JgYeYX97OgjzV/xPnaiUAWqo8vbc4AQDEovIAgOeC91aCn4N9GXGP2LJF/pktV8TelCCsabRmS0gEY0P71u4HBeoKlMYPhJkA75ycxUj5dVNbIzowZ33+1DB8/KJ3m0BK4wfCTICjpyYxWn5NhF7rCmDDxbEp7zaBlMYPhJkA58+eNa+J0Fu6AqiYm5sp2gR+gFALdfysrfps87VziRkRDvuV7k+Cau6B6rf/S4s0nQEWu6L+5ASQegA89Z+P46CSACCfSDpfw4ecU7Rf0xRIuz4d45kSvmUASdfuivoT8ZN6ADJaqxFEKgmQNrKCr+FDzinar2kKpF2fjvFMCd8ygKRrd0X9yQkg9QB46j8fx0ElAdJGVvA1fMg5Rfs1TYG069MxninhWwaQdO2uqD85AaQeAE/95+M4qCRA2sgKvkY1WvO51qdjPFPCtwwgaW+uqD85AaQeAE/95+Mi65ZLAqSNrOBrVKM1n2t9OsYzJXzLADLtjRNsjRyXywC4Ir6pif8pAJs2gM1Ggv0kJwDtj/bjRa6FfVuWA18blMhTduLxa48JHwoxwdieyEbRBaAuQFH9azcsjTxbUUr/J+5dhb/93jlcu2EpRqZK+MS9qyIROO444KC1Ojcvx6GD9ogdRfVvXL8iUvtPKf13fOxaPP/37+DG9SswOnkJd3zs2sgzGXcccNBaQeDFScBLQBCp599llNJf7gyAlatXY2Z6Glu2bY98J3LHAQetlVb0tkD9wEp4uSK+JgxYhbZ9Gsz+yvvJM5OArz1iqfvXOgPI0oQ87gOl/NPfnW99O/zyqLUQoETn5uXpNACAIF2KiL6s708CdwLQay31n7IAsqjzu87LiD8Rfhvxr7QDgMsJkNQmkLIaJJa3NZsvFVnfn7gfUcPe3Nqspv5TFkAWdX7XeRnxJ8JvI/6VdgBwOQGS2gRSVoPE8jYWvRf1/UngTgB6raX+UxZAFnV+13kZ8SfCbyP+lXYAcDkBktoE2jJYGhuXmYcaWd+fBO4EoNda6j9lAWRR5/c974NKOwC4nABJbQIpq0GifVW7Ifqyvj8J3AlAr7XUf8oCyKLO73veB5V2AHA5AZLaBFJWg0FCDbwkx1rKu00dX02pv/OyWSPSVtAHiuOAUu3vx3l9rUjbwbLzgLQBSJxQ2ztzfNiuDwDu/ygrf1AyBEwGAdcRIPsYQYHa4geP3G9S+js3L1dTayn9n55FaQwfT89YlO7va/9/u/Nmk9LPn8E4KP1/dHzWvAeiz2xE9ind39f+ytWrTUo//w7kYOn/5j0Q/84sr0fp/gWuAFij2Zz0WtTxbSn1eQr7mTWqWQ5gU/9HvEuBvOY8rlUj//VG+jl8yxNiJQDcCUAgRwAn+BqS0rK4NoDUHXAJEL5rWfea8n60dP+kmv8kkq5B6gT4ZDYkZRNIaF9AkiwmtXyzgWsDSN0BlwDhVW36fXl/LBirpfsn1fwnkXQNUifAJ7MhKZtAgjsBCOQI4ARfg+04X/Fxd8AAACAASURBVFv+Dn1+t1et0vf6/rng2rR0/6Sa/ySSrkHLPElCUjaBhPYARI4ATvA12I7ztWVWgHQEuAQItfV84ZM1kET+pU6AjyMiKZtAgjsBCOQI4ARfg+04XzvWHlA4AuwChPp6vvDJGkgi/1InwMcRkZRNoJJfHmFXzkfq++U8wgMsGirb4AFYv6/8N0OrjU+wb4XVvsgosM0pI0nAD7DcA65lYLt+V+ZDgZrAFQTiNf5NbY1qpL9z8/J4BufJaBtB1wMxj/gTZE3/+MQM2luXqpH+5W3NuHF9+LmidH8+zhXEkdlrQLymf3JiAsuamtRIf2PjssgxSvfnx9J2vilQv8iVtNchsqT4+56rBAuB/J+6tATf+vYr+NIXbsUL33mglNQWcFHzykWgfxJGA4Cl96epveIYmSpFbGiEPA35TzrHYSPhWaDdK9s9dNngIoD0LzamTJ5sau1pMDU+FbGhEfI05D/pHIeNhGeBdq9s99Blg4sA0j8JIvw8vT+J5NswNTkbsaER8jTkP+kch42EZ4F2r2z30GWDiwDSPwl6MOIPSEkk34bJiYmIDY2QpyH/Sec4bCQ8C7R7ZbuHLhtcBJD+SRDh5+n9SSTfhrnJ6YgNjZCnIf9J5zhsJDwLtHtlu4cuG4n2jyyz1+XbkIbcHhxXHQP1YJ9S9tevacRLjS2xln9A4CSIOQryvP4C8wb+kKoR9Y7mBrxzctaQf3p2GhmYcRJ7GcjiAoIc33jqZWNfI+rtK5bg6KlJQ/7JYXBscNxJ7ClbgK9DpQYcJ48dM/a17xQi/kTq6fvw7NCQ8ztI6gSU9QOKzIACdQ1K2e84eCZI71fKG0Z2rPVyFOQBiv4vFJAT4FvffgUvfOeBEv3TxkbaAALudH8f8i/LAFzzZNRfvk8i+JQBoIn++bQT1LIR0joGfLoJOOeeCl4T+XZ9oaSJuCa1tQPiUX/5PongUwaAJvrn005Qy0ZI6xjw6SbgmntxLHgdllvYCb4P+ZdlAK558vcj3ycRfMoA0ET/fNoJatkIaR0DPt0EnHMngv/jRL5dDzQ+5F+WAbjmyai/fJ9E8Cutq9SyEdI6Bny6CfjMNRF5B6n2If+yDMA1T0b9Y9kBCQQ/TQaAj/00tf1yDf7et0Qh0gmAQ4uKD83hpXMrzftImz6t/V4SuA0P+4lrVcn+/avoXGNcyM+0J6zQfoGag5wAL3zngZJ8fmpqawSm4uSfwLMEmlcuiogHdijraCAnwNfu21Wi6D+hvXUpRicvxcg/gWcJtLYsi4gHblHW0UBOgA1btpTk9xWl/kvyT5DCuVw8UFunwMLDyI61USLs2aZvoYOn9+ct5JcG9Dem3gT/bKAMBdIp6NnaoWYELAZ08s/T9emPbRKh55kC125YGhMOdBFs7fg1zQ2qE+AapberD+H3gUubwDbeVb7gA43883R9quVPIvScjK3e3BkTDnQRbO34+2OXVScAEX8OH8LvA5c2gW28q3zBBxr55+n6VMufSOhZpsDqjS1x4UAHwdaOv39ukeoEIOLP4UP4feDSJrCNr1TsUCPcPF2favmTCL0UT5LCgS6CrR231WNWU1DJpU1gG1+p2KFGuHm6PtXyJxF6nimwdtPGmHCgi2CrUXqlHIGOVwsubQLbeFf5QiIU8iuJ7kuNLbgNc3qbOyKykgQ/OetHipPIvyYCqI2von2tJOClxpZA8BBlZ8gQjZkLHCK+9gvUFfgDKm/3h5PxgA3vKCW1pUg8kMOnEwDPBuDt/sBaA5KDgDoCAEG0v711qTlH4oEcPp0AeDYAytF6SumX33/UEQAIov3LmprMORIP5Cg6ASwMqP3tX3xt3tvc1QvUSD8XBazgvlBk3Caad+SZz5ak6F+9pv9rMHs9EmjdvPCdB0q8PWCkCwDV/3PyT8c7YO8CIEFtA6fHosdle0AgTprle43sE3wFBNMK9snjSfoBSWu4nAmctFL9Pyf/dJwjKcpKbQMvivsv2wNK+9p7jewTfAUE0wr2yeNJ+gFJa7icCfw+Uv0/J/90nEN2AZCgtoEym0C2B5T2tfca2Tf78BQQTCvYJ48n6QckreFyJnDSSoSbk386voJlAcsuABLUNlCSd9keUNrX3rvIvq+AYFrBPnk8ST8gaQ2XMyGifl8m3Jz8m+NsjuwCIEFtA0eFBqNsDyjta+9dZN9XQDCtYJ88nqQfkLRG2qwCqVh/25BQ+if8lI0xJJg5D4aY0B8QCN9x0T0fgswJOSf5RkRvPDzOnBfUsi9iI6P99WvY+/Kc+3cEzx+85WFM6d/HftEFoC7x2L49JdlZSgaqtOcqmcGaJasTCMh/+4ro/1si95Tar2kHyLR/ygrIgBIn+EBI/CmKr2kHyAi/1iGnQH0jJvpHL0Qq/IglIyBpvWoiT3FBgrqW0hIwi00eIddS/RdC3b8PTl1aAhwZQd+REXzpC7cCCJweMRFADcEf0Lg4IKBnBYwMzESEA/kf8umxOUyPRb23QJxEJ0XVXZkENieADVkJvmsvacUCXQgIrK5Oq0VfR965ECFfnIBdHJvCxbG4U0GS6KSouiuTwOYEsCErwXftJa1YoAt0/7TyAC0r4OzxcxHhQJ4ZcHFs1jgZOCSJTpPtIY/bnAA2ZCX4rr2kFQt0gQisFo3XsgImJs5FhAP5A9Dc3IxxMnBIEp0UVXdlEticADZkJfiuvaQVC3QhILB6NF7LCjh6fCgiHMgzA0bPjWL0XJzYx4h/QlTdlUlgcwLYkJXgu/aSViwQIPE7eyYbzwB4ibX6k4i34Sv/v3Eo7hskRfxtc2y2OQn3tK9F/G2tBcm5ceq5RbHWf5nsF6gbyGfE6bE5U1pK5zjBp/PXblhqHtypHTV1C6AOAXv3P53YIotH+IGA3I9OXkL7iiXmHCf4dP7G9SvMs9ro+GykuwB1CPjBWwOJ9qUDYGZ62kT66Rwn+HR+5erV5rtyZno60l2AdQhItF9gfpFY085JviX6DdQ2MyAP27bOBS57UhPAdx88Qt73G4GrhQgysDCj/jbIsgAAWKwRZvqjSZg6f9n8cd2+Y3msJIC/piwC6b2V6VqAneRLsUDXeQ3aHCol4BkFaZ0IPrbTrqER5otjU1jREtZ0T05cxsWxQCRu8841sZIA/pq+aCQp44SfvpxsJF+KBbrOa9DmUCkBzyhI60TwsZ12jYsKYb44NhuL0l8cm8XU5Cyu3bE2VhLAX1MWAT9Hx/n6gJ3ky9+r67wGbQ6VEvCMgrROBB/baddYNlGKEdS5uZlYlH5ubgaTExNYt2FzrCSAv6YHHRn14IRfZgLYyD+9dp3XoM3hbZuS1nHV8fuWBviuoRHm0XOjaG8Jw66jE5cwem4Uc5PT2LFjS6wkgL+mLAJ+jo7z9ck2rR8ZK8QCXec12K5J7iOtE8HHdiVrcGV7IsEy6k+En356tfHLSuhtHQoAAOOxY6eG5oJyhbmJqIOCMhEsJF4iUtsvYJwDz1HkX/8+iGUiFFhwkM9aRO7fOTmL7V3h8xX95LpTAFQdAJ8yAIKM3BO5P3pqEls2tpqMAJMZUHYOEDQdAJ8yAIL8DiNyf/7sWaxes8Y4uXlmAHcaaDoARRlA/YKTVkNmpQAeEf7yz3oqAzA6BS++pjoofPfqGucr/Jc2E4ETfE6QrwTiL8GvaTEQklUe4SfPKhdbIciSAH5cyxaQ7f9kiQEnyz7kPi24jsC7UyVc09yQ2omQxa6v84LIKo/wU9o8kX0OGb3nx7VsAdn+T5YYcLLsQ+7TgusIXNW2CO+PJYv9SQKfxa6v84LIKo/wU9o8kX0OGb3nx7VsAdn+T5YYcLLsQ+7TgusIXLXqMt4/tyi1EyGLXV/nBZFVHuGntHki+xyyJIAf17IFZPs/WWLAybIPuU8LvhetxMFmx1UG4ANf5wWRVR7hp7R5IvuR8aIkgB/XsgVk+79YiQEjyz7kPi0i16WUONjsuMoAfODtvKB0eqZKT8T+fsjv31AM76XGFtz23ARM3TuQLYKv2JeIEGpAaBXMGdX++7eeN/uWWgaxNVLYJ6xfExcD5E6S2+YmvB0NBeoTWvo/lZ1SbT9/rqJnTcoMoGes5pWL0DEWaE8NH79onmmTsgC09P/2FUswOnnJ1PZzoUBK+6fMAHIctLYsQ/v4bMRR0NqyzCcLIJb+TwJ+VNvPM94o7Z8yA3j3nJnp6XKWQJgtUGQB1D8McVUILHcOjMjxVYJGqGXEvePgmXC/B8/EyHoe5QEdyrpSHLHSe3Elkn4b1BIAnl7F0dHcEHMIkNeV6v6B4A8v1f+7yL4GWbOVJX2eOxOmzl+OiAm6NAVsyNoykO8hzTpE8CV5bW5tjjkEiKhS3T8QVbd3kX0Nsl4/S/o8dyZMTlyOiAm6NAVsyNoykO8hzTpE8GPkdcXSmEOA1P6p7h8Ifk/kAHCRfQ2yXj9L+jx3JkyNT0XEBF2aAjZkbRnI95BmHYqSS/K6oqUl5hCghxqq+wcCkssj7kkRfQ5Zr58lfZ47E8jhoGUA+CJry0C+hzTrUJRcktfGFU0xhwCp/VPdP1AmvufCtZIi+hyyXj+LsB53JpDDQcsA8EXWloF8D9Z1TC09whp1ICTx1M+eHSeCGzgHGNmlyL2vE+DIsnD9BPvrD1JWQPBDTbcv25cEXeLU0FwYmfe0z2v9JQzpN6UIKa6/QF1CpviTgj9v+2eIf9cy63OiPGecAHA7AWSKPyn488AKEX+eDSAhzxknAACXE0Cm+JMDIOIkLxN/ng0gIc/xkoGyE6DAAoPLOVB1m2W40u2TovQjO9amJunONXMg/R9URLoAcBIfIl77z+v9pacWgJo1IOFSz6+kZl6Sbe4EsNl3oRLy7wsiqJzEsx3Eav+TIrNa1oBm01YCUEnNvCTb3Algs+9CJeTfF3Q/OYnnkLX/vN5fpvoDULMGNJu2EoBKauYl2eZOAJt9Fyoh/74ggspJPIes/ecPNJrAkZY1oNm0lQBUUjMvyTZ3Atjsu1AJ+fcFEVRO4kPEa/95vb9M9QegZg1oNm0lAJnU9MVcWps7AWz2XaiE/GeGIKYB+aWSgOCcVvufNtXe134ErEbfpPkPTURE/2SUnpcDeO1Nsc/LI6z7E1kJsTWKzIC6x2P79pQ+ce+qCNGn+n2euv/pr/yFaRsIhM95/HmN1K7jToPgc3Dthvh396ev7yrd8bFrYxmUACKp+//luddM20AgiPZLwT8tU5OLBN64fgV+8FZsSGnLtu2xDLYVLYik7p8/e9a0DQRCYVz+fUjfOTxbjosEaiUCBeoPEfLrqP0nzFc2AO1lRNiMRenZnrPuzXeey1FQOAniWJwUndZS+rUuAFrJgIz+S8T6vd4Y/4KW7f1c+00r/pd2raygLyctuyEpOq2l9GtRZK1kQEb/JSTR37Ym/oUl2/u59ptW/C/tWllBTggtuyEpOq2l9GtdALSSARn9l5C/w63tcQeQbO/n2m9a8b+0a2UFfV617IaZ8p+LpPZ8sqWfjHhoJQNJqfaVRvd91kvKNkizVlaQE0LLbkhKvddS+rUuAFrJQFKqfaXRfZ/1krIN0qyVFabEQstueHI2jII/OQtAKOQfnMH6O8O17sf5MgEOviup7p5w29xEPDrPlfAlefawLxHNQAAiWQhKG8OoXoFYLMH+qf201qKoE4AhKePA2PbNDChQE2ip//S8dOjgRTXYRG0DX/jOAyX5HDd8/CJ4yysCdboiJwJBS/0nQv/yG2chzwFh28Cv3berJDUDqKOTBLUMJCcCQyz1nwj9yWPHYqKA5ePGESCd4ZrYLRBqBZSdCEUWQJ0jQly1aLtIga9UGd97P5a1YyS8Ar0Cn2vx0QUoyL8Ory4ABErL0kT+SN0/KzTyT8e5EyCpOwDBVr/v0yYwT/Lv2lda0JeJJvJH6v5ZoZF/Os6dAEndAQi2+n2fNoF5kn/XvtKCSgM0kT9S988KjfzTce4ESOoOQLBlifi0CcyT/Lv2lRb0MKOJ/JG6f7WR1B2AYKvf92kTmCf5d+0rLUxpgCLyR+r+1UZSdwCzH0v9vk+bwDzJv2tfBk+Kvxsp+tevX9OI+x8osTXE96hsg7dDsVmBfSDuhIAlS+HUc4vwUuOyeCaAYl92ArCRfwBYv+9q4MlZpyPgL366sryfOTO+QP2Ak3+K2NNzGb2nDNVP3LsKjyGavk+OACDMCuBrAWEwC4CT/FOwhSL69H7LxqBc546PXQsAkfR9cgQAYVYAXwuIigq6yD99j1FEn96vXhNkaG3Zth3HDh+K1PCTIwAIswL4WkA0W44yCAosbETq7muEmBOCILIUuEhgEiGXpN41nncCsK73+bvrUjix1mj4wSP3mz8WSZFwTr4pI4CcAto5QC8rsJFgmxMACDIBXO36fDoKJNm3odIyAJe9f3wjZO1JkXBOvumLhZwC2jlALyuwkWCbEwAIMgFc7fp8Ogok2beh0jIAl72zx4fN66RIOCffvMbfdg7QywpsJNjmBACCTABXuz6fjgJJ9m2otAzAZe8vw9ufGAnn5FvW1GvnAL2sICsJdrXr8+kokNV+pWUALnvbNlxvXidFwjn5ljX12jlALyvISrBd7fp8OgpktV9pGYDL3vdXKorgkoDzVnaaMr4gvrIm34DrDbgIMEXfGQl3KfPb9hGb62HfJvBHzgTqMmDWdqX1e1z/ra8M2ucXqDr+ceDNBk7+Zc1+88pFJvrPnyWp1bRPO78kcPIva/ZbW5aZ6D85AADg2OA4RicvwaednwcM+Zc1+ytaWkz0nxwAAHB2aIjS+Su1X2QA1BAdv/5YxWukIctZ1/VZ00bA0+zHKvBHzgTqMpBhbQ0bv/8fK5q/0BFxALgQa8kyMGNN8ac/4NNjcxZdATcplo4AygDQovQu+2nKD5Lgcj74nJdj6Dx3ALggSfDIOxesKf5EeC+OTVl0BdykWDoCKANAi9K77KcpP0iCy/ngc16OofPcAeCCJMFnj5+zpvgT4b04NmvVFXCRYukIoAwALUrvsp+m/CAJLueDz3k5hs7/pd/tj5HgiYlz1hR/IrxzczNWXYEsTgAtSu+yn2f5gcv54HNejqHz3AHggiTBR48PWVP8ifCOnhu16ApkcwJoUXqX/TzLD1zOB5/zcgydVx0AgBfhTyTDWR0AFvuq8F/CGuREWH/nZWOfBP2SyLvMApBI3EPhAKh7/P6Xdkbe82dHnnFKz5qdm5djoG8q9rzFMwDSgEfrAdbSr5ymz1+3tizD8rZmDL0zGmsRyDMA0oBH6wG9pR+9XtHSgsbGZTh3djiWAcczAFKicADUEFkcAJEa/BzJsLfdFLZc3QPSZgFI5HG9hQPgkftLPunvcgz/A5003zezwGXfBdd8mxMgT/s+sN2Df3xjzCv9XY7h9WVJ830zC1z2XXDNtzkB8rTvA9s9OHt82Cv9XY65ODYbi/7b5vtmFrjsu+Cab3MC5GnfB7Z78JfDySnyQHwMr29Mmu+bWeCy74Jrvs0JkKd9H9juwbYN13ulv8sx1E5PO+eaq42rNP3eNd/mBMjTvg9s98DqAEgLzWGwdSaqrM+Rshb+L87paf1EwtUshBztJ8JWNpBgv3AA1Bb/OPCmqeGX2aP0fAnEn9H4+6zkn+Nr9+0qjU/MRET6yAEARNP3pdhfVvLPsWHLltLkxEREpI/X/HPCL8X+KiD/QOEAqCnyyACYD4x8/u7ghUjrt6Xf1yLNPssePvAOAF4vpUES5awE2Uayk9Lr8yLk9WSfr3v0lLv3sSTKWQmyjWQnpdfnRcjryT5fV3ZYkJBEOStBtpHspPT6vAh5Pdnn6/5gwp3eLolyHun7NvKdZL8S1JN9vu4vbP+Qc54kynmk79vId5L9SlBP9vm6Pg4A0zZPRtSBkEhrDgDeYo+T4IzkO5IBYLEf1Pkz1f99V2e27xQzlGtlvP7CAVBbkAMACGv3SUiaygFsz2h5EH8OygY4Nhh8VqgcQEb7CXkQfw7KBjg7FAipUjmA1ukGqJj4EwoHQA3h4wDgbfN8o+fVgLcgXw6q/772KkXhAEhwAAB+tfbyvGuMbfyVbl+bm+QAAPxq7eV51xjb+CvdvjY3yQEA+NXay/OuMbbxV7p9bW6SAwDwq7WX511jbOOvdPva3CQHAOBXay/Pu8bYxl/p9rW539/N2nAltN/LFE1/YKmbfLs6BJRhbennoQtQqf2IE2Df1dbrp3GxsoAE+4UDoLbgDgCC65k0b9KvQZYFcORN+jXIsgCOnEg/R+EAqCEWQgZA3i39stp22cvqGPnAOwCqtvK+u0s9Tx870Dfw1l7XsO5/d9sH+g9Q/799qaZqrMX9r9L933lzqefCxcTPPz65+wN9//GjF2v6+f/3P/5U5P6feP00AGDTTesi4773xFns3D6HTTetw4nXT2PTTevQ/8PF6P7UewCA/h8uRtvaE2YejaH15Jp8vVraP/Drh2p6/x/67o5Mn/8b1kRTzt8carSec52n49oxlz3bOBdoDW7zy586WtP7P/j3/6Q0fvYNrO25C2f6fhw5J4+t7bkL0yfDNo9yXuvqD1mPDQ6uwcaNQ1jbcxcAYPrkEMbPvmHWal39ITRtCPQi5D7knmgPNP6lp4J1aH1+/kzfj9G6+kNmvwAwOLgGO25pQ9OGNWjf9Ac1vf9H/vy3zOf/2m3X5bbuO4ffjryXa8vzrrE+uHzB7mxedHVzbNzgqeB3dPvfJLfwqiZ+8oshYfgg3v+tn/mtXD///7TnxhIQZE+0tSzF9h0dzvFpMnDTlvPKc4X9hWn/T/+f1yN6HP+9L7/vzP+h64YP9PN3ZfLqHPvuLgFAT9f1j9Frc5z+FSjgwK7rqtf+rOrYeXP4+S+/NsfpX4G6BCfJY2c2xYgygBj5/t4TZzE4NmTmdn/qPXO+/4eLzRryJ4GT/1rbrxfcsGZOJdpp1yC8OdSoknQ65kPgJWm3rZlmX3If9YDpkyE5B0KiTeSZg4g3nWtd/aHIa066mzasQevqD2HjxnCtM30/jpF/Aif/fF16zx0Q0yeHMH1yCLfdF6xPx5o2rFHJP73ecUubGVsvyJN80nr8n+180rFKMHhqKEI+gZCMbly/BhvX6wKhtUBx//MD105Igo0gTp2/7F2qa8u69ckALuwvDPu2MpwClWGx16hP7i7FInWf3F3Ctlb0PH3sAAD0AcC+u0t9ALo7z6N/eCX69mzp7e48DwDoH16Jnq7rH0uMiBa4IrCu7RJOj/m3z6pr8r+xq4RB0e5nY1cJbSvQc+Fi+PnfeXOpDwA6moCRafRdvbwXHeWU7JHp4vNfh4hHyjeZ4wBw74M6kd65fS62ztiZTej+1DoAJwCE5Dog9e9F1uU2a22/HsAJ8g1r5rzIsYzqJxF+vq5tnGsf2mvpIPDdbz2ByD4RfiLPmhNg/OwbhrwTIW/asMb85GOk84DPpflyLM8EIILO16FzdJ5sS1t0jOzxrASaUw/Im3hW0/5VzSsi79+fCvUrtCizjWBGSWltv/eL+58/WluWxaL/rshw3sLbPkLkhf2FYf/QwRHTfpMLdBbIB34ZAD96sQGf3F3iUf6eY6MB8dmzpZeGEdlf13Yp8r5/eCXM2CIT4IoH/f4lkkj+qXNxh4FtraRzuWJwoAEbu0o8yt+z+Krg83/1cvP5N2R/W2v0/Uhw3X1XL+8tMgHqE0Ssuz/1nomgj53ZhP4fLsaJ10/HyLIWWW9beyLmUOBp+pJ887m1tl9LcBKtpeRrkGQ6iVz7rudrPwmuEoV6A0+Zl4S6acMaQ6Lp+NqeuyKEmxNxchxI0s6j+XSejtvWIecAJ/1E4qmE4EzfjyPnJblf23OXcWTw8gM+p95wVfOKGNmrdJ7vmjRO+0d4f2oyQj4lFl3dbP4tRBT3vzIkkX86Rv80uM5JZEkzL+wvTPt5pv8XSFECQIQf++4uSdIv369fdSniDHjoo6fR3XneHOvpuv6xWKlAgSsG61ddwvpVOjkn0i7J+6lzS9SMgfWrLsXGrmu7NO8ZA0T4sfPmkiT98n135/mIM6D7geXB+/Ix8/kvnAF1AZ42f+L102hbewJAQMaprp6TalsUnafvc0JPc4jUn3j9NF491BhZr5b2awlX5N41JwukDdc6PnuS2QL0Xv5cCJBRdwIReo0w82g+gTsOaD0i6U0b1hgyzrMGtKg/rcWzDICoBoB0NGh7o8wGymqgc/XoBJBEL4kwXr4wFfl3aehdXBp6VyWPSaSR27aNTVpjoaO4/5Vjy8bWRPIvIcfw9y7RbS1N3bVWYX/h2SeMTygdYApUjHgJQDm132D/sw09XdcbqcruzvNY13YJzyAg/buum8au66bx8tsBueFkjUgaRXYjmQAAcHgc6MzvYnZdN20lkklIm7JeIAT9zvn906L5QEDoaRz/3PC58nfB59B7OSc3lFP7DV59LfL5R0cTsK0VfS+c6QWA7jtKAJaj//myY3JbK4DA0RWcO1/+3I9HMwEAYGwydBTkgO47SoGtw8mdJWLY1ppt3gJHkDb/nkmRJ/T/MPjTGKTUB+8Hxxrx6qGz2Lk9ugaRa55mz0X6ONEeHBvC4FijqcGnMbWyDxzKcNfyg296vkRSmYArfZ/O2+b57EET9FuIIKIsyTARdE64JeHn5QK8LECuT8coak86AdyWnCPtynlSD4A7EGzXIksZ6gmc/PFj2nHALfr2/tSkMxKtjX1/atK6Js2hcVciivtfOUgAkOAbQZYgUplGUM4WZS7sL2z7u26/Bs8+fSLTOgWSEXcA/OjFBmB3yZCJcl0/oX94JXZddxoPffQ0Hv/pOpw6tyQW7SVSx1/3D6/EQx89bY71P98Q2LojXxV6Tg7XtYWRaL4n27zCAZAd/L7ze82dA/yzYssQIKeR7XdB68nfZ24OnMGBBqCrhBs7A8JOdf2EkemA2D+wHP1PXkT/8EqT2UIwzgDz898/SAAAIABJREFUOiD/3Q8sD48dHQ5s3diZ6+e/u/M8+lF2AmxrDctwnndnTnV3nkf/4Q9edpWMkPMovEyvHxxrxL0Pri4L852ORNs11X2+Lse9D64254jg18p+rZGWOCeN99ES8B3jcgLYShBc+5Nr1oPTgOrktci/Rpiloj6P4PM1JMHnUXt+nJwHdFySf25TagzQObl3GfHntrjWQD3BFvEFdCK66OpmlTBS2jcnlrY1+c93Dr8dqxl/5/DbuHbbdRFCqxHbeialvijuf344dHAkUf3fBh5x9qlNP3RwBAAwNhHWh7e1BCKEu26/pib2f+FjG1LbzWqf8PJP3o0dq9X1533/21qW4tjgBy84NR+IuWiovr9/eCXu2TpiCARP4Sfy1d153hA+GQVe13YpkhUQIf/DK8OSghxBUWdORunYruumM9emA7VJO18ooN+5RupPjy0xafz89+ECHyPHSwcDEPz+bA6FtDD1/SPTwMfXhhF6lsJvyHRHE3B4PHhPWTMURd/WGskKiJD/kemwpCBHUIaNcUgcHg+P3VFCJLOHIchUSMC2Vr9xCxCcPEsiDgTR97Ezm3Dvg6tx4vXTuPfB1THSzX8S4aZUflLyp7n0euzMprqwXy9I2wWgEgJNKf5S+I+fr2Rtjjy6G1QLRKS1TAAi7jxazjUBOGxZApLM85R8Oi8JPgcn/fReOibknjXyzzMA6i36D+jETqsb5+95rbdW8+0ihpROTmO23NqNJWuiD+yckMr0czlfg0yRd0XNa43i/ucDStU+dHDEm8BqEeekuvFDB0fwd39/EmMTszh+chzjEzPm3/GT4xibmMWzT59QiXG17T/9g7ci61bDvrYP+a9W11+t+18NrF9yKfLvgwK63jADoJz6z6Odp8eWmBT/x3+6LuIE0IiZ7f3psTAtP1IGcLi9F8iPVGhElNt2IYmYagSzKBsIwZ1A2n2hDIvTY0vMZ4AcKny8LOFI+v3l5pQpp/5Hov2Hx8MU/yeno04ASutnYyHm8tcmus7LADZ29SJPHB5HP0RGArcNuxc1dj0CMssBwBVRNvC9J+Ip9RIkzCej7KSuP3ZmE8bOBOn6vD6fQKRbkvRNN71Xc/tPfNP/XlUDaVLotbR7V6q/bc0kAcEsegS+a9B+fTsdVBu8/p5q9V0EmSvz88i+LBng5zXlfv6an+cOA+mA4HoE/JwUDyTtAMomoGO8I0C9dAEguNLGJaQgnA9cfel5VJpI6LFX+lWF+qQ6dhpjI5t0vN4EAov7nw8CpfZxtLYsi2QCaIQuTYSbz3/5J+9ibGLWOBt4iziKPhOIiGrnAHhnKvjYH5+Ywej4LD73P99kxtrS6fm5tPblPsg2AGzeEA3yzOf1azYqtX/o4EgkuyBv9GztwN17wkDIt779SuT8qUtXFr8jJ8eXvnArAF4CUE79v+dX5gzZffynwUPkruumcc/WkRgxywKektxzbPRA6Y5VFZMgTiB9CD+vPQd0ATqNxJKTgEoLfKLZHyTw+8XvcaxMpKz9oGVsyDXk70b+7mj9ih0xlPr/P90QfkafnEb/802BE+Dja2OkPhMoo+DoMHoWX3WgD6jcCcCJeITw6+i+oxQtU9B0AxRyb5wE5dKC/uGKd15zUC08EXGZLk+EOailj0brgwj7OhNpP/F6OD+ov9fXqif79QLfNHxXXb+cazv+t4ea8YntU4lrJEHa0PbLx9SjXoAU3+Np8pK8U+o9V9OnNThR19Yk0i1bAfL5mkOBav+lE4FAxF6KBHLNgHpN+5cgcueK1Moosa0uXBJOwoXRMwCAg393Ble3rzXHKdWcsOXWbuceXbiqeYXzGuqN/BOK+58PeLu2v/v7k4b4aWRPppCPT8zE2ggS+eTEk2xQizggSjBlSjpFxWkMna/UfnvrUjOPk39OmH3T6afOX1ZF9yT5p6g6J+FAlPzP1/VXev8pWwII20fuuv0aTJ2/bMh/NdP/ifx3bg4ydP/j798OABg+fhFA6BBY6I4ASfzJKRPRAOg5NnrgmSNbeild/6GPnsapc/GU67QgwkwOBRweR8+x0QN9A2/t7cZtuURBNWIo92ATmrOpz9O5dW2XIiSzqiJ0Cbhvz+dMysQNXV0AgDcHBsz5p57+03kv5KbfLxf0W7/qkskcAc7H7lVAJs+XNSWmTYaArKmXooESuZD/MnoWX3Wg74UzvSin63c/sBz9w63of34cruh4IogwPxn8UcHYZGBr4K292NKey+dfknptDxFCL5wGsfWElkD/cDiOlxhcKdjYtgabbnovEkHX0vKBaPr8ppves5JqLsInx/T/cLEh7vVgv16htQjUxvieo9d/e6gZ61ddyqwB4FM2oJF/bVytIdP8gbBm/uDPx3DbfVHxPRtsLf2kcr+0RyRdkn9akzsWOLmnY3w8ORskpJNBahbUC5LStC8NvYtFVzc7o9VJ5JO/JxJKcyjqXK268nol/4Ti/ueD0fFZjI7Por11qSGVf/f3JxPntbYsi6SS03tak9DeujQSeSZIUqyBk1MZXU5rn8bayD+91xwA0knAf2rg6fTHT0afvehezPf1a2unsc+zJ+jcs0+fUG1WowWgJjD42Ye3onPzcgwfv4gvfeHWYMyRkQXrBFi/5JIh/p2bl+O7jx4x5yIOgL49W3q7O8+rRDptujsnhTSPHAqnO5egb9uWXux/a2+mKxLghNO2d01JPinqz9PW+RggWVQwT3DS/4ePP+we/FBYU5G3M4CLKmrEW4v6d3eeNzXyQdS4HEUup6vj8Dhe7gzKB0wkujNwEHB7sqMEwfWZ1LoTuNB39fJedDSh/3l+NKzpT0V46XqfbwhT8x8Io+19I9O9AHL5/NM9szoBaC8sM0AV/RPXaMZIxwHOJ4oKLhRQGj2JAXKSzd/HyXQ86s7V94GgBv/E64isx8k4J/G1s1/bLgA2+ETXbceTyPsntk/hbw81m78lvh0IbKRfK0VIWqtewGvlAcSi7TtuaTMp/by1HoBI2r02l8i4FBTktlx6AnJPPCNB6y4g7RKkA4FQb20AfcFJKm8zB+jkUxJPeY5HoiUR9YUkxBQpvzQUkpZ6J/++KO6/jv/ed7SBdwLQSCI5A3xA4/hPLe2ek9884WMfCEjqv9x7c6JKviuq71MiQKJ6f/jYawDC7ANCLa4/j/uvOQxkhgV3BFQb+3+nH6Pjs/j6I7dh+PhF3L1nE+7eswnf+vYrC84JIMm/RFQDgNKHy4QhjYq+hCTlzxzpEARq/qKHsn5f61yQpD5P0BwC1coEIOJPpP9nT/Xj9775TCTiz3FDVxce+pVfwIfvK6ePlZ0BeTkC6Nq56B4do/fr2i7hmSMd6B8OW0b2b+sICT9QLjcBgN0lIMwGwOFx4EcvNvRjdwnbghEkGun7++GfWZrvhY1dJYxNBq352laYdn9hyUrKz6sk5S+cQf/YJICRdOvkgFiXAqVzgWlZmNQJQJYYLHAdAKqvJwIO6Or4nHxLci4j9EAowMfr7mksqf/Ldn21sF8PcBH2pHp57bhPe0DK7NLGE9HndmU0P43afz2DR+TptS31XhJoreUeHQfi2QJcnI8IupwvxQRpDy899YZxRnAnAJ/PRf64E0BzPmhZDwsRVLtuS0V3kU8+hpNQwF2zTvCpmecp8/WmVp8HivvvBieIkuhpxE9zDsi0cTleOhU4UZV74GvkYZ/AyTpP5a8E5DSQ6/3LvTfj5Z+8i1deH445AYD5vf687r+0u2Vja2ImQR6QNvg+KFJO1/+lL9y6oJwA65dcQs/WoIyDyP9vf+UlU7YxPjET1QCgfud9QG8/gnZ/QDKJskVaX367KZK2zZX/+wbe2otP7i7lJQJIpN6HkGuRa9qvXM8FX1KaBb+57+ulz+zpQtct25ykn+PNgQG8OTCAx//q73BDVxf+8PGHMfDzw7ihq6v0n/b/dm4hW+3zwH/XFPkOCH9UkE6FcQ5Ez58eW4L+5xvQfUe0+wQnsPKzl4n8A8DgQPj5H5vsBUJ1/MRot+wAUEaw9/DzzZX/+wbe2ouNXbkpYJp74kPIxf3WrlNzEkh4Ow3qGESGeYQd0Gvxg4h5lFjLMQDQtjY8zyPvtnVrab8i7Ls7/vktO/HSLJOW5NuE91yg9fkccko/9GtTkXF8T7Z9JQkP+jgB6kULQJJwSf5l1Fyr9+fdBAYH12DHLW3mHF9LpudrOgPauNvuC0sEuH3+mpwYskRAag9woULg9XQ3q4ogQpeUhm6L5FLbOFsKugtEVCURlWvLvXLMJ8G878VvxI49tftrFa1Z3P/8oBFTGyT5s4nKtbUstZLWNJkFgJt8+trXRP8IUvwvjeCfBpk9QNkA5ASoxfXz8XnZnw/SL2Hb9/jETERX4eWfvLsgnABU708Ch0T+eeo/3efFcjKVAQDnI238ADvR5VFhSg2nVOf+55vRfUcJ3Z3n0bdnS2/P08eC2mcgeFC847ZcSBBFom2t/rTUcU5ytPPzoj6vgMj/nz89gDf3/03sPNX+S3AnwZsDA/iXDz2KG7q68Jk9XQC+nqsTQAMn3EHkm6LFFlIQOba7ZN6XBSk5saRMACCMaPPfgabVkAVUBgAgLAWwEHwD6hbQyQT1RqaBsUn0HwVwYyfQ0YQ+oLfnwsXw8z840IAbO/NxApjsHf202rVgZNrZ1cBF7K+0loCyVl4jzG1rT1jPn3j9NF491GhE/bTzHDKaXyv7qUoABOEnrZgIPgo8zv8veyKNin5a8DmaY/fxn67Tr0XMd0X+0+6rXsg/j8hLYq/VyBNh5xkDnHCPn30jQv5pLbLFnQFP/udX8LFPTMQcDTJiz+dJlX8+XmYNcEjl/0o1AH72R3tLRNYujJ7B0DuzuPff/0nF368ymizJqCuNW0aJfaLPEjYiSmtL4jnfpJOI/8O9/yP4/R+Zewv4k2/k4gQo7n9twdPMKWLMiagP0bSl62vns9p31f0n1fRX0h2Azm/f0YEfvxzoKnAxwtaWZfNy/S742tdKCXz2WG3Q/dSuv57BU/6BMPL//e8ejzldIhkAPV3XPxaS/7BdHz0YyWgqEe1njkSVPYmU9Q+HEf8+kNDZOPq2tPdiIHvtf1JZgqYYL8cZ4s/U6GumPi9w357Plb741XtiUX8b6efgY2jumwMD+POngS9+9R68OTBQyqMcgNfjy/aOEfzoWX9bNgfBJ3eXzNplQTq+BwAR8cGs6Om6/jFO/qldX/cDy6HWvJNT4IXgC7v/+WBe9x1l8byRaRPx7zs6bIT+yqr/2Wv/I2UJyu3lNfzl8oNgHCP3RPzHJoGOplgXgO47SvoxYU/tHrDA4IqIyxR7FyT51tLzpaBf0rrzYT8RjPS7SDLHQ782ldoJkCZtPik6L9flIF2aQJdEH8v1ALRjSfuyraeNrzWk4j9F8AcH38Bt94XnAFjT7QlNG9bg4M/HALwRU/Q/0/djDA6uwdqe0BkAtERs85aAPDOA71ETEdTaDNoE/7SshjQg4k+E7J3Db5fJ2hl879/881IlTgDeio5IqItwaj3q8ySElJpuq0evBfkn4h+7/6PAg/8cFTkB5vv+P3rg+wACZ4aGerv/acEF5WQ9ue28C64U/DTRZyAkdFntj0/MYGI6+Puukfikmn/pIHBlCtjKCabOX8ZduzYYJ0AaVHr9ElnvP0etyL7r+vm5Xbdfo9bR1wO4yv8Tf3YUQNhVgTA6PmvS/+m4cQD0bWnvjUT9tgUPfOHDUjCRyAdF/c2YMkkjktB9RxDxx/5nGyol/GSPfvJ6c1mPz9XogThx50Jz5n1Zjb5W6vOE+/Z8rvTlfb+Inz3Vbwi8D/HXwDsEvDkwgJ891Y8v7/tFAKjYCUDp/utXhffbCPxxQvjJ9JFAAz7vcCjER7oCed//vvfe7zUaAADQtiLoAvB8A3B0ONAFAMI2fhT1pzFlh0H/4+U6/xs7A7L/6msNqJDwkz3zs5OdEwJ9RniwjBhxL2cmSEcHzwYAoiKBWrT/SiD/QDwSrynu87FjZzaZSDwRai3yrpFwIFqTz1/Xyr41A6BM/G2kP4l8GycA4FUSwMsAfIh9GvKcxmGQJhPBpg/Aj+VN/r/9ueucqTevHQ4e0v745ZNef3d51Dysmw9V+Xk5gKYNQCJ/sh5fpuYHUfvwXOvqD2HjdWP4+78FpkZ+jn/yr26JZQrwdTQhQACxY5rQn0b+K6n/54Qsa8q3DURCbeSOzl3VvCLSK54fzwNaXTrtT+6HH3/n8NvYuH4NBk8NpRayc2Fkx1rgxeD1lXD/Hz3w/dBRceAbMSdAvd3/NLCJ/42Oz1qjvGlTyIGwvZy0Y1tHI51Z7B8bHMfE9Bzu2rXBa7yPg8AW9XdpCTSvXGRa9f345ZOYmJ5DS1Nj1a+fr1fp/a810lw/dQbo2doBHAm0vOqhFIBq/e/esylC/jmoa4T8HUQ0AIAgEgoAfdtae4n89xwbPdC3rbVX1gRHSwQCAhiN+jOCwNNH9/tHhnl5AdnjBJTGcPDI/67rpg1Z6b6jFLYgpKwEIlQ1VJ/n6LplG353/6MAspN/jhu6uowuQCAmGC8pyAJe80/327SOS/H7deKTgkBsCz5DpA2Aba24Z+uIszOBNwYHop9/oJfIf8/iqw70Ab2cIAMsAk8k3RL1BwDsvDn8/AdOAT/w8oKyPdIWiLTqY+CR/+47SiHpv7EzbEFI+yNnAP0cmUb/8FrjDDP6AFoJgQ1JJRN1BKqrd9XUE0h9n6vot609gZ3bQwI4dmaTSeeXkXv+Oqzpr7V9BfvuLj300dMqidVq6em4HEu19a5sAE76CS4nQNq6/8R521qNk4OTd+2abe+z7tOnDEAS/l96MPhil+n3RGh/Ccvw+itrACau43IG8HR7cgLQeq2rPxRJnZfK+0BAqqlef/rkUDlr4EOR7gJaPT4ADL7dYsZwUq/Z1Fr98Q4Esh2gjfjHsxjSaQDYarQB5FICQLARSSJ6x17pBxDWhkvimiX9PAven5o0pBNA5OflC1O5K8+77v8Tf3Kk4hIAQnH/s0MjUi4Vdy3V20bG0pJUGQWtxP74xAwGzlwAANy1a4Mh35ron0/Nv4z6297bwEsBdt1+DV7+ybv48csncWxw3ER687x+13HX2j7En1pG1gK269cyEjo3LzddAeqpPSCv9eegtoyj47O49abO2Pm4BgCJ85WzAXqOjR6g0gAtNb5/eGWokL4tmN/Tdf1jPcdGw1rnfXeX7tk6EhK3lKC6TR7Nt6X/ExmUKekR0k+gFHNycqC9d97V58ug6D/BRv7v3OlOBX7u1XjEjpwAAFJnAbiui2d+AHG1+YqhkIYww6SEdW0jmbtU2GDE+crZAD2LrzpApQFaajxGpoMMAQBoWxF+/hdfFX7+d95cwsfXBvNobApQdgqP5of/jwQpp//jlJFQLk2IkH7C4EADNnaVjJPj6HAvZTqEWT/nw7VdYKUJC6lNYKC+vy4WaeeQ4nuuuZqQn1bbH85HTe0/8U1xQwT5J7ja7cm0dznOVRJQSRp8UkQ/7doaIddE/Xz0CXzaCbrGEPHnhJ/S6EkQj6fME8bPvoGP/XIbbro1eAAkZ4DNCaClyQOI1dxT+j0QV+rXhAFdHQDo3KGTg9i+YZG5Rq7czyP0MlovOwi4ov4E7pDgpQppsfUzv9Uwc+hPI06ZC6Nn8OF/8VjV/uDxqK9GTPOMgGuQAnTSJpHOamFkR0D6n9r9NeCRb+DR/+uRyPkLo2ciEfWRHWvRcTA/Ap73/ae90nX98Y5HgQMPW0sBan3/04JHUzVilyXanNa+hrGJWS9Ffw3HT45j4MyFCPHnqFTkz6YF4KsRMHX+ciQbQLsHlVx/GqS9/zRe+6zUk2Ng/+/0Y9+/7jZEu57bA/r+/nUX049ebDD/ynAR4Z5jowd6jo0eIJLQN/DWXiJC2Hd3qbvzPNavumQyBCjK6ovTY0vw8ttNsSi8BiKC92wdCYTMygS1b8+WXpOdwEsSlIdSoz7fGVefJ6xruxQRHLSR5HVtgeMiq2jgnTvXRf7lPd4FSf7p/vNrMqTv8Ljpea+qg+cBUhjf1or+4ZV45q8a8fhP15n7TXvadd20VQzSC4MDDeZfGSYNXiHCPYuvOtCz+KoDVD4Q+fzvvLmEjiA7gjIE0n7+6d6qOgsChnh/fG0Q1S87AvquXt5rshP4559dI7eHo8PmWs2aI+wzvK01jPQj6vyJkP9trUG2Qp2KBp54/TT6f7hYjZRTmnz3p96zRst96vNta9eD/QgU8s8JPv/pW7NPYx/6takwo0ecJztJUXXb+r7j1LGHx/H4T9c5yT/tJ6n1n+++kq7t25+7rvSr37wHv/TgMhOFBwLiu3HjUISwc2KrpbV/7Jfb8Jtfa8X/umuD+h+Qr8Wj7Zywk4I+J9VaWj4n/aQnwCPzXLzv4M/H8MX/fSMOnbxsnBu0HxrL1+Qq/jSGdwXg9rh9KRRIe9lxS5vzd+DCsu2fa1i2/XMN7xx+G8u2f66hEvJvizRfGnrX/Lt8YcqqTH9h9Ix3tPnq9rXOCLq2NoETTkl4B08NYfBUXFNBO5YFROZHdqzFU7u/hof/2Vfw8D/7Ct45/DYe/mdfiRBqItW+qPX9dzkq6uX+54VaETkNaerNKfIvyX/zykWxfxpczgF5Tnsv/7nsb9/Rgbt2bTCZCq5rqiVqbd8X3FE1Oj6L73/3uHnfuXk5Ojcvx5e+cKupwZ9vkOhf5+blEZV/DpsTDlAyADhIGBAIlJKBeJSX1P2x/9mGHgB9dGLf3SV6TZkDQEDEg6NbegOCYScGUmzON7375bebsK7tklGiJ/QNvLUXvAMB4UcvNvQBKO+/Ny/1eU6gfZwXf/70AL54i0XGPSf8+dPJ7QQJtnvOr8mUf0RS/+MP+rmAfmdEwn/0YgOVBdB+aG+28pA0MMKAAPqfvBgcFGUApO6PV19r6Om6Pvz877zZfP5N5gAugtbDzpt7jd6ABZH0+8Pj3in1RuDsxs5IxkHf4MBekB4BJ/6DA8Hnv+v6oAUi2xfXN6Brp/Z/AMqdB1rRP4z4/rhgoSwhqBMEJDtU4O//4WLwlHz62bY2iMRvuimI2mvp9Ty6/uqhRrx66Cw2tq0xkX4emacU/O5P1da+CzbSq7W98yHID/2aXg6Q5EywlSL4zrdC+f8k9QLSCg3yMoI0rQ0J3/7cdaVfenBZJH39pacCEnvbfWFKPie93AnAQWT79VfW4Jf3uDMBaDxBRus5udbS8l966g2TmcA7CwDRcgE698SfHMFfP7ceAPDfvvoM/sm/uiVC2Gm81maQlwhw3QD6GW3zF2oKkKMh2mIwexvArZ/5rVyi/jx13FZ/LlO5Ze27rBm/un2tVVHe5gRIIrKuSDcX5ZPH8kDHwTOG4D+Fcpr/I9+IRP050mQBzOf9/91HHo9E/yPZDYoWAEct73+lSMoCsL22gSKZbS1LcfzkuLOVHRCNONv62dvm2si/BlnbT/BV9pfrp9UGICfAj18+GdFcqOT6NeR9/9tbl0bKRCTxrjbSXD85ASi9ft+/7q7m1qyQiv8aiPzza+L33+4AKBN4V421FM4z5QOAEWs7PbbEzOPHKO2+dMeqaFoyAxE6V62/3JcRIyTesw3eNel9A2/txZb23p5jowf6trT3Vqo+n7U2/cv7fhG/u/9vctEAAAIhwId+5RdyWQvQMyJweDwU/csq/OcLWr+cXUJI4yRKBBH4j6+NkliZ/s8cAqZ8AAiOl0X6+ofLYn3sWERbwAKT+u+o9Y/ti4v6AYF4oafmQHn/vT2LrzrQ9977vWaNsUkjgsgj+SbSb3FMWO9bnYGIcf8PF6Nt7QlzLN5O7wROlPlCkoo/ifIB75VJPdD9KRmJPwGewl8b+2Uodf9S6M5HQE+SZ37cNWe+cMOauWi5UPn/o8w+0JwONseH5ihIcmho54n8yyj8xo3xNnZAKKZna4fHyfRNtw4B2AoIJ4CMknPlfSL9nFTzeRzUMUCm5dtEA//d738E//Y3/gEtXevxzuzqyDwgIO1kl2cRUCYCz4DgmQW0Pr8vnPDL0oR6ARFPIp+Lrm6OEVOCTaCuGnXnNjE6G1ykM5cWdrtvxsjum4EXX8NTCIk0OQiyIs/7T+r+QKjw/7uPPA4A+OPPPxqZE3NsHPiGOg8AvvyVhxKvo+r33xO2fvFyjK3W3kXCfGrabfBJfZft6QB4kX9+3ofQ20g+X9+1lsu+rTtA2uvXUK37T06iapaH+MB1/bwtIN2H4eMX521vBBL+A6DW/lP5gnS8yfuvOwDKGgDdd5RUUkWR7V3XTZvMAIMfvdjQ03X9Y31o7+3f1hHLGKC2gT3Hjh3oG3hrbzdusxIgbltL6a6KGn05GwDlrggAMqvPp6lLpzr93/vmM/jiV+/BQ78yi+dePY3nXj2dOZWf9AAe+pVfwIfv6zatBdM6FrTuCgCiivPVJv0STKciWn+eA0gD4MZORDpjIPp5AJaj/0lR2jE4EHz+jw73SgcBANM20GgEbGm3fv5lVw4JLgZoRALLQn6R7IKNXSU11V9DORsAG7t6eUcEIxD4JOLXZIGqU1Bn4CR6rPz8rEXWeXSdi/CNnQnr7nlkvW3tCTOHE2+yWS/2NWi17rb6/6RxUt1fywJwRdpd0f8sEfqkMT7t/jT7absSSBD5B+yCeHROa8snwYnupz6/Bmf6hlQngIzkc9IOIEb+eUSeOw74eY3886wAWvvBf74Vf/3cJB767KSZy6P1BKlNwLMRpBgi7yAgyT6/xqT7N19IImGcmGrp6jzSrMFF3m0ZAq5xvnM0yGsIXmcrjQQQIf/0Ux7z2ZMLae9/RN0fMIT+qd1fw8jn7w6Pv/iaej1/vOPRYO9snsEjYYZAfvc/P/zTnhtLRDhk2rHWAUA75oJGPCupZffRIqDoPyGJfGvQCL2N5PuQex9QFoALabVVs4wNAAAgAElEQVQY5uv+0/F6KxO49aZOvPL6MLZsbI3U0z/xZ0fxpS/cOu9aAFz477uPHkFby1L1nrpaHFo1AHqOjR6gumNZ705RfSBoE9XdeT5S99038NZeqrffdd10hDDfs3Uk08XaSLds+QeUI4/bWkNtgrTktJzFYOazPTzzV40m8u1b25+2Hv33vvkMPnxftyH+mrBfEmjOnTvXGfKfFbwdIl1LIP7YgHmJ+GvgOhVM6wGIahRk0l4YHGjoWXzVARwdDsi0qHfn9rofWB4QYqby3zfw1l6qt6fOEwYfzxilsETQZcs/AMF+2laE2gS+5J9QzmIw8wnULaCcGeBd28/vXZ2B1+JT9J3AlfQDsr3JHAeAtrUnmJBfCGrTx1v98fZ8QEDeXz3UWDP7EYjov9bLnsNH7E5zECRlAtjW0Frr+RB1bX0fZ0GSw8DXvrZW0r3loCi4RtApEi6dA1Q3z9PnXT3vZUs92VWAE3GbyJ+s9ZdjCbwO/9/+xj/gr5+bjNmgiL+8Xr5H7pCg+6OJDtJPeY+047UG1ZnzenMekZbvswj/8Xr1LNkCeWQY0DXIa/NBx8EzAXFm5FkS/Y6DZ1IJAF7VvAJXNa/I5f5LIULSLPjjAy9Eyb9l7wQz7/OPmnXoGM8uyIJK7n9ayNRtTuj4OR+V+LGJWfNPA63tQxzl+aSe9Jronws2VX/52jXXd3zSGtq98Ll+iWref9sY+oxUWzsizfXLYxw9WztqogVA5B+AtYyCg99/awlAqPwfPDDK6C9F8gGUycl4JNLet2dL70MfPY1T55agf3glqAvA6bEluGfrCJ7Bll7sZ2JkCciqRh8RPPMFXQPCtnBcfR44b4hlUpSf9p0mNf3OnetMJsCH7+vGwM8PR2r3bRkB3FHwmT1d6CrrCfzeN5/BnTvXZXIkEGTrRaAcdaYa/Lxa//mCBMVMND74nUvdhawlAVz5X1W1f+EM+uk1RcpZpL3v6uW93Q8sDz6XI2dgugAcHgc+vhZ9L5zpBdXj+0BkOfD9ROr0gXhZQlrQNSD8/BstgRuDNgOm/CBJ7b+8b66rUW185OGe0j882udtsP+Hi02UnMgy1efT+/B8NP1eKuzLVntAtD6fovPamGrbl9cZjD0UuRc20T+tVZ8NmnI+J+/dd5TQX84CyFy/7wmv9be14s2hKe9MAVtLQFcWg3QY8GMy9R9AJJLNQee5ij2fJ4XxAIgSgTEAZX2T8t8G3kpPKyngGgO2tHwOrh8guwPw99s3LMKhk5fx3776DH71m/dE9s/FBekaeAtCbpPX9Wst//hPfl810cR6ARedk/Xnlar+864FP/ujvSVK80/KJkgL1zXkgTyV/iUquf+8FGFkx9rAYbH7Zuv4WPnC7puhhcmCtdz75qj2/fcB1XYTifMhf66o9HxGhbPYkuSfovsasbeVAFTSUYDb52UAsqTBhfm8/zaiP1/kX0NSVgRvs0j344k/O4oH/5cb0XckW4A7DSj9n4T/KunsoDsAyrXVWts/Aq/vVdX1ATz+X8t/dLYFUeSwZCBdurZLjZ4fp9T/gGyMl8UJMxAghr6Bt/bicHsvfvRiA/bdXSKxs/7hdaoooLxffH82/Oa+r5fu3LkObw4M4M2BAaPgT1H7L371Hnzxlm0Y+PlhjJ6ctRL5O3euQ/uGpRHiT8cBmFaAd+5cB+z7euk/7f/tVKxMOjsipRZpyizygLG1u0RlAAHOV64DQMr9Wts/ApHssrI/EP/89z8+AmAkSKEvl9QYMcE0kOSfBPW4yN7zLPWfuhG0rUjnZFBAugAYHGjAzptLZKN/ZIUQBWR7Y/erktIMIvIfebjHGNi5fQ6vHmrEvQ+uxveeOGvG/sOjfQ3//sefKv2bu37YAAD8tQsksMdr8aUwII3bdNO6ctQ+ENkD4nX69DrYY7z1HoCY+B6tSaiWfSoV4M4FDpmub4OL8PrMl7ARZ62cIM06WbUFshD6JGjOEBu4gJ0krXRso4V0A4gIBfL3TRvW4GO/DABbgaeP9PYNBH8beASeZwHQXoCok4Efp3OchPMIvVyL1v93v/8RPPP/nsL2DYswJZ6ZSPhwxy1tMSeAllFAQoj8OrV9ckdEeE+ziwBWG4OnhkyLNxfpdBF3XsNP43jXgg//i8cafvZHe83fVy213McpwFvVaW3r8upJX03SL5Hl/nvpECjp/wbkKKCfL77mpW8wX/c/C7KQOFd6uo2E0hyXAJ2PXSAgoBPTc5H0fyBO8LVzScds53zWTGN/1+3XAAjaAuLMBXStvdqcS2qvV6v7Xy+wXT85tGz3oGdrB3BkZF5LAej++uhuSOgOgDKJJpLLHQEk4kfk27TZk5HGw+OhYwDoNf3JQVFD/7rgtGr0PU8fK/dgz0mNXqjP9xwbPdC3rdXUbiepz/toAbRvCP8zUt3/Z/Z0YfTkrIngA8CH7+vGh++zq07+7Kl+jJ7sN2u0b1gacxq0b1gKvJp82TaQw2Nd2yWc7lwSlgLUAmXHDHfGkIMosyOgTKIDktsQdQSQiB9Ftp8MpsQ+/2OToWNgbLI3UjfPlPm9ENEhAOj/TkRkj2kE9Fy4WP78d+Xz+acSgrJjQYoXcjFQTbAwMUuAofcPtpeAMCK+c/v2EjBn3n/vibPYuT0gUOQE2Ll9DjvL83r/YHtp003B8Y883FMihwGJ4kmnQECG34uRYZsw370PEnFuVET6gp98j3QsjMCHonwAEfmQ4HPCn7f9cFwgPqhlAAB2gppEyCUxlinwaSL9rsi9pgtgm89FCWn8ruum0f98+WGYPqcfje7R5tzg16Y5G7R5ch+2vcuadCnIx4m1bMHHo9lcJI/e8+M33foG/vrp+FiyIevveVaArO+nY9weF+HjLf64o4A6G3Bw8k4dBeg4bwEoOwLIvUgnAG9DWM9Rfw5q4ebTyk3W5bsIu61loUvsT3MwaOOJJJNCfr31p0+DLPcfQEDcNYIvsgC00oUYyS+Tf5vNhXL/faLPbS1LI0SRUsl9atRpjE8kVO5hfGLGCLqNTcwa4g8Ad+3agF23X+Ml3CehzXHN8+0qkNb+9h0d2HX7NXj5J++abICWpvh3T63uPxCSaptTYj66AKS5fpnVQmM6Ny/H3XvKwZ0qOQEo+m/slEGZFDzTxqavwKE6AAxx39baS2SPyBQR3GeOdJj6fzXSTq31uq5/rOfY6IE+tPcCTWb9TKnJAjY1+r4t7b0YeGtv7qSUBA7L5REEl/q8T/s/jqee/tOG+/Z8rgQAdyJ4qP/MnlC072dP9esTyyBHwmc2BM4DIv9vDgxE1s4CLb2+puQfMNkqfG+aYGEaGOIO9Jro9uGQdPdjZSDmV67/L5Ph6Oc5bK33WM/iqw70HR3u7S97wYwAYIUwxHqEPSSMTYb7SVv7nwQSOCyXRxhYHBSAf/u/jzzcU7r3wdXmPSfElAZPkX86DwAb2wIhPBK9Cx0Hc2YukeETr58uOwiijgCZTm8T5otmCCAWoadz9z64OlZzH9Txhw4MIv4b24KHtL7/bwI8ol8N+1q5AcFG1H1b9GnjfUT60nQZ4PZ8nQMa+Y5hWyuAKa8IfdrIv5zH92RbQzoCDv58DBs3Bq+lqj4QkGJOtCVZ52vSWOAv0dN1/WMyLZ+TZ+4ckA4HvhcaK8m1JsZHToAn/mQcH/n4RvW6yYHAI/Wubgcyw0DTPuDXQfegnjQAFl3dbFK2JelMm5ZPhD2LUFzSmj7QItD1jkrvvxT/48TdEHtX5L88Z4S91uDbLrAe7r8kI1mE3bR2gXyN1pZliTXcNjLECdPxk+MYOHMBQEj8CUnCffQeSI7qu9oEJjkBKrG/6/ZrIo6AlqZGLxHGPO5/Emh9SfRrkf4v4XP9HOQEqEYpACf/nZuXY//v9Jv9+JB/Deonrm/grb2c5EqlfyJaL7/dlChw1zfw1t6+Mhnvf74hIOgZyQ+Ju0l0d5439dWZRP9SoK/cHYAEEpOQFIX+zX1fL/F6fSBwArw5MGCi9qMnw/8Y7RuWOv8RaA4n/3Su65Zt+MyeLvzmvq+rzgAuoifFH19+uwkvv92EZ450lCPPNRZ4K/8unjnSYfZWCfkHyp9ZRnJl2n6Ydt+QeP3m8z840ICjwwFBz0r+t7XqonskzkdZB3kTf4a+994PugOQQGISEtr/PfjVT5coUk/QW+AB3EFAzgEuhDd2ZlNEOE9G9XkWAYHmfu+Js5EoOu2D1+tra0qFfm3/3NbGtjV49VAjLr/VhMtvNeGdlycwODaERddPR+ZWw75sGShLEQBdbb+SNn0uomz0JTLYTdqTdGhY91H+rpDr+ZQkaPDVSkgqk+DR740bQ+IKIELW6T1F1rX6dknMOfG11fCf6fuxWRcI0/JpjtQLIBBZpzlaLf7goDsyyR0GvLafov10TXRPiPRrwoh0Dfw66Fg9dAHgoBRtHrmtRKyPi/4BwNbP/Jb6vUBZAWltyfU5KtUpqAWy3v9HD3w/EOwjob/dN0ei+VKY0FXGYBMx7Dh4xqxLYoD1dP95BwAJSpm2kX/eWo0jjUJ9kkidC0T+79q1Aft+7ZYI+Qfcqf3NKxfFiLn2msN2XNMKyNv+rtuvwV27NpgsB6D2959QK8Kf5fq1ve7/HXdwthKsX3IJX/rCrYb8//ZXXgIQRvRJkyAtrCKAhMf/a7NJL+bq90CZAN2xJIiK7ru7lCgE50nMbUJup8eWmPaDJgJdTs226RDkjnIWABBEiPsRpj+7hApteHNgAKMn1wE4jD98/GHc8M0wbZtq9oEgG4ATfBs48ac1bugKyf4Xv3qP0RJ4c2AAvDSDwLM9pIAhXSOVggDw+91XA6zzhFZrnocgYP/j5Rp+IGiD93xTSMIplZ+6ALz6mvse+BJzXtvPa+oPjwOdiJYklGvybToEuaOcBQCUSxuAUA/BIVRowxPf/EHDRx7uKclad428Ugq91hKPUtvlXCmuR5F3LhTII+rxNaOR8rEzm7DppvfU83yevA76OTgW2F90/TQuvxXct41tazA4NhRZo1r2o6/jDgCCRmK16LuWJl+JsJ9Ms5fnbMQ5S/1/kJkWX8M3E8GWveCbJcDPc9JLUW+Z7k6QyvwU/eflAHy+5jxwQYoKZknL55BlBjtu+RCe+BPgH14YBADcvC38XuNaBrQW3wvvcCAdGYODazA4OIaNG8OsB54lIPUD6ikDgMCjz2kIOY/282i9LeVfgrQAsrT5yzvboJbwuf9Sif+PP/+oU+SPULF+QbmMYATAU/iaaRVI+PJXHqps/SqCR3fbW5eqBIq3VqP3LhJG53gNtBxvq4vmx4n8U7q/Lb3eJ3IvFf992vbJ+dW2v+v2a0w5AL9n1bz/rii67dh8I+v1c+z/nX7s+9fduWoBEPmnln+//ZWXIv9/fEQbbfff7gAop/VG6t1Nqm+TId1Baj+QZ69vSqnnqvNE3mxq9H3btgT7qFD0LxGf3F3qA3JVn3/u1dPldP/D+OJX7zHHB35+GL+7/2/CgaxuX3YCkMKA5Dz48r5fjGQXJAkJEuh3QC0guRMGCJ0DQYmDpwMob+x/tgGf3F3SouL895EpI4BF1E29O2kDoDM89/+z9/bBUVxn+ugjbGQQCKFgKRIgGYEMshDSeG2MHTtkib0kJsauxEtV6rebm2RDhgRcN+XNVhzXxveXjb1lO5WUK3UNCQrrOHc/aqvYeK+NLyQubHaxnTUQxzNYFhLmW4AUCTxICNkI7Ll/9Lzdb799TvfpmZ6RhOepUmnm9PnqMy2Y5/143oP98YCZwiPzd9a2PO3JqU/uFu2AlYYwMEL7yO/zX9eQTlz+0DKK8DQAndHCAK3No56QfyL8JIZHufoAXK9VZN///Wk7T/6xXXel3WH17pJ5jtHBmofy8bkSP+8HnLD3Jg0R5G2vq4RN9skIcHzfECY1AokXZnoMEVGvzw0osuygRFCJP1PxPjkuCDoCrSonGLQHE72AsHuUa5toEajeq4wUUvBPltvTCewR6eYCgrooAOv6G545VKX7sg3L11UxqLj2hkwFA+BvH6lAy73vlDzVtCB9/t1elF/vJZFS3E9F2smwQGkS/Cz4a24QGW/efwLlb4eBjnybkn9d/z/8cl1aZ1iQUBkOxksouh9kKbyg85el/mxQeL9OAyAC8BSBgZZaPNOyyW1UePxRlxFgLM5flcdNOdMSKuLCSZjMyzZBEImUa9K+yOsvCbOJIr+J0J+OpKtSBAqxPlUImFVxja2DABT+/GlMtikiUSPX+wcsI0BUFQH8yH821RrkGL0BgLz1DY2buTEAABKwVPETAGKZ7vnwPOqIG293yEaB1OgjVp+nvHzH2/+Ksh+PBri+oUFJ4HkfgmVAUM+5bfs/l7Qtu8VXE0B1T2QccHt4ozMAhcLLe0qSWJamz4FIqJ8ugxHIW9/QuNkVXg8gcbA/znL8AeTn+XfOd1DfTsr/BFaKMC+w525IIzXsREcATAfA/FmwFP6tnPj9nVZofmuzFZJ/z5prGQF2iK8qCkBZ357B6w0vzayh9qKT8YEMDUS+uWgg72v1c/YplfZ5qgEA2/vPYaUBlLmMH1Gvz8+CiwDqBPOCoMq51yEM+Q/bL2yFANV82aQ6hI120K1DCvcqwg84ZFYK8NE1WS1ApZxP41RRAOQtp/5cO6A3sQs9PTWojdW4jA+0N+n1l/ugdALAMgDcsvoGbH2226XCf9XUEvu63CuPiFDpE/D7U0Uf8PNUlUwcb7iuaQE6Xn8t6/FS6T9b3PzNzSXdz/3Q9f0gSAvANILAKVE3dvJBOuRy/lX/9FLEuxHzC7HAgZZalxEg/PnnByoPv84QALiF44iE+ZEvFfnJhkCqlP45worw+Xnjs0G+1m9uqbKjAACvkny+z18KQ6rGBVUqiBJj9fz5Yc5kfXp9VOcfmAKQOHpoHTLkxg6XZGQn7yHHGrjy75sqCluHPiD0PCx4fr4JdEJ+YefJBTYJHQcCgEAaYUtLmiLzfLuff+ZlH6vn35V/XzkdgekHUaJ1ifP8VeWmt/DGpkQJhABgcufVqKsEgMsZL/VsD8nX5cNbnu568HQA+ZvSAN7YlCi5Z81dae5lp36cMHMlflLxd5Nrb6g+jZeGh7rKehzfNwQAGH23vz1x9NC6NX//+XRl7TnX/qyoCOfeelKlqKx1PPj7O0uR6rWIP+2psvYEi3qwzo2fjRQYVIkABnn2TUiyn5f73b5SY2HIoDVU66nWpHUJKsNyGE0B1Zw6qPalOhuV116mAXCvNSe7RLC5h57ek+geH8dBJJvPTf25sKAVVu8W9SPvPCfpUvmf0NNTg7o6tzr/6r9KtNNr2jcHD+GX0Q98fVWVAd42eOZAZn0oUxuuNJTPqkX3cz9M63L+w4DmkIaAXJBv8plPrI9/AWh/FNuWPeIh44UsUSjXXL3HXxiQI+rz/6vYwkieDR6uHEXpOFNCJHP+OXTeelNl/2yJfyHWpyiAhtpyzzkV8vzHC6J+/qIAef83PpHE2cGLmF9XEYrkB/UNTlAZJ5DCdG3V5+wfdA1anv87Iyr754c7l6XRNWivzfel22/UIKJ/fUMDrm9ocLVFCZUQYLJ/piP+11ThMoYUFEz9X7XPKw4ZAcC25Wnr3KvKnJ/UsOX5r4uo7J8f6jKef1qb70u3X0Mkd17tCk/n5fJ4WTxqlykDUhRQRXoB4IMdw+2tzaOINTRulrnxJCQo17UItxNGL9fna3CCTR5/xzjhoPT66jgA2yBAc5AxpH7xbOzvtMr9UeUAaWTgHn5eblDuRaUPwKEreaeCiSEgG8IsywZmA2Pxv5Dz8QiHbOY0PQ8qwyc94dIDDsAlbge4le5leL4s7yfBw+VpHzydgIOXJ6Tf/LWMAKi49gZbyJD2Pdbrj+dygMe7DuecU3/+bC/+8Mt1kf9/YKJLELT3KOrRe0rmRYig818f/wJW73kUq/c8qlb7zyOkwYH2wcl/Ic6fY2hkVOupJY+/6no+yCF5Nv20AEg13c/7L3Px/XL5c/H6++X753v95pYqrFg6F0d7z+No7/lIyu3pzj8s6HmhPXHRwvGKwaEPsObLC7Hmywvx46fezEsZwCCEPf/ACIDxAE6ieX59wQUAAXcaRFMFyPNM4oTkXeK58ly0MEqQDoAq9D9X0JnzfVtk+7SnveD5/xkjTLKrBEu/nkOe/wSBRaIV+fWFFgAE3GkQmfB/EsJsW552IkO6Bt3tBroAFMZuidw5vy0SbZGle9YQ6eXh796KAeRF56A+t3y3NG5FAYx6QuppTfd8J9CTKmXe/8ueOXWgcoTJnVejJ9WH1uZRVN5r7e+DHcPtgBX6L0UQeeUDfv8OkafIBGcfFPYvvf8kHEh7V0VP+JUB5O0qsTueOpCtp9zPo6+DKrc+SA8gTBqATtxPzimvmexXQpb1A+DxpksPNzcScPJM3nTez8/jTWSbi+zx3HuZlsANC7pQfJmmIMeqUMj1/YwhY4ls1NtVInz0nowAYVIC/vDLdWnen4sDhoFf/vmk8mmZew1Hmink3Y945+KJNz1/Itzr8UdbFJCXAcwXiPTbe2jTe/3Nzj9ayBrpquuAN7w7jDEgiNyo8vx5iTRe7q+5pSpnL72Eaj6/3P6xXL+5pQrNLVXo7BhwpQSEFb/zu64yxujmKGTYP0euz9/KVZZz58dPvQkAkZD/U5cm48dPvYmf/OyOwPX9rvud/4QwAOjIHQmhOSKFljZBvvYRa2jcnFhliQ1yAUAuWigF86Im/Ryz5l7jKhEYJaTBQmuE2V2Cguf/s894CywRQJ3oX85igOMAWq2FTPi9LVJY1xDPZ/5/rKFxc6J8apyvDcAlWoimClfVgiBdgDV///k0ieIRuOc+1Vtv17W3POiXXdekMCB53Il4yzkBdxlASjGQfWgNRyfA8vK33eWtRiDJ+4tbz3iMD213XUblO44x4KNDQyi9viy+5n81xq2xJ7C/sxT3rJkdeP987/wepUAgr5zAr0t9AEDv1Tch9abpAvT+7kUD2NHlHxpvQtb93ksERRZIDYMoIhGCzohDesWlV5u3EzmmcXSdh8fLsZz4yrV4vj+9lzn8RLaJoEsFfq7yL0P11akL/6/nDAq5/njN/6cSdD2n+gLz7Tl0SvzUFpQSwEk/VQSgsdlWIwgSobuuaQHwinmEJM93JxIMWIr4ZATINQw/m/O3ve+Z1ICo9kLg8wWF+oc+/zwgFwLnJxKng0ndc/Ikc8V/gh9hzlWEj8+laxsP6ze3VAGASxiQ5+nnev4mY2QEAteMaKgtx2rMS287eCyvjsZsnr+/Xr8I/cfez4vX/9Slyfi777yGn/zsDrv0X9j9+Y0Z1wYATqZ1aKs+54oESPj2zgGk/k9q7Kz8H8GPYOqqBFB5vrCQXv9s53kZv1W2y3NXCy9ibDUAAKCpAsl+YCwjMfIGTqZ1qCpzRQLk7fkn9X8uOCjy/32NQZoqAVQGkHflHmquAZDKfJ/yEwZsbVbrA8jQ9zc2JUpiDY2bpZo+4BYETPVeDU66AUCK8MkKBtJbz69TJABQhtF3+9u3vvT7dbes/FS68l6rHCA3cOjun++P74MbRKhNVkugKAcpAgioPeXSI67rxyHJ9Kn3Jtv/9qlSDcKG1GdbZjCMWn82UQs0LqhCgR84OeWebamCT7+ll1s3RkWc5Tg+L4EbG+Q1lZedE3euvE9z6PZQ6PU73kqh5cZK5VmY4MUffC0NAPc89mxk//9RbjYvRRfGCBAEnRGAogTot2n6Qcvtbs+UyqP80fkL6DnVlzPZ5F7+1XsexZqvLQIAbH22G6v3PGqVxYMwDIT0yOd6/g89vBZ4/FE807LJtedsDQEyskGS/0Kevw6rF85LzyhT/xsnCZ0UftNdVyEbkkMgIqki/4BeaI9fU5XUk8RbRdpNywCOh/VJGFDlhc/2/E2U6qNIPcgW3POfzfOXT/LP0X/s/azGBd3TuDYA8Br0nEADDol2kf9V8+PA/Hik4eiZ8PbYkbPtifmz4uRtBgaMPcty75KAUum/o291GW/ryY2WAWDWXOsP9UurGozHUlnAn/7jDuMxHK4SdE0r0+gaLLwhIKM9wI0wYxWJkS+0VZ9zPOiMQAOMRHPyXz41jtYl8UgFAVuXpLH/7ZLY1Ve1Jy5/GMfCasiKC+4IBQXE3v2MGt4SeN4ygI7onbvUHw/nl3PRbzIStD7dnN7709F2KQDI+9NafG6CLpce4GH7XiNBZa2VTjCpcQR41+pvqf/DE1Wgu3/VfTrpC/B4/1ViiQBcGguA3ustjQF+xFdX8o63WaVDvXObVBLwm9vvetCcYUP6/QT9sgFXp5eh+tLDLcvYEdFVGQpU83GoBAbpPa88wPvKPUuVfzk/j1BQkXYV8r1+y42VWesAEPkHLNLcd/yibQj4oPOf7WtTmr9i/O8wF2arm1PjIaGEqIwBfuBrlM+qNSbBRDKJiJI3vW5ODT46fyHn3HPygBP5Byzv+8DoIeBZi/hv+vXjzoCvPmzskY/q/C0jwHo8841NdptU6jeBJP9/80/rA0X+8n3+OnCy6BfCzcu9UV9CtuReF7qtI2x+gn8EVek83q5CkJc9DMZyfVkeMOhzyUbHQYrTyedH9wzNKCvF6oX5iQLIRbOgEPn+L20/gW+tW4KXtrtLN+d6/uNWBFCK551OTXZ9cSRC3VZ9DmiqQGLV/LgtCAhEJ07XNQhsWJlOrJofR1MFkrtLcDo12eXNB9yif1KQ7nRqMvYdLrN/VAhD/glE5MMim7UkbEJXaPJPYo9dg1aIOa8GkcG+w2UTkvBzeMTzxL3a519VBlROR6J8atwWBATcSv25IDUMtC5JJ8qnWjn/B/tBIpgAq8bBRP/sVAC+990l9g/HretjacvzbaF+8Wy0P9BZYoXbX7YF7azwdYu4Ugg/ierJUneWt9wR3NMZBHSQhFkSaVV0ARUmIMYAACAASURBVLWTYYBXNaA+NI6nB2Rz/35lEFVkn6IPpGAihypc388g4Of5l/PM+cQl5b/dQeuoYCI+qDJUcJgIs5qkDEgDQ5A4oi4lAlCTdJWnnBNcLgKoI/kjJ/s8QoEypYD6SYV9DkmwZS4+Fy6k8dy4QHPXxlZo77WQ63e8lUJPT/gqAN3P/TBdc5315ZR+A5YhoPu5H6aPdx22CVguInycvHHvLRFyFc6f7bV//PbP33Ovv2pe3XzS+6zbf7YYaKl1/RD5f+jhtagqtUrv0m/AMgQ89PBa8PMnsT4+pylyOX/d/ZjCpG++zz9X+In/EcKmCkiyE0R+OIENKvdHmDZzksuTHnV+/nhff+kdn7SFASXCnr8fuCGIY1bFNa7nQvd6LBDl/ZtizuRLiC2qwspV9aieNzWy9en8x3UEAP/SCKg9uUS49x0uc8pLbbC80rGGxs25CqNl0griNiGrJo+nm8irohOiwtmTF7Hl+dd9+zy58RXX+7X33W5HB+SCoMiLtuVpJJsyxpZ8CgGS0ODLe0pwp5P3HyYSY6LBUy7NlVNvwXoup1rPJJUGbF2SRmo4muf/6qvaE6lhy/MPWAaHg/1IIvM+sz9ldIIBqAxgz1bYue63ro+l6xdf68q5595+IszcO05l/wAiwfV2uT+Zjw8AJAJIRgNVJAD3vKvKCcooAEnEeVm/+sXutT86VAZg2L5/5z5P+N6/pUlwrSsiQFfiz8rzhz2G9kjXKzXfM/1EAHm7aYk7SfKt115vVBhBPdUeckE2KQA6qMQETaHy3EsPt1TB52Ol0B2F/3ORPJkTT79lmgCPOuB70qn40zx8fplvr0tBKPT6t6y+QTmPHxzv/gKUz7JI5rt/PGZfl2HWuSr5cxJ3XdMCV4h3UH6+aT141ZhcQefAvephvM8DLbXAsiXWmz1v2+Tf8e4vwPEu676O9L7qWZcwFue/qf3/U6YehIkAkOUFgUw6Q7tZqb9cz98UMvw/bCg3eSJNRM2on66/X7su9J+g8rirSujpPOo6oq4K258I69M57dp3ErEMUcz2/E0RVLIun+KA2T5/G77fhv5j7yO2qAroHshbFAAJDALAkZ5BzK+r8PTJ9vzHrQHAhESTJ8cm/xlCCjih07ZwXxae6lhD42Z6ney3cv4tgwPsdQn5IJ+c+FO5vyDFf+pH43I1BPAcevp9OjXZTgNI9mdC1cmzm6+KAJlIDHqb3D0ILJ/sqlYA6A0WEw1GqvkZo5RN/lPDsIl6JhLAFu5LDSOsQCB//jEwAlSVWWsurwKQdnnztUKFAYg/3Zze3wkXQa1fDFt878WtZ8A95ETuTZX76ypr7NB451rGKNBcGne86l4tAKvdnf+vMwLI+QmyGkGqtx51lUDlvSew96fO/Ttr6e+fixdy8p/qrUeqF7YBQ1ZGoLNVpURgw9z0k188Zs8bJK4XlPevaucVAt7tK7X+VpsqkADiN/ddsOcNgolYoM544UFTBXDkrHbPptAZLXRzyLN46isL0v/HP1opYHu3HcAtq2/wkGRVyLw0FARpAvBxHW+lrDDqZ7vjFdfGXIaGsrk1gUr9tI6KrHOjg1Tnp/GqCAASJyzU+o7Q4DvatTh4aD9gkayO118DAFz/Z/OUOda55F2bErZsNAK6n/thWob56+YmyDU6Xn8t0AudDel0Ed89bwOAIP8W+PnPr/104PmHDcGP6vyzzf+ncbpogHydf1jIcm2qaxLZhi3r5lARHyJrfuQ/jHc9qAyfaq7OjgFXPfnKGeG+h5MwX7brA/p0An5NhaV3fBK79p30pG0QTHPnTcDH0+emIvxHe88j3yKAOvjdP4C8GwGq503FxieSyvVzOf9xawAwIW2cdLdVn8PsRZecsU0VrDpAFmHqdy5LJ0QYM6qtNYl0crE5DhPxQj+Qsv+W51/H9Q0N+NKqBtvDf31Dg9YIwK89tOGzeG77UWx5/nWsve92AMjaEBA28iIveHlPCTKK/wDGJBKjoDA4RxfprioDPl3rjK2c7lQHyIL8o64hnShnIUepYaCqDMndJbbhwVX2j8NEvDCD9gc6bRFA7sEm0lxXWWMTYyK7YZT7ZUk8QuKFmRh9t7/9lu+WxqlNVg3gcFce8Ob/89fkceeCgNQn1Qsc3zeEnkYrAqH9gc6S+NPNRvcPWOu/uLVPePStCgJUZSCcRsJcPPSf88CNAECwhz8Iqn7/1TnN9fcZ1F9lbDD10ofNyc/G468K6VcZTOQactz/8/c70HTrPAz1W0YALk7HCS5XwydIgs9V7iX55XN3vXHMHs/XkVUFZLQAF9TTeepVc9KedKUAC71+FJUAWm6/A+Wz9ErrRFBNoCJrV02zyqx+eGHYcy1XBBFXIv/OvS3w3E+QyrwfHO+05r+lDPn3I9Att9+B41214/L8gwi8vC/TfhzRnH9uMPX66/plQ16CyA+RVlrTtNQf95jnIuTX2TEAADb5r5xxDVJDF5EaumgbAfg1/p72XjnjGnsegp9+gZ+QoGkqgbx/0gNogPuc803+VRgayU1jx2R9U8g9cg99Po0AqvVzPf/wBgDmhY1tP2LVBM+UxrMRQV54mPJtPKfTIaRMpKyrxIkEMPVOC8LJvd37DpfZ+9MZAbhnOgwJ5eT/oQ2fRcONTfjW2k02iSejgDQCUBv1e3LjK/jFlvU4+lYXntz4CtbedzvOnrwYSVpAUORF2z/ckk7+770ltkEgQo2AsYjEcIHl1sfOv289/1Qaj5AN4ZbgqvkBInuOXsA5dyoAqfRTOkD5VHOBwJ6jJUBD2o4oAOwogOTuEnt/OiOA/XdjmA7AQ/kBCtGnMPXZLm//iXe83mydcr/Me6d+kxpLMaVxehwYxf7OUuzvPMPItteT717fLbKX6q13tbc2j7L+zhwU4l95r3V/t3y3NJ54AOv4/FLhX3X/bbjW1Y9HTfD15L74vdFesPGlEvo3nbzzf958weO5l1CJ/gFqQ8G7faX23+WO7ircvWjAFm4Fprj/dgT4fEFe9bDXgtYNa2AwIf/y9YP/fLjkqa8sSA/1W++H+oHf/y6FT33OMQIQoeUkltex58YBndr+73+XAgB0vGX9frvrIv54Zko7gLgMs+dzdryVcoXL+wn48Wvc087JtvP6DdfYwq8fDh2vv4byWV6y6Uc++45fxIs/+Frar1IAkUxATTR5mwxDB4LD9nXlAQGv518aBXQh9bxPLiRUBR3hzeb8B0YPWZEu/2SJ8qnmjvr818e/ALQ7ugPYA5cQIYELA6rIP6U9cDz08FrPmlGff1gMjYxCVwUgF5imBuhwpGfQzvvXechVpfiyzbnf99qf7NfHTvp/3+FRAfw14JBgInkuUszsWUHGAPk+m/vnpQHRex4zykpdER+mER4mJFVF/Me6OoDJvikvv//Y+1i5qh6J7oGAEeFw6tJk/PipN/GTn93hOXPd/sKcfzgDwJ3L0m3V52wPNxF/3pbcXZJzOT5ZMk91HYCt+E6gL5myPB+PBnDlRevC1cnIkRFeu3vRAKjMHMFPWZ6HzfNKBkHwI/+z5l6DJze+wiICLAOAJQT4Cr60qgHPbXfGrr3vdnxr7Sb8Yst6PLQBkRoBgiIvkv1AZOT/zmVpKShXqEgMD+oa0qgqsz3ctoedteFgf+7l+GTJPBlST+dhG14s2ERclOfj0QCu5z+j8O9Zn4wcqWGL9H9a8QVSoUfgupYpk+mqZKBA/OnmdPsDiZJ7dt2VJvJvke/TnvB5IrLckx2k3A+csIkwwWrvwwc7htv3Y3q8tXk0M97RA6isPWFHG6giA6jPiXec0Hs/LQDa1wkWcbz3p6Pt5P3nY8j4IaHTGyDQWZG6v6lGAgeRfyDYK+9HeCWBDvu3aOJd17Xnog2QDelXpSIEzSWxbPlMHOhy/o/peCuFFkU/ndifrAxAILI7oxr43X8P4zZMx+Kb9GJ7cp6WGyvtcHki6dLzzsk5H0ued+7VD0Ih1/erjsDx4g++lu47fhFAL45n9HP9SBeRf8IffrkuffM3N/v+P0hE86pp0/HhhWF8dP6CNoe7cJUAvGT7eNdhj+GAk1BOkLMlppL4rvnaIkvp/yyMz39g9JD93iLlbmV+aQyI8vw9efrtj2oNARKc+Mu0BwAFOX9TUDj26oXz0gBsgqhLB5DtfvnkQdDVqKewfwCu0H8/D7nqPWBuDCDyL8l8rqD7ot+poYsYHPoA8+ZWYN9rfzKqaEDI9v6bW6qw9I5PYt9rf8KufSc9Bp9cc/95KUCVQYGemxllpXmLAtDtyQ8VM6bgRw/vxfy6Cvz1+kWonjcV/cfex/cevCkvVQFkGUDd8x8W5gaADClO7h5EEqVoW57G3YsG7C91O7qrnHJ8OQqPcfLPvzSqyD4ZCFRfLjkxbKs+h2T/TCRWzY/HtouoBTIEbFiZjm0/0p4gYlWdyTVfpCeZEvRFN2zpOSL//73/NNbedzsabmyy1fpnzb3GJvqfabW+xBPBp9cA8JnW2Xj36NFMX2vs0be60HBjE9bedxH/vf80PtM6G2dPXkTDjcZb08Ik8gJAbroAYxSJ4QGR4oP91s/CaosYk3f71V6nHF+Oz7+L/DPvucfTD6bCr/Cyu7zzVWXAwAgS5VPjsYZGd9QCGQJal6Rj599vT5CWQEbwzzOXH8gQ4mcgYNjfWYrHdt2VBsCU+92lTiTJJ+KtI9oAV+6HRywPOIHKWmA/pset/PoTrjWckPsT9jhJolOZ74AyUuDFrWdABgX1nizve2vzCezH9DjXP6D7b20+4RIw9It2kO/DaiT4QZJ9VX17ncefyv3t6K7C2tu8xgzdOhK6SAN+3aRNiw0r03J/fvfJ96RDLgaInsMjqFtQhp7Dzr+tt4hcdhVxVeW5d7yVwlA/XNEEg+fdFRBkVAGlDqjKDar0BPyMDio9Aj9jQCHX140FLMLOvc3Huw7bpM/Po87BKwSUz6r1NQJwL/OHF4Zx1bTpnhBtKuNm7ckbju8HKQgoCazf/UgPucoLDlhnVDenxiWc5+ednlQ+LTNPrYsUU7m7XM+fVwgon1XrMQJwD3y+z982CLQ/im3QGwGI/HMDQv7PP3dIQ4AfONFTGQpyCclWEf9cQKTZREyPk38Zys5JGu+nIpqq+5dpAsdODmLeXLcQHCf3puJ/QeD3v/SOT7oMATPKSu3PUpJQv/vnoFx/FbjBiL+OugxgNtEKEv+yqRuDQx/YooBRg6IAvvfgTdj67wdd11TCjGHO38wAkCm7RqSYQITKKoF3GrgN2PI/8+NAiFB7BfyIHOCOCtCROupPIeOzKy9ZnmkNYg2NmxNAxkBwpD2BWXEqZ3Y6dc6XZHKQ1z8f+ecPbfis7cmfNfcaPLThs/Y1EgzkbVEjm8gLNCl0AUyjA8YoEsODuoY0OCkm0H1lSuABU5H4zftxtC4xD7VXwCHaKvIvogI04fV2/0zYPpoqnNQABeznv3xqPHb+/fbEwX5L+b9yuh11YWIEaKs+ZxnODEP/39iUKKmr/Hy67a7LjKhb1+5Zc61N5K12h8Amd17tEr6T0QBSuZ+Pq6yFTbB1Hn6XUB5gk2jqIxX0HcG92fZeuGo/3Qd55/d3luKDHcPtU+6eHqfxzr3ANiKQ8J+jKaDWKnAbHMw1Engg9qn3JtvEfc4nLtkk9r86Le/X9TWj+K/Oafjz5gseQkz/BtB4/u/fqfcmY8fzpd7Slmx8GJIfVo+AxvD+a287jS2YH9eRfz/PvlxbpZVgYgTgZ1h+fS3QdQ53/+Uc7PiPU65+e7dZnu8WOKH8nNRDtHe8lQIy5P9/Dgzb3n8dJBGW5FulOSDz7Xk1gZ6eGrTcWOmqVsDTGFTgZL0Q68uygxwy1JxIH+BPqoioSvIKQJsOoMsvn1zzSd8+XADOlIxGVTFAklBdybmgUnTXNS3AQL9X0Tof5y/TAQDLCPDhBfX/Ufk4f0oPeKbFWZ9Dkn8dojz/8QBJTkxJGPceU7g/ha1L8btcy+npvOf7XvuT7ZkPQx798rj5ey4cWDnjGntcauiiHQWgqwDA9xrV/fO0AD8jQBDoPnQRIyrkKwog2+cPcMh1xYwp2PhEEhu+35Z3QUAJ02oaHHT+Zmail/eUxI6cbac63rMrL3nq3BMpX3vbaYsEMK2AXDG70iLU+w6XGdV453ujfHH+PrFqftwmq2KfdB1NFVi6YMRDavncluFjREmGdWJX2eC57UdtT/5DGz6LLc+/jic3vuL64WkDR9/qwnPb/asFhAHdIyfR9CU/yFjjOecNK9OutjuXOefP+gCw6823LU/bZNKkhjfgNlbQc5M1eo6WxK6+qt32/jdVeOvcU/TD/VMtws20AnJGUwWS/TNBf3+BxJrvjZT72ftE+dS4bciQ+6TrldOtcTKdgM+dMXyo0hA8xiAf9KScL+JU914V4k6wCPgJj2dfVd9eeuG5qr8T+g8XaZfjuHGB74+uUZsKrc2jLBrBvW9O/mm8vP+6yho7QoDfE4FSIqjcoMroIe+PV1XQgcipKsIqKN9+R3cVdnRX2X+DO7qrlP05VOHzupD/sNCNCYpMkOOD0gPC7E3Vt67O8UrXLSizBft6Do+g5/CIxzDQ8VbKzukn7PiPU3b/GRljPZH/226YDonexC5bfV8SaxVJ5p5zHj1Qce0NNonn5JvmorV0pLvQ68tygRzv/vGYktTpPKa89nzL7Xd4yGuuRIt7gek9/7HECGtdP9lAGgjk/dJ6gHNf1zUtQM+p3MQUJY70vprX8w+rzB/1+avWV7WN1flHAR1RMynlxnPgVZBEh8j/0js+iWkzJxkJ4PkJ49G1oOtE/oP2qKtSoAO/fxIPVI0lIwAA+74Lcf+8OoEOudw/QfWsNNSWG0Wa5IKwzx/1pwiAlavqEVtUhTmTo+OAFAWw5ssLjc7O9PyN40QSq+bH25ansfbrF5Te1B3dVdjyq2nY8qtpDknh5C4HBIXTc1IOQCkeOOcTl7SkxCb97D315YJ3qn3RF2RpBDj13mTPvrLB2vtux7tHj+LsyYu2EeAXW9Yrf4j8nz150SUImAv8Ii90aReAO/LCRRoZfEnihpVpvLynxPY4N1XY65kYAShiI4rPAMgI/S2sRtvaKmvfkoS/2ovklgEktwxYRoLUsBU5EAUyIfVaiPNViQe2VZ/zknkCkX72nvq6Sg0q9mUbPoQRINk/U/u5q/Di1jMZL7i7vB15zSXxJkiCL8kxV+8n7zth709H28kjLo0Oqvx4AMpoBK6sT23UZ39naSZlwdnnC487z+9Hh8rsdcPeP63Zk+qz9RIoyoHfDzeQ8HtwUi7MQOSeXuvQVn0uE61jjjDkWaemn+u8kuirvPx+962KVPBbXzfXp/58CEBGByBjBKgoL0PdgjI7hJ88/vz14HkrfYD6Ahbpb56r/2+eiDMn1j09Ndi7zSLIkkhzrzrgFu8rm1uDnp4aV64+V+Lv6anRku5Cr0/aADr0Hb+Inf/2Mnb+28voeP01m4xJMmmac33X/7pTe02FDy8Mu34IlKPOIQkqYO7N98P5s72etVRrz7+pDZPKp2FS+TSbjPac6jMqQ8eJL389MHoIu3Y9i127no3k/Fes+JpnXT9DQL7Of338Cx6NA0Dt/S/E+ecDpl5aInjZlAUkkPdYhvyrctxNCLJOLE/+SIX+sKHjlTOuceVxm0BnbJB7oT3L91He/4qlc12fczah8zTGxCjE+0VtBMj2+ZtfV2E/f/S7et5UVM+b6q4MEBHICKCaO9vzN0sByHhtly4Y0Ya289BfuzpAjrnQJqAccLknTtgppJXv1SKG55wcangJKReak3MSTqecubnQVdhw81lzr8HZkxfxmdbZ2PL86yzvvwtr77sdW55/HQBwfcNRfKZ1tkfI7+xJK8efqgNQmgAZBbItBxjGc66KvCCjQVv1OSS5919CEYmRzLQtXeD11PGzVlWMoM8up9B/QuuSNHnStaHtRJoHRpzqAAV4/kkwUObbc8JOxhjXXomc87QAYSDgJf+cOcW9Z9IDaC/22RiWAaQSgLxWvePNJ685tF5t+VqlpA8gUzrQCq9PvGD9zU+5G/H9nXAJDdIYauMede7J56D3XCeAzyP3tL/TCutvbR5F4lAZC8kPd/8c/PwA738QKj0CDj+Cezo1Gcn+mZ7qH09+8ZhdOYDGnnrP6ju70tKHIe2VIMiqA0Hh82HC/3Xh/H6EP2gdP30A1dxB8zp16R3U1fUBqMSn/nwI77zp/Xd4SJPSNnh+BDOqy1zXuRGgp6cG9HdMZLni2hts0TzAyZPn4fiq3Hwi0tKjzr35jofeufYPP7sV//s7b8S/eseC+F+ssb68FHJ9GgswVU4GyuH3lsPzwtTDz3UBdCAyqSKagD5lYP5NbTjyZlJ5LVdwgTy5L7kfOoswUQ9Kj3gmhz/K87fm7Hbl/0sU6vyrOnrtFICgiIR8n39U2HbwWAkXBAwCJ8AmIcwqokbefz+o8uGlKJ7O2y3HcrV/3R5198HD+Qlc9T8bIwKVFqR9qbQPorx/wtI7PmlVBxDIVZTOFDPKSiPRA8jl/CU2PmH9/W/4fptdHSBqcD2Al7af8FwPex9mBoCMoFdy9zS0LU+7DAFExIiE0Ze9QpAfnSdYklbprVYZDThBousydFynZB1V6TkyAqy973Y8ufEVPLTBUvlvuNG5tuX51z0lADk48QfgKgNIa0QFeR6hIi+aKgBkysjBihThpJ/eE0h/QRplAHeuP9dpIJHAnKsBpIaB1DCSBwEsLHEbAoj0EhH/jTWkEM8/lV6U8HjrpSCfymjAyT9dp5QD1q4i9irNgjCQIe4875+U+AF17jtBkuL9naWuknjcUDCp0Xl+SASQzyk959SW6vUSaT53SnyP42umeuszmgWX0dpslR7c+9PR9tLr4VsGT3ePXPyQGw8oagBwRAdlf15FAYD1md5mugsHOnLLvf9B5F9VatDPCBA2799knEnJP2k40GkAhNmnKjqAROp6elKKEQ4W39SXIfKWoeCdN53XgEOEpeifBDc6kBGAFPeprCAPm6f+XImf59XfsvoGADe4vOs0Rob5/+0jFWO6viw9SLjnsWdL/vDLdWme562CqYiarAqgg6oknRSjI6+uiRc6ClBefcvtd9gCebSWjgzngme+sQn4p/VYH29ElOfPqwIAUBoBCnX+pAWwDY8A8M/9L/T55wpuBOCQed5B9d9VJEbmm9OcqpB0k5x3mR+ve0+Qav8qQi9RMWNKYD/T+9e18/346QJIhL1/iRVL52LXvpPGHnw/BM0RxRo65Hr+hLODFzG/rsLWAshXRQAAxgaGIGOAkQHAqtdspQGQN3ZHtxUKTaSP1J7tcPqNBfB+ZuBHwFVRC6poAN11k/mihN4IYBkCbl7dZlcHkCDST8g3+c828kKOsQg1XP3knIWKxFAhdvVV1vNfPjVue8Rf7bXy66vPIYmZ1vtM/n+m5F7Bnn8/YT5V1IIyGkB33WC+XNDaPIoXHh/BvQ+XsTJ/1jXyfvN69oAT2m+Furt1ACjsXoKPTfVejZ5UX8bLf8L23EvwvHzAKeNHwn5yfhIGlJEJgDcCIXbvOezH9PhHh9xz0H3xMfI67Y1HJMioAWu/6qgBroPglNl0f9FVEVhVSVYd6P8HDpUxIFu1fCCYuOcyN19DruUXFWCydjYihoS6BY5n3/bw1znXACt9oOfwCCrKnX8nO09+hNsU4vtEiqXCPnnZuWo+J9oAPPn6/L1OgZ+De/bHan1dBEDf8YtoYRl0qjr0JMamEqaTpF+K/+lAJeh0IDV61TiJ8lm1OZcMJFE9ukcZDh+0Bz9Y92kdixTEswi7W2gv7Plz0r/12W4AVik+LFsC7HlbuadCnT8ZAezXGuT//PMLVXm3KDzER3oGXd7/XEXudGXwZLtJqT9dSDl5603nCQuaP5uzML1/agfcgoDoPW+XgYwyCkBWjcinISAXcDFDLggYNeZMvmSJDPogTEqDkQEgcfTQOi7etuVX09C23PlyN+cTl4CuQWzBbNy9aMBXbT9KmBJxTlRVOf1EHIPmIpIZSVi5D4iokxEAeMUW+AO8RF+CiD/NESXxB6KJvJARF/TMjIdIDInE0UPrKA0ASFt5/gudchht1eeQTA1b3v9P1/qq7UcJUyLOvf2qnH7biBE0F1UDUKQc5ALLI+/kwlfWAsmd9QAs739l7Qkkd9bbhJYILy8HCHCC7PbSS8G+4/uGAJRh747h9r98Zl68fvHlzPyXXYJ/BMdYQCRbXy1ARf7ldR6BELv3nG2w4Pevys+XaQDy/lUIjJr4z/PasUGQBoEwBgICEWuVCGCY8Sb9+Lymav98P359pDffpLShhMojPXjmgO3dzwc4+Zbh9USYZZ49tUkCz0GEm5N2Vd7+WK+vwz2PPVuCx57FH365Lu0Q+V6QGj3H+bO96Hi91yZ80tsfFfkn6EiorkScCUxKBMo8/DCE0+++bPK/bAkAYFvHI8Czj2Lrsw9jffwLDpE/C5icv/T2b322G9uWifJ7y5bAilNy/s8r9Plz4j+W558vSK9/LuRNKv4D6nJ/OsE7nTdb9te97+wYiJS05ytU/thJ63nmURFR3L8K02ZO8pQHHBoZRUNteSAJ5fev8sCrQCR7PBsBeFWA/mPvR1oRgMh/FPoCtE+zFIAMSIncfr+7BADzznYNYgeqnFDuHEoBmoCTQFPPvK6PJPXZfJmNGlTq7+zJi7YhAIBW3I90AqhP1MRfIpfIC8BN5MdbJIYSAyNIbmH/6R7sRxLVTp58atiODEDrknQupQCNwL32hp55XR9J6l2lBvOI9gc6S+JPN9shgw4Jdnu/iexSH/5bVx5PqvVTdEHs3nO2DgCBvOJOqUBHuK+ussYTacDTBNzj3OvTa64TcM+ay7Y+AN2/nLey9oRtBKC9yHuUlRJo34CVArG/8wzqkfm27gAAIABJREFUKms890apCNbYcgBj+++dSQg+oC63ZzJeBU7Cg0h9mHJ+3MAQprRhx1sp1NXBDn/nYfwcdXV9eKdff80PYdIBiHxz0qwj34BVqvCW1ZannsZKjz33wksP/XhYX4Wbv7m55MUffM3+90l6my3SZxG3XMh/vmASBeAOtXeTWPJAZwtOPIk0K8lohvwDlkHgmZZNVoh++6NW+b4Mgs5fR/5d2PO2a718YsKcfx4wNDJqawEEkTadajkP9/cj/gSZ204I8orL6zwcXiWyR578yhnX4NjJwcBSctx4oDIkBKm2h1lfZwTwg9/9qyANCtIQQNEAQfeiOrcgYwA9C7nm/+v2EdYwQ0YJaZx4afsJh6xHZARYuaoe1fOm4kcP78X8OkvHS2VMMr0HcwNAhjTEjpxtT8yfFSeCQEYA+xoQt4hE/skDgQwQXBSO3sswdBVhlH38iCWFo+ecVx4CZAgAHLE/FQpB+oFoIi+4cB/1G2+RGC6kLOIfu/qq9sTlD+O2lz9jBLCvpYbj1LdQsA0QROxJ4C+j0u8KxVbl8Is+foYEWxhQowcQFres/FQ68QKQeGEEsXvPeUg7oPZiE9lVk/x6V5g7Tw9ou2s2Xnh8JiY1jmBK4/S4SlgQqMf+zlKb+Mtyg3IMpSLQfuS68n7od/sDnSV0/7F7z7H8fK8RpH7xbLy49QxkdANfh5N/p8ThZZFSUG9HVFTWAnh5TwmwLL0DVbh70YDLECCNAvS35pfXv6O7ytYA4JE9NroGsaPLnT+fTWm/bMFJfVijg05AUBUdEEZT4MF/PlzyFJCuq5tik9uenpRtDFh8U59xFMDv/2sG6jL8aEY1MKgI8Nj6bDf+eGZKO2CRaS4EyFX2iXSTJ52H6EsvupV773jog0T7qA8J+I3V+iYgEm8ZAnpxvAtaEkpCf33HL+aN/E8qn6bMV3f24vZC67zLgCSfzhwOrNc6FX4dVCST2iaVT8NH5y9kFOsFuWWh+WQI2NbRi9V7HsWarwE4C9/zJ/HAgdFD2Ppst6UpoIImBcAEV9b55we51GuXhGZw6AM73L+5pSowN11lBFARWh3J5fOr1jLJ6dfBNIXAb45s1s/l/v2uS5BhRqUNEEXUw6yKa3C0N/uoRROE2ef8ugoc6XG+B3NhyygjPOZMvoTvPXiTUe5/9CKAQOaLIoCGxs0AgK5BRxsAs+J4eU9JAkAs070gCuhwyD59WeVh44CeTMo88SAjAQeJy40FZs29Bl+a2zAmaxOyId26aADp5R+PkRgAgJ6j7uc/NexoAxzsj6PnqPX8N1hfQAr1/JOYou2xZwJ+ACwjABTefKnYX82uBUUR7C4B/LNQjMFD4C2vvEOyVcSf58ircvd5XjwJCNJ8iRdmIvGC4wV1SLI0NpxAT6pUa0SQ6En1ATtrUFmrDvvn4+V+Y/eec/WlSAMeiUAgg4TUQuBpESfeOW0LG3ItAAvO+k6EQadrPyTomhew/zMA62/kZrTE/cLr/bz/phUDwhoYVMKEuj3pUhj8oOtLJP9Tn3O3Lb5J/0V9RrX2kgvNcye5NAEI0pPOSTMAD/nmXnhO3Pl1FfnmXnk+91ivnw0sIucmYpyE5gIiZzpMrlF7Pr178YaiS2+0yrOsU78Poypv4mGeVD7NmvOVzL/HPoR8oKUW2OO8z+X8SfjPFgFc7v6b+Nidfx7BKwGQd1Tl3Q/C0d7zxuRfBRWh1ZFclfAf5dariHcuaQFhSWKY9VNDF9HZMeA5s7D3L2Fy/qoKASqvPt2/icdfGhOi9P5HDbqfwaEP8IvNb+Nb65Yg0R2uLLIfqNpArhgc+iBcCgCQITYZcpOgRkZ2CkZ8GFT5/BySsKoE7IJyzGXIedSe56C8/omGMJEXRPLHeyQGYD/f7uefCf6NxfPPy/MpBfwkoVdUAQhS+/ekGEQkAkgh8Ps7SzGpccQ2ApDw3wuPj+C6pTNApe1SvXCFxxPJ5znzloHAigJI7rTU94/v83qt9/50tB3fPR3nRJpK8vEKAjrPP7Xfs+ZanHjnhMvgwK/TGFll4Nb1sXT7Awk7BcKrH6CORPCLkACgjETg4MaGrf+Yacx45u++zyK3+Ta8yb8THflXqe+betrl/LJ0n2l4vt/1bFIXVOUDf/1aSfufdXXHP7dqETre8lYAINX/XPUAfre92/Wee8G56B6RawqjB5wwfE7C6TcPty+bW+MS5CNwNX6VF34s1s8WJEoHeEmnieK/CrwEnSl0eeCS3BEh1ZXV42vmqjIfRKJlDj0vied5rxHs8zt/mQbgupYh/qrSex/X888ndKH/OtKna1cp/evAySzVuQ8KaedjVSSXE20VEee530HEXt4jlfPzQy7r53L/2QgKXjj3kV0hoAFej3QYkToCD7Mfj1DtK8q9Uvm/n/zsDrvaAEe2z19oA8B4g45Y+sEvt5yuEzFVea2jJJzvHj2KP2zLT/1ek7Vh6EEKCxMtBvo9ESMxxg00If1+KTh+Kv/29WpvKoCxWGBIpHrr0dpseaZTlTVIvABct9S5fnzfEK5bOsMW40v11meE/DLXMROkfn7d0hk4vm8IkxpHUPnOKI7vm5kxIMAW3/vokGXsu+W7pXHAWyEAuOzx5KvE/Tipd9IOvERfJdJHYfpviHZdJAIvjcj7ybG6qAl1qkMGL+8piTU0bk7MnxXf0Z35otU1iLVfv+DV+aDSlwbY8XwpKCpFh2zy98MgbDnBILV/v5KAflEMck7Z1zKINALbu+MA8LlVizzzcFAJQPmag6oEkOefyD+F/2eMMHFOxjn5VnnKySMvPe0cPM9eqvPz90Tax3Z9dRUAHfqOX7TD/Il4qgh/2PB/ledXR0SzIYZ+3l5a51Kft8a5JIqmyvM6EqojnipCrsLA6CE7zJ/OX0X4lbn/Pvi4n38+ka1w2+DQB7b33xTSk82NALKfjhRz4T/VnvKNMMaDIFAUQDb3nw1oLE8F4PHKfP9EkOk3PSMVM6bgSM8gZlVc46oAQJhRVorVC+el8xUFEHT+Jp+PvKcocOrSZPzdd17D9x68CS9t91atygYT3gAgYaoE79ePvMs8SoC80/nKO9fl9ecLn2nVK4dHBb9zolBjvzKCua7xcQSPBgjup7/WtjztihIgnYCoKwD44cWtZ3Dd0hr0pPrQkxpBXWUN9nf2AejDJOs7ID46VGaTfiATjp/RJLGiAoZcbUT+PzpUBjR7Q7yJbJOYn4q8k6ffHYrv1glQgYh4cufVuGfNtfjBip0l8aeb0yphP4pEAE7b2gU8vYHvTQoIApaBwRoPVxuvYMCROHpoHebPinOCf+q9yUj2z8Ta20775v3T3/KO50uBJvffJOnCeNZiMCXpJqH+OqHAoL68v4koYVBJQL8xfvv645kp7X927QdxAHYkABHhnh7r/YxqVgIQ1mueCsCvUdnA32138v4luJedvOe0JoXW8zx63k7XuOI+D9mXc3HvPI0Zy/XD4J7Hni158QdfSwd5+LPJ/VcROWrT5ZsHETxdOLmcEwCOvJlE3Ry3IannVJ9NXHVk2G+NXMimjAKgygBrvrbI18MPaFT/A1A8/2jBw/9NSRAnh7zMn0rMzq88XVCb7hqfc99rljFG5Zn3i14gLyxHNmkCfkTTdH1KXSAjgIRJbr/OOGDSlxsBANjCgEB23nE5Jp9GgDDn7xeZsObLC/Hjp96MtAoAiQtu/feDyj2HSSsJn1BzBcAkvHXf4TJXPxIULCI6FMn72MCPzNl9dpe4+2UEBfOB4/uGsL+zFIkXZmbIOmxCTznwRNz5648OlWFS4wh6Un2Y1Dhie/jpN83lIv0Z7H3p9/Z/HFzMj3vaSZuA9+HifJJ0E6TYH/9dv3i2Pb8k/7yPlcfvBpH/+sWzsb+z1JP7T3ui6AK591aFwcOFl/eU4OU9JZSrb3nwHag+f8/fMEsRoXz/2JGz7bEjZ9vx8p4S0xSZIPIelNevItzyvWoOLuqnKu1HfXTXdHPKayrDAZ3NH89MaSdvPeX/D5454CL2APA/B4Y9bRx++gC0Fs+953nyPNSevPIyT59QNrfGRbp5+b7a2ApXvj4n6jx3f6zWD4t7Hnu2REXwqT1b4b+rpk33kDze9uGF4UDyydt5OLsML1cRWpWHWkU+aR/8J6/IhP8PtNRi27JHsPXZbmx9ttvTjdo95F+o/esiDYrnHw1WL5yX1l0zISZnBy/iaO95m/xLtf9pMye5vPr8h4O30Ri//HW6tu+1P9l5/6SmHwQiXfPmVgQK9OnIuxxnWhovaP3U0EVbD0AV0UDQnY1sD3v+zS1V+N6DN2HF0rkYGhnF0d7z2vKQZwcv2vfMSfVYhP2HPX9CPvY6Z/IlWwRw5ap6/PV6d3Qgff4mf1/ynq64CAATmBJP2U/WtY8Khfb+j9WaRYwTmIbwy35dg3nx/u996fclt+BT9hcH7tHn6En12aRfBYoGCOo3qXEEeAmKEnzkXZ+dee/Ns1eF0JNegUwTUIsAqnL9HWMCwTIyeCsaOGNKXfvh81qaBG7jg6ORcEKMc4sAAgAXdE0A8VOLFCRfhPXbxoKmCiR3e58vHfE3ycnnCFu6j5N5lddeVxVAJwIY1vMvx/G5dUaAWEPj5j+emdKOZ7szkRNv2CkBv9ve7SqLpsL/HLBIQYVV4dHl/ZefgwyLJy85fz1yss8l1ifL8VFfGYpP1zjRJm89kXoi7mO1fraIWuH/wwvDShIaNsQb8M9h13m6JdmV84w50Vy2BAMAtiET1v/so67LPNxfpR8QlGJQPP/okE3pPwr3B7xl/oKE6+g9EOzV9isT2Nkx4PHWS0+wJIYVM6YEkv5ckM36XFOA+h7pGcT8ugrfaAA/I0Cu568qE8jBCb8qTYCDKkwUQgjQ5PwBbzUAAPjWuiU5e/+J+AOwKwD0H3sfv9j8tlGZxSB8LA0ARRRRxPgDVQToSfXhuqU1AGZkQv69UHn1AWTy/50+kxpHPH1UufcAVRCY7SHl5GmnNupHY6x0AHXOPzcU6LQBuCef3jvrXPZ4+QHgnjXXKtfg43k7pTbwew0CpQXs6K5SGoOQ4aHJ3SVY+/UL2PKraa5ysfYcBlCRcj+jQFRh+n4GiLApCNTHZG2/KgMuIwBhOxkDnBD/225wCMJQP/BOfw0Ax+ilyfl3wS+HHnBIdtncGuzddgAtN1Z6SLhKaA+Ai7Dz37zvWK8fVgMgn5DEL4j06fLDVeOC5uRrq4hnUDh7PghqVUcvBr6x0mnIGAGqOnq1+f2usH9D8k8onn9+EKQBwHP9VUr/fqH9fgQ/iNByqLzjYbzAuVQD4FUG+DxRrE9zzKq4xs6rB9Siirpzi/L8eVqAyggg35MBYGhkFDPKSjE0MlqwCgBhzp8jqigAFfmPqgIAoWgAKKKIIsYce1/6fcnel1jD+li6tXkU7/7baPuUu6fHAS/pj917LlM1wMLou/3tpddXxz/YMdxeen1ZHLDI/t4dw+2l11fHVeuEUdlP7rza1Y/IP3npOfGWof0mqvwcKvLPSb2qwoCMUuD7slIXnPX2d/YFpwQQRPk+AEjMnxU/nZpsa0ls+VXmy3CmXGwC2SEozF5HnMPk/6sQ1qPvJ/5nGiXgd53IeixTdlRnDPCDLuc/CDzfnpPtW1bfoAzD56+5Ij+Bk29O6OnaWK4/HpEtmfMbZzqnH0GNUhTPGHvedsL4WTqAhKwkkAuK5587hkZGlaRfladM5H/pHZ9UhpMTdERUp1rv59XmIPJPRJyQGrro62Hlufb83jiIQPp5kfl6+VofcAg2LxEIwHN++T5/VZlACZXRqJDkn2By/gRusIjC+08g8v+jh/faa6i8/9k8f0UDQBFFFDHu8MamRIntpd8EFxkqvb46PqlxBHt/Otp+y3fPxff+dNQmOmQEoN97fzrazkuXxp9uTrc/0On6T8RUZb8n1QfsrHGVHeQCgCr4hfrrxPxoT3IeVWUC+Z6nDHCDBhkrCGT0UKYAcOgI/dFD65JYlgYyQn/zZ8Wpb67QEWgZ1g8ECwjqSvGp5jeFXNs0EkG+NzFScK+90hhgAL8oDB5GryqdR68pbJ6X6lMp9vNce1WOPW/jav1juf5YgsrD5bsme9D6JnuImmhaa/uT9qqOXsCQ3KvKCZrt4eN8/vmFishxUkKvyTNs4n2WMBH605FUuR4n4Sbl+SSCPMZBIdv5Wl9XHk7lwefI1/lTmUDA7fnnz4v0pBea/I8nkOffJJrGD/LzLxoAxgHePXp0rLdQRBHjHjaROXpoHTJe/MQDWOch9byfAO+35u8/nyY1fxOVfSvs/jKSO60qAEFh+qo23l6/eDZ+sGJnya3rS9P3rLlW2ddN7NXX3a+tdAS5f6BeGe2QE7hxwDDUPwimpDzXCgG6trAIO4df6H8QTNMpsgGp41NIPXnaiXD39NSgNua0c0+79Lpz8k3jOVGX4n5juf54SQE43nU4UhIqyZ2uLr2qLdd9qOY2Wd8PnMz7kXzTcH+J4vmb4dWf358GgE9/+zdaMkbh2gQiLYNDH7gIjEmZP9Ncc3ld9tH1J8E/DiLhfuRbReSzFY6jNfO9PtcLoCgAKbIoka/zb26psg0AktSeHbzoeYbGG3Tnz40WsUVVQPdAJFEApusHVYiQ4z+2FpUiiiiiiCKKKKKIIsYGVQ9s1qrGF5F/DDy9zpgDEPmX4ORu46/eAgA01FoKpKp8aJnbTXnOQXPrwvn9+vh5p3noP6AOl1bBtEQcJ2RhFNrzvb4UDfQzAuT7/LkWgCrnn15v+PqN2vX9jFFB+D8/syQd9rz5e3m+pLMQRfk/0gConjcVG59I4uzgRcyvq/BdP8gAJPt/LMsAFlFEEUUUUUQRRXxc0P3cD4tku4isoCP/gJv0kTefEzkdqNSfCjIX3aSEH41TvZaQ5D8qELHKVZ09n+vLe9732p88ffJ9/oBaiFCCnh+/9f2ezTDwI89BkR2DQx/gSM8gvrVuSSTkPyzCihVS/6IBoIgiiiiiiCKKKKJAKBQZ5+ss+tIPixGfRYTGbx//ovGzykmdTg2dtze3VAXWlA8L1RxUv37azEl2uT9OhMMQqCByL6/7CfONl/X3vfangp2/NBhxI5HKYOSXIhIVqISfyeegOv81X15oC/9FRf5PXZqMHz/1ptH6Oqj+Bnm5xaIGQBFFFFFEEUUUUcQVgqK3v4hcQF7VbETguMAb4NUEoLYVS+cqS/IBwbnmfuvr5gIsonvspEX2dHnUEn4h9ybXw4zJ1/pSU+DYyUFPWDsAT2WAqM9ftvGygBxU8o/vKdv1gxBE+rmGheqcN3y/Df3H3s+L1//Upcn4u++8hp/87A786OG9gfvzA79OY4oGgCKKKKKIIooooogIQSRc5XkP8sbn4rkfC/L/h1+uSwPAzd/cXIwymODgIdVE0FUl3VReXsAhbNIIwEFl//gacp5s19fNJQX/JGGKmuSbzDme1lcJA0Z5/jpII4AqCiBo/d8+/sU0XQ+jCaDykNNZ8zPXVbPIJ/nn6D/2vnKfKqhEFVWVA84OXiwaAIoooogiiiiiiCKiAifhfoaAoLETBUXif+VAVbqNt6sg+za3VGHpHZ/EhXMf2fn2/JofMYxifV0boFZLzzZnP2zu9URYP9/nr0JzS5VtOOLPC/f+h10/DHSl9eQ5qc67EPn+L20/gW+tW4Kt/37Q1a5Lswm6RigaAIoooogiiiiiiCICEJbMy7FhPP9RwWTdIooA3KH/uYZWAxYxCyo1J/tHuT7gFrmjUHgT1XQJlRp8tijk+lL1X7c+9SMCbiLSFzXoeYnqs48SKs96vjFn8iXEFlVh5ap6VM+b6tmP6d50UQBFA0ARRRRRRBFFFFGEAXIh0yZk/PxZdy17k3QAmrf7uR+m+fjyWbXZblW5h6Ih4cqFKvSfw68MnIqwqcK2dePl/FGtz9X+ieDSb0oHMBHVU4WFc2Qbop/v9eW9mqxPZ9XZMeAyAky0zz8bqIgyL0/Ir/9fj9+C/mPvI7aoCugeyFsUwMpV9b77o5QJXcUNqb/Bx00MA8CGlWlsfKn4H08RH0+0Lklj/9vF57+IIoooYgyRLQHmpFwaAcJ4/XUGBGqTxgN6b7Km370Vif/HG0Fl4HQETBdOzq/lc30ObgQIW/7PT0m/ECX/sl0/7H1Sf35WwMT6/H/7+BfTn3/4P0P/e8W95nS+fvnzHPk2AlTPm4qNTyQ96w+NjGLbwWO+97p64bw09ZUY9waAWEPj5gQAbFiZjm0/0p44emhdqAmKxoMiJjDs5791STp2/v3wz3/ReFBEEUUUUTCQIB7gJeTUpiP9qv5RgNb0I/LFVIGPN7jHNqyQm5+Qn6mHNur1VfXtJbHNhrxHSf7Hy/qqNAEAHlFAHcbb58+jWfxEAXXe86Bwet6fe+jzaQRQrR9E/oP65KackC9sWJkGLPJDTW3V55BYNT/O22R/4/YiwqF4joVF6xLP84+qMiTKp6qf/0x/4/YiiiiiiCIiRxD597um6++XEsDb+Nq6ebqf+2HaL+JgIgoQFhEdoginloRNR+BUdeGjWp/If2roYmgvOJB9PXgay3+yQSHW16VE0Bz0XmVI8cN4+Pw5uDFAYtvBYyXyZ2hkFEd7z+No73kMjYwqf4hUV8+baufmuwwBEeHUpcn48VNvAnCIP61vQv6DMP4MAIL8J1bNj7dVn8PsykuuPh4iJNs2rEy3VZ8Dn8tFZIukNhyyPa/iOYeDIP+J8qlxVJUBTRWuPp7nX7a1Lkmjqgx8LpdBoGgcKKKIIooIBJHmIHIcRMAlOLEP8vyrjAAm+5IaAOfP9gauFdYIUDQaTGy8+vP706/+/P40J2S5qqpLBJFCuXa263d2DNjl/lJDF7Mi4GHIdy5CgGO9Pg/315VHpGv7XvtTaEMAR6E+fx38jAASKqOA/AGAHz28F/+yqRsAbCPA9x68CXMmX9JPniWoDGBUxJ8wtgYARg5jDY2bOWlPrJof513nfOKSHQXAowGI3LgiBNg8fK226nNuQ0HRIKCG4izo7Ez7+7abXr/SwUh4rKFxMyftifKprue/rfqcHQXAowHsZ5lHCLB5XGtVlbkNBUWDQBH5xIaVaeVPEUVMEEhyK4n3H365zv7JZn4TQs77hgGRf5UQoN+6Mg1AF3FgYhSZaBhoqcVASzTCiRMBfsRIFY6tA+8TlSBb2PU7OwZcZJaIrKrePbXn6q03Kemnm3eirU+GABXGw+cf9fqm+JdN3dj4RNKj0h8VKArgW+uWRD53YTUAeB4/8/Qnjh5aR8SewMk+YXblJST73VPyCAF5jdqkMYHGJPtnwt5DZn/Y+FJJrKFxc2LV/PjHUjtAfkHPGE5c56vSVZBtmXF0xp4+H0ciwPP4mac/cfTQOtvTT6gqQwJwtzVVAAMjrildEQLiGrVJY4I9JtOf6wxg/9vW818+NV7UDijCFwF/w2tvO61s34KAv/2w/+6a/FtiMqffPKp/71ToGgRe3lP8u/kYgAh0+axaRKm8L+eTa2Yzv25OOZ9OKJBXAdAZBCa6fgAn/vS6qiM/mgwTDX452ToFeN43V1IWtD6vHQ8Ee8b98ujD5tX7qfNfaesfOzkIvAaXLsB4+Pzzvb4OdO4VM6Zg4xNJbPh+W94FAaNEwQwAsYbGzYmuQctLvx1IgHntM+9nV17C6ZT70HgbRQGAjaV+MkKA2qgvEVFJSonsU7tN/rsGbXKWt0MZb+CkXRB6Ot8k9RHXXW0+ERh8nGqeKxWxhsbNidQwEpXT47GGRiQAm+Tb75sqLALBwdraqs8hSQYBMhBkQNe40aCt+hySmb62cYC/pn0xg4D9PjX88Xv+i/CHIL2S4F9fM4p3+9QlZ/zGEfYdtp7bZEjjoPy3ZukC5/kOM6dqX9fXWGI7DymMFsr7uA3YgmXpohHgyoVKaV9Fyjnp5tdNPPnU34S0q/pla4QwSXPI1ggxESAJ/0BLra8RQEYLUN+JYkD49Ld/UyKjAILIkuq6jpTlQx1eXufkv3LGNUgNXXR5xlWEVuU5J/iN82vXzX+lrU+RAH4lAgv5+Zuun211gCDQeW34fhv6j73vaAFEaASgKIBXf35/2k/UMCzyYwC4c1kaTRXg3t4EAHQNukj60gUjSPbPtN/P+YTbAMDbTr032Sb0HEERArovh/SbjAj8fVv1OSS7SjLXWCTAhpXpK8rDQ1+KFaSdk32C6nxlhMCrP78//emO8+7+mqgC3/1MZNQ1pFE5HbYHvXWJ9fynhl2e/bblaSR/43jk6bmzwdqS/TM9zzL1saGKAhCpAG3L00juLrN/kxHB9b6qDEgNW/tqXRLn94HUMNBzdGJ/PkWYg/3tqgg/hx/5NzEOyH+bdfMErWUyp2o/qrnpdRhjx9qvXxgXRoCnvrJASeYe/OfDxb9fQ0iPd9SeeQnTOWg9P2PCdU0L7NfHuw4HzkWvdfvIpULBeI8QIKK/es+j7gt7gGe+sUlJ5HXkf/WeR4E9wLZlj3gMAePRMMCNACbkiuBH4vxU4flYE09t0PpA+HJ3gEOCw3rPdXNdqevrKgQQxvrzD7M+PedRkOh/TRws+avYwvSsimvsSgFcEDDRPeA3PDTyYQTIiwEgduRsewKI2yH/XYMWwcBMABaJ4V/IyBggwdtUkQG6ueQc5AXSzU8RAWSQAAA0VVjka3eJOyrAureJjw0r03cvGsCObseKFzYCg3vV6NqnO5zPQEZg0GdGZyzTCjwpAxMUsauvak+khuN2yH9qGFhY7erTtpx9N88YAyRcbV2Dmb+fTIQAEwWUc8k5krvV/1YQ6SejARkkAACV0625Dva7owKuvurKeP6L8Efmb1vnrZcE+PqaUS05l4YC2W5K5sP29xtPc/D74G1+6+juh8M2AgB5MxjrCD7hL799IwbPHLDfV1x7A730HRfWQBC0D9M5/eZRjVf1f7sLwa7GAAAgAElEQVTrIp7ZdzLS89aFvUtI8pxtzv51TQtswh6UDqCbh5N/E6iiGvzW1xk8dER/rMm/jqzTNSL/Dz281nX+AIDH12Pbskd85+fGA5oDX30Yz7RsUq4fFFlQaOi8rtnWfw+aQ47Ndn0S/COEJdNRkvCPy/rk8e7sGHBFAeiQz88/2+cvak86AGx8IgnAigTItx5AVPvPawqAHabfNagk+PsOl7kI+6n3JtvjZBvgGAGWLhhxtVM/SV551ADNScaAfYfL7D21VZ9zvae2pQtGkNw9zRUVcCXBjqjIkO9CR2Ccem+yy5DgMsBcCSBvf2rYIdsMyd0lLsJu3fugug1wUgGWpz3nnOyf6UkfcEUNZOYkY0Byd4ljOKgqQ3K32iiRPMg0A1LDWRxCERMOG1am1952WkmEiTBLcqzqQ6+DYJo6kC3x1+2D2uT6KuOA3zy8nfdf+/ULAKJLCZCE9y/WWF/YiNiXza1Bb2KXfX3wzAH72uCZA7YxgMYR3nmzBotv6rNfP/UVfwOBxOz587TXPvW5SnoZOOdfrJmCimtvcBktamMrMq92eMY33ToPLTda89v3hinAo0hHbQQAzAl9EGFWkWpO/um3n9deBx35v65pATpeD084wxoxxproq8DJt4p0S/IPuM9/ffwLQPujthFAZUxYvedRrI9/wXX+m379OPDV9Z5IADIUBBkVCg3phQ1SYudeXJO8bNP1TNeX5F+FsOHyQeOyyc+fyOsHef/JCDAWn3+uz1/URoCzgxcxv67C1gL43oM34cdPvZkXLYCoDAzRGwBYuD9geZC2YDZOvTdqe+OJcHOoCLzKc08EkvdVjZV9CNyjLefnBgnbyNBUgbW3nbb7etICJhI0ebCFisA4nXIbEeZ84pL93rU+3+dEO2ce7g+g7f6pSP4mQ8aXn7NJf3K3e5iSwO8ugU3+M7BJOuurGkt9XFEDgEtTQEYGcIOEZWSYCVS+b91DZr+etIAiriwI8k8wJelyDKAm1CaGgVwQZr9BqQu8j8rQwe9FtW4uKQGc9P/Fmino6amxSW/Z3BpXX07+VWARAAAcA8GnPgcAlRg8cwCLb+rDpz7nRA4QIedjOUG30OdZg/oMnulDxbU34C+/faNrzyMn+yBB1/jaIyf7UDa3xo5m4Pcvx9HYv32kIicjACn63/zNzfb4XMLfVVAZAcJ67eV8fI6rpk3Hhxccg+3xrsOBKQO5YDwSfwlXiL4AJ/8qcCOANCKQ8QDwnr9lBHgY2/CI3Xd9/AvWwMx8qqoDhY4O0OVim+ZoR1273W/9oHJ0+SjNFwZX8voqYwFpMJhEA+gw1s9fruBpAFwQMGrMmXzJEhmMCJEaAEjor2152uUtX3vbaWz5n9lYe9tpbUg+J5hE0lV9VWRfRfSJUOqMCLq0AD52R3eVHQJLnlhXWsBEEUgjQt01iLvvG8Xp1GQk+2faHnjCWEVgyLXuXjRg7ZET1AmgD0BCf1hY7fKWW0aAXuD+qfqQ/C4vSVf1VZJ9BfknQ0Fyt/qaLi2Aj8WrvWi7P2Np5CKClBYwUZ7/IsygIP+c4MrfKuKsGsujBlTedt4nSqgIOocJ8Vf100VB+M2z9uvhIgGI+BPxdQj4AQCVKJtbg5GTffa1srk1trecGwI63kqhrs4i4R1vpVzkmZN6SaJV7fw9rS/HSONAbWyF3U9F/iXZHzxzwL4P3o/GVlzrPifdvv/hZ7cC33kjDSBUSsAffrkuTUQ529J+uUAS9yDwMHxOPjl4JIFf9AFgJjAoMZ7JvyTXnKyr7svv/MkIIKEi/57rjzvpAbSubVSAVytgrCCJlB+xCkPOTPL4g94T0SSvf5B32g9Rhdxf6eunhi56zlmOo89DZwiI6vOXiOL5ixKzKq5xVQXoP/Z+pBUBiPzbIoMRIDoDAPP8W8SuLEMyLKLXVn3ORQhnV1reX0nEqZ2TTd5HGgpoPk5AiVhKkkqGhTmfuOTJdydSS22cHNP6bcvTrrSACRMJwIwyZFiR5zrWERg0BxlcdjxfahHhJov4k+Fl3IJ5/i29i2rgYD+SqLYIdVUZkv0VjnGFaUy4QO0ZA5qHrAtDAc3HDQM2+e/XeP+r4ak4YHv8KTqgfyZQVQKArb+w2p0WUIwEuKKhI89+IfKEIJLM5w7KtQ97XUX8szUuSI+/X5tfVMP1NaPGRoCnvrIg/ZffvtEmtx1vpdDTk8Itq2+wiTd5xim0XxoCehO7MgT/gE3+6+r6UDbXIv1ErmkczUdtPT01qKtz1qH+/Dc3QhCkUYGTeGdPznXeh+ahfrpoATJkqNbne/jbRzI6KSGiAXiYPoeJ6J4pZHi/X9g+ee75PlT7kyASq0oj4BoFch5pUAiKHAgi/zrthHwbDXRh+qoc/zDnT977sOdPRgI+ls509Z5HXREChEKmCHz6278p+e3jX7Q/q6DyaTpCpcvLDqvsLtfv7BjQhvuryGwuofJhx36c108NXbTXp9eA2gjgh6DPXyLX5y/KagBnBy/aEQCzKhxjyUvbT9hkfUbPIA4M5m5PXrmqHtXzpuJHD+/NeS4g4ggAq+zYTAAXbCMAAFcIOJE/IuKSiPIQ8X2HyzKh5g7Z52STh5Rzo4GKkEriKo0M/Brfj03+eZg8kbTxmq+u8JbbRhkmeMgxVhEY3BDkMtxkzthvnnEHlrtvGwHAQu27Bp3ImAwRlwSfR18kd5dkxP4G3c9c16BrDhpHczt93AQfYIYFYWSw54M79cDeGxcqJIFAWXGgiIkLRd6/DNnPJgVARZZNPOhBKQJ+ufj5IP+qNVT9eTSDqXGAQ5J/AKir63N50gkjJ/tcOfP0u2xujU2C6XpdnTWmN7ELtbEVHuJNRgDA8tr39FhGACviwE3mOTFX5euTcYAiEXp6anDL6htc85TNrcHebQfsdu75l/co1647cwBlc2/QGh+kQSDXlAAgmPCFLfNnkcvgdVVkVdcPcLzPJpEEnPjSGpIIB2kRmIgjFhK6cHru+QfGz/lv+vXj1puvPgwAzvtMm6qSQL7w+Yf/s+S3j38xzcmVilAFeVP9xqiU2f3mVwn9Af7e/1w967l656+09SkKgEosAv7nnxq66BEIzOXzj/r5i5L8UyUAek/nFnWEx5zJl/C9B2+KXFwwurgIlvPPyR0A2+MsIT30KrLHCbsK+w6XeeahMXx9Pq/sr2vj+6a59h0uc5SxVXnX4wGZcovYsDLN8+kpEgNQ3y/gjqqgMRzSUEBnROfDx+giMOg14P1cycDAyf+p9zLpAC/vKbHvSdzbmIPn/BNpzij1ty1PK1X+pQHJCdv3evyVJQAzfT2GKHou2fp8XpXhStXm2ndmruTuEictoCgKeEVCle+u87IHzcH7myJobqnmr4tSyFazgMbrrvn1letyQ4oVBXDBKpOrwFNfWZD+izVTPGH3ulB98qDXxlagNrbC9ppzYkzXuUEAsAwBRLq5iODgmQM2MZcCe/I1zUc/gJf818ZW4JbVDlnvTeyy98jbycBBPxzS8MANBXJ9VXvFtTfgbx+pwN8snRv4/0UUnunyWbXKH4nrmhbYPwQVaQzSBtCFngeN4fNKQ4AJ/KoT0I+uXz4MBzb5X7bE+oGa/BPG0/lv+vXjeOjhta7z3/Trx10RAQMttUoDR5QwIVe5zEmvVW2m8+cS+s9xJefqR71+auiiywgj3/shys8/qucvn6BzHRz6AL/Y/HakIfuAU20gCkQSARBraNyMI2fbE5gVp5B/AB4Feb9wfkAfSs6JoC7UXNUOWESTGyRUff0iBojEcrG6fYet9IbYkbPtGMe50GSo2FddZn8GujMgjEUEBl+PwA0uNjLVCgjjJSUg1tC4GUB74mB/3A75h+NlJzV+VTg/F+nTifm5Qvp1Yn+6ChVNFY4OAIX9G6wr0wjs8o90Dwf7Ebv6qnH9/BdhCOH9D/L869Tzg6oGmEYUqAg0bw9jeDCF7p74NdX8JlEC/Lc11zTtPiSRVYXgSxLOSb+TK3+Dpx+fk6/FjQoWud6FkZOVrhB9rjcgQ/ZpLTIgUASCTAFw5ndHAqj0DPi9ycoGNAdfX96HKkrBNBLALw8+1zSA65oWaL3DnEDK6zpPPM0nQeODPPx8ThXRPd512Pd+g84iX6KDgdjzNgAoPf8T6fwl8h0FIPOlsxFX4yruF8595JrTJBScr6/y/quIJ8+9DvK+5oN4F9d3rw84FQJy+fyjfv6iLv1HIAHAoLZsQeX/fvKzO3B28CL+NXEwkvvI2QAQa2jcbOXDW7DIhjtcmwgn9xLza6rXHETCdddNINcOWleSWE5EKTQ70VQRB4DYdmBckaCX95QksSw9u9JteAk6v2wjMGTUgI788wgMrt2gmpsbKUhBf+mC0/Y8dkTAGCPW0Lg5UT7Vfv4p798FIugUzi+uKV8z2N75XCJOMh5803VlGoHLcHGwH6icbpU4BBBraBwXz/+t62NpAHhjUyKS54Lmu2fNtTjxzmns73TIXmuzRQqp7Z411+LFrWfs1wDwgxU7jfch937r+lj6jU2JEvodf7o53f5AZ+B81N90XQmd6J8qrF56xVXk2M9TroKKOKv66/pFAV1ZwDDj5TzciGGlB7m1AGTov0olH3CIbcdbKVB4Pif6PH+eyLNMB6DXtA5fk4sJcs+7JOEEleedGy248CB5+Tn5l2kIBL42H0d7pf1I8u9nKLH6vqE8Vwldzn9YQqsjdUEh4qrrci4inrLfVdOme8bPv8lRpM7Gyx018qEBUNXRa3nIM+SfyLLq3iba+RdCHJA0AHJRVJcl3DgJk/10pJDn/QNwhZ4XQjwviDwX1zdbn6cCZPP5ZwPT5y9fIOMHkX+uCZArTl2ajL/7zmv43oM34V+/fTCSOXMzANy5LJ0Qudq4zSHPUmgvWwIf1bgw86jK3tE9Lf36JQBWjed9h8ssQcCuWfExJ6Q8JL5rEDu6q9BWfU6bCiGRjwgM1XqmzwQ3LHjSAZhA4JgJMdY1pBPlU9358ZiKZH/G0y6E9rIm8FGNCzOP7Nvk3BNPZ0juLrEMAXUNcfQcjfxz4ESY2lqbR7G/s9Qm5vWLZ+MHK3aWEAm/dX0sTQS9/YHOksd23ZXm5PzFrWc8BL6u0vEett11GcmdV6Oy9gQA2GsAp13r7u8sRWvzKFK99QAu23Mkd1pzxJ9uTtP8tF794tm2oYCD5mx9ujltrQUAsbRlTIil93cCZATgZwFYRoPHdt2VJoMDfx0GMlzdr5/sbzInR5jIAr98e90cpgr9qnVMqxL43VcuZQ6l+r1KPK9O5N5zwiu1AHiIvaoUoCqiQK5JwoJcKFB6+WXqAQC03FjpIfd8bj4fjSXBQmqXmgUAPGtzA4W8V25woOoAJnoAuQr/6UjdhxeGPV7jMOHjfB4A+Oj8Bc81P680EN7zHAUWfemHJd3P/TCdTwFAE6I8Ec9/oKU270YAE1V1vxrtYcX/dHnaVOaPK9BLI4AK3AudK/yIbnF9s/Xps/OrDsBR6OcvKkgdAI41X16IX2x+OxIBQKoC8NL2E3j15/eno4hmyMkAEDtytj0BxK3wY2/oP+BV1x8rZLs+D30HvCHyJJiWOYuxRUbtf3blJcy5zTJScM+/zttOyGcEht9aJukI9Awl+2fi7vsGAChKBRYYsauvak+khuNIDUMV+g941fXHDNmub4sPWm89KRgHrQuxq6+K7PmPP92cBgAiwq3NzWlg1H7vJfCn8diuu9JWX6e9tXnUnou88i9uPWO/PvHOabQ207yXbVJf+c4o2u6aDcBZD7CMAPWL4SL/9YtnI9VrtbXdNds2Flh7dIwVdD8n3jmNe9ZYvwl0Xw7xp71Zr8k44JzNKFtjFK2Ze4w/3ZyuX+w2gvB9mhoFwpTNMyHJujYVgZYec90aJiKBYUQGTaMT6HqQUYMLAurmpVKautx/Gc7PhQA5AZZtAFzt0vPOIcv00Tg5RiXSJ0P3+e+92ywyn0vlAr9UB1XlAkJQ5YIg3PzNzSVUDhAwC/tXpQ0A+rByIqHUxq+ZCsmpiKeuXarSm5J+LpaXrSGkfFat7fGPivyrVP4Bt4o+AGz+j//bfj0Rz3/Trx8Hvroez3xjU17FAF/9+f1KhiIF1cKEcssxfuNI7A+AkuhHJfpnGv5uEkpfXN9s/aAygYC5qn+uz1++ISsBRIE5ky0e9L0HbwIAVM+biv5j70cyd87/GGfyn5GYPytOBIg8zqQkD0wQFXcF+P75fQFWmHRs+5F2YBylANy5LG0bARQlEgF4IjPGI3RlIvnnMR7SAOzn//KHcSzMhP5TuH3GIAOMH72CsHDtn90XAGBgBLHz70f2/N+6njzeFhzPO2wCTB543pbqrbe99bw/EW5q522SbPN2biTQ9fFbX/YhEq66Lu9TghsK5L1bkQcIvHcOpSFgw8r0k188Zr9V5fD7IQzZDuOx14XQ6+YOuq7SK9CtbXoPfmUS5T0QuIYMNwCoVPABYO+2A3YlAFWJPKnEz8Pq3cTaTaIBr9GAxklBQVWovcqgoNuLhEwjkHNJ8i/nkv1lmoKck+/7979L4Xfbu+EXBcANAIA5+ZVGgKDQb78wcg55nZPMnlPWPdbNqbFfmxBME6V6wO2tDhsVwcm/ClUPbA7lGtOJ4OnE/q6U83/y8S145hubPNdyNQYMPL2uBLDC//2IkqqWelhFd9U4ApFDnt9PZLVixhRtBEA2JfM4THLlZZ/i+t71yUCjqhIgP9N5cytCGQGAaJ+/fOkAUBQAlQT81rolOXv/Sf0fgF0BoP/Y+/jF5rcj0QHI2TSSWDU/nlg1P87DgnlIOKn0q/L/xztmV1qef1UZQ8DyhtL9j9UePXh5T0lydwlOp6x9q3L/xzv5B2Dvn0AVB4DxQ/4BIFE+NZ4on+qQf8AW2gOYSr/MwZ8IaKpAsn+mq4yhK5Kgqsy5/xyw5u8/n+Zh+4CawANwEXNqa7vrMgDYhNiP/PNxcm6CNELwPjQXn0+uz+erXzwbfvfF55RrEsl3IiFGXfuprD3hWpvvS5J/Hj3hB13ZPh1My/WpPPvU7qfkHzS3VN33m0d1P9mE64fpn60+Afda19X1KcX3uOef1PxlHw4iwbxM4OCZAy6RPynEx/uqCDWBh/BLVf5cKhdQPz5W7oOqC/CKBn6VC0xw8zc3u/5vCSoDSJDEWHqWVcRSRQJluxw7qXwaJpVPswknYBFRqS5P4/hYmaP+0fkL9k/QfZmWQyyfVYubv7m5JJ/h/ipcqee/Pv4F/M0/rfe0R1kVQJcr7dc2beak0Irusp3IP+AmjqpSdIVEvnPtr6T1eVUAbgxQCTYeOzno+swJhXr+dNEuUSEq8T8V+d/4RBJb/z2a/H8gFwPAncvSpMq+9rbTrnJxvDRckOr8eAYXL+Ql7whLF4xg7W2nnZJ7mvJOY4GJ6nHWgRs0bEJNpQDH4tzrGtJoXZJGVRna7p/qyou3y+c1VbiU9yccaN+Z+5DlDNuWp62SgFVlQOuSNOoasvoctv7jb0uAYA92/eLZSO682u4jST15wuUYDpVXXJJ82UeSc7lPub5q3/yHE3zeRxosALd3n4wBunuX90rr0VqUikAaAhS9ooLK4y1D2oPy7XVkX4WgCIKg1ACa28/Lrwvzl2N0Jf9U++fr6owcJpA58oDbu88JNo8U0BF9LuRXG1th9+tN7LJLAHJIwkz9aD5O0v1C6lXGAm5c4KkJMnqBwv5lSgIHTyWQZQH5fsgYwtMF5Hp+zz9ghatzQpmNEeB412ElmcwWkkjOv6nN9aPry8H340c6JWR5Pw5e6jDI658Lqjp6PV5v+f5KPf98GQFe/fn9aU6kiIhJQqZr4/C7lg2kEUB3DVCHtw8OfRDK6+23ftC14vrWOpz4m6xPz954fP7CgHvko/D+E4j8/+jhvQAwTqoAvLynBFiW5vn/lO+/77D1XhXCPREgRe9kKgMPr+c6AGPukc6IAPI8bb9UgIkIboShZ0tbAi+f6DlaAjSkef4/5fsnd1uh/23V5yakIcZTdlCmMmR0Aez3GR2AXEQAybvNSTIR/vrFl21vOPd4t911WZlLD+jD6vncNL+V7+8G9eFr+kURBK3v5/mnNdR7C3/v+vdOisNju+5K/8ffHGv33DhDkFJ/kHfbJJc+DEz1BnTVAaTxIiidQLe2qjShyT5N0imk+B5/LXUAZKi+JN1SMwCAKyVAivPJPH5JrLmHXiW+J6/xNtqvFCrk98xJPa1L13XpBKrKBVFFAQBWJACvWU8kN5t8eOlplmXlVGHjXLBOjjcJH/eDH/n86PwFdO5/y3guqYHAzyyfiv9hQuCvlPO3qx0wZCsSKL2hfmHWOpgI/el0ADo7BlzEvnLGNa5w/7AIynHPt1e9uL7Z+sdOWg6xpXd80nW9EM9fvlIA8omNTyQBREv+gVyrALy8pyTW0Lg5gVlxWfpvIhJ/gmrvsjSeSwfgyJH2MdUACCD+wJVB/iklg589usbQ8NJz1Hr+D/bHndJ/irJ5EwzO3gcVbXDKGgKWDsDVV+X0/FseaUuwbn+nFaLe2uwI9jkk/QROvGORWU6AddEC/LqKsPNcf1L9p74/WLGzJP400tI4IIm9LmpAt75qTGWtc1/8Wttds7O6dwlv1EGpJxWAi9aZkPtsEUTCVQjSB/C7plL6NxUhNCkzGGR0CLoPwuCZA65we2qTnnyZk0/X6Lef+B395mUB5R7kNVpPetYJKkMC4DVkcAMC4F+5ALB0D25ZfYPHkEF9gyoXcKODrFwApBAGRGClLoAJdHXnVTXlVYRURT5VY/kYDh1JVZHPSeXT7NdhyH/YM4kKnPCu3vMo1se/4OlzpZ5/NgaQbBBWhE1H9P1IGif8psRfRWR5DXoJKWiXKxEurl+Y9Qvx/OUL8+usst9RRAHkC1kbAGINjZsTq+bHE4CrDOCVQDSDIMm1pQEwPx7bPgaGAEb+VZELVxrmfEKIAzZVAC8Xfh+xhsbNifKp8QTgKgM4LhT/8w1XBECZVQawdUk8dv79rJ5/q3zeCVd5PcCJCqisBV7cWorWZofM7u8sRV1lvci/dwg897jr8vhJZR+gPH6HKFNVAQKp+svohLDruysZwDMPjwCgfVnGCWcvZBSQqQCc5OuiD6x99qG1eRR7dzhzmuby8/dhjQRBegBh59GJBKoMGSZ5/yaVAMLsTze3Cpy4cq86fy2V+Ok1Ke7X1blD8jkp5mH4PT01aLmx0qPwL1MDOGlXeeFpHNcOoH6yraenBnV13nB9vgf6qY2tQMuNlZ4UA27cUFU84NEQdG5qQ0NwJQAVqDoA4F8ZgAixjnx+dP4C6v5/9t49OsrrPBd/BiMZxEUoAlmSkWwuBiwBGh8HiC+xm2UvEju2z2pSVtrjppfVZEjttF05ya/9eaXu8fklWTnNappz2oQWxU3apmmSRZOuGNfYHLwc40sMxPUMBiEwVw0gWUIejQDZXMz8/vjm3d+732/v7zIXSSPmWUtLM99l7/3tGS7P+z7v817vrGHanFm+mWApXX///DlFMoOM6vh7msM2H5HPa2bNxqWBt9Gx+pbQQQBbB4SJQiXtP+1xx+pb1Jh++/9I4uNA91ewdd3jZSf/gN1NPayzvx/x6tk3hOMns1YySIGBMC3pwhJKeX0Yp/vq/OWZPzN6AXteftujAuAo5/evHPjcxlXq9R23L8QdWOh7fVCHgvMjV3AseR5/8+KbZckoFuwBkLx/caKraQT3LR/yJf/kBVCp4OZzhNOZGtUab82SMdy3fEgZAo7r4vIeDFPxM4iy7xQEGU8k58xMYEEd8OEWX/KvvAAqFfnafw29WedZkX++D7coQ8BCpjixZxSAS1QpK9/e2Yq9PbXKSG9vT62W7eaZcC6hd8oGdKm+JP+SIBO46R7gmuZRKz3eKSCdGYg8P4GPx9dBZn5ybXt7apXJIAULeLDBVp5A6+ddA2gva29qCvy8TBnuQsixjRT7tQkMM46pPt8myzd5BsixCg1KmNZXyF5JJ3sp0ecEnIjv2gdvRlubnu2XGXGepV95S4O6lo8lgwtcTs/B1QBynUT4eUCjfv7NysiQnjGKkWEYrwBpDmjaO5ojKoj0SxRDesk8LkoNOMnRuYkc//EDmdYFZZ4vDbytXnesviWS74HNH6AcGFrZomTwtuy/HybT/nOE2f9HEh9X7Q75PhQCmxxa1lr7EZVCsq5E/jlk2z9TRwAbwra387veb4zq/OWZ//jJrGr/yFHu71+5QM8Sdm7bdfz5TYaJpUJhCoA84UoNzkNqUJeeE3iWvJIz0aczNbj+A5eUvwE9iywDUHh0fQ7f2V5+/fcU/wzC7Duhq2kEqfHad8AxvAOAoTFgaAypBVQewv5BY1nyilYE9GaBJih/A/UsWhkA+0/f6lU57I0WrZy2dMxjrMdd/x0S6xApl+RCy4y7dfKOXB5wCbdD6i+rTLuUxOtE3O0k4MxvJvLc2T/s/HxcWf/vPreuRHDm60M6U6vUABQA4OPZQIGG1I7pSGcGtHVffGtQ8wCQhNwkn5evo9Tz24i53zwcUdz7C1Un0Ouoz+NXOmErRzDB1JbP5qjPpf2SqNMxbhzITf04+Seyz7PoPOMvyxK4278sL+DXmEoMbEaG8loexCBIrwDpPyDHMbU8BIDOWwfw3DMIDd4RIKwLPmWJTcRw2pxZqmUcZaLpOCFK3bmNVPLxwlxjet92fTPSsHsehGkJePBnT+RK6QNAhJda/3HyX2n7T2uma8Puv1IC4HEVBChUEUBBgGe//uslSaSYSA0naXtefhuv7x/U+qUfTWfRWH+tyjb7lQJEka+b+rLTMU5a5fx+qM5f2vlJCWBqDVgIgr5/L/3dJ3Pl9AEIml9eExQs6Fi5AH/98J25//7Dl0u+5ugKgHvW5ZQ7eP5HtTrLQ5rkVTroGa7/wCUtk65apIn9KLsr/TlLdKAAACAASURBVFXyGQTtO/8Zl30HHPf/zDloP4cGnWAAQZrkVTjoGbqaRnQ1w9CY8+xyPyJ0A9jw5Y/l2hqaVbZakvPUjul4YMN8rO64mC8VcCGd751aep3Qc8JM53mGniAl92QAmNoxXZPxy+ujzG9qS8g7F5hM/WhPqByC1ifHk+oEud6uey+rYECmvx1XDtdpCgCZPS9lJpyPa0JQGz9bVt2vhaBtLL/rojj527wDgubwAyfTlCXnNeyAt0NAf/IFq0wegGqjxzP8UlovM+mc9PMyADrO2+2Z1i3PkwqAGxFyV35pZMjHlWPxzD+9l/4CUg3Ax7CpGoJw8GdP5LixnSnbLcmnH6bNmYUbVixRmWEuwbeRTwJvGxdEPmm8mubrtLn4nBxS1k7rtAU+TOTfdIzvXaGQ2e4g8u+HybL/cl+j7D9XAgDFqwE+9ti/q/+syPZqfggiMDTOnpffxp6X31aZf2qXFpQ9Drou7Dj8PG/VVp1/4ufPjF5Az74hle0ux/eP46W/+2Su1O0A//rhO3OmIIZpftn5wHZejl+albqIrgAg47/FjQldGuxmoKdi/bmJRHc1jYC83yg7Gj86XH4fADK9u2ddbqp/BmH3fdyMAMn47/L7CSxrMl/Ds+NTBCZjQCyoc34AJxiQORfZEHDL156NrV1/e67hIfIC0DP0DkFuzRNX5x4TkQagOeVzQi/voa4CXD5P2XvyHABatcw8jSGd+qPMT5l4oC/vc6AHC2Qtv/PM0wG4GX8a07Qud6xaz3i8s0A6MwCgTlMAhM3Cc9haAvqZ7IWBqbbfbyyTK3/YuQv1MijkufzuIcIqDfYAnWDzOnybMz7gZsM5uafggcnNX6oOCEToTedMmXvZBpB7DPDj+97IqFIEPrY0MuRr4yRf1vyT2kEGTILWGwaSvNra4HHTOA5ZC27KNNN1UUzjOOSYNI5f+zs5F5031c0D4bL9BOkLUKwCQBJbme2u5P2XngJR9192BSjWHFDWWpMcOcihXRq0Seny8ZNZT0bY1DOdstA8G23KJPsRUjmHvNc2d3X+8Zufn6N2gfVzZ3i+Nx0rFxT0/ePHyonHH1yTa5h7rfIyiDq/zeiQn+tYuaAspQCRd4d658aPDnfzrDNvz8ZfTyXYnpGTfyC4v3DJ8Pyu2NXwGQTt+3h2AVDf/+nXdPPMP7UBlK+nEqzPyMg/EP37P21pfg/zxJa34ON19dxwzyTjl2RfZsoJ/DyNxWX1dI4rBVI7pmNvj9c9P+r86cwA9vbUatJ8Uy2/DCBIbwI/9/8HNsz3+CXoARV3zwmcOIfJVpuy5oWAzxfGiDBKq74wsJkEFpvRj6KAkJBmf5TpB8z184Ce9ZbdBDhJph/KpJsc9fk9MlvPM/BEwGl9pnE46ebmfCtvadBMBOlaHpwwBSjoelkGwGX+/ckXNDUB35Oo7QCLyVwffT2ltZEjEmkik5KkmrLMVLcuX0+bM8tTmy7HojkkIeU/NnDXe5sSYE5ji+eHw+ajEAYm8h+m7r8S9t9mKMjht/+kApCEvxglgKy/lsdN54m0bH+mD6+8ehKvvHoSmdELOH4yi+Mns3h9v9Mq2EYEbcclySSiSMdtJDboXHX+iZ9fnh/OXlBqgOMns8iMXlDKACDc9y/oWKnx+INrcoC3nWEx89v+/JUDkVZI/7FP3r84kbx/caLrrpzHgA5ws7aVZjznB3oWejaPGd1dObUvwDgEAR5dn8Oj63NT/TMIs++0F+Vei/r+z5mZSM6Z6SgApAkgWLa8ks3/JPLPQs/mMQFc1uTuC8J//z/0SDzHpf3tna3o/nxPjMvdSSrPDfekXF5vc+eCE2qZvaex+H10vKGlTwsKEHE2keuw8xMe2DDfl8DL4xT8sM1hUiiQkaJpjdK/wIQwEniTqV4hBn70Wo5pOhZGBRAEOW+UcocoQQrbtX6BWSLFUglAZJub+vFAAFcPEOHlhF3K5E3t/vicpvp6fr30ApBSfR4QkHL8uoXN2PdGBul0s6YwkFJ9Wnd/8gXNWNAvi8/VArw8wqaU8IOJ/Ptl/wGH5B19PYXU9mdxdrgf+155WZFQk+TelHWuab4ONc3e/1C2Xd+spONcvi4N6UzydH7s0sDbxgw1XxO/LwhBvgiU/S8kmKKI7LpV7o9h/krdf8BfmRHFpFDuUSFBAC49jkpEtj/TpxHE5MEhDGcvGImgjXD6wUQYw5wzvS8E1flLP//o2EXPORl0CNsacqLQMDf6d9kG25+/nn1DZdmH8CUA96zLJfMkgBvO2aTmXLotjdwqBVRHv+dInec5bWZ0ANxuAL2NiZJmp+9Zl8NV8BkUuu8pCgKUQxXQtiiXnDPTeb2AlSVocn9XHu8QZee9x0CvUpD3MiCPBa2swfTc+X1JAs73v21RAuljvp/Da5uSMTwSz1HP+4aWPnzokXiuvXN+vua9VZn9UX37Axvma3J7Kc2nY46kH+oeQCfLJPWXdfuSUDuZ/HY8sOFynlybSwJkdwEKGtD88l7+DNTaj87Ja2xzSfd/k7mh00nB3fO9PbW4crgOgPsfzUJKAGwwmQlGvV+uwUTwCy1bsNX5RzE0NM1fLCRJp2OUfaesNwAta84DBnSeE3hZ18+z8nwcLqmXc/OxZHAAcAm2lODLYAa9XvvgzZqfgTQe5PMD3nIICghwc0M6b8r028wS/bD8E0/EwpLWE71HQsnjyQmet4UjcLJHdeOmFnbyPhth5FlqbnYnrwtrbGd7PlMbQHmskI4JGvkPwNW8/0asWwXselMzTAwCr4k2tVCzZTSJqPCs8OiY/ndrVEm4vJdIouk8zSXnJMytM/8dPTp20XOuOv/4zs/nlesAHMPBo+ks7sDCwO+f6Xi5VQDZ0ffQMPfaouane03Sf0K5giDhAwDP74oBTs05N5gDzK3nAHiuq1T4kWfTXqQGUR4SepV9BpNm3wE4RHZRDsuadId/mNv/AfBcV6nwDWCY9iJfEhBE/gEg8e2O3N6e/Dz3Og747Z1Emh3CTwoBLr/n5D/T345MPxSBJjLtOvnPV9cCuoHf01vOYHVHwPPnlQgyUEDu/nx+OQefXyoQyIvAmcN8ryxNsAUB+HkOKjcgZPrb0dYANDzUh93fND9vFFJrI81+Tv7c+Z//DkKxBoU2z4KwY5ru8QtCFLJOEwEmMksEmcvjeYafJPZc5k8EWXYEkDJ+Gt8UhOCQ98m18s4BNmM/k9FgUICCzyW9EPi1JqIv1QpRygDC9Lj3I2Yr77hTvaZMMZFHmSWWGWpTlpj6xMv76DgHN8MzEUo5huk9kdgg8mkzA6S9K3UXgK14HOh2ygAqef9tAYiw+7+p+z+wdd3jRUn+wyCoDdv5kSu4/2NL8YOf7FfHifgRYfQj/nSewIMJfvXro2MXsfXQcd/v1oPLbszRtX6ozj8x8/NAhJzvaNr5P2eY7x8HN7QE9OAWoVSdAKhMwWQAaCL38lxYRG21GAaRTADjR4e7k2hMpFCLrrtqFAmztZqj45WSeZagNdMzymfgJJSekTK/zl6VAc/viqWwLjeVP4Ni9r2cfgDx6dd0Jw8NJnBoECkWCOhqGkEKXoKslAmVmP0HnCw/5rnPKI0NebcDesZDbwHI71WIKbo/3xNLfLsjB0DLZhNpbWtoVoEBwCH7T28ZEBl9x1SvYf9FVYvPVQMEnk2n+VZ36IEASaB5fX/ffj2zTgaFlOnv2+/ezzP6ciwb+DmTzF+aFUpPAAJXHJAhIF2T6QdO7BlFemktAL3uPSqCMvLyGlu9Pf2W2XnTmkytAE1lA0Fr5XPL135jhVUcRCX/0vyOE3xO0ulaAhFaXiPP7wuSzkuJPL9eknci0tIUUAYqTGPydXHVgi2IIJ9TXmsyDeQBBXoOGYyIig9+dnOM6td5bXsQIeaydFt9t58LPyeT0+bM0sgoydPpGJFP03imuTjxtNXF87rzQsCDJoW2AVTmdrvedA8yNcDWdW4QwDR/Je2/RJj9J/Kvge8VwmX+CR/+w5/GiCgVamT26U914jvffwNAcGbY7xo/o0CuMAgin0HX2Mhpdf7xn58HAfjvz20MVgDR908Sf0I52/5xTwQKAvA/M2FLabhiYLyMDCMFAJLHDm+M0+t8IAArFmgZQJ61pXrtSiGeJtjIp5SnSyPAsnYCyJNcCgRMxc8g6r6PhxFg8tjhjfFFS53XFAhomJ2Xvnvl/qotYyWSf0I+COAgay8LGOrXjACjfv9NMnyTTL+98zK6MF+7zvmhlnnumJShlyZ9JOvnLfjaGpq1jLyfMR8Rcee6y1ZSz2v35TV8/r09tdjbc4YFO+yBCP48NL58TmoZSPsi52x4yJlz7RdrE8nPw/g5Bcnbgwi1vCZsHX+YuW1jhG0HGEW6H8bs0G+8KHPZpO8yC84z5NIsj9fUc/BsvIlMmyTz/ckXsO+NjCbX95PQ21oDhulcIJ37+fU2P4FCOxeEwa++uzH3wc9ujgFOEECWAvgFAjj5JNjc5TlsbeX4MV6bztvV8bZz3PjONC8nozYi2nZ9syZhD4NCZP5BkA73RHDJ6d4UBKik/bchaP85+Vf7UwT5J5iIUth2aTbyxSEJp4kcPrjsxlxQtjoM8QyD6vyTZ376bgCueiRoHRxhvn+lxt+8+Gbs4fiyXGP9taq9pTQENCkU6DiBztsCBQ1zr514BQCQ/499vhbdIZ068QRc8lZppNMGWYN+/QcuYc2SMa3GnrLASaC0df82XAWfQZR9B9blxisIgLZFOSji70K54hPhr2Tiz8GfozcLNOUDHTvZdlP9f+ZcYN0/B2X/OfmnFnkStnp3AqkGyH2fyLdD1vtEm7127O2pVcRfEm8px/eSeW/WX/cMQN64ENp4sm1gOjOgOgJQuz8i6pn+djS09GnBAN5hgMYnpYGfF4C7H+5+7f7mxW65x4WQfpMUPmgsOW7YzLosF4gi4S/UKNC0Rr/jxXoDSNJqktNLd31ObGUQwESe6b2s55dqg5W3NHjq6mWgggcH+L20Dq4q4OCZen7MpAiQQQC+DpN/QVCQIAhE/gvtAnCi94hmTEcZXVOP+ihGb5SZNhFR/j4s4QWgzOz4MU4+I9WejyP8ggCVtP+019wnwG//jeTfgCj1/+OFYjPG44Hq/BMzvykYsPXQ8dif4tZJ31KLSheOn8xiDcwdAfyy+kElAmvuvA7Hf5zFH9+9Kvc3L75Zss+nIG1B/OhwN3qz4C3oWhsu4dQ7Nca+7VMNe47U4dQ7NcqhPjU4T2VESQFQdjy/K3a1fQZ++z6urQCnX9ONzDnwNoBYUe+uZ4pDfeeoy8HQmLMXTAEQFo5BnUuIM/3tWN1xMZ8Vd0iUyZxPGv5JBQEn6133XvZk8yn7TuUCHCZ3fmnER+sxmQcCrgEgJ+W6QeFlNLT0KX8DWhvNxddIQQxTRwGpFHh6yxmrKSF1VKA9nnHf7ITpMzG52Nuy+X73h0HYFoAcQQoCOV4YqX/QXGHmDFqfH7jBH+Btibd7q0u+bS3tqPYf0E0ATeSbiDt33udZcyLmtK66hc0eZQFfi8z+m+blAQeTwkGSdg5aJ5F8HgyRARK5N7z0IIoJYKHknwjbid4j6ufscL+HfJ7oPeIxjaMfApFz+SPBXejDkE8Ov3Z3UVCOQAEnsfRjOm9aR6XsPxF/0/x+MLVHtO1RMR4BYeTT5ZRYV3H1Yeuh4zEKCFTC948bJZaqhZ8sB7hxYem7ikVWAACyFAAJJwOrm521Nnhrtysd/JkmRPovoUjvutxU/gz89n08iT9BKwXInDOSKKyonzoKAAJ/JvqdN/wrVPpPINd+5zVUVpyM/9yadnOtvE54ndp8Oi8z42QwCJzWOg1wfwCTBJ+UBHwseQ0A5T3ASb1tXFuGn6/Z+U0+CLyDgXfuBzbogQ7yA6Dno2DH3p5avLftnCdYwyXvtsw+nTe95oQ+aqCgmMy59BKQY/oFAUxeAqax5bqjmiWGuZ4b9XGsffBmo2Sfv6baelkiwAkwjS1r5uUaeDZfqgZM9f58Del0M1be0uAh6Py5iMTz5zDJ+7mxn2kuGnv31gNKrSDvJUQxAAxD/v0IrzwXRh5PRFASTOk8zzPONpd6CRNplcZ/JkQl9SbTxFIYAFK2H3Az2n6kttL2n8/N6//D7H+YoAg/XmxpgCwJmGjyVcXUx2T+/v0weUiVAQxndUNAU01/ITg/cgUdKxeoMoNSoaAAAIHa3ZmczsnAbapko6W0nqCk/yvqE/Fnjo5P9p8j3/puqn4GQfuOFetz+M72CfkLgHrey1IAIP95NGHKKAKc8gaDESBr/Rc/+25B339O0mU7vLaGdo8TviT1DqntU6UDtpZ+9D7TPx0kt1fPJ2r1bVl923lqt0eBC9v8pmeQ45kUDvxZ+f5IY0CJ1R0XteAGBSfSW+AoADaZPQA4ZFDA75qwkNeXWkbP11qIp4BfTX9UyHtsfx/bMuc8Gy9d/vn1/L0k9bL2Xsr3uUkfP29aI3UKkIaDtAZO/mks+RzcTNAUzJClBGRo2BL/iBZEoOvCBkgAYP/rzeAtWyUk+Q/TCcCGOY0txuwz4MjRg2rOCeQ0T4jaK97Uvk6+N41D64+CYvbLDxQE4AR3wb5+PLjLbAQIVNb+m2Da/0cSHwe6v4KteFxl98MERUqFiSZcVVzdmIzfPx4EIJLesXKBlfgX2h3gxoX1JS0DiB4AyNeeJwGP8RzgdZufCllokpzz9+RCv+dIndoHJyCyOFH2zHT+MwCm9mcQdt9T+SDIuCgC8vX/SUAj/lT/73H8nwpKgBX10NQl3P1/Z0wLAmD1qkTYFoAAcOVwHdpZdp+TW3Ltd2v6dUJMJDmdGUA645JvSZIBc2s9Gt8GWdvvB0n+5b0mQ0HueeAoEqAd4wZ+cu16GcJljfzzuZx19Smvgr79p/HU18cwbal3bJnZ5iQ6SAovrzeNZ7reBNki0Aa/+vugbgFhxrIhSB0hxw0LXgYgJe50TBJ1uo9gMvrzM86Tjv+UwU+nD2Dtgzdr18psOgDPOva9kQFwwDNnf/IFpNPNaIm7SgDuVcDVC7bAgqmkAIgeIAmDQtreSbgt6Lzkk2Ai4H7u9FGJp4RsPSfXcuXseY8BXamDANxg0Q8mMivJvx8qbf9t8Nt/CohQEMBjmlhFFVWMCygI4LzLam0BJdGXpn9+SgF+75o7rwNeRsmCANE9APK1511NI2htcEzZTMST3OcrtQc9B285B0Bz16fnV2R1PEjoVfIZTLp9BxximznnkN4V9ei6K2ck/+TLYFJmVBq0Vn+A1uFAPT/5AUQg/wTHvd9bT+9mrfvUaxsZf2DDfKMsnyCPU1BBSvT9Mvd9+08jtWO6h+A7LQT1zL+8jyCfkQIH/DzgGhpKdYTpWeg9+QTIcaRnwLSlY9ocHKZMeFDdvCTbURz/beNGMesL05EgjAIgytx+XQFsa/Ebl2fbef2+KSvP6+5Nxn6295z8U0kALw0gQt7WNqDk9LQWrhjgwQmZxZfrzp45oEj5ylsa1DlbMMMWWACA99/NaffTmtNpvRMCSf95i0R6HwZSsi6JbDTy7+CaWbOt7ejoXE3zdahpvk69lxlnIp9Ur8/rxf3q1IPq1znomrbrmzVTOmqByFshBoH2SSoqCiX/Jtiy/5W6/4DZqFDu/yOJj+PBXV/RrgmS+Jv8AaqooorSg0oBAHOW3xQQCCL/hDV3XqeUAMWus6ASAKfHvdMGkHrRA17X9krMOptgkmzKZ6U+9M7ejAOe3xWjNoBT9TOIsu/jbQKo2gAua3LJr3DL98jlKxRuGYN4PrgBARx6C0B+b8q0DpNkvm//aS17zrP6JiUAv0Z2CLARa31+twyAXPo5keZjy2CFXH+mvz1vAuia/dF18n6ndMGsRnDXY94vmivT7ygIyGRx9zcvduPR9bnP3ObMa2vDF/S+UCM807hR7jchbDcBuYawioGodf9B933r00tyv/GHt2jZdS7XNzncE1GXBN3koE+vAV1VAHhLDUhmT8S5fv7NxrXQWDQ2l+Q7qoGbjSaE0j9AZuhpfbyrABF4moOfIx+DlrhrktjWpj9XFNM/E6KQf3mtJJw2czjeTz7oem7UR5l6/pqTdj/ZuoTMcHM1AKEQc8BylQOYpP9Taf9vWLFE8wIwQZYCAGZjwCqqqGL8QF4Ax0/qKgAJmfW3vbeBTAeLQQlMABsTKdGH/mrB6UzNpDABTGFd7mr6DPi+T7gJ4KHBBIbGjD4AUx692ZKZAALmNnqm8wCvh3dr96UcntfFm0oA3Net1ow9AI/5n9+9JiNBUz0/v5aPzyEz/9TGj4z95N6QMaBpPrejAJB8ah7iD41gL/QuAKYMtamOPkx9fJh2gn5ZelvQQa6jFF4BhSJo7rBjS4M+OsbPc9A1ROaDVACArirgUn0i+PIeKamnjD2gt9/j8/H3fh0A+Bz8PK2TBwxMRoTSvLA/+QLa2vR18+t5sCJsGcAHP7s5ZvICsIGTzxtWLAkkfn5y8zAgoskJJ2WOo5jUpU8NaBlnW5acxg8ipYDZcO/gz57IRTEDjCpln4r7b1IChNl/QpX8V1HF+KN+7gwA0Qi6zQsgqkdAVBTUBhBw6t2T9y9OdN2VMxJPTZ49BUBSe4muphF03ZVT+zGui3p0fQ6Prs9N9c+AlznQ89C+0x6M95qSc2YmknNmJrCsyWwCyGXxUwH5cgcPFtQBy5rc/YiI+EPu95Yy35L4y/Oc1AbV58v2e6bxqD0eP87v7br3cp6kexHGH8A2Nv2m8W3rTGcGtLaC1BFBlhbIsW3nqQQAAPCd7bEnf9nqS/4BfwNAea3pPUehpNsk0Zfy+kLNCMOWLtjuD3Od6dov/OBI7P9ueU+9J3k7EVkuiefGdlwGz+v3eVCA3yOz8FyOzwk8b/1HhJ3G4aRaKhMk6efroWtku0B+bX/yBW0+3u7PRv7lOX6cvzcdD0IY8m+SxPPe8xKy3R4/RvfQfbZac5ubPGWbeSZZjmGrWT/Re8S4XpNs/oYVS9B2fXOkUgBC1LaKfpL1B3d9BX/22Geuyv2/YcUScynAulXuTxVVVDFhqJ87A43116Jn35AvYZfnTO/lT8++oZJ1AygsAPDo+lxX04g142xzbq9k0LOYggBAnpA2jWDcyOhV8hlw4z9pbghMwL4DwOpVOSyos2b9FVGudPM/jvyzGIMAANR+rI5Wl9T9+Z4YANXuj0hqQ0tfXrbuEG9poMevJVB9PuCY6D295YzKntP1mf52rZaeew3QeXrNywZoPQRbMMFvfv4MFHggkCqB1sDnaGto9u0+QMfkXDL4QWoDUg/4eQCEyfgTbB4AUYIAnMAXS+bDngs7j4m82zwQioWsy5fEWra2k2SdfnPCzZ3++5MvWGvi+XsutZcZd1NZwu6tB7SMPDf4M2Xg+Zh8LnL55yoD0zNTwILKA2RpgnwOGisMomT+beDEjYicXy24JKISnDxSrbqsWSf4EU/Za/6GFUuw+NYuXDNrttbH/tLA2+pHQhoElsvx39i/PiS5rfT9P/p6Sv1IcBWAde/XrcLQH6w372EVVVRRdtTPnaGIuonIc7Iv38+aN82Y/SfyXwr5P1BICUCeeAI6OQPMBnRTCafeqVHP6/fseLTMremuos9A+hhM6L4DLvkHNDd8wGQCOIUCAHCeST2vz7Nj9aoc9oZzKF27/vbclcNuVprq9qUSgHraU5s/DiK7dD135Acui5ICp24/taNdk8zT3K5U3tRO0HHTp/d+2X/T/ORHYBvPXUs79vbU5on/Zc3539Ri0FEwXNbaFPLrZfCAfu/+5sVuulZmv00yfVO9PhH+ML4A/F6T/D+M4qBYbwHT+ktJ4MOszeRtYpK1E4nmWXTKxHNTPu56TySfu+ATEefzEKRKgHceIILNPQf4fRzUMUBm3HmwgNbCfQu45J9n/rlqgIwEaQ20DhkooN8yOCHnATLWz6dQ8i9l3H713gQbCQ1qFff++XPG3vRhHOp5v3kb4eV17hy0FybSyY/Z1BJAuFIAK2H1If9Taf+lzJ/e++2/Ffk9G0K1JKCKKsqJh+PLcovbHNVvdvQ9VQoAmF3+bc7/nPjPmjdNO19K8g9EDQDcsy7Hzc1SqAXytedrloxpLdoIJnO6SgWRUdmOTm/9lv99z7pcWerTC/gMpgomdN8BpwVg5pzjdA8AhwaRapgNLKgDlWGkMA+pnVl3PSaDwEoFfe9kG8ChMSAzpF/btigXphtA/KERJJ+ap97zTDgn5AAUIdZb4LV6MutkrCdbCwIO6QbAMvrc1A9qXILM7PPz3FiPz0/mgN75HZjGkoGGdKZW8yqQ5J8jnRkAdjSjocU8Nr/f5DUAmFsA2iDJcxRH/KCxTWsIaicoz9uy87YghZ+XgGlu0/P7IWyAgRNVTtqlBJ5nxGXLPE50JdnnJQM0H/3m57jZnyT/XAXAAwf8vIn8cxUCH1sa9plKEuT83JeA1sKDDKRyiNL2j7D8E094av9tMNVoA8EZZL82fGFB1145ex41zdf5ks+w83Hi7xf4kOfCkv8wMJJ/QfyJyE61/efEP8r+A3nPBD91xLpV1SBAFVWMA7Kj76nf1A1gzZ3XAXAJvY3kBxn/EchosFhECwDkiVV80dLNgOMDQETARDhJhl7JZJRIJ38GmZUm4hd/5mj5jQAluWVqANs+r1kyZpTPT2ZE2feyZ/0JeUKrvv9zZiZIDWByynfk8iPsXAUiT/a1Z5AdDvJ7ED/7buTvf/fne2Jr19+eW91x0WBeZ86E2+TwBFMmnMMtIXBM/OiaBvF/Tz4+VxFwxYFJAWCb39ZpgAcyHIO/VrR3eq+xmQs6ngB9KvBgMh+U9/ftP40Z981OYBO0zyqIbMtzUc3+OGEOUhmEmcN0PkwwIsw9NiPCQrwCgoIFsq2eiQjTdaaOAKbx+BiS7MvjdM5PPcBrTIcccwAAIABJREFU+uk9/Zbr5iUMBJPsX6oPeGcDfuz9d3Oa14Ct1p/vCy8LkAqGMIji+M8R1B8+DBn1G0e2mDPdYxtXus2b1uIQ6yWezLMNfk7/8ngUI8BCa9kraf856dcDGuH3PxR2vVn8GFVUUUVomAh6kIGfDA7I629cWI/h7CCGsxfww+ShoolFwV0A8Oh6LRPNs4IyU1vJOJ1xZP9rlox5nkVmoJP3L06MGxkF4PcZECrVCyDKvo+L9J8heezwRqxepasB8koAAN4MeSWjNws0OcEMz7PkOwAQkg2zE2Gl/xw3rJkLYMQouadMODn+E0yZcCnJNxFvU/BAtgt0WwW62X/3vC7/l0ELv/nlPFJd4NT/TwdwWXs+0zzyudz2h16ibwpSUJnEa/n3YaXwfi0B/bLopqw+zVmIisBvPn6eYFpjmGBHsYjapUC28ZN193QNz27zIICp5R//bZLcc0k+J/88Uy/nkpl+Dtmqz9YtwETK5ZppvefO9wLn9WvkvKa10PPx8gigGaWAX8a2Y/UtocaQkvMg8sqvoft49pmPZXL0t0njTS3ryPWfSHyhqgBCqcj/0MoWYNfU2n9T54Io++/sCSP5fP+q5L+KKsYFlP0n8t9Yfy0As7mfrQTAL0hASoJSmQAWFADAPetyXU0jaF3ODdouKpJZ6f3nJfYcqVMO9DIDTXvgZNhHkCqnBJ0j/xmgiR/UyT+VX1RqEMa0760Nl9DaMITrb+PGgOO474Ajb19QB3y4xSX6PCghM+QVjtTOmNvVgJcysD1Qzx9S+s/huNw7r2UmHHAJOG/7R9cC3iw64BBc535ox9o79eCBm/nXiTOVGsg5aIy9PbUgPwITITfNz9v+8RaFHBTs4PshIUsMaL18nSbwQERbQzN2f/Nwt+m6Qgh9EEzE23Z/GGIeZPhnW5+tTCCM8iCM1D/IeyAM6hY6fe1X3tLgCQKYMuqyRp5fY6rbl4EAnuWn7L001eMSezkulR7QOLI2n4/F1QHSKJAHF+iYqSsB3cthajEo94rG8/MAAByi+qvvbsyFIV628z173zCSUEk2g8gn1eHzdnO2+yVkf3uTTF22oSOEraPn8FNFRCL/IbB13ePA151OAJW8/4C5lCHs/m/q/g9nLySqpL+KKiYFOlYuMB73q/23XUPv6+fOwB/fvSr3Ny9GT7hxFNYF4PldsdTOGLYdXKDI5fUfuGRtOTcVWtHtOVKn6v/peajmfs+ROmw7uMDJkI4XCc1/Bo7ZHFSbPABqjaczNRVL/gm07wRSBgAO+R/3fQecUoBDg8BL/Sor3tU0Ym/7NwXaAaZ2xhyCv6JePY/yPdgZA17qBw4NIir55+C1/E4dvw5ea7+3p9ZT+w9AneMO90SITa731H7PJM0H9M4CfftPqxZ8NK4MRvjNT695Sz/+O7VjuqZ0cIIM+hjcHFEGPeTaTb9pnHRmAGu/WJuQ++FH/v2M8/wc9cMSfzmHDWEd+aOWDvjNIc+F6RxgUxrYOslw8k6menSctwDk0ntu2gd4lQN0jF8j56TfvE6fS/1JFSB9Avj4nPRzeX9L/COaXwAn/UTK6fp02iX58hn4+qVqgHwCZECDmyTy57n9ow2efZD44Gc3x7jpmnS7Pzvcr36CYHKev2bWbNQ0X6fe86wy/6G2b/x+OR5vb2dqdcfBje5ofFO7OUk+g56zVORf1agHEFjyCqjuv49pokC1/r+KKsqHHyYPxaTs/8aF9crR36++33ZOHqcuAEfTE6kAABA/OtydBBIpzNOO039uqOa8UiXoHNJ5nkg1/absZ35Pxg/P74oB63LyM6B992ufVwmwlZLIfR9X8p9HfPo13cnMuQQApHbS2rKqTR6tTfkAVLIiQCstcf0AVElAvhQgPv2aor7/nCgTCXal7S4cQlvruUevidfJr9vCTyffmX5dji9l89wYUM+464SanzPN71eG4CoYSN3Qqs3B75H30rPZFAtybwDgxJ5RAHWACIhEad8XVTZv6jJgCjBENdST72VZQdAYQWoH271hAxhh1kOQsneeqTdJ8+V7Is2yHp7Gpgw4r4mXsnxOvKUbf5SyBL4uafTHfQa4yd/KWxqQPeOSdttauIpAqhc4pDlgVA+AD352s6YEiIqevW9g5R13Gs9JghfWgI67xwdBXmeSpIe5Jghh9udX392Y++BnN4f6R3DBvn5X0i5LAVhgYOu6x4Hur+CRxMeN41TC/p/oPeLpYBAW1uy/AVXyX0UV44vG+muVZJ8gXf0JsvZf3rPn5beRGb2giP/EmAAS7lmXSypS4K37l+S/ktvR+fWh5xn30001SK5YnEBvY2K8SgDAPgNpuLjnSJ1aO62/koIAct9Nx2nfUyscL4TxLAFIzpnp1vwDet2/Rv4rvCWg4bkI7vO1AL1ZJIfGEmhblChGBcDBJf8y00297AGvH4DpepLW87HpeN9+sJIDmW13xzXV1Pt5EZjMByVx510OeAtEut7kE8C9BKhTgvQmMK2PXj/0GD2fWzIUpo1fWHO9MCUCYVoH2rL5xWT2bedN0v2gIELYVodRgyWcMHOiLk36JEnmMnibW7+sifer4af76b4oZQm0BkncZemArRxBmvnJQIWtJIE/r+m9SQXhh2KDAKWEJJRcns6z0YCZ0Jok5UE161SHXgwO/uyJ3Nnh/shBAMBpX2fD0MoWbIV/EKCUKMf+B5F/2/4T+Q/K/leJfxVVjB9+mDwUezi+LAc42X8T/IIAdJ7DRP5LhcICAJR5zmc1u+7KGev+KzXzzGF6Lk87Ou4AP44lAPwzAOpUGQAFASrZi2HS7juQl7nnWwICwLImUffv/EF1CXOFkn/A+Fwek8NDb7nXl4D8u3XyOvnnBNrkcC+z5HwMTuYdmf5AXqZfWLbddN60HqkE0F9H63KQ2jFdu47Iv22vOOT7vv2nsfubFzUPgChmfH7mf2GJbyES/FIY9oVRB9jKHGxmiaWq/5fk268mnpPpsZMDSKebkU5n0NbmGgnaCDNvoychs+a8LMFUBiDLEmRXAlNHAxm0kCUFdMykPKBrbEEFrkzg8GsLGIWchsGcxhaPbDtsezgTTPeaasdlSzrT/TbnepKmkyQ9qgeADcXU/ys1gAW2IEAl7b/sBBC0/1XyX0UVkxuN9ddaa/8lpOu/KTggJf+l6gJQmAcA4BCu53fF4keHu6kOvbXhkjJtAyor4xwEerY1S8ZUbT31oo8fHe6m/RjXRdGcz++KpQbnqTVNJfjtO3/+cV9Y+lgM6WOx+PRrujGUr+ldUe+a5QG6YV6lI/9sXXflnKDAzphD/ofGEJ9+TTftR6HDS4IqZf8ye84z45z48iw/J9RuCYADh3R7s+sAtGMO6ZbZ9tPadTQ+n9+U7Se/AQJl/6U6gcaWSGcGlCcBn0fuldw3+Zx+CNsJgP8uRb2+DWHKEoLGsxH2oDltJoBhiD5fd5i1n33L/J91v5p4AhHrtrYBtLUNqKABSf39auKJLMvMvXzdn3zBI7+X0n7+nq6XkNeY7gV08k97s3vrAW09NkIvWyby8WzwI//kB0Dt7sKqAeY0tvhKum214yaJuaxNJxBZNJFGOZ681zbX++fPaeOYiO54YsG+/kAyu3Xd49jU/R/asUrYf1N232//w8j+w+xXFVVUUT7Uz50BwEzo+XuZ7ed+AXQuM6p3FCgV+QeK8AAAADy6PpcEcN/yoYqvNw8CPRO1pqPn7Goacdr/YZxbABIeXZ8D4Gn/N1Xgt++p/LNPyL4DwOpVuSTAugGMeGTyUwa9WaQwD11NI05LQHrOBXVIAgmsXlVQC0AJm2ze5pwvDfYARw7Pzzn3lCfbTueoBR/NL9fLSbqepQ/f5cApe7iM1A6ndMAtBzCXSdhKEfr2n84bDOoS+0Ky1lHb3Ml5gswG+e+oLQf5WKbsvWmMsM9SbIcAiWtmOn90eH0/ZbPD1MTTPabsO8GvJp6IPUn6eTvC/uQLSKeb0RJv1qT2NJecl0v6eckBPZ80F+RzALp8n4OMEXmrQL+6ftkZwDRmWFApAA8C2IzZbAGCMPXjJCsHXOd5mTEOMoyzEdgw11wzazZS25/1nFt5x53Y98rLxjVzs8RywkRqh1a2YGhli3auUvefsv9h9p+y/1WiX0UVkx9+rf38MGveNNVasBwoPABwz7oc1TlLubY0Apwq4M9JmWlCamfM2ZPxzkYT2WzyvywMZJvDcqKQuej7lBrME1FqPzcRaMuXABjk/9IIcMqAP+cK5gGws87pAFBAC0AJIrWZft31n5vcOdnvPk2OL9UB/BgFBtKZWpVt54Tclm3HjmZF+mkcmo/DyeTb2wjy9coOABwysCANBDnhp/mohSFdz80OTcaGLvnXIaXvhUjk5XWFlBP4QaoBbK0Fw4wXxZzPb92m+YKCE0/+shW2siCTkR4Rc1mzz4k89wSQY5nq5WWdPHfy55l5KjtoiTseAADQ1ubN/pvWTGvkMn7T/K7RIQA0mP0LZnpLFij4wdcr3/N9KJT8FwpT5lzWikvwdnPcpZ6TTD9pfhDB9TvvJzu3kf8wOPizJ3KlbgNI4AT4e3+wCeh+BH/22GcATM79P9F7xBowCdr/Td3/ge/9waZqhr+KisHD8WW5T3+q03r+Y4/9ewW7Y/ujZ99Q6DIAG86PXMFw9oJW91+q7D9QghIAJQWGTop5+zbeOq+SYFs31aKfeqcGT35/ltuGbiKk6OxzoLUVuteUZY8KGQyR4C0K6XreVSEIXAXQ2nDJIaITRfwJJHk/NOiQX8AtAQBrm5c/XpGtAG3rznsApAbnIfXkkNv+r0jyz1vuNbT0abJ4LsknEk2/bW3wiEg/veUM2jtbsbrjYj7b7kruTYZ7gGMy2HXvZUXaTfeQFD+ojSBfL81DkGUB8nmkoR/fF75mek1rpetNngDvbTvXLVsi+hnwSYSR/PtdwzP7NkO+MA7+tjH9wMe2BQ+KKTfwOx8m0ECSfakEkAoAwCHOJHPnGXe6D9DJPyfC0mgQgKeWnsbjpLqtbcBD6OleWSJACJqfBwxk4IAgzQbluugYBSxk1wReClEJ4OQTKMydn4OIaU3zdVo7O8K0ObOKrvkP05KvHCAVQClRrv1ffGsXVt5xJ+Y0tmgBihtWLAm9/+V43iqqKBYPx5fl6Gei1zJReDi+LBfFpM+mDJClA1RSUGoUVwIApx0gAMcBHyM4nanR+tBLd/pKAm+nR676dJwy0fGjR53nn8iF5qXwqUGAOgJQgCJKln3PEa+RYFCm3kT85T1y3LDkn4/Duxp03VWD1M58NnpF6McrC+LTr3E+/6GxBID8muqddfE2gDsrMNBJ62/KBzSYt0GqNwYM9bvPX4LpKLPtZNnd309vOQNq+/fABpLagykFvASaE/tM/3QAeua+2Gw74LYWDNtGkF9L67fJ97nTv7lzQKt2nQx67O2phST5dM3aL9YmZAmAzXFfHje185Py+jAt/qK4+tvulRl8v5KBMOuIWgJhWkehxN/maN8S/4iW0e5PvqCOUVBAmuVJqT+gm+1Jqb3MrHPyz89xc0FTi0F+XJr3SbM/qUDgv+kZudlh9swBbQ7ZHpHvCW8RaCqfKBZUBmACHSc5t43UBRnQvX/+nId0mkiorDk3jc9N/uQ4ch3FZPqB8SsHICginG8XuHXf48DXvwIA2Pxvfztp95/Iv1QpmPafvA22rnvcbYu4601P6UMVVUwEOOEn8ktEmFrVyVr3QiXxlYD6uTPQMFc3AfR7fr+96Nk3hMVtzv+7S9H2T6KoAEB80dLNTv27U4POySAnzJXcBvDUOzUq88wDAgR6/vgzQPLY4Y0TskjWcg4oLthCzwu45N4WAOBKA/4ZU+tBHoDg3wd5vR94AGnbwQXoahpBa8MlpFCrOiFEeLySIr5o6ebknJkJAMCCOvYZjDDCPFLRbQCp3AIr6rWAAOBI/5OA8/1ftLSg7/+GL38sl87oBIQT4kx/Ox7YMJ/J210iTxl1U9cADsqI0zWmuQBTth2qvZ6JwLsye3O2XbYRlPMScZdBB3o2Ivk2A0T+PPTaCZYAqzsuep6HKyIk/MhrGDWAzTGfnytEbi/HNQUgCh3LhLClAWFaJtoMEO9bPoRtvfo9sl6dG+PJbLlsBUjSfUDPrvM6fj3L72bGucyej8OJNzcVJCIu184VCyZFAT8mTQSDWvvxtdJ5Xg7B98S0X3wOHlApFEHklkidjXwGEcmw10jwGndy9KfjtnFonvfPnyua/HPIIEk5ygCGVra4hJgd+95KRyaP3/gjbPqnr3vuq6T9tzr+5597CFUfgComDkT+ifhT67sbFzrnh7ODxv72tp73UwFB5F8eMwUAbPtTSvk/UEwJAIDk4sYEerMe8s/JHS8FqESQ8zyBP9uaJWMOOerNOnsxUWAlADaELQs4nanxfH62cbgrv8z4A/Bk+nkwIMx3gu89fb9SO2P6vRNRdpFH8vL7CWTOCfIPrTxBKwWoROQd/wn82bruygEL6oDMOWcvCsCWrz3r+fw44TXVzHP3fTpH1/FrOKTBns1M0M8pn8v9/Wrq5foIVIpgAo3V0NKnBTbkWFSKQM/MTQb79p/G6o6LebNA8/iE1zYlPftuk8Tz11Ed9f0QVm7vR/TDknQ/vwB5LOx6w5QjvDVQq/19GhQA4fJ/afInM9iy5p1c//l1nLBzwkz3Sld+aRBIRJsT931vZDzroXWYnPZNtf+8EwHP5Nt8ArhHAV+rnE8aBHLDwSDTQBt+9d2NuV99d2MO8Cf/dI4c4cPCRCzJCZ7OhZWH+7WY46A1prY/i9T2Z7HvlZeLytqPV8af4CH/u950fhi2rnscj/zuY4FjTZb9H7p4WLvG6PhveM5qSUAVE4lPf6oT939sKTb85jKsufM6dKxcoH6uNixuqw8k/xKmTgAS5TICLK4E4PldsfiipZuTaEykdub/4mM9wk193AsJBkxEW0G5Vnp9OlODbQcXaKQufnS4e8Ky/4QV9fkSAKgsOZVjEBH32z/+vJyoS1B2n58zfa5hSgjkOdPn3Nrgll90NY0ghXlI7cxOKPFXSB9zvv+HBhOpQ/ljDbOBBfmlSeKfz6JHxkS0FZRrpde9WaReehfIuP8hik+/pmTffy5l56TdlO32q5Xnr6U6QEruZTCBjvP7bPOT1F4Se9M8JMm3Z/P9uxzQvdQxoKFFPy/3RZYF0FyrO4DV3+7I7f7mxW4+dpiWdvTblvWW58O05vMz0TMdl7+D4Deeaf4wfgimVohhzABvar5oVD/x7Lck+lz6LuX9UlrP75elAZKwc5Its/9cOi/Haom7BNxkrCdVBHIuScZ57b6pswFXNEjzQF7Xz/0DZIlCoTj4sydygLe+vZh6d5KX20il7AtvO29rz2cjofx6WgPvZhDmmTjRpyw/tUi0XVc2CCJswtZ1jwO/+5imBJis+7+gdqk6H9juz/Ds1ZKAKsoJLvWXmeirLctvgvQ+KPT5SREwa940rLnzOmx/pi/gjsJRtAdA8tjhjXF6ff/ihK0UwEZCOQm0kUWeSS40gBAUjJDvpYxd1rqnMA/xZ/L1/xNN/h9dn+NtAGm/T2dcOX9QWYDp8+Ft9whUz8/3y++zpXXwYzwwIYMs3HOBxpYBh0lB/vNIHju8Mb7I+Yc7OWdmwqMGyJcCqDaBvWLpnGhbAgT02aZQYFcB07jymHjf1TTi1P7nOxnoz+R8FvGz7xb9/f/QI/FcW0MzSNrf3tmKP//Ijlji28i5rfHc9nrU917W7HO0dzq+AXt7zmB1Bzyyf5ukXr53OwbY56fyBNP41KWA1vPABpeIU5vBKF0O9vbU4oEN8/H0ljNoa2hW5+k+3tqQmw/KQIRpz2xydRNMJDqovj9MUEDOb5P7+/kNhG3tJ8eymRdKDwS/Lgh+85x6p0a9dv6+1K81kVRTtlpm7PkxWVcvifburQew9sGbPU7/0qHf5Nxvah/IM/6kPpDGgJz8p9PNykeAy/D5Wk01+9IAkD8vDwLY1Ae8LMEd5zXPtRJE/oFgQkvnF9/aZTzvRxptWeIgH4Egohp0/fvnz+Xvc+4NKgGQe0Dvxzv7Dziyd7+st2yTV6n7X83sVzHRCFPjb0MUQzwAuGtZYw4Adh4aLun/8cs1rgnFuP9T0ICbADbMvRZH0+VJ/pUkRJM8dngjJ/9E1ijTYSOh0g3e5kLPyaDNld/PhV6OK+c1udJLGTs9CxHgrqYRJO9fnJhw8g8A39muSgBSg/O0ZyGJfhjQfVzmLfeJxjRd19pwyXovHadjpnEBd5+leeSaJWNuPXre9HCyIHns8EZO/vlnATACL8s0mFqGruNEm0D3qVp8CdZ9wATPuGJez3s5J3uW1M6Ykv4n58ws+vv/2qZkLJ0ZUHXpfftP40OPxHOShAPebLfM4vNM/gMb5ntM8Oh6ktBLSIf+YuYHoCT6T285g9UdF/H0ljNap4OoXQ7oeZyACTR1glQ9AI4RoKnlH52zgaTrJiId5hjgX7vvN0chfgNBc9Mxk9zfRPBNxoc2g0H68SsPuKn5In6t47zxnATJ7YkAU5a9P/mCp/0fLxUggs1l9LJef+2D7vXkHWAy6JPke98bGe2cyeU/e+YAdm89oN0nzf2I/HPvAip54LX9fC9M8/KAgKn7Ae0Vv6ZUigATuPGflI6f6D2iET96zc9L3LBiidVHwEZW/XDDiiWeLL1pnJV33Bl57ImEzHaHyX5X+v77PWM1+19FqcFr/Bvrr8WNC+tx48J63NrZpOr9AZewSnO7KMZ1nQvbckvrZ2Jp/Ux0Lmwr2f/xyzWuCSTV79k3FNrokGf8CeOlnijpLKnBeXjy+7M85nE2Emoj3ZKsA3bTOGnKx++xjSuvt7nS83XTs6xZMoYnv+/vIDshyPsA3Ld8CICzdq0WPf/a5gWgfT75TLDTrxrqPo8SI3+dvJfPq871Zj1zn3qnxjgu3/fU4Dxt/Entpj80htSTQy7Zzu8Pb5XJYSXdgqwDsLY97Lor5xlHBgnkuPJ6z/3sPrXu/LN03ZVzWv+VCIlvd+QAqLr19s5WleWmzDkHr3mn66VJH8HpANCute/jGXw67xoMunPs7anV5ueO/3J+Pp907M/0t6sSgdUdF1V9f9e9lz0ZesDrecCDBHx8/gxd9172eBPQOG0NzZ41Ak4wYe0XaxN4dH3uL3/9uDoflD2P0iLPj2j7zRE0V9TggS0Y4deO0O85bWaJfmUR/PcvemYBK+qRXNyY+Nanl+R+52v3AYBGoDmoRp5nuHlmnrDylgarAR53zwegZfNdab/eJm/s5EC+Y4ADHoSg8fl6V97SoAUPuCJAmhrKcgQaX7YSlM9jej5pFsivM5VT7N56ABt+bzn+y/z3ivbt4dlvInVE+uk9kT+TVJ7jhhVLsPjWLqt/ACeNYQgljRmWtJ7oPRIpmy+fi36Wf+KJGDf8k+9LiQX7+tUPveegDHol7r8t+8+fWT5/FVWUGp/+VCc2/OYyVePPfwA7Wf3BT/YD8G91J3E4+26JVu1FOccmDGcv4PjJLDKjF1QQIGyrPxN69g0hM1p6939C6QIAvVnnJ08+OAEl4s0z9TKbTJAme1xeLs3j/FzoSaZO2HOkTrtGBhTkvHSvMp/jRHRF/eQzd3t0fa7rrpzap9TOmJHY2YIdqZ0xnHqnRieavVmPikNlgsVvwFyeIYkrfS9MRoH8+0FtA7uaHEd9tffP74rhO9snXxQgc875aXD+85DaGQOGnGdRhJ5n6onYi8CANNlTnyGZ8UnZvuk+yvjz8ztjxoCQbV66V613aMxda8Ns4NCg5gNQKLo/36M2gJNnnu3mBNeU7U7tmJ6X/LsEjGfaG1r6ypptpwCEDD4QyafgQXtnq1qjyb+AzpnMDU3GiLZxKHhCAQcTkk/NA3kA/Nm/3+g5byoJsNW0h7mPvyY5fBCRDtOiLyh4YFufn0u/DWFNC2l8ubZf9JgDx//85W3YvfUARgedIAAHr5Pn2XB+jGTzXDFA72VWP53WTQNt2XDKuLe1DajAAjco5K7+cn7AXJZA8/M18XKCdNpt+0f3klqBXtN7meWX9/BjBL63va8dNz43RxBpNZFlSfZMhHPfKy97ruNy8yDDOT5mEKn1u96kTADskn45jgkf/OzmcSH+xaBS979K8qsoJx6OL8vRDz9ejJEdlQBwhUAY4lvJGM5eQHb0PWRGL+CVV0+iZ98Q9rz8tvH5n3n2sPrZ/kwf9rz8NgBnv4j8l0v+D5QyAPD8rlj86HA34GSOiYByAm3K9EqMhwu9fG1ypb/+A5e0AIYkovGjw92TqRadoLK2gvyhN6t9Fto9+ffbDi7wPXbqnRo3w9+bN+LLvz/1To0zjzim5oez53RvanCex2yQBxm0UoDJGHCRSB+Lxadf0w0AqZ++6xBk7gcwNKYHZIS7vnZcdhHg4Nn9/Bhyb6R8n19vem3a266mET2AsaAOODSoxo5Pv6Yb6WMl+/5zck0ZeHLFp/N+2W4i7KYWgJxIR8m2kwlhULadXnNQAIIrDvr2n9Y8A2TJASkFTCoC2W1AGvzx9VDQgs7L2v++/acxbekYZtw3O8GDaeRYL3vaB2XWTRn2IE+AX/TM0uT0QaaAfvNxUm+bW8r1bc/C7y+kBaEpSPDWQK36N0apqnqziB8d7v7CD47EAGA0b+A6Ogi8+lxGu1/K40018ZL02ur3V97SAADGIIDsOMC7BfDjXBUgTQkpIBB2fv6aznF3f7k+eZ7eczNDvmeEV5/LYHTQ7WDwZu8F/OeZGZoJZhT4ZcrDZJvPDvdj3ysvq2so6xzUez6IbIbtPsBJqClDHdbzgIOT/8mOyb7/JlT9AKooBzjpJ6n/w/FluT++e1WgXN5U4x/G1d7v+FTAcNYh7tnR95Qi4JVXT3p+6ufOQP3cGeq+zOgFbH+mD888exjHT2bISDIzAAAgAElEQVQ18l/qFoBAiUsAkscOb5RKAAB48vuzNGk6wST1B4Jd6GW9v0nWToEB2zkTqIadzt+3fEiX+zMiOilq/zmIUD6/K8YDE+pYHnuO1HmJNCPzfseMBoz5a0znVJlAfn4ZOAC8Sgxa37aDC/Rz4rkmI5LHDm+USgAAjmT+w84/3pzQm6T+ALTSAQmjT4DBF8AUCOLnjFhRr2f6P9yiy/1Z5r9U3//Etztyr21KxmS2e3XHRWN7PYLMdgNQdfaA1/hP3hcm287b7JnmpxIBk8TeNj/g7x9A66dgRNe9l5HODGjdBuh+ea+c21TeQMcB4L1t5zwE6Nc6zhsz8ARuamc6bqqRJ9Brqoc/9U6NsbTLFhjg8/D3YUi9NPqj17/omWU1MjStw6ZQkGuT6wlqw7rurnmY2wT1s++NjNEEUJJjKacHdNm8zLgDeiCBzu3eekB5BpAvgAw0jJ0cwI5/0BUFpZqfKwroHA80mNr98dp+0zr4eHObgF8eOIfRQdeLIAyiZrEL6Q5wdrjf027uRO8RjUwGkUTKYEedN0wG24Y5jS0TYgAYBJkp37rucWzq/g/r9ZNt///y60/6dwCooooSIWyNvw1+Nf6f27hKnQ8bFKhkSILeWH+th+Cb2vmZjg1nL2A4e0F9LuVC6T8FpgQgTwCsqNec3FOD8zwk3mTwJ2X8gN5ezu9eusZmNkfj03rUtaz+ne7lQYDJmvn3EGQeEMiDl2VIozo1BhF+HkQwZPjlHmhzMRWAZ2wxLgUOTHNs+3ktnvxl66Q0/rOCKQHIEwANs5WChI5LEm8y+JMyfoCRd3bc1xxQmP15xs+vR12bl/WnfvquawDIggClzvzv7anFV1+4Nwfo2W6OKNlubvwniXmps+0ArNl22/xkLGgbm9afzugk5YEN8zXlgjQcNCkQaB76LRUTM+6b7VsDbavb96vnN5FgWQLw1kCtFjCUY4et/b+p+aImq7+p+aL69yGoNOBfX9FVUCYjP9vzyPM2pcCpd2o0H5UwSB8ZU7/3vZFRGWuTiR39lqScXzc6CEWkX30uozLz+193jqXTzvvRQb0jQP38m9U5wA0QzG1yzAS56R5J6wuZHwD2v+62/iP1Qzrt3GtqXcif2dQ6ka7Z90bGo6bInrWbBfuBBwFspLmY1oCA15gujBzdD1Gyy/KZin2WSYN1qzC0siUwCABMjv0n8m/L9ldVAFWUGp/buMq3xt8m1//7zW4rSmn+V4UDTu4l0c+OvqeO8SABACxuqy8r8SeUNwyTlzkCwpSOmcfxbOR4uNDzGnN1vDfrrY3vzWpy/0ltPmeCIWOuZeAN79V9cpx8Rt56jc991mvYeVqHpiKg9Ztq3ysFmXNQZQHME0CR7J0xJ6OehyLrQ2PeY4DXN0Bel8/gG+8VfgQa+c+c85YLZM7pcn+2zlLitU3JGM92c3L8wIb5KtstZfcy2809AgicqBebbQ+a32YmSPPSXKYgAR2TagYagwwS+fxkbigNEE0mgfw+elZTFwDKxtNvLtenY6Y6djK2k91fSPrOx+LEXPs7BXrGXq6Bjsk5AOffAx4Y2HOkTlMqyDXwsWWXF1IE8LZ9/Dn5Wvl6aQ001i96Zqm/z069U4NtP7d3XQCAOTc5/7G/7zeuV0EAwu6tB5QiYMc/HMCOfzig6ud5gODV5zL46f9+3ePST2Nkz45pbvqv/mKudg2NBcA4BuCUKJCRHpkE0rGg+ec2wTM/rYHUB9mzYx4fBDr/0//9Ol59LqMRfNoHvi/73sgoT4VfHjiHfW9k8NyL0YgcbwFIKCdJphZwtrrwIMjscyFu9YB/TftkzPaHgggC0A9HIfvPx3rkdx/TzkXZfz6OH/mvoopiYKvxDwNb7X5j/bVGwk/Xcg+AqwlRyLtUCPDAQLkxPfiS6EgubkwQsUwCQG9jItUbA1YQEc9q5N/5XeeqAnqzQJOThf/Mbc5/aGXfeCUvb3Jb89G9KcxThIa70J9uqvG0yOPEUg8suDXayWOHN+LY4Y3AulxycWMCk03+Hxac7D+/Kwasy4Ui8/LeMNfT8XvW2f+yeX5XDHetzdHYKdN6JqPaIgDJy+8nkDkHpI853/+2RQlVFpAn4hr5PzSIFJpcUp45Byyoc7Lwn5zpHMtn6FO9zJWfrqPWfHQv4NTsgwULMufUnxdCamdMM/LzBBby68vL/TcCi3JJIOG8Lh3SmQF0wSG5TuaaO/q3e643Zb8lIZfXuOOZs+00PwCNcIeZn7Ltffu98zvmhE4bQBk8kOuj7gcPbNCDBCYFQkOL/t7U1pCf0wMDUM9v64ZOmXoixqaMPZfScwIty4E4cT71To0n2PrkL1vxl79+XI136p0arRTBBq4k4ONSoNh2/7aDC9DVNKKVgsnnozKFKGaBtGcU2Lhv+RBSgxToCA5gtrUNoG7hzQBOoW1JHVbe0oB9b2Q0VUD9HHfN/Fz2zAAAJwu+//VmtMSptt45Rh4D2TMHtOw7AGz7t1Oon1NnvYYUAq8emYv6Oe59+97IKJLdeat3fk7kRwed7Htb24Bnfrqn89YDAOZidNCR7APOM7TEP5K/h571ALJn5yJ71rmGvAPoWdR+LqkDDkCR/9tunl2wAgBwatx/9d2Nxn/PShEM4F0DAIdwS+d5E+Y0tuD98+eMPevHI5M/p7El0DBxQrBulfZ6CMBWMGl991fwSOLj6m2U/SeyruE3/sg5909fN94jQUEIPo6J/FNJw9DKlqoRYBWRwQk/EdOH48tyjfXXGiX8nKybiKyJzEtJf5AiICgg0Fg3hruWNZZI9TsGYGZphioxiPxnR9/zqADq584oeyCgLAEAE4mLL1q6ObmiPkGqgCQaEwCUQiCJxkRrQ40i3wAcF/rlXhf6rqYRl6QPumTf5kLPs5ukRGhtuITUzpizlsWNCQpIOGuDWptW61yBZFSh2LUXen/AfdrnXcn7yyEl8uljzvcfSJAqIHlo0PmO5RUCyUODidSKm4Ah9g985hxSgy0Asro6YEGdS9LpPWBWSfDzcJUIqcEW4NBbzlouv5+ggER8+jXdycw5tTbt+19C6b/E01sckszJf6a/HV33XmYZeh4Y8DrwS8M7l5jrGXeS+BPR1rPt0eana2zzc9M/QJfm87F4UIKPZWpvyOEXDOH3OuUNujcBdQEICyK3FJTlx03XUleRNUvGVFb+dKZGM1iV+NdXnL+b/+zfb9TmkX4uNI4fTr1T4/k3wdTxwOYJw9dAz+MXGCB0NY0E1vz74fZfG0U6XYd9b2Sw8pYGRfznNrlBgFefyyiSDDgEmpPb/uQL6hgRZboOcKXwo4MOUaZAwo5/cMg14MyTPXMAr/5irgo8ZM+O4dXngNs/2oBt/3YKPSevoGPhNM/8lIHn8/ecvIJ6MT+9rp9Tp0g+v8c55gYysmfHtGAA4JomZs+OoW1JnRZAINLfczJaBspGaHkQoNQZ8bPD/aEc+G3w620/EaB9mghzwAX7+jEEuEGAXY5cmRPsrXhcCwIUu/+KyOfVAH/22Ges15oCCH7kX76uwouD235bEcbl9/3L1Pi/ZJHgNf4AVF3/jQud88PZQZwfuaIIvCTmw9kL1nr9T3+qEz/4yX7j+VnzpmHLjw+p+fwCBBKHs+9iab1D2O+4pc3/AQPwyhtpNeZ4gwg8J/ec5EvCP15Zf47yBAAMcAwCGxOKVC9uTCiFAAAsbkx4XeizKlsDMBd6zIMbSEAiBUHo2TFANz0jufk2OFmZ5LHDG+NwAhC0zjgcFcOkM/qbKJSTmPspC6YQkscOb0TbooQi1W2LEkohADgqgZfYP/BE8F/qd7P5g/OATL4enwIJebKuEXp+DO9qZQYk+ae5kscOb4wvWgoKSKj3l98fl+//hx6J5wA9606kvr3zspbtlmRZwpzt9mbPaT6ZbeekO+z8kszb5ic49ftQ6oDVHfr65TpM45oy/zIYwseheZ3rnBaAADDjPiSwyVFz+Bn/UfcOUlkRGbcRZxveGqg1+r/4QZoERr2f7vlvGDEaDvIAMZfwc2UDvd52cAF+reO8CiKQaoGXFFDQo7VhCKczNSxY7Q+qu+dwzOoacPuvjWL/6969HmV/rIlEZ8+OYW4TyfvHFEHn13F03urI+LmygDC3ySHglPXngQLKtNPYcn4CHaNrbRl403Fn7WN49Rdz0bYEyJ7Vx5N7wMea21SnneN74HgSFFZSVi7yTyhlxj7KWPx5TPcFPe/Bnz2Rk0GTie4KoIIAlnNAnrSLIEAQOHmnrDwn799buckZ/+u6woDf/70/2KStoyr7Lxyc+A8ef1cdo9cA0HTjzKs2KPC5jauMx8+PXMHr+wfVa4kf/GS/77hBRn7D2QvY8JvXWe8NEwQgAl8Mxpv8k/kfR3b0PQxnL3iOh8Fw9kJZOgAA4xgAAACN8AvSpzLvZFTGCD7Jlk0ZfrrmdJPdhZ6y/ET+eZYfyJOzfEBCvb8ayP9kIN6TYQ3jBU74RTZdEXfqHsAJvk+GX11jyv7nywQoy0/knwcJADc4QWtyJf/jAyL/BJ4lz/S3e9r1Ad6MOCfCe3tqsbfnjGdcumdvTy3aO/VsexiEnd+UbZdEnTwB5BgmBUOU+Qn0jKb5py0VZKs3C9xmfmY/tDZc8hjxhYGJiNNxIs+F3B81IGED/TvzmdtOW+cC7CUG1PEG8LZcDUJ/8oW8AV/G9zoi7kAdOm8d8NTzO0GDZnQs1MsGOFGXIIWBDBrQfXOb6tR1QJ12D+CUAtB9bW0D2D/YjM5bdcm/bX46xtdKa3eeVf9s6fnmNkErK3CCJvp8pYaJDM9pbPElj6Z7SkX2zw7340Rv6cat2Fp/AyQ5p2McMggQFn6kfWhlC763chPQ/YjnHJH/oHVeLeAEnhCGrJuI/ze+9bp2TXz5Aqy/vx2Dx9/FwW2/nZvKQQAu9Q9DGG3O/EElAASq8ecKAn4u6vyEpfUzsas/huGS/dVdh3UtuXELBJhIvl+3BDo/HqZ/EuMbAPABr7MH3NIAAF7JPpDQ5PmLGxPqHBsnBSkvd2rMk/l7fM3vqqhiHMHr7AG3NACAV7KfOZfQ5PltixJKvi/GUUgfiwGLcpovAQ9ClFHe74fVHRfx1NfH8NBjdczgzjlH2XfHiE/P5hNBJqIdROT5vZn+6Xh6y4DK/kvJPZF4CjxQQKGtoVkzHbTNrxz8dzSjocU7P392fkyuw5nfLu93TAAve+41GfzJ509nBhwPgHvW5Zyg63ntehO5lWTY2BbUcC0RcxNBl0aAtmNB83GlGKD7A5jeB+EXPbOw7eAC3Ld8CP/6yjz8tztG1PEwkOsBogcDTCCJO+DNfhMxHx0E0Oa877zVqx6Y2wStLECN3TaA9JG5nmvb2rwBBgmTxJ4rAYLmNx2jUgjAeVYqg+DX0bMC+Zp/jALw+iX0nLyC23SBhRGmTHZYRCXOQUGDoIBCoYaE8t6pRPhN8JPOE+mmcgAAkdQAVuRLD7637iVVflDMOqcqiMQPHn9XI++moIAJkvifuiT+jj84hOTBIfzpF24NHLdSgwNRa/w56PoobfkKqekvBPtPpkvyeXQubBvXDmJc8m8i9rLen6T/pmuDPr9iMWkCAAp547i8FHkzEX6S7NM1ScN9STlOPpigiFKV8Fcx2ZE+FkPbIvf7T9l6Xh7AlQS2Y0T4wb7/k4Dwm+BkpOsUgW1oAVI72gE4JLyhpQ+pHe3oulcn7ETQOUl2CLIeDOAEm7LqDfv1Wnueuad5AWgdAQDXD8A5367WRkSf5qduANwjgNYAAKs79Iy/9DUgmPwL6DUvJ9Dv9X/+E3tGAdRh97Zz3VjsKqGiQBJcKhMARqz3OF1azOeCDP/GCybiboMMiPipBcLA5J5vMu3jcAz4YJTwS0jy3HPyCtrS9rE5bCUCpqABJ+VB8wO6PH9uk1nW713LaKh1R0UQ+S+1B0BQECDoXqAwolrIvFM5aEAZ+wX7+j2BAA7p1E+k3TeDz80IQwYDrgaQTN9E3r/0Jy+r7L0frMQ/Dzr+jW+9jj/9wq1outGpLR88/i62P9Onxm+6cWZFKgSi1vhLSILJiTzV+NvI/TPPHsaNC+u1sW3BgSgBhqmKicjwB2HyBQAAcCl+fNHSzQBc6b5Jml+oC30VVUxGMCm++v6TdN/0/beR+XwwoYwrLRrdn++JJb7dodboBgH6tOuI7BJMde4c0nFfqgvkfUTYZd1+W0MzgD5W10/EuhVAn1obqRT4eqUiQcr6Jdk3Gf7xAAW/xnS9yQzQ9Pzxh0aUDwChWPLKwWX8kkx3NY24mfjerGptWcq5gRGPQaDJSyAs0Qccc8JSg/9Z3vdGBm1tQP38m/OBADMxJ2k9RzqtO/37QRJ5bphHZn8dC8fUXDS2zObzkgAJP9m9X6AiTBCDnjGdbvYECxz5vx2lKgegIICfaVwUmDLyUcoJopB5fq8tgCDHN40tn31SdgEoAEMrW9xOAflAAIdfmz4tCLDrTZ340zFx/dUMIv8m8n7qUo3K3vvBRvxN18nyAABqfB4cqDTIGn9OwsPW+MvzQYR91rxpxhp/Xtt/a2eTen21tQGUCFIBSLVGIV4BhWByBgAYjIaBUVDN9FdRwTAaBkbBJMr0m7B2/e255FNA8qkxxB8a8ZBWwExsUzume7wBXJLbbjXna2iBCiTobvl94j1UICJM7T2VKATN7wYQvGTeRNptLv/0/GaS7z//U1+fh2lLxzBj6ewENjlKqW1w5O6cKNsk/1zKTi3z/Ahya8Ml7d5A4h0QGOCt/yYbqGwAsCgeerPY1qurHb7wgyOxbwG5trYZyJ45oDwAKBgg6+g5brt5tpK72+rr/bLqRORNPgISVOvPx3ICBK7Jnwlhsvqme0xrBZxAQfrImOMDIIIhZBhIY5hKHbb840H855kZkTpgSHCDO5MigAjxwZ89ESoAW2wgIQxpD4uw904F0m/K3JOxXxiXft/xeBCgmvnX8NLffTJnI/+EsOQ+LPzGo+AAlQhMRiVA2Bp/k8GezeXflJXm5D/ovN/8x086iu2OlQuM809lVYDJ0d9kDCiDAKbryolJHwAAUCXxVVzdmOQkvhjEHxpRNetOVtrbAg/QgwEkw3ey9rpSgLf+ozp+me0nWb9fVwHpvG+a31El6AGBMPPLDL97n/e5TdcX+vzJp+Yh+ZRLDld3XMRrnicPj6it7mw1+Nw0b1xgCTCQR0EYI8JC5+XeNjKgRyT/9o/qxzpvtWe2bSTXBGrLN7epTsnve05eUYTZBjLbs43JYTMYtM3P1+DcF97I0W9dEh0Lp4VSGBQCP7f7qIEAP0QJEpSzzn+i3f3HA0N/sN4l8BYib8vge4IAlmuuJvBafwDY/kyf7/XjDQoOfOlPXsZf/Z87J1U5QLE1/pxoEzk3HaPXfohC2p21OUGANXdeZ53fuO66Mdy1rLFE6tUxAOVXd9BnAnjr+U0dAGxdASgwwIMID8eX5crRCaAyAgBVVFHFlASVAOztqcW0pWMqCECS+qe+PoYb1swFQDX1ruTeed+uvQeQJ8hOFjy1w6nrP7HHyVDHHxrB6o6LwijvtJFME2kGdPJOxoQ0p21+t/XeaSa59wYMHJ8DV5lAhD/T344Te0YRf8jNmPP5C3l+jt3fvOhmQfOZ6fv+q9v+LginMzVKau9X3z/ZEaRKiFouEAaylOefXo51/5feg4mP3r8c+97wdgAg13+bEsAWCJAk2SHeXoJOmXwax1Rn70fuCbwTgGl+wFUSyGPSqM9G8GmNYck/x3PPHIx+Uwmw/BNPxKIEAcIQ9rPD/YqMm8YOOwZgVjQQpjrht9bvE+mXUv6QYwJe1cDVTvyB4Lr9icbg8XcnTTlAmBp/CU7mh7MXNMLNM/Cf27gKf7/5Tc+9dO2WHx9S80WBn9w/TCkAtQAEgDtuMZjJRAC1ERzvVoCA119BmgP6gdoGlhvVAEAVVVQxocj0t2N1h0OWMw3NSD4F3LDGPX9izyhuWDNXOdcTMVbnMQ9EVm5YMxcn9oxi2tIxNOy/iBN75uUDCK7a4MrhOq0OPnnYITsND0Ej0kTgk0/NK2z+FvdewDnmdegfQDrjrInWyec/gXmFzy+en9r/XTnsZELXfrE2kfw8NiqF1T3rcsqBvzeLz/z+ea9zP2XPe7NAkxMouKn5oqfm3gRqw4oCiNu4ojcLLPf6FwD+nQgktv28FoBXbWDy8XCOLQWeOZgAgI/ev9x37LTBvC+IoPNzHQunGdv9PffiOauUn99fP6fO40fA/QPCzk+v+TVRM/WmvQBcdQKNR+Sf5P9GP5WIIOIdRg4fJgjgdw2vu5cyfT5/mEADv18SfHr/q+9uzBVC/qPsSUWhABn/1Ub4OcjkD9Db801W4g+4XgHUNWAy4NOfcvv5ysw51fgTOPnn5F4Sb1tQgL+nGn8baacaf5MJIB2jAILf/CZQEIAIfDGYCPJPIJUGBXBkaQAn+lIxwO8vF6ZuEUYVVVRR0Xh6yxncsGYupi0dQzozgLaGZuztqUU6M4BpS8cUoeXEWbXgg0vm6RiRfwCK/NMY8YdG1PVErvf21Hrmz/S3Fzw/4crhOvVDiD80ogIOfvMX8/w0N//tQW9WvTz1juPsv2aJf9aXO/iTP0Akomxp+ydBAYQw7fSitCwsFqczNWhtuJQn/Ppc8aPD3XxPg0gnr00nJUD9/JtRP99NjfOaepvx3f7Xmz3nZKu+joXTVFtBarPHwT0B+FimIIMMGpjmB/Q5OhZO89wn19jWZvc/oPG5kSG9V9csccn/f56Z0V1s7X+xWP6JJ2Jnh/th+rERZjovX9vIeRDx5vf7EXx57uDPnsj5BRdIOVBU+7wJgoeoB5D9q5nYhwU57VOtP/1UArY/04eX/u6T42qg/HB8WY5+bNecH7liJeSm437O8+dHrmjnZ82bpv0EzX/8ZBY9+4a0cxy3djZhzZ3XoWOl+d9323MsrZ+J4bE67OqPleRneKxOKQomApPR/Z9QVQBUUUUVE4oTe0aRXuqQ82lLBwDU5bPYThacMuTIqwKc68bU74aWEaSXuiSUiLFDfOuMpJfup2NOcGBUtSS0zZ/ODHjmT2ece2heOpde6p2fX9PW0Ix0xrl2rzof/fnTmTFMWwrt2YKef/f2V2Pxhzr0/2gor5V1ufjR4e5tP29MYIV72iHeLplN7Yyh9b+y+4U6wAYTgT/1Tk3oQAB6s0j1xoC7dFPC1M6Ys75xVBh4Agv07LxrTchMM3X9+M8zM7rxzMHEht9bnq//b0D2zAGMCsM7agEIuPX1Qbjt5tme68hkMHt2TBFyuqatbQCvHvGaA0pfAj8TwrC47ebZ+OWBc4HXcYLvZy7oVyJQiuw/UFiWO0pW3Uamg8YwKQmCAgdBCPOshaoGJgN8W/lVTfwKQvLgUMWQfgLvQEBBgA//4U/L9p2OUuMvs/aN9ddaW+/Je+Rx07hB4PNTjX/HiPffbe7+H2Z+E/afTJdkzzsXtk1oJyyS/ZuMAQE3yy99A+T5cqCqAKiiiiomFLu3vxrj5FRK4QmcfHOQrP7K4bp82z6fDDdcgm57H2X+1R0X1Ws+f5h5aTy53qjPb5o/6PkBx3/BeEE+EEDZa48fAMtob/t5baBfwLaf1zrknN1H8DMAfPKXrdj281o8+f1Zat740eFu+kntjOVJv7smOg44gQGaN7Uz5gk88PdqHLlmca1NfbDt57Xg6yoUREz/88yM7i3/eBB//ZUs/sefvKay4LKGXcrfZQZdImzdvJ8awDRvWPjNH7Wm37aGXx44h56TV5SygbL/gLO/pSL/5cLyTzwRox86Rtl6v6y9JPz8/mLJfxgEKQoqAVpmn0h/tX3fVQdSK3zjW6+XVQ3Aa/wb66/FjQvrcePCetza2aTk80SgpXEf4ErFTVn7T3+q0xpAAIBnnj1sleib7jHNz9/LY1IhYLpvKkPK/m3u/vVzZ1iJf7lRVQBUUUUVkwJUo5/ODOCGNc0A5mJvj1nibJOyU+aczvFMuY30029T5jxpIdx8LH7/iT0AqQFM8/LnlOshc8JyPD9HGPd/RZIWNya2HVzgIe/xo8Pdud/7QCK1M4ZtBxfgM7flzQ1FcICuVeMubkzw67b9vBZcZaDAnPrjR4e7k8jfJ9YAAEkgIeehNQvX/YSqxzcEI0zjb/t5Y0KpHuS9+TL91M6YNg8FUApq2wmhBCDkvQEAN+t9282zPfdySb0kyHSufk6dx6yPg8oC3DHc9nvZs2NKVg94zQd59t9G0KVK4LWX0srzQK6JxghSFYwOIu9H4F5Xjpr/8UZYQm2T5k+5OvxxgGbgF8L1vwovDm777dy/bJoYw81yoJymgLzGH9BJ8uv7B60Z/h/8ZL/n+jCO/nSNrPGX91GNvwl0/MaF9db5naz2oOoAYLrmakDY7P1ElApUAwBVVFHFhGP39ldju7ezA4/Ec6s7LuKtf73YPeO+2QlAJ73kjO+66wMX3xrsrr2pKfHetnPdtTfVJQCH7O7edq67Fk2KQPllx03n5DF6f/Gtwe7kU00eYsqh5r/JvU6SfxozydUBSx3DP+7eL0n/7u2vxtauv139x5+e/7VNSXVczu/Z5zDozQLP74rFFy3dzA/H/vGd7jgcYv0kWoEVQPyZo3lS3pjQSHEeDpnXCXsSSBCZ9szL7rMtT57jc5jGlAGJ+NHh7uTixkRqZ0wFI+gaJeMHAKzLqWOLGxOnMzUa+S8lwaSxaM9twYCP3r8cr73kb5T00fuX57Prddjyj+5/yl87Brz2El3TrMZxj+kfCkn8aQw6X+j8BCp54NdS5t4P9XOW+14z0fX+44kq0S89qoS/OKy/vx3Jg+Pc4rWEuL7mEuLLF2D9/Y6XTrlasUmJfDE1/vwaWeMfdf7jJ51/f6mG31bjb5u/3AZ2lQS+D6T24JBt/8YL1QBAFVVUMenw2qZkTLhmNOMAACAASURBVGWpN0EjQ7U3NSX29tTivW3nutd+cSTB29kRCabfdO7iW4PdgON8v/ubFzVCrs6/Bcy4zyGO7zHSfPGtwe4Z981OvLftXDdwDrU3NSWmLR0D3nKy+TTHjKWzE/za2pvq1FzcbNDbCcBdn8JbwO5tAOAtcqbx4m8t3cznp3HWrr89x5+f16Envt2Rs0r/TVC+AHaCS0EAjQgfO7yRZ8B58IBItTp/7PDGbViXwwqoYAMA4J51OTy/K5YU99ugrS+vNJBE2kPWaR2c5OfntO0FXZ/KBwTKmVnmY9uCAYFElwUMrNeaxmH3cajr8udLMb8cM+y4YUh+JWb+q6iiUkGy9snSSq8YEPkfL8isfRgCH5RNj1KHz69TNf4WE78wc0edn9BYN4a7ljWWqOxiDMD4fBdNdfy2QAiRfmoPyIMA46UGqEaNq6iiiopG4tsdOU6CTf/hlwQyeezwxg1f/lhuy9ee9fwd+KFH4rnXNiW1434ElIIKNG+Y+2tvakrcsGYuTPObYJs/eezwxsikPg/b808Y8oR/opdRaTB9twu5BgB+65/vzv3od170fAaRAzAFzh/2/kLHqWJyYcHnN0+oQdfVjqFvbyz537dkYPfo/9uFL/3JyxVnAki4vuYS/vQLt6pAxnf+VwrD2QsopQrg4fiy3Oc2rrKe//vNbxrbABKJ/sFP9lvbBG758SHcuLDeSuB/8JP9CJq7sf5a3P8x12GYz08eAnx8GcDY8uND2v0SH3vs39Vedi5syzXWOYkScu2/45Y2671hQG0EqRXg8FhdycwFTaDvvgQFBniAIErWv9TfO8L0rv+5tvoXcBWhsfVvj+LBP1o80csoGYox7KqieHTeXXwt2CvvAPj9WSpz2Ik1nsyl7FLfiTWJHgyj8/9b4/n77yzgOe7X5Z7mp3nD3H8Jl9CDYZ9R3UCCH8Hf8OWP5bo//2zsqy/cm/vzj+yIffWFe3NPbzkDGYAwYcvXno2Znn/icAW4ezKtp/zY/xd7iv4LKAwJDkuUTeT/t/757hwAvLj3DE7/1f4YALR+qTNHr/1A1w1+8trE6b/aHwt7HxD++7/la4V9/wFgbNffG79v0+Y4xpPXzHJ8Ft4/H9ydgED38PuunD2vjcvf02u/dYRdi+2asPPJea+ZNds6VvqU7k9yw4olvuu4cva8Z/4bfhC4lCoqCESANvzmsoom/wCUCSAPAown/n6zbj7pZ8Jngqzxl6Aaf7+xyCTQND/V+NsCDHtefhuAYzZoM8Cz4XD2XSytn6kIfDEg8l+FF9USgCpCY+vfHsW0f/l9bP3t70+pIEAVVUwWfOiReA4AHtgwP38knmvvnA+gx0OIvvrCvbnUDuCrL9ybAxwlRN/+0wBqkfi20+Jvb08tVndcRHtnK/78Izuq0a4qPOBZ/9YvdSpCfPfq+fjR77wY+9HvvBhr/VJn7u7V8/FinsATmadrOannJH/h3nog/56OU0DBFGyY6O9/EPGX5JkTdALdc82s2YpAS+JvG89vLab1mOamefn1tvk5iNATkefzmtbFCX8YhA0+VFGZ4Nnsb3zr9Yom/xMN3uYPsBP+xvprNVO9IELPQTX+so6fxqEaf9uYlNGmc0T4M6OO3L3Qmval9TOxqz+G4cK6yRpQh3UtuQkJBFDG36QKCLM/ttaApUKkAEBrwyVv3+NxxETPP9548p+HsePIEfz4f64FMPHPv/Ev2rD5aib/1OP8ap1/gvDIbyVw01JHRvaFr/zpBK+mPPjQI/GcS3pcPLBhPp7eckYRIyI7X32hNZfa4fz17ZAeoL2zNX/XabR3tmrHKTsKoBoIqELDj37nRUXKATfT/+KXOnNE2u9ePV8d58foejq2dv3tuSWra/AjAGvX357bvf3VGLY7QYG7V8/Hj8ScFASYDN9/G/m3Zbw52q4PbotoCh7wY6ZgAsGP+NuCCjXN16lnuTTwtvFe/kyS0EdRPXDwwIEtEAEAJ3qPAGgpaI4qJheoTd43vvU6AEwZ8k8qgL/6P3eWZfzG+mtL7ohvGk8SeOoCAGTRMVJcjf+el9/2Jf0y+08170EolVS/c2HbuKkKf5g8FLOVAQBuQMdG7MtN+CUiN2VsbfATw5YfEz3/eGLHkSP49LP/D37zf+xWxyb6+Tf+RXE1ORWPFfXB10zl+ccR33r8G/jW499Q5J8fu3b61PgPxoYvf0z94/T0ljMAXELTt/80Ujum44EN87G64yLaGnSS0dDSh657LwMAMv3t6h5Ofh7YMB99+08r4kRzVFGFxIt73e8GEXbALQGg7P3dq/9/9t41uK7qShf9JEuWJdmSjPyUZVvCsiF+CogNbQhOd6WMSUNyCJdKuJh0uNXHJIE0TXVOKq6k6WpO0qYSutKd8Aic3JtcHodQnITTQMD4plIxGBqbALKxHLAlJFuyZCTLemBJlixr3x9LY+2x5p5zrrle+6X1Ve3y3mvNx9pL29L+xvjGN+Y5VAOkCLj1iS2JA3veLGh96jxufWJLonP9IDZt3ZygObRW61PJv2HZ8PkvnFOeInnn5L/j5Ckl+V+6ZJGU/Itkfkb5bBQvWmjvRefF1yJUEnz+kKFwTrljHt+HP5ZfusJ+yKDbQ3atKtWA7JxXBUG2oHftYsdjuuPDV7bb5P/k+eK8If+Ek+eL8e179uGu724IfW2VS355VSG+fuc6rYs+1fi7kXRZ9t5NJVBeVYj2zkEcOazu4nDLV1ahurLEVhIAsM3s6KFCJhzvsx2Z6JgQlwBkMX79z5uAbT/G51aswK8zfTE+kG9+ATGiQUlRMR7Y+UNPcx7Y+UPc+9+/g5/8448cx8NWCIjrh70HN+GzCM6Eg8DMXXwCQA2WralB/1RXKjHjaf1rjeNIZkQtUG20zKQwRvaDS+tNaulrBOm96T6U7efPifQDyew9DwJQ28mab69JrFhfbM9fsT35vPZQJVZsL8aBPW8WyMwGM/H5F4m3WLNumvXXZe9pXZk0n6CS+YsqBBWKFyVlvLL5sn1UY8T9ZO9N9DRQrZMv0BF9fm66tQ788JXtiZ720Wkh+e9pj0ZCziX89FqETIYv1viLBoGmNf6q/XmNv2wdkvzrMJ2DACKhp3tB75sbA7qtE4UBIGAQANi4wirEeLu1DF39xWnPQNN+Xf3FGdk/02h9ai1aAaAVOXX/f/FEn/3v3361OrLrU+0d1p4brrUSVAdfK7Dk9+nOwNN+HwxmZv+I4Yf8E2Tk/Cf/+COboDcuG8LiedYv11feVcvcxPVovmx9cdxVjRvx5RtvkQYFPr1iFPMrz7ruf8v3tiWsTOaEg9wc/H0RNnzOOtbfvcyR7aTjBE52KAsqYv3qcdwwZZJGpmnKi5rmuP5yK/PRfboETScqfK3h9fPnBpLQb9q6OXHgwTcdPzsZoabxtYcq0QU9iNQT2eeSf34cSJJ9IvZ0vvNQ0jcAsIIBnPx3rh8Enkr9/ZVtn39OfpcuWYSOk6e0En8d+edBBJlJHocb2efX0XHyFC6+wj0jKRJ1TtLpGtzMBcm8T1wzaoikOxPk2muGn8an41pNry3qa5kO5B8A9rx8Al+/cx2e/sbRSPfhhJ7LwU3b9xF0Nf4A7Bp/1f5R1fhnqud9psHb/QHJAAH/GVtBl/SVAbgGAN5uLcPGFSPYuGLEDgKkE0Q6qf6d9ufENJ+Ri/f/xZ99BAAofOoOLNz+S7z4s0FXJQDNCaoYePFnH+HjysrQ1AcHXyvAhmsT2HBtIhkESCeI9FP9P+3PAwM5DL/kXwcib+Kx3sHZ+FNrqpuvSPRVxF83jwcFvOxPtc1EWqheecdDSGz4HJEgK8N5otkiOpz88GwpQax/5mSIJNBxKYAc4s9u8bwxLJ5nHTMl8V4/f2FArKkHLIIuSu5l4AoBqv0nsk9Gf10PNhdgiujXohJkDGivv95ai+T/rU+dBw4BnesHbfK/Zf08tB46j01bNztq/4Hs+vyLtfleMv2AWjlw/INWey2dsZ/MLK9wTrmD8F+8SP6l/sLwWSlBl61HqgSCWG5A72HpkkUp72npkkUoXrRQqR4Q75NMMWDt7XT6yqZMexB5f+/axZFdYzYHJfIRS4rPo/GS+dj6+WWRdwPgWfyg3gBU478R8t8VtI+suwDf263G3w/cPACqy0Zw7arqkGr3RwCkt4uDjNyLkJ0Tj5koBIIgLSUAYZvXeSX/mTbPiwqmJDfd9//Gb11sGRhOlS/cd08F0K9ej7oLTG7/ZaDr+sUTffi4shKf/sEq/On7RzOiPpAibPM+r+R/mpoHEsLIvppCRv50+7/1SFMBvtlok525i0/gqm9azucnmruQPO7McopZ0FQjNNjHiRAdOjITky1lKGwYwfrV43grjDecZ+A/K/Fnef3lva6fJa8/f6+wjfUMQGQe6wHskY/hzvwUMHjmq3uteVPgQQUi87du35LgngF0bsX2YrQ+dR50jbdu35LYC0s9QIEIqwzAmpNNn39OUklSr2unJ4OubIAHEs6f+jiFQPO1ZR4CJnJ+3nnAMtlL3Zv2En0CxK4Fyy9dIX0/yy9doW0PKLs3FNTQjfFCbKMk2F6vRbdG2NeYTUEJkv83XjIf+LA3r1UAWz+/zH5+W+OqRJiSbFHCT8+pxp8fc1vDC0ghQG38xP1v+coqPPfro+gfGnMY94lSdnrutdWfCtQCEACuviyY5xi1EczGVoBcCZEpVYRRAODt1jLtecpOA6nkMAzJuoxoqshnFPtnGrL7/+LPPsLSn23Ei996G/f/2yKj+28aMCD5PpFnP/f/b79ajRd/Nog77zGTz05u/yXu/7dFQKv8vHhNMlh7foQHbn0Ft82bF5r/wMHX9L/rbXUAkErOw5Dsy8i7itBHsX+EONbS4jD54/jJfb9Szpu3dD5u/69/rV07KPFKx/47Hlo91eYMUxLnGixbY2Uob7ilBi89d9phfkaEhuTQovSZy5/JGA04MXWsC/1zFwGowON37y7Y8dDqxBtnXC9x2oJ+fjJS72W+V6hI/t5Dp6Ej87K2em61//w8BQwoCED/kgqA9ieZP53ftHVzgsg/KQQAp3kgpp6v2F7suM5Mf/7FWnc3ObxIZOkYYE7+aY6YrffbBUCGGeWzcfEVG7RlBbryAH5NRPh14OublAi4rZdJhGnsF3WgIlswHYIAC+pK8fADB9O2H6/xl5F/XuOvCgCQSaBsPq/xl4HX+Muc/FXnwgAFAYjAB10rXaAOADoZv0j0+f2jQEC6ygACKwA4+QfSU6euy2ZPF5+AG791cQr5B9Tvn7LsL7q08fvFE31Y/PCXsKT/MH7x/aNSwm16/9ddtxibDd8LeU3osPjhL+EXd/1WGwSw1AeVWHdVGeoM9g4KB/kH0lOnr8vm55hPwCPPPC6v5deQbwA43dGLJ//H71JI+J7f3WETr8qSC9i8xslwTUmZ3/35Hib7W/3MaxwyaMCqVwYsYzQiRlQLnSQ0sI8990OL0NC6lvQ5WT+9bI1lrnboyCksnbsIm7ZuTjx+95sFa+7fmLYWObkAkey/8u58vPLufCypmsD6izUyJmEO4O/zR6T5gILkm9Tze0UNy/bz6+DtASkQIHYG2LR1c4KI/wrMQ+2hStvkjxQCNd9eYwcSDny12bFmpj///7YfCTcjO5Gk64i6m1eAmDnXKQncxngJCog1/G6lDH4JukkARKWuyAZE4eqf70EAnh3P9yBA2BBr/GUSfFXmn9f4y4z8qMZfVU7gt8Y/avLfUFmK/d0F6HOnBIYow5WLExlVAahk/DLyn044AgBepeIq0iaukW6pvt/9dUhHGYHXPe7/N/mXDdn7v/FbF7uS/5q55/G3X63GL+76Lbqhz7br4Pf+65Qm991Tgfvv+q3ROvfdU4E6FogwvqcepfJkEJgCcY10S/X97q9DhGUEMjd/E5zucJK1p//nt/D+8RoA1s+dky8d8Qpr/z2/uwN/OOR9fwAOcgMk65jnLgaI/BCpodc0DjgBIj9EjEhOzYkQAKxfDTS9MITChhFc1dCY+MTzu85viFl/kv2fHCjC4sHZqCy5gMGxGdK511/e6/vnT+CkW0TXg80Ffsm/rhOAXSoA2EZ/lKXnRoD8Gvl6K7Y7r5cHD2g+BQ+eYWvwOZn6/JuY2+lIuokngNhikO+l21/XgQCwSLXJ/qrr0UFmFiiCvx9ak0wT+TUC8i4F1vtNfgzmH+7OGmO7bIWXeySbGzaoJr6nfRRbP78MTR/6U0tlM06eL8aPfvIOHvz3ayJxZOfk3YuUX1XjzwMGbgoBwH+Nv4r86zLcXtDc2RHKfV5TuzTrkxyy+56OtoApCgAdCeUdAUzB1xLVAjLw/cMw+gu79j2TQQCT+/+VfzoAYKqFIJzvXyex5/t/7ipr/c2a+29SX1+3qhRd/cnxgDqoYPKZuu+eCs+lH55/Xhqi6+gIYAq2VopawG3/MIz+wvYeiCgIcP3nduKV3++yX997/9c8z7/33rMYm7C+kBCBMzZuk+yvyvAfa2nBS0/sc1yjtT8wNnHe0/47Hlqd+P5f/r7A6lPuJD8ieIaUxpBUWhxv1Uen7me1UytCR/8I3nqkKVYAKMADARQE+FNrqasPgNefvwxibb0I07Z+XsepAg90TbwFIR3nZQJ7D53Glu3zHOR+y/p5AFMDcGUAkPnP/+TfDCdkRJuIq6wsgJN3fo6XAtB5DnF+x8lTdp09wY30c8iItpeAAAUwTAMZqoy9aCSoMijUrUFwI7i5SvzDVAHQOpkOlty/8wAuXlqJ7d+8BAvqStHTPorv3HtF3nYFiKoNIKCv7/cLN4UAr/EniHXpKnAfgChUALkILv8XITvOSb9K8k/zwvadIDg+dTKyxLP8RNJkx3TzTI6L+08Xl38Or/f/zn8addz/r/zTAdy++7+lzFOtp9t/85VFymv6xRN9+PQPVtmk3g1UVhAlZKoDz58dCbnlWX4i77Jjunkmx1P2zxOXf1NcuuUCrv/cTvthCj5eJFteyJdsf1WN/8qGBpv8B93/0JGZsMiPVbPc370shcyIBme81pnXR4vEiddHkxu6Zaxm1U+TA3sMNbz8TIN8/gDBcd8HRAJPmXddIEA0AXzmq3sLyAzw1ie2JLasnyctEaD9ZL4D/Fr2HjoN3kKQBxKAzH/+Tcj/heGzdr0+J+v8HABXkztxPrnrE7yQfxEdJ0+h4+Qpew9xLxVU5J/P5+9RBjpvMs4E8w93Kx9RIgr5f5TQ3ad03TMAeOqRD/HwAwcjd8jPJEgF8PU714W6ri7LSzX+uuw9mQTyMfS8b3AM7zT3KOeS5H9w6Jz98AqZbF3nF2ByPFcxNDLumrXn56nlnypgIHseNlIUACoSKiP6dOxgTxUAYMOCAXu8X/D9dQTOTzbe6xwehEiXt4Dp/eft7pZ9+XIAwFcAPLntx2h9am2g/etWFQNQ36u//Wq10h9Ahe67fuvaDUCE1/tP1xsoaKQIAsiIvn2sd+rzPr/MHh/K/jry7ycb73UOD0KkwVvg0i0X8MFeS17tJQhAczkOfTQ3J/Z/65GmgqVzrT7oREwoc8l7oVvHU53OuRkar3cWx/Ps6Qu7RlAo912MERL8fP5kEMm7mEEXCbwMOt8AmsvN/ngrQC7h5/uTEWANKx3gNf9AslSg9lAlqBMAKQIocJDpz7+sZl+X9efnZQ7+4mtOrlWt8cIEb90n7iHuLzM0DANie0GdoaLYBjBGboH3Nn/4gYO467sbpoUhYDrAXfplngC8xl/E8MBkStb5yGFLlSbK/UXC7jWjT0EAL/Pyjfz7RdRt/txgbAKoCgKoyL8qYMCDAzpCbkLixHKBsOcQ6aRxYZYmeAW//3f+0yg+rqzE4oe/hO67fou3d7fib79ajV//8ybt/X/ulQLccn2SnAa5//fdU4EamN1LChTU4Hyk9z/Ktn9K+b6C/KsCBo7ggI6QmxB1sVwg7DlE+mlcmKUJqsubItJExHWYddE46tbJx50c8Odvmon9O/pPYQOsDGmy7zkRmGUp4zmZEV9zsiRridbfvQyFDRZJWL96HG+cib+kucGPjN/v588EKkLvVzkgA3fuB6YIPiP7qo4DFDiQneeBA64eyOTn381gT0WgZedlknwTAm4CN4k/Lyugf8kjgM6ZSP3F9yBr92eyFs3JZrf/GOGAyNxd391gewEAyLsgAKkAXn/05sRnvvGb0OXYBJ7BBwZTXPpl2X6xhICP8Vrj71YCYEL03UoJ3AzvqstGcO2q6pAUiiMA0qtOGRoZV0r6TZEVXQBE0i6+JuJvCrFdnV/wjLDpWn7miEg3+Zfdf/wzcN/fn8KT237sqd1d3apSvD3lAZBv95/KDNy6BHiFSNpTSPx8cz8Mmg8geDadZ+RN1/IzR0SaShPEjLoc7iQ9F/a/4RaL/FDfc3pOvc4P/t76Ne0kRkmSwzOcPOtJ2VNRUr1+9TgOHZmJx+8+EnsAZCkos8+N8wArq75p62b7Z+aW/TcBz+Tz/W2iLozlpQbi/mLgAAA61w+C2gQS6W99Kvn7P5Of/58eQUorQIKOnIuE2wRuqgCVgZ6p0eDkJ8MpigaRqMu6EMjaF6pa/+lKHGR7ZqPTf6bgxQdALEfIRu+Dp5uOFoh1z1QGkO+GgGEGAVTu/wSTLgCyOaoafw6S/get4/czXzWHWgACwNWXLQ10XdRGMJ0dAIZGxo3GEcHPpArAKE3Bs8kHe6ocWX9ZxlmWfZYRNz8kWpSF+5nnZX/ZGJ0RXRSBAdn9/8WXa/D27lbc/8+l2IiRaX//qXvB5yJo/+fI5veO4OBvpp7PL5Nm/KVKARlx9kOiRVm+n3le9peNUc2L0CQwXyG2LuOkhtzL5y5GCrmRQSRBMvIzd/EJNL1g/f6+6ptxF4BsAs/sc9k9x6atmxMH9rxp/MXTpHMABRs2bd2c2DKVmVftf6tg6Cc7z19TaQCRfyoJOLDnzYJNWzcnGr+QTCBk4vMPwGHeZ1o3r/MO4JB1AFChcE45ll+6wt6D7+el2wCfx+ersvF8X7pWgqzMwY38i9ds8t6nA0xIvMqHgI5nYyCA8PADBwFYSoDp4AcQRhDgijULAKjd/6nGXwarfrxHGgAAkjX+OlAmPiwzv7DWoSAAEfiga6UDLx5tL7hxVV0CACrKZrqOz0TbPxGerCeJ+AOp5J+IqcoUMCz5vLiOeNx0XtD9VeDXFbZngHj/H/tn65ds1Pefm/1l8/2/754K27xQdo2B0cvqFUXy3ztiBQdULv9hyefFdcTjpvOC7q8Cv66IPQPyAY/ffcT4CwQRIwApxIZnQg8dmYmXnjutnFvYMILChrj2NtvR9WBzAc+UA4CM/O89dBq1h4L9X9u0dXNixfZicAPArgebC2TKAt4xgEwD+f5E9GV+BVvWz7PJ/4E9bxZk0+e/eNFCR7s6Dh4kEMn/0iWLXMm/Cfi4wjnlKWoE1eP4B63S4/x9mVzDjPLZKeNkx8T1+Z783tBc0RMghn9ks1Fh3+CY7QUAAN+59wosKY7eNytTCCPIQVl8wMra82w/1firIErE3973Md7e9zH2vHwCe14+4VhbB5VE33Ss17Xd0FBZir6RMuzvLgjl0TdSZisKosaLR9ulf8/EDL94X9zk/tWVJbitcVXoak1PhYo6uf+GBQM2CVWNCys77rfPfNSy/TAk7jpk4v7LpPXZev/f3D9hBwAiMWzUyf3nl9lBAOW4sLLj4jqm60adnQ+jxCAArmrciC/feAsA4N7//p207+8HOx5anXhh1wi+sLPMkcGUtUIT26Ad/H0R+ruTmU5VZpTm0jyrDdqpnPAAoHZ6gLdafL/zMgkZuefHVG7+qiy/zv2/sb7hsaa2ljtp/haxnd/6eRDNAcnJn47f+sQWu8NAF5xdAbiB4K1PbEm0PnUeW7Zb84n8N9Y3PLbpH2buyOTnn4gsJ/70/PwpeQZNRvaB1My4zghPlU0XzQdNjAN116OT8cvW5xDr+EXPAlUwRFxXZZjopWVhjOwGlzFzQ8B8xJLi85bRYQige6aS+fPyAH6Mw2uNf9QI6xqaOztCKbFYU7s0Y2WOsvZ+XoIiqvaAYSGwUxHPOHv1A8gX+JXFm+LFn30EANJa/6jvP0nrozLXCwM22V9Vii4PXQbCgCPj79EPIG/gtywhJPzkH3+kPHaspQWPPPN4ui/JE6xsZJmy/zlBlEHPXXxi6oyz3RngJEM8a3rw90U4/vYQgDI8/khT1nsAvPLufJvM0786Qs+Jv9vYXISu9Z4IMu5zMwckTwEi81T/T1n8Z766167r5/J/3iGAggM86MCNA1dst/4uJj0ErCDAJqzekcnP/z/89lQCAJYilTAXL1pot/8jyIz7RLIrggIJbi0HOeHmpJnL6d32F69DDDzIsvmyuXyezDPADpiw90RlBOIeKvJvPY/MSy0nMf9wtzbLn80lANWVJY6uAD3to3nXEYDIv210GDI4ueddAGSQ1fiLUJHNsKT6fpHp/dMBMeuvIvKmpQCkAni66WhovzQ9BQDEGneV3DwqRFVjHxSiWz0/HhQv/uwjLP3ZRnR86+2M3X/bxX8a3n8HhBp3pdw/KmRrjb3YLYAfDxkysq/DyoYGfPPWHVjZ4Ox7F7ZCQHZd3931PYxN6JUoj999pEDmAyC2MJPVP6vk0HRMlExb2U+g8QsDdh10LoAHAQCL5MuIfb6Tf8BpnucGbuKn8w5Ysb0YlKHfy4IA5Op/q0D+yeiPDAq5sz8vDyAlAXf/p/dA15Lpzz/PnpOMXSbdF0m4CF3dvIlfACfGJJnXBQHcIOtSQChetNChbqCOAbLrFyGWBFx8RTLLS/NM6v2jaIEYFG7kO53XAeRG3T+QzFKK2co9L5/Iy44AWz+/DAvqSnH/zgOhrSlm9curCu0af1kAoLyq0K7xl5HpIFJ9r3PD2D8fMTQybnsB6Mi/+Dqdh6wu+wAAIABJREFUKg6lBwB3ngciklRrIO6X7v29Qsz+ByWf/P4/cOsruPO+YG6YANC0qhpN789G0yr3bH6Y958UDFEi7PvvcPoH0i9pF/fL9np6MfsfkPxff3kvrr+8F5cuThq4eCX/BJH8m6wl25/wzVt3OOar1npg5w/tc1c1bsRP/vFHKClyfi43bd2caHqhCi/sGnGQHJG48BpnwGqXJo6n11Yv9NQ2aZbL+gSaXqhCYcOIbYKWbaB7H0TGT+NLioql67nh0ytGcf3lvVhW5d8m8dLF1hqfXuHdhEhmwEfmeSZjCXsPnQbvGkAg+T9l+92ux0H+pyB2D6AxfD0i/zxwQR4Atz6xJZHpzz/V2lP9P9XLy+rxZXXvhAvDZ+0HnT/+QWuKqz89aE3am3sM0HqARbj5dan2l/kC0P78GiY/Gcb5Ux/b+/F2gX4gvm8Z+P3k+3rpoJDr8EPi5x/uznryL2YjidBkgxQ9bCwpPo/v3HtFqAaHZALIQZJ/Io3kDXDkcC+OHO7FG292utb4k7Eff/DjXn5O4hj+WjXfdP98hWkngEyvq1UA6HrKpwNBDeOyNWNtio0rRnD/vy3Cc68sxuYwFvzNWPLfde7Dw7j/j93fgcKn7sCL239p3K6Qo+l964tD47r0uwjLHP7TiqCGfdmqGNBAJGn1i8+ifvFZbP3rX2Z0fwD4w6EaPLDzh/Y504AEH0fzSYHQ+IUBHDpiRYmtrGRq/TN/TrXPgEV0gBPg4K3P+ruXYe7iE/Z6TS9UoemFZGAxGz0AxPvPZf9iOQAPCsiCBTLCr1IPqPZfc/E5rME5x7pe38P8yrO4/vKzxmsEaesn1v13PdhcUCsJAIhzcIhl7DUBBZP9qRyAsPfQadTCGcCkrgA7HlqdyOTnn2CStSbZ+4XhsymEnUPMqAOptfEqsz3RME91XbL9dYSaznG3f9H9nyB7T7ytn1dXfx7MoHtn7/uH7DIjjUIFkO0kPmxwsvfzx97H1+9cl3ctAcnoMAyUVxXaCgCZF4BJjb9XUi0br1vDbf0w9ueoLhvBtauqQ0pQjABIf1cK3gmA1DH8PdM9cAvCROkDoAwAiP3ngehN3MS9vDrNy8CDALkUEOD3v25VKYDg19647iya3p9tRKbDuv933rcU1277MR64bR02+73/N5eg6TfpDQIcfK0gVQWQTjLNDfWC7M+DADkQEFCRumzYn5P/oLiqcSPeanrblkAfOjIThQ0jNgmiHugv7BoBb5VGbdEs8gOb5NBrAFMEiXqoL0N/N3D87VTJ/+N3H8k6DwDV/SfiLpYDqOb7LQfQ/fzdggeyOV725uAtAQm69n+8Jl92ns/l5QAk9z+w580C7AGeYWtt2ro50YlB8Fp/IFVx0PrUecf+rVMBh649zlaCPDhAioBMf/5/egT29anM8Yi4ykiv6NQPJMm+GASQmfKJhJ/X7pua9bl5C/Br0xnw6WT5YomC2xgZ+Lzke86uAACQPaUAuQRZH/NM9TaPCtT+78F/vwZ9g2Mp6gc/aO8cxEYkDUi56R/V+FOmn7wVOPyQRzrG537UMejwcNAhqImdbH8OagEIAFdfFkz5TG0E09UKUISKuHtVyEQVBNAqAHjmPxPEOUxJd7aXEMgQxf3/r/+lBzBUdIR1/x+4bZ2jPZ8XNK47i6bf+N46EByZ/0wQ5zDr6bO9hEACTub2/O4OpQrgJ/f9SrvOvfd/LfD+OgTdv797GdavtjKZ/XMXoekFYPnG5PmmF6qwfGOF7Vze371sysjMwnFUAbBeL99YgeNvD6GwYQRzm8dx/G1rLgC79dlki/X/f8dDqxNvnNFeWkYh3v/KkgsYHJvhOq9xWfLeBPEBMP35u80PG7Is/94pcv2MZDyR/Zpvr0nUHqrEiu3FOLBHvjaVC2xZPw+th847jh948E2b0JNCofZQJTrXD6Lz0JQXgLBWJ5K/t6gUwNo/GZDI5OdfRXpFMqsy1eNjZZBl/EWPALHWX7WGbE+ZC79svCxQQdclBht0IANA064GpuezDWEFAaZr9p/If5QO5pnAyfPF+PY9+/Cde6/A0984Gni9vsGxlPp/en3kcK89RkfO3Qg1gZ/nhNI0iBDV/jJQEIAIfBBkivwTdO91cOhcyv+VyopZdkCGjkUVTAvcBSCb4bddXYxwQPe7blUx/CoYauaeR1VJ75QKIoYn+G0XmEHIMrevvDsfy6o+wVbJeDfyTWNEEv7si8953r/3f34Lt/2fPwtl/7ea3nad99Jzp7F84yJ09J9CR/8Ils5dhENHTgE4hcIpW4PJljKb9ABAR/8pABbBsbKiQ45jRH4mW8qA1dHUqYUNyvpvXnNGqgKoLLlgjwOAxfPGHK+9QPXzv3TxqF0KYnK9gOU/8Ffru6TndHjmq3sLZHX7gJWdb33qfIo6AHA3CFSVA4hqg9anzqNz/SBqUWkTfL43AHSuH0TNt9ckVqwvxgpYRn+tT5231QV2R4H1VsCgc/0gVmCe/f5cbwLS8/l3y4QTQQdSs/IcbsRWlM7LMuqmGX+/Bnqih4B4TAYKMMja+5lem7iGrNQhGxE0CDBdyP/TTUcLVD3Kb/nKKvzoJ+/kjQEgdQHY8/IJvP7ozYnPfOM3gVQA1ZUldsafTP1kcn8ZiVQRbnGsioCqSCWXphPhT+f+DZWl2N9dgL7QxEFluHJxIq2BAC7/DysI1tb9CV482h5qPXLOBgC8yvmnM/kXa/m5GiJd/gpexoprb76yyHd7v1880Yfft7bi1/+8yd8C2Qqvcv4cIP9AataVZNcnBuZoVQBeoSLguv3XXBxOSYLYgeD420PoaJiJyZYyFDZYZMXKYlo9zjuemyIsU1lRa9yI/W9H/4hNiIBkppOIj4P0TOHAnjcLGr+wOqvk/zqIpJ9I+QfdpXZgQBzvdx8g9ef/QXcp6hef1aoQrr+8F282X2S/5uTf6/Xo5P6yc10PNheoG+gl0bl+EAe+Ki8TIC+AzvWDlhcALEn/JmxO0DweBKg9VIm9sHwDxHVqD1UCU6oEuzThiS3STgTZ8vmX1eWLEDPpKkKsaoWnyoR7yZBzWT8vMyBjPbH0QLwmmRqBmxyKxoV8T76GrD0g7a9SJvB5XnwEMgU/QYDpQvxliLpveaawpNj6nfede68AACyoK0VPeziE0qTGnyCe12WGvWSNTaXqUe0vQ3NnRyhkd03t0rR9z7lxVZ1yL1XpBHXQoPtVWTHL0VUjylKanAwA5KKcP5Pg9fwnp0y/ggRE0nH/KQjAr92PKeHvW1tx++7/Bmz7cf4EAXJQzu8VnIjx+u/eQWcW3qu8//rP7cSiunFULddLyXX7b9p0j91Z4N77vybN8APAsZYWvPTEPsc5a/8Ljv2tfujJzCzPaHJ09J+ySY8MlA11G1fYMALsyU4PAB1EEl2/+Cw+6E5VBoUhvVf9/N18ACg4wM0Lw4SXNoCmoIy9uM+W7U5Jv6NjwB4AVIow1fbPLjVYb3kKUPafWgOqrj2Tn3/uAcDb74mQ9bIXnzuuRcjm05rcSNBxTS7SeT5GRsLFYIBsbzfQ+mTQp5vHjf3otcxUkJckeDUPzBZwQq8LBkxn4i9TAXz9znV5kf0n938AdgeAnvZR/Pyx9wOvTa3+RAIuM4eTZdZNzsnO+73WTO6fK3Br/UeQqSyAVOVHlMjJAAAwvTP6fkD3K6z7FuX9J9JfM/c83tw/gZori3x3JHjtp5cB236Mz61YgV9HcbGZQo5k9INCzPz+qbUUT31uZ/L873cZrXM9m+NG/l33/3/+b8f+qiDEyoYG3Ht/g/H+X9hZhpeeG0FH/yks37gIQAVeek7u7C3LagKwM6d0jjKlHOtXj+Mt6aq5BSLXUdXa09qm7QjDUiHooFMGmEBlEshN/mifA3uSqgDxPF9LZT7Y9WBzAQUQTGT/2fD5lxvVTa0nkH0ubSeiff6UJeMV6+RlZn9uZnpuxylYwdv6qa5dJOyy/d0CBbLrFR3+6fnFV2xIGZeL5F/EdCb5psgn8z8Z+Q+zA4AIGVHmWWDZeWoNp2oRx+Xo4jzxXLr3nw4wDX7o7vvQyHjo8n8gRwMAMfnPLNJx/7l/gF/5PwC8uX8C+OlleA0AAqyTVZgm5F+FS7dcwAd7pzKtjFibzs3G/Ylw2fhmY+KGW+bhub9sKrjqm40JIJX0UD91vsamrZsTbz3SZB9fv3ocj7PXKfvEiATNH+Ven+OuB5sLIDEY7OLnVfM0r02QjZ9/Xrcvkm+e7ebEWZXhn/xk2Ngozw1i6YFsT5VJn65sQUbQVUEB8b3ogh35QPxjuIOrAPIl+08g8n//zgM2MQujCwAHD5xwM0Vd/bwJMSRZuhvhzvT++YShkXHpfaOMv1gOICo+0qWYyMkAQIwYbiDFQPvU6zholLuQZVKJSB95sxCF5/V/hy/MmMSaa/wr3TOx/1uPNBW89UjyOT+3aevmBMmYG78wgMfvPmKfJxJE/9I5yhzveGh1go+P4Q4/mfwTA3MiuJLo4Ye8q8DbDXpFuj7/bqZ+vCxARWRVqgFZ0IDDjfB79RcQ4Wd/sf2huL44R2VcaGLyZ82NfxXFyA1Q5j9M8q/KnrvJ6Wm8SVZYN0ZFztO1vwrVZSO4dlV1SOWJIwAyYyKuM0+kIAAPCqRT/g/EAYAYeQoqI/DbfjBGbmD15kn3QXm2P/VsB5J91EUSxP/l4ONu+d62xBH0RX/BMfISbgRfdi5IUMCxbkiff/G8zABPNM9TEW46T2UAHKbk38SAT3cNqrVN99dl9nUO/7Lr1V2n304GMXIHjZfMBz7szRsVQBSQkeMbV9Ul3LLlYcnBM72/DNQCEACuvmxpoLWojWA6OwCIpRW8TaJb+0WurFCVToSJjIdf165bkDMmVFHg8Ps9Gf0Z3Pf3X5/W9//UhaR99Gi/3ke7dG6NYxy9zuX5RXVWC5qJdj2RLaorlI5RHdetQ/vRc4LJNfBx6Z6vWtPrPH4dH+7+F897xsgf7D12JqO////1g8S0/v3/D5cWZPT+Nx8/bd//hVVluqGe8PGA0wBRXFs8rxtrgrOjasIwu3RmyrjhsQkAwO7Ras97hYnrSpMB0Jq57h0YTNHV7wxwiGuL53VjTTA0os4WVpSVpIw7O3X/1y6fF+rnn0oAqitL8qIF4JLi83jw36+JJPsPAK8/erPy9+/PH3s/9DKDbMaa2qWJ6rLk7yUKAgQFJ/99I2WhdRcQwTsA1C+2FICyLD53+Kcx/DngDABEVf8PxAqAGDFSwIm1G6nOl/kmgQDTIAAn1uJ4GfFXXYvb9aRjPl8jjPcv4tbr3DtTPPPqAaNxUc6/5ZpLfc9/bt8Hgfff9hfrfc/f/Z+HAu+//a/8v/+n/qB+/3uP7fa9boz8QZjk32Q9Os8DAWFfw/DYRMqas0tn4uzoOMpLpr56pi8xp0WY5N9kPTrPAwFhX8PZsYmUNSvKSjA0MobZJdF99c8Xt/clxectFQPkrvxhYHhgEuVVqd+Hhgec3xt4h4V8Dwo0VJZif3cB+tQxSo8ow5WLE2lTAfDMvVsm303mH7VvQhwAiDGtMdrflZJJF1E6twaj/V2OzLn4Omfn9zvHEURSS8SdH+dE14Qc03N6rcrEq9ZQrRNkvjjXdC1xbFFdIT55rzPlZyF7/zFixIgBhE+6o9x/VrHz6+K58xP2c1mWv1xBMvlYDBhvHwnCJt1R7j+zyNk9ZnwiaSgry/KrSD4fGxXyIfsPAFs/vwxPPfIhgOhqskWyz/F3W9YlxAwxBQPyPRAQVqZ+Te3StKncROm/V8gCBlGWW8QBgBjTHmKWXBYUkMnn6Xmuz1eBny+dW4OJ9kmM9ndhzmW1KQRaDBaIkBFtMRDA56uIuYxMB53Pj+sIurjuJ+91Ys5ltfZzAHZQRRYI4OvY97ZKuV2MGEbYvesmxxecbTufz+svhvkOItqcYAedZ7qmSPJlcFvDQfBzEES0OcEOOs90TZHky+C2RjoIvg53fXcDvn3Pvpwn/wTeqz1s0l1eVSgNAJAqoK62EnW1jqsBkAwE5HsQIFdhQv75GNEssKJsZlq6JsQBgBjTHpwci0R5Oswn0HyRPBPJBWArBsSsug5uWXaZL0BQXwHT+aaSfnpNWf6iukKgP0n8OXTk38/PJUYMwCL6XC5KXxzLqwpx5PCoY1wcBMg9iOR7VnGRlmyLdff0el5FalbfC/GnsbqMfz5CJN8zi2Zoybaq7l52/70Qfxqry/hnK+7btSmvyD8hCvk/QQwC8N/xG69Z6Pg9vxEL7XM/f+z9yK4phj+ItfscVPuvQroNAIE4ABBjmkMln5dlyGXkLdfni+BlAeIaMrLrxRxQfK2T25vM163hZz4PIMiCAPT+dddN6gg+Z06dUyUQJEgTY3qBTKKGBybx+31tWFlnfXZWry21vyj2tiW/nB5r78L88iUpQQCuEoiDA9kHWYZ+VnGRMnOvM907d35CmcmXkXoKNKjWpDluAYlchixDP7NohjJzrzPdG5+4oMzky0g9BRrENSmTT3PcAhKZxoevbE/0tKfX1GFJ8XnluaBBiJPni/Gjn7yD79x7BZ779dFAa3mBqiRAVyownTwCchmm/hgUBBgaGceNq+oSsQlgjBhZAhPfgFyZLyOj4toi8acs+Gh/l01uVbXxgD8jQB3SNd8m/f3O42KtP7+HvCyAj48RwxQ8009f+o53WuTgWHsXVtbVoLftHHqHE5hfLv9ecLxzzCb9oslUrBDIPsiINc/Ei4EAMtMTQfJ7TuxVa/J/Px4YSanZ/3hgBAuryhwBBVlgIR+CAjJizTPxYiCAzPREEGnnxF61Jv+3q384pWa/q38YNXPLHQEFWWAh24IC6Wj/R8T/O/dekXJuQZ3lHv/te/Y5jge5nnT0ZAeSv6uHByZRXVmiJf1A/noEVJeN4NpV1SHV7o8ACKejgBvE7L8qk09qAF22P+MlAI31DY8BQFNby538NT/mhsb6hsdMx8bILcyqWOg+KA04N5Tad9kvZORaRo5V2dtcnW/iCaCaT2SajlFQQGZSaNKKTxdAcJP4e50vjuevdcRdd69UZQHcsyFIACdG/oKT//94qRUA7Kw/4Vh7F8CO9Q4nksf5GNTYAQMKFMyvn4XyqsI4CJBlkJF1Gdnm49xq7XXEXFQaLJ9fAQA4PZS03uYBATFwYEL6dQGKbIOMrMvINh/nVmuvI+ai0qBOcv95QEAMHJiQfl2AIkps/fwy68mHvY7jYQQEZMR/QV0puPKAnj/479cAgG3iJ16P27XxLgBRgkv8CeVVhSlBB1m3gHz0CGgZHLVbAF592dJAa73xXoe9ZibBM/9ivb8M6fIAcP1wcNJvCjFgoAsArF23YFr3IT78fk9G/4Pe9/df933/20/0oKXtVJiX4xkN9YtQt2yB7/ltp616PR0B5udULfbyfT6N9xNAkAUAgNQggE6iLwsYhDVfhOy90XHV+6TjOkWF7PyJ/b+SXkOM6YG9x844fv9TAIAy/ETqz/Scdl3rogXzAFgBAx4M4AGA3uEEVq+1vlx95hu/KfjXDxLT+u/vP1xakNG/v6cHR+z7b2LAJ8I0+87b/QFy93++//HeIc8dCnhwQFeiACQDAf9vd3oycyrcUZMsnzEx4BNhmn3n7f4Aufs/37+9d8hzhwIeHNCVKADJQMBFFaWhff5va1yVuG+X1e6UE/I9L58AADRpCLgMnJQT8W+8ZL4dYKBMv03wAcytcBKr/qExbP/mJco9aK7s2vhez/36KPoGx0LPqvPSLJHgU43/7V9eIyX/P3/sfXz9znUA5OUBTz7bnFMqgDW1SxPVZcnfUxQECApO/vtGykLrLiDDjavqEkTeKbPP1RmU+ecKAEDeOpAHADJeAjC5fMGOGUsqceGkFWGasaQSAOzXAFB4vOdxwF/QIEZuYm71Rfbz/r4z2jF0fm71Ra5j3dYMC7qWeiYEebrMd4Pf+bJae4LKiC/M+TKQyZ9KASAGVPj9k43RrRG0v71IIL1gy8qLEpne3/fmUwh6/bdet8n3/GdePYCvffka3/N/9ew+7fn55QXYP0X8173agapSYGDqu0zV1HejAZbYeP86K1tCcyggQCClAKCvJ42RGRCZ15Fn0WBOVZcvEn5CW/eg/W/94kr7OEn9CaQIUF2jDrOKi7TvIVtVAETmdeRZvP+qunyR8BPaugbsf+trki1gSOpPqFPcf5OAg1sgI0oVwFOPfIjt37zEJuc97aM2id76+WV2MICw9fPLHGOBZMCAZ+yJjNNYvh+Bk//+oeTP8HdPtduvaQy9pjW34xL7Gmh/OvfwAwc93wc/GB6YTCkB6Bsck5J/ETojQSC3PAIaKkuxv7sAffJfYT5QhisXJ9KiAnjxaHvBjavqEkBSwm+SyecBA/7v0Mh45toANtY3PDa5fMEOen3h5CAm+1oAAJN9qeMnZ2NHYXUDKFDAAwJxGUD+g8h7dYXzD3zf0LjjPD3nAQEZRPI/t/oix9q0blCYyt85xDr66Taf5tFaIsgl336O1FaBKsM9E4Q5X7w2U4Ry/wff9bxvPuHTl/iX+P3pw44QryQ7sG3n8wWvP3pzonc4gf0HDmHdq8n3ODAKTPZYz2Vh0TVPdqBwAexAAQ8IXLnJGSiJ5f/ZCbfM+emhEcwunalVC7iRf/6aggA0h7L+UdX1Zyv5J7hlzk8PjaCirERLst3IP39NQQCaQ1n/qOr601ECwEk54HTQv+UrqxznxIAAAEfAAEAK6QeAhx84aLfm4+gfGnN17OfBAdp/cOgc7vruBisYIFEMRJH9B5w1//xfE6hk5Jz857JHQFiZ+jW1S9OqctMRdjE4wMfSOUDtHRA2lH9FGusbHivYvHLHDDiJvxuscQ0AgILNK3dgan4jGxMHA6YXdAEB8Zx4XreObG5QuNVnuxG9eH5XigkeR7qJupf5toeB5vqjvn/TCXuPnSn49CXp/eOc7di966bEkcOj2H/gED7zmkX+OfF3w2QPMDBVEcXn779uqa0IWF5bH/p1x0gfeJCADAKJsMvIv0j8xXNcCSAGAkwhBiQoU+6oac9y8m+KoZExh0M/VwHIyL9I/MVzXAkgBgJMIQYkZPc/avL/dNPRgtuwKnHx0koMDp2zCXplxSyblD/366NS4s5BjvuycbQOneP7cGLvBbQmD1xQECBd2X9Zlr9vcAy3f3mNco6JMWE+egTkMnTBAVkwIMrsP+CiAPBC/DlElUBhdQMmly/YQYqAGPkDMSNvQsp1Y3hWPwqCL4NYmy3K2d1M9Kb7fPG42O7OjbRzku5m+OemJvA7n66XXz8hHfcvE9h77EzBtr9ATMCzBLt33ZQgt3/AG/HnEFUChQusEoL3WRAgRn6AHPpVpQA68s/H8CAA4N0zQAUumc+HbgEiyKFfVQqgI/98DA8CAN49A1Tg9z+T3QJ4EIAgy9TLSL8o25ety+eJe6mCBHyMuO9Tj3zoqiRIF3hpgAjyAeDKAT5+4zULHcdXr7VMDcurCm2PgRjZh6iJP0FZXNLU1nJn4fGexwurG0APv/ATRIiRewiDsFdXzLQf6YCKyMqOydz14/nq+apWe7oWfLJzXOrvBq/zP3mvU0rQ+eso71+MGBzzywswv7wAV25aj/evW4rCBbAffiEGEXiLwBjZg1nFRUZZctUYatvnB23dg9pggRgQULUD1D3CxK5tG1IeQTGzaIZRllw1htr2+UFb14A2WCAGBFTtAHWPdOGjDutzZEqgKytm2Q/+GnDW9YsGf3y+V7KuIv+DQ+fsR6bBJf7DA5P2QzwvKxsQj7mVFtzWuCpBjyDXHCO3oA3hNrW13NkIYGL20A7dOB0ocDBjSSWwpHJH4s1jsQogRtYh0zX1+TRfBV17Pj81/WHO56ULc+pq8cl7nZ5a9YXhqRBjeqO8qhDlVbPQ23bODgLsv24p1jzp3+uAAgdVpVZJwOvXLgXqauxWgM0hXft0w0tvtSYoa97WPYim1lP4/m1XB87aiNl80RNAFyAQyb9J9l8EzREVAbS2SPzTndUnov/LZ35rZ83bugbwzrFu7Nq2ATt3B5NszyyagXkVZUpDQF2AQCT/Jtl/ETRHVATQ2iLxz2RW3wRidt50DmARc9G8j467gQcFZONF5YDsOv0EFsKAG1mXnRcVAmQiqFqLjmerR0B12QiuXVUdUjBiBEBmu41kK1w1XE1tLXc21iez/5PLF+zwktHn5QCF1Q1qyUGMGBmAKN32QvpEx/t4fup8IuWfvNeJOc5itJTafLFe3w1hzC+Fs3RBV/8vIpT7N81NAGOkonc4Ybftu3LTeuy/PWmUuO7VDk9lAbwcIIiKIIYFIv5EiD8eGLHJ8g+efiMRJAhAcn4g6e6vI/wiGVeVAfgFlQaoVAWZIP9E/IkQd/UP22T57vsfDhQEIDk/kHT31xF+kYyrygBUuOPWLwGwghkyUGmASlWQ7eSfCLToB6A7r4Ouxt9rkEGmJsgk2RfNAAGrfv/l3S0pxokE8giQlQeUVxU6PAJkAQLaI9s8AloGR+0WgFdf5t8kGADeeK/DXjNGKozaAE4FAR4DrFZ/k7PhSREQpHwg3/Ev9/1TRiU354Y+zuT2WQNZOzdVFteknV48Hym19LqsPGXtZbX5Jgg6X1b/LxJ6XVbf7/3b/Z+HjK9Rhi0rL0oEacW384k/FoTRji9TCHr/nnn1QKD5bq38TPH6ozcnAODIYeuLCgUBeocTuHLTehxrtz4z7/tQBGQr8W++Xf7lLojiIR3ghHhhVZnSdd8PKAigItd0blZxEY73Djky8zyAEBQyXwC6PvF6+PGPB0ZQXlKE4bEJ3+UIMvDPMCfENXPLla77fkBBABW5pnMzi2agvXfIkZnnAQQ33HHrl+xAxR1TgQ0OmS8AXZ94Pfx4V/8wZpcU4ezYhO9yhKCorixJIeSDQ+fQNzimzLKCUghyAAAgAElEQVT7UQrMrShJCQro1lGVEGQDZJn6jdcsxDuP+TCBYXjy2WZ8/c51KccpIECeAAT++slnM6cPoyAAEfiga8WQw/5rQQSfwJ36xXOF1Q2e6von+1qs7P/xnsfjDgBOfHD4fdQty8w3tPYTPRnbO5vhtZd9PF8+X1dbr4Oba78bsfczn9oWhmHS5+X+yfrQc1Jq0iaPnPT/9aWDvgIBQQIIQUHXHHYQQnZfTfHMqwfwtS9f43v+r57dZ7z/3mO78fqjNyf+46VWx/GVdTXoHbZuCZF/QuECb+aAkz3WnPevW4orN63H6rWZlUMS8b/hLzfY75EUD282n0Tz7cHKHqKEjBQTwigBIKiIPBHt471DAJJ1/2LgwI/83w/OnZ+wST8Ax79nR8dDd/6XkWLCQ/fdFbgEgKAi8kS026fuP9X9i4EDP/J/PxifuGCTfgCOf3m3gnRCRsB1jvUyqb2KxHsNElRWzDIi/lwGn06UVxVqVQA6cA8AVQmAW6cA0/25N0DUqoCGylLs7y5AX2hx1TJcuTgRBwIksP/K8Cw/kEr6CZPLF+wAvAcBYvIfIxthItsWs7uy19N1vsw0Twc+h4i4m2xfzO7LXvud7zZXDGLQ9Yd2/9XfZ6cVggQhclnB8PqjNyeOHB7Fyroam+if6TmN/T2npePXvWoRY69BAJH8Dw9MYtvO5wv+9abou0Dw7C11IlhZZ/2f4cEIUj9ctGBe1gYB1iyfV3B6cMRxz9q6B3HDVSsi+1LMs+6ywECYCgQZZOaCfE8i/VGBPj87dx/EZ7dswNFD+x3n27oGHBl1r/833MCz7rLAgFcFAl0rva/vvXsQd1yeqgLg64vZfL7n7Ijvv1fwLLyMWPvJ9nvdX4b+oTFpRwEaL7vWdAUGVC7/MpiY/pmAvy/V/pn0CGju7Ahl/TW1cathFaQKACL5M5Y4o90XTlpRZVPi75D+nw3xN3KMnIJpe8BMQczS6oitSOLi+XAcl2W851xWq23FJ2bkZcRcnMON/oLOB5Ai/Rchux9h3r8Y/rH32JmcLWOgL277DyRLGYjkVwmJ+oGpBIYpuVFJ//18WfQDcX+xDeH8+lmO7NPqtaU41m6pH/b3nE6ZHyapC4J5lWUFANB8/HRizfJ5gb6kquT+vH87QZZNV5n2ycBNC03AywB4EEAMOAyPWdcvBgKGx/QeBqYgBUvhAisIsGq9ZQT4x71/wGe3/BUAOAi1F6jk/rL7L8umq0z7ZJCNofcmAy8D4EEAMeBwdur+i4GAs2MTGVEAqJCJDLsKUQchTGHi1q/6fS3zCOBjySNA1Uawb3DMdf9s9AiIER6KAIv8Ty5fsMMm/FNE/8LJwUAt/Ghu0dmKOPs/DZHtxJ/AyZkfCfh0nq8jy+I5ktmL4ORcJOomCDJf9CmQEXSTDD/NDaOEIIZ35HIQYP+BQ1j3aodN+InoD4wGI700t/l2K/vPsW3n85F/ceP7A5ahIfkaAEkVAgDs3nVToryq0FYGUAcECoZkC/nnCEr+CTwIoAoIiERa9B4Qa/brF1cqgwOqYIFbYECnNJAFB8L0ABCDAADw2S0bHFl/Di8qAB4EUAUERCIteg+INfv1NVXS4MBnt/yVI1jB1Q0yLwAOndJAFhzIlAeADG4qANVzFSiTP7eiBO2dg1JvAQ6e8ZeZCYpyeT7fTUYfBkTiTdL8K9bIo0PlVYVSjwAu6detT3jy2WY7SCCuA6g9AsqrCvHzx97XvKPgUKnQveL8+eh/frkKO2Q4Y0llYMIvQ2F1A3C2B431DY/FQYAY2QYVuZNlaE0yw9N5vpj55msU1RWmkG06LoOslZ+ydj/AfFm9vqqdXxT3L0YMwMr2ByX8MhDBONbehZV1NThyeBTLa6PNxInmfjzrD1j1/mVzZzqCEPRcNEPMRuIfBYj4E/mfXTozJTBAUBkERlH3rzIDVEFH+sNoIVhRCmA5MDTqzPrrMukmIOJP5L+irCQlMEBQGQQS4Sd3fyDp8E9Khe+96/QoEAMbd7A2h3weYCke3KAj/elsISiT4cuMAWVk3y0771bTr5ur6yRAQYp0KgNkhJ3I95HDvWjvHEwh4W7lArSmTOLP91J5BPD1ddfHkU6PgBjhwf6NTPJ+r7X9bohr/6cvqitm5owKwAtMfAPi+UmIxP+T9zoD7e+13Z/JfJU6ATCT+HtB0Pkx5MhlFQBl/cOuX6ba/2PtXXYQIEqQ2mB+eQHebD5pH//iDSsAJL+AqhQIn/nGbwpef/TmxOq1pdgfrEFDTsCNBPPAgKz+n2f6ZdCRd9PyAT7OS8mBCPE9BO1YwMk//Ssec4MbCeaBAVn9P8/0A053fwA2od+5+yCqlifnDUn8yAoXWAGCyR7nPMJntyQVAiYlByLE92DascAUtzWuSvBacU5AZR0AZMd0kBF/HaF3g1sAIl1tAWVGfADQ3jmYQtC9eAXI5tBeKpLPj8tKNsT90+ER4Jc/hqUgyGcUAVMGgLBq/4OS/6KzFY/z1zH5n74Ig/z3DY3bz9MRSJCRM5mbva7FWzxfXe/uRnxl5FznHxDGfFUwQXf9Ud2/IAjaEjAfkItBAC53D0r+xew7Sf/JZHB5bUlk8n+x1GDzmiWYX299weZZJLf96QvqlZvWY3+WmgGGjbOj447Xs0tnpgQH+Gs/xn8yIu9nfhCkBjyKjedO9gBDLr4Qfv//DI04iVZFWUlKcIC/lsnxRSNCIJX4m1wrqQFERYNJmYAbosz6ixDJq2gOSJC18xPBz8sCAbQ2EXddYMGE2FPbQkCdKY8Cqnp9r2sASY+Az29rkCoA+gbHUloE8v1lHgEiovAIsNz6ywJzR5q/pnbpjrgDgBzOLgAAJmdjh9dFyOyv8HjP4+K5WPo/vcAJexjgpD8KNYGMmIrkTCbn1jnBx/NTa/9L4VxD58RvQvjDmj/a3+Vo/ye7ftk9COv+ufWh/9OH+U9+vMKE4LvdVzf86tl9geab7r/z/9oy5YRvBQH8kF0iCqLJHmBJ/zevWYLe4UQk2X+RpJDKoHc4gdVrS10z/jJs2/l8we5dNyUA2EEADvIFAPK3RIAHBMT6/6Cu/7xrwUtvtSZI5u83MKCC7j2EgSh/9jwgINb/u7n+8/8ThQusbH+FpvOmWL5QUZoa6BDXNYHuPaQLRJ4pQ2xCvoOSdy8QiT5BdiwqqIz46mor0Teo/pDLPAJ4Jp97BOjM/nTnyCNAhY3XLHS8Xj3g3yOguLjk8b4Ri38WF5ekcEm/iGrdfECKBqvobMXjE7OHjIMAnPwT0SfpRZTEn/YN27MgW/fNZuhIP52TEXfT7D4fp1vPD0yJnMq1PZ5vToQJnLCLtfr8nHhc5QEQZL6f6/czX+f6H7Rn/XTM+t9yzaW+5z637wP7edB7H3Q+h5/2d5z8U/ad2glywi+ru/cLNyJCQQBu8ucVFAQ43jlmlzAQ3mfmgPxa8i0YMDw2YTvr60i/jrjzGn4ax1sW3nDVioKX3mq1A2oyab9JUEDsEiB6AZwdHQ+tI0C6cHZswnbW15F+XgZgQtJl8n8CBQro36FRM38DsUuA6AUwNDKW0SCAV+iy+KogAFcBcAQpE4ganGyLmX+RXPPx5VWFtkfARixMWcsE1ZUl2v1lygdZqYB4TgYTj4Apvhg6Z4xq3XyAVGtSdLbicVHKr8JkX0tK5r+preXOqLP+k30tShJeWN1gPzKx73SCacZfJPHiPNNjJue8wk89Npd6x/Pd5xMxlzn2+6nnD3O+7Prd1gzz/sWYviCCbKkAkkEAUcqvwmRPMvM/v9z6XrWyrgYr62qwem0pVq8tRdncmaGRf9pT9qC9N69ZYl9LEGzb+XzB8toSh2nhyroaXLlpPd6/Lnl/+P75AmqtNzw24Zrx59J+t9p8Tv5la8hgGhT4eGDEJv9BVQqZBrXWOzs24Zrx5x4Aqky/SPpNSheGNKagfE9CV/+wTf7drjmdkJFyEaKs30sNPq1fV1vpahAoW5PXr8uQDvm/KaEuryq0a/bJI2B4YFKbxac5utIC07IDvj8FEHT7/92WdQnyhqD7fFvjqgQPCMTIHBwKAJG0N9abkdlsk/iHamIoEHrd2tNRFdDfdwYAMLf6ItexJoQ97BICr3AjZm5Z4Xi+fj4ZApqSX1Hi76U9oMl8+9yUAeBofxfmXOYoanMg6vsXY/qB6i6pTp8y+aL0XQVedz+/vMCuu6e1o275V7jAqUCgNn/L5wZfm7cJHOlP/m0g34R88QeYXTrTlswT+Sd4leVTpt+PUZ/bmiaQKQCyHRVlJbZk/qx4/yVkW4Ro/seJO2XvdZl/mjPkYmJo2i4wG1oActk/r8/3Alm7QL5GZcUsV9LvBpkvAZAe+T9BVvtvZ/ivWSg17uOQ1fjLwA3/uEeAbH/uESDbn98v1f5ReATECA9aG1YVsefuipkg/yZZdj9knK9L83XryK5jugUBVMSfBwboudsc3TriPDpeXbHIeC0VROM6neGb7Fg8Xz6fwLsAyMgxJ+mmhn38WND5vCvBaH8XPnmv0xEEiPr+xZjeILm7pQJI/v+gen6q4Z9fXoDe4YRDDk8yf8qS0xexz3zjN5F/sZLV/xO+eMOKUK+hvKoQI/3J4AK/hnzJ/lMQoLykyA4CBDHrEx371yyfJ/15UBmA16CBriNALgcBZpcU2UEAU/L/vXcPOuT7Q+xzSf+adChQnZvsAaqWW+uKQQBZR4B0BwF4BwARbhn0/qExzK0oSTED9BIwCEPmn07CL4Mor3+nWV6/T8fII0Dl6C/zCOBjuEeAbH/xuOzYk882O4wExbaBYhkDL1d48tnmlHVjpBe++rCkk/SLpNyN/Ovk+apxsjVl7RD97j1dIBJ9OiYGAUwCAqq1dHP8wIthm87dPZ6fOl9V984N/FTnZMd0Zn9B5vP3RdcsBi3Sdf9iTE/wTDcAHO+0vtASwSdJvSXrd7bUE9dIF1S1yZvXLAFgvZcwronuCZF/HmgA8isIwLP/Xsg/J+E8W6+S/IvgQQBxPTeErTbIJHj2X0X+77j1S47XnPzrEPQzSmaCPAjA8ce9fwi2QYTgQQAuB+egQAB/rSsdoHNE/mW+ARRA0KkIVMfSBU64RTk9v0/i73udRwCAFI8Ar/uLHgHi/jqPgBi5gWCNWNMAkVS7BQFMa/BNxnmt55+OBoEyou51jMkaHDygEIYCAEit6fZKzuL58vniWqP9XZhTlyqxF2v6g0j9/cyneQAwp67Wc6lC0PsXIwbgDAQsr61X1mamI8Nvgskeq/3fRQvmYWVdjaP2P2g7KyBJ/jmoVIL2zyf4qZ9XkW9T8q8a/9JbrQlVYEGELHCQiyoAt/p5Was/ICnvryh1l/r7BS8RKFxgBR745/+zWzY4ggCZKAXgjv8EVRs9GbnnQQCT9oAi3Ei8bM8gJQpBoZLym4Bn+mXgHgEiyTe9Hi/XIYIHEEz3j5FeZH0AQIdLrv1rtLQ62zU1rLjGfq47x0HjxPN8fsOKa9DSuk+6xoev/c7bhccIBK8BAx1E6bYXYzbR8T2er58vI8Zcki/L0ruBk32v88VAgdf5Yd6/GDE40p3N94vm263af078e4cT6D08ahsbBoXsS+nKuhrs7zmdV9l/wsKqMrz1527f80Wnf7+44aoVBc3HTzsCMG5eAKYKgmSLwHA+I2GiZm453mg+6WvuwPGQL0aAqLoRP/+kWpCVBXDwFoFRQJbhVwUCAKeEn4IAOvIvI/JejQOBZMBANk8WzEgnqitLcMtXVkmd+ocHJu0M/+q181POi/BDurlHgGz/vsGxlBaBfH/+s45Jf3YiZwIAqmw8EXN6Lp4jtLTuSyH0suc0VrYO30s1dzpl/wHgzffezOgX1Yb6LwVyE/3yrZSNFrPS6Xl98bw5U68/JZxPz+tdP/szgNR2doBaom7SDlA3jmfXxUy9SMhV5zjEIIDpfPH1aH+XbQaoew9+37/qfnrtWT/d2v5tWXlRyv9x3sovCLze+7Dn5wvE2nwgnC9923Y+X/D6ozcnetvO2UGGfPYBCAP1iyvRfPx0QlXz7wW0hhgICIIk+c89/PKZ3+KObRuwc/fBFDKeic8g7bnLxRiQI2zyH5ajO5frh1HTn0lZvyn2vHzCfi4rV3h738c2wRdr/ckjQAXyCFBB5RFAED0CZCaEYs2/iCefbU4JEsTIHuRMAEAGMfP+4UnzTHxYY2XnZGaCMbIXSRKexEenP5EeD+s8jckWFNUV2uRX1cveFEHny4z6dMdV88WxpvPDfP+qNWiMSR95IpnTjfhzbPuL9e6DFNj9n4eM7rMKz7x6ILL5e4/t9r1upiGr/z/W3mX7FkQFvkcVJZCXAwNT0utcDwZ8PDDiyXVfhrbuQbz0VmsiDCWAuK4b3LL/vOOBX0QZ9OnqH0Z9TZXSA4CCAIBVi1/IZPlRf/bEgMOuqevg5N8t+887HoSBoZFx1C+Wf9ehLLosky6r2Q8KIv1B1yW1AmWxh0YyE7Rq7xy0gyFUGsFr/6srS1KM/4icyzwCOHQeAW5dB2hvOifbX6f4iJEdyJkAgIkBYKZh0jkgRoxsglvbOyA1uy177Xc+zVUZ9enAx8rmmwQKeAeAINfPx7qt40f6P53Jf4zsgYz0A6nGfMtrS0IpY9i966ZEb9s5uwuCbL8BoeY601nZIPBa/w/ITfjo9UtvtSYAb34AYuCAmwN6ga7+f3bpTF/vlUi2rM0eIcjPXFf/z2ET7v5W3LHNMgXkbQCjgkj6dVl/Xf1/RVmJ8Xv1AiJ9Kuk8HRfHeMnUu5F78bzMGFC1RqZk/7r3z8sUKitmYc/LJ7StD2UZeZmzP/cICBOm+2e660IMILhLTxox2deSk+S6sLoh64MXMaYniIxysqzKWItu+Xy8ifRfNr+ortAm4uS+L3YIUAUFuFM/n09ruIHmB7l+cQ6txR+y8V69DmLEyAYQuaoqtR6fea0D+w8ccoxZvbY0Eg8DLv0/03Man3mtw3FdskeuobykCOUlVl7GT0s+EfWLK+2SAN18ChQAyY4AzcdPJ7xK/0UTQB28GgTyDPuubRvsB/85B/2Zzy4pwmy6/y6ZdAIRcSLmhQvUgTI/4OuR1F9F/Pk1uxH8qAwCgxA7lUmfDn5k/qqafw7+PuoXz8GNq+pCK4NRQexWQK/5c8DySZB5BHBQhl+WvXcz+zMxA6yrrcRzvz6q3J88AlT7x+qAzCPrFQCis342Emm3oEQuBi1iTG94kb5zI0Wvfe45ideBMvy0B5UsyObLyDYFFcT5Qa9fJ++PyX+MXIaOxFDWnST4Z3pO46IF8/DFG1aE3qFArPkn8p9Jyf8Pnn4jAQDfv+3q0N4ryeJ5K8CgpQAcKl8AIv/0r2ng4apPLXa8lhH+s6PjGB6bCNwNgH8Wd23bgLvvfxgA8NB9d2HXVE0+nSN4zciTLJ63AtSVAoj4494/4LNbNuB77zq7BPj9fIr//8Q6/6un2m0SZIR/aGQMZ8cmIiP7N66qS1SUzZSeEwmeaLynOi+DX1m/25qy60gneCDCz/uXeQQQITf1CBDr+Pk65BEglgQAao8A2VoxshNZHwDw2gYwE4hr/mOYgur+3fwB0gnKlosSdRMTO5WcXeb47zafyhFENQK1DaT5OgKtmk8qA3F+2NcvqgRMTBVjxHCD2A4vHV0CdDJrwsCopQJ4/dql+OINK0KXk27b+XzB7l03JY53Wl/SKRggyv7TCSL/gEWam1pP2YGA04Mj9rl5lWXGPyNeE19eUpQSBCCEFQzQge9BCgKTfYnkUyCAlAzlJUU4OzqO2aVyomgKkr8T+Qes7Ps7x7pt4n/00H773Kr1Gxw1+joizmviZ5cUpQQBCG7BgD/u/QM+e3kyCAD48wYQ/7/98HJ3kz8i+RQIICXD7JIiDI2MoaIsGsk1z5TrJPS83R6NJfit2feT/RfNAcXrV72HirKZuHFVXeLFo+2h/+71+/5NPAJUUHkE0O9wscuA+Lvd1CMgRvYi6wMAMpiSbLdAgWwd2ZyY1McIA9wYMNsMAGWSeVU/e7917Lr5PCPvqOeXZPnFun1VwMJ0fhjX7zZe3N/NdyFGDMLuXTclyqsKceTwqOMYkWOxx3IUwQGRwBQuYAZ8aQA3/rty03rsv26prQJIZxeA5uOnE23dg2hqPYXGFYvs4y+91ZqoX1xpk9+FVWWBTPgoCFBeUuSol6dggIyQi8Rddf1cBSBm/cV1VcRfzP7Lrj8IZHX9u7ZZfe7bugbwzrFuXLEyeQ2/fOa3qK+psslvzdxy26yPZ+RNPycUBJhdUuSol6dggCwQoAsOeNnbpHxAzP6LmB3w/gcFkXsdCfRKEMUseBCHf1GNoLombmRXXVmSMTNAQK0C8OoRQNDV6nOPgBiZxbWrqhMA8NrRvtD/rudUAECXafdD9k3ni2UIYeLStetCX9N874U4N/RxxvbPFqjIuBtJ93M+m4g/h50V7089xwmsm0ReRo7d5vOMPJFjnrFX7cPXE+fTcxFRXL9qvmgayOebeBTIQC3xYlPA6YHXH705AQBHDo86SPDxzjFw8s/PU3Agyuua7AHOQE5W0rE/4FQBpMP4j7L7C6vKbML8/L4P7fOizN1LDb8MnEQvrCpzSOx1gQB+PAwfAa+g+8BVDV6y/4ULgIqp4NLQaJL8U3a/Zm65TcT/194/2/NEmbtpDb8KnETXzC13SOxVgYA7bv2StPTAy2dSbC8IWOUMdxi2+qP7wFUNUWT/Rfm/V7Jo6tjPx+lIcBDnf7eWgVGaA4bx/sV1uEeACnaGf0DeZlCETs4vCyaQR4DuGmLosaZ2aeJvPmt9n+0b6Uw0d3aE+nfVdwCgsb7hMQBoamu5M7zL0UNHwIOScxM1gPg6jIDASy/+f4HXCILPbfHfXitfELQNoOq521rZEgzg7vkysipTAug6AajGquaTxJ8gEnfZNXHTPXF/2XzZdanme71+t/myNUjlYNpHnoj/dMXu/zzkPkgD0/ucrfMJRPKPtXfhWDvsgAB3xafgQDpIOJBUAhw5PIrVa60XvGQhyHXwdfh75/umwwuAS/sBi+S+9eduAMBN11wirXEPUvduSpj9eASQioGvoVqbIO7x1p+7XVUAfiT/nPgOTf1cOfkn1MwtxxvNJwEA/8eWT0lr3Pkxr58NU8Ls5hHg9zNJ81RqgDeaT7qqAKKS/HNwV3/VORF+ZfuqNYK2/BON9waHzkkJf1v3J4hC/m8Cv++fPAJk5N3UIwCQk3/yCBA9BAjkESDzD4hhjjfe68DVly2NZG2jAEBjfcNjRPSJ+PNz/HU6AwJRI13S/7nVF6G/74zROIJsvNd1TMbGUEMk9tlC6P2AZ6RlhFlVDmBKhFXzASdhV5F1cT73K5Dt71Zv7zbf9Pq9BgJE+OlvH5QM5xpUaoctKy9KfPoS/38Y//RhB7725Wt8z//Vs/tw63WbfM83DQr8x0utWFlXg5V1Ndh/4BD295y2z/HnAICpgEB5VSFef/TmRFQlARyvX7sUFy2Yh/nlBehtO4f59bMcUlJdMEBXwkDn/uOlVvs8dRxY96ol/8+k0/9Vn1qM+sWVSqJPAQITyMjyrGLr69m58xMp54LCLXBA5J/eGw94ED4eGPEd5EiqA+R1JEMGQZ2r1yxBfU2V0uCOAgQmkJHlmUUzAADjExeM1yG4EXhZSY3JOI6u/mHf5n5cHRAEpll/1Tg/5D1q8i9DVNL/qN+/F48ATtSHBybtcSryTgqCjVioNBLka4uIPQLM0DI4CrzXASD8P+OuAQAi+PTv5PIFO2Yssf44XDiZ+gekcerfdAcCVBL+XKnf5+SeUF0xE31Dzl88KtJO80VyT6+rK6wvGOJ6MfxBrOXPRnM/E1DmX5Sk85p8GbjUXUfuTeabZMy97h90vpfrN5lP95Pf76K6QiD61tExchS7d92UIPLLia+Y+ebYfx0FRNZj9dpSlFcVRqYG4KRlZV0NeocTmF9e4ChHmF9eYB+n98TXON45hvn91jkKHFDZA1/7WHtXSus/qv8Hog8EvPXnbinZ15H/ptZT+MHTbyR0nQKI5ANyos+PiWUAgLtsv6170CjDT6/5eqqSBj4mSBBABtXP8Y3mk1KyryP/7xzrxt33P4wfTpnyydYmkg/IiT4/JpYBAKklAOQ7wMGNCAncE0BG/qnsgeOPe/+QsmeQIEAYGBoZh6oLQBCYlgao5pqM080BMt8dIKz37+YRwMk7J+puhq4qjwCR/KsUAjHc0dzZUbCmdmmioTKB6rIRrKldGmoZgHEJQMHmlTuI8J8/9I7jHJHvGUsqgSWVOwArEJAt5QG5BiLrMjTUL1KeI/QNjacEFPqGxlFdMVMaVIjhHxfPm+NaLpArIBKrM6hzI7puBnluZN/P/KD7Rz2fexz4rf2PMb3AM+Ni27szx51jiUBUlcImyK9fuxRhBwE4UVEZAPKWfcfauzB/SqZMQYCR/vGUcfS69/CoHSiYX299ue1tO4f55QXYz8i/LPAhM40LCz94+o1EU+spxzEd6SXyTzAxAySiP6u4COfOT+Ds6Liyhj5dnQBkwY6PB0ZSAgc8CMADFH4DAyLxvfv+h/HOMaf6QEd6ifwTfvnMb3GH4Mwvfj6I6M8smoHxiQspGXKuEHDrBCDW6VNAQBYIEMGJv1j2AFiEX/Q24EEAHqCIOjBAcvgbV9UlAMsln5vmcciOu5na6cBN/IKoAHgrQFlGmq67omxm2gwAw37/svOiR4Asy//2vo/tDH9QuCkEYujRMjiKhspS9KV2Wg0EowDA5PIFOzBF/mVEm45N9iWDAfGP1ztkxJ8f6xsat8m7KkjAyb0ukBAjiXRI97O5PEBsAyhK8t1M8MRsvk6OP93mi/czRgw3cNf/Mz2nbbk7ICe2dExmysfr8oOCZyw5Cac2gFdusspZuB8BJ/pcCUDjSDlgzyPVQPXasVIAACAASURBVNs56RzACj64tQEMogwgR39Oaol06zLqHLxDQP3iSm0QgGf5z52fwKziIgf5B2C30VtYVSaV4+sgGgKKAQTd+xEVCjIVAmDdo/KSIodxoU4dwDsb8M8stbvj2f6u/mGbdLd1DRiZ+/EOAfU1VSlBAJ6B51n+8YkLDlUAgdro1cwtd/gPmIACAnds26ANAhD55wEEUaEgUyEA1j2aXVLkMC7UqQN4Z4OgEAMBOnCiLQsUeCXzMmM8UcqvCzSosvyi+z89D7sNoB+1gjje7/sHLJKvagdIHgGqGn7uESAqB4jwX7FGHfGKOwxkHsoAgFjbb5phn+xrQdHZisfzyQsgW2BK6GPi7w3pMOjLVhNAMSM957JapQmfzh1fHBvPT31N81VtF2PEIPC6d8CcyE72AM23O8n46rUrQr02fi0UDKAgQAqYaR8ZFvYOJxxBArpOgkj6KUDgRvpl1+cHotSfSDegJ7UUKBCDBwCU5QCq+v55FWXaMdyAzzQYEFbHADEIoGr559YKcGFVGQolwjlR6k+kG9CTWgoUiMEDACnlAID12VXV9/P7LxvDDfhMgwGytoQcIvlXQQwCqFr+ubUCzGTpAIdITsMgwW4ggqxSLMgQlQogk++/vXMQ/S+7ewTIsvc0TibvHx6YdHgExCUA2Qllop4TeFPyX1jd4NqOL0aMGNmH0f4uW6pOJQB+e917mTed5hfVFcblADGMQGQZ8NY/nJMKItVRGwFSOcBnXuvAZ17rwLpXO2y5PnkXEETpvxgIkI2VjZnsUT+C4vl9H0pJtSzzTcfp3FWfWqwMHvgFz8LTa/4gM0L+8AMxQCC+X9oPSL6vhVVlGB4L16Twf+39s5RUqzLWXf3D9rmr1yxRBg8IXj8joiJgZtEMx4PMCPlDB52Kh0N8v7QfkHxfNXPLcTbk+x8GVETZxPhtcOicVgZvQnTFjLifNWTXWr94jpHSIQjS/f5pPzIM3PPyCby9T90efHhg0n4QyqsKHQ8g6RGgChDEMENzZ0dB34j1N6S6bATXrqpOXLuqOpTPoFap39TWcmdTW8udRWcrHjdZzC4FWL5gR2N9w2OiiiBG9Iiz/zH8wqtUvXRujf0AzFzv4/lJ8GBAjBiEbTufL1heW4KVdTW4ctN6NN9u1umASMS6Vzts4s0DCVFgssfKzPMHkFQFAJaHAQcZ+tFDBk7+RfM/QO2aHhaaWk/h5y+9h5+/9B7e+nO3TYZFMm9a8/71Gy7ztP+58xOOB4E8AjjEAAFgns3Xoa17MGUv2d7L51dgdulMzC6daQcDhscmjNoAcuLLn79zrBs//d9/wk//95/wRvNJmwyLZN605v3v/sunU/bVBQLGJy44HgTyCOCQlQyoggC/fOa3KR4HgDz739Y1kLKXbO+6+RWoKCtBRVmJHQw4OzaRljaAMphmyYlg+2kLKMKPDwDNMXWjp3FhBwEy/f7pOfcVaO8ctD0CRHJPD8rwy8oDZEaAYoAghje0DFp/XBsqS/E3n12FMIIARh4ATW0tdzbWN2Bi9tAOt7GTfS0orG5AweaVOxJvHjMKHMTITVy6dh3+Ze26jPcnPzekjlbGMANJ/3kQQEVoTdrhxfNTDQE/ea8zRR3gt6XflpUXSf/fqVrm5Sv+9GGH+yANfvXsvkDzTVv5+cHqtaU4cngUV25aj/23L8WaJ93f62SPRY5Jkr/8mvrI2wDK3My5KgCwTAl5y0JO6Kl04KIF82xfACCpHqCxVPufjtZ/VMMvtsOTwTTDz30BVCAyLyP6gLpkYPn8ChzvHTK6Dq/gBoXidYnXQ/fChPwTZD9PquEnIq0j96ZSdlqT1/+LIDIvI/qAumSgbn4F2j3cf/p/Ss914AaF4nWJ10P3IhPk/8Wj7QXcENANnHAGNfMjhLWOGyrKZobiB0Dy/Uy9f7f9TTwCVCCPAFWA4Io1C/B001Hja41hIdkWMDiM2gBSOQDJ+3UlATTmwsnB2AgwzxET7/yD32y2bA2/60yn+bI+8kQqvfa4D0qGcw082CEGRGT31RTPvHogbfP3Htudcoy3yuOE2IQw0BjTenlTeM240/5iIEA2xtm5AHaggDofpIv0E75/29UFL73VmuB19jKoSgJEiF0BVJC1BBTNAIlYm6gAwgD5Glz1qcW2QSHtpQpGBMH33j1oGwHyOnsZTE3sxK4AgDwIIGsJqOoGYKICUIG8AHbutrwAdLX/5Gtw9ZoltkEh7aUKRmQSPAjAIdbZ60zrxPMmx1UwHe+mAoiyZ32m379qf7sswMUjQGYSODwwqQwcENo7o+9mkm9oqCzF/u4C9I0AzZ19gQP7Rn81GusbHptcvmAH4O4HQOdjL4AYuQ4vJn3ZYOjnByYydDG7LXs9XeeLc3VriYGBUkQrz46Ru6AuAICVCV/3qkWS3YiwmI0PqwWguK8qIMDbA/KSANl5yujTmHWvdqTMV+0XdUCgqfVUitGezByQ6v9FFYBI+kXzPxWoBaAK1A1ANk9E/eLKwC0DydSQ3qNYjuB2DTpY79P6gYs/33eOdacY7cnMAan+X1QBiKT/ofvuAmC14qsoBYYUATJZC0AO6gYgmyeivqZK2TKQggD0XAUyNaT3KJYjuF2DDrr3GRZk7fWiztCHIakniF0LogwEhIUw3z9fj1QCe14+YQcDCH7q/OMuAOZo7uwoWFO7NNFQmUB12QjIEyAojNsAmhoB2nP6WlCICl8XFSNGNkDm3O8HuRAccJP+i8oA7m4vjtcR43ycz4+rMv58vaK6Qsypq41NAGO4gtoAeiW8NJ7aAIYRBJCtTzBVHpierypNDSbI9pNdSxj4/m1XF3wfVktATuRlcv+27kGbKLd1D6Zk+8Mi/wRVEEDVos8EJi0CRR8EL4Rf977oZ1kx9fPeufsgdm3bgIfus8gxJ/IyuX9b14BNlNu6BlKy/Q/dd1dK+72KUmBICDq4kX+CKgigatGnAif+VOogBgy4l4Dog+CF8KeD7IsQCV42kWcueZdlwGWgjgHZ9D78wqRUQHe+f2jM9gjg4KSfPAJWD8yP6/5DQsvgKBoqS9Hn79d8CrQBgMb6hscKNq/cYcUZ3eX/joXjVoAxcgQfnf4kNLKfaxCN/1QEVwdOjv2UEOTyfJNgyZzLYrIfwxzbdj5f8PqjNyf2Hzhky+MHPPa1560A0wFThYDp/DMe1okyGHDDVSsKfvD0G7akWcz203MKAvgl/1HBRAXAlQ5iEIECG37BiT8FLWTBgAoW7ClcYJUCTPYAd2zbgLvvf9g+J2b76TkFAVTkn2No1LlflNCpAAhc6SAGESiw4Rec+FPQIl3BgKGRcdsLwI00u7nW6yAjs6ZryOa5BQP6BscwNDKOoPX/qutI5/sPur/oEVBeVWgHAbhHQOz6n51wVQBcODnoifQHvqIYMdKMi+fNmbZBAFm9ukrGriO7suOyzHo+zxeVA3yNorpCqQlgjBg6eKl/590CLlowDwCwvLYk8jaAHG6E3cS/wBTp8gUgEs8DAaogABn9NbWeioz8zy6dKfULoGsRVQCq7D7gJP98DfG5qguCCjKST8dml87E2dFxafvAIaHsgwIBu4RAgCoIQEZ/7xzrxkP33YXvvesk/7J9vKKirETqF0DXIqoAVNl9AFKfA9l7U3VBUEFG8ulYRVkJhkbGIm0faNoJQIaghnhRlhhUV5agrTs8RafJexXH8NeqYIXsOA9u8PlB9jfxCACSXQF4ICA2Acw8XAMAccY/Roz8R1FdIdBvNlYmkfeC6TZfVFnEaoAYOuzedVOC6v/9ZPyPtXfhizesSCvxJ7gpAXTZ+nQa/QVBW/dgChHmQYAgIHKswrwKdwKuKgUQ1QCyzL6q+4Ap8Qf0cn8CtQ3EFBHXEXLxM9TWNZBChHkQQAfukTHZA4g2LESOVTC5/6pSAFENIMvsq7oPmBJ/wCzDT20DowTvBEDSeRWRzARof5OMv6hgCDP7L16P13Mm503G+93fzSOAy/9JIRCXBHiH6ANAbQBfO+rfDDAU69g48x8e+obGUV1h3kKnbyj5x9bLvBhOTGcVgJsRIM98u0nkZeR4us73U04RI4ZXNN++1M74A8AXb1gBAGkn/zLkCqn3CjIFBFJJv4njvwy8BaApVHX4ImGngICqrSHfM6jLv1sQQ/Qw4C3xxNcqwz4yBQRSSb9YBsBBxF/2uaSsvgnJJ6jq8EXCTgEBVVtDrigI6vLvFsRQeRhEAZX0PwqjOuplb0KWvYKCAFEZ133UMYjqypLAtfkiZMELOsbvg5/9xeAJfz04dM72COCEnysA4i4A/tAyaP1CbKgsxdWXLQVwNOE3CKD9S9PU1nJnY30DJmYP7TBZjLcMjOEP1RUzPQUBaFzf0LgjGMDPxdCDm/Spnoe5R7ZBzEiLZFVGYHVO+vF8eakAP15UV4iJ9kltH/np1tbPC8S2fyJ099UEmZ6/em0pgPXYf/tSrHnS7HPAWwbGNZfRoKn1lC3zJ+IvI/xe5f+yzLsqEOCHmOsy+LTP6aFU1YBoNmjq/K8KAsjMCwHzQNE7x7ptmT8Rfxnhl9X+6yDLvKta+/kh5roMPu0ju/8iUTd1/lcFAdJF/Dm8GueFmel2w+DQOZvU0zVWVsyyCTHvAECoKJuJG1fVJcJSAZgqEFTvXUbo3fbhP5Mo939738dYvXZ+yt+j4YHJuAtAQLQMjgLvBfuO6BpqpiAAAGkgIJb+h4P+vjOorlhkk/iWtlNoqLe+aIjE3hQ0jwcC/K6Vz1Bl/UkRoFIGuCkGTM5nGpT9n2ifTHGq59J1VRbblAhP9/n8HFdcfPqSpZDhTx92OPrcx5Dja1++xvfcXz27D9v/6tKU40/94QPpcdm4W65xH6fCc/s+kB7ftvP5gt27bkrwIAAAaSBAlP6vXluaEen/dMD3b7u64AdPv5Fwy/D7qf2XEWk6pqr3dyPYKjm/uCYAHO8dQnmJ89jw2IS9nioYodtDRfZNIKoAqDPA3fc/rM3wA3LXfzfIiDQdU9X7uxFslZxfXBMA2nuHMFu4/2fHJuz1VMEI3R6ZIPvJvZM/ez+u+SaSc9WcqMoKRMIaRhBARoJ5aQK9F1kQRXUfxLGqAIyKgIe5f3vnIPqH5B4B+dBNIVNoqCzF/u4C9I0AzZ0RlwAQwadAgOxcjGCYW30RWtpO2c+BZDlAUAIfk/7okA0kPmy4lQQATqm7H4n7dJtPGX8ecCmqKwTaPG0bY5qABwFWr70SRw6P2oEADiL/y2tLsLy2Hp/5xm9i4h8hZIaA/LhfyGT3KuIPqOvsSV4vlhPIggl0fFZxERZWlaWsSaoB3XVEDXLsL1yQDAIAcBgCAhbpJ3DyL5YQqJQGMtm9ivgD6jp7ktfTXHFdWQZ/ZtEM1MwtT1mTVAO668g23LiqTqnM8kLMTaT8ftaVkVaS9hMhrqyY5Wj5l45MtWmphPhad21erjuK/cU5Ko+AGOYQfQD6RszLlWTw5QEQk/5oQMS/v+8M+/ciT2v0952x1xGPi/vECI5sz/B7hRc/ANV5nUHedJzP76kXA8AtKy9KxCqA6Quexd+966bEsXarzp9k/pZCwEJM/NOLsB3+iYgHldgDeg8BldKA7+2mPMgEKkqBoakgAAA7EEDgcn8Z+XcrMSAiHlRiD6iz9ar1aG/yHnBTHmQ7/LT+U0EMAsjqzoOCZ7lpT4KM4FKHgyiMAHWQZfZNzsnOp3t/AHaZQCz9D46WwVE0VJaiL7VqyBM8BQBi4p8e8EAAEXc30i6O44RfNjYOAsQAUgmpKPsH3E3wROM7UQ4/XecT6J766Twg1rrHAYHpCVIEiO7Jsdw/fyASbzfSrarPl81zW5PvLSP+buUEUQQIJnuAquXJ1xQEmOyBsr6fy/5NyT9BJN5upFtVny+b57Ym31tG/N3KCbI5QOCXfJo49IcJ8Rp59n9oZBwVZTMxNDIeKfGX3St+HbLzFJBQtV7k5RjiPPFcuvePkVmE0gUgRnhQEXeRtOvGBdknhhy5mM33gzmX1aa0rSOJu84dXxwbz1eXBlA5gJ92gLEqwMLeY2cK3IwA8w1E9HfvuikhHouRP/BLpnXzTNfUBQjCNCU0BZUA0HMgtS0gkNpJIAj8kmndPNM1dQGCME0Jo8bQyLiU9Hut09eNM2ljJ/a9p+diYEE8piK6UZN/Al2LW/2+yTVRWYYb4c70/jHSjzgAkAWISXv2Q2UCmOtIqUmHFQTwSk5zrSY/XfPjFoAxwkZM+vMH1J5P59Kfjv1NriFsom/tXaodM9kDDMCM3MvaCbqB2vPpXPqjBO1vcg1hE32+d1TQmcdFYdbnphiQ7Sm2ECSIUvUoyL8qe+4m5/dShqAboyLn6do/hneIPgDXrqpOAICfVoBxACDGtIeOyNM51Ri3IEAuBQl4EMAEouO9W/38dJ/v5d6qEGf/k9h77EzB14BppQKIkZ/4eGAk1CAAJ/ZAKrkXz/Nj/z97bx5d1Xnf/X6P0IAGhNAARkhGMgIPQmAT29jGtmiaFRPHTj2sJq/TOg1prtK0t/e9N1l9u1y/N01ze+vbt2+7em+HxG5TJ3UT6mbZcRvbwX3zpuAZx4GAEDZGWMISAqMBSWiW0Ll/bP32+Z3nPM/ez57OpOezFotz9n6Gvbem8/2NQa9DtrbO/k5wMe8k8nXD/UUGLk6GagQQxbW4tkx8h2WMkK2ts39YiKHlvE2c2H7OrxFANs8pZUBWS4COc8SQ/6iRieN7tzTF3bzlYYnqTO9v8E/3mBUS1bK6FLtuaATwXtyrESDwF/GGX/uE/QGsZZO6JVP36VeT3vsdKztHx6LcXzxGHPnejzP6g/AnX/vDZf0B+A++8UeBnv//fP2f40Fa+bnNcZqfDcaBp/clwv3dPNVi/rtOSLyZ77zeyf1/oj3eiH93ci0twHxNDcuZP383nlM/r/nGV6+Jhfb7h3cAaF5vfeZRFYPjhgA3I4Ao3vl7MZrAKQKAGwj4eH4tMgNA1KH/BoNXWhsa4zVlCSNqy+pSdI9Ne44CCCUC4PLZMQDAybMvaM8Jayw/l+79V2xYrb1GVLx7vBNNV4aU/JZj9H7g09yfRTgZB4IYJryeL2wqAC5ar5162etg5uvVCgCg1Ude1S/ekIooqMkg8NBdN/tec99Lb2HPrdt8z9//xjHl/gdP7fe9rsHgha4zQ/HWjbVGyBgihXvOvXjSnSIC3KIFvEYT0Hi3ivQmb92QzbSsLsWhczEMTwFd/d5TAILHpC5jnKIIDIZcYPrigGtouljh3qnivZnvvo6fbgDGU2ww5A9dZ4bS4vnm+xjxb4gaMfRfl/f7LCeiTtV/L0Jfdg2ydn+ETPAb778h2+jq74sNT1lpVTwSwCuBIwBaNt3uyZtuMOQ7V9Wuyorwfh1IjPKif7Jcdln4O70WRbCZPyAdz6FOAAaDwRA26TIwGAwydMQ/rw2gO04m/nXXcaryL76nln+G7KGxusH+ndY30p8VRpkbm1qUv2ff7u2O/Bq7x6bRsroUwz5tAIENAKrc+OXAcr73fCIKsc5rAOSKMYDjx7MtE75mvlz8GwyG/IZEuMzz7uaND+K5z4T4f/7N03EAuOeWTVnxwdyQGcTceQ7vJ0/IDAUk9Lngd+omIOIm7lV7p7sAoMEdLvp3794JABgcGgSOI55uI4Ao9stKC/F3f3GTcvyvfRnxdBgBgmC6ABiWPW658lGtnwnjAN+PXpMnWux3L/Nsi6jC2WXt78x80w7QYFgOcBHuZAhwm5srGOFv0EEmxJ2OiyJfVbVfhpcUBBEyAoxPzeHeLU1xkwaQPmSin1NXWwfg/XReEm5saomvqSzEf/1yombTFU3OxcG/981bs94IEHoKwOJwt/26oKbFcS4f6zRHNk6HsPZX0bLpdhzBjz1fl8FApLNDgKo7gSocXdXD3mu7vOU+X3yGl470Y9UNDb73Nxiyhf2P3Z8iVsurrAiXO778TNZ+8PGLVzEvzvXi+Q8LU/zPkC5E77/Kky6LBnBD5tnXOSc7Tzh5+00KQPpprG6Iy0S/SFl5ORrRkJYoAPL8c/EPAOd7Uz+jl1UWorK61H4fpRGgq78v1trQGG9ZHcfO9XHUlNXEAXjqBBB6BIBKQLuJeCfhTeec1vAj9r3MNyxfuBj32hLQy9pezvk9L4sAAFhY+sXUdWTh7CpvtkwcL/f53JAiq7lgMOQaXPiXVxVgcjTx/UyvX/nmg3Eg/wwBQcS0jhjvOTeWMsdtb1q368xQnM9vXh9Op6Ighg+DQSckX3WOGwtk50moqwS7H4FvagBkhr6R/tiBA3A1Atx801YcOHAo8ush8f/nv79Va/zU+AIqq5OPRR0J0D02DcDqCLDrhkYA78V1jQCRpQB49drreOPF93yO3ygBL/sblidc9Lu11wuytgw/+6k8/SoWehdtA4BMrMoiAeiYrMidauxynS9bg6IudFv8tW+ujptOAP7Z99Jbgebvf+NYRvcPGxLwex75oefvKZpLnv7BnhkMTsZRV5681Jl+6xgZApwgo4Gf60knfgUwF+WiEcCL119lQKBjovGA3uvs6XRvRvgb3PjRe72xe7c0xUlw0/8k2J2EP50nKNTfLX9/fGrOtUr/vVua4jRWBo8CMMI/t2isjj4K4Iv3tOCdrhlc26rffULGjU0tkaYDdI9NA0f6PM2JrAhgQU1LJKI8nYj7G4OAIV/hHmlVITsnYesmhJf7fCduvLpRaxwAYwTwCD2v9s3VUpH10F03pxzb99Jb0uO67HvpLey5dZvruKBGBT+QeD/TP2u/JyHvJsL5WOLE8emUcaIx4MTx6aT3/PzgZBzXbS21jQlkLMgVg4AMKogHpApyOqYS/bLxYUB7Ogl5kypgCAoZAQB3z7zTGLdwfhqvk5vvNIZfq2i4IGOAyf/PTnbv3hlpFMCNTS3xL96j1nzTEwUoLopjRUnyr/LzvZdS6gNYUQBvRHKdgOX9P3QuhuEpoKs/gykAHG4EcPLeh7WXDC/7OKUayNY3XQCWB2IofS5W9VdBnn8xJL2wqUCaDkDwUHeVOHZiuc2n58mft+kGkD644URlDMhnuNf+xPFpnOodwOamepzpn0XdxZh0LCGKfsDy+gOw1wFShT3/357Hjttjl9aic2QQmBxdxP7H7o/nkhHATfzzc2J4vmq8OFYm1MXQf9U6btEGxghgCIqu4FaNvXdLU9zNCx+WKOfr0LUB6rQBQ3p4r/c8tjRdkbH9RfEv8/6XVizina7UThTXtq50MAKEmwrA6wDUlE1heKrM0/y0pQBE7c0PY32nNbwUNzTkF0HC9DNhLLiqdpWvfUnEOhWocxO6bgXyluN8LvSzMfffTRCbqIPcRgzZP9Wr/h4enIyjDnOJ1+UxTDkYAmk9bgSQna9r3SDdS3xdVx6zDQJ1zSttIwCQuWgA3ZZ8XPzrwIW9jngXjQA6ezSvX520Nr12qg3g1QhgjAYGXYJ67KNEZgww3v/0sxTSH9cxAFhRAOG2BNQR/05MTxSgtGJRagSIiu6xabSsLsXwlLd5kbcB1Cngl41wkZ9r127IHaIyEPAaAG57iG0ALx3pt8+J3m1ZeoDYOlAMh1/O88XnmYuY+gO5D4l/Wcg+kCrG68pjlqFgSdhzz77o5SfIsEDGANX6KrihYHAyDgiRAZmIBhCFtvg+aMi+l/myqAEnaKxoBOD7ytaTRRfIjmlfSA5RsNb6f/FCZq/DkFmM8M88w+PzqKksSuueVPSPcBL/Mu8/APSembLnne+9hHh8Cuub1wHIvtaAgWNQWzbdnvR+cbg7pThfLgpoum6nOgDivRsMXrmqdpXjv6j3ED3SMu8/D3XncLErjjXzU9/TaxP6b0gXPG+fPOsECXYS2Kd6B1KOEYOT8aRjr3edla7l9Fo1fnAyrtyXc6Z/Vtp2MFOoRHTQyvtO8/0aHFRriuuJhQJJ6IuvxXXywSBA4p9e8/cGgyE72b17JxqrGwL//iHx75T3/07XjP3PiXe6ZjDUa9WuiMXKcL73kv0vm4ikDWAuCn4dxNB/UwPAkC9MXxywxf+qGxpw6Ui/5173uZSTn4n5ovDPxnQAQ+4jtugDUsW/iCjUndIEVGNGLgzZrw8tva5eW+s43y1aQCdyIN3IvOkygc097/y8joh3Sg3QqR/g1wjhJuSff/N03GskQi4hev4L1jpHA4hGAhprIgkMBv/0jfTHcBjxth070hoFIIp/N6HPOdc7aL9e31RnGc3Z/Or1pVgXQfkhsQ7AnVtq4gCg0wow8hSAfMHk/Ru8EGZoP18rzBaEIpeO9Dvm/4uIFe/d8ufN/GRMJED6yfcCgPsfuz/+k1d7EsK6fymvXqjMT2L9EBPtxKELQ47CXRTltNYdL6e2IHrlTqvDxSlYqQGnege0DAU8/YAMBRsbSqQFCaOkdWNtjIti3UJ9ftFdg/ZzMiasq0oUhPpwVJ0cKqtFILuOIOkO2V4ngIT+Y3u2p5x79PBRqZBXiX9a45H9R1MMAcYwYDCETxS1ALzAxb/s/fqmOoycm8a66mCtBJ3oHrPS+1pWl2LXDY0A3ou7GQFCNwDkq/ffYNCFFwUMwxDARb9TwcEgkNef56urvOA67fDM/NSCgKqoirdPuvdu1c3Bz7TADWv/sGsOqK5r30tvScerjuuSqRZ/1N6P4EJ6cDKOQ29Z1yUT60BCsI8sGQFUXnoaI1trlJUZaHupD1Wl1rrc2HDHy31J4zrvWmqFuWQkSLp+WEYM6gyQbkQjgApRPHsVzDRvXVWZLdidRL7qePP61UniXwenGgG6UQiAWuhnWvyrxDqdI/F/4OBPUb+mHAMXJ+3zu3dsxyP7jzquz40HtMaWbdvx6OGj0v3dIgsMBoNFOmoBuLX8c0IU+5mme2waOOL+mRIwEQDaLA53mygAQ94jK3Lndw2/6yyn+ao+9Bw/YvjGqxu9zP3hBAAAIABJREFUTrF5+2RfYAEedP+gPPa53VqGiDWVqRb5fS+9hc9/xn99l+88/ar06yrj4Kn9vvfh2Ln+S/Y7Lty5152L9VFJPUAu2GkO995j6TVfT7YOZ3TaWhcAqkoTx6tKE9fA961eW6s0OpRXFWSsK4CuoHcTzDJRzcU//e/ktVehEv/rqsp8efC9zsm00JfBxbdMdIviH0CSEeDJfc9i756EEUBmTHhsz3Y8ue9ZNNdX2Wu8d+wQtmzbnhIJwCMEDAaDmnMf9GH9lXqfJTIdBaCDl5QCP7SsLsWhczEMTwFd/WlIAeB58OT955X/c7kmgFsngJZNt+MIfpzOSzIsQ8QogjDTC3TC0EXvtuy9me+OaBgohfM8U3nfH5mOgsg2Ri4M2ULdSaxzcc4NBaL3/pBE/Ku8mSR8+NriNYj7vnJnY0okAGDVMahrXmmnAURlCKB2fvfcssleN2i1fxGZEcCr115cj6+xsqgQM/ML9vkPR6dcUwaCkI3CX0QM0edw8S+DGwHE73UyHgCw1yguXIG5hctJRgAa++S+ZwHAXk9WbNBEBxiWO9QOcP2VjThw4FDSuZo1q9C2/brMXJgPzvUOYn1TXWTri3UAhqf0/pZEEgEgdgHIVcRrFw0chuWBjuCOUqQHCfnXvQ630H8xMoAXuhPHy3LhzfzE+8KmAqxqajBFAA2hQN5/scUfef5JzJPQVhkBVMdl3nuCvPhuFdNp7arSZM+/bF8yAsjqEJARAECSISAsI8Dzb56Ok1AmQ0A6EYW7GzwMn4t/Do8kcIo+APQKDIpks/gXvy+5WO8ZGE0ZT8JdBhkBRGTiXzy/uz2RHkD7cqOCqQ1gMDjzmw/fbb8++s6ZFKMA0VjdEGoUgNcQ/xeOW78vN6xdhevXJhxs53oH8cLxMUTZArB7bBotq0sxrBk8FqoBgHv+8wkxooEwXQDyAzeRHFSAh2kMCBuxR71M4LrBxbGfFIJ8n7/qBiP2DdEga4vHi+2R+HcL01chE/1uazmJmBE4Gwtk+21mNQzqymO2oYOKGpJBIAx4mD5Hp+ieLmJ4v1PYPnnu+XXIrk+EjAiyNAJeo8CphSHfX3XfbuJfVTshaqOBKkxfluPPw/Y5NK65vso+Rt57fkwGGRFoHzIS8LlkCHhsT3KEAGFSBAzLHeoGAAC/OHkOq8qKAQDXXH0Vtl+7UTrn20+9GGjPsHL6z164hLPsb+Ent2Zf5xRTA0ADMaLBRADkF04CP+wifmGvHRRZvrqqnZ1TZIDsuMwzvlznFzYVeG6t2L65Ou4lDSDM0HcTRp87kCfcqWCf6HUHUguhyXAS+369lToGgraX+tB5V2oUgKwtYDoKA7oJbq9t/nTD/WXGAqf1yPuvE0nADQ+0h3hdbrUIdIojphNVOD33/ANwDPfnyIwFqnFAwvvvFEnA13rvmOXF3LLNEv70no6Z6ADDcqdvpD/WWN0Qn1tIfBTqP6v+YfBTC+Dt3u4Ynkc8qEgn77/Xc5kicE+dlk2pxZJIIBfUtBixbDDkAF5a0gUpELgc54vdFRZ6F0ONCGjfXB03gn35YRf+gxUaDySq5ot5/1zIL15IFRN0TCUy+HmncX4pWGv9q96YSBMAIDVo8NoAg5NxnOmflUZC+CEMz3Tz+tXSfyLrqsrsf4RMtLsZC1Sh/25z+LqiIUAHp+4E9E81LgrDAQnlylLrHyAX/0T9mnL7HyET7W7GAlXov9scvu57xw7hwMGfJhkb3jt2KCkigH5GDIblSOfhw1hcjM7Y+3ZvdyxqkR5l+H9Xf1+Mcv9ryqZw55aa+J1bahx/z0ZaAyDfUgEMyxPuqY+iBV+mUYl/WY67W4i8LP99uc/3kk4hYoS9Hsv5OZ04Pm2HwwMJgazy3vsREW6V1P0iXovqmkXPP7/fsHHKgw+aBrCuqkzpnecCXjyv8sTTeiI0383Dz9eUGRo+HJ1yvF+3ZxFV0UE3xpe+j2Sef5V3ngt48bwYCSCuJ0LzSeTTXNGYwNfUiUowUQCG5QhFAfRfGMeVVzin3wDAnXfehJdf9tcR4IXjY/jk1tVZ6bHXoXvM+uXXsroUu25oBPBe/OX35B0BIjEA8Mr/bpX0sx3x+vl70wVgecBF//tDl0I1AvgpMBj2HqI3WhSrMgHrVAnfzJenCogpAQu9i4H7zasIo5VeJvcPKuj3v3Es0P7feTpYfZeovq4csfDfba0b8HrX2aTcf0ImrLNBTDh1D6BigDtv3mYfF73/gGUMmLo4F2oxQFXOv1dBq/Leu4Xoy86La5HwF8etLCpMmb+xrtJ+7SfKIGyiqAGweMH6vhkXOlPIhLVbiL7svLgOCX9xXHHhipT5Tez5+4kyyIafVYMhk/SN9MfwLuJXXrHTcZyqOKAOb/d2x25saokHEf/f++atAIBf+/IbKWv7XtQH3WPTwBHnz2GhtgHkkBEgF0U/J9ev35DduNUfiPo8ef8XehdTKtXzsHWVF1tXCC/3+fwcj7jQ7RcvY99Lb+HGq/V65Mp4+2Qf9ty6zX2ggv1vHMPnP5OaAqbLd55+NfD9Z3r/oPPDggrkbW6qt9v0Zavo12V0mrUFXIJqApD4P9U7gLrWDZHsH7Twn0pUz8wvpHjtvYTv83UAYGJ6LuWcU1QA4O75j4LWjbWxrjND8SgLAOp8f88tXE7x2nsJ3+frAMD41GzS8cqyEseoAMC7579gbW797BoMUdA30h87cADx3buTjQBc9AftAOBVqN/Y1BIHgAfvbMCaypX4jxesIoLf++atthEg3eK/ZXUpDp2LYXgK6OqXe/+BEAwALZtux8mzL9jv81Uwm1oGy5coW/wFJYpr0akHwEPd/YS4L7f55PHnBpfCpgKgx9O2BgMAefV/HiYv5vznGuTNHZ1ObkPI2wOK0QDXNReEEgVwzy2bYtQOENAL+5elDQDqsH4yAtAxfk63kJ9M+KuOi10BvBQhJPwaQprXr7Y9/mGJf1mVfyC5ij4A9J54237NBTgZAegYP6dbyE8U/vx4ZVlJ0jGxK4BuEcL3jh3Clm3b8ehhUwzQYAASRgDxWKauBwC+eE+qPvyPFwbxxXta8PfPp08Td/X3xVobGuMtq+OoKZsC1QRQEWoKQL6E/RsMnKBtAKMk7A4GbuLfTejKcuCX+3z+TE07QENQqPgfL/xHxfIOvXXMFsxA/ogFKgpIEQGnlo6LRQLLq8IxAvhBNAJ8ODqVFHovwiMBZMYBQB3mz0X+5Kx1rryk0H5dUVos3ZMLep1OARwyhHiJiuDiPwyc6leoiv2p4JEAMuMAoA7z5+J/gp55SaH9WjQAEFz463QKAKwWgrt3WEYAILp6HAZDLpFp0S9CQl9mDEg33WPTaFldimGXmq6RFgHMJ2Tt/1TpDwZDriAKUh72T7gVweOiVxYOr+Ndl82PYn/VNUW5v0r0G2OAwQvk9afc/7ryGOrKYzgFywgg5v6PTrsX/MtmAUHXRpEABLUI3HnzNtSVx+zIhxPHp3Hd1tJQ9r7nlk0xXqleV/SKRgA3Ma8S4HRcNZcEPg/ln5xdUNYJkK0pSyFQGQ7ovnTaIdLYKEP9VfQMjCa16nMT8yoBTsdVc0ng81D+idkFZZ0A2ZqyFAKV4eDJfc9iLzMCECY1wLAcyVbxL77+4j0tlkHgecTTnQagQ+A2gEmL5XmYfD4aNgzZzftDl9KacrDqhoak16tuaEgKdefIxDKf73SM5qdzf6fq/lHu76XFosEgg7z+5VUF+NfnTwNIhPyPXBhybPvHibKVX1SI11rFND6vBQBYRgBqjRiU1o21MS763cQvwed8ODqFmfkFaYi/H/jclUWF2FhXmfRPNZbDr0eVRiBDbO/H4caBKMW/qoVl0nUOjNqvBy5OYm7hsjTE3w98bnHhCjTVVSb9U43l8OtRpRHIeHLfs/i/d2xPOW5aAxoMmcNJ2P/98934++e7014DQJdIIgDylXw3cBiyDwrxD7v7AJGSkw5LxHLvdGFTAUpRnyxkL6rXovkq4asKsY96f1XBw0zsbzDoQuIfgF31n8L+n/+Po0le/6pSS/znirh3QyZuqC7AoaUoAF4LoK48hhPHp0NLA5BFAgD+8uFFb7/Y1k+Wl69KE5C994qT+J+YnsPx3mHttcTIB/7Moqz47+X7XPT2i239ZHn5qjQB2XuvOIn/8alZdPYMSc/RvXNMJIDBkDmySeCLdQDu3FITBwBZK8DQDQC8BaDBsFzR9dq7jePnZWO9zHfDSbSLlK6pTxG0fkR/Jvangnzp3J+j2t9gcKOuPAY01eNU74Cd7z8qtD3LVdw8mVVCdD/VA6heW4vNTfXWs4kAErC8MKAu66rKpLn2oviXHaO5gLqCv2w/jspIIBP/PPzfi/j3+kzCgn+/P7ZnO57c92zKmPo15dJce1H8y47RXEBdwV+2H0dlJJCJfx7+rxL/hB8DiMFgWD50j1kfDFpWl2LXDY0A3ouLRoDI2gDmI2KRw5ZNt+MIfpzJSzIE5Jk3vFV/zzcevHVJGN8qnPDyXjynM3+Jp/cl1xzgwlgUyW7vvc4H1AX6xMgImTdfPOdnftBWcG+fdO7z6sb+N44Fmv+dp4P9/g96/5neP8xWfm5Q0T/K+ydyWQR4CV8W0xrIIEDin3dBiALqDgA41wQgQawS/xPTcygvsT56VZQWO3rixdSBmflEnr8Y4u8UIUB7qPYj8b+yqBBD41PY2lSjbQRQdUDIFFQDQCX+x6dmUbH0/CvLShw98WLqwNzCZVvkiyH+ThECtIfbfsWFKzA0PoW25lqpEeDJfc9i757teGT/0VB+7l/6k/ukPzQr1+ivMSOJhgvKct9/uXDXHzznarX9yu98zfEX+1/8zTdCt/w67RnFflHSPTYNHJF/ToykC0A+QWJf1uFgORk/DNFhi3DGM28MSI+HdZ7GZAMyr7mbNz3oeRqTaXT6yIfRbz7o/M9/5nbf87/z9KuB999z6zbf8/e/cSxr7//gqf2e1hqcjKOuPIbbWjfg+QtDOS3+Ae/GCzIYiNEAJP43Nlhe1DC7ADz/5un4PbdsSlnPSzV8kcnZBZSXFHrKwefpAPReFxL4bp7/ofFEdMHWphpMzi5oFz8k0mEM4C3xVN5/JyZmF1BRUugpB5+nA9B7Xci777Yff/5tzbWYmF1IqmkAJBsBMt0a8PJsDFjqyKYSzZkQyEVlMawosa7r8mwM81PRGAfFe9MxHBiDgR4kwtu3WZ9jaxqSC2QO9y/9LDGxHoY4/8rvfC3evq0eNQ0laL7hGgBAz5F3E3su7ZcLhoCW1aU4dC6G4Smgqz/iFABRLOcD+XQvBoMhGVmUgCxEX7eSv9f5BoMbex75YeyVbz4YB5Dk6d558zYcergRbS/15bwhQBe6zxHheBTCn+DiX6cKPpAIxZeJdBLcZAQQjwPq9n+y9VRGBL6ezhjZe8A92sHNQNB1ZigeRStAmfjn3n9ALtJJjJMRQDwOqNv/ydZTiXq+npPw590DZF0AmuurXI0AYacD6IvUYMJaJpgvz8YwczEeSEyT+KfXK4TH6nZ//LzsOmTzdaMGVq4xRgA3SIQDCeFPYjyBJcofaGgGkBDnQYT5vXc/HG/fVo8b700uttl8wzXoOfIuahpK7P2AYHtFiVgHYHgqtb4MEIIBoGXT7Th59oWkY/lWB8AU/zMY8hOnKAFVET9AL8JAa36Pl6s1LFfu+PIzsVe++WB8sGcm1Qhwl2UEAHI7HcArXQ9bRQCv21qKydHFSMS/vRcragfIiwCK4t+JitJiqdjW8fDrRA3wkH76XydiQBzHr1N2z6pjoqEkDCOAmC7iJv6dqCwrkYptHQ+/TtQArU3r1VaWSdcT6wmIKQv8OlVGAGoN6DcaQFe4ykSxFyFLXnm3OStK4pifSqzNvfk6e8aLCgDoG9zdBH5UKQbGCCCHi38iVfwjxTtf01CCdtT79tBf39zyOK3Tc+TdlD3F9w8AAL4W/+mL33/iFz3dX/Kyz0fv/mxHOowH3WPTaFldimFF2RjTBSAApgaAwWAwGNLB5OiiMs99OQl/TjaJf160jyPm4ss8/TTOr+gX16R1nNoPinu5GQu8pDyIRoCwxb/4/d5cX5VUtI8j5uLLPP00zq/oF9ekdZzaD9I5saaArG4BII8EAFK7AkRdHJALZi5knQStNSeRKkBjL88mi3vZOvNTlkFA53pmLgKx+eDRdm5GESPeo0EU/2LYP4eEP4c89DxUH9AzBnz07s928L1pfS78+bHmG65ZMgJ8tgMvfh86RgAS/1999BMAkPEIgkiKAOaT9x+Q5/8DpgaAwZBrUCi+brV/gyFb2PPID2P7H7s//pNXrbCRzU2JDyuyYnr5bBQg7z8QTdi/vY8g/r1wZnA8qRAgiXjRCADIC/aJ8JQB/rqitFgZOcCL/9FxLvR14F0HVEYAt9QIVR0FHWTiXyfvv3dwPKkQIIl40QgAyAv2ifCUAf66sqxEGTnAi//RcS70VQUFOTxKQDQCyOoBAPpGAD/e/5mL3iMA+ByOm7j3i2o/ILlugSE74cJf5v2Xif/kce+mpAYAzoaAUz3W39V2iLWz3rVTAPg+PUfexXD/rD1Ph8Zrb+144O5mvP2jo57mRUXoKQCiWM4nY8DicHeSEcBEABhyCV4YMFsKAKYTHrbvJyc/aB6/qQNgCML+x+6Pl1cVYPNSG8BTvQO2EaCqFHnTDtANLv4j3Uci/p28/4Alvj8cnbLH9Zwbwy3XrrfFtijuZZ722kprLV4QDgDKSwptw4HK4y/bQzxGBgia5xQZoJNu4Cb+WzfWxp5/83TcTxoAidpKVvRR9IGT9x+wxPfAxUlbJPcMjGJX6wYUF66QVuCXedpVz7+ipNA2HKg8/oDcgCAe40YDp24CXooU8mc0Pq1nBJB54Dkqge/HAx6V19z7NTpHHBBi6oHzmt4ovBwHkJXp4xmDF98DUoU/F/0yr/zbPzpqF+7jIl2MClAZAfreeeMJAB0kzL/4K7vsa+EpAST8AeDgMe+fo//0b37K94sMsQ7AnVtq4gDAWwGGngJA+f/5JPw5ohHAYAiKSoy7iXQ/57NR+OsW2AvjfJDifGLUgFdBH3S+Yfmy/7H7kz6JciMAsHzEP/dyUvh/VLRurI3pRgBw0e8EteHjnnmCi+2VRYWorSyTthAU56kE++Rs4jgvNiiO0y0sqLo/Wc6/eMxPZwCZ+FfBRb8TZATgnnmCHysuXCHN25fNUwn2Cfb8K4Tnz6MQdAsL6twfUVmaMAIA6t8L81OpBfIAnXB+YHqiIJRw+2wlqugEAJgYN+LfC7JwfIJ754f7ZzHcb9XEEKv48xoBMiOAGML/90AHkGwIePtHR+3zB48N4FRPD/reeUO7BsCPXnwq7V/47jHrw0HL6lLsuqERwHtxMgKEbgDIV+EPmGKAhmgI2gZQ9dptrWwxBgRtA6h67baWeFxcR0egB52v20c+0/3qv/N0sHSnoPvvf+NYRvfP9P0DQHlVAcQigCMXhnDHy6zH78b8MAbIUhoygU6Peyfhf8u16+3X5HHnLfm40HZKC+Bh+0PjUynz6DiHFyN0iwogw4T4nowIbsYNt2KAYXcBeGT/UexdSgNwEsa7WjfYr8lTz1vycaHtlBbAi/kNjU+lzCsuXJHy/HkxQlVUgKpTABkqyIiguse9Dz2QEv7vFRL7bmH9Ykh9aYXz37d8zZNfucby4IsiXnyOKvL1uUSJTPgTvAig3RqQnaOIADICwOGjhEzIkyEA+GnK+EwIer90j00DR/qSjoVeA4CL5Hw2BgCmBoAhs4jCPlsEfbqQCfgwCbq2zvyg/enTPX/fS2/hV29X/zH2wg9efVe6fxj3tedW9xDx/W8cy/j9+6WuPAY01ePQhSEACdHP0REF2WokEK/L6V4oOiKqFoDPv3k6DlhebBK0boKYpwWocu2dugBwMcnz94FEiDrP6R8an5KuJ9uL1yDgdQk4PO/fD9xo4rcDABW3G2ff2zwagBsBUvZnaQGq/HqnLgD8+fP8fSDx/HlO/9D4lHQ92V5c+KtC/MXuADJI/HPGhd8DXn6+dVrj6dYMyFfo/hdWxJSV/I3A98epnh60b6vHcP+sY/E/EW4caL4h2UuffO4aae0AFWQM8FLhP1tpWV2KQ+diGJ4CuvoTKQCRVcLKN/FvvP+GbOLBW+vx4K31tuin/52iBvKJwqYCFDYV2MLaFPcz5DMkbgcn47b3v648oamqXMKkFy/I/+UK/HrbXurDobcsN055VQHKq6yfeTFNIggk+gHLCCBGAXBjgAgX/4RThX9iYnoOQ+NTKZ5kihSYmJ5LMiasLCpMiSrgkQI6hgdVO0IxZUAHeiZ+wv1ViN+jJHDJIPTI/qPY+9ADydfBxD/hVOHfXntqVvr8KVJgfGo2yZhQXLgiJaqA5/V7MTyIiCkDIlz807MIIv4Bq32e7B9n5mLi33LHLU1C/GfwhhexTmPJy8/D/5czXf19seEp629RTVmqUde0AdSEGzSMMcCQLZARYLkIfxEyAhjhb8h3eL47bwcoev9zSdh7hd/biePWjV+3tRTlVQWYHF3E/sfuj4cRCUAV6/12AfhwdCqlMCCAFMMAoFdojyBxSl5oIDXCQNXGT7UvNwLQMV4/QLf1X7qhIneySICBi5MphQEBpBgGAG+F9mTPXxT6qjZ+qn0pzJ+Lfl4/QAz/l4l/GW75/xxLoKqj3FSe7uUmbHUMH6pnIh43RhQ1FAXglPsPJBsJ3MZGzVdY20Ei023+iO6xabSsLsWwYAMwNQAMhgyTjtD9bE4PSEcxPKc9vOb6hz3fYNCB2gBOXbRE2uBkHDtv3oZDdzWi9ak+l9m5jyh2qBYCNwSEWRTQr/in3HceRk/dADgfjk4ledplRfucwvo5OoJfhWiA4NfhBZ16CV6RiVi3dnc9A6Norq9KCqOnbgCcgYuTStHNW/zpoCP4VVSUFGJidiFpfx1k7RFl57wYArwyczG1Wv7l2Rjmp0ybPYM/ZOH/vAo/vRdxE/5eIgq8QMK/fZvlhEuqReDQdSAbMBEALojtDE0bQEPYpKNAXy4WAUzXHmJrQPF/3bX9zjcYvMC9/8sFLmg670q0AeQFEU8cn8Z1WzVKxmugI/6dPOPiOR1hrBL9YuV/7vFXdQkQkRkSxMJ/Mrx6/2VGgDAKAHKhT/87eb9Fr3lzfZXrHirRL1b+5x5/VZcAEZkhgbcl5HuLhgs3dOtlOBkCnLz5bp7q1Gr5y+/3kyEcnFoAciOAVy8/F//U5k+G6MX/6Yvfd6zwT60Lb7x3e9I+9N66n+w1AoTulsq38Hje0jDf7s1gMKRC9QVI2PP34rko5hsMKvY88sPYxqUPSdQCcOfN29D1cCMK1mZP9fywEesWUP0DEv+negfsCICgtQBE8R8kBJ7EsCz0X3YMSM755+Kf5/XzmgLiWKc1RSj8XxVp4MejH1XKAH1v8+/zxQvAY4pCgEBC+MtC/2XHgOScf7E1IIl/XlNAHOu0pkhlWUnSP9X1c57c9ywe27NdaggJ2g1A9s/gDXpml2ezUvMFoqIyHklNg3vvfji+ublZeZ638/OK7hwS81999BP46qOfwAN3N+Ojd3+24/rmlsevb255XDb+gbubbbEvu87mG65B+7Z63Hv3wxmziol1AO7cUhO/c0tNHAjBANCy6fagS+QERvwbDAaDIdOIRgAyBBD5bAggeDFEfv9UFDCoEaDn3Jj9T3XejVuuXY91VWUpof8cmQDnx+ifk/D3gtN4ugaxAGDYRgBeYNEJ2fcwP+YW0r6rdQPq15SnhP5zZOJbFOUk/gG58PeC1/GAc/SCaAQIEuZvCtaFx8xFKzJCZUDJVePAwororptC6MNCjBoAYIfmi4L++uaWx0/19CSlH5B4/+jdn+0Q55D4l0UiUNtBwktHgyjpHrNS5VpWl+I3dm/BnVtq4qYGgMFgMGSIoP3hMzE/SPs63f2D3tf+Nxya/QbcJ8z79wvVA/jJq/JwxnwuBNj6VB8OPWylAZD439xUj8GeGQxOxu2igL7X31gb4yJVFMC64p/DBbwIr9wvQuP5PLFQX3lJodSDL6YO6CCOpT38PANKBxDbAFKBRSd0DVgq778o+rmAF6FzvLAfQeP5PFnxPpn3Xkwd0KV+TXlKG0DRCPDkvmexd8/2pDaAlCZB7RNFnH4niKKf3psIAD1kRhN6dvJnmJtpEpn8fvAS9u+nIODm5uYlA0Fi7o33bsfBY8kGdooU0F3brgeQJXSPTQNHrJpBpgaAJovD3SlRAN2nX83Q1RgMhnxA1od+30tv4fOf8R9Z9Z2nX/Xc317cP9Pzl8v9Hzy13/c+5VUFuK11A17vOovqtbXozKNigG4C8I6X+/DKnY0AgOq1tUktEakWQBgdAbwIX3GsKOhVhfrouM54Lv7LSwoxObtgi3Q6RvDIAaf9+d40huoDqIoU6hJFYUBAHvovimSxOr+qUB8d1xnPxb9YvI+OETxywGl/vjeNkRkBRLgRgKdHcPQ7AKjPGSNAONBzNkUSk5GF18sgbz4P6ZfVChDPiSkAS6kGHQBA+f2/6On+El78Pk713NrxxV/ZZXcgGO6ftWsG8FoA5NUXDQ2y96IBIZO0rC7FoXMxDE8BXf3DscAGAC6CxVx5Es25GhXABX+u3oMhd/FSpC9bCvqFiZcien4L7onzqKWg7HgU8w2GoNzWugGDk3EcujCU6UvxhZd0hSpW4++Oly1jxyt3NgJLz+BU7wA2N9UHLgh4zy2bYl5qAXCRu66qzFV4+/HOc0iYc4FONQW8FAmcnF1IqkUgi0IgKkqLkzobqJAJfjEKwA2VF1u5JxP/9WvKXYW3X+88QUKfC36qKeClSODE7EJSLQI+V1ajwM0owNGNAlqO7fzSDX++K0rEoonR7pkrBpyDxwbwQINVB0BV9V8U86rSoJwLAAAgAElEQVT8fj+tAH/R0/2lJZGf9Hv/Ry8+Zf/eIu+/uLcs4oAMCMT1zS2POxUUjJKu/r5Ya0NjvGV1HDVlU6CaAJFEAHCxnMvCWbx20cBhugAYokRWud8PuWocCKtQnpP4divmp3pPQt8JrfnqgrQGgxLKcR+cjCd5v3MRJ6EiisDRafk4sTNCXXksUEtAHfEvE7okpmfmF1LEtCz/nhsCeCSAGPJPhgJZ5f4g3QEAqx2haLTg6/G11lWVYWJ6zr53LwX//BgBALkh4LE923Hg4E9TjpNonlu4nOLRl+Xfc0MAjwQQQ/7JUMAr9xNBugMAlqgXjRZ8Pb6WaBSgKIBHDx9FJbN3jSt+TlSQSBRb+hn0KLwcT8qPF0V3Jo0s2R7F0XjtrR1UAHC4fzbFu+6EW2tA1RoUBSAT5FzwyxDrBMjg4r99W71j54F00j02jZbVpRheMkCFagAQW+blC2JEA2FSAAxh8MwbA6GJ/VxER0wbDAaL/Y/dHy+vKsCJ49an/HxuC+hmHKgqTaQDVK+tBZDoEHCmf9ZXGkAYXQC4mFZ51bkolxkCxLEk9GW56hxZvQCCh/GXlxQmCX/VPFVdAAC+DAE6qLz/laV64paLaXqtau/HX3NDgDiW5rs9f1m9AGKCPbuKksIk4c/ncU+/KPr5OVWBwMpSABsTz0o3GoBa+pmIAG9MjLv/ikm3CCejRDaLfwr/b99Wb4fKcyOACJ1z8vCrQv+5IA8alp/w7MsjFfg9BIkC0E2P0GF+PtUIaWoAaCBGNJgIAEOYLGfxD8AOmTdGAIPBGRL/AOxwdw7vl56PyCICqvxH+qfgV/yLYfRO+faEKKypqr94XHw/M7+QkkIgixqQQSkDPJJAFS3AawsAiWchi3zgx5yiJXSiAJzEvwoxjN4p395eT2IQ4EJfNW5u4XJKCoEsakAGpQzwSALxWsUwf3rfMzAKwLkrgAg9s3HF7wUu9LlQnLkIxIsKEJs3qWtBcTKmRCnORaMEj+7IRqOAUxcAEtFu4p/w0y7QDeoUADSjpqEEw/2zSUUDxeuk90GMDWQsIMOB0/80XvZaRWADQMum23Hy7AtJxyjvP18jAgwGw/IjaB6/qQNgCAvy/ucrTvnfMsFPUQA7b94GIJEaMXVxzlMUQOvG2pTcfxVc9HOccv4Bdd6/n2r9E9NzqK0scxT/uvtx4e9k+BDP6Yp/HWRfd1H4k5CV5cgDzjn/gDrv30s9ABo7PjWL2soyR/Gvux8X/iT2ZcjOLV4AsNHhekvVRgBCDBU34j846YikoD0KL8dTRH/y/vGk49lgBODh/27w1ACVEYAXCVR54YNC65IRgK9PYr8d9fb7Uz096HvnjSdCuwCfiHUAWhsaw28DCCQEvxH+BoM+yzkVIFNRAF5EuXhtXgV90PkGw55Hfhh75ZsP2p/kKArg0FvH0PZSX954//l96NYBAKzwf54SMTgZx0afH8K9VPznOOXbi+edRL9qHT5HJeJV64rh/rJrqSgtxrqqMrvgn1sUhFOlf/G4lxoATh5/J5zy7cXzTqJftQ6fo0orUK0rhvurQv15FwAnY4AuujUBskUY5gOZTqPI9P66tG+rdxTqsmOqNn9i4T1CXD9IXj4vVsiNANzTT69F8Z+pIoCc7rHEL4NIDAC88n+uV9IXr19sBWgwBIUX6VO9DnOPbIMLYdXrMPfgqAr7LfQuau0fdL6qD/13ng5WX8RPf/tsmr/c79+JO778TGz/Y/fHT/Va70/1Wj/b+SL+RXSKBFJUAIl/0RAQBbwiviiStzbVaK0hhvy7GQ/4GJrHvf98LVntAVVqgqxlIBkBdPL8naICiLDEP33NnTzmbc21WvuIIf9uxgM+huZx7z9fSyzqJ47lyDoXkBGAQv6dDAEFa5NFfpCCgByxKKAxDmQfia+J/2KwumkKqpSRoHCvuhd4qL8o/MW1+Hk/YflMvHcM99crr5UbFkj8+xX+PISfXqv+d3rN3j8xPGW1QCwqKnkishoAZATIRdHPcbp+UwTQEAYqrz9FBKgiA9wiBnTOZwMqrz9vqScb4xYxoHNe97r8GCN05gftN//5z9zue/53nn41bf3uzXz5fL/seeSHsf2P3R//yas9GLkwhLaX+uxz+WoIkEH3OiIcf73rLDY31WNjQwm8FgFs3Vgbe/7N03HdAney88d7h6VGAFHsu4l/yr/n7f5U80V4VwH+nu8ltgEkdOsYcJyiIryIfx0e2X8Uu9utTgAyYdzZMyQ1Aohi3038U9G+Csnzl9UL4PCuAvy9uJcslUG3jsHehx7AI/uPpl5bCBlCltiLpxwzRoDcQNZ5QPa1040UEMcVlcUwPxXcyHrw2IA0/z9I2D4X57J1/Iblq1oFcoKKfnG/oGtIsNcM3QCQ64Jfhczzb4oAGjJNtoj4TGHC6A3LCWr/V15VkNTmLikvfmNymPxyMAh0PZzI/6eIiCDcc8sm2wggy3H3UvVeJtJXFhUmiWxV6L4sxF8V9q+zr7iP6PknRPHvdr9hif/FCwlvtk4UgE54vEykFxeuSMrdV4Xuy0L8nboJuO0r7lNZVqIVKeDm/dfBy++BXAkfNzgThrEmSqPPj158Knbv3Q9bYvpY8jnRKMCFvJN33038k/c/iLh2axWYK4RqAMiXsH+DIVfIBQ9/lATx8BsMuQIX/gAwObqIM/2zGLkwhDte7pPmxee78JcJHxL/fr3/HG4E8MPx3mHccu166TlRYOsWAOTV+90Qx8mEvs4YN3Sez/Nvno7fc8smra+FkxGAe7Yf2X8Ue/dsx5P7npWu09kzhF2tG6TnRIGtWwCQV+93Q9YpQFb4T+xgoIvK+y/DiH+DTjSAE5dnk9NBwvD+A8lGACoIyMW/XViPHROr7YvI8vIJ0fv/ld/5WtKN/PTF7z+RDbn66SCwAUAWBp+Pol+W/29SAAyG3Mdrrn/Y8w0GJ0TxP9gzkzKmqjS1OJ6OZzBXjQRu4r+uPBwHTVAjQJiIYp2nB/CuAIDcoCAL6XerGcCLAfql68xQvOfcmGcjAGBVrldRsNbdCBAmovDn6QG8KwAgNyjIQvrdxD8vBsgh8e/2M+7n51sUeobcJwyjzvxUHCu8pehr86MXn4ot5ah3AIk8et4hQJUqwFEV5eNr9r3zhi3w77374fgDdzfbxQStmgKf7cCL3w8UIXB9c8vjH737sx1AdhsUQo0A4MX/8hFTBNCQKZaDN9+JKL35vHCf7P+o5xsMbpD4P3F82ha3VPnfqSo+J1fFvgy6l4K1QOddjahem8j3riuPoWxNsSfvvxdxqkPz+tUpYfO67flkyObK5ostAWXzVSkElF4gpicEJUj+P0UDqFAZAZrrq1LC5nXb88mQzZXNF1sCyuY7tf+jYoBONQCiFP+WV1gt9Ez+vz6yHPx0Qfteng2ep8+/5lEahyi/Xihe10EvdNoFiuJfVpBP5NkXe9C+NO/v//U17xcuQOL/q49+gg514MXvA8iOLgCcyIoA5iNG/BsyhaoI4HJBVQQw6r2cCgl67SygO99gkHHiuKX0qcc9kMj9X245/zKCeP6dxD9FAQDQqohPNK9f7SiknUL53WoBEKLXXlboT7WGan/xetdVlXmqeRA23NijQmUEcBLSTqH8brUACNFrryr0J1tjfGrWjiJQrQFYRgEyZuiE/fv9+edCzwj9cMikEQBIhOk7XYfbOXG9+WABQa44iOSOUz092NzcbEcCUPcAwBL9Yms/mejn61P6AY8OcLkGVxqvvbXjgbub0XPkXTTfcM1Sy8FbO/wUHYyawAaAlk234+TZF+z3+R4FYDCEjZOQp3OqMW5GgFwwEjgJYTdvupuINiLbkI/wFnck/peb8CfvPxX/AxLPZWPIH7rJCEA972UefkKVLqCTv09h/ZOzC3blf1G4O4l+QC7sdcQ/ef8PHOtLOXfLtevx5jvnpNdMzyHqNAnZ93fBWusfP0dt80R08vdJkE/MLtiV/0Xh7iT6AblhQUf8k/f/P45+kDJ/V+sGvNZ11n5PxpCgP/NG6EdPJp6xbE+n68jW7wMuxFl0QIco9AmVyHYS9GEX9Ftab+kP9E8dryvTmAgAD8iKHBpymzf++m//LpP73/q//vb/EqSVn9scp/nPvDGQFQaCIK383Oa4eeBFA4HMYKBjoPA7/7f+en+gPz4H//jfgkzHwVP7zfwMztdlcnQR120txYnj00lV7peb+NeteJ4NyNrribn6IrzdX21lYj4X+U6h+W4GBqfzTtEKKvGvQ9eZoXjYbQAJ/n3/6OGj2LvDag0IyNvribn6IhWK589FvlN7PjcDw8DFSVSUFEo9/07RCq91ncXehx7Ao4ePYvHC8vl5N4QLefqzVfC7wdrwZTW50iUgki4A+QSJfZn4N20ADbmOk3EgiGFC9/zTvf36FxsBTsaBIIaJoOcNBmLPIz+MUSFAwAp1P9U7gOq1tei8qxF3vNyX1Pov38SBjugPs/p/NsDFJ+AsznWg/H6qEUDvedHAoDn/FB2RbqIwConP30mc60DtA5vqKjG3cBkTswtJBf7q15Rrrx+W91+FLBw8VwVjJlBV2+fHo3yetM/0RAFi84spx+k1v4Z0XZshuwi9CCCQX4aAfLoXg8FgMOQeZASgKIDNTZZx7dCFIWX1/3wxBKjuo+thq/gfF/9AomBiVDgJXTq+rqrMUbS7FQCcmV9ICfWXVelX5fzz9XmRP3Ed8TqCePqB9KUDEPS9Tu0CH9l/FLvbtwMAek+8rRTVbgUA5xYup4T6y6r0q3L++fp0nIwAxYUr7OgEMUqBh/kTex96AIB1b3Sf49OpqQ9hUFTGopcZUfaCXw6Iz7WiMo6J8fBtlFzIl1Ysan3NnGoUyAwDxliQP0TSBjDf6gCoQv5NG0BDNvLgrfVZEdqfKQqbCkzuvyHvICPAxoYSnOlPDjXOF7GvC4l/gsT/xoYS3PHlZyL1/ruJWwr9V4l/NyGvO0aEe/TJw0/HVevQPjPzC4HFP0c0kkSRBlCwNiH8+TEKk2+6bjveO3YoZZ6bkNcdI8JrDJDYp+OqdWifuYXLSvEvq/hvGwJCNgKY9n/BKbwcx8KK5G918bmK56PGSeTrFCqUiX96b4wA4dJY3WB/s/SN9Ef6jRJ6EUCDweCNKMQ6rwGQ7caAKMQ6rwFgjAGGqGnfXJ3yyfngqZHQ/3hTaHsiJWAbDt3ViNanUgu35StdD1uF/6jiv134L6LQf+oAADiLfzrHRbUOsnGiSNddSyw0+OHolLQWAV0jL/jnVNjQjSBz/SCK/3FJK8xH9h/Flm1yIwBHJuxFka4bni8WGhy4OCmtRUDCX1bwj5BV/Kf75PceZsRPpqvW5wNRePajRiXi0yXu0yl6sxV6Brt377SPHThghY1E9UwiiQDIJ+8/YIr/GaLFLVc+qvUzYRzg+9Frt1z5oHgpAhg1fD9jmDD4hRsCDr2V6avJDNQOceNSG6goxH/XmaE4kNr2L4jYpfB+laj/cDTRZ0sm3um87ByQ6vGXjadr4MJdt7UhQV7+nnNjKXPTkQIgE/0iMiMAhferRD3l5QPyQoI8b1+G6PGXjadraK6vslv8cdza/cnuPayUANEIYDy8uYNfA068qCApZSCdX//G6oZ4UXExdt12A4CE6CWWg0Ggsboh3rZjBwBgeHweNZVFACxjwOLiIl5+GfEonkPoXQBEsZxPxoDF4W5TBNCQVzgZB8JG1p0gm4sAho1udwKDwQs7b96GQw8vrygAALhuaykmRxcjK/hH4h9wF7R0fmNdpfS8k2jngp/jVkfAzVDgNn5mfgHrqsrsuW4pAOIzoPeZKPy3eMG5+J/oFXcS7Vzwc6gtn19Dgdv4uYXLqF9Tbs+VpQCkq+uFKPiM6PcHf46XZ2OYn5KnVKT7+U5PWAJftr91zYvstZqwjUPk9b5m61ZcmprDqrJiwQPuHL2TrwyPzye9b9uxAzgcvhEg9BQAyv/PJ+HPEY0AmeaarW2ZvoSMcc3WdcCzz2b6MiKHi3GvLQG9rO3lnN/zsggAN7gYD1s0e2nxF8Z5EwFgCJNEhwDLCAAgrwwBKgEUtfj3Ai/8J4p1UdxTSD6Nk4l/0VPvtJ4O66rKbHFP1ypLDbjl2vWh1gGIGtEI4GYUABIh+STqZeJf9NSL871Sv6bcFvfN9VVJ18HZ1bpBagTgON2jX++/yesOB7HQ34qSOOYlP65hPltZxwHZ+rF5vYKAfB0/5/xQW1sHAJhbiNnClzzgy4lzH1h/tytrq1Fe5m5QDIPIIgDykWwS/sTzP/ofmb4EQ8Rw0e/WXi/I2jL87Cfz9KvQiQDgoj9sz7nbWn72M57+3EKWv69CldcfRb6/LonigDfhTP9sXhkCSNTIRE/U1f514N5vEtWiSBfD41XeevL4A/K6AHxdsdq+Ktdfdj0qPhyd8pTLrxp3zy2bYkAigiLs4n8cUfSKAple8zB7lbeePP6AvC4AF/+0npOgpzV1jQYDFyeTUgLCFvp+oNBwjjEOyJmfimOForlENj8z7tV3ilqIgiWPdry4wvrdVVNdAyA5DD7d8HoERNRpCPQcamvrMD40gnGMYEVRIdauX2+PiSIKIHQDABfJ+WwMyCbW1FTj4vCI1jhCNZ6PcRrnZ006r7per/ehM9ZgMBjc2HPrNs1xqT2yHvnHAxn3QvOaANdttUIon3y4EW0vWUaAXO0SIIqgzrusAoDE/sfuj0cVBdC6sTbG0wBEZKHvbuIfsELtm9evThLsbuH+qjV12u6pxnOjAb9ulRGAV/Z3E/9AtMI/CK91nUVzfVWSYHcL9+dwY4JoCPAynhsNuJFAtVa6f4Z5aLh4PJsFbSZJ93MJa7/EOpntAjE8MmwbATIR/t9Y3RDnKQjD4/N49/hxNFY3RJKDLzI0NJj0/sNz0UZkhW4AIPJN/Gej958jCncAqKksxvD4nGR0stiWzQVSBfaammrUVCYKDIlr0zp8DB/H9xHFPp2TGQv4mqr7yWfEUPlsr+ofNmKovAmdNxjkkBh+5ZsPxvd+YSeevMsyAoRZKTwqvOQ7nzg+jeu2WqXQozQCqNAV3E5juBgnz79oBBDfu63txYhARgAZbpEAsvNc/Gc7PQOjSWKcPP+iEUB8LyvYx/FiRCAjgC5hFfkTMWI+PZjCimoGes+kvE538T8qxCfm31+zdSs6Dx+O3AiQiWKHkXQByEe4QSPbjQGiAFedq6m8QjpGJthl6zoZGJzmievLzot7D4/PoaayWHvPfCJImH4mjAUP3lof6r5BwvQzYSwobCowRgpDRpkcXUwJkc9m8Q8kX5/MGNB5VyOq19ba7ydHo/8ZIy+2UyQAx093gJ5zYykRAB+OTiUVFHQL4+fpA172JfwU8nOLBsgUYhrAI/uPYu+e7Xhyn7xeUM/AaEoEwMDFSTSx5+8m1Hn6gC7cmMC9/rvbP+rYAcCQe5jWimqyocp/Y3VDvL5po/J8244d6Dx8OI1X5B8vhgpTAyCPkAl/0WNP4lllJODi2smQoFrf65yg+xuCEZWBgNcAyOaIhaiEOq8BYIwB+U375up4JmsAiFhFAS123rwNh+7KvQ4BorGi6+GE+D/VO4CP3d5sn0uH95+nA6jC7oMKYbEwoI4n3wkvBQPFe8o2Ue+XylJgfK27EQBASmFAHU++E168+2QMoPZ/qmiYqKIAZPhtKWeQ107gmDSK7GR4ZBhAohbB5NQkZmZmMDfhvfhquqHaBWXl5WiE9drNEBBZCkC+ILYzzHbvvxNBxXmUc6NYx+COTnRBlHtkaxtAIgzxbooAGtJNeVUBThxPbRauE2bvR2B0LRUeFKEaBEHX3XnzNjvknzz/UQr/rjNDcTGHXRTFPCc+KG++cw63XLs+SbSrCvvJEL3/froFAM7CPxPt/sJANAIQ3BjwWtdZ7GrdkCTaVYX9iL0PPZD0vvfE20lzdeHrOIn/KFG1rzMi1R9O4t+QfVARvrLycpSVluHC7BxWlBTnhPAHEukLaypWoKAg8XnzwIFEUQeZMSCSIoD5FAWQS6H/BoPBYDDw8PidN1stAluf6ksR4VxsdN6VKuLFyAFZUT4AuOeXtmNw0vqsUVdufc4YnIzj0FINAq/in4R/9dpabG6qT6v4V3HPLZtiz795WpoKEIbHnES7WKjPbY/m9asxM78gzf9Phye/ef3qrCz4V1ma/JqMAIQYEUCiXSzUR/CQffLUc5qus4wL7x07JJ0jQsKfryMT/7wTRhTef9HLv6IkDiC91eANhkzTN9Ifw4i8C4B9Pgsh8Q8AFycuA0hELlFBw4mJCeDt1A4CgQ0ALZtux8mzLwRdJuuRif/lUv8gnRjvfziEGXbP1wqzBWGUhBl2z9cy3nxDtpNoC1iCM/2zqCuP4Z5f2o7nJe0BSVDwEPvNTYmfcWopyD353FCw8+ZttuAnkQ4Agz0zqCuP2SkIMkTjAo8i2HnzNpzqTf4dlk7xrxK03AgQtkfcKaJAR8iLKQSZhp5TJooDLl6wBD8ZAcaXgmGcagNQYT4ZbsX/aD0A2LLNMgQcOPhT5ViZAcFJ/Iuvo0bVw96gh0mfyF2yVeg7ce6DxN/S9Vcm/o5SQcPOw13piQDIJ++/wZCL8KKAYYfwOxUczBZ4UcCwQ/idCg4aLNo3V/tyHWUyj37/G8cCzXe650zcF28LSMfu+SVLmDwvCdfn4p978Ok4F/28EB8A1DWvtF+TSK9rXonJ0UVsXANsbLgpKSWhrjxmRQcI1yGuS4YIbljINFGJfyJMj72Xtfj9yOa53a8sZSLTXQHICKA6B8iNAG5w8U5eeS7eHz18FIsXgN3t8poDex96AI8ePpp0HZkI+zf4QybsTapE9Mg887ko1lWEFXlw7oM+2whw7oM+DA0NKtcwNQA0WRzuTokCaNl0O47gxxm6IoPBYMhebrxa7vl1GB8HgD9//mha/6irBDqJ+j23bpOd1iKoYSEo3Fu+/7H741MX57DzZut+yMP+K/dsSpk32DNjv97cVA801eNU7wA2L/0vznPyzu9/7P745OgirttamrQuefl5xAH3+pMhwm39dCMTwzpt80TCEvuy2gRByNVcfxmiOKdjHJ0CgTKcRHvBWssQsHfH9pRzJP7drjPTmEJ1yXj16OdLFADdQya+F7go3r17JzY11tjn/vHpn0Temi/dUCg/odN5gOoX8GNDQ4Na+4XaBlAslEeiOVejArjgl92DSQEwLAfEKIJsruofBWIUganqvzw4eGok5jeaIRuh1ABMztrHSMRPji4mietXvvlgvA7AdVsTIp9e82M6wtzeF4logbqlcxsbrGr+FCHAjQE0Pp3iX+bJ1sWrcHYzGrgZFPh5r97+oC0Acwmn0HkS3bxAoJdoABWUevCn7xy10w/cyPY2nQbvcNEcLypAbN58dtCFxD/lsXPxDwCf+8zHAADffurFvDEC8FB+YMkgcDg1d1/E7/1HUgOAi+VcFf9A6rWLBg4TAaCHbntAgxwdwR2lSA8S8h/GdegI7ihFepCQf2MsMGQTXIxft3VTivAn7vjyMykpBKr1vOxbXmX9LMn2feWbD6bslW7Pv5v4D7sGgJsRwG0u4M/j72fffDYakMd+8QJSDAEcsU0fiXYnDz4vRqhrDEgnKk/15dkUx6JBgq5n3Ih/fUTxDwCn+4bt15saa/Dh0BgmphdQ37QRgFwki2H12W4oIM99ba1lIhcNAmETagqA2DIvXxAjGgx6GOGvh5tIDirAs91j7yaSgwpwI8INhgRexHSYwtttLZnRIRtC/kXICBBWG0CZR95LOoEXMc/nqgwI4vqytcV7z8YuAH4oYJ0CeMtAwqlNHzcCjE8nC386Jo7PFuQi1oh/jpcQeNGgksupFJm69rYdO3Bpag6rylI1BDcGqGisboiL0QPffurFOJCdhgDhmhx/+MKqhxBqCkC+IkY0GCOAIUycBH7YRfzCXjsMnAR+2EX8wl7bkEw+hcwbMkM2in4RXuBOFhFAgrjrzJDWz0NQQ4KOaNdFd24+iH6Z554K++lU6XdajxsBstHzD7jnd3Mhm8siNmq85slnMq8+2+Ft7eYWnH/FUJV72RrkRQcsg8H6dWvwmw/fjW8/9aKvawIszzzPr4/KkOC0Ln8+N7deAQC+7gmIqAgg5f3nY0SAEf/61FQWmygAg8HgifbN1fFMdgQwGLzgVO3eqyHACS9Ggijz/DNd3T8dVG1MCHiVkFd58EUjgGpMNmEK/qWPfCgMmE64yF9TsQIFBQX28cmpSQBAWXk5MJI69/jx91Gzbg3W163BuQ+DfYMn0hGuAgAsLi7i5ZeR0YiCt7rOo/Pw4czVAJBBgj9fhL9K9Gdj9EPYgnt4fM5+7XVdnWsJsv5ygXvqs70FXxRwT71pwZd50uHlpz2MIcCQD7RurI15MQLoCPaec2O2GJetrbsGII9oIPJd8Kvy90n0i6H8umsC7h0Ish1jFNDDPKfwGR4ZRk11cuG/ixOXAVy238/MWF1lqupq0Tg5mVQHgDz1Q0ODOBngOngqgRhx0LZjBzoPH057NwKd7gA6RFIEUFb5362ifjaTS2H/YXvd+TpeBb2X9YfH51LmGoOABRf9z7wxEKoRwE+BwSj2cIKL/oXexVCNAH4KDEaxRz7y9sngBWx0jA1RGwky3crPkL2Q8NYJh9cxAjiN4Xn3Ypg+31/H0MDniwKf3j//5um4H/Hv5ZnkEn7C+HNN8BvCgRdW5MYB4/3XY3hkOOl/ACnGACeiEOOqdAMyAqQLL/cmqxXA14msBoBoBAhL9KczrcBtr2zqAnBxeAQ1lVfYIrq75zxamq38EB1R7iS2+Xx6LRoG3ObK1ne7Lq97GbzjVn8g6vOZxq3+QNTnc51fvf0a33N/8Oq79uuH7rrZ8/x9L73le29dTASCIUxaN9bGRA87oRLbqnZ/qvFuhgaZ11iKZLoAACAASURBVF/netyEPRkMwiqOmE7EKABZET9xfL5i8v7DQXx2FZVxLMD8OXGD+tovVfe34cYAkYHeM5Fek0r8E7rt+jLBnXfeZKdNEAcOHAIQUQQAIYsECIrOen6jDcR5uRSpsKamGt095+3XQMJjryOg/Qp7XXj0gJ+5y5koW/wFJR3XEmWLv6Bk07UYDIb04sfL7cWrrirI57aGzAigK/yd1nQb4zdqIBtwauWXrUX8DLnByjUw4t8DZATwOD66azmcuy0xxLQJTiQ1AAgS0EG89mLovc4afoW7bJ5T6H+21QAg4X9xeIT9X+1pDa9im/aivYOufXF4RLoW7aO7Vz4RtA1glKTDwx+0DWCU5LuH32AwpBcutClaQEdUd50ZivO53AgQVPzrkKvCnyOr4p/N7fvCJl5UAMD83QoTE/bvj2zypmfTtXjl3AeJVMz1VzYmnYvMAOAn/F/muXea6yTOgxob+P6qfbIpBYDDDQFeBLoMlfB2W5ef52uo5ojriXPEscvNCGAwGAyG5YWuqFaF/OdbHn464AX8dKr+5xOxeSP+w8QYVAyZhCIpqCXiuQ/6kowAkRkAxPB/J0++TGC7FRJUoRL+fvbPRVTCWRTNbh512Tp+54hGADdxr4PuOEMwyIu/HLsPAAkvvuk+YDAYshUj9MNnOQh+GTMXgaKyGOancjbqOWswBhVDNkAdEcTXkRUBBJxFtI7A9iPCdeeEIfCzJQUgqGj2KqZlXn0/+xqyHxL+YXcfyBVI+IfdfcBgMBgMhmxALFhnxH940LM1qQCGTOCUvhBKBMCKDYmKry2bbrdfiwKZn+PQOPE8n9+y6XZ0n37VcUy6988WA0C6MYI++9HNv3cbx8/LxnqZn0508+/dxvHzsrFe5uc6Oi350omp0G8wGAz+MVX+04d51oZsI7a1bW1Wfahbbjzwyw9k+hLSysrKdZgZ/zDTl2Hzjb/8lraIuOaOLfHVlSU49EJnXguPC/92NL72U9uV9+h23gs7P9kWb7p9AwBg4LRlLKjfVI+aspUAgM7O99E80oIjRWdwx21W7tIrr/ehatU8/sfXDuA3vvdZDJweQFvbVQCAiYMF6Knuttc5+Z0LuHy9dalVq+bR1nYVzg+cx/D+EnxYeQ7vvvKe5/vY+cm2+Mr+ahTdZ0VEfH3Hdmxa14yHf/wcAGBLdSJxtPODCbRdWYHhqRkAwPCM5QY4e+gkSk6OP/GLnu4ved0/U2STASBfxP+fvxvPmme6HHmwSl5lv7KsBABQXLgCADC3IK+iLIPm8HnjU7NJ6/L39NrpOnSvRTVGdz9x3+LCFcq1JmYXko7Xryl3vI7xqdmU/W/646ddryVK/uP3HrRf8+sPysDFyaT34trieaexOuh+D4lfu7Pf+6LnvQyGsLjrD57Li7/juUqgCAAKo1+xYTUun7X+kOZS6zxD+lhZuQ4AXMV/7wcX0HSlohdPhlldWYINW8uxE23xsfFZRG0MuHbPjvjac6uSjl1YfwkAIhePJPJFsX/h346GKlhmT0w/cXn4eEf3xbUACnH159di4PQABgC0tV21JOwXcQca8crrfbjjtkbbEPCVH34BNWUrUcPE/+xNU6hHIlWhpGUeYwOzuO62agBFOD9wHgUH+zHTsAYrTyw+4eea6WvejvY4ADz63ACK7qvH7ISVW9U5AbRdWQHA+v+9kVLUrJzBwNACmntmMdBWolo667nx6kb3QQDePtmX9P6hu272vee+l96yX+eL8A8DqlZeVQqMLtmclmvecli4CX9RaHFxRdCc4sIVtoAWhb9qPadrkV2PbG/al49X7c8hUUgClO8ruy7ZvTuha3zIBGGKf5316Dw3BIR9DROzCylr0tegoiT5o39FZRwLK1J/tRqvtWG501jdkPSZN5c7AogEMgAkKuUnHy/a9hH7NRkG+HgdCmpabMOCMSrkLiT8AeDd451ounJt0jHRINB05dqsNQIceqEzthNt8Q1by1E8HENdTRl2oi3OjQAywezVW07Cv2inJWTrOy3RODsxiFpUo6SiDvPnBjqu3VPZEZYhgIT92k9tjxW/dt4+XvzaeYz+/kvxqj+9Kzb6+y/F55aOhUn3hyufAMbRsm6m4+R3APq11In3ASQiAkj4qzhSdAb4RfKxbbdsQvebp3FF/RU4P2Bdd/fFtcCHqc+tfXt7PI5TAID4x65D7CcnAACzDTUphp7rm1seHxs/axsQVj+HjpKliAAeATA8NYOalZb3v762ELO1U6jBFObOnUescnMHkDsRAJnECP9USOyLCVnVGxOvR31WMS9YmzAsLBejgkr8qzze/JgoqPh6hMx4wI85CWon4a8S1bWVZfa9DI1PScfwexLFopeoBw43HKgMEYCzFzxdhC26o9xfNMjwr4/Myy/7nhTHAs496leuMUaAsBBrAGTbcy0qi2FFSTzrriuTkPjfvXsnNjXWAAC+/dSLcSA/DAGeDABUmV/WLo8fu3x2LHBUwOJwd5JhwamKf1TICgUaY4Qe3OP/8+P9qKksxjVb2zAz/iHePd4JAEqRT0YAGh/GddC1BIUbAb6163F8/Lm9SeIZgC2Y6biuEUAU/rMTgyipqLNfA+RZnga+sAZFI/WhGgJI7A+8dgiT3UcAAKe++y0AwM+uuD8+8Noh4LXEePG+/UDXfH1zy+NkCCAGTxZ0rBtfj/M/m8Z5JJRM6xeS/5JOHCxARfuibSDo7HzfPrdQaIlvEv8nXh/B6pYSHHohVfxbXvwi+1j8Y9ehpKIOxQDa+6vjY+Nnn5i9urIDACrPJRtBKAKAPP8iJT8rw+xNU3YKAAAcPHow5/+AGNJHwdrkPuVAcssyYnQ6eFTA4oVkw0LB2tTzUSPuGdW+Ypi9GLYuE/6ErsgqLlyB2sqyFFHt5kV3CsF3orKsxI4GcNrHbX8xdcHtWt3O8XvJtPhW4Sftw22e7ppOz5BwW8NrZIbBYBkn4vZrYwRIsHv3TgDA6b5hbGqswW8+fDem5hax7+n98UwbAcToBI7OtXkyACQ8/qkiWDQEkPi3CgR6E+9uFfrTKf6pwCHdDx3XuYZMGC0yDQnud493Ynh8zj4+PD6H117/OWoqix29+zS/6Urgtdd/jl23WdEkKvHOBT6N+/nxfnbEer3rto/4rj+w85NtST9ksyemn/jWl/6pAwBW3bFge8RP3P6NuPh6btcVKH7tPK5vbnkcAP79/32mQyaY27e3xxdbi1C0sw71nUsW/PYlsd8OlIzUYXZiEJ0fTKC5pxIAsKU9YQg4i5Md6IFvA8DaT22Pnbj9G3EAtvh/pWxLfGa8yx4zc7gLKytbcdP5H9rRAGHVAvhFT/eXqMYC0TJ8ESg9bV3fQzfax195vQ/XXV+HE78YxB23NWL2pilUYKV9vq3tKnR2vo/6TcldCwoO9mN1zRrMnphOCv2/ds+O+GKrJfy5gH9vpNSOvlj8WBFW/2RDxz9//bfx8I+fw9d3fNrO+3/qE/fh0z/4O7RdWYHODybsdSYOFgA3wapn0L6IgZE1SUYdr4jfhzLyvT7FcobEr0wEi4YAEv9VpcCoR/EuE95e5ocBT28AEvdDx3WuQcdoIYolv+LfTXSpQvMJVZi/GIWgorayzHG+bB/VGHE/2b3JDAN+IwayBfHZyIwvHKfICxEvwp+nkHhZw5BdGI96fnD8+PvYutVKMz3dZ3mlDxw45CiwSZiHaSAQxX5RcTE+95mPKcd/+6kXXQ0UoXQB4IgiV0wP0F1DVl+AxPiKDR+JPDWApzf4FfLLQfCLzIx/aIfwNwWYDwA1lcV47fWfAwA+srUhRezzOcmiP0FNZbFtfKA1vBoBxsYph9ziLNDx8d/biwP3PYYf1fwZ/qD+m9j7mPVzdmpJPAPAAGB7zA98+m865nZd4bhPSUWdFT7ebr1/b6QUW6qnl0TlBEoq6jD33EEM3NduRQR8QDMnsPbcKpQ0tzzuJwpg9PdfigNA1Z/eZRsBOB/psH75/fyJ9zEz3oWfXXF//NR3v4Wb/vSHMSB4UUAS/mIxwLKSm5OK/3V2vo9nPvUU0Ax8vecP7fkDpwdQ03aVXQCQxvxu1++j99WzGBufxexzRShpscS/+IzWnluF1k8sGVuW6PxgAiUVpehpHgcmrK/Nc//8JVwa+xBPfeI+rFptfS8+95+sY5TrT18nYBoV7YuYnYJdAHBLNfAerK/hy0cHtJ4Xif6x8VkUr7fSTgDgVO88NjcV2akNV9RfgbFxYGx81jaiGGPA8kMUuX76tfAoAx5JQGIcG6NPDeDpDX6jD/xeHxd2FSWFmJhdUHr6AWfxz40IsiJ5HDexz69jYnYBTXWVDneR2J9fIxeRdA1u3mkq3ieumU/InoGTwcbpGfDIC9U+4ti5hcvK+hL865RJIwAPYTei1p0VJcke9cuzMftYtjFzMfH1NV/bZKamp/DWz44DAJqb5RqEIJH+S3dejyvWXxFalEBjdUO8rLwcN9+01T5GKQkqfvPhu12NAIENAFwck0CfP/ZzrfGAWiSTEYDXEIhC9IvXL0tbUO2pilRYjsKfEzR/n89vAvDz4/1LAt9KJRDhkQYccezPj/dj123OP8Aqzh6fBA/7v3x9DHf0/gEA4B++eyUAgHvLgYTHfGa8C/W7rDCij//nB5+43kGoTxy0es33NI+j7cpEFfn3Rkox99xBjI+XPVH53MGOGIDi+9rx1CfuszzS39iOTeuaO9bf8pkvnXvz6fj6Wz6j9Uvnwr8dtfP6T9z+jXj9rp3oPPxPWFnZCiAh/ul11z+X2u9p/Bz8GwGu3bMjfsVtzVhbNJnUBeDELwZxpOgMqlbN4+vNfwQAeLDzYXz89/bi3//sSXy9+Y/w8b/di6//2h+heOA8dv/tI1h1x4Il/mGJ/8IFKyrg5d/7Ae59/Ncxe2L6iZLrSjse+PQtHWePT9oCuei+ekwcpKgLq20fpVp0Wg59zE4M4tLYh1i1eh36el7AsZMfw66bS3BpzDImvTdSanv3yWjT3FMJ3GRV/p+dGETNldAW/yT8W27ZhOmJ8/hI/SY7tWFweAqAJf4BoOJUPTqHu9HWdhWuu63aNgZgKabPGALyFy6OSaCPnNEbD6hFMhkBeA2BKES/eP2ytAXVnqpIhaDXKObme/H0A+rIgYGLk/ZaKo+9bH86xufUKvaWCUm6JnE9UaiKApPXNxDvqaKkUJrSQHup6h/IuhpkA7L7EIs58mOqgobc0CIT7KJ3n/7n3xvEwMVJ1K8pT/o66UZwhI2Yv27CxPW5PBsDEMf8VBwrlr79s/HZZeM1ZQNTk4laJV3H35eOIeH/y7/0ETQ1JDTG7t07ceAAAhkBaG0u/oFENAKnorQQ62pX2+/djABSA4BTCH6qhz8R+i+Gycvm6IpjmWHh8tkxuw5BWCRfm961cKOEeI3W64+Yrggh8pGtDcpz3PMvMw7QcTISUFqBlyiAd195L7bzk23xb+16HADw73/2JIpfO4+B1w4BACaR8Pp/pOMq/PyJ9+3/Z8YtI8Cp734L5a/dgAOf/puO3f/yOynV5y+sv4TaiUH0NFvveTg5YAnQGIDaz93UMffcQQAJ7zP3SE+8cyBOolQHqvRPef+nuo9gZWUryltuwMzhLvteACsCYGVlKzb/xm/h1He/hcnuI5j7L78CAGj/2724ds+OFPN2yclx+15lRo+6c+ex+MwqnJy5hKs/bwn/5p+Voap6HgCSwvif+dRTwKcSRQiv/vzapNePj/4fIGPGyecsFfDvf/ZPAICPfHwTOte/3wFYArp4fQw7P5ko4GgZXCqSDC7W18EyylDlfnq2t1zfgb6eT+ODwY+hvOoI5p47CHzsuqR7q1gK+5977iBiALqw2VX8UzQECf/pifO20KfUhtFLRXZUBNU/aMNVeOV1q/L+FfXA6krg6pLNmNg8YHet8NPyMFugFoTZWgywfXN1PKxrcwrBF8UtD/0Xw+Rlc3TFscywMDqdqEMQFnwtVbSCykjAqSplbzb6q3/ARSqJbad2eqo1VGkDXOANjU+lCGi+tqyGgE44P681wIvsieKSRLrM401dC0jkytr9OdUmkD0bWstLTYF04uX5ygoaynAS5uJzp2gOXqyRf81Ew4GO6HcyUISBiQhwJvFMEh+LgkQB5KKHPte/R3SEOy8UWLrS+pnl4jyIEYCvrcPE9AJEF6eTESC2tW2t1nejTJCrkAlkjlcjQDpFtKzAoeycCq/X+sAvP+BpfBTotujLFiiMXwz75wYAiiKgdILh8Tm7/gDvMvCNv/yW9g/lzk8miv+RAaB+1050/tXvYmVlK1r/U+onU+4xL2+5AfW7doJSAbjH/No9O+Ibdl4NALYHuaSiLsmrTFEAVJyOhH9fzwv4YDDZI+0lAgBAskGj+0hKNINIzY5ft1/TPT148Kto7qm0wuZhhc1P738VI2usnHcyBoiGgDu318dj2AwAWLzJ+itBwn/g9AAuvVJoG10AgIwVX7nnNP7i+U1Jz5fYu/oH+NGXLPH/y9/7AqpWWQYFCqE/e9z6cHzohc6Y7NkX/GQeY+Nnn6j93E0dT33iPgDAyPD7KIiNoH7Dv+DNXzyBW67vwHf+qh7v9m3DgdjPAFjpBPazXX8Jv/SJK/G3/1mv1y2J/w1bE6HCFafq0VPdnST6ic7O95faJFp1EapWzaNtKRViYvPAUqSAdc9nj08iqBGARHg2kS0GAf5svFzTn78b1/v7KxHkKmQCmePVCJDOLgCyAoeycyq8XuuDVYnPKpVlJVoCSxWqrSv+xTniMV28FIzT7RPvZS+Z8UIXMrA0/5cnPc0Lm5N/8jn7tZ+IBF3vu9jxQFYAke/fOzjuuUgi/951+3rQ1/xnf/0QgFQPP2fmIhAvKkBpxaLjGEM0qL42ufDM3QwAd/1B6mcjWWG7TBfbk+FVnLvVDVDt0bZjBwCgprLIZbSFLDXg20+9CCD1OWqnAIiecmrTB4Qfmi+unU5DgG64v2gEcSoSmM3dBCyBnPjURG36stUYsLJynV0XgJAJf/H98PF++zXvMuCV95+bw8ef24ur7ivGqQ3z+IfvJjzmP3/in1IiALjHHAB2/8vvPIF/SRXBa8+twtlDJ1F37jw6lwQ+gKWCf7OYQAFmmwdRcl875p47iC1fsPqqqzzSunAjxM+uuD9OEQsk8Kkg4Mx4F2p2/LolvH/tEn5UuNM2gMztugI7v/slNDRVYGxXGTAwjv7eCVSsmsBVn25HwcB5FPxkHheuRgcAXI+WpPu3vOIDuHN7fbzgZ5YhAEu6not/bqAAgD/5/gxmkFqk8HPXn8EbW/875gB8/Pf2AtfHMHqpyDYCvP8vQ0kRGO/sPxyrba2ON/dUorPZirpo/cIavP6XZzH/3AAexnPYUj2NzxZewPf+rQ3/z3+znjcAfOz+T+E3r7oVl8Y+imMnq/D7X09Ed7xztPtL7+w/rP214J7/weEpS9zXW979iYMF6OzstgU/gKTX3DhQ0b6Ins6ppPOlFUD3m6e1r0XGwVMjMdEIsOfWbb7X2//GMfzq7df4nv+DV9/1PVdFGEaOMKMBCNFTTm36gPBD88W102kI0A33F40gTkUC3boJuBWyE0W6k2B2qxUgepqdIgncxngJ/RZz+HW6D/hBxwCiiq7INDrGErHAnyovX9XisGdg1P6/ub7KPk6h/oSqvoPOM3P72sm+9m5iMja/mOS95q9zQYhmEi6CL8/GMD8Vjh1dlYYRLypAcVE8tH2CQLUFdL9HGqsb4lxQD4/P493jx9FY3ZCWivs6VfVlwn94fN5RoA+Pz6OouNjTfXDxL2Nx0TLIFRQUJB2nbgWcpSiAlDXsCAAnkarj+Rbz5/0UzvOTU+/ksY8alVHALQKCWBzuzooIAA55zMkQAGRHZABdC3USUCGrP0D3JLYV7P3gAv7x2We1f6mQtxwIx2NO4ps80NTqj/rPFy8V++OtAMnzDzh7pE+ct8TRhfWX4NYikO5r6L/9KwDgule/FvvZFffHAWDzb/wWOv/qd/FfN6/Hf/8wUQjxC3vOYeIS0NBUger65OKGIwPnlwwAwFVtLTj2ejcamiowOjyB6iMluLD+EqovDuK1Q33SZ08RAT/4v/4/+1kDSDEA0DPnKQoA7PoFX2j/AJubivCtXY/jt177Ek71zqNsYg4btpaD1wAg2re3xy+sv4S151ZhpmEEK/urEccp+/yfdDQBDZ+y3vT/G35+JI5Pf/F/xzf+8Kc4cf5djI2f9d2Kkbz/xeutS+LiXUbXP1xMaYcIWJEAVByQc37gfChRAECySM60ASBsod2+uToe9J4A/SgAigBwEqk6nm8xf95P4Tw/OfVOHvuoURkF3CIgiMULwN76Gfu9Svg5iXSd4ni8mJsoMp3mO3UgACxRnY5QeidBKUsDEGsFAPKaB+NTs7jpj58O81I9wyMAAP0Wi6quDYC7+OdwIwAQrDUivyaeSsARv18oAoBjqteHh8x7Pz1RgNi8OprCbT5H/BqJ47P9a8gjAJwEb+dhy5ESlRGARH1ZeTk2XX01bm5N/vx0cWIWz/7wf9rvSfwPj88njRONALMLwMSUNWZ4ZBgDvWe00wr4s1AZF8T9+VhVJADf3zbLOolnHWEt5s/7EePpmuOEF2+9qvVhVNfGkVXED0Ook3e894MLGB5PtNALa32v8PtUiX+6ZidE8e+Va/fsiLf/7V4c/O0n8av/5/9mi2Edjzn+f/a+Nbyt6kz3VRJb8U2OZcuJ7TjYiUkCsXOnhtDGQIGSBgqlM50DKUyhYIZCLw8whafMMC2lnfZ04PR0oB1SBua0Q5hhpkxakoahDG1Mk5KGEBw7V5zYJLGcWLZsKY7vic6PrW9r7aW19kXakmVnv8/DE2nvtddae8vYet/v+94PCulnI+YsSrsKFPd/b7QFXTS63/ridvSUzQEQhK/rlPr6DmzGyEAAfz9/UCcifRr7Ds/CD4/9CzpxuLHB09AoI6jkA1DyjZvxUeO3AAAXbfyWKgh8837F5PDu3i78z61K+cP80l/gWEsbqts9CGm77eFkxwCWron9fxR7fQrnrwVK3yrA+MwArqyvjIhEAMoIKP3MMsWkMNpKkZ6jWZPCf++8GeVViknhP135PP4K92FOeSVO+U+hojYP9Yh5AADA9ubtrgY0RIbnBlGwuhZYDQDKzY0MBPCtbh9Gjr2Fv1n619j863Z8eHkY1/Yew4bPtOBb3RehcDMaG5ZVNG5v3m75jxSb+v9hR/wvdRH2v9inlkwQZhUAH3YAH3aciBu/9PIFSWcBADFym4klAZmAREQJPfJshljz9fOJkPF0XaMHo2i96Djf+tDoOhaytH0irqKyAJa8s+f4tH5Zi0E6PzAyHmcmZ0T6WQyMjGuM+kRr6oEEDDMZAez+ebDEs8STKzUo1JtjMoF9XqxvAiAm/yLiz55jRQC6PtH0fwIJLqwQYOYz5vvBi5DppDJTIHt+OfnnTT9D1p1/KqPSOzdSXnWR9HzdypWqCJCKtWkNwp/2n9KMobWvuqoe58+fFxJvHuyY3qBCkKP3qJsFYJb8yzAyDrhniDMBeNjeBhCYGHf8RFv1ya4XnbOSEWHkH2B1f2w0nhzxCXot8qxipmc2FtdGSwCOd6st9Ih4U9p8OsQAI/KvF+1nPQBkXQnMdCsgYzuK0H/ytfuAFcBFtyoEOQ8r8Bc1vwHQhRffKMNDG87gez89jpmeJSr5v3P5Ryh943sIhTs34tWfgy0BuOSGlZGs+nIciX6DpywAAHDf0oCrvcq32pbjXlREPQFGBgJRl/pBbPhyNVo67mci0vPx119/Ba21R6NjclBRvwjlLSP46KhCUEVCgMjBv+QbN2MUwMn/p6TFz63K15yfX1eDd3a2YSliP9tB/ykN+WePA0p2QwTAjOGLledhgGRMCv+i4ldAx68wfXME829RfnZO+WO/2Ctq84CtsbXq19dFslaXIytK+hd6GUbhzceRIPD3a6/Fgtn9eKr2KDAAfO1P+wBcpHg03KJc14CGSCIiABF/KlUgsLX+hCV3F2H/i304847yK7ymSPm5P13rxayCMdXrgMXQwKm4Yw6mHlLljm9lTatr6WU58Gn9iXgByPZnhvzLUsP59G+jtH3+enLXJ1gh/zxk1xqRPhn5Z0UMI9JuxjxPNG4qgBz6ZaUAeuSfHcNnAlj1DJBBr9sED7NE0+kAkBkQfQbp+Fzo58RKJoNZEFEu9irE9ezgWQwPD2N0QJzRYhdkmQdnB8/i2KHD6nkzxJ8fR/cEwPA++BIEo7ICEQYGx+COXnf0RK+mMwBvCGhKAJARXjbtX2QMmIq2fSLQ/mg/dmYSsHNPr1ilOcfeOx/950sTEn0Osch2t+pkzxLh3vCoKghYdbcHtMKCyA+gitvLodaWpNv8WdkTb/RH+xKBJf0s8U9EHLmyvjISLPKpxD/PMx15njnwMtHukm/cjE++dh+8e934j+/8GD1tv8LJjt+g7iv/iJvf+B4A4D++82P8cccp3LTkhxjZ72n09gVwttsdR3xHBgKobvfAX+dDeQu1pIsRUGpLR1kCLccH8PhbWYjgx3j8oZeEEemW4wHUzYPqaJ8VJagju840oh26qeqf/e6N+K/Ht+Bz2x9Wif/JjgHUdyiXLS1Vfr6XrqlB0H9KLQPgywEAoO/nb4PYsAtE/DuFXQFYsCUX5VfWwx99fbZtL3rf/1d1HKX+A0rmRcs/fgXFK7+Af+9UTAHLb4llXfzVjvtUA8BQOPblu2FZQyRrdbkqwLjzfWpLRuoAsNA7hE0d7wId76odA0gkoDaAAOC+pRyXlK2MHHzjfUsiwNLayqjrf6yef2D7NNQ1iMsBltxdhJ0/OQOMhje2nZ4JZHsaa1pJCFDGsELAtO0ngeILIJwwxSAjvGzav8gYMBVt+0Sg/dF+7MwkYOcGFyBimgKoMgAAIABJREFU752P/vOlCbL5RTX7elF/9ryeCZ4oC0DWGs9O8BkBeqIE78xvF/j2gjLimUz5QmTLc3HHXDc+kPB8gEKoZe39WMj2TW37ZCUAeiChgBcC+LnZvfKYigLLZIWdUXsi9ZnQBYC9L5EpZKJ7ixLSSG5eHnJzctE9Morp7uyUE38zZQd6dfg8zBD/khIfIMgCEGUi6M1vtI/sGREU5GZjYGgcA4KWgYBJAUAWzWZJr6zuXZZSb6exH80ha+OXKNi969X1j+3TmtLx95zMvbJkt4o713G8O+kWdzHibxwRTyXxZ0k67Ynui0BO/npRfdk+rTwTIv8lS7wYGQjAWz5HjWBTevu9H/4Qx1raMHAGwArlC0PJN27G3O1NWNH2d0ANkF8AfG77wwop9gMlS7zo2Q94EWjkjfDc+T60VwdQ580HGqKE8jhF+qF2BRjdvB3ZtzSgbh6Au4Hbq76KBbP78XJeAKOb38X90fMx74AhjETbC1a3eOCvc6O0qwAHDZ5BsMiH2/d8H/29sVaEbGSfJ/19P38bAFB05zU41tKGor3H4cLFag09S/wBcUtAHpSV0LCsIWKl5OLrF72HrVzJxU3PK+NHDgxtdF+a0zhyYGjjTMGabibLgloyYkA5Tm0ZqSsDfTYAtCUcGMKYiWfMIhQeQdu7R1FRm4dT/pgJYH5D7I8stSgkvLPzBBYVdeNEcVHjrq0truXVNZAJAbNbgzhRXKQRPRxMDsii2SzpldW9y1Lq7TT2ozlkbfwSBbt3vbr+4Efy69j3ons1MtiTEWjReVHtuxkCbgZGKf5sWQH9Sx4BdM5Mqj9/D7LIttFcfNs6u0DE/6VXXlPJcru/H3s+7MKzTzxgiwjAtmeUdXwQgY/Sm4n+85AJATQ3/zztIv0XQpp5umDmWUayrEfPReRatNZkzc44ETzpQlBuxJdqE8Cu40rZZE+PEsixQvx5WIn6s+DXNEv4+TWLvcUYHXdprs/PzQKvdydUAmAnac9EJNvuL133phJdptUdYL2tX6oj+kagrgNsHT+ffcCCj/DLBAESEaxmRbCR//7eAfT3tmF+XQ2OtShmdkR+59cpPyf7drbh3g9/iJ9d/NeqQBBkUs2PtcR+HirqF6FzF+DuVlrlRaPEkYr6RWr/eSWSPKBGmd35PtTNA/a/6Ec4nLvRs3l745FbGgAAm/AuWpreAqoBd51ybHTzdtTd/TG0HA+opNSd74O/DkopgMnnUN4ygpHqmMlf4Y5B7PX4sSJcjkJ40A7F3R9QCD4AHPmtYmAYKJsD4Azch3Oj2Q7GEX8ZyAyQSi6++smD+PvnFeJPJoVf/rwXL76hHPvRR6vVDIzu5s1AM+A+PKRmXfDmf5T6D/BEPoaW47HMgJGB2HNlI/90HgCybsmxlAVw6J0jrvr1dZGc/Dk4/tEx+IpzMbB9GvIbzmta/AEK8SfX/9LbVgOvvAesV/wMllfXPI/R8Ma2vlLFFOIdRMsfguo6ZvbjIHNhJ2nPRCTb7s/qvclIuh455wm3lXX0sgJEIoKZSDkRfT6jgSfqoi4EIh+E8qI8IXmX+RvI1rQzKh3Z8pxK/IkQ+/vOqmT5wSefS0oEYDMX6Dnp3Sf/fGRiiQx33aYYQL/0ymvC81QaIPMDmMiIf1aufW72UwlmhZREUueNWupNFaS75R8Rf2BiyX8yYNcUvS/2FmtKAwgp8QCY7GAJfNZSJe1fluKfCUIGKwRQrXymt/MjsGUHZoWIqnmlSmlAlPjrkX+rGRFX1ldGgojV4q8IR3P+dwxi/pViYYgi4/d++EP1NZsKz5YNkDCQVzoSl4ZPZJJIJKCEvVjCCUAVAbJvacD+F/tATUDGoknykWsv1eyPygdajg/AX+dD9+AZoNn4Wfjr3MBAbM+4cg7mowbtUQHEi1zgzth9newYQGVbTPhw4WLAU9AIKN0ILlm0stFqWjwQb1I4diaIizb+WDUpvHOdF/P2uvHI7CD+4zs/VgwD3/geZt1ZieM727B0TQ2O4ECjrPPAzJNejCxWPu+WAf6sgljkXSsQLPQOYaDFoz6v8pYRtFeHmc/QPCgLYJH7YgwU+4Xkv6XlGADll/isgjFFDJCIADTvsc2eRqAUSMGXBnK9TxSpaOXnYHKDJfDeaNq/LMXfDiGDNe8zE5E3Mg4UzW2GHLItBtl9mDXpk5UY0PWyaDzf2lCWvm+W/PN7tkqMRQjUlqFki/KaJcSJptzLQCKAnuEhjekIhDWReb70QQ933XarKlTcddutcSKAyBeA9sfvhz3u7zuLfPcMDIyMJ9VRwAgO+Y+HXVkURkT/3IgLZNSYbkxFU8LBoUHk5uSipyeA+YsXIS83sf9veNINANn5uXEiQE9PIE7kMGr5Z3VdszAtAEwrrtHU+bOEOBNIcKrApvcna+SXalTNK1VJsdLnfnbGiwCJZB/M9MzGqlpgT+tJ9LaeVAUPFpQNkUz0/2THAE66GEa4M2aExxL8/p+fwKw7K/mpACjZATwWRLMAAEV5pCyAkiVeuPMVD4D8hvNoOT6A6nYP2qvDOBLMwZK7gT1vBhtHDgxtdOFidO46jIpbFqnzxswBqe5/gHkN1M2LRbKN4O0LoHOXUrZAZQBezu2/cMcgQlfmqs/DWw4cK4DaHrCvdwCzipX2fyXFXqW9YdRUkbnvOFxyw8pIyRIl5f/8Hw5jx64TrtLPLHMtr655Pu+ikcZpH1fumUwK573hxkULitW9AMCsOyuxL0r+j7W0qeUXV9YjrvPA8NwgCvJr1ffkwdBeHdY8z1GmvEJTmlGnlAQsxBBaqgcSIv+AEp1f/ImFkcOeD1GBPJX8+4pzccp/Kq61Hws+EwAAllfXPL/tle82rrvt8Y3P/uiexgWzq1F2+V+g691/j5Rd/hdJq+x2t+DLFCQraqQC00q1df4sIc7kaH6yYNP7kzUaNILIOZ3AEnOe/IuIP3uNWVLIEk9eCNATJijdXwa+d73e+rJjekIAXwZBe2GvtUMEAOQ18gBsKQEgGBkZdgSUDD6qzefvMZH0/0QwOn5OJf0ANP+aFY4Aa8RuKkef0wG958d/BqzhYuy6GPmfCEI+lT7/E8GTrkrMjQyeVURE1vDPCvRIuEgEmCjwJQXCvxqi/vbnOkNpbXOXSRCVBLCmgJn2XGZ6ZqNqHnCotUU9NtFp/nZiOHxaFQEo0t/LmQWKRAGzoOh/foHynlL9eRxraVPP9f38bRTdeY16Lug/hep2D5ZyWQNB/ylNyjjh4Bvvuy7ByggQBOoXYYQj6iMDARyBT4lWR+vo+fNUQqCk7sc8AAiULXCw2TgKv2PXCdclN/gi094aw6xrFbJLYsYnIuUIlSsEub/Fr3k+bFkE//yOrRhASXGsJAFAXIo8S/77ewcw6+OLcEmRLwIAH7zxvms5ajCyP9j4OTyMXzY8jXs//CGCK0Zw/Ixf7Ubwl6W/ABDLzJhVnI/qdg/c9T6N8ELYtbXFVQ9EClYrIkB7tfLljp4noJRVhMO5Gws3+xvr7i5SszWUMo0AWqI+AYrpItC567BU4NADpejXoy6SC2Be7QLVvZ/tYHDKfwrVwRoMXOzHOztP4OKqLDUThPCH37zQeCZ0Gtte+W5jQaFSFjRw8PeRM6HMFQQnGpkgaoj62/cPJdbmbipAVBLAmgIm81yIvLIkWU8IAIwJP0HPCE8WTecJtxnjQL396KXxi+Znwdfx854FemKIXtmBmUwCFoHaMgCKyd9VDdfgyL5dmvPt/n5NRD1QWwZfa5epuc2A3bvoeVrNQKC90n2h9ilhFgA7Px/NZ9fUE3+swIhMTiXiN1Gw4xnyXRiczyU5sNF4mf+ADGai7+dGYl5mouh/OtAb7FU7K7AQ/uaIJ7AxJ3wWrCu+nkleOglxKlLzRXOR4SDv9j/R0JgGTiHSz4Mi+2xbQuoYkAz5B6Kt6q69FLOK81UDQIqC0zGq6w/6T+H8zGOYPqwVBPp7B7DXMwBENRgiocFqIr/xlllEGEu7CiI9ZWcAAD0I4u0/fxT/676f4FtPLsOCdbfgmm/9oPHfvvVlrLvt8Y1jXf5GQHGePyJx4ercdViZ3wTxZ+HtC6C7DCiBFyc7BtTsh729fsxHjULQi/PVSDt5I1DJAEX/gdh7dk/ePq3IQeUXtBZdP2NONmYV5+MSrIyQCNADNN6e/33keabHBIaWNnzO/7CanXGspU0p4bhyDt7paMPcgXyUdhXAW18ZlwXAlgFosyhi5P+D9rb7GpZVNAIQ1v2TSGMHGJ8C9Q9SzeUL4MMp9J9RVNx2bxt8iBGX8w1zMbI59sfmTOg0Cgpn40T7Vuw7fC2u/JgbDvnPfPAEtp91wmfBuOLrmeSlUyiwMzWfIJqLftXxbv9WoRLY8GAcYSYzOJ4w6xnDiQgiCQl6fgFsuz2+rRwbyTVan9+HUYs+kRjAE3aRZwCJJAPRSDhgzqiOJf9mDRB9rV0I1JYpxB4PYOHSegDA77e/jasaFNFdQ6gtQJaZoJcFwsLIvZ+FaAzdmwhsGQArAvCCA9/5gT1utdOCTAQwSzL5ay8kcsrea1auC9PdEZwbseaVwD9//vnROaOofzqf+4XiTcCDJ/+jA4PIzo/Ptjo3pvz/Sf4Cya5jBMo2mJ41A9PdTMe4YC/8HR9pBAjNbwwj8zuW5JMYICL+E0mE7Vhb1rlAb71pxTUZJwZkMqwaFcpA2QDKfOJyACvw9gUQKJsDX1QEAIDffu1VAEB3dyfu+NKD+M8X/zfO/flMfOqmz+K/X38V+BrwqZs+C2BEFQEGzsQi0CQg7PUMAL1A0VsH4J0pTwvtLjuDkrnKL41tD/8YZ0Kn8W/PfxkUxd39f57BmdBpjCzyNIYOd2589pHSxsc3+nHpnMU4cOoQPgIw7SjQWXYYnZCn2hthx64TrivrEenZD8zrKsBFEQ/2epSIP2tyCMTIdqg8RuBPdgyoWQAEd75PJf98O8RgkQ+lXQU4f20WTnYoggs9w2MtbVh43aUo7SqIhMKdG92Hwxs7cbhxxhzlF9yKcHmcR8Os4nwgrM1GyLqlHN27zoDPAtjevN3VgIbIkmh0nzC22a+S//r1dZEl1xep5RXV7R60IIy6eUq7Pn+dYhDYsz+Y8DPnwRkWRgAgF0Bnq0L0O7vOat5/cFhrcEiE//LljTjR/nkcD1yLvFl77diaA5thZH7HknwSA0TEfyIzA+xYW9a5QG+9aaWJiQEsaeIj0yyR5Uk4D726eTN+Aezaot7yRuvz0HOxL/HkagguX0Kgl6pPLvmEKp8n7jozqf5WWw/yIgAAXNVwjSbqz8JKFgD7nGWCAP/Mee8Bvma/unyWUBygPdN+2ewGvSwAQD/TQCQOJOoBwJPQiaw5TwSJZDHY3WJvbDCCsUEgkedmtEcz4LMEUgV+T4l0N8gknAiedOF96Nbjnx08i+HhYfX9uZFRleTzIgCf+m8m+p9MTT+Lc2Pj6r4ACMUJzV8hlrQSmeWj/kT46d9MIrrkU3CuMyQUKMzuVW+cmQ4B7LiJeD5Eiiey9p9v6wdA4/IP6LfySwTJkn8glvr+5uutuOyJT2PaWycw/aphnPPNRJmrGOevVQzYpgeG8foP/hHTA8ovgv9+/b8AAJc98WkA0BBfNnrOrsOvfckNKyMK8Vf+p62rm68bxa2oX4ROHG5csOprCIUf37jhyXWND379fzZue+W7jWWX/4ULzUrKd/4bVyX1PIATwA0rI92DZ1B6tAB9e98GOKNBIJo67w9rjs1iUv6VTIQg3IfDG8/CLewKQM83vwDC0oIIPoTHg8ZA2Rx4+wKY3qV8WQvdGV9q4S2fg1A51NIAOi7D9ubtru5tKzV/sd3h8Eba58yT3jjXfyDmA6BmWthE/nnw3Qt41K+vi9Svr4ts/tu/AQAEe49hmiuI8opX8e4HG3H58ka8+dofcOjE0lRsz0GSYEnrNEnUnwg//ZtJZQDkU9A/JBYozO5Vb5yZDgHsOKM1zdTps7XufN27zO3eyCtAlCJPJoS8CMASbp7Yi+rwgfhsA74tIev+T+0CE4EZss9mI8i6DphGfR0C9XXArhb4ECPSepF0M6DPgC294IUBguyeifCTuz8Qc/inTIWex57SXMMLG3xnALoOUDIejKBH+kWZGWait2wE2yg7YGhgmtoffiKiwUYk2ah7gYg4p7LG3sozSne9v5lsDv6YC6kh/5SaX1Li00TS051OL4r6m4FR6j8JD+VVF8mGmILefgL+eEFUWjxExPW8QIzQigPpIboiQs1H3JX/6H08WbeDlJ/vbRN6JBDOdYYyQhRJJ/lno/kdakvCWDo+IVUlCSR40F6SvXdKTd/95G8wPTCMoUAPwHC+cwePAACyAZzrCWK0xIsclCjX7nUjWHwKs4rzcaylDbOK89Vo+NyqfLjeOoBzguj/JTesjFTUL1IN6Px1brS07Afq5VHcX6y7BVinXL/tle820r8FhbPR9e6/RwoKZ9uW8q2S2htWRoA58P7hMLzD8wGMoRLHEbn2UtWwkMSOBbXVGHrjDwgWKSUP7sMxZ3pZS0AyQQQ8aGdKL0gAIJ+FvpY2TFuyCIH9SjIw/a0iY0IvZ5hHxN/11gGgTG6mZ4a8u/N9GNvsx+6yDmC/cqy0a8xyiYVdqF9fFwGUEoHjHx3Dd3a9gnd2nsBP17rx8q/r8P3/rfzsAMC1n/0MvjT/CjwRuiay7/AsfOovPzXhNe8O4kHEVVTVw4oD/SlIuRdBRKj5iPv57th+g4gn63aUB5zvFnskEPqHEpvfDJElIs62hxNFskWmfHxtvKiFHJUcmCGbMgM+GegcSxB593+C6J5YocOqoR8fXZetaxUs+ad/+WNm9yYDKwyIRCI20g9o3f3pPRAtUfjS9bELd8X8mTT3U/sUfK1dmusIVzVcowoDZkoOePD3wN8Pbzg3swiYcS4CQP9PBBv1dY2dn1Jp4JnmeE/P1uq+pkKa/lVX1UdfKR2Rzp8/j6YmJcXCbiGAiD5bN8+SfzbqLwORcbOp/9F7SFoEkGFsdDTuOSXkHqInDqQKPKnWS7c3itJPK66xTNL15swU0p9OENFm2/gBMZJfhZhB36rauSnfz3D4NKrmleJQa4stWQCfuumzEYrq57W3YKygAli7FG/7fo5zvpnI2roN5z92Nc75ZiK7aR+GANT/6IvY9+IWXHv3bfjv1/8L1/3fz6t18gtqq5XU95nThdF/z3Slrttf58bIQACvrrsXwC26Udwnvl2NgsLZ+ODIu1i+8HI1W4BwJnQaR0+3J/UseLAE+ZIbfFEpfQ6wP4geBFVCrCAId7d7o7tbyQqQkX6Cty+Asc0FeKcm+gW0Q/mHygBYkCBARP/Ibw9g4XWXInRlribKTwLCgGKpgEogznvALLY3b3ddUqZkCBxsft/FtlI8mNCMyYEn/kMDp+ArztW0Ctzw5Wq0dNwPnPw19uyN4PP3zMdff/0V/PS/n3eI/ySFnjiQ6jUJeun2RlH6aaXWSbrenImSfh4yczw+OsyCHUfX847s7FhRFFZEykTeAzLolRjIugmYJf78OdarQG+MCEZmekbwtXaB/83NE/1Ezf9EpRL8fbLvRen4vBEhACVLgSX+JvZK2QB8RgNlCOiVCRjBinCjEEXjPxOZlPJtFCW3Uo+faeSfRTIk3mx5QKYIBZXeuREi/7yLfd3KlWh5/31UeudGUpENIErHN4r6i85b2Zu/4yOUV12UUOcAVmzIzctDbo4iWg8OiecyJQCw5Fev9p+QrmyAWORdS+j5KD2750T3ZvY6PaFgqogEitmeseFe1bxSVQig96nETM9sJfPgeDcW19YllQnw1ouvYOjASWT3BHGuoAJZZzoxhqUY+8XdyLrjRYwc/gWmrV+nlABcshAI9GDX1/8FQKwcwPXWARQBCJTNAWBcF77QG82X9ebj8y98F3V183H7jG5pFPeDI+9iAYDlCy8HAA35LyicjY+O/RFm/oAnCrtT3an8Ym5VrPUgEDNXpLR+Ar0v3DGI4bxYpgkda68Oq9fNigq5rraLsWPX9oT3nar0/kRR2duHQo9SLtLScgy+YuUX/sVVWbi/aQRLa9/FnfPux+Zft8P16dMI9h7Dhs+04P0ZsXaBDjIbLPnVq/0npCsbQN0LR+j5KD2750T3ZvY6PaFANIeM9Mr8AEQESo84iyL+vEcARf5lc+mRdVGqv2i8SKigffFigx74/fJzysi/Ved/M7DT6Z+Hnvhi5PrPEvdAbZkS7a+vk46PK1+or4sTOmiuki36+2ZhVkCyE5nQSjCZuSeb30EiyBRibxU8+SeQCGAX9CLxVkm5Vdf/E8GTrkrv3Ii/4yPpmKzs2HfdrKws9TW1MvzSHUoZ8j//4jcYPHsWJSU+DJ49K9yHKQFAS66156junnCuM5RyMzyjDASehCfjV2DmXsz4AkwF8j/TMxs7du5R35utuacx6RACij3Z6A2PYsfOPbhyjdKlwooQMHw8qPz2j9b2T79kIc75ZuJ8YCHOP3M7su54UckAuONFjD1zO7D6MWSd6UTOx67GUKAHSx+/UanN33VYTTU3lVZ+shdHgrWx+vLCUsVsrlQexX3wq1UI9h4DAPQH3wMAHA9ci3m+t1BZvR4A8PGbH5tUJM/bF0DPfoBaAbKO/hT1pzT//t4BeMuB0JW5wE6o4wbOAHOr89Xz1e0edBx9Fy5cjPGZxybkvlKBXVtbXLsA1BcXRSp7+zBtaAHm3F2EnHxgaOCUIgIsvRwLZvfj+eXN+HDnGN7ZqZgfmusM7iATwBJXPupPdfeE/qHknfHN7keWgcCT8GT8CszcixlfANm1RpFw1vFejygbESw+dV4UUTdL2Kwa6BFE7fxYfwEReId5o/uUlUSwc9BzSDQLIF1gSzn0SD9bBmDKh0CQ/q+ChAL6d1eLKX8DvksA7wXA+lckAys97PVgttbeiKzy11h13Y9fR7k2K3dqCQGTlfQTZOSfULdyJfA+bM0C0CPhZpHIfqxeQ/4I8xcvQl5uHv60X8mA/dIdn8Y//+I3uiJE0g1E2br7iQIvQhD4LAXWJNCIkPOkXm882wlAhqylqzLSONEMqL5+x849mpp+q0h1BgARfSo5oHIAK74AM+d5XQAwtscfAZR6/+lYiHMHjyik/xd3w73oDiUDYPVjAKCUAhw8gmwAu77+L7jp0a/AHY7Vuy+vrnmeXrsvzWkMhUfUfu8szrzXioLVighQ3e6Bvw745sYOhMMvbPzBt55r3Pzrdjz41SoAwBPfVmrhg73HsO/wLFy+XOlUUF6h/Htu9FUAf2X62WUKqPPAtLcKEMGH6MMB9K2Yh1nF+Srxf8fl1xj7AUqZAOv2T6UXfT9/G/24WCX/ovKLyQ5VCFhfFNn/IjD3z4qQk68IJz/d9y6Ad5GTPwdLaxVhYE75HOx58+iE7tmBPWDr7icKvAhB4LMUWJNAIzGAJ/V649lOADJ4LzIWIliCzL5nwUfSZaRK1gpPFgm3EiFn0/rZMoOBkXFdHwAi+9kzpseZF7KiADuHzLuA9wHgTQVlmQnsdVbS0dMN2r/RMwWg8QBA1KAwDlwWgKh0IY7kR8m/bE3eB4BECupQwJegJAJqZ8fDbkIpI9x6RnQiwWC6O4LpJnQOo/2PDZqbx0HqQQZ5aV9zEkHUteBP+08ZZkck/xsC1shyovMaEXCR6Z/oWiOxQm7wFys7kHUW0N+j/rqZCCLObNSfRaoJfbKomleKjuPdqJpnvu3g8PFgRDX+AzBa4kXen34HfOxqTPvT7zDtoU04HxiGG8DY2qVA0z6cO3gEoyVKxDrHV0IlAI2fuumzCIU7NxLpL/S4UVGbB7TGr9vU7HetBSKjJ7fDfUsDgBG1//yzP7qnccHsfvzw8jC+9qd9GBn4H7z65/cq9f0nX8e86qDqD0Dwd34ez/64Q2MG+OTfvT0par+p88AlN6yMlHYVoGjvhwCA9msvxcmdfixdU6MaLAJKm7+la2pU88GivQcAAC5cDOBidJedybjUfTtRv74uUtnbh8BJL5bcrXwrCoWBQo/yL6AQ/0Cvkr42p1wpHdg1URt2YCuskOVE5zUi4CLTP9G1RmKFzOCvnyk7kHUW0NujGZGEdd4XnSPwGQJGYGv/2WwCfowIoqwAdi5WWBARPpHvgN4+ReuIwLvj8+Z+bNSfnS9TSb9MAAE4gi8Bb/7HEneV2OtF/qH1OJARf7PtAhNtAchCIdhi3mV32zyRyJBKpKtNngN7MNkI+USg67iS3Vk2r9L0Na7aulLL/+exNfiJtNlLFImUFuh1D7CaBcDDjvu99ZO3Gg9KM2Z6ZuNQq/LHqjc8qh5Ph6N/MlDIfvy+qPRgcW1MgSch4Mkf/ZP6i2X5opWRd3/7FhrubwAA/PYrLyPHV4IvvHk3/l/lY8Dapcjauk0xBIQiDmRfqmQb0DXbb/tHXP6dh5QJR8Mb3ZfmNFbU5iHQOwhfcS46W89i5MDQRkBuird2WXkEAEbmFqut39YuK49k36KsQb3m//Mrf46+cRdw8teo+3inZg5/5+fR274Dy6/5nnos/5KrJuUvURICIlCEgMi1l6oR/pMdA8gvAFaEy+Gvc2Nssx8A0F2muP5dEMR/aAGW3F2Ed3aewCfWVOKdnSewtLYShdEW3aEwsK9VOdfScgzzLpqPka3v4T/fdf6oTjSePhSx/vfXBBlOBRIpLdDrHmA1C4CHHfd7V/mw9Bxfty9rtcdGt3vCisgmqpOXZQXwMBIVeILeEx6MExBka+l1GDASCvTIu6xlntG1i775c901U43D37tT854XAcyS/57HntLW+Qui91Y7FPAIfOl6dd7IlucMOwKYEQFaXr5N8z4Rl/lEnenNlACcG4llINjdns9OASDRvVzoIsSnvrnZ+Q6SJCq9cyNZ2dko9MRnwZMY0PL++4l7APCYiC4AWUuyRJpFAAAgAElEQVSVem4SHHgSL8tCEJF0s8Q92U4Bky3VH4Dq6s+6+U920L2QqKEnXjTc34CayxdgfMYw1n7tiwCAd//2GeVk0z6MRQ0Bl//+Gey+6Wlc9+QXsPXP/hXZZS6ULygH1i6Fu2ZMJfkAhOQfUEoDRCJAU7Nf+R+12a85thbbI4Bi6+cO52788jffaPzuk+uAuZ9BS0d0YNQn4NCJMDZ8Blj3wlOY9tYYusvO4JIbVkbch2N97ScLDr7xvotc9i+5YWUE0dZ/PaeCmAlg/CywGx3ALgBlUdLfLJlsiuFEcRFWXV+k1vYTjn90DHV189XjswqU+v9FHwUx0hpE2+mZG0XzOch8TEQXAG/UD4kEB57Ey7IQRCTdLHFPtlNAsgIBW7cvcokXRcplEX4z9f1WjPjYOURrJrK+iKTLRAG+ZIFf20wrw0wEG/2XkX9q0UeII/8SJO1fEC0jCCDWEYDF77e/ndz8USRa/26lT72sp/zMIr6OP4Ixie8aO4esVCFdsHLvDhzYCTIOFLUbpGNJeQCwbfPMRs/txti+PboZAOz+plcUYnrFqqTb81nNOJiMhJ9AUf9MjOybhdHeZeepndpIG1D18QqMYxgHPgjg0i+Wwr07VzUCvPy6awEAuzdtAX7/DEZLvPjtE7/H5dddi3f/9sd4qPdH+MuXb8eq6xdgZ9vxxuHSARSUuTTk331pTqNm8XaYJuOqMACgYVlD5Py1WfjW+8341splePkn7VhcuQ8A8HpFFX5xzzUArsHf4//iW7dchKUz++DvGce0roLG5dXGLfkyFVM5om8VjIt/JBfAqusXxI2hjIDZrUHMBlTiP1k//wsRbNs8s9FzuxH8SD8DgN3frBwAFyXfns9qxkEiaxmZ+hGZFUX0CbL2diLRwMzasvGiNfj19eY3sz7f/pCfn79GJiyYMflL1MwwlaD6eRlErf4AxNL7ZR4ANoAtEQjUlgG1T2lEhasartGIAFZLAYhQJ0Okh/v0ybhRxFs5b339sUFFKDBLws24/ZuZ60KP4DvIDCRaIpFAF4D0k1xRSz++9R/BTlNCtp0gK4Lo7XEyigB81P9CQv36ushIWxYWfbEU+Hjs+KXLfTjwQQDIAr7w5t3wH/Wj4BNA+YJyfOHNuwFATf8v+MQ4/vLE91GcOxMAMLB9GpZ8YR72/+txBDAALAIqavPQCTRW1Oah543jAIBuT35Ce25Y1hDJuqUcANSuAU98+xoUFN6Gb7z5IxQP9uGObZtRPLMP7t1zsLBhCNHyb8z5XznAv1VMahHAgRasEFDZ24dF0TfdrUqMeBEc4j+ZYbbOPVUQtvQrlUf37cpMYNsJTpOsx+8x2efDmr9RTT1rngfICTebks/DLPkXGc4ZtRLkYaaVoNn2h3rk32i/evvMRPJPKC/Kw479ncYDBfD985s274abnzMLDNSWaUQAylqQlQUQ6PmngsASGU8GiZQg8K/1kTz5p3G0piMGOJhsSD6a9k+/juilNvG/oIyOW5kjFWuZvYbOB569L6lnuOzbH1N/E5UXjcHfl6U33DbQWtftmjzpealA7sLLJnR91oNgKmLNijVJ5eXt3LtzSj+fiUbDxd4J7XV01aLqhK99p1lx0/zEstqE5/j2lj3Oz5cDBxME34PPT+jvH94DgKAnAMiyANLVolC0JusJAMQEAFEGACu+HH7xi3Hnk63lTxYTvX6+J4Lx6eb/LEy1+0/n+pPBA2DD8oW6v6Ne/iC+o1cq17RzPVu6AAD6hNkMAReNMUvCzZxPVBxIRDxIFDz5v2zBIHYfjfXpLS8aE46TQW98uoQGBw5uvOk69TXbheGt7UrJwrUNS9Vj1K0BALa8/ts07O7Cxuol5dJz7+33Y8W8xAsb9x7v050fAKDfYUuKd5pbVeLPvnbgwMHURyq/l/n7zqK6fJbUA+ClV15T6+99eEAl5On4rsiT/8iW59Q9EYyi/2zHA7thRJ619f2ZiYGwa0Lr+Sezn8BU+PwJRMKLC5WMpkLPTM35UHhYMw6wh5xvWL4wUlzoRqFnJoo8ytp94RF1TVrPjrVsEwB4mCXcRsQ/rjeqzjV6783uw8y+jeZOBOVFY6jwjmkI/+6juaayAvgx9L7CO4bO4MQS/RJvfIPonuCQYKS1sQ4mF4zaL/LjWCHAgQMWPOH/xLJaRwRw4OACAH0PE7bZiyIZEq5X/8+CJdwkBrBtAFMFlvS/+MprwIZPSsfq1f97ct3Se02UgM4sAsYNkoqnuyOY7k5turwdtft2knB2HrsJcCKdEVJ175ny+dsBIuFAjPgTGedB54mcJ0PMb1pYFSkudKNqrtbRv8jjRl94BIWemep6G5DcWoBNAoBZ8s0qpbLxetfy9U/scdl7s3NYeW90PBEQgWfJ/GULBjXneCGAIvw8KrxjKvmfqEi/iMyz53hiLxtPxx0hIDORbIp/svM7JQIXFmRE3xEBHDiY2mC/2xEJBrRR+GQj8OT7MDAyrpsFwILEACoNsGsvBHY+PtWfBxv9NzIBLC/Kg6zQwSwJzDQilyhp568b7jPX3tDo/vlrzRJgq8/VShcE1rdAb/2J+vxXV9WoN/JeR1vav9+x5J8gIv98dF4l5glG6JdX1zwPjKPQMxN94ZG4Nfn38ysLsQELI/tD5y119lpeXfP8ksJpjS9/cMRlXwZAtD0JCyNiLyTaURdV9Rzjqio8L5on2i/V1Br8/MyaukJACtxeRWSdzQgAYgJBc5ML5TdDGOWXEf9EPQYSiczTeRHZ1xvPr2uW+DvZAxMHWYo/EEvzTxRseQDglAhcyDAi+I4I4MDB1AT73Suy5Tk8+KQiADz7xAOIbHkOPjygniNYjchTWjxrbGhWBACUNnxXNVwD1D6l2XOiQgD//ZMn/1cuqdCcF0X0w4MjGBgZt9QNgGCF3Fkl3mZIaCJIJHotGh/JmgbX2Hl1zkSQzjR+q50bsnKNMxHS/fkT8X/5p1eoxzbcr7g1pksI4Mk/n/bPgog/C4rQs6n6gDkxYEnhtMbiwoK4+Vnizx4r8rgxv7IQQKgR1TWmDJ6J/K9aUgoAkdSUAPDkmN7z/4rO8fPI5iOw8+jtxYiwy/Ysem+i52uyKC+KlQOUF41h26+ysWxtBBVe5TWgkH9AKxxQ1gB/nEoM+GMl3jzT0XjRGJboG41lx5sZqzev1XVFa5d4c5CkWa2DKMym+Nu1jlMicGHBLLF3RAAHDqYmKAJO5B9Qou97PuzCs08oZP/Ivl3quYVL601H5Nma+Hz3jDgRgGAkBpAI0PPYU+qxRE2oWZR8/290I/9ALOWfhADKZsh3z0B4cETaVpIFEbmhgRgBTjeolWCiqfJGIoAZYpvOezciz+x+2bHJCCiyZztRn//qqprIPTcqndR+tzWAq9f7AMTEgA33I5LObACW+Iui/yLyz4/jSwMAfSEgPDgq3Q+VALDr9IVHEAoPR68zR+Urs8Yb51f60HEyhPDgqE0eACJCrEfaWRA5Z9/LzvPjRO/pX3rNj+NFBf682ftLA9gU/3U3j8Lfl4UXXsrD7aEQNhUqNSK7j+aiucmFZWsjqmngZQsGVXFg22EflpX2x2UKsNkAZgi/DFavTWatZOexa20HDhykD1YJvSMCOHAwuSGq649seQ6/3/422v392PNhF1ZdHBvz0iuvobp8lkp+y4vyYmZ9TETeLBEnESDfPUNTL09igEgI0BMHrHa9MgIf/edB5N8seBKakx8f/baLfJpBsnXyVvZnV9aA1XWtgl+Tb0GYTMZBpn3+v9uqzSe/58YaYEtqRQDWfA+IJ/Qs6RdF5TtOhlTjPpak81kBMhHgxNiMjZWDo40kBFSXFah7YUsCiPgDQG/IupnnB4cD6nr2ZQCIiLvee9k5VjiQ/UuEXG8NvdciQq83Rk+UsBGsa7+/LwuXLRjECy/lYd3Nyg9Ec5P254bIP6CN/JMIAAA4FEIz4l1hnS4ACmZ6Zqctei1aO9OR6hr/ZOF4BExtJErkHRHAgYPJCbU0EwB2tajkn6L75UV5KhH/z+0H1ev4NHcjN3wjsCS6vChPk2IvEwLYFoEsrGQAiHyqXDc+gLtuu9UwC4D2CmizGsxE/5OBVQKaiHmd7Fo7YFe6u52kXDQnj3xPBANhl6X1MqH0QrSHF7a0AQCurPXhkqrC+AETCFE6PoGNzofCwyo55138WY8AkQjwQXvbfaiuiR3oOtOIrjMaIaDjZEg93RsaQXhwFCfGZpj2AHj9SIdmXXsEALPkX5aGLyL9svNmxohKCYyu56FXDmB2jgRABn4v/FFpn7VsbQTbfpWtigC3h2I/AM1NLjUbgBUDlq1VOBGR/GWl5mrYLkRsef23cXXm6Vx7MiCVNf7JwvEImLpIlsA7IoADB5MLGuIb/Y7Fkn9CeVEeduxXLOz+rOESYY07e8xqCr5ZwmzkEZBo/b9Rx6kd+zsNswDsJv1E8mQEMlECmixJtpP0RrKmITsrotbU86nwVvfKPxO7uwCMjE8DEJsvlS0EU/X5A0qNP3kA7GgNYEerEqWmsgD1dYqzAGSQdQAAtCaARP7Zc5QRQCKAXtReQ+RJDIgKASLwhN4q0usBYAEiFVR3jN56iQgCKTD5MwM1TT8auV9W2g8sLsS2X4U041ghANCKAc1NLpQXKUaBWFwIQPkDddmCwYQ6AyTiETARmCz7nIyYqCwJq3A8AqYG7CLujgjgwMEkRPS7l6+1CzK6dOWSClSXz5Ia3JFAYAYispw9YzoAYHT8nOl5CEYE3qiNtWwcCyOXfz2w2QGAQkzNGMmZda/Pyo3nJcnU9MtgluzSONlcMRd9bd07nwqfCMHWrmn9GZwbcUmvEz3TRCL8mfr5U1ZAOhAeHEVxoRuh8LCu+R8PVhwo8rg1UXr+nMg7QAYSAz4ATDv8W0VqBAAZZBF6I6JtROB1YEZIMJwvTUIA2wpw2doImpu06fs86eePl5fmASPauQBFHFh386iQ/CfilM9ekwzJNmPkZ2UvVs7FkNrUOAcOHFiD3YTdEQEcOJgckBHeHfs7hWRfj/zv+bALDz75HJ594gEEHntKODeRfEBM9NljfBkAEF8CoPoORFGyBRojQgLrCSD6fkplDyxl+v32t+PWTEYEYDE2GMGYBUdkI5M+u6LcdpB//hrRnEbkl0/tF62fqrp4epbDfUrK//j0WMo/uz+zEO0zEz7/iYjs60HUis9oLJvqb/baiURqBAAjwswQbisEXR1rVTDQOe9r7ULAyBMghWCN/rYd9kWPBVBeNIZmZAOHFHLPk//yUvEv/UfcinvtPzTNUDICDgFYXAh/Xz+au5WMAo3XQHfsD5psTj0kIwYkSvyTbe/H3jPgvqCjxZle458sHI+AyYVUEXVHBHDgYHKAbeUHAA8++Rz2fKgl73qkl8g/gUh5gHHm58UAIvrZM6ZjdPxcXISczRAw6gTA1+nfddutUiGAB0v8+bIHQCH8vLcBKwKwAoUdwgCPGNFU+tkD1kk6P14UVTdKlbczzV2JVht/DeLFA7OE3+gZ6GUV8GtQvb/R/Eb7Sb61oX2fv91YXVWTdJkAZQHo1f4DWmNAo7GpBtt2kGDUfjA9GQA84U7ielPQiegLBYcJLAHw92WpLfoAAIdC2HZIafOHxYXAoRAecY/Dz1xDRJ1vr0fEtryU6RSwuBDLShXyz64p3Et3fB9ZEWRCgVUxwEoGgBnSb3b/LAYHh7Fj5x7NsWJPtu41veFYuw5+LHtOb77e8CgGB4fjjk8EMrnGP1lMRY8Amagx2cWMVBN0RwRw4CDzwH4fo3Z3bLTf33dWJd3t/n5T5n5sh4Dq8lmqCEDt+dgIPBvlHx0/p8kKIFAbvfKiPI3/gBmQIHDXbbfCB7kIQOSfFRD4DAVRFgKgPKN89wyNcaFedgDb2YCFXVHtWEp9PEQENH4dOSE3S9hl4Nc3k/rOXguYfy6yvSYqJqQaE/X52wHyEKgoLQCgvE5ECBCl//PZAGbaAIrmSAWI+BcXKuuzXgR6XQeAdAkAKSDTuuYq3FqmsgwM5kglyPV/WWm/kvJ/KBSL3kdRXpqnElx/91mUl+ahJziEEm+OhhwTOac2gUT+1y0KaNYj9AwpeT8lObnm98sRbZEgQHsTgSfzRkKAjPwnQvjVOYco3yl233rEX0Ts9Y7L5tMbP5GYLDX+yWIyewQQ8S8q9qLYk42qeaUAgI7j3egNj6rnJ6MQkC5i7ogADhxkDkTfy/hUfyLdgD6pJaGAFw8AaMoBWBFAVt9f4ol9LxCNYQ34zIoBoraELHjyLwMvAsha/hm1AiwvygPtXEbYRESVSOKMcxFhRBowJtWRLP0+85GsaWr9PYGyAqwQdjMwW//OwmzEPtG90udht2mg0Xo8Jurzt4rVVTWRe26swdXrfZrjG+6PqS9mxAC9FoCsCGA1ys+Sf2rzJwIfxd8fOq/r8E+tC6vmFmrWofeFnhFsgFwESKkAYJSyb+SQmhBx17lWuh4nUCSzbqKgtPzyogCwCNj0q0LcHgppov18xJ/9F1CIOAkCj7jH4e8+i01NhcBipbxArxtAjBCLoScQsJkHmjk5Ym8UxTc73gzxN7ofEewm55lK9h1MPqxZsSZSVOzFqtq5ceeq5pWiCgAwF3taT2LNijWRySQCpJuQOyKAAweZi//cfhCrLi6Lc7kXRaz54/w1IrHA6vc7Kgtg37O4ckmFoTeA0fois0N/31lU+Txx61ImADvOiOwbQY+wyaPVif+JMSJ/PPkHlD1aqVM3C0VUsGcuqxkChHgCrrye7o7fWyqi55n2+VsBkX8A+N1WbX75yz+9AgDQcSKMx78n7yBw08KqiCdXHgCk+n4rvgAEs5F/MZkPNVI3AF4I2LB8YWR+ZaHQaJDtPlBc6MZNC6sioo4B6TUBlID9hWj0y1nvfMLEfQLc/nmwBoCa491nsXRxifgaCfEu8ebgsa4xIJoFgEMhYHGh6gGQCHqGBi1lCWiuNSDyMuEgUVgl/50n/MaDJimmeo1/spgMHgE8+e843o229lOaMTXVc1A1rxSraudiTysmjQgwUUScRAAHDhxMHPjvfvTLeM+HXWod/6qLy9S0f57Qm615/+otq/Hjze9p1tWDLDOAxABWBBCVDMjaA/JZAARR9L/d34/yojxdo8LsGdNR5fOox0kMGBgZT4kHgFnIjPLYc0bXp8tkLxUwMsljodyntTIEvj1hpiHZz98q2G4BbOtAEgRe2NJmmAFAKfR2gfUEoNeUmr+8uuZ5ltAvr655Pjw4ivmVher1RN6XYKRxf+j8RvYaEflnr2NR6JkJWRtB2wUAGQm3QvJl85pdTzRW7xe+bI5k9psImrtnobkbagkAADXVH4hFxvcd6lGvEfkBEJatjTD+Amd1WwAmSu75fejhH0aUHzfKbGCv8XefVcsWyMhQby29LAAz90IiQW7uzLg68XQhXfX1U7nGP1lMFo+AVbVz1VT/vt4gdu7diTUr1gAAdu7dCWANesOjKPZkY1XtXLy1PWhq3vf264tfe48n99faaP74r84OHDi4kCD6bkY1/DLiz8Is0aU52fp/HkS2+ag/QSYMVPk86AiETe0DkAsfIrAGhfy++P3QsxC1NUwGPKE1S+ySIXvJ9pu3Mm8iZQB6SFW2AiEn/3xaBZF0fP5Uw8/Dah3/C1vaVBGAhAE7OgxYifwnYgjoyc1WBQK6tmpuIXpD3ZpxlClgdm52Th4ZkQGgB0up/IJrE1lvokB1+qoJIGL1/kB8ZFyP/N8eCmFTUyGaF8dS//nsAiA54m+G9GuIemEhlq2NYD882NTkUkWOTYWFWHaTB8sQQXOTy1RnAl48sAq67wHrLX4nJS6UGv9kkWkeART97ziu/BHo6w2iqNgbN66o2Iu+3iCKPXPQcbwbRcVeU1kAqxdVJry39w6fwFWLqhO+/veH2ycsHZ/WfPvEHuPBDhw4SAt6HnsKzz7xAF565bW4dH4espIAHnxXAEAsAogi7bJuAKJIvFlQFoAPDwDQr/0nX4Mrl1SomQdsKUC6wBJaGfkWHU80Um21K4BZyAipnWUA6cC5keSMEK0iXZ8/G70HtJF9Gd7raHPx4oGZ6wjLq2ueB/SDjoC21R9B5BXAn+NLADy52agcHG1EdY2a1v9Be9t9qK5B5eCZxmpA7UAQCg9HPQNmaEoAyKuAFxpE73tD8hKEtAoAZmr+U70GjTEb0efnS1U2AJHzbYd9wGJg06FY6z89l3z+XE9wSIm0M+n/zYdc0RIAxJUAEJE2ItF6YgOgzUpgsSlK+pubFB5y2YKY+d6mpqhR4dqIery5KU9zze3dIdG0mrIIkTeC2fvpmDi9x4EDUyAzybb2U9i5dyfWX3ujeo4VAygToKZ6Doo92ejrTfdOE0O6RQCn/t+Bg8wC/51qz4ddcUZ7InNAf99ZoTEgT/qffUIh264bH9A1pRa1AGRB3QBE1/GQlQEATCkA4tsGsiBTQ7pHPS8Cq4IAe59GUXUinFYd+KmWP5mWeUCsFj6VUe9kMwuszGm2DaBsTrvJv2wPXw7EDC6fmVFh+vNnr/uJr8L058YT98+tnQtAXrtPsCPC3xsa0RBrkes/T+Zl9f2JtAL8oL3tvg+A+25CVYRN2Wdr9yn6z68tyjggAYHAlx0AKRIAkiXJExW5t1omYCf8fVmaGv3yRWOqEeC+Qz1SHwBZvTxLql/4Y7lyrLRfPUblAESe+W4CBLMt+pYuLlHEh+piAMDdfzoQPVsYXTMXzd2zsPtohBEBtNh9NFdtW3jZgkE0N+VhpmsAAPDixy4FADzS3qvuVbQ39n5ob7r31HU+Y6K9icCp8U8tJoNHwFRAukQAh/w7cJBZUL9X1dcBUEj6s088gGefUMgxS+RF6f7t/n6VKLf7++Oi/c8+8QBcN3Lt9+rr4tpRG5F/gkwEkLXok4El/lTqwAsGbMtDmpuegRXCb+a+9IgoRd8TTZPP98gd4wlmSHAyLeTMXDc0EN99INm16HVWrgujYy5hRJzfG/ssjLIfrO5Zlj0g+vx/4qtQyfxD451AWDkmA0v86XrA3Ocvwi+bTlq+xioqs8YbyQAwFB6Oi67rwag1oGwOygL4AIhz+BeZ9bFg2xTKhAaW/BcXuqWdByasBMAKYU9VWv5EpvvzKC8aw2UL/OgMZmHbYR+am2IeADzR5cktlQkQMab0fyAX5UVjWLcooNb+dwaVf0VeAKwIYIb48wgGTgMjM7BsbUQl7Dik3AdL+mkP99yl/EHbfTRXPcaKFECM+C8r7UdzkwvB8GmUeKtM74l/Vvx9DQ4OY8fOPbotAIF4R392PHtONo+oI8DgoLw2xwqcGv/UIRM8Aqi2n9DXa1zfPxk7UKRaBHDIvwMHGYoo+QeigkDtU/C1duGu227Fg08+p57jo/30mkQAGfnXYFeLZr1UQi8LgMBmOvAiAgkbiYIl/iRa6IkBRtHoRKPkiZA/GUgEsB41N4Zr7HzSmQAygj02GIHLZOReu1/9a2jP5iGfz0gEABSSLxIBZOQfMPf5s1F8mR+A3vlEsgAo/b+40K2myrMiAA86pxfhl6X+s4RcLy3fDHivAAJrNkj3oJcFkHIBwGzkPJPIOGEi9rTtV9m45y4/dpfmqvXwMjJOhJ1M8fi0dzIVZNP+ZSaA7JxWQMT6yOEODEfy1eP3XKGYf+0uVch9hXcM5UVj8PeJjQj5LgidwaxoFkN0nqNKzf5wJB9HDnfA65stzQJI5L5kJF5GpMwcZ+eh16kiZk6Nf3qQaR4BBDOiwGRAqkQAh/w7cDAJwKTmkxDw3J8OILLlOY0QIBMByOhvz4ddePaJB9DzmNZtX7SOVXhy3VJnflEWgCy6D8S3LaQ5+Nd89N8IIpJPxzy5boQHRzAwMq6SPbZWmyeBPLlMlnyz1+r1kjczr9E+RDXosmtEUXsr9xm7F33CbiSwiBDfJjD5cgh2H+xzEqXvPzOjQskAMAmW/PNlBGaeqR6ZZ9v+Xb3eBwDYcP8fTe9NBr0uAESijcg/wWzrPyugTgG0j1B4OM7gj90nvZ8QD4BMJPR6MOsdkAoQMab6/91HI2jungUghE2FhdjUNYbvl8mJOxF/ctEHoiaAh5RSAD3wKfJ6RNlMdgBlH5QXKaT/sgWD2H00V0j6KeqvuRdGIGDLFZoZ08Bk9memxaBdJH0yRmEdZB7I3K+meg6ANdJxa1asiY6Z3IKA3SKAQ/4dOMhw6BDyQG0ZSrbE3lN7PBasCKAH+g4n6wRA5FiGEo+xabKsFIDPBhBF9mXdB6y09DOT7u/JdcOT6wbZxPC1+kbkks5HssTp52ZN+8anJ5cZoCcCDPcBLsT2ZkQ86by4570ZGN9LIpkFsjaBov0mCvoM+Sg+vX9mRoVGBPhyoBPPzKhQP39eNDg34sJXwvHp+w+Nd+In0Df3tILfbQ2YavEnA5v+bwSZPwALvuWfKAqfLGheEgHY+Xmy3xsaQXhwFCfGZmwUzZWWEoBMFAMycU9q1PxorpI6vzhm5Ed4rEuJkFOrPLZ9HhYXYt2iALb9Kls5trgwLoJObQHpPQ8+qm6GMAOxVH3a77bDSvcBiugTmWfXFYkC7DjyKVDFkPp56rhH2uUOZ+yezdxL5wn9VmUTCafGP7ORao+AnXt3utasWBOhMgBy+yewr8kQkISnyexPYJcI4JB/Bw4yG3yWqOa9xLCPTAGBeNLPlwGwIOIv+v5HUX0zJJ8gq8PnCTsJArK2hmxGQbIu/0YihszDALBeYy9PP0/d1xZRRoIeRNFzPcwssq/rAD+vmTHs/dh5jZnPlTXsYyP+D413xokAQPzn/8wM5fqHxrXk/5kZ9pF+wJrLvxGKC926RF10TNbmjzfeI/Dz69XlG4E1K2RFAJb802ue/KfUBHCiSHUmknkrICK8+2iupv79niv8eOGlPMUIMASV1ONQSBP1X0uojNQAACAASURBVHfzKLb9KlsRChYptfUvvJSHZaX9ptLveRiRfmHq/aEQlq2NKALDFWMAzmoi/7QPM+B9Cu65wg9cAXQGRxVBoMkFcH+/ZHs2upfc3Jlxdd7pgtn6fKfGP3ORDo8AxSsiCMCLVbVz0XE8G2wmAEX+q+aVYk/rSfT1Bm3zl5hIJCsCOOTfgYPJAbPf4fZ82KWm+RPxFxF+Ye2/DkSRd1lrv0SIuV4En9bpCcebI/NE3azzv0wEkBH/RKFnbGcVZlL6E2l/l4hxIdv2joXZCH4ypQ3JQG9/rFBgxs2fSDsR/jORMRS4tPyBPn+2i94vI/1xc9gJK9F+PS8Bdh42qm4FbKo/T/z5udjziXgAxFoFjjbq+RSwwgKRf574EybMBHCyw+6uAJQqv/uo4pa/bG30f6LFhdh0SHl5z11nlfKAQ8rPLUX+K7xjwGKfGnlftygQHZsrJP3sexISqC1eIvB3n8XtgGI8uDZL3dNlCwbVKD79R0KECOVF2swEylYAYl0LqBTAb8OeFUyO5q9Ojf/kQCo8Aj44/L5r+aKVESCIPa3Aqtq5qJpXGjeOJf8fHH5/0kb/WSQqAjjk34GDyQs+C4A6Azz45HO6EX5A4vpvABGRpmOyen8jgi1L5+fnBICOQBj5bu3X8YGRcXU+mRiht0aiZN9aFDqCHBtr0/Vq7/Xa38k8C5Ix82Ofg6zUQYbx6a6kOhYQzDj8W1kjK9c4s4HfN5kA/t25bvzEV4GfQHlPpQmu3PPAUKzuf0dA+W6dCvKfCJ5+tBZzqgo0x1jPgN7QiLD+P5m0fZaci+bRS8vXg6xVIAsj0s/CEQAyAESUCeSEv/toruJ+j1h7QEqHV8eujaAzmKWk/sOnZgF0BvXJNg/WQFBErM0IBWr3gbXyTAO9/YiECvaYGR8AvX3yJokOHEwWkAgwOOhX0/4p5Z/eU9R/qpB/glURwCH/DhxMEUQd+wO1ZfBBEQEAaAwBAajHAWjJP1dCIMs0EKXdy4g/IK+zp/R6upafVxTBz54xHeVFeXFzUtaA3j5SjURr1pMlvmavF6X327E+j0RbAya7F72uBImUKVBmg3vGeYxb8CzgOwH8xFeBTWd6cXtBMR465Y/rCpAp5B8ADu4fxsH9YjL/+pEO100LqyJAfFSeFwVYIq8X3Tci/7SOGYIug1GrQLNwBIAMAEW3gZghICsIrFsUUOv2SRAggz+qsVfT6xcXwt/Xr2QRREUDNhJvBnpEmVoO6qXWNze5DM0HraK5Sfzzzu6D3bcVsj+Rju5Ojf/Uhp0eAUTslWwAYHDQLzw/FWFWBHDIvwMHUxD1dQgA8EEh+izhB6BJ9xeRf6MSAyLiyabYA/JovWw+Wpu8B4wyDzIdsgi83aQcME7vT6alXyr2myjs8lmgEoqR8WmYPt3a9TzJ3z1+DrcLxrHkP9WfvxmwfgFfvL4aM7K1/3+yIgAZArLknwg7e4x32+chM+UD4qP/G5Yv1HwQ+0PnNyYjDliBLQKA3enwFxr4Fnh0jEg8HwmnmnhK8WevY1v+0fUit/2k9hsVAQAgGDgNIF816GPXF6Xwm4HoOhIUNnUr69y+6ziCgdPw+mare0oEg4PD2LFzj7BNH9vGj4fI4V80Xq+94ODgMHJzZzo1/lMYqfAImMpEXw9GIoBD/h04mDrwtXYh8KXrYwdIBGjtktb3a76HmiT/BJ54G5FuWX2+6DqjOdm1RcTfqJzAToHAClHTG5tM+r3RPGy3Aj4LIJOIe6aBMgbGBiOYLqkQMfv8/k9RqdoiUHSNXZ9/Mnivo83F+gD8y5vtoBaCLF4/0uFaXl3zfOXgaCMQq6NnOwTISgVYyEz52DlPjM1QCf5NC6si8ysLVTNBxVMg1IjqmqQyBJZX1zy/pHBaI6AvKDgZABkEniCzZJoFT+jpOnY8+9os8bYCf/dZzHQNqO7/MuJP+7WyBxpb4R1T/1OFgOg6JDjc/acDGI7kJ30/IkIva+NX7MlGsSc77jw5tVudD3Bq/C8UpMIj4EKCTARwyL8DB1MQ0RIA9TUgDDbZGYRKlEzrXWd2Tj2BwE5TQrPgiZ2ZGnL+2kjWtIRMAo0M7SgFXvlPfx9Wyaio00AihDZZMUK2psxk0KgtolVM5OefKsg6CFB9/fLqmufpGAkCgFYMkIEn/yJDPh7HToRUYaFdretPnJoT+V+1JOoTtb+7EdWK6JHSLgAO0gMRmbaT5PP187Lo+oueCtX9n99LsvsxmmNZaT+am1x40VMh9QUwex9WoUfk9c5dyNAjvA4ZdmAFvAjgkH8HDqYmfK1dgElyL2onaARqz6fn0p9K0Ppm9mA30WfXBuLJXiRrGrKz4sme4iAP00TQbvJPUKL+5gipnrmgaJzVc2ZgRkRgXfr1yhv0TAYT3Wcmff52wkrXAIAjydWxbIHKwdHG8OAoPLnZKmFn3fh7QyNxrf1EpJ+dn8oP2OyAuD1YRGXWeOP8Sh/6wiMo8rhRXOhG5eCZRtFeHAHgAocZJ312DEuiiXhvairU+BGkIuMAgGZ+mSGg3v2Izh04E0HnCb9gtAO7cKg1vo8zEDOtk5134EAGEgHotQMHDqYuWDKvR/ITbQnt7ztrqwjAk2t+bv48eyzZfYjmlq0vI4sKUdUnbpRCbpVw2pmiL2vXl+zaVqL9dpVMsDDbujAZk0Hj8o3M//xTDZaIU3YACQEqGDd+WZRfj9DbZejHzaf5AZLtyzYBINFfvJMRF8q9lnhzpMfIfO8fRmI/Qqki/rL5NxUW4hH3uGZfIugZFubmWuv76cDBVELBgvqErz22sxfHdp7Gl+74dELXX71gFa67PvH1P3pZ8ce4fsNSg5FyfHvLlxK+1oEDB+mHnd+/rv7hL22bazIi8OzmC9JPxoGDREBlAhO9DyOYFRWcDAAHUvQEh6TEusSbg57gUNqyAKTR/9K8hMk/gTXhSycSNYFz4GCi8c+/+I1K/NnX6cLPXt6H5vealNcA7k1CBHDgwIEDBw4cOMg0sCaGgPWSBj04AoADXRCBlpHs8tI8/EN1MQCguRsA+nHZgkGNcV8yYA0Fdx/NRXP3LGAxsAmFeKS913DfZpFuE76pVveeqvuZas9pKoAn/F+649NpFQFY8g8Aze81OSKAAwcOHDhw4GDKgMj/PTfW4Or1PgDAhvuV9H47hABHAJjEWPJ6WH3dM6QUQp3+/JyUrKWXDcAbAe4+mmvburwZIHUBaG5yAZKOHJlO/idqzVRBr4a/pjrxn8ea6jmOP0CGQUb00yUC8OSf4IgADhw4cODAgYOpBGpb+LutAVy93oeXf3oFAEUISFYEmJb89sRtWRykDkteD2vIf3lpHkpyclGSk4slr4cx+9VTaduLv/ssbg+FFEKuA0rhNwOjsVQCYJervwMHDoxhRPBJBEgVZOSf0PxeE34W9QVw4MCBAwcOHGQ+VlfVROi/id5LpoFtW/i7rQH8bmsAG+7/o24GgNln6WQAWECgtmxCDADjCH1OLMJOzvZLF5cAUKLfPR9ZsEVlIIvwU0RdlAVQXpqnEPHFhdESACVKX140Bn9fliaF32w5QIV3TFNCQHM1d89SBiwGsCskdPVno/9G9+PAgQNzMBvdT1UmgBH5JziZAA4cOHDgwMHkwOqqmkhuzgx856uLAQAP/wApq3mfrCAR4HNr5+qOI9L/2L2LcFFVDu5/XD9LwDYBgCXHE0WU04l0ZD2wxL8kSvop1Z8FS3RLvDko6c5Fyeth7L/JY7iGnoEeP4YnzmQEuKl+npqaD8Tq9v19WZr6fbPYfTRX9RFg5wBia2yqn4dH2nt1OxUY3Q8AoGtie5ROFmRqLX6m7msqwSqht1sEMEv+CY4I4MCBAwcOHGQ2iLDe/skqnA66MNsbwdOPxtr6PvyD1gnbWybil00nhcfpOX73m0tQVRnjfU8/WouHfyAXAZwMAItIl7hB5L+Ej/Z3Q/OeJ7upjG7LiPUj7b34h0MzsGxtBM3ds3DZAr96LlE/AP66Cu8Yth32YVlpP5qbXHjELTYANCNoOLCGVNX4JwvHIyD1SJTI2yUCWCX/BEcEcODAgQMHDjIbl8xVvrMHu4YQjFKrS5Y47bkBc9kPRP6ffrQWuXkKpT/VcUY9rycC2OIBgPo6W6aZVEjDPRP5X7q4RE3xtwLWJyAV6AkOwd99VuMDsG5RAADj2B8Fvdar76dz/HUkBqxbFNDU//u7zzrp/A4cpAjJEvhkPQESJf8ExxPAgQMHDhw4yEy819HmOnhyCF0dAXR1BNTjB/cPT9ieWD+CTPYloL09/WitmjUxGB7XkH/C04/WxrUTBOzKANglj8JN1nIAvX0Hast079kuiCL8LMxEu5eYLAVIFOQBQGUA5Nrf3OTCsrX9ceMprV8E0TmK+AOKCLBsbQSbuufh9l3HhR4ADhw4SB52pfAnmgmQLPknOJkADhw4cODAQeajqyOAsiql3d1EpP8ToSYc3D+MTf/TgdVVNUk77ptdX3aO1mcj/uw+9bImDu4fRm7OjLj7sEcAqK9TCbFebXwqxQA75s4UsWL2q6cUV3+O4LOu97KMgBJvTpw7/uxXT0nbA5qNoOuJDSwRV7sBLC4E1ewrx0K47ArFv6C5e5bGM4COXbZgEJctGERzkwvNh1yx1oKLC9HcFAIA9ZgR+TefGSDpJXiBYarW0k/V+0ol7DbxsyoC2EX+CY4I4MCBAwcOHGQmtraGYm+ir9Nt/re6qiZyz401cdkHt3+yCi9saUupCECkvqK0AOs+NhtXr/dpzoeDQ7j/8Zg5IpF/dq8iEWBoYBo6oqbwVy/I0z5npNADINPJfiJrsvC1dqXECJA1/mNd91lCa0R+VWf+KEpyciHrOm+mlV55aZ6wA4AGh0JoPqSk5wPAJhQCiLXs21SovN99NBc4FAJK46/fXaqY/wFQrmkqVAm/Om9TIYCQLm+nZ2WuTaAjAGRqjX+ycDwCrCMVDv6AeRHAbvJPcEQABw4cOHDgILOQCS7/q6tqIutrC6Xn77mxRtOOz+61aQ3C77YGNGNo7acfrcW5ERcO7jcOcLLiAJVXKPcYEzJsLQHQEOL6OkAnhZ4l8JkSeRdBuDede0sWVPfPk3wr5nYl3hzVoX/fR8oHv+R1CEsBeoYGNUaDIvi7zxqKAETQVXCCAMD6AoSiJQIKuaesAbb2n+ZUCT+/jkQEsUL+e4YGgWyv4TgHDjIJa1asEaaJ7dy7M6k/pKki/wQjESBV5J/giAAOHDjQA32HzdTvow4cOEgdujoCOD89gopKJUIZ7DmDkYHhuMi53WDJP4u+8DB+2XQSX7y+GjOyp5v2RhCRfwDpywCwo0berDDAR+KttiS0LECkqP5/9qun0ANg6UU+4Xki9TLnf/54iTcHS+HDvo8C6BkaxOxXB4WlAKLWgoC2A4FIBKD9iBAnCCBK8A+F1IyAGOGPHjsENEMRCPTm4e9RvQ8J+ZfdnwMHkwlE/IuKvSj2ZKNqnvJHquN4N3rDo+r5RISAVJN/gkwESDX5JzgigAMHDkRgv0c6QoADBxcOlIh4TaSitACe7HFMO6eQ5lQTfyo7EIGi/rLzIpgl/lTOYIsAIEyHr69DgB9oY+RcRNqTIfuidP5AbVlsz4zPQSpB5F8Uadcj//xrlpyX5ORaIsFGGQEiEYDKDvjyA837KPkHoBJ+es0fi7uWeU/ZESLyr3c/F7IQ4NTCizFZnsuaFWsiRcVerKqdG3eual4pqgAAc7Gn9STWrFgTsSICpIv8E3gRIF3kn+CIAA4cOBDB6ndKUWkoe9wREBxcSKB09kxI67eK9zraXO91KPdw8GQ8n0j1PRFhJ7JuhfjL5mLnE8G+DAAzBJk5r1cGYDWCL4MtNfq0Z/o3DUKAjPzTv+x5PgpPhFlExg3XNSD+/H5EIgAQT9TLS/Nwe7c5JY3EAL25aE12L2ZwoQoBU7XGP1lMFo8Anvx3HO9GW/spzZia6jmomleKVbVzsacVpkWAdJN/AokAHYGctJJ/AokADhw4cEDfMyNbntMcL9kCBB57ylTQiMZEtjyHki2A68YH4oQARxhwMBVBxP/ln14BAHjw0RmRvvC4en4yCQLp3quIrKeD/ANpKgHgCb0ekuoiIMo6MDm3tJOBIGsh3b+8+cg+D5EgsO+jANAdvd4E4WXJfyLt9XhCLptDT5SQnRORfj3I1qa5rWZEOHAw0VhVO1dN9e/rDWLn3p1Ys2INAGDn3p0A1qA3PIpiTzZW1c7FW9uDE7thBw4cOMgQyMg6nSPy//vtb6O8KA/+vtj3kKsargFufEB3flY8oDkWLq0Hap8Srp/JvlcOHJgF35LuVMcZzKkqwLM/uEwds+H+P9q6FovJJCzIcKx/FPNnZWNrawifWzsXRR55Oz89sMSfsL62UCgC2GsCCMRHxU1GytVfjFbKA2RzW4jMx/0C1tm/5pd3iqP/+z4KYCl8Qvd/s2Br/1liL6r/5/0GzETWjYi40Xki6I8gqhAyhN0q2WfHGu2XzZYoh7LOTudvsIMMBkX/O44ral5fbxBFxfHGlUXFXvT1BlHsmYOO490oKvaaygKw2qLPLtCa112/FD8D0p4FsGz1Wty7YSn+ZVNal3XgwEGawX5/E5FunvwD0IgAL73yGu667Va4oiKASEyIbHkOL73yGqrLZ6lzHNm3CwuX1sdlAqhZBgaiwmQAS8qmAhlzYA6scz3feo5EAMLLP70CG+5HQi302J+vpx+t1cx770O7U9qaLx0g7wEqOfhl08mEov8i8k+QiQBAKjIAJORcraeXEehdLUITFtlYo3GssBCAPGqvESDYvU1A6v/pz8/BktfDAOLJrF5ZgCwrYCl8hiUAekTbCgk3gp53gV1rmZkjbkzX+aTXzQTo1bJTZNiBdWSCRwB9dm3tp7Bz706sv/ZG9RwrBlAmQE31HBR7stHXa27+dIsA/Fr3bkivCEDk34EDBxcO2BR9Hiz5F4EVAfjvkiQeAFDnyJ4xHaPj51QRwIcH1LEvvfIaAKjzib7DZmp2AEvI5l+Ui89fX4kzQ9NxsjsEvAlhdxoWk5msOVBALfPKqsRm5UC8CPDdby7B49+zJgLw2QXsfADws2eULINExYVMAbt3UZaDHvSIP+GDbi3HYdezVQDwtXYhUF9nPJAn0zJyHT0eF61njgvnZeezSNqlggAkZoc2Y/9NHiAqAgBKRFyP/LOvRV0AAADdmVf3rjEptFFouBAhq2PvDY+ipnoOesOjad5R/D4mUoBIdP3J4hFgB9IlAsjWSJcI4JB/Bw4uHPDf11iy3u7vjxtPxF0EEgF4iMg/f/6qhmvU17QuzedDvFdAJoMIGcEHYH5FEdauKNK9rmlvn1AkmMzk7UIDkX9AIZ9lVT7VeV4vE6Cq0qNeb+bz5sk/zUeYU1Wgvud724vmIUylnzWe/G9tDYE+Gxad3WfijhFsEwCEv7iMouoWYLZ+39I5FslenwKYIf96UNPdS/OAbuC0rbtLHg7xn9qYrMQ/08DfR1+vcX1/IqJPqkUAo7lTLQI45N+BgwsDsjR9UY0/m7bPgsZVl89Sj1H0nj0mAokItA6JBOy1JAREtjynyRAguDKsRGB1VU2EJ/9WsHaFWCR4+AcXnihAxHT+Rbk49lF8cG6y3D+JAIDSgk5PBFBKAcz7AdxzYw1OB12Y7Y0PirNigAzszyvtYcP9yOguBe91tLmwBdLWgAAQ7DmDkYFYu78Pus+rJJ8XAfjUf/6+7S8BEJBlNXLOkek4sz0+3V5WSiBKy6fMA0kGgqi8QLo+u2+aL40iwP6bPLhu1zkpQS7x5mDfoR6N2R07dt+hHvU1O2bJ62Elw4BDIj4DonUnApN576lGsSd7ypBgBwqWXrUGCAErNqwDDsR+uff1BtVzySBVIoDZOVMlAjjk34GDqQ9ZOj0b+Qegm+7PQiQWyMYBsei/XiYBO9eRfbsAQDEMBNT3dEzUSWAiwEdS2X7jAFA2KwuzKrSZD2YhSvEmokbIVMKWCFZX1UQeu3cRfN4s6RiRKAJM7HNYXVUTaaiN//+GFwEAbTYAS9affrQWD/9AP2V/dVWNSoCDXUOY7ZWb4vE/h+wc7HsSIqyKEPx8vGAzkR0DAGOXfxaivaakC4CvtUtx42fJOP+azwzgibse8RYJBOwcvCggWlMPAhEhU1KzeoJDcXX9eiZ4Rh4AyRBo0fWpJtXJ7jd+Lrdt86USidSiTzT5n2gBIh3rp8MjgMz9aqrnoCVnCAMIYdGCj6PzwFYAMVFg0dr1yGndo16TKOwWAazOZbcI4JB/Bw6mPjTlmwCwq0VI/gkiEUBE2nkRQDYPn/qvB37tI/t2wd93Fv6+s3EmgnwngYn6LkpEXUS6uvrH0NU/FnecjwjrgYgiETUWU0EQEKW1yyAbM9HZEvkSykjEVC8bgPDYvYvw/Z+Zr9tnf94W1uRgujuiHg/2KD8zFaUFeK8j/tqHf9CKm6+vwNoVRaayBvTAfybnRlz4xo9Sk1HAP0/2GMGI/JsRB1LXBlAEQd2/mh3AvmagW3dfXwffP7+p9R3QMRkUZiKI/Ah05knnL9+e4FAcoTYi9KLzPUODwg4AZmG0JptlYNSyMBHISL+VfU1mUB26iMzWVGs/V7vr/dn5rBJpO8h3Jq+fDo+AnXt3utasWBOhe6lZ8HG04Q8AgIFCYGA8iEVr1+Nw01a0Hf0D6pCj7tmoA4Ae/j97bxtb13Wfez6kSL2QsvgikY4OJYUK3YqJZbPRtaLodqA4tW8BNW6C+gKdie50AKEa3F64Hwa3BlrMh0E6yADtwL3AvbjBpHcUeDCZUTD9kMKpYwG5Ti0LdRxFsRvackI1UqVI4pHNd8riEUVSOvNhn/8+a6+z1tpr77PPIc85zw8QTO6XtfY+VBQ+/5fnn1UQIO0aWQUBKP4JaUFKv7+ZMv+27Lwq4PXztiCArKcj94uYl3t14a+u6VOVsB7i/6nhx4r/+//0BBDv8ZcJeq83AGdAoBGCAU8NP1YUIVoNqgiVz+Z//PcdxcK9tfD4en4et69P4+GmIob2DlYEiga627BreAs+vucXKFMrC4R/uhLVAlIK/xuD7Zi0+Au88oNJvPKDyUTvoaK2EujvdOq5x3D61Ss1m0ZgMvlLI/xtz1a/AEDpH2Qvo0CfDL5D9BuDBvqYQVP7gLbGevLer6bx5CcHQvGri11d3KqVAbrhX1LxHyesXdfrwYBqgwC6+E/ybHGfWaOgilD5WhWjLtFvul49FyeQ9X3irs86ANHq+wNAobAMYA5AP/JXA/F/5eo/YNNQDx5MBv/YbxrqCfefn50r3VMd1QYBqg0gVBsEoPgnpHVQk0nyfRFmYR1Xom86r68jwl+/bnPHpor7hwfKrZe2KgMX6/37qJp19SVJ9t+GnrU1BQQ2ejBAMv82IWrK9uuf8/Anu7Btu3lilbjhA8Df/O0N4AfZu+Kr5n9xDO0dNB7v3rUNwEN84//5eezPSYSvKoBdUwd0avH3wPZ3X4IAWSGjAU2fd5KS/+h6ZjIPAET+oSpl3SswlPyr1+n/kOvXTatu/+pxy3UVQQe5V1vHGJxYJwPAj37/E3jvbz7Ek5+MjvILxf1U+VrjeWUdF0kEtbr2rm1dzvVEbFcTBFDFf2wrQ4Jni9IYLQA6SYWmKl7jAgquvbIMQJierZ77+1YXVLN/Fvzs8rttv3HgUBGYAx4NRL8I/k1DPbhy9R/CYyL+f3b53Uz+DzBtECCrFoK0QQCKf0JaDx+hvLL2oCJrn6R8X10HAO4U7keO7+ja4qwKAJJn/ismYdWJtMZ/v/7YNtSiYiCuOiBLk7ekI9lMfOW3h/D7v7fPev7f/Lu38Sd/eSkSBDAJzeuaUeCnH98aaZkQwr1qEASoFlsAQ8cmgF0j79II4yTEBb5OPfcY8Gq2n3kW7xT3PDWrAHCV7nuPC7Rdb8j4m752GhKWzluDAx7vUQ/e+5X5L/3MvUJE6IoA/uj3P4FH/+bD8OtqSTs+UA0EJB33l0T4G+/3CAZsNNL2kkuvtzoP3kZSoexzvS+2AESz75+VR4AEAR5qCQQ1GPBgcjFT8S8kDQJkbSKYNAhA8U9Ic2NqFQWiLvoAcP3nPw2/VgW4BAHkmHrO18hPF/7q8R1d0cSCPhXA14RQfABm/uzr6+4BkCT7LxUDNvSZ7gDwxvfLv+v2795mdH9XMfV0SzCg2kDAU8OPFf/1sT34l0fd0x4E0/v4UH7et+FyfnehB0V+//f24ZUfTGZWlp4k+58VEgRIdn0Nn+XVOvW/qHvWgbp6APj8w+Uj5l0VAtb14q5VWxRiV60PIuBF0Ku4hG0Wwj8r8lNLkWoAFZd5odxbD+ph5ObirR+94zxvEvlxwl89rxvCuYIFSYV1VgGIZty/b2d/7M82CT+7/G7bk7v/ZfHh7BVsGvoXYfm//FeuyWxDBd8gQK3GCPoGASj+CWleXMkYm9mfDbUSwBQcAOxl/qr4v3s/6L/evqUj/FoPAAiq8PeZFAAEIwSf/sJvYebPomaAQG2DAa7e52pRx8MBUfEPBO7vc6VX820leHC/DW98fxpf/NIA/t//42jV5fB9O7Y6zexU9PdRuTN3D4U75R5903WqO71PIMD2XBIMSOt2Xy1JyvTj2EgVDBvpWbKkviaAKjUorU/0j6HWnuC6d737r0yC/iNUBgZqIfx3beuqqAKIy6r79trHOfrr67gCAmmeEwj6q9/60TvG7LBvWbjrett6s3dWwj7tvp2V65tc3NVjJsFpu0cPAsSt47NnrQIQrbR/Fn36D2evoH3nY+F/a0lcEKBW4l+ICwJQ/BPS2lzLL0RG9cWJeZsAl+O2e0Xgq6X8d++vWX0CTGuaWghsgYOXv/NdnPzq82EQQKhVa4CUv8cJ/9vXp7Fl+1b074qKWvU+m4AWsRq3R9xa+v0SBJBMeFIko4vXOAAAIABJREFU4y0mdL/4YDl1RYLrOj0QIKL99KtXvIMAgPkz+fD6x14j9+J4avix4qf3NPe47FampgGAOFGdpKTJNiEgE9apz79a6pXpT1pGbzMFTEOSKoBqyv1dZeE6O3dsDkfM6df7lJnrJB3ZZhKVLlzXSoDA555aBCCSPHOt9t+I7x+HmvWvJ7YgQK3Fv2ALAlD8E9L8yO98riy4GgRQx+r5lva7UO/d3LEpYu4HmFsJdNRrbG0EJuodBPARobuHB3D7+jRul9zYTRlgk4B/cL+twtHdh198sIwnRrdgbVObM3Bw7dIS9htm1idFggBzt+8BiA8CJMEUCEjTEqB/DtvageFPB59zFkGAT/Wu3yhpUlvqVgGwHll0W4ZfDyboz7beGf+Ngku8+wpz3RTQl6Tl/1k8qy9Z9qanIQsBWc16WQYguH96Hs5m5zybBD0IUC/xL+hBAIp/QloL+R0uye9quujXx/qZ+vJtbQKm75PiEv93Cvfx/rUZ4zlTMizLIMBTw48Vu7b5S4PdwwNYW3mA6Xz8/89l0Urw/kR80GTb9oep5r6b+t1rGQQA7IEAV0uAGOKZqi/uPaz8nGs1pk7FVf6fxUQIkj3r1wIQg+kfM9+SfeJP2gx9rUfqZbm+a62ff1zE5M18ZnulIYtS8HpSKGT7eSV9/6z3T8p672+jngEBCQLI1/VGggDyNSGktVB/Byy++g28/J3vVlyT6+s2Zvx18W86JvcCdgd/034qtiCBSfyr5f828S+kCYAk4cQzw4mu79i8KdP+b6AsGpMGDWohNidvTmFo72DNggBAZSDApyXg/t3lsPpCRf1ZpB1TJ20g37+0iCQmgDKyMGvfCJI96xoAWE8RzwBCwH89Ui5Ty/WtIj/fWZd967mXi+7b6xsDu3nj1rruTxqLrEX+1/7jf6k6K/C1//hf1uVe4f86U/UShJAmQcr/beL/TuE+tm8J/n9/R9cWZyZeL+lfWXtQ0VJgulb/XvaI229zxybM3Cngif27jEEAaQNoe+6FmvX+Dw2mc7TPApN4H/5kV8UYPN/7k5TAu9zu2x+Ub5+7fQ9b7nWidyj56Egf1MqFv/rTg/jE8CORloC5mfjKhrmZjysqAzYiv/s7f2CMpPza/v0AgF9eu2Y8rqJeYzpvWicJtmfxeZ44/u61b6+rueCGrQAg9WeofxVD/au4eDVZL32uz33f4ZHgH285L9frAYDDI4XEe2fBc7/7r+q+JwC8+nf/FQDw5GefdBoONjJXrn2IZ79gztC+/uZ7AOA8/9j+jTPRIktm76zgvX98L/F9YvhnOwdMVflkhBCysVH9o2zZfxd3769h+5aORD34ajuAfO+LZPfj9pu5Uxa6T+zfhbv313AtvxC5Rg0C1GI04PHPlaci6bPXB3L96NhcG+ELVLrbSzZ8/8Fu3Jm7h3fevmu9t55l5rcXVnF7YbUue5YN/S5haPAR/MZge+w99+8uA1UEACT774te/WHL/v/JX16KOOrbxLWP8Pe5Lwtsa9qeyYdq7s0SBgCalDQZ9otXu3B4pBAR4nHriLh37a2vO9S/6rVOPVm+81Fd91vv0YP1ZOuORxN/vq30+RBCCPHDJf7V7D9gFukixiUIoB8H7OP/TOvZRL26nkv4q9MDTFMA9ud6rUGAAQRBgKzbAXThL5j6/B9uKmJo76D32rpfgEk8moR1NeI/rgfeR/CKF4DPs9YCCQJMTiFRST4ABFUd6XwAku7lW61h49nPBwmh139sT5D4CH2XyPapGojby7bGr+3fbz1XiwBFNcSHkkjDkeurFNiAn8ienCsL98MjBaNYN+2j3jfUv4rDI4XI+YtXuyLXqF+7jtneJe5cEuot/tdrz3qThSFiPUwVGwlT9n+9zAAJIaReiNAV4sS/ix1dW5Dr68aOri3hHyAQ/jbxL9wp3I/8sa2vrrdrR1dkL/lz9/5a5D69rUCeUx1tKLz8ne+i+Oo3wu/1zycNP71+pS1pv3j7g7ZgEoDyx8bt69MVQQTTPQuTwWc/eTkQ/W9837zmtna/zP//9j8/jqeGHyu6hH5SoSvUs9f9r/70ID71yS58/1J5CtAbV5ci35tQqzriSJr9jyPu56OKYhH/8rV8/8tr1yJ/gEBY6398SXutbR/X85nWyiIQsLd/T3Fv/56qflasAGhCRLSbMveSnbdl9vVjekm+el9+vtO4hmT89TJ/+dpU5j85Z17L9C7SQmAKGDQq6gjBRuLKtQ9ruv787BzmZ+3nG7FFgEENQgjxxzQCWv3Nd3+uN2Lap6L34psy/XJdEtM+FX1NWcc1FlDO+Y4pNFUCAJVTAWppDuiLLuhlXGDcPdJiICX2AJzjAu899Hue4b07lBF76cfimaoAgHIQoB7VAC/8d58CEJTTf+lgDwr3giCSGgT40sEe67PWgrR7pRXCNgGvZt9/ee1aJqX2qqC37W96D9P+6nVp311E/9NPHwEAnDuH4s25W6n+PjMA0ARIJlwVyTZxrIpyW6m/S6ibfAJMwQSfFgLTnqZ79ECCK8DRyDRqEMDUw3/9RtCLXm2AQAT+8L7KEkPxEGgkain+WQlACGk2jOLfo+//+vSdiBGgiHg9CACYDft01JYB9esdXVus3gCq+Z8cV4W+zVBQRZ06oAcB9FYAodogQFLn9zjixL8g1QFZC1epIPjilwbQta2jqrF4LrG7Hi0BJiQY8KUq98ji70CSz0TK/p/9/JPWFoA4Ua+X4AuuUv5qzfxce2ad9QfK4l++ThsEYAtAkzDUvxoGAi5e7QrFca6vfFwv07fdL+hl/LK2rOu6V67R95HrTOdkT5+2A1NlQjMwe2cl/FPP/bLGJNg3wlrCenzGWe6niv3A/I8QQpqLUNQeeaL8R0Oy/0Agvq9P38Eb4zdwLb+Atz6YDM37TP31pqz/rh1d2LWjMvmxfUtHWLqvtg9IgEH+mNoD1GMzdwpelQFynzfaZ5S2HaDW8+KrYfiTXfj041sjgvIXHyyHf+J44/vT+D//w2HjubgyehVXQKPeLQEuvn9pEQvwTypVU/6f5jOxldSL+DedjxPSepZdLct33WMq40+L3vevewIkbVlQeeLQIYzs3Rn+kWNp2gEYAGgCROybhHN+vjMU6Pn5TmfZvNw/PtVbcQyoFN/6dbm+Veu9clyOuUS+yysgP99ZIf7jggaNxs4dm7Fzx+a6CNRq9toIpexpn1veu9ZkvRfFPiGkFYiI/xjy80t464NJvPXBpLFMXlDd+HVxLcdEgJv69k332QT73ftr4R8ddR81eCDHTPtcyy843y2CEgRIGwhIIoiF3cMDVWfvTfdLr/+27e6afzUYcP0Xgej8qz89CNXXwOQnIEGPRg0CvPDff8Z6/q1L06l+llmT5DPRBbKvYHY59lcrvF1BAVPff7X76ezt31N84tChTNYS2ALQJFy82hXJruvl8VJGn5/vDMW4agooffsAgIlFYBA4/XYOp47mwzXVUvz8fGd4nX7vOHoxNrgQrivHcweiIl3Evfq8uheAzWdAWO/pAbWgngJV9lP/q+7rU8KfxuW/WmRKQBKPADVYUK92C9kjq2AJy/wJIa3M9MHdGMALOPnV5/Hyd77rFMW/+fhQ+LVk6m1BAFdbgGTpd+3owsydQsV9mzs2RUb4AVEzQlMmX29F0Ne8U7gfBg9s76iPA8yKn16/0lZNNlhEvG/pfxy+vf76PWmE+PcvLaJrWwe+OBJvJmlrB9jdm6w9VcYdAsHYv6R8aqjd2RIAxFd26D/vpOX/W7ana31I4shvuseGay21ZN93WoDvvq5n0U0C07BzR+Xfrb7tm/DEoUPAu8laARgAaCJUoaz290/OdUYz5CXhrmbXx8+3IdcnwYHF8LrJA9HqgvGpQNzLdfK9vn+4rnIeCAICEoCQgIXa06+/gx4QUN9LsBkIEjuqINWFsB4IUHv8pbdfqLUJYBy6CaDaLiAeAabAhnrcdK6RkKBAUB0w5b6YEEIagNDc7sL75YNKNUDbc+UggI7aFmDrrze1BMi1qphX+/cBhO0Bak//zJ2CcT3TXqrwt5X4q33/NkT8R1A/K6AqH4BAMD5WzNILoBqq7a+PC0aoQY/CvTVvHwRTEKB3yO7pYOLD6x+HQYBPDD+SKggA2H0Bqm3r8Pks+nc94jxvwlf8u4R3NWP2korwuH7+OONB3aTQFz37f/XmbFj+DwDt7e0AzAamLtgC0ATk+lYjmXDV5G98qtdYNi/H5WsAOHt5IHJePzY5F2T9x6d6gYlFnFhcDL+fnOvE+Pm2imNAEFyQ55J7ZX+9NUBtIVCPy/voUPynQyoMTMLX1RYwvG+wJj351WJ7Llc1heszaERYHUAIaSYqBGxJ4ErGW4IAKqr4F1wO/4L05+uZfLV/Xw0myIg/tapANfhLEnjQEYNBG6r4D7P/GYr/tMhIv7mZj1Nn/+NGCQLpM/vyx1cQ+5bOZ1HpIKI/rfgXVF+An16/0ubzrj7VHtW2EZz9yUfOz91mohdX1q8fc60Xt6YNW0uCqcw/Cw+BOFTxr5LUC4ABgAZChL7JnA+ICmQR32ODCxg/3xYK61Bgi5AvfS3CPcRwzCS05RrrSEFZR/bW151YxMWrXUEAoXRerlUrFOTdTJ4ANlQDxGaj1v33G6G/Pyv4WRFCSHPhCgKoGfSVtQfIzy9Zs+qmfnsbpgCBiH19jJ9PwAGA0SdA/V4v/zeKfwPV9P8LP71+pS2N8Lt/t/oeeAkk6KTtrxcxXCuTw8mb5eq7enoAmJAgQDVtHIL68//ZVIpejBKTU/GBDZ8xeUn66uPM/Vymf9WK+Fqs2bc9+Dfm6s3Z8E81sAWggZASedX0To7J97m+VZy9PIDxqUD85/pWMT46EPbmAwgF+ZkJlI4thsfPTCByDRCI8VzfapjhPzMRPQ+gnP1X1jGtra8rbQTAQhgcOHO+BxgNrpGWAQkAxGX79ekCplGGjYCpR70WJevrXcJfa+Zn50r/NZ/XWwjSoFdLuH5utaB952PM/hNCmg4RsGo2O27c3bX8AvbneiOC/1p+IeIHAARBAjXTropudcSfD3Fi38X2LR1Ws0AXpvGIpnOmz7BRuH93GVBKy2strKvxPmh/0Ia1lQfo2ByINFfLwr277bj+q3IgSa6rNvuvIu0A1Yw81Jmc+hi/MZhdS4ippN7WFqCWzqct3Tft4Tqmn0u6ryuI4Yta/h+U+mcHAwANiEnUqkZ8YdYfJWEtTBgiuUqGHigJ9Z6e6PcTwFkMQBXzOvoxNZhguiZyPgxORNfIzwdtBWPHooaCqq+AZPhNkxAaVfwLJuGYZbm6rC89/np/P9D4AQKTwJdWgdfffC8zM0DV7K/eFQEU/4SQZkYV+vJfV3Zbz5rvz/VarixjE/2SqdfL/IFK4W+rJDAFEsToT99bD1zEoQt72+eSNhAgXgCJbirx6T3b8Knexm6x8/UCAIDp/FzED8AUBDAFMeRYNR4HJuKMAV3Uc3KA2hsv37uuUYMA1YrspCaAputNAYIsxL8JKf+3Zf+TmAEyANBEqIJ37FgR4+cXMT7RBmDRS7Q7j0+Y14hbRw0muO5TqwPCCoKJ8t9f1TxQxL/ue5DrW21IT4D52Tn07eyPvS5OqCapELD19wPmQEAzYPMu8AkC+H62viMVpTKBEEJIPBIEUAXuwKXbKL76DaMRIBAI/2v5hQpPACBw6be58+uI079gG/1nQw8iqOu6kOdXefk738XJrz6PAbwQlvn7BEXWg0YX/0KSIIBuCpikaqGaCoesgwdJGMjF//7qwtcM0NdEL4nIdlUU6IEJ175p/AjiULP/4v5fWHmIrs3ZVAIwANCAqP3wupGfyonFG6nWzw1q/2d5v1LkyzX5qSXkBruRnzL319mCAz7XSQBB9SrAaPCPsD7CEIhvD9jI+AQBdGGpClH9nI/zvS/rMeavWmRMoC9JPi89YJD0M81C/LPsnxDSzJjErC7+XUjJv0n8C6YxfK7pAEmFv44++s8HUxBAkICIBAH0AMl6888LKw0XBLC1AVQTBKgH1UxJqHbso7Q9pKHavnhbG4ErU+86Hhc8SCPsbdULabj90Xzqe3UYAGhApNx/qD/od794tas8mk8p8z/T04MXt6xZxTmACvFeIf6BYA3H/T5rqwED/T5TECESEJB3Gu0JfQ0aMdOfNT7C870PrqOra/0iwxsdXYyrXgGFwjKG9uaM99H4jxBCaoOviLVl//V+f5OA18/JeD8Vud4k/KVnf/uWDqOodwUUXOT6uisMC/UWBqkCUMcAxgUBfEv/TULwNw8OoBfx/5+nl43/4tY9awBAv7ZW4wbTOPRnEQRYD67/YhnDny7/vvcnf3mp6hGAtcSnF99V6q8786vXpQ0suNoLTFl+H2HvW0VgQ7L/WcMAQIOi9vwfHimUgwDoxYkLQeZfRLZLpMt5Ed8ixl3XyPld/dswM3ev4rx+n2AS//pzqmtI+0BoWojge/EGwGgPjh+YDvv+GzUo0Lezv6Yl4c3c418tLo+A7539Sc327dvZj5s3bqW+n9l/QkirYir910WyPobPZtQnx32uV8W/bt4nxwRX24COHqAwBQF09FYAwG0M6MNTw48V//WxPejbYU8auAT1p/dswy9u3Yvdp1b95ZM3pzC0dzDy/dlLd1KtZQsCvHF1CV8ccf9OvV7ce7j+Ewiypha99HGmgHHC3/e+alDL/2sFAwAbHJervdoXD5R74wWbmDfuY7hOFfiu63zXMwUOXPeemKr8P4nx80Ewc+xYEbm+svhvdMM/Hw+AahneN9i0/f1ZYfMJyJJ6/KwJIaRRSVrKror/XF93rPBOm50XROirgl9aDZKYBN69vxZpUVDvNbUuxAUFVNKI/6HBR5ziH0BY2m4KBHyqd7NXACBrJm9Oof1BG9pRTnbfvj4div+0WXBTEKBwb60hWxvikM+o2tGBahuCPu3ARJyQT1q2r/ftP/v5J8OvX//xe8691LV8pgL4rJP2fh/iDAHjYABgA6OL/8m5TuNxKf0Xw78zR/aFVQBJggAqu/q3hf9Vs/ym61xBgjix76KiqkDGBB7Zh/EpYPz8IjA6YDQFbKRqAF8TQJ91gLLApNFc9ag/G/3zrXbdrGnf+RgABngIIY2Py9iu+Oo3cO7Nv684LqJ5Ze1BRUbfZfi3o2tLpBJAL/mXQIHq3C9UMx0ACES9HrRQ11PX0oMCUgWAg18HjjxRPnHhfet+Lo5/zt87Z/fwgDEI8KWDPZEMv2+2vxpR3f4gKvzVfastgTcFAX5x6x6Gd3ZG9t1onH71Sqp3zyoQAADbtj8EAPzievqKD1XQ28S5SVCrwl899vqP37OW+dtaCnzX9wkwyNppgwCzd1axc0dnKP6rgQGADUx+3ixi1ZL3YAxetPRfH78niKgXVGEu50xi3STi9bUEXfzr96vH9OeIC1aEXgQTyrQAlPuxJuc6w89G/tsoQYC0TN6sdGcoFGyODZUUCs1VLpYEn3cvFJYrPk/1e5tHQK0xmQCyLYAQ0gxYs/9HnvASt6qYlq9t4/3Ur9VAgH6t3G/yClBxGQVKuwAQVA+owl+9T83066JfPWcdb3jkCUwrn1XSaoD1wOUX4GJtpfLn9f1Li5n2vpuCAGfH72xoP4BqsQUCdB8Ek9lhx4Mi3p8o/91/69J06p+HacReXAk/EIhxXaSrAr2aLLxJ/Mtx2aNasz9B7/+X7z+aWcTde2sVx2fvrGLXrgHcnItvMWUAoAGRcveI8/9E4Jh/YrE8rk8X0zNz9yqEu03I67iuE4HvEu++95sCA/q6oSfAkX2RtgdbwKTZ+fLxz1lL+9/74Hp9H6bJePLxYePx4X2DNfUIIISQVsQp/i3oZfSufnvBFBAwufTr36+sPahoITBVDZiQlgG1kkB/Vr3MX76XSQBW0W+i9JlNwy8IkNS9fsv2rbh/tzKQrlcB1JLpfLma7p8XVvCLW/dqYnxnCgJsdFPALEhaEaB7EMSZMCZ17Ddhy6irQQCf7LzLAFCwiX/1vGmvLP0BAETEPwDcXwOkI2n3vr2YmZku3py75fzfAQMADYCU/Ot97mODC2FPvG1Mn44aBDCJct+AQFb3qfe7qgz0VoSX7neU2x5K0wEaFZ+SclObgFpGzv7++qH6BNh+LnE/02pNAE2wBYAQ0sgYxb8m/Acu3UYR9vF+rp5/wN73n8QPQK69U7iPXTu6nOLfdz9V+NvG/tnODVy6HWT8bRx5whkEeGr4saII2dvXp7Fl+1b073rEvl4Jk/ivJ6q4zKrk30WjBAHSlv8L8o7qGuq7+7xzkukLWYtjNSCgi/G4YIOpJUA9ZqosUMmqyiApWzqC7H8SGABoAPLzQWn74ZFC2Nsuff+68G9kXC0K+nl1vOGZCWAcvWEQwGWc2IhUjqpjb/9GwuQNkJWvg46p9J8QQpoOl6B14Oq318+7RL9tHfUeW1uBbV293N9W6q9OAXAFA7zxaJsQAf2lgz24f3cZt+8uR6oB1lYeRLLtcUgVQJIZ8yZhGSck44S/ScxWgykj7lMW3yg8NfxY8dRzjwXfvIrwHW2fn/x8Hm4qYmjvYMXPK6tKEJ8xe7Y2gaRC3DTuz2cdW5WBT8uCSj0mAAAMADQMMvavLGwXgEHgzNQ+AMCJCzdC0zw9+19tdn490D0DBKkEeOl+B9DTo2T/K8V/oxgB6kZz6tdqn3qS3v6saGSPgHo8u+vnUyjk0dW11fqzzRoGBgghTYFD/E8f3I1dr7oz5k/s3+W1jV7yHxc8UK+R+9Tsv7qWbuqnX6timlwgQQAp+XcFAqYP7o6K/CoMAdVAQJIsrn6/iioeszCXA4Af3VjC/J21ivVVnhp+rNi3oyO8Lkv0wMZGqQRI8zMTpBJEWkEkEHD61eB3C1cVQPuDNqv4dwVfkrjlp82omwz94kwAXSSZJmA7l2V1gBgDJoUBgAZCz2RLFQAAnOnpwYuI/iPXiMJfxfX8JxYXg1YApQ0gYKEhRL8JEYW6OLT1oQPZ9Phv3fEolu98VPU6jcTWHf5uxy58fjbqz7NWlQEAWwAIIa1B23Mv4Okv/BbOvfn3RmH8/rUZYxBAF/tx4l9M+9Rxf7b7ddSpAur3+l6mVgZfH4OTX30ebc+9UHki5RQAFVvmdmjwEfzGYLvXtSZ0MWgqqRdMglo9H5f1P/XcY/jil4Js/L/5dyhm3R6QpLqhluitEGneU3+PtZUH6Ngc/N099dxjwKuVn1/czz3uOZKa5MVl4uOM91Thra+RdmxfNZUGWZC07F+FAYAGRMbd5fpWkR/sxPj5Nry4pXXEP1D2OJCxgOooQBmX2KiBAB329zcew/sGa2LAyCw/IaRZGbh0u5zN9qgC8CmPN4n0zR2bIr37ttJ9U4m/a5pA3L76Pju6tnhVCsRm/z1wmQAmEbKTUx9j0vPXER8h6qoOiKsm8OGN76fPiPtg+uyqycKvB6ZKhun8nLGVoZYeCzZsJfkqurBPGlwwBQ98hb96TH2Oas0NfTFl/584dAh4F04jQAYAGghTefv4+TacWFyEFB+7nPjjMI0AVNkoQQXVEFDEv/rZmAwTXWSVDa4GyQw3Wn//erYINGJ7QrU/Y3oAEEKaGWcQQMlstz33Ak5+9Xm8/J3vGtd5/9oMfvPxIeM5XWD7GgCq7v1xmCYFmIz/9AkGvliz/wZ8JgDEZdOTUs0Men3/tKLz9KtXwjJ2WxY7CyQIUKs2gIebirg+u4pfza6icC/7dgYb6lSIrm0dVf0sTNjEcBYl8kkFvX6P69mSPENSkvb/m8T/zh2dXpUBDABsQGx97OqYu3AE4CiAC+lNNuJEv+3atMEA236pgwulFoDx0YFUkwAKhWW89aN3sHNHMH929s5KeE6OmVCvc11vW2/2zkooYMv/rX+PP6ktepCCP2NCCHEjgtWVR50+uBsDcAcBskQX/mp7gDoVADAHFEwl/XHiXzUDVBHxH5f99xH+caxHxrdW+9dCxArlNWvXElCvn4UayJBqhi+OdNdttKOt9z9NVt+EKzBg8wSIy+y7SBqIqIYkXgAMAGxAROQP9QeBALWUXYIDub7y8TNH9oUmgEB9MvU+Qj5pcCHpc7+0f2f4tUn8JzEENAl60zEgEPI7d2yuOD97Z8UYSIhbjz3+G496eAS88eZMJnsQQkgzElYDWLAFAfbneivK5n3H85kw3Wu6Xx8JaLrfNf5PzABdHgD1FP/NgBjY1Yv1DpikwTbesB7EiWldnLvK6n368eNK932uybpSwIVk8tOY/MXBAMAGRbL9ub6o2NeDA0G/+0JFEMCHJAK9Hmuqzv9qQECvPJDvT1y4gTM9PRg7VhlwVcV/1mMAbUI+7tx6ESf+a3m+UFhOFXxYvvORs8R/Pd9pI6C2AbAtgBDSrITVAA7Ba2oH2J/rdQppVyl/nBeAoGftbUZ/pjXuFO6HVQS2NYAgKCDBDJ+yfwr/xhTh602jfGa+gtsWDPAxCnSds5kI+q6RlocPH6K9vd16XgIFHxdWsLLm96NkAGCDY8paS3Bg/Lz6Qy5H62zZ9FoI/logz2l6Xv3YicVFnDnfE04BkEoAtV0ijsmb61uW/cabP3Wef/nbrzX5+VvWc3FZ8kY/nxaT6GcQgBDSrJiE7fTB3UEVgHJOxubp+PTviyC/e38tdP7XhbtL9APmwIKP+Jfs/xvjNyru/83Hh/DWB5Ph9xIModgnjU4SN379vG8pvctToNpyfFMlQC0MAOfvPsDOHfYAgOAr/gEGABqKiqx2SfSGmf/BbmsZfaOIfyHuPfJTSzhzZB+AQPQfHglEfFypv05X11Y8+4Unq3zadLz+5nv42eyNhoi6ko3Be+d+VPr7otowc0IEIaT1UAXwzJ99HSe/+jzOvfn3AMzj9fRefR113N+uHeXKQVXku8bzxQUY8vNL2L6lw5j5d1UrvPVQukuzAAAgAElEQVTBJE5+9XnM/NnXMXDpNoU/aVpc5fWmLL9Pb77NU8DnWlepv7qffl1Wff4+pf8PHz5MtTYDABsUEftq+bpa/n94pBC2Bpw5sg8vXpt1rqeWzm90fLwATO7/JvEvYwGbZSQgIYQQQgJ8x+AlQRX/gFuc+yDjA4cHdmBl7QHu3l+LGPzl+rq912f2nzQLNnHtWxWQRNinpRY9/mnu1V391cDA/N10/zZlFgDQy7BIdeTnO0Ohb5sEIIwNLuAl7MSL12YjffQ66xEESNqK4FPB8NL+nbGl/mpggOKfEEIIaS5C8V8aF9j23At4+gu/BQC4/vOfWkV1nAHgytqDilJ/k0u/redfXV+OSxBgc8emsDpBr1JQy/yFk199HkDwbuFYxAvv83du0pTEmevFndPXibv/2c+7K4Bf//F7sWvolQBxkwTS0Ld9U0Tof1xYwSNd9kllPrACYANz8WoXDo8UKoTs+FQvMKE7dC7iJXTgxS3uGaH1CgK4svi2Z/DJ/L90vyMc/RdhtCcMCiQ1AMzK8Z0QQgghtWf64O6yIFaPHQzK5Ic/8xT+6b0LFffFCXnfa3RUjwER+3Lcto7ss7L2wCr+jY7/pfeeBisBSGPjEtJyPq783rSWC5cngM6zn38yDAL4VizYnk/29R0lqGb529vbvTwAksAAQArqGXk1CdixwQVgMPhaggEnFhe9xwCa3PV9rleJu1d39E+6vumambl7eHHLWtD/39MTEf1AeeRPEgPAQmEZb/3onXB8nw3d3V+9Xj1nW8c0HcDlck8IIYSQSirE/4X3K65pe+4F/PqTR4xBABWTsNdFum95vm40mJ9fMnoRiPA3Gf4JRsd/eU/l3dkSQBqVtBlxm3j29QRIgi7+Tfub3sO0v24UmBV6dYAvDAA0AIdHCgDKFQHytSr+gcAY78nRXd7r2gIBvoJcvTcu4y+k2Uu99r2JwFX9xOIizkwA4+gtmQCaPyNfbCLeNtbP57i6jny9EccEEkIIIQ2FQfTrmIIAUt5vE/XSlw+YjQTVvn0TesbfdL08w/5cbzjiTyV23J/h3dkSQBodEcWuDL3PlACbIDfx+o/fM7YB2Er/k+7p09JQLcF4wA0WAOA/SNWT64uWsk/OdUZNAAc7cWYqcMOP8wCwkeTaau9Nu5e8V26wGy/t3wkAJRPA6YgJIFAOAohJYlKyEukU+4QQQki2DFy67TT/07PiLtGuCn4VGcuXNlAQd/3K2gPk+rrDe00tALUwOCRkoxBXUp9kxJ5+r2ldG0nEvg96JYJ+bqNQfQDgyBNAC4r8Wv7DrE4A0MvZbSaAAPASAmGMiUX8Rc2ebn146X5HOPawXPZvL/dXs/9xkwAmb+YzflpCCCGE1Ao9CBAXFADKJfki6k3iX8/U6/cnJdfXHYr7/bneyHOo/ObjQ8YggIrrHZlsI82CadwfEC/ofasG0mTjfcYM2toEapn9r4bqAwAeZVgkHS7hqhrdAUH2e3wKwMQiXtyyhpm5taoy+xuJoPcfeGliERjtMb67z2dkoqtrK579gtsFtFa8/ma2UUdCCCGkVdBFry6Qpw/uxq5XESmzt2XrJeMPmH0BVPEv67kEvazpGzTIzy9FWgIo9EkrYDMB9L3HhmstNUPvW03gu6/rWVRDw3pUAnRudnubZWIpmFU2vOHKnTQH2qzIz3eG5ewmAasK28m5Tly82oWzr2wO/QDyU0ux4n9m7p63CaBca/tTa3b1b0N+ainwOphYxNlXNuPi1a7IZyStEirqZ8RRgIQQQkhr89YHkxWiXC33jzP8U4MJ1/ILxh5+n+vVZ1C/lqCCDoU/aTZ8xb9tEoDcJ3+SkvSeuH3iAgRZVQXM3nEnNoXRgwext39P0Xa+JU0AfbwJvPwLalj9oAtWW1uAbgQIIJwGYEIV7Pmp5OVscWumJS5gkRvsLgcBAJw534Px0YFIOwAQrZqQAAHFPyGEEEKAqBDfn+sNM/96z7/+fZzY950YcC2/gP253kQtBfTUIs1MnGu+jmvMnm29uDV993KtW02Gf2//nuIThw4lvg8IRgb6BgaEmgQA+A9VNui9/2L+p/a3jw0uYBy9ODMBvLhlDYBdTItQV4W/+rUrcJD42R3BBdM+ahDB9PzqMfEDMIl/oPy5+Qr/rTse9bqOEEIIIRsXvQ2g7bkXcPKrz+Pl73zXeP21/EKF4V9+fgnDAzvCa+KEuto+4IsaTFCz/k9/4bfcEwAIaVJ8XPOTCOskngFZ+ATo92e9prBzRzZJzdpWAGgGgbUMDKRd2/e+jRDUuHi1C7m+1dDdXrL/QKkCYLDbKf7jMv76eVdAoJrqAdu9st/M3D1rEGBm7l55BOBEWxgIyPWtpir1LxSW8daP3okcU8f3mbCN+tPPudabvbOCQmE5yaMSQgghxJcjT2AawADcQQAAFcaAPpl8F0my+xIMkPF/tnbYjfB7KCFZYXP518+rx+OmALj2Me3hOqafS7pvtUEMyehnJfh1spkCUCqFr/jHqdkNAmvkAaCjjrOzlf7nUoj/mXuF8Otd27oqzvuI/Lg1XNfr9+n7uSoBTkyVWgEmgHH0AohWA6QZAegS/raRfq5RfzbhTwghhJA6oAUBBDUY8NYHk/jNx4cq+vJd4/3UtQDg+s9/GrnXF3Udl/gnpFlRS/fle9c1WVYKJDUBdJX/+/T413sM4BOHDgHvonhz7labfq7mHgCuiGWaaKbpnixNCF3Psx7RV72sXQhL/9GDF6/NAohmzuP68nUhbhLmSUm7xsy9gjF4YGoLkGO5wW68tD8Ye6i3AgCBAaB4JviStTin2CeEEELWATVBowQBBL0iQES76g1gcv6Xe/Uy/eHPPAUA+Kf3Lhjv0RHhr65j+l1Wfudk9p9sdMRwziQ2XfiaAepBANd1Sfa2Xa8HJlz7unwC0pb+b+4o4pEud0VyNdTNBLCeUc2s/qGMXafGFQ66s73q/n/xalcofF9CIIQxsYi/0NbQs+pZCP1aIM+lVwPobQjS/w9Ehb8ESvQ2AJ9KgMmb+SqfnhBCCCEbgYFLtzENlIMASpVqeI3WFiDGfCbizP+AspD/9SePAADOvfn31mtNAQSX+Ne/JmQjIcL/D//gdwAA3/num8XCUll7uAIC1fbF29oIkhgAJhlFmEbY+5gTmgwAayn+gSwCAJoIjhP66xXFlH3l+fTn8A1Q1DOQoY6xA8pVAGIGKOfGpwBMLJZMAINrpF9e3PMFPdOuC28XPsGDpOu4rhfxr7YCvLhlDS9NLAKjPZGACBAV/5NznWEVgCsA0NW1Fc9+4cnYZ64Fr7/53rrsSwghhDQzYRDAcg6oNAj0EfqqeNd/rwQAHPw6Bi7dxtNf+C2j58DJrz6PmT/7euQ5WPZPGhER/k8/HQS9rt6cxcjenfjq818Ir/nWt1+z3u/Ti+8q9VeFtH5d2sCCq73AlOX38SbwrSJQqVXfv0qmHgCJzmno/wBWY+pX7T3WNRK8TxaYytf1yQDj59sgJoCSxxbBbOqhr+iz9xDsaa5Nu46a8defX7wMTiDo/T87sRljxzrDSgn9s+H4P0IIIaQ1qRDnqMykx00JsOH6XXP64G7g4NcrfAIAhOI/7jkbAXXGeNKyb9K4yM/9iUOHKoSqBAGEP/yD38G3vv2asQfdh1r00seZAsYJf9/7knBz7lYb3kXsGMBNbWsY3hNMLrt6czb1fkDWLQAWgTx9cLfzXNqKgKz9BWLX0Z+/TiaAOuoEADEBDM+VBL4qnqUaALA7+8cZ/pmy8YB5tKBrDdv9OjbxL8h7nznfg/HRAaMPACGEEEJalzhfJyBqEJikGsBK6XfDmb99xTtp1Agl/qrg7+ruxmc+PYx7y/ewtLQCAEX7nQEMEjQ+e/v3FHPDn8TO/p3Wa/QgwPO/9wy++7c/NAYBnv28uwL39R+bK2VtZfsuQ0EfgR5nLph0nbT3m1A/Ux2ZGJCEbAMAyj90FdHMBJUAaU1Pwj1dgQjf632P1QG11F3K3McGF4BB4MzUPgDAiQs3wuvzU0sVAto2IUA9bxLjPve57o9bI259QQ8wnDkSvHcg/IP/ozZ9Tj5s3fGo13WEEEIIaS4kYz9w6XZFIEBFH9Mnv586M/hqoqgJJmNJubewfft2DOwChj855Lzv+q8mAUOQgEGBxkHEPwDMzs1iZ/9O66g6NQjQt31LeH/Sn/ezn38yDALYxHlce4B67JfXrlnL/G0tBb7rp/EEMGEr//9oZhF3761VHE8j/oE6mgDGklJcG//RTbqOKXDhu8Y3vxf8g/ZHX67JP2JxolYy32eO7IsEAdKginhfYa7fL6gTCbLmzJF9xoy/6pEgn1lcEKBQWMZbP3rHOQIQqHT0V69Xz9nWMU0EKBSWnXsSQgghpD5MH9wdTgowle+7xvRFggAX3q+sENV+p2yEjL/K3v49RV38J2H4k0PGIMG5c60XFJBKiq7ubqhmeUKjvL8EAYBAhLqCAKVWgMR76OJf/xqwewm4rqumXN9naoDLEyAp8tmaxD8A9G3fhPm7D4zn3n/3Xevfp/QBABG+KrqIV79WzhkN+GIEdyLTvtJeRoMW03NWS43EP1DZy+4yvjtzZJ9xJGASshLtWYp/MTMEEI7+A+yfRZref5uIt43y8zmuriNfczQgIYQQsv6Yfj+U3xt9XPqd66lBgAbP/Kul/0BlxrGacWUSVFDLm7/17dci+zWKIPZhb/+e4lNPPY7t27dbrzEFRYD1/Rz29u8pPrq78n8DehAAiGaw1T71p58+gnPnojPpX//xe8Y2AFvpvwlbRt1l6GfC53qfKQE+5oY2rl6+jJ2HD0aOxRkCtre3AzAHAFykCwB883vFavvffUW53hLgc48R9dq05f7yvX5OD4bUoRrg4tWu0AcgIPjvS+jAi1vWvAR40pJ/W4m/z71p95TzM3P3ghGApfcdn2jDODYDpf7/wyMF76x/HFmJdIp9QgghpLGY/sPfLgt4i5C3ZfArggCWaxoNEeofF1YARH/FXVlrM5YhJ3EyF6E4sndnOE5OaIaAgO6Y78J2zXpXS2zaYqlwnQt+dq5qAOGppx4HfloZBMgSPROvn9OxVQYkGTEYt5YPN+dute3FnqLr8zNh+t+kD8kDACJ2VTEsuER0FRFQa+TVJshN92axv+xjqWwAEIr/gT/+6+L0f/63qf+HKWJfnQSgZ7fHBhcwjt4w6y/ECWqXkNcrB+JEv+te3/t92g529W/Di9paL+3fGbYCmCYmAMDhkUKsH8Dkzbz1HCGEEEKaE2v/vvxumyLZZUtaNaLw39u/p3js2OHw+5U1v19rN3fEegIaUTPGavm4ihoQaIRgwN7+PcXh/XtifRLiUAMD8tn83//f68XVlXKyaT0/DzUQYKsSubfsrylUfMbs2doEkgpx07g/n3V8qwZ8nicuCBD9fM0/clf5P1CtB4D6D6QaLbVd6xLOLgNB7VqnINfWsu4X94yua/Xr1O+/+b0i/ujLbdWIfyAQ+0P9qzg8UqgQt3rm/6XRnXjx2qzTiA+odNIHzFMBkoj+au9Vnyc/tWScFKASVgPs3wlMLGJ8ovQxj/ZU+AIcHikE6zrEf1fXVjz7BbcLaa14/c1so56EEEIIqQEpkkiNKPhNBCXGyczG0rYEqKjBgC1bt2LPQPD7qhoQ2OjBAMn8X792C9ev3ao4b8r2659z3/ZN4c9A53/4b58Nv/7xP04Al5B65J4N1fwvDtt0gO6tgdz84NI/R35OSdzy0/btmwz94kwAXVQ7BcBlAqiOA3z48KH1554F5gCAzdiuJG4BAP94rRgpjdKDAUlR78uyRz+Jm78rQKFHgfXKhz/6ctvAH/91cfrgbuCb3ysOXLqNaoMAF6924fBIAbm+1VDE5vpWkeubxtBR1RhwAS9NdOAvYM+im8Q/UBbgtvGAtutVqrnXdo3pPeTYS/c7MDa4gNwB1SAxiICqnxNgrwwghBBCCKmoAjCZ+GnXtwJpjf/6tm/K/FnuLy/j6s2ycbKpOkCCAVkIYN33IA2PH/wUPv/ZUev5b337NZw7dyESBDAFWQKDt3KP984dnZGWCeHznx0NRzJutGCIScgmNcmLy8THlecnbQ1Q1417prjrkrJzR2epCiBdACAu+w/YAgB/9OU2fPN7xYjgl+NAEAgoiV784zXz/0jUfzxN/5AmEfhJMvem7+PWyCLw8M3vFaeVz2raZJKYAl3A5uc7w8z25Fwnzl4eACYWcWJxEe8tlsV40jJ+VZybBL1LvMcFBXyEv46tFSE/tYQTAM6c78H46ACOH5gOXf9d7RKEEEIIISaco/wa3MQvC5Jk/+OylqZ55j/54MPwax9TQbU6QJBgQLWBgL39e4qfGj2AfZ/o9breNZ/dhfK8eOLQoVRr6C0Tz/w3T+Jb126lGrlnIkn2v1bYSvJVdGGfNLgQNzUg7pnkWNwUAJ8gwc25W23nzsEafIv73+LEpUuxewBpPQAkQABg4Fs/CAxTBFfk1NYqYLreVhGQ1lVVN3Ox7RV33JD5D6sh1IBJBkaAuumfIF9LK8CJxcXwnJTR6yQR4WkEe5Zr+LzDicVFnJkAzmLAOBJQDZLEBQK27ng09bMSQgghpPExuvg3+Pi+tKjZ/7Rzxm2o4+GAqPgHoqaCvmZoDx8+xE8++BCfe/wT+MM/+B388B/eA6rIhHd3dcf2YQv6+6jM372Pufm74fem69QReT6BANtzSTAg7ci9arGV/9tw9cxXm01PKuj1e9JOAUiyXxx6dYgP77/7LgC/4Jd/C4B+TIIAl25HgwC6WLeVzrtEt+1709eu613HXNfEVS8Alf4F8j5qEECvoEiAKv4n58xjAHN9q8gPduLM1L4wEOBbjt+I5Aa7kZ9awpmenrDnP9c3HfmcROxPznWGlQGA3QegUFjGWz96xzimTx3jp2Ny+Ddd7xovWCgsV1xPCCGEkPUhYuDn4frfjEj5e5zwn52bxdatW9HdFf29U73PJqBFrMbuEbOWfr8EASQTnhTJeMt4u9k7q9je1YktMelSU0WC6zo9ECCi/f133/UOAgDmz+TqzVnjyL2k7O3fU9y1ayDt7amx9f6nyeqbcAUGbJ4AcZl9F2lMAG/O3Wrb27+neO7cBRw7dtjLCyCJ+Ads1oEm4Sqj/yTrLcdUXBMBbNdtdBzTDsI+f6kAEPTAiSMIMPbnn/NuFagYA3i+vOyLW9bCr21O/Flk9uuBqY0BiLYyvHS//K/x2LFiooy/StuZNQztzSV6PlOwwOeczuTNPH52+d0N1adFCCGE1IOBP/7rTFolSTpsPlV7+/cUfUvSxfkdiM8Ai1h9+PBhqa89ObKGK3DQt30Tfu2TA/jWt19L3Aagl7zLO/kEAdJgqgiopiVAb584d+5CVa0QScr/XT9/+bmpz/O7v/MHxTgxnWSMn08/ftwkgaTXpKkUkHv+7rVve/1cfP0okv6cjX+dBy7dxrR6wNbPrhrfAe7Mv8Xxf8NjCWqE0WD9szFVTVSBLvpF3I5P9eLE4o3gGotgrlirlEGP3VOrIqgmcGCrSLCt6apgkPebmbuHF7eshWucmdoXuS5tMMAXl7j3Ef6EEEIIIRuNvf17ip2b/R38w9nvc/EZ8CxaCeLW2NxRRHt7u3dGXsUkeKUS4G5hFahBEMBUERDXEiCftan6Qm2fEKrxA3hwfwWbtsT/ffAR/1ngK7htwQAfo0DXOZuJoO8aaaiVoaPxr/L0f/63bcbMtZS6a+0AamlUpGzKVkpv8wHQe/SznASQZE1H8KLiXdX3MGX6q/QCEAErIwFF1I4NLuDMkUD4yghAG+p4wDQtAkkM/XzXj7vO533k/cUDQG+b8BX/kzfzXtcRQgghhDQzowcPJr4naf937HoemX4TWYwf1Kl1EACoDAT4tAQsLy9jebmylVT9WTxx6FBYGp4EKf9/sLrmFQAQZGSh788tiRu/ft63x97lKVBtn76pEqAaA8B6YhentjYAlThhbRK/vllxn8kBJnNA9TpXq4HPaEDX+8cJf8/+/yQtADpqCwCAiAeASUD7TAPYiMS1NIgnAACjIaCLuf/0IU4qY2Tqycvffg03Z2+wBYAQQggh68re/j3Fru5ujBw4sC77mzLFSdoFTPf7lsDHlburotpnSkEWbN/WgUd39URaApYKS0bRr6JXBviMhNNR+/83b48fpy2fjwQAPi6sYGUt2FL9uegtAKa1bOX1caLap3Q/Ka5S/2pFvm8LQK2wxrEGLt0ORtnZxgAC7pJ/uU73DZCqAbV1wIRPpj6uraDaUYOmYEXpfQa+9QMA5h6qgT/+68hIwGqQefZqNlsy3YdHypnu8ale4EJ5GoA+Rg9w99SbztuuqzVqxYLsb3u2Mz09GDtWBBAV/rYJCoQQQgghpBJV/Otl/Vln+XV0d3u1LL6w8hCXfjllvTfLMvM4pMy+1nvevbeGu6Gh3wV0dXejd2BX7H3Ly8sVrQFJSGr+p/+9CLL/lRJID8bYxLVvVUDcfVmQxTSALO/NEmsAIGwDMGWylTGAANxCW86pwQCg7DGQkVDOBIPgj5T8K2J/Wr9Q7v+jL7fZjFWSYBOwclwtcR+f6sWJCzcSl/frQtt1nY0sgwPqPq5n01sAxqcqM/+21glCCCGEEGLG1s9vO540MOAyDrQJa5v498nGx/XA+5isSRuAz7PWAgkCFJaWkMSYDwC6uruxF+l8AHyy/yppzR2FOHO9uHP6OnH3JzUhjFtDbzdI07JQL9ydLCL0bUEAHUt5fyiiLWJ6w2B4J6PQV1HfOcOsv2kEIBAI2zDjX+LEhcAMMD+1FAkCuDLnJkRwJ7lHvbaaYIBpz7jnePHabDgNYBy9xiBAUtG/dcejia5PyvKdj2q6PiGEEEJIUm7O3WrDu0jk/A74VwqYAghyTL3n48IKHunajKs3ZzGydyd+8sGHxvV8S/Gf+eK/wA/fQBGwG6olfWeh3kGAyz+/gvz1X4XPu3I3ML12CfWRAwe8fQCSmkDGEffZuIS0nM+6/N7lCeC61rdiwfZ8slaaUYK1IN7KQg0CyPeuaw3Eiuh1JG4MjbXEX21fyLiKwSZc1cBArm81CAScd28dFwRQnfXVe0zXxGFay+f6qhjtwdjgAnJ90+FnAyQr+3/n0q1wfB9gjjLr7v7l66Pn1OOu+wkhhBBCmg1TQCBuSoCaYVed7Gct4l+u82F4z6P4w5LX07e+/VpqR3xTFQAQBAHq5Qtw4DOP4cBnHsO5cxciQQsJBABBMMD2rD707OhJdH3avdJmxG3iWXfpz0Jkm0YM6uua3sO0v24UuN74eVmqvf96xvub3yuqZfKAR3Y/zghQN+TzFdiudS2GgWFw4sL7ge9BSdjLOw388V8XI+/zze9l1t+fFAkMHB4plMXusU6cOd+DF7esVVyfNJNvE+5JKwniAgHVCn913RMXbpRaARbCz2ZyrjMMkPgwPzsHoD/83ibuVXyOq+vI13I+2JMQQgghZOOgZpizwGdEoHpd1l4DqsN+5+bNVY3Fs4ndevkCCNISAAB6v74EA5IPQoyStPzfRJLPRBXbaXvvbfe6SvmrNfNz7enT0rBeZC5k1Yz69MHdEVEdoZqxfz4CXPMcqHq9GlHVFICpXmCibPynBgFcUwDS9PRnkq3PCPUZpQWgmikAe/ftiRzr29lvubo6dNF/88YtTgEghBBCyIYhzhG/1tgCAOIwD1SOB7Rl4M+du4Cnnz4Sfj+ydye+9e3XIq0A4gGQ5J3rNfc+DlsQQNjU2YFNWzYjf/1XsZMAdPO/pAGAuM9ENwH89y/8L0Ug3mgvyajAWgntJF4BvgGM//CN/3VjTgFIi579X7fy/41kLpgRh0eCqJ4Y2o0NLmAcgRfAiQs3AE8TQFdGX68E8JkMkHVwwGdtVfgHoj8Q/rp/gk8VQKGwrH2fT/HUhBBCCCGNT5oqABGAvhl/1xoqPuX1atuAeo9kyiUIINUAKjfnbrXt7d9TXLlb8Ba9rrL3elcC3L17Fz/96QfGIMCD1TV8dPu24c76ogdsXOhi2zeL7ls1kCZI4GopiGsT2IjZf6AGAQBSG3TxL9n/E4s3wmtUE0Bd5OuZ/bgggOkeG2nMA12oQQh9bfn+xS1ryE8tARcWcaanJwwEqO7/8ifOD+DJx4czee6kvPHmzLrsSwghhBBiQgRx2vuzCASo+Pb66/eoovPhw4dh9YDzPg9TPcEWBNjckeyjU8cdmgIUcWzfvj0MdNgqAarJ/j+4v4JNW9wBmK1btyZ55JAkjvyme2y41jIZ+/nsU61ngWpo2BgmgGTdyfVVjgMcG1wABoEz54PS9xOLixVjAE0C3nf0n1zrOmcKKvjcmxRV/EuQ46X7HUBPyagkrAIISOP+rzO8b7Cq+3Wu37DPryWEEEII2SiUBOO6tgKoVJtVD8bT2UfUyfuKCPatBjAFAZKaAcq0AyAIBqQJAgBRXwCVtH4HwoPVtdgAQHdXsjHkgL/4dwnvajLtSUV4XCVCnPGgblK43jAA0ADYBO34VC8wGnx9ZgLAfRjNAAUR0iLek5r7mdZzGQeqe2ZJfmoJJwCcObIvUv5fDVkL/rj1GRAghBBCSLMgGf+tW7dieXk55mr3Gq5+8iTl5II6Bs9XEFcTBEiKBAHSin9BDQL4vqdPtUeS9ggTVy9fdj5PnGu+jmvMnm29uDV993Ktu5Ey/HEwANCASDuAVAbk5zsxjl6cuHADeQBnenpwYrFsDqhXBgDRIIB8b8JWRaCSn1qy7uVzv6lyQJ7PFGQ4U8r8ywQAyf6r/f+AvweAL1t3POp13fKdjzLbkxBCCCGk3qStAkgr/lVm52axdevWisxyGvEPVJ8Fj0MNAtTTA8CEBAGSTDuwtQ6o4wV9WgFsFJaWYq/xcc1PIqyTeAZk4ROg35/1mlnDAMAGxiZoJ+c6I/3t4gdwRuE6cS0AACAASURBVCmJx4XFivVcGf+4tgCTaJdjucHuMAig+hDY8Jk0oHoAqGX/J4DQ8f/MRPT+tOL/yrUPceVaedasTAFQx/gBwOydWwCibv76xADTeL++nf0VowU5BpAQQgghG51qhF81LC8vRwIAacW/L3obQDW4ggAPHz4stSQEyHXVZv9V0gQB4vBpBUiCSezbRHlcZt9nH9MermP6uaT7ZhHEqCUMAGxgVEM7+a+0A8i58algCoD0wY9PBZUAgk9G3oWp/960lh4EMO0dh+vZ8lNLwJF9geifWMTYsSJyB1Yx1B849l+82hVr9heHLuZn76yEX9sEu0vIq+vJWhT+hBBCCGkEqhHFMoKukalmMoApCGAKYsixrKsGbJ4APqiZ/1qjj81LUt5frchOagLoKv/38SPYKOIfYABgw+MytDs8UgjbAUziN4kAt5Xx66I8P7WEJ0d3JQ4kqHv4PpeM+juhHBs7FrQqjZ9vw/joAI4fmMZQ/yoOjxSqLvnPWpxT7BNCCCGk0ZmZmbaWidtodPEvVBsE8KWaCof1bDmo1v/A1wzQ10QvaZuA7Xo9MOHa1+UTsNFK/wUGABoUEf5AWfxXtALcV8blWVAz9/K9CfWa9yZmKq6z7aGKftlLrySQ79VrQ6O/np7y+8gz9q0i9xUgP7+QieN/oVB9vxohhBBCSLMyMzPtPK8HCNardaAabBUP1QQB6kE1vgNZtj4kpVpxbGsjSGIAmGQUYRph72NOuB4wANCAiPhXM95qK4AgpoAudOFu6uEPe+8t9/sEDUz7uK6NGBnKO00sYhy9ABZweKQQtkZUW/r/5OPDVd2fljfenFmXfQkhhBBCdEyO8L4mgPnrv4oEAVw943qJeTUO8y5kqkASsggCrAcfF1YiIwjPnbtQc/PDavDpxXeV+qtCWr8ubWDB1V5gyvL7CHvfKoJ6wwBAA2ISvOKEr6JmztWpAHFUZPNLWXh1DZe415/BZ2/TdfL88m6B+A+4eLUrDIQcHing4tWuyFQEQgghhBDix97+PcVPjR5wznR3Cepduwa8WgVq1V9eUX4/N4v89V+lWqsRgwAra21VtRGkafOoNbXopY8zBYwT/r73bXQYAGgi1D748fNtEWNA1TFfhHY4Ts8gvCtE+2gPzkyYAwk2ka+X7jvPK+uf6ekpP/v5tvDdhPGpXowNLkREPxAI/ywrA0wM7xt0nr9+YyrzPQkhhBBCasXe/j3Fru5up/gHyv3epkDA5u1dwDoUNpqeRRX/abPgEgTo6u5G17by75ON2NoQh/IZFQH7WMA41DYEfdqBiTghn7Rs32Uo6CPQ48wFk66T9v56wABAA2JqAdAFMkaDzHmubxXjokmllF4dEagJe120ixg/fmAaZyc2h8figgZyHyYWjddEzovYn4j+G53rWwWOdWJ8qjc0PLx4tStS7aBn+2VEonwmSYMAcQK/2vsZICCEEELIRmPkwAHva3f27zQK79zwJyOtAL7Z/qxEtTxTteJfuDl3q20v9hQLS0vhO2U9Dq8WvP/uu6nePatAAAC0t7cDeJCqDUNQBb1NnMe1B+hr2cr8bS0Fvuun8QRYTxgAaCByfauhuFXFv54FF+E/1L8aCGBVZE/1lkW+JrxVUa6K9bHBBQz1r2LsWCfOnO8xVgOMHSvizPmeygy+trZ6n5wPAxWjAzgzEawlQQs1sCHv6irxV00Bc32rsdcDwJVrH4Yj+2Yv3TJeozv6qyP+1HP6KEHb/YQQQgghzUjhXiGSNY8jS1Gdv/6rTHvfb87datvbv6eolshv5FaALLAFAvT3tpkdqq0I1fw8TCP24kr45ZjrumoEuM/UgI1k9mejfb0fgPiTn+8M592bRK2a7ZZAwfhUL8aOFcOseZg9Lwl0+ToU/4LhmBpoEOQa07lc32p5HdlbX3e0Jyzbl/NyrbyD+m7qMdszCUkmBMzPzoV/TMeTXm8KGNiCA4QQQggh60nSTO3WrVuNx3PDn0Rhye4NlSXqM6/cLWQu/gVZU52EUCsvg43EzblbbTfnbrXFTYAQZu+sRsR/3N8pV4l/kox63No+a+nX+2b+fZ9F/bMRYAVAE6ALXRHFUi4fqQYoIcelYmB8oi0o8788EJ6XY7L2UP8qMDoQnEPJV6AUSNArBFQBP3asiPHzbaXnCu6V/YEgCDE51xnuqyLH5X30igDZI0vjv6yy9cz6E0IIIWQjs7d/T1Gc/mfnZrF169ZYLwAAWF52j1AW0VgrYzlVXGZV8u+iUSoB0pb/CzIJQl1DNUX0eeckwaSsBbGeidfPufY3tQT4jBiMW2sjwgBAE6GWu5uqAUJGewAEAl2uHztWDLPwYS/+aA+G+vPIz3eGvfVqJYGU76v7jyNawqULetW5X8S93s5gegfBdGyovzLAkYRCwf1/YoQQQgghzYpkszdv78Ly8jKWl5cryruTiDrxAhDhKMddwQCTsIzbM074m8RsNail8UnL4huBvf17ik8/fQQAcO5c+edm+/zUn4/JFyLtFAYdnzF7tjaBpELcNO7PZx3fiQUbJTDAAECTIMLaVvYuYluy7nomPfJ9KUBw6mg+PKSvKT37FWuprQVQjPhGe5Cfj5b1SwBCXVvP6JuqF1RMVQFJGdqbq+r+tMzOrINdLiGEEEKIATUQkLQl4MH9FTxYXas4ronHonoubXXAwvRM2GbgEv9d3d01aUfQxwRulEqAagz3pBLkn65/iF8f/gTKgYALAOKrAGzi3xV8SeKWn1Y4mwz94kwAXVQ7BYAmgCQzpORfLZdXz0mGXcS0rVzeVIavrqlOHJic66y4TtoJ1GNhG8BgtNRfPaejPqOp518PCOjjALNg545sHV5n76xkuh4hhBBCSC2w9bdv6uyoMOszXWvrGTeIwTAg0Ll5M9Q5VCZBrWaU47L+Txw6hM89/gkAwLe+/Vox6/YAPQiwXuitEGnec2//nsh73L17F9u3bwcAPP30EZw7h2KFD0JMDivuOZKa5MVl4uPK85O2Bqjrxj1T3HUbEQYAmgR9JKB8b8quy/X693pgwJR1VysNXPfq1+jHbEGIODGfnw+eWx/xV60HQNaCP259BgQIIYQQst7oZfoqXd3dETf/B6trxiy/yuKdRXVdn70BBCI0EjiYCfZXM/i+4lY8DX7ywYc+l6dG/exy28s+Co2EKv4ls5+fuYtfLwUAVGrpsWDDVpKvogv7pMGFuKkBcc8kx+KmAGykIAEDAE2ASfzaMv26qZ5pDenD10W23K+va9pHAgWuvnzTnqb19MoGCV74jPjLkuF9g17XXb8xVeMnIYQQQgjJBms2HXuKaUroq5xBH9k/reicnZsN+/GfOHQIeBeZVwEAZXPA/PVf4dHduzMbZyhIa8XinUWsrtQveSStAEBQnbG3P/3PwoSrZ75aoZxU0Ov3+Pbzx623kWEAoAkxtQIIcRl4vU3AlWmXa2VP9R7Tc6iBBT2QYHPztwUcpKUhCwK3/n7l64C+nf2R769c848ky8g/13qEEEIIIRuV9cj41mr/WohYQTUHzHptwx6Zs3hnET07ggYMtb//n64Hv/cO5HZnZugXh633P01W34QrMGDzBIjL7LugCSCpGzZx7OOSr7YF+Jbjy30i1E2iXW8dMFUomI65Mvy1Hv1XjVjPej1CCCGEEBKPiNV6iVZhvQMmaVDHG4bUyaM6Tkz7jOAzBQiSZPD1ioMk5f1ZVAqsFwwANClpxLGpbD9uHQkSqIEDm/iXdU0GgFm4+RNCCCGEkNalEUX4etMon5mv4LYFA3yMAl3nbCaCvmtsJBgAICE2M784bKMHBb3ywGUAuB7cvHFrXfYlhBBCCCGkFUnixq+f9y2ld3kKVFuOb6oEaAQDQABoO/6fPlvMz3difKo3ODKxiLFjQQuLHJN58KpAGz/fhrFjxUj29/TL3eWVR5VhHhOLwA8v+EWXnjlSrHp/de/S/SJux6d6I/Pt1eOt+P69Z7Z4PVaz8tJr7zRE1JMQQgghhBBCqqXj7OXS3MeJxfBgKIZLiJlb9Pgixqd6MT5VFqinTi7h9Nu5yFqJxG+W+4sInlgEjiIUv8cPTIdrhu/ewu//IhprXAkhhBBCCCGEkHS0jw0u4NTRfJD11jLHmFjEqaN5DPUHWWYRjzoXr3aZnedFCD9zJJ0rpuf+QFkkq9lt2f/0y92heB7qX42Uurf6+xNCCCGEEEIIaQ3a8MJvF1XRePrtHMYGF5yGbJEsd0k0Hz8wjaH+VZx+OxeK0LDs/LyWAHdlxEsl8Gn3V83kIuX9paz4qaP5sJReL7Fvxfd/8VrjVQDs6t8We83M3D2vtdgCQAghhBBCCGkV2oFK8zVVfJ5+Owe5ZnKuE5NznWXBXBKUKmODC+F1Q/2rYa86RnsqM+wWqtlfZah/FYdHChgbXAj3jmTqSyK61d8/Cbv6t2X2J+36aZ6TEEIIIYQQQlqdDiDIBOsZZ1NJuzrDXRef6kz4s5cHAtFZIpglv1DR2+4i6f7C4ZECTr+dC8vlh/pXY/dv9fc3UQ/RXE9hLnv5VgYQQgghhBBCSLMRjgG8eLUrdIjXe8T1knlVSF682hVkkgcrM+lnLw8AowBg712P8MyR4qmTS8n3N3ytOvubeueDc+UMeKu/f6tkyRkIIIQQQgghhLQq7fqBCoO4Upm49JGPDS6EglIfSzd+vi0iUisy1B6O+Gn3103t9P3DPvgYWvH9W0X8q7TiOxNCCCGEEEJam7ACQISrKiQlSyzi8fhXVsIyd/WeIMsdRS+P1zPONlLtD31EXuX+pq9VWvX9W1kIt/K7E0IIIYQQQlqPDvUb3Q0fQGAeN7GIUyeXwnOTc504fmA6KHEvZZXlvLjgG8fieSC9+Fnur4tjWy98q7//RkUv16dwJ4QQQgghhJDkBAEATWCefrk7ktWWcxVj5ZSMtjqHXkbpydrjSCY4s95fd98/fmA6WEeeq5Xff9E+bjCO9eqjV/dlMIAQQgghhBBC/OiQ0nLA7DwvWXExyQuPK6L07OUBnH1lMRh3h7IIDdDK3p85Ugy/NvTD68+Q2f4lITw+BeT6piM98S39/rv9KxWyEvz5qSXj8dxgd+K1GAwghBBCCCGEED86AIR95bb+eF18AghHzQ31rwbl6BgAsBCUpQPRzLNk2I+WBavNkM70DJntj6Xy/kBYXt/K7z9zbTZWOPsIf5uoT4LvGrZAQdJgACcBEEIIIYQQQlqJjkAkLpl71icWcXGwPB5PR/rNRUCPn28rl66XxLV8ffFqEYdHChjqXw0y1BMe2d6s9kcgoiP7v9yNUyeXcBq5ln5/XNuCmbl7VsEsIlkX5yLC1eMz9yrbCXZt66o4L8fU69Xr4rA9i/7criAAxT8hhBBCCCGk1QhNAMOsMABgMcwgHx7Jh8Z0pky0i7IxXU94P1ASqpZxeKFbfqb75wAsRPZXe/4Bvn+cYNaJE/6uc77HVFwBAnkWPRBgeyeKf0IIIYQQQkgr0g4EpnOnjubLf04uAaM9oZHc5FxnZOY8gDC7LMdlNr2K9KGfOppP7jxfy/1Ho4K81d/fB1Vcz9wrRP7Ug3rtQwghhBBCCCHNSgeASDZYzTKPT/WGZnFjx4plEWlwltcRI7rJuc7I7PpYJsqmdeOo7f65vlWMT7X2+5diQF6EQYCp4D9JSviryfAnejZCCCGEEEIIIUY6rC7zpeOTc504iwGMn18ERkvHjwIXrxZDgXx4pBCU0I+W7zVll8vrmw3wAITCNth/KdP91We4eLULub5Vu8t+i7x/HLv6t1WUzIvYzqHSB0A9r56rVuCbiBP9nApACCGEEEIIIWU2HXp+8Gum3vJ3bz2CR7uXMdS/ike7l3GlrR+YWMS7ywN4sPIAh0cKeLDyAB8tbcW7tx7B2OACPtG9jI+WtuLQ3o+Rn+/ER0tb0b1pNfxaGPvMMj7atOdruDb55wCC0Xif2vO1sWNFfPTOfWDX1prsL89w6mge+flOPLLtIXZse2jsrW+V9x+8UrYi6NpmnoLQta0ThXtrFcd39W9D17ZOPLqrK/yzqT1qbfBI9+bwz8dLlQGH3GC39Zzpuv17e8K9urZ1Op/Nhnr9j355+8+dGxNCCCGEEEJIk9Ah4tfHZV5FF82yxvhUbzn7XCpjF9Q9xs9Hs7enTi5F7sNoD85eHsh0f/UZxqd6keubRqu/vxCXLffNpuvXqdUDpoy9XG+qNPDdN2mm37YXIYQQQgghhDQzHYdHCn4u89J3PrEIDKJCNIvhnI5cc/rtHE6/ncPY4AIOjxSCnnYcKYobfvl+ZR+1zz2D/dVyfwDIz3ei1d//cTyoaam8rC2C27WXKsxrXb7PIAAhhBBCCCGk1egAzG7wulgcO1Ys9aH3BMZ5Wu/82OBCKELVXncxoRNTOqPA/uGFNuBIMbL/ySUAS5nvb3LLb/X3rwdpKwgIIYQQQgghhGRDB4CoKFUyz5NzQU+4ZMgPjwCnX0bFeVlDstty7iwGcPaVRYwd60SubxXHD0zj7CublbL0khneM0eKY8cC/Tt+vtxDXpP9Lw+E4/XUe1v5/dcTPQvvCgDUqzqAEEIIIYQQQpqR9otXu3DqaD78I1RmkwNOnVwCJoLM8tnLAxV96OroueMHpiNl7JFe9omy+D11cikUrnLu9Mvdtd2/RKu/fz2ZmbtX8cd0je0eQgghhBBCCCHp6VD73wEAoz2RvvHjB6ZDMaz2r4tBnc7pt3PIzwcCVBWc+XnNYV6E6cQiLl7twuGRQknMLpbK32u3vyqaW/39gUBkV5NVz1qcx61X7fP67EEIIYQQQgghzUaHzIMXUSg94lJebsoal8VqQGieN7GIsWPm8vJc32pZhJbK7I8fmMbZic0AShn3iUUc/8pK7fcvIWu08vv/K8wCSC+qqxHS+aml8vMZJgQQQgghhBBCCMmODgA4e3kAQNlYbnKuMyoWJ8R8LhCdkjUXZ3kRn4KeYR6f6g0N7MTlXvrRwz74EkP9q7XdX3fX5/uH+PTYxwl+VdQnIS4YIOf1c0k8BGz3EEIIIYQQQkgr0IZnSu7zpdJ3VXyGQlIRjVKG7hqZp5rRAYbxeopYxWgPxgYXMH6+DadOLoX724z5Mt1fBHELv/+L12aNa/iQVuxnjR4UsAUBTML/pdfeaTNcSgghhBBCCCFNR4eaDVbHxEXmzB+Nus/r6OZ541O9ODxSMLjYlxzqD3Ti7Cubw3uk9x1ARPzWZf9Wf39PNorYN6FXBzDDTwghhBBCCCGVtOsHxFleNcI7/XYudJ/Xy9BV8Rka6U2UxWx+vjM0uQOio+siGfjSOV381mx/i5hu9fcnhBBCCCGEENKcdACVGWRBBGVkbvzEIk5PdEfc8kPhWTqP0R5MzgVmdqqYDsvbz7eVS98R7V9Xqdn++mi9Fn9/H1x9+b73+FYRJL2PBoKEEEIIIYQQEk+HKiLFTO7UySVjj7mMpwOA028HGeTJuU7k+lZDIz1TKbtcVz4WXBO47wNjx4qBKJZ9juZrur/eI9/S739tC9IiwtvXzT+tUFfv4+QAQgghhBBCCElHhykrHMkoo1xurmeaLw4GIwSH+ldx6mgep18uCzJrllkxtBPRqopiWbdm+yvrAeaseCu9P03wCCGEEEIIIaQ12HTlU09+7aOlrYEwnbkPAPhoWy8+WtoaXvRo9zI+vrcJ/3BjJz5a2hqcm7mPj7b14spsNw7t/RgAcOizq3h3eSBYa1fp/olFHPrsKi7nt4al7+F59b8ArlzeVNv9p3px/MA0dmx7iMm5TvzNzz6BK7PdaOX3x8Wrf572Lw8hhBBCCCGEkMahfWxwAaeO5jF2rFhpDDexiFNH8xjqD7LM4pBvQszl1H56EbanX+6uzEhr8+gT7W/omffdf6h/NTLqr9XfnxBCCCGEEEJIa9CGF367qJvgmXrkVU6/nYvMkgeA4wemMdS/WuE4H5bXl66P9LuL4C313dd8/5JxnpTSV4zba8X3/8YP2AJACCGEEEIIIS1AO2DveQfKrvgXr3Zhcq4Tk3OdZcGsONGbGOpfxeGRQuBir2e3FfGrU8v9I2P4Snu3+vsTQgghhBBCCGl+2gGzYZyITRWZKw/AKj4PjxRw+u1c5P5c32p0lF2pDz48NtoTMbCr+f4arf7+hBBCCCGEEEKanw75QsbOnTqar+gR10vmbY756teqs77eOz82uIDxicrK89Nv5yL7y/1Z719eo5wBb/X3J4QQQgghhBDS3LTrByoM4kpl4tJHPja4EApKXXCqiJhWv1f/W0EpK14xli/L/T1K3lv9/QkhhBBCCCGENCdhBYAITlVISpZYxOPxr6xgqH8V+j3610DUWM/lOD92rAhgITTGM12b5f62Z2n19yeEEEIIIYQQ0txEKgBOHc3j8EgBh0cKZUFZykyfOrkUis/Juc7oSLrSuDoRnVLGLj3oujjVs+Gm82p/fK3212n19yeEEEIIIYQQ0rwEFQDKGDogmBuP0fJFcq5yrF25pFydQy+j7GTtCgd8DVtPfK32P35gOlgH5TL7ln3/HzofjRBCCCGEEEJIk9AhpeUAKlzngXIpuZjkhccVUXr28gDOvrJYKmcvi9CAkkid0P7rSab7j/ZgfArI9U1HeuJb/f0JIYQQQgghhDQ/HQDC0nJbf7guPoHAsf74gWkM9a/i+IFpnMUAgAWcvTwQXKBmnpUMuwhW1dzONKJOd7rPZv+l8v5AWF7f0u/PCgBCCCGEEEIIaQk6ApG4ZMx+Y2IRFwfL4/F0ZGydCOjx823l0vmSuBYuXu3C4ZEChvpXgwz1RHnufcVIOhGvtdz/5W6cOrmE08i19vt/o/K1CSGEEEIIIYQ0H+EUgDArDABYDEXo4ZHAGA8wZ6JdSNY7KEdfKM+zP2/vdxekL15M+bLeX+35B/j+hBBCCCGEEEKamw7bibFjRYyfXwSORufNh1ll3dhO63E/dTJabq7PtdfvDfYzC+PM9pfM+ihgzfqXaPX3J4QQQgghhBDSXHQAmvmdiFGlLL1CvBpc7ceOFcNM9em3c5icC4z11NL10JhOK0+PI7K/xVHfa3/kyvseLd/b6u9PCCGEEEIIIaT5afcRojJjPiwbL82eF6S/XL4W8vOdihs9IveMHStGvrfNqo/cr5japdpfWeP0y90RMz4XTf3+hBBCCCGEEEJaAmsLAFA5fx5AVIQiKj5Pv13KMI8GPfXibh8pYU+Cku2WtcaneiMZ9FT7y/0x4r/V358QQgghhBBCSPPQAQBnX9kM1YVeH0GnHpeScnGxj2SetRJ16Tsfn/A3vROOH5gOM9Sq+E28v/LfU0fzlRlxvj8hhBBCCCGEkBagI+x3V0bPAYFYlN54VUACpRn0X5nG2cvlhdSeebXvXMbYjQ0ueLnfq4TC93wbMNqTan8A5ZF3L3cjMm4PQKu/PyGEEEIIIYSQ1qADqMw+C/n5zoj4FVd5yU6L0Ayz5IpIjYysm1jEOEoCtSSyw+8d5PpWg+x8ad1U+yul8nJNRFjz/QkhhBBCCCGEtADt41O9FX3lOnpG2WYeZxO/Nud6F0P9q9XvH469K+0v4rv0bJL9b+X3J4QQQgghhBDSGnQAisA8GhjenX1lETga7YW3zYw3Gdw5Z97rlMbumQiN99LuX0Iy3gDKQn+wfKjV358QQgghhBBCSPPTPja4YDSGCwWnImLz853l7y3iNnKfwcXehm5YF6KskWh/C8cPTOPUyaVI+X8rvz8hhBBCCCGEkNagHQAwsYjTL3fj9Nu5oLw8Rcm6SpzY1akQverxicVYUeu7/9jgQqR8Xs3Ut/T7E0IIIYQQQghpetrFYf74V1Zis8s2dCFZC2GplsMn2V8Xw6eO5stl8xOLaPX3J4QQQgghhBDSGnTIF0P9qzh1chXAUjhj3gddfJqE6tjgQmRMXYQfXmgDjhTTZt199levOTxSMK7T6u9PCCGEEEIIIaS5afe56OLVrshIPPU4gDCTnLRUPeSHF9r0bLSPuZ3P/qZ7kmboW/39CSGEEEIIIYQ0Pu36+DubiLWKRjG7iysn189PLJay3yXUr5MQs//xA9M4fmA6cNvX3fDlv638/oQQQgghhBBCWoKwAuDi1S5MznU6e811vDLJoz1mx/m0gjfh/mdf2QwAOP6VFafzfau/PyGEEEIIIYSQ5qaiBSBRj3gS07xSxjmpQ37q/ZVjqvN9HK3+/oQQQgghhBBCCCGEEEIIIYQQQgghhBBCCCGEEEIIIYQQQgghhBBCCCGEEEIIIYQQQgghhBBCCCGEEEIIIYQQQgghhBBCCCGEEEIIIYQQQgghhBBCCCGEEEIIIYQQQgghhBBCCCGEEEIIIYQQQgghhBBCCCGEEEIIIYQQQgghhBBCCCGEEEIIIYQQQgghhBBCCCGEEEIIIYQQQgghhBBCCCGEEEIIIYQQQgghhBBCCCGEkCaiLfWdzxwpVhz74YU26zX6OUIIIYQQQgghhNSNjlR3PXOkiNEenDqaDw+dfrnbeOmpk0vBeRwpMghACCGEEEIIIYSsD/EBAFOmXxH/F6/+/+3dT2hc65Ug8CPHeqRtuv1n2upBZhYZNViboMyAENp4YwhoE68CvTWISSDb3mUzs+hdtoF0EHj7ICtnIwi8jTbGGJpXZFOG57zNWBCb2CoGm2CR1ixufbe+e+ve+qM/paeq3w8eT1V1654reXXOd77z3YjOwVLrCv+b98tx/+5x7D75OPsiwEV2IOiAAAAA4AqZqAMgreJHVFf637xfHv3Fr14s7cfWycbD5Vi9cxw7jz/H/oyLABfSgaADAgAAgCumuQCQrVxvPKwudO8++Rh7TyPePFiO/Vf3ijfXIyLGr4jfv3scEV9M/nSTrLKPceYOhMvugKjHV0QAAADgFIYLAI+2TspV6+ersXrnXew9X42IiI2Vo9hc+xQbD09i/9W9ygp4bBf/e/n6ykSy/QAAH31JREFURnTe3u6/OUheDz+M6RZokXcfREy5kj5pB8KYJPvCOyCmia+TAAAAgFOoFgAebZ3sPP4cEYPktli1r9pc+5Ql+bWkv9srOgK6veL1+q2IOIrVO8enKgK8fH0jNtc+la/PMkugsQMhK3hE9BP8WXZAnCa+IgAAAABTGuoAuH/3ON68X64m691exPqtMslPCfne89XY3T4s3k8Jf//6lLh23kZ03t6OzkGvXwzoTT4cb/1WdA560Xm7WnYfRBRJcWeSJLi/Vz/iqLX4kJLvl69vlDFTZ8MsOiBOG3+i3x8AAAD6BgWA/kp0Pfkvks/e0Bc3Vo6i8/Z2mZwWiXaUyX9K1jfXPhVJcRRJceowiIjYfzZmHsCv/7CUigV58WFz7VN0DpqH7lWKC+mZIlo7EF6+vhGrd47L++88eBcRs+uAOHX8tt8fAAAAGlQ6API97Z23twcr3NsRe0+jklDnKtPwYzU6b4skNd0vLwakOPvPviju99WIp0vJfEsHQmsnwfqt2Fg5ioiiSDGyAyGK1fzo9srV+Jl2QJw2/vqtiNQFYFAgAAAAYwxtAUj72vM29IiI3SeHsfc0ohO3B6vweZEgsjb2bi9ie9D2fvhhuZL8l379h/ZEtWzfj2py3bfx8KSyCp+32+fbBcZ1IHQOliIiJeez74A4U/zuUvXvlP8tFAEAAADINB8D2JcS+mI1va/bi73uzaGj8PLPY/1WvHlfJLp5keDN++VytTsiiuS1KVHtJ7VTdSD09+DvPZ+yAyE9c/+7qQV/Zh0QZ4nff12JnwoSAAAAkBkuAPRb0avD7AqVafXPi+TzzfviiLtyIn5/tfrww3Ll+3nyX7bHH7QvUs+kA6GyT78w0w6Ii4oPAAAANZUCQJF89oYSyZS81lf6X64UA+zu3z2O3e3D4gi7vnrxoLR+KzbX+teOWP2P+HghHQhlYWJ98JW2FfQrG1/7PwAAADXXKwPk+ivS9eQ9rVpX3+/1B+wNEtjdJx+LBLbbq7a3Z6vhqcV9lN3twwvpQEjv5TMCkjLeBXZAXET8lPwPrs22V+QUBQAAABba9TIxfLR1kk+uj4ihFeaNlaPoHCzFxsOTWH1wHPfv9tvU08p/SvqzvelvHiyXyWy+0j3KhXYgZPeLqK3KX+H4m2ufBvHrgwEbhigCAACwWCpbAC5q5b/z9nblfPu01aDNbJ8jBtfNU/z8vlb/AQAAFt61xne7vdjdPoz7d4vV5VFt+yk5razup6n2T2+WSev9u8fD59uPM4Pn2Fg5it3tw2IwYX3K/hWJ//L1jepwwVr8oe0AAAAALJzBynB/C0B9b3qusrrcT1Z3HryL+3eP4+XrG5VJ92Vbe381PO3rj4jB+y1DAGf6HDE8hK9pj/5Vib/3fHV46GD9tAUdAQAAAAun0gGQJ51pGn1aXX7zfnmQqGYT6JukPekbK0dlgjp0/N2IJHSmzxHte+6vYvyNlaPyuvt3j8uZDbF+a7jDAAAAgIUxtAUgJY+5ww9Z635L0ru59in2nq9Wvr9657h6hN0UZvkcTQP7rlr8fGvF/qt7cfjhfP4dAAAAmA/FEMBHWye7Tz4O7dGvt6q3TarPf84n2jftWS8+axkAeInPkZ9UcOXid3sRK8OdBPuv7kWsR0SMP3oRAACA+VZ2AAwN6Ou3p6f96xsrR2UiW090c/Xj/sr97xO67Oe4qvE7B0vFf1mRYKhDwYkAAAAAC6s8BjBPOtPqdEo6dx5/jvt3j2ufD/8cEa1t6ZNO/7+s50jfv5Lx14fvV48/svMCAACAuVcWANLguTR0LtZvFcfQPflYXvzm/XLsPHhXtJb3V6bT52n6fL5vvZ4UV14/2jppWo2e+XNk6tP45yU+AAAAXM9f7D29WVlNTknl0HF22UpySjR3tw/LI+wiojz2Lrfz4F1xnxjdDj/T5+hfkyfY8xa/jAMAAMDCKgsA9RXjtBqdhtOV72fJ6P6re7H/rFccMxeD5LPQT077CXDnbcTqnXdj98JfxnPsPP7cGHuu4iePtk7Kn80DAAAAWBiNMwCSetIZUbSY7zx4F/fvHhdt6HEvIo6KdvSI6op3ubL9sUxUKxq2Acz0Ofrt9Wlffdv+/LmJvz0oGEwzmBEAAICr73rju91evFwZHEtXl/aZp8S1c7A0aFnvJ7XJy9c3YnPtU9y/e1ysTD+9GbtPPhYr1OOS0Fk8R6xGSsznNv76rXj5+qQav3tzOB4AAABzqywAlFPi+yvHm2uH5UC+phXoUfKBdBFHg3PsD5YGe91bjqSb+XP0VbsT5i3+rfL7Kb72fwAAgMVybeid9VvlALk375crZ81HRLmqnN5PZ9Ln0v7z3e3DasK6Xk1ER5rhc+w9vRm724eD/558nO/4AAAALJxBAaA7GFbXeXs79p6vxv6zLyIiO7auYaJ9XWpVH3UM3eqd49bPLuM58tX4l69vlInzvMcHAABgcQxmAPQTyiJx7A+ri3vROehFrPff3454+fokOm9vR+ft7dhc+1S0rvf3ne9uH7au7qfk9eXrG6MLADN+jtYp+1kCPS/xB/c3ABAAAGDRfC8iIr5983/iH/7xf8c/fj/+4//+ffzTzb/G/bvH8U83/xrfLN2N6PbiP/56L/72+W+xufYp/vb5b/Hnj8W1GytH8V9v/jX+/PH78T//2/+Lww/L8eeP34+b3zsuf/7zx+9HRJGYHn5Yjr//u/+Mb159r4ibu4Tn+Ie/+8/GvfXzGD8iWmcvAAAAMN+qpwD0W8v3X92rTJfP1ZPVNKG+8/b2YNW524tOVBPatKLdeXs7Vu8M71e/rOdI95lkyv48xAcAAGAxVQsA6ei4fH95et3tRazEULKa9qvXpWtSEhsxGFhXTLwf0YY+o+c4/LAcm2ufJpuyPwfxAQAAWFyDVvBHWyexfmsoSY1I58vne/MHyerGytFw0trtxc7jz+XK9d7z1dh58C4OPyxXB9k1taLP8Dk2Vo5ic+1TNUb/HvMa3xYAAACAxXS96c00OT6tTG+uRew9jTL5zCfL54ls+mw/7sX+s15sPFyO1TvHsfPgXey/ulceazepWT1HJXHOOg/mMn73i/Y/OAAAAHPrWuVVtxd7T29GRAytJu8++RjR7RWJ5at7Q/vP956vxpv3y3H/bpFo5u37+R72iYoAM3iO5OXrG7G7fVj+l+RH8c1zfAAAABZDpQMgnUefWtVTEppWljcenpSD+er2nq/G4Yci8cwTzcMP059Df9HPkSfN+f77iIh8+8G8xgcAAGDxFAWAR1snO48/R8SgrbxptXhz7VMleS2H1nV7sfGweWV/9c5xmXymNvVWM3qOJN1j9c5x+fPOg3fzH/8XPz6JX//BHAAAAIAFci1+8eOTiCLRfPN+uZqkdotJ/ZWj5aLWnt4dTPNP16VrO29vx/6zLyrXtU65n/Fz5IpTCaI8cm+u4wMAALCQluLR1snuk49l0tk2kC6fWN+WSOZD6CIajrVLSWo6zi6fRn+Zz9H/eXf7sJJ8V04smMf4TgMAAABYGOUMgDzpLveWb1enztfVh9Z13t6OzbVPDdPr+5PpHyzH/rPRU+hn/hzZPdOe+4gi+V6I+AAAACyEaxHFfvN60r33fDX2nq+WU+fT5ymJzJPOsi29v7J8+KFYxX75+kblWLqIaE1ivyvPkSbrz318AAAAFsr1pjdTIlkZ2NftxV73ZmVKfb4fPbWpv3lfDPHLk9ihtv7Ugv5o62RUG/qFP0df0/F7cx3/YEn7PwAAwIKpHgO4fdi4tzwdyxcRsfe8WLl+8345Vu8clwPsIgarzvn386S33Ju+3U90GwbizfQ5Mvkk/d0nH+c6froGAACAxXE9opi8v7FyNEjK14sPOwdLsbk2uDi1jw+uK5LQ3e3DePNgOe7fPSy/F+u3Yu/pzcGX16O6N70+BDDp9uLlyo3KWylZrq90v1y5Eat3ivPud7cPK/FGTbzPk++mVflKnHmL3/Z3BwAAYK6VHQCba59ic+1T7MVqZaU+VyaaqU29XwTIh9e9fH2jv1L9Md48yJLbrGBQOeIuotgKEFEOpqsnr6nwUH2/2A/feTtood998nGoOBHdXsT2YEU8Peeb98vZqnkMHaM3l/H7hZmI0VsvAAAAmD/X4qsXS5WV+qiuUKdk/+XrG/Hm/XK8eb882LOe7UNvcv/ucWyufSr2sK8PWtabbDw8GR6M1+3F7vZh3L9brHKn5Llp60C6b+V5+tftPb1ZJs/37x5XjtrbWDmK3e3D6eI3uCrxAQAAWEzXImK4XT+iTPZzaap8+k5T8r+59in2nq9Wvr9657g6yK7B5tqn4n7rt8qkON/zHjHoQKisbsfw4LzdJx9jd/swdh5/HiTWWdEg70DIp+pPHD+5gvHH/TsAAAAwn67lL/aerxb7+fsr1ClRTXvPi5bz242T6tPP6fXhh6LFPb92UjPrQOgnxW177ucxPgAAAIupKAD8+g/lfvC8PT0iyiQ17ePfWDmq7PdP6vv68+Pn8u83atiGMMsOhKb2+LmOv36rnLsAAADAYrhef2O4Pb1XJu87jz/H/bvHtc+Hf46o7kXP7zk0ADBT70BI98w7EOqx6h0IeZx0XdPe+fpxeOnYvTx+/b7zEn9j5Sg6XTMAAQAAFknRAfCLH59EFEl7Og2gTDL7+8d3n3wsk/8375erA/n6w+rKafT9JLZ5en3LEXVfvViKbm/4WLxZdCBkLqUDYlbxo+VvDwAAwNy7Hr/48UlK8JO9pzcj1gcXpc8qyXm3F/kKdj6Ffu/56qDlPD+Srm/nwbvY737R+EBNHQKz6EBI37+sDohZxQcAAGAxXU+JZUTzEX0pkUwt6uX7WVFg/9W92H/WKybOx6AIUOgXCfqFgM7biM7B6JXwztvbRZv629uVDoQkdSDsv7pXrpCnz/NtBPn96vdvkifN5fPPbfzx3QgAAADMj+sRUa4qt60U15P/iCLR3Hnwrjyffj/uRcRRkZRGVFf+ywT2Y1EwiHsTtcMnF9GBcPhhOTox2GYw6w6Iy4wPAADA4imHADat/ke3Fy9XbgztJ0/SanMqIHQOlgaJa3b2fERRRNhc+1RcO03yfwEdCKt33lX25M+6A+LS4uf/BwAAYKGUBYBy5T4iInplwrq5dlieS9/UCTBK3pYecTR03v0o9Un359qBkK7pFylm3gFxafEHBQOFAAAAgMUydAxgsvHwpNirv12dNl8mjvW28toK8+6TarJbn+o/UkpeL6gDYXf7MPae3ozdJx9jL1YjJeZNzzG38bs3h+MBAAAwt65H1FrPu0UreT4obih5b9hTvvHwpOwU2Hu+Gm/eF23towbbjZLOqk/HEkacXwdC52Cpsuc+YrYdEN+F+PHVi6WJbwQAAMCV19oBkCuT+O3+gLpaISCtLqefk8MPRQdA+f1Ttp2fWwdC6ixYj2hdde+7kA6Iy46fPpf8AwAALJzrEfXV54H69PmIqOwrj6gm/3vPV/tJbnHPNIl+mr3/TSrJa8tE+4k6EGJ1kChvD747sw6Iy45fDgYEAABg0VyLr14s1VeP6wP4UvKf9qLnSWVl5b+WoKdV787BUtF2PoX0DJWkNS8+NOxvL5+j7/DD8nDS27/H3tObEw/DS79z2bZ/VeMb/AcAALCwBlsAssF7EUXSmVamUzKeEv+956ux8/hd7L8a3Chfsc4LBGmI3cbK0aAIMGkimhUTUjdB5+3tynOeqgMhfX/Mc1xYB8RlxwcAAGDhXI9HWydtHx5+WK4k/2lP+c6Dd5W9/WWCuX6r+dz6bi860S8QTDAAMCLKGBHV5L8sQvSn2I/tQIhqAaOpDX7/2ReRihf59ZXf7arG7/ai07XlHwAAYNFVhwC2JOb1I+haZwa0JP+N+/YnGERXJv4HS5XiwjQdCBExOHLv6c3IE+2IGOy3v6AOiMuO39iBAQAAwMK5HhGVI+nevF+O/WfF9Pl8JbptYn1Te/nQ0LpTWr1zXKyO95P/U3UgZK3y6ZpKYSEGRw7WnUsHxGXHjxjuwIitEycBAAAALJZr8dWLpb2nN4da08uEP0viDz8sDx03V1f5XsMe/tKIrQcREffvHpc/n7oDoTx2r/8c/RX2lBin1ff6XIG2+165+BEjT04AAABgcVyvv3H/7nHE+r2IeHfqm7ataEfE4Ji7CdrRy8F3ccoOhOx5SinRXhm8VSbY2+fcAXHZ8U39BwAAoO9a/qLsApgycawnvPXXuY2HIxf+h7+brV5P1YHQYufBu9h98rHSft80mO/MHRCXHX9cBwYAAAALpSwAnDZBrCfs+ap9fu/8us7B0kRDAFMb/bikuile2/t5+3y+Up62Qey/unfmlvnvanwAAAAW17XxlxRt5vlAuvz9iChXo6dN1KfRVFhIRnUg1JPh3e3DynOnEwZ2Hn8eu7p+FeMDAABARMMMgDatSWV+fN2DETe4oP3ok3Qg5Ndsrn1qvM/9u8ex++Q4Ij7GXvfmXMUfdGCYCQAAALCoKh0A07aOT7TSvH7rVOfPTzJcb5IOhKbvTLtCfpYOiMuODwAAABETbgFoNU3L+kUdRZd3IDTYefAudh68K04fqE/jT//PvtuWRE/UAfEdjF+5DgAAgIV1pgLAzuPPxd71uhmdPT/JSvr+sy8ionjWUZ0IL1/fiDfvl0fOGriK8U/bgQEAAMB8aS0AjExEu70y8d9/9sXIZP9CJ9KP6kDI3ssn74/Ttkf/ysWv6/8bOSEAAABgMQ0NAWzae1+Xkv9pVqvrfvSDf/73r7/95menvkFEbDw8iYgYXuHOE+JsQOHO488jk/Fitf6LieNXiiDftfgz6MAAAADg6phuC0C3Vybdhx+WyyPs2uSrzennczmiLutAGPkM2fupWLHz4F3jpZ2Dpdh4eDJZcWPSDojLjh9W/AEAAChMVACoJ+37r+4NEu9ub2wL/Hnbefy5cSr+KK374PvPufP4c6zeOR5eTW+JHzFdB8RlxwcAAGCxlQWAlEyPmja/8fBk+PMZtppvrByVyX96pmni5wlzvhKf7jk2oZ6yA+Ky419YBwYAAABXztAMgEZZ4pleT5v4F4nn6bsCVu8cR0QMVv4nPf6uwfBxfEUyntrw66v1TR0Q3/n43V7EytSPBgAAwJyaagZA0+rxxspRtTgw5vqJY7W0zE/cgZDez4oVnYOlyhC+vJV+7FF503ZAXHZ8AAAAyExUAGhM8Gt7/1MyeyZfvVhqWtFOSfNpW/+b7L+6N/ke+nPogLjs+Fr/AQAAFtvEHQBlApmSz2xVO+L8BtL96E9/+e0014/qQCi1JMzl3IO0l3791siV+Gk7IC47vqQfAACAZHwBYNxKc5a0XmQRYGjq/zl3ILQdzxcxmw6ImcXv9qYusgAAAHD1TTUDoNWIletK58B5OGMHQmUAX/ZM5d78loLHeXVAXHZ8yT8AAMBiuhbRTwq7vdaW8aHksyWZH9lyflHD6kZ1IDS03k/dFn+WDojLjg8AAAB959MBcI6+/vabn039pTF75yfS7VVX5+ckfl68sfoPAACwuCYvADQNsht1Dv0Zpa6EIaftQDiDc+mAuOT4kn8AAIDF1lwAqCf6Eyb5E69gj2lrT10AP/rTX37bWgjg1E7VZQEAAMCVdi2iISFsW3k/LxMk9BMlqefRgdByRN9E181DfAAAABZC2QFw6pX2lIROmpxOEePrb7/52TSr1afeQ9/X2kJ/3h0Q39H4AAAAzK/r6Yevv/3mZ/Hf/8v/OvcIteQ17UWftg39ovbXT+yiTjGYcXzt/wAAAIupOgPgqxdL595S3pC4Tp2Ejnqutg6EaaR7n2cHxCXHNzsBAACA3PXxl/Sdw173M0+iv8gTByLi64vogLjs+N1exFcvlr4+9xsDAABwlQwXAL56sRSPtk46b2/HxspReb58nryfJlE9bet/5bki4kc/+Od/P0uiPGqf/I/+9Jfffh1xoUWAc4s/QTGk/JtP+GwAAADMr/YOgG4vOt2lxo/aEtXBPv1epa39PM+gP/Wsgv7zpMLGab9/aucc/6wFGQAAABZLcwEgW21v++JQAtqyD75y3SUOoPvRn/7y2/ScnRg/UPAiOiDOKz4AAABMq3mJf0L1AkFKjJuS1XNP/h9tnVRe58WHKVfL6897qmtmHH/o+lr8M2+5AAAAYK6cqQAQMbpLIOJiE9AUu0yYUxKcJeBDyfW33/wsf+am52v6nerfq3w2Rfy2mG1xJ9EUXwEAAACA3JkLALmhjoAZJJ+VZH5EB8JFPs9QIaK/hWIWytjffvOzsitihvEBAAC4GuYmURy1em4VHAAAAAAAAAAAAAAAAAAAAAAAAAAAAAAAAAAAgPNRHAP4aOtk42FxhPzm2qfYe3ozNh6eROft7Yhub/BzRES3FxERO48/R0TE/rMvItZvRXR7sfP4cxx+WI7OwVLxXkRsrBwNXqd7HSw1n1X/aOukcl0/fnnf/uv8mogo7td/pjJ+kj1bRMT+q3uDz2r3yr+38/hzcW3T71+/57Mvvnvx+3//1jhNf38AAADm1rX6Gy9f3xj7pZR4Hn5YPv8nmkSW/A4lu7ns/fSsOw/eNV7aOViKjYcnk/1u9eT7uxo/igIMAAAADBUARspW3RtXmmvy5DP9XK5kn0GlI2BClVX5XNbRsHrnuFxNHxc/YroCyGXHBwAAYLFNVACoJ9r7r+5V2vpTElvR9N4ov/n9ybhLNlaOyuS/jDGiAFGXJ8z5Sny659iEesoCyGXHv6gCDAAAAFdPWQBIiWFrgljfi55MkQCfxeqd41i9c1yu/I8tQIxQaYvPnj+14dedqgBy2fGnLcAAAAAw1ybbApCtPKfX0yb+I1eef/P7k9j6YfX6lpb5iQsQ6f3sWTsHS5UhfHkrfWuLfjJtAeSy448zQccFAAAA82OqGQBNSfzGylHjqnXb9SP96svGleuUNJ+29b/J/qt7k++hP4cCyGXH1/oPAACw2CYqADQm+LXW87SaPbX66v+vvpzq66MKEKWWhLnc9pDa6ddvjVyJn7YActnxJf0AAAAkE3cADJ1Dn7W1R5xxIv2LPxb/JQ1FgKGp/+dVgEjfbzmeL+KCCyCzjt/tTV1kAQAA4OobXwAY12qerVqfqgjw858MlrxTISAvBtSdsQBRGcCXJdDl3vyW3/e8CiCXHT9+9eXovy8AAABzaaoZAK1GtK5XEtdxtn44+O8UsYeS4IbW+6nb4s9SALns+KPkhRcAAADmXlEA+OrFUnR7rcnp0OpzSzI/MrkdlcimZPS0K9Nj9s5PpNurrs7PSfzKv53WfwAAgIV1Ph0A5yEvArz4Y8RPf9lcaDhtAeIMzqUActnxf/rL8dsrAAAAmFuTFwCaJtmPSEbHajqH/uc/Waq0pv/0l+2FAE5P+z8AAMDCKQoA9WS8nuhPmIBP3MKe7t9UBIgYLgSMus9ZiwMtR/RNdN1Viz/p3xUAAIC5c70xCe/2IlZq702SpE7i139YikdbJ9E256+tKDCBU++h72ttoT/vAshlxf/N708UAAAAABbTtTIhPG2rfVqFnnR1+tHWIMHPk9Hf/P6kTP7z0wD6JwJc1P76iZ1XAeSy4qeTFc5QYAEAAODqKrYAXOSqcL0IkPb1141qT//Vl+3FibYCxGme8TwLIJcdv6mgkwoqigAAAAALpzoE8CIG7rUlxm3J/s9/shT/4wdLjRPru72LGQjYVpSYlYuIn1b868f/pb+pIgAAAMBCuV7+lBLG37VceR7D7lKS25b8NyWlKWHNk9h//ZdTP0bjPvn0u8cvI373b6e+90zjT/Lvkf5m9UKKOQAAAAALZ1AAePHHIhH91ZcR//ov0Xl7OzZWjqJz0M8Vz5qA/+rL6upzUxJafy8vCJz1/Pp+wpx+r0ZbP7zYAsh5xh/375H/vST8AAAAC684BWCrYSR/txedbkve2C8S1A0G9fWq+9pTsrr1w+EW9FHJ6aiCwLTSM3d70YnaQMGG4sKFFEDOK37T9og6ST8AAACZIkmsJ9ZNBYGIQdJZ/zwlxGm/f75ane9tP0tSmj/j1g+Hk/B81sC0q+X5Mzbdu36PpvucNf7Pf7JUFmMmiZ8XAH73b8Px2wYtAgAAsJDaE8JpV9vzxLVp6Fxu2kR0XIFi0gLEebmo+Om+aTvGpJri51sucvWjFxUFAAAAFsLkw/jqUuI47trzSjAn6VJoKkAk0+6JP68CyKTxU7xx3RdNcZNJCjASfgAAgIU0eTLYlhBPkrCeZsV/0pMCxsU/TcI7TQFk3HemiT8q7rh4+d/hPLouAAAAmCunS44nXaW+6KTztEMBz7MocJmJ9WkKFQAAACyksyeHTUnoRSSds9pqcNbniBi/Wi8pBwAAYMYkomc1TRfCRc1DuKg4AAAAzA2J4rSm2acPAAAAAAAAAAAAAAAAAAAAAAAAAAAAAAAAAAAAAAAAAAAAAAAAAAAAAAAAAAAAAAAAAAAAAAAAAAAAAAAAAAAAAAAAAAAAAAAAAAAAAAAAAAAAAAAAAAAAAAAAAAAAAAAAAAAAAAAAAAAAAAAAAAAAAAAAAAAAAAAAAAAAAAAAAAAAAAAAAAAAAAAAAAAAAAAAAAAAAAAAAAAAAAAAAAAAAAAAAAAAAAAAAAAAAAAAAAAAAAAAAAAAAAAAAAAAAAAAAAAAAAAAAAAAAAAAAAAAAAAAAAAAAAAAAAAAAAAAAAAAAAAAAAAAAAAAAAAAAAAAAAAAAAAAAAAAAAAAAAAAAAAAAAAAAAAAAN9Z/x/TXVQOCyCRgAAAAABJRU5ErkJggg==</ImportTexture>
</Tiled2Unity>